4/9/2024 3:56:34 PM:DBManager:connection_data:Object reference not set to an instance of an object.
4/9/2024 3:56:34 PM:DBManager:connection_data:Object reference not set to an instance of an object.
4/9/2024 3:56:34 PM:DBManager:connection_data:Object reference not set to an instance of an object.
4/9/2024 3:56:34 PM:DBManager:connection_data:Object reference not set to an instance of an object.
4/9/2024 3:56:34 PM:DBManager:connection_data:Object reference not set to an instance of an object.
4/9/2024 3:56:34 PM:DBManager:connection_data:Object reference not set to an instance of an object.
4/9/2024 3:56:34 PM:DBManager:connection_data:Object reference not set to an instance of an object.
4/9/2024 3:56:34 PM:DBManager:connection_data:Object reference not set to an instance of an object.
4/9/2024 3:56:34 PM:DBManager:connection_data:Object reference not set to an instance of an object.
4/9/2024 3:56:34 PM:DBManager:connection_data:Object reference not set to an instance of an object.
4/9/2024 3:56:34 PM:DBManager:connection_data:Object reference not set to an instance of an object.
4/9/2024 3:56:34 PM:DBManager:connection_data:Object reference not set to an instance of an object.
4/9/2024 3:56:34 PM:DBManager:connection_data:Object reference not set to an instance of an object.
4/9/2024 3:56:34 PM:DBManager:connection_data:Object reference not set to an instance of an object.
4/9/2024 3:56:34 PM:DBManager:connection_data:Object reference not set to an instance of an object.
4/9/2024 3:56:34 PM:DBManager:connection_data:Object reference not set to an instance of an object.
4/9/2024 3:56:34 PM:DBManager:connection_data:Object reference not set to an instance of an object.
4/9/2024 3:56:34 PM:DBManager:connection_data:Object reference not set to an instance of an object.
4/9/2024 3:56:34 PM:DBManager:connection_data:Object reference not set to an instance of an object.
4/9/2024 3:56:34 PM:DBManager:connection_data:Object reference not set to an instance of an object.
4/9/2024 3:56:34 PM:DBManager:connection_data:Object reference not set to an instance of an object.
4/9/2024 3:56:34 PM:DBManager:connection_data:Object reference not set to an instance of an object.
4/9/2024 3:56:34 PM:DBManager:connection_data:Object reference not set to an instance of an object.
4/9/2024 3:56:34 PM:DBManager:connection_data:Object reference not set to an instance of an object.
4/9/2024 3:56:34 PM:DBManager:connection_data:Object reference not set to an instance of an object.
4/9/2024 3:56:34 PM:DBManager:connection_data:Object reference not set to an instance of an object.
4/9/2024 3:56:34 PM:DBManager:connection_data:Object reference not set to an instance of an object.
4/9/2024 3:56:34 PM:DBManager:connection_data:Object reference not set to an instance of an object.
4/9/2024 3:56:34 PM:DBManager:connection_data:Object reference not set to an instance of an object.
4/9/2024 3:56:34 PM:DBManager:connection_data:Object reference not set to an instance of an object.
4/9/2024 3:56:34 PM:DBManager:connection_data:Object reference not set to an instance of an object.
4/9/2024 3:56:34 PM:DBManager:connection_data:Object reference not set to an instance of an object.
4/9/2024 3:56:34 PM:DBManager:connection_data:Object reference not set to an instance of an object.
4/9/2024 3:56:34 PM:DBManager:connection_data:Object reference not set to an instance of an object.
4/9/2024 3:56:34 PM:DBManager:connection_data:Object reference not set to an instance of an object.
4/9/2024 3:56:34 PM:DBManager:connection_data:Object reference not set to an instance of an object.
4/9/2024 3:56:34 PM:DBManager:connection_data:Object reference not set to an instance of an object.
4/9/2024 3:56:34 PM:DBManager:connection_data:Object reference not set to an instance of an object.
4/9/2024 3:56:34 PM:DBManager:connection_data:Object reference not set to an instance of an object.
4/9/2024 3:56:34 PM:DBManager:connection_data:Object reference not set to an instance of an object.
4/9/2024 3:56:34 PM:DBManager:connection_data:Object reference not set to an instance of an object.
4/9/2024 3:56:34 PM:DBManager:connection_data:Object reference not set to an instance of an object.
4/9/2024 3:56:34 PM:DBManager:connection_data:Object reference not set to an instance of an object.
4/9/2024 3:56:34 PM:DBManager:connection_data:Object reference not set to an instance of an object.
4/9/2024 3:56:34 PM:DBManager:connection_data:Object reference not set to an instance of an object.
4/9/2024 3:56:34 PM:DBManager:connection_data:Object reference not set to an instance of an object.
4/9/2024 3:56:34 PM:DBManager:connection_data:Object reference not set to an instance of an object.
4/9/2024 3:56:34 PM:DBManager:connection_data:Object reference not set to an instance of an object.
4/9/2024 3:56:34 PM:DBManager:connection_data:Object reference not set to an instance of an object.
4/9/2024 3:56:34 PM:DBManager:connection_data:Object reference not set to an instance of an object.
4/9/2024 3:56:34 PM:DBManager:connection_data:Object reference not set to an instance of an object.
4/9/2024 3:56:34 PM:DBManager:connection_data:Object reference not set to an instance of an object.
4/9/2024 3:56:34 PM:DBManager:connection_data:Object reference not set to an instance of an object.
4/9/2024 3:56:34 PM:DBManager:connection_data:Object reference not set to an instance of an object.
4/9/2024 3:56:34 PM:DBManager:connection_data:Object reference not set to an instance of an object.
4/9/2024 3:56:34 PM:DBManager:connection_data:Object reference not set to an instance of an object.
4/9/2024 3:56:34 PM:DBManager:connection_data:Object reference not set to an instance of an object.
4/9/2024 3:56:34 PM:DBManager:connection_data:Object reference not set to an instance of an object.
4/9/2024 3:56:34 PM:DBManager:connection_data:Object reference not set to an instance of an object.
4/9/2024 3:56:34 PM:DBManager:connection_data:Object reference not set to an instance of an object.
4/9/2024 3:56:34 PM:DBManager:connection_data:Object reference not set to an instance of an object.
4/9/2024 3:56:34 PM:DBManager:connection_data:Object reference not set to an instance of an object.
4/9/2024 3:56:34 PM:DBManager:connection_data:Object reference not set to an instance of an object.
4/9/2024 3:56:34 PM:DBManager:connection_data:Object reference not set to an instance of an object.
4/9/2024 3:56:34 PM:DBManager:connection_data:Object reference not set to an instance of an object.
4/9/2024 3:56:34 PM:DBManager:connection_data:Object reference not set to an instance of an object.
4/9/2024 3:56:34 PM:DBManager:connection_data:Object reference not set to an instance of an object.
4/9/2024 3:56:34 PM:DBManager:connection_data:Object reference not set to an instance of an object.
4/9/2024 3:56:34 PM:DBManager:connection_data:Object reference not set to an instance of an object.
4/9/2024 3:56:34 PM:DBManager:connection_data:Object reference not set to an instance of an object.
4/9/2024 3:56:34 PM:DBManager:connection_data:Object reference not set to an instance of an object.
4/9/2024 3:56:34 PM:DBManager:connection_data:Object reference not set to an instance of an object.
4/9/2024 3:56:34 PM:DBManager:connection_data:Object reference not set to an instance of an object.
4/9/2024 3:56:34 PM:DBManager:connection_data:Object reference not set to an instance of an object.
4/9/2024 3:56:34 PM:DBManager:connection_data:Object reference not set to an instance of an object.
4/9/2024 3:56:34 PM:DBManager:connection_data:Object reference not set to an instance of an object.
4/9/2024 3:56:34 PM:DBManager:connection_data:Object reference not set to an instance of an object.
4/9/2024 3:56:34 PM:DBManager:connection_data:Object reference not set to an instance of an object.
4/9/2024 3:56:34 PM:DBManager:connection_data:Object reference not set to an instance of an object.
4/9/2024 3:56:34 PM:DBManager:connection_data:Object reference not set to an instance of an object.
09/04/2024 3:56:36 PM:MasterPage:Page_Init:Thread was being aborted.
4/9/2024 3:56:36 PM:DBManager:connection_data:Object reference not set to an instance of an object.
4/9/2024 3:56:36 PM:DBManager:connection_data:Object reference not set to an instance of an object.
4/9/2024 3:56:36 PM:DBManager:connection_data:Object reference not set to an instance of an object.
09/04/2024 3:56:36 PM:SignIn:btnLogIn_Click:test
4/9/2024 3:59:37 PM:DBManager:connection_data:Object reference not set to an instance of an object.
4/9/2024 3:59:37 PM:DBManager:connection_data:Object reference not set to an instance of an object.
4/9/2024 3:59:37 PM:DBManager:connection_data:Object reference not set to an instance of an object.
09/04/2024 3:59:37 PM:SignIn:btnLogIn_Click:test
09/04/2024 3:59:37 PM:SignIn:btnLogIn_Click4:
09/04/2024 3:59:37 PM:SignIn:btnLogIn_Click5:
09/04/2024 3:59:37 PM:SignIn:btnLogIn_Click7:
09/04/2024 3:59:38 PM:SignIn:btnLogIn_Click8:
09/04/2024 3:59:38 PM:ClsDataccess:Getdatatable:The ConnectionString property has not been initialized.
4/9/2024 3:59:38 PM:DBManager:connection_data:Object reference not set to an instance of an object.
4/9/2024 3:59:38 PM:DBManager:connection_data:Object reference not set to an instance of an object.
4/9/2024 3:59:38 PM:DBManager:connection_data:Object reference not set to an instance of an object.
4/9/2024 3:59:38 PM:DBManager:connection_data:Object reference not set to an instance of an object.
4/9/2024 3:59:38 PM:DBManager:connection_data:Object reference not set to an instance of an object.
4/9/2024 3:59:38 PM:DBManager:connection_data:Object reference not set to an instance of an object.
4/9/2024 3:59:38 PM:DBManager:connection_data:Object reference not set to an instance of an object.
4/9/2024 3:59:38 PM:DBManager:connection_data:Object reference not set to an instance of an object.
4/9/2024 3:59:38 PM:DBManager:connection_data:Object reference not set to an instance of an object.
4/9/2024 3:59:38 PM:DBManager:connection_data:Object reference not set to an instance of an object.
4/9/2024 3:59:38 PM:DBManager:connection_data:Object reference not set to an instance of an object.
4/9/2024 3:59:38 PM:DBManager:connection_data:Object reference not set to an instance of an object.
4/9/2024 3:59:38 PM:DBManager:connection_data:Object reference not set to an instance of an object.
4/9/2024 3:59:38 PM:DBManager:connection_data:Object reference not set to an instance of an object.
4/9/2024 3:59:38 PM:DBManager:connection_data:Object reference not set to an instance of an object.
4/9/2024 3:59:38 PM:DBManager:connection_data:Object reference not set to an instance of an object.
4/9/2024 3:59:38 PM:DBManager:connection_data:Object reference not set to an instance of an object.
4/9/2024 3:59:38 PM:DBManager:connection_data:Object reference not set to an instance of an object.
4/9/2024 3:59:38 PM:DBManager:connection_data:Object reference not set to an instance of an object.
4/9/2024 3:59:38 PM:DBManager:connection_data:Object reference not set to an instance of an object.
4/9/2024 3:59:38 PM:DBManager:connection_data:Object reference not set to an instance of an object.
4/9/2024 3:59:38 PM:DBManager:connection_data:Object reference not set to an instance of an object.
4/9/2024 3:59:38 PM:DBManager:connection_data:Object reference not set to an instance of an object.
4/9/2024 3:59:38 PM:DBManager:connection_data:Object reference not set to an instance of an object.
4/9/2024 3:59:38 PM:DBManager:connection_data:Object reference not set to an instance of an object.
4/9/2024 3:59:38 PM:DBManager:connection_data:Object reference not set to an instance of an object.
4/9/2024 3:59:38 PM:DBManager:connection_data:Object reference not set to an instance of an object.
4/9/2024 3:59:38 PM:DBManager:connection_data:Object reference not set to an instance of an object.
4/9/2024 3:59:38 PM:DBManager:connection_data:Object reference not set to an instance of an object.
4/9/2024 3:59:38 PM:DBManager:connection_data:Object reference not set to an instance of an object.
4/9/2024 3:59:38 PM:DBManager:connection_data:Object reference not set to an instance of an object.
4/9/2024 3:59:38 PM:DBManager:connection_data:Object reference not set to an instance of an object.
4/9/2024 3:59:38 PM:DBManager:connection_data:Object reference not set to an instance of an object.
4/9/2024 3:59:38 PM:DBManager:connection_data:Object reference not set to an instance of an object.
4/9/2024 3:59:38 PM:DBManager:connection_data:Object reference not set to an instance of an object.
4/9/2024 3:59:38 PM:DBManager:connection_data:Object reference not set to an instance of an object.
4/9/2024 3:59:38 PM:DBManager:connection_data:Object reference not set to an instance of an object.
4/9/2024 3:59:38 PM:DBManager:connection_data:Object reference not set to an instance of an object.
4/9/2024 3:59:38 PM:DBManager:connection_data:Object reference not set to an instance of an object.
4/9/2024 3:59:38 PM:DBManager:connection_data:Object reference not set to an instance of an object.
4/9/2024 3:59:38 PM:DBManager:connection_data:Object reference not set to an instance of an object.
4/9/2024 3:59:38 PM:DBManager:connection_data:Object reference not set to an instance of an object.
4/9/2024 3:59:38 PM:DBManager:connection_data:Object reference not set to an instance of an object.
4/9/2024 3:59:38 PM:DBManager:connection_data:Object reference not set to an instance of an object.
4/9/2024 3:59:38 PM:DBManager:connection_data:Object reference not set to an instance of an object.
4/9/2024 3:59:38 PM:DBManager:connection_data:Object reference not set to an instance of an object.
4/9/2024 3:59:38 PM:DBManager:connection_data:Object reference not set to an instance of an object.
4/9/2024 3:59:38 PM:DBManager:connection_data:Object reference not set to an instance of an object.
4/9/2024 3:59:38 PM:DBManager:connection_data:Object reference not set to an instance of an object.
4/9/2024 3:59:38 PM:DBManager:connection_data:Object reference not set to an instance of an object.
4/9/2024 3:59:38 PM:DBManager:connection_data:Object reference not set to an instance of an object.
4/9/2024 3:59:38 PM:DBManager:connection_data:Object reference not set to an instance of an object.
4/9/2024 3:59:38 PM:DBManager:connection_data:Object reference not set to an instance of an object.
4/9/2024 3:59:38 PM:DBManager:connection_data:Object reference not set to an instance of an object.
4/9/2024 3:59:38 PM:DBManager:connection_data:Object reference not set to an instance of an object.
4/9/2024 3:59:38 PM:DBManager:connection_data:Object reference not set to an instance of an object.
4/9/2024 3:59:38 PM:DBManager:connection_data:Object reference not set to an instance of an object.
4/9/2024 3:59:38 PM:DBManager:connection_data:Object reference not set to an instance of an object.
4/9/2024 3:59:38 PM:DBManager:connection_data:Object reference not set to an instance of an object.
4/9/2024 3:59:38 PM:DBManager:connection_data:Object reference not set to an instance of an object.
4/9/2024 3:59:38 PM:DBManager:connection_data:Object reference not set to an instance of an object.
4/9/2024 3:59:38 PM:DBManager:connection_data:Object reference not set to an instance of an object.
4/9/2024 3:59:38 PM:DBManager:connection_data:Object reference not set to an instance of an object.
4/9/2024 3:59:38 PM:DBManager:connection_data:Object reference not set to an instance of an object.
4/9/2024 3:59:38 PM:DBManager:connection_data:Object reference not set to an instance of an object.
4/9/2024 3:59:38 PM:DBManager:connection_data:Object reference not set to an instance of an object.
4/9/2024 3:59:38 PM:DBManager:connection_data:Object reference not set to an instance of an object.
4/9/2024 3:59:38 PM:DBManager:connection_data:Object reference not set to an instance of an object.
4/9/2024 3:59:38 PM:DBManager:connection_data:Object reference not set to an instance of an object.
4/9/2024 3:59:38 PM:DBManager:connection_data:Object reference not set to an instance of an object.
4/9/2024 3:59:38 PM:DBManager:connection_data:Object reference not set to an instance of an object.
4/9/2024 3:59:38 PM:DBManager:connection_data:Object reference not set to an instance of an object.
4/9/2024 3:59:38 PM:DBManager:connection_data:Object reference not set to an instance of an object.
4/9/2024 3:59:38 PM:DBManager:connection_data:Object reference not set to an instance of an object.
4/9/2024 3:59:38 PM:DBManager:connection_data:Object reference not set to an instance of an object.
4/9/2024 3:59:38 PM:DBManager:connection_data:Object reference not set to an instance of an object.
4/9/2024 3:59:38 PM:DBManager:connection_data:Object reference not set to an instance of an object.
4/9/2024 3:59:40 PM:DBManager:connection_data:Object reference not set to an instance of an object.
4/9/2024 3:59:40 PM:DBManager:connection_data:Object reference not set to an instance of an object.
4/9/2024 3:59:40 PM:DBManager:connection_data:Object reference not set to an instance of an object.
4/9/2024 3:59:40 PM:DBManager:connection_data:Object reference not set to an instance of an object.
4/9/2024 3:59:40 PM:DBManager:connection_data:Object reference not set to an instance of an object.
4/9/2024 3:59:40 PM:DBManager:connection_data:Object reference not set to an instance of an object.
4/9/2024 3:59:40 PM:DBManager:connection_data:Object reference not set to an instance of an object.
4/9/2024 3:59:40 PM:DBManager:connection_data:Object reference not set to an instance of an object.
4/9/2024 3:59:40 PM:DBManager:connection_data:Object reference not set to an instance of an object.
4/9/2024 3:59:40 PM:DBManager:connection_data:Object reference not set to an instance of an object.
4/9/2024 3:59:40 PM:DBManager:connection_data:Object reference not set to an instance of an object.
4/9/2024 3:59:40 PM:DBManager:connection_data:Object reference not set to an instance of an object.
4/9/2024 3:59:40 PM:DBManager:connection_data:Object reference not set to an instance of an object.
4/9/2024 3:59:40 PM:DBManager:connection_data:Object reference not set to an instance of an object.
4/9/2024 3:59:40 PM:DBManager:connection_data:Object reference not set to an instance of an object.
4/9/2024 3:59:40 PM:DBManager:connection_data:Object reference not set to an instance of an object.
4/9/2024 3:59:40 PM:DBManager:connection_data:Object reference not set to an instance of an object.
4/9/2024 3:59:40 PM:DBManager:connection_data:Object reference not set to an instance of an object.
4/9/2024 3:59:40 PM:DBManager:connection_data:Object reference not set to an instance of an object.
4/9/2024 3:59:40 PM:DBManager:connection_data:Object reference not set to an instance of an object.
4/9/2024 3:59:40 PM:DBManager:connection_data:Object reference not set to an instance of an object.
4/9/2024 3:59:40 PM:DBManager:connection_data:Object reference not set to an instance of an object.
4/9/2024 3:59:40 PM:DBManager:connection_data:Object reference not set to an instance of an object.
4/9/2024 3:59:40 PM:DBManager:connection_data:Object reference not set to an instance of an object.
4/9/2024 3:59:40 PM:DBManager:connection_data:Object reference not set to an instance of an object.
4/9/2024 3:59:40 PM:DBManager:connection_data:Object reference not set to an instance of an object.
4/9/2024 3:59:40 PM:DBManager:connection_data:Object reference not set to an instance of an object.
4/9/2024 3:59:40 PM:DBManager:connection_data:Object reference not set to an instance of an object.
4/9/2024 3:59:40 PM:DBManager:connection_data:Object reference not set to an instance of an object.
4/9/2024 3:59:40 PM:DBManager:connection_data:Object reference not set to an instance of an object.
4/9/2024 3:59:40 PM:DBManager:connection_data:Object reference not set to an instance of an object.
4/9/2024 3:59:40 PM:DBManager:connection_data:Object reference not set to an instance of an object.
4/9/2024 3:59:40 PM:DBManager:connection_data:Object reference not set to an instance of an object.
4/9/2024 3:59:40 PM:DBManager:connection_data:Object reference not set to an instance of an object.
4/9/2024 3:59:40 PM:DBManager:connection_data:Object reference not set to an instance of an object.
4/9/2024 3:59:40 PM:DBManager:connection_data:Object reference not set to an instance of an object.
4/9/2024 3:59:40 PM:DBManager:connection_data:Object reference not set to an instance of an object.
4/9/2024 3:59:40 PM:DBManager:connection_data:Object reference not set to an instance of an object.
4/9/2024 3:59:40 PM:DBManager:connection_data:Object reference not set to an instance of an object.
4/9/2024 3:59:40 PM:DBManager:connection_data:Object reference not set to an instance of an object.
4/9/2024 3:59:40 PM:DBManager:connection_data:Object reference not set to an instance of an object.
4/9/2024 3:59:40 PM:DBManager:connection_data:Object reference not set to an instance of an object.
4/9/2024 3:59:40 PM:DBManager:connection_data:Object reference not set to an instance of an object.
4/9/2024 3:59:40 PM:DBManager:connection_data:Object reference not set to an instance of an object.
4/9/2024 3:59:40 PM:DBManager:connection_data:Object reference not set to an instance of an object.
4/9/2024 3:59:40 PM:DBManager:connection_data:Object reference not set to an instance of an object.
4/9/2024 3:59:40 PM:DBManager:connection_data:Object reference not set to an instance of an object.
4/9/2024 3:59:40 PM:DBManager:connection_data:Object reference not set to an instance of an object.
4/9/2024 3:59:40 PM:DBManager:connection_data:Object reference not set to an instance of an object.
4/9/2024 3:59:40 PM:DBManager:connection_data:Object reference not set to an instance of an object.
4/9/2024 3:59:40 PM:DBManager:connection_data:Object reference not set to an instance of an object.
4/9/2024 3:59:40 PM:DBManager:connection_data:Object reference not set to an instance of an object.
4/9/2024 3:59:40 PM:DBManager:connection_data:Object reference not set to an instance of an object.
4/9/2024 3:59:40 PM:DBManager:connection_data:Object reference not set to an instance of an object.
4/9/2024 3:59:40 PM:DBManager:connection_data:Object reference not set to an instance of an object.
4/9/2024 3:59:40 PM:DBManager:connection_data:Object reference not set to an instance of an object.
4/9/2024 3:59:40 PM:DBManager:connection_data:Object reference not set to an instance of an object.
4/9/2024 3:59:40 PM:DBManager:connection_data:Object reference not set to an instance of an object.
4/9/2024 3:59:40 PM:DBManager:connection_data:Object reference not set to an instance of an object.
4/9/2024 3:59:40 PM:DBManager:connection_data:Object reference not set to an instance of an object.
4/9/2024 3:59:40 PM:DBManager:connection_data:Object reference not set to an instance of an object.
4/9/2024 3:59:40 PM:DBManager:connection_data:Object reference not set to an instance of an object.
4/9/2024 3:59:40 PM:DBManager:connection_data:Object reference not set to an instance of an object.
4/9/2024 3:59:40 PM:DBManager:connection_data:Object reference not set to an instance of an object.
4/9/2024 3:59:40 PM:DBManager:connection_data:Object reference not set to an instance of an object.
4/9/2024 3:59:40 PM:DBManager:connection_data:Object reference not set to an instance of an object.
4/9/2024 3:59:40 PM:DBManager:connection_data:Object reference not set to an instance of an object.
4/9/2024 3:59:40 PM:DBManager:connection_data:Object reference not set to an instance of an object.
4/9/2024 3:59:40 PM:DBManager:connection_data:Object reference not set to an instance of an object.
4/9/2024 3:59:40 PM:DBManager:connection_data:Object reference not set to an instance of an object.
4/9/2024 3:59:40 PM:DBManager:connection_data:Object reference not set to an instance of an object.
4/9/2024 3:59:40 PM:DBManager:connection_data:Object reference not set to an instance of an object.
4/9/2024 3:59:40 PM:DBManager:connection_data:Object reference not set to an instance of an object.
4/9/2024 3:59:40 PM:DBManager:connection_data:Object reference not set to an instance of an object.
4/9/2024 3:59:40 PM:DBManager:connection_data:Object reference not set to an instance of an object.
4/9/2024 3:59:40 PM:DBManager:connection_data:Object reference not set to an instance of an object.
4/9/2024 3:59:40 PM:DBManager:connection_data:Object reference not set to an instance of an object.
4/9/2024 3:59:45 PM:DBManager:connection_data:Object reference not set to an instance of an object.
4/9/2024 3:59:45 PM:DBManager:connection_data:Object reference not set to an instance of an object.
4/9/2024 3:59:45 PM:DBManager:connection_data:Object reference not set to an instance of an object.
4/9/2024 3:59:45 PM:DBManager:connection_data:Object reference not set to an instance of an object.
4/9/2024 3:59:45 PM:DBManager:connection_data:Object reference not set to an instance of an object.
4/9/2024 3:59:45 PM:DBManager:connection_data:Object reference not set to an instance of an object.
4/9/2024 3:59:45 PM:DBManager:connection_data:Object reference not set to an instance of an object.
4/9/2024 3:59:45 PM:DBManager:connection_data:Object reference not set to an instance of an object.
4/9/2024 3:59:45 PM:DBManager:connection_data:Object reference not set to an instance of an object.
4/9/2024 3:59:45 PM:DBManager:connection_data:Object reference not set to an instance of an object.
4/9/2024 3:59:45 PM:DBManager:connection_data:Object reference not set to an instance of an object.
4/9/2024 3:59:45 PM:DBManager:connection_data:Object reference not set to an instance of an object.
4/9/2024 3:59:45 PM:DBManager:connection_data:Object reference not set to an instance of an object.
4/9/2024 3:59:45 PM:DBManager:connection_data:Object reference not set to an instance of an object.
4/9/2024 3:59:45 PM:DBManager:connection_data:Object reference not set to an instance of an object.
4/9/2024 3:59:45 PM:DBManager:connection_data:Object reference not set to an instance of an object.
4/9/2024 3:59:45 PM:DBManager:connection_data:Object reference not set to an instance of an object.
4/9/2024 3:59:45 PM:DBManager:connection_data:Object reference not set to an instance of an object.
4/9/2024 3:59:45 PM:DBManager:connection_data:Object reference not set to an instance of an object.
4/9/2024 3:59:45 PM:DBManager:connection_data:Object reference not set to an instance of an object.
4/9/2024 3:59:45 PM:DBManager:connection_data:Object reference not set to an instance of an object.
4/9/2024 3:59:45 PM:DBManager:connection_data:Object reference not set to an instance of an object.
4/9/2024 3:59:45 PM:DBManager:connection_data:Object reference not set to an instance of an object.
4/9/2024 3:59:45 PM:DBManager:connection_data:Object reference not set to an instance of an object.
4/9/2024 3:59:45 PM:DBManager:connection_data:Object reference not set to an instance of an object.
4/9/2024 3:59:45 PM:DBManager:connection_data:Object reference not set to an instance of an object.
4/9/2024 3:59:45 PM:DBManager:connection_data:Object reference not set to an instance of an object.
4/9/2024 3:59:45 PM:DBManager:connection_data:Object reference not set to an instance of an object.
4/9/2024 3:59:45 PM:DBManager:connection_data:Object reference not set to an instance of an object.
4/9/2024 3:59:45 PM:DBManager:connection_data:Object reference not set to an instance of an object.
4/9/2024 3:59:45 PM:DBManager:connection_data:Object reference not set to an instance of an object.
4/9/2024 3:59:45 PM:DBManager:connection_data:Object reference not set to an instance of an object.
4/9/2024 3:59:45 PM:DBManager:connection_data:Object reference not set to an instance of an object.
4/9/2024 3:59:45 PM:DBManager:connection_data:Object reference not set to an instance of an object.
4/9/2024 3:59:45 PM:DBManager:connection_data:Object reference not set to an instance of an object.
4/9/2024 3:59:45 PM:DBManager:connection_data:Object reference not set to an instance of an object.
4/9/2024 3:59:45 PM:DBManager:connection_data:Object reference not set to an instance of an object.
4/9/2024 3:59:45 PM:DBManager:connection_data:Object reference not set to an instance of an object.
4/9/2024 3:59:45 PM:DBManager:connection_data:Object reference not set to an instance of an object.
4/9/2024 3:59:45 PM:DBManager:connection_data:Object reference not set to an instance of an object.
4/9/2024 3:59:45 PM:DBManager:connection_data:Object reference not set to an instance of an object.
4/9/2024 3:59:45 PM:DBManager:connection_data:Object reference not set to an instance of an object.
4/9/2024 3:59:45 PM:DBManager:connection_data:Object reference not set to an instance of an object.
4/9/2024 3:59:45 PM:DBManager:connection_data:Object reference not set to an instance of an object.
4/9/2024 3:59:45 PM:DBManager:connection_data:Object reference not set to an instance of an object.
4/9/2024 3:59:45 PM:DBManager:connection_data:Object reference not set to an instance of an object.
4/9/2024 3:59:45 PM:DBManager:connection_data:Object reference not set to an instance of an object.
4/9/2024 3:59:45 PM:DBManager:connection_data:Object reference not set to an instance of an object.
4/9/2024 3:59:45 PM:DBManager:connection_data:Object reference not set to an instance of an object.
4/9/2024 3:59:45 PM:DBManager:connection_data:Object reference not set to an instance of an object.
4/9/2024 3:59:45 PM:DBManager:connection_data:Object reference not set to an instance of an object.
4/9/2024 3:59:45 PM:DBManager:connection_data:Object reference not set to an instance of an object.
4/9/2024 3:59:45 PM:DBManager:connection_data:Object reference not set to an instance of an object.
4/9/2024 3:59:45 PM:DBManager:connection_data:Object reference not set to an instance of an object.
4/9/2024 3:59:45 PM:DBManager:connection_data:Object reference not set to an instance of an object.
4/9/2024 3:59:45 PM:DBManager:connection_data:Object reference not set to an instance of an object.
4/9/2024 3:59:45 PM:DBManager:connection_data:Object reference not set to an instance of an object.
4/9/2024 3:59:45 PM:DBManager:connection_data:Object reference not set to an instance of an object.
4/9/2024 3:59:45 PM:DBManager:connection_data:Object reference not set to an instance of an object.
4/9/2024 3:59:45 PM:DBManager:connection_data:Object reference not set to an instance of an object.
4/9/2024 3:59:45 PM:DBManager:connection_data:Object reference not set to an instance of an object.
4/9/2024 3:59:45 PM:DBManager:connection_data:Object reference not set to an instance of an object.
4/9/2024 3:59:45 PM:DBManager:connection_data:Object reference not set to an instance of an object.
4/9/2024 3:59:45 PM:DBManager:connection_data:Object reference not set to an instance of an object.
4/9/2024 3:59:45 PM:DBManager:connection_data:Object reference not set to an instance of an object.
4/9/2024 3:59:45 PM:DBManager:connection_data:Object reference not set to an instance of an object.
4/9/2024 3:59:45 PM:DBManager:connection_data:Object reference not set to an instance of an object.
4/9/2024 3:59:45 PM:DBManager:connection_data:Object reference not set to an instance of an object.
4/9/2024 3:59:45 PM:DBManager:connection_data:Object reference not set to an instance of an object.
4/9/2024 3:59:45 PM:DBManager:connection_data:Object reference not set to an instance of an object.
4/9/2024 3:59:45 PM:DBManager:connection_data:Object reference not set to an instance of an object.
4/9/2024 3:59:45 PM:DBManager:connection_data:Object reference not set to an instance of an object.
4/9/2024 3:59:45 PM:DBManager:connection_data:Object reference not set to an instance of an object.
4/9/2024 3:59:45 PM:DBManager:connection_data:Object reference not set to an instance of an object.
4/9/2024 3:59:45 PM:DBManager:connection_data:Object reference not set to an instance of an object.
4/9/2024 3:59:45 PM:DBManager:connection_data:Object reference not set to an instance of an object.
4/9/2024 3:59:45 PM:DBManager:connection_data:Object reference not set to an instance of an object.
4/9/2024 3:59:45 PM:DBManager:connection_data:Object reference not set to an instance of an object.
4/9/2024 3:59:45 PM:DBManager:connection_data:Object reference not set to an instance of an object.
4/9/2024 3:59:45 PM:DBManager:connection_data:Object reference not set to an instance of an object.
4/9/2024 3:59:45 PM:DBManager:connection_data:Object reference not set to an instance of an object.
4/9/2024 3:59:48 PM:DBManager:connection_data:Object reference not set to an instance of an object.
4/9/2024 3:59:48 PM:DBManager:connection_data:Object reference not set to an instance of an object.
4/9/2024 3:59:48 PM:DBManager:connection_data:Object reference not set to an instance of an object.
4/9/2024 3:59:48 PM:DBManager:connection_data:Object reference not set to an instance of an object.
4/9/2024 3:59:48 PM:DBManager:connection_data:Object reference not set to an instance of an object.
4/9/2024 3:59:48 PM:DBManager:connection_data:Object reference not set to an instance of an object.
4/9/2024 3:59:48 PM:DBManager:connection_data:Object reference not set to an instance of an object.
4/9/2024 3:59:48 PM:DBManager:connection_data:Object reference not set to an instance of an object.
4/9/2024 3:59:48 PM:DBManager:connection_data:Object reference not set to an instance of an object.
4/9/2024 3:59:48 PM:DBManager:connection_data:Object reference not set to an instance of an object.
4/9/2024 3:59:48 PM:DBManager:connection_data:Object reference not set to an instance of an object.
4/9/2024 3:59:48 PM:DBManager:connection_data:Object reference not set to an instance of an object.
4/9/2024 3:59:48 PM:DBManager:connection_data:Object reference not set to an instance of an object.
4/9/2024 3:59:48 PM:DBManager:connection_data:Object reference not set to an instance of an object.
4/9/2024 3:59:48 PM:DBManager:connection_data:Object reference not set to an instance of an object.
4/9/2024 3:59:48 PM:DBManager:connection_data:Object reference not set to an instance of an object.
4/9/2024 3:59:48 PM:DBManager:connection_data:Object reference not set to an instance of an object.
4/9/2024 3:59:48 PM:DBManager:connection_data:Object reference not set to an instance of an object.
4/9/2024 3:59:48 PM:DBManager:connection_data:Object reference not set to an instance of an object.
4/9/2024 3:59:48 PM:DBManager:connection_data:Object reference not set to an instance of an object.
4/9/2024 3:59:48 PM:DBManager:connection_data:Object reference not set to an instance of an object.
4/9/2024 3:59:48 PM:DBManager:connection_data:Object reference not set to an instance of an object.
4/9/2024 3:59:48 PM:DBManager:connection_data:Object reference not set to an instance of an object.
4/9/2024 3:59:48 PM:DBManager:connection_data:Object reference not set to an instance of an object.
4/9/2024 3:59:48 PM:DBManager:connection_data:Object reference not set to an instance of an object.
4/9/2024 3:59:48 PM:DBManager:connection_data:Object reference not set to an instance of an object.
4/9/2024 3:59:48 PM:DBManager:connection_data:Object reference not set to an instance of an object.
4/9/2024 3:59:48 PM:DBManager:connection_data:Object reference not set to an instance of an object.
4/9/2024 3:59:48 PM:DBManager:connection_data:Object reference not set to an instance of an object.
4/9/2024 3:59:48 PM:DBManager:connection_data:Object reference not set to an instance of an object.
4/9/2024 3:59:48 PM:DBManager:connection_data:Object reference not set to an instance of an object.
4/9/2024 3:59:48 PM:DBManager:connection_data:Object reference not set to an instance of an object.
4/9/2024 3:59:48 PM:DBManager:connection_data:Object reference not set to an instance of an object.
4/9/2024 3:59:48 PM:DBManager:connection_data:Object reference not set to an instance of an object.
4/9/2024 3:59:48 PM:DBManager:connection_data:Object reference not set to an instance of an object.
4/9/2024 3:59:48 PM:DBManager:connection_data:Object reference not set to an instance of an object.
4/9/2024 3:59:48 PM:DBManager:connection_data:Object reference not set to an instance of an object.
4/9/2024 3:59:48 PM:DBManager:connection_data:Object reference not set to an instance of an object.
4/9/2024 3:59:48 PM:DBManager:connection_data:Object reference not set to an instance of an object.
4/9/2024 3:59:48 PM:DBManager:connection_data:Object reference not set to an instance of an object.
4/9/2024 3:59:48 PM:DBManager:connection_data:Object reference not set to an instance of an object.
4/9/2024 3:59:48 PM:DBManager:connection_data:Object reference not set to an instance of an object.
4/9/2024 3:59:48 PM:DBManager:connection_data:Object reference not set to an instance of an object.
4/9/2024 3:59:48 PM:DBManager:connection_data:Object reference not set to an instance of an object.
4/9/2024 3:59:48 PM:DBManager:connection_data:Object reference not set to an instance of an object.
4/9/2024 3:59:48 PM:DBManager:connection_data:Object reference not set to an instance of an object.
4/9/2024 3:59:48 PM:DBManager:connection_data:Object reference not set to an instance of an object.
4/9/2024 3:59:48 PM:DBManager:connection_data:Object reference not set to an instance of an object.
4/9/2024 3:59:48 PM:DBManager:connection_data:Object reference not set to an instance of an object.
4/9/2024 3:59:48 PM:DBManager:connection_data:Object reference not set to an instance of an object.
4/9/2024 3:59:48 PM:DBManager:connection_data:Object reference not set to an instance of an object.
4/9/2024 3:59:48 PM:DBManager:connection_data:Object reference not set to an instance of an object.
4/9/2024 3:59:48 PM:DBManager:connection_data:Object reference not set to an instance of an object.
4/9/2024 3:59:48 PM:DBManager:connection_data:Object reference not set to an instance of an object.
4/9/2024 3:59:48 PM:DBManager:connection_data:Object reference not set to an instance of an object.
4/9/2024 3:59:48 PM:DBManager:connection_data:Object reference not set to an instance of an object.
4/9/2024 3:59:48 PM:DBManager:connection_data:Object reference not set to an instance of an object.
4/9/2024 3:59:48 PM:DBManager:connection_data:Object reference not set to an instance of an object.
4/9/2024 3:59:48 PM:DBManager:connection_data:Object reference not set to an instance of an object.
4/9/2024 3:59:48 PM:DBManager:connection_data:Object reference not set to an instance of an object.
4/9/2024 3:59:48 PM:DBManager:connection_data:Object reference not set to an instance of an object.
4/9/2024 3:59:48 PM:DBManager:connection_data:Object reference not set to an instance of an object.
4/9/2024 3:59:48 PM:DBManager:connection_data:Object reference not set to an instance of an object.
4/9/2024 3:59:48 PM:DBManager:connection_data:Object reference not set to an instance of an object.
4/9/2024 3:59:48 PM:DBManager:connection_data:Object reference not set to an instance of an object.
4/9/2024 3:59:48 PM:DBManager:connection_data:Object reference not set to an instance of an object.
4/9/2024 3:59:48 PM:DBManager:connection_data:Object reference not set to an instance of an object.
4/9/2024 3:59:48 PM:DBManager:connection_data:Object reference not set to an instance of an object.
4/9/2024 3:59:48 PM:DBManager:connection_data:Object reference not set to an instance of an object.
4/9/2024 3:59:48 PM:DBManager:connection_data:Object reference not set to an instance of an object.
4/9/2024 3:59:48 PM:DBManager:connection_data:Object reference not set to an instance of an object.
4/9/2024 3:59:48 PM:DBManager:connection_data:Object reference not set to an instance of an object.
4/9/2024 3:59:48 PM:DBManager:connection_data:Object reference not set to an instance of an object.
4/9/2024 3:59:48 PM:DBManager:connection_data:Object reference not set to an instance of an object.
4/9/2024 3:59:48 PM:DBManager:connection_data:Object reference not set to an instance of an object.
4/9/2024 3:59:48 PM:DBManager:connection_data:Object reference not set to an instance of an object.
4/9/2024 3:59:48 PM:DBManager:connection_data:Object reference not set to an instance of an object.
4/9/2024 3:59:48 PM:DBManager:connection_data:Object reference not set to an instance of an object.
4/9/2024 3:59:48 PM:DBManager:connection_data:Object reference not set to an instance of an object.
4/9/2024 3:59:48 PM:DBManager:connection_data:Object reference not set to an instance of an object.
4/9/2024 3:59:48 PM:DBManager:connection_data:Object reference not set to an instance of an object.
4/9/2024 3:59:54 PM:DBManager:connection_data:Object reference not set to an instance of an object.
4/9/2024 3:59:54 PM:DBManager:connection_data:Object reference not set to an instance of an object.
4/9/2024 3:59:54 PM:DBManager:connection_data:Object reference not set to an instance of an object.
4/9/2024 3:59:54 PM:DBManager:connection_data:Object reference not set to an instance of an object.
4/9/2024 3:59:54 PM:DBManager:connection_data:Object reference not set to an instance of an object.
4/9/2024 3:59:54 PM:DBManager:connection_data:Object reference not set to an instance of an object.
4/9/2024 3:59:54 PM:DBManager:connection_data:Object reference not set to an instance of an object.
4/9/2024 3:59:54 PM:DBManager:connection_data:Object reference not set to an instance of an object.
4/9/2024 3:59:54 PM:DBManager:connection_data:Object reference not set to an instance of an object.
4/9/2024 3:59:54 PM:DBManager:connection_data:Object reference not set to an instance of an object.
4/9/2024 3:59:54 PM:DBManager:connection_data:Object reference not set to an instance of an object.
4/9/2024 3:59:54 PM:DBManager:connection_data:Object reference not set to an instance of an object.
4/9/2024 3:59:54 PM:DBManager:connection_data:Object reference not set to an instance of an object.
4/9/2024 3:59:54 PM:DBManager:connection_data:Object reference not set to an instance of an object.
4/9/2024 3:59:54 PM:DBManager:connection_data:Object reference not set to an instance of an object.
4/9/2024 3:59:54 PM:DBManager:connection_data:Object reference not set to an instance of an object.
4/9/2024 3:59:54 PM:DBManager:connection_data:Object reference not set to an instance of an object.
4/9/2024 3:59:54 PM:DBManager:connection_data:Object reference not set to an instance of an object.
4/9/2024 3:59:54 PM:DBManager:connection_data:Object reference not set to an instance of an object.
4/9/2024 3:59:54 PM:DBManager:connection_data:Object reference not set to an instance of an object.
4/9/2024 3:59:54 PM:DBManager:connection_data:Object reference not set to an instance of an object.
4/9/2024 3:59:54 PM:DBManager:connection_data:Object reference not set to an instance of an object.
4/9/2024 3:59:54 PM:DBManager:connection_data:Object reference not set to an instance of an object.
4/9/2024 3:59:54 PM:DBManager:connection_data:Object reference not set to an instance of an object.
4/9/2024 3:59:54 PM:DBManager:connection_data:Object reference not set to an instance of an object.
4/9/2024 3:59:54 PM:DBManager:connection_data:Object reference not set to an instance of an object.
4/9/2024 3:59:54 PM:DBManager:connection_data:Object reference not set to an instance of an object.
4/9/2024 3:59:54 PM:DBManager:connection_data:Object reference not set to an instance of an object.
4/9/2024 3:59:54 PM:DBManager:connection_data:Object reference not set to an instance of an object.
4/9/2024 3:59:54 PM:DBManager:connection_data:Object reference not set to an instance of an object.
4/9/2024 3:59:54 PM:DBManager:connection_data:Object reference not set to an instance of an object.
4/9/2024 3:59:54 PM:DBManager:connection_data:Object reference not set to an instance of an object.
4/9/2024 3:59:54 PM:DBManager:connection_data:Object reference not set to an instance of an object.
4/9/2024 3:59:54 PM:DBManager:connection_data:Object reference not set to an instance of an object.
4/9/2024 3:59:54 PM:DBManager:connection_data:Object reference not set to an instance of an object.
4/9/2024 3:59:54 PM:DBManager:connection_data:Object reference not set to an instance of an object.
4/9/2024 3:59:54 PM:DBManager:connection_data:Object reference not set to an instance of an object.
4/9/2024 3:59:54 PM:DBManager:connection_data:Object reference not set to an instance of an object.
4/9/2024 3:59:54 PM:DBManager:connection_data:Object reference not set to an instance of an object.
4/9/2024 3:59:54 PM:DBManager:connection_data:Object reference not set to an instance of an object.
4/9/2024 3:59:54 PM:DBManager:connection_data:Object reference not set to an instance of an object.
4/9/2024 3:59:54 PM:DBManager:connection_data:Object reference not set to an instance of an object.
4/9/2024 3:59:54 PM:DBManager:connection_data:Object reference not set to an instance of an object.
4/9/2024 3:59:54 PM:DBManager:connection_data:Object reference not set to an instance of an object.
4/9/2024 3:59:54 PM:DBManager:connection_data:Object reference not set to an instance of an object.
4/9/2024 3:59:54 PM:DBManager:connection_data:Object reference not set to an instance of an object.
4/9/2024 3:59:54 PM:DBManager:connection_data:Object reference not set to an instance of an object.
4/9/2024 3:59:54 PM:DBManager:connection_data:Object reference not set to an instance of an object.
4/9/2024 3:59:54 PM:DBManager:connection_data:Object reference not set to an instance of an object.
4/9/2024 3:59:54 PM:DBManager:connection_data:Object reference not set to an instance of an object.
4/9/2024 3:59:54 PM:DBManager:connection_data:Object reference not set to an instance of an object.
4/9/2024 3:59:54 PM:DBManager:connection_data:Object reference not set to an instance of an object.
4/9/2024 3:59:54 PM:DBManager:connection_data:Object reference not set to an instance of an object.
4/9/2024 3:59:54 PM:DBManager:connection_data:Object reference not set to an instance of an object.
4/9/2024 3:59:54 PM:DBManager:connection_data:Object reference not set to an instance of an object.
4/9/2024 3:59:54 PM:DBManager:connection_data:Object reference not set to an instance of an object.
4/9/2024 3:59:54 PM:DBManager:connection_data:Object reference not set to an instance of an object.
4/9/2024 3:59:54 PM:DBManager:connection_data:Object reference not set to an instance of an object.
4/9/2024 3:59:54 PM:DBManager:connection_data:Object reference not set to an instance of an object.
4/9/2024 3:59:54 PM:DBManager:connection_data:Object reference not set to an instance of an object.
4/9/2024 3:59:54 PM:DBManager:connection_data:Object reference not set to an instance of an object.
4/9/2024 3:59:54 PM:DBManager:connection_data:Object reference not set to an instance of an object.
4/9/2024 3:59:54 PM:DBManager:connection_data:Object reference not set to an instance of an object.
4/9/2024 3:59:54 PM:DBManager:connection_data:Object reference not set to an instance of an object.
4/9/2024 3:59:54 PM:DBManager:connection_data:Object reference not set to an instance of an object.
4/9/2024 3:59:54 PM:DBManager:connection_data:Object reference not set to an instance of an object.
4/9/2024 3:59:54 PM:DBManager:connection_data:Object reference not set to an instance of an object.
4/9/2024 3:59:54 PM:DBManager:connection_data:Object reference not set to an instance of an object.
4/9/2024 3:59:54 PM:DBManager:connection_data:Object reference not set to an instance of an object.
4/9/2024 3:59:54 PM:DBManager:connection_data:Object reference not set to an instance of an object.
4/9/2024 3:59:54 PM:DBManager:connection_data:Object reference not set to an instance of an object.
4/9/2024 3:59:54 PM:DBManager:connection_data:Object reference not set to an instance of an object.
4/9/2024 3:59:54 PM:DBManager:connection_data:Object reference not set to an instance of an object.
4/9/2024 3:59:54 PM:DBManager:connection_data:Object reference not set to an instance of an object.
4/9/2024 3:59:54 PM:DBManager:connection_data:Object reference not set to an instance of an object.
4/9/2024 3:59:54 PM:DBManager:connection_data:Object reference not set to an instance of an object.
4/9/2024 3:59:54 PM:DBManager:connection_data:Object reference not set to an instance of an object.
4/9/2024 3:59:54 PM:DBManager:connection_data:Object reference not set to an instance of an object.
4/9/2024 3:59:54 PM:DBManager:connection_data:Object reference not set to an instance of an object.
4/9/2024 3:59:54 PM:DBManager:connection_data:Object reference not set to an instance of an object.
4/9/2024 3:59:54 PM:DBManager:connection_data:Object reference not set to an instance of an object.
4/9/2024 3:59:54 PM:DBManager:connection_data:Object reference not set to an instance of an object.
4/9/2024 3:59:54 PM:DBManager:connection_data:Object reference not set to an instance of an object.
4/9/2024 3:59:54 PM:DBManager:connection_data:Object reference not set to an instance of an object.
4/9/2024 3:59:54 PM:DBManager:connection_data:Object reference not set to an instance of an object.
4/9/2024 3:59:54 PM:DBManager:connection_data:Object reference not set to an instance of an object.
4/9/2024 3:59:54 PM:DBManager:connection_data:Object reference not set to an instance of an object.
4/9/2024 3:59:54 PM:DBManager:connection_data:Object reference not set to an instance of an object.
09/04/2024 3:59:54 PM:ClsSessionManager:CreateSessionDT:Conversion from type 'DataTable' to type 'String' is not valid.
4/9/2024 4:00:33 PM:DBManager:connection_data:Object reference not set to an instance of an object.
4/9/2024 4:00:33 PM:DBManager:connection_data:Object reference not set to an instance of an object.
4/9/2024 4:00:33 PM:DBManager:connection_data:Object reference not set to an instance of an object.
4/9/2024 4:00:33 PM:DBManager:connection_data:Object reference not set to an instance of an object.
4/9/2024 4:00:33 PM:DBManager:connection_data:Object reference not set to an instance of an object.
4/9/2024 4:00:33 PM:DBManager:connection_data:Object reference not set to an instance of an object.
4/9/2024 4:00:33 PM:DBManager:connection_data:Object reference not set to an instance of an object.
4/9/2024 4:00:33 PM:DBManager:connection_data:Object reference not set to an instance of an object.
4/9/2024 4:00:33 PM:DBManager:connection_data:Object reference not set to an instance of an object.
4/9/2024 4:00:33 PM:DBManager:connection_data:Object reference not set to an instance of an object.
4/9/2024 4:00:33 PM:DBManager:connection_data:Object reference not set to an instance of an object.
4/9/2024 4:00:33 PM:DBManager:connection_data:Object reference not set to an instance of an object.
4/9/2024 4:00:33 PM:DBManager:connection_data:Object reference not set to an instance of an object.
4/9/2024 4:00:33 PM:DBManager:connection_data:Object reference not set to an instance of an object.
4/9/2024 4:00:33 PM:DBManager:connection_data:Object reference not set to an instance of an object.
4/9/2024 4:00:33 PM:DBManager:connection_data:Object reference not set to an instance of an object.
4/9/2024 4:00:33 PM:DBManager:connection_data:Object reference not set to an instance of an object.
4/9/2024 4:00:33 PM:DBManager:connection_data:Object reference not set to an instance of an object.
4/9/2024 4:00:33 PM:DBManager:connection_data:Object reference not set to an instance of an object.
4/9/2024 4:00:33 PM:DBManager:connection_data:Object reference not set to an instance of an object.
4/9/2024 4:00:33 PM:DBManager:connection_data:Object reference not set to an instance of an object.
4/9/2024 4:00:33 PM:DBManager:connection_data:Object reference not set to an instance of an object.
4/9/2024 4:00:33 PM:DBManager:connection_data:Object reference not set to an instance of an object.
4/9/2024 4:00:33 PM:DBManager:connection_data:Object reference not set to an instance of an object.
4/9/2024 4:00:33 PM:DBManager:connection_data:Object reference not set to an instance of an object.
4/9/2024 4:00:33 PM:DBManager:connection_data:Object reference not set to an instance of an object.
4/9/2024 4:00:33 PM:DBManager:connection_data:Object reference not set to an instance of an object.
4/9/2024 4:00:33 PM:DBManager:connection_data:Object reference not set to an instance of an object.
4/9/2024 4:00:33 PM:DBManager:connection_data:Object reference not set to an instance of an object.
4/9/2024 4:00:33 PM:DBManager:connection_data:Object reference not set to an instance of an object.
4/9/2024 4:00:33 PM:DBManager:connection_data:Object reference not set to an instance of an object.
4/9/2024 4:00:33 PM:DBManager:connection_data:Object reference not set to an instance of an object.
4/9/2024 4:00:33 PM:DBManager:connection_data:Object reference not set to an instance of an object.
4/9/2024 4:00:33 PM:DBManager:connection_data:Object reference not set to an instance of an object.
4/9/2024 4:00:33 PM:DBManager:connection_data:Object reference not set to an instance of an object.
4/9/2024 4:00:33 PM:DBManager:connection_data:Object reference not set to an instance of an object.
4/9/2024 4:00:33 PM:DBManager:connection_data:Object reference not set to an instance of an object.
4/9/2024 4:00:33 PM:DBManager:connection_data:Object reference not set to an instance of an object.
4/9/2024 4:00:33 PM:DBManager:connection_data:Object reference not set to an instance of an object.
4/9/2024 4:00:33 PM:DBManager:connection_data:Object reference not set to an instance of an object.
4/9/2024 4:00:33 PM:DBManager:connection_data:Object reference not set to an instance of an object.
4/9/2024 4:00:33 PM:DBManager:connection_data:Object reference not set to an instance of an object.
4/9/2024 4:00:33 PM:DBManager:connection_data:Object reference not set to an instance of an object.
4/9/2024 4:00:33 PM:DBManager:connection_data:Object reference not set to an instance of an object.
4/9/2024 4:00:33 PM:DBManager:connection_data:Object reference not set to an instance of an object.
4/9/2024 4:00:33 PM:DBManager:connection_data:Object reference not set to an instance of an object.
4/9/2024 4:00:33 PM:DBManager:connection_data:Object reference not set to an instance of an object.
4/9/2024 4:00:33 PM:DBManager:connection_data:Object reference not set to an instance of an object.
4/9/2024 4:00:33 PM:DBManager:connection_data:Object reference not set to an instance of an object.
4/9/2024 4:00:33 PM:DBManager:connection_data:Object reference not set to an instance of an object.
4/9/2024 4:00:33 PM:DBManager:connection_data:Object reference not set to an instance of an object.
4/9/2024 4:00:33 PM:DBManager:connection_data:Object reference not set to an instance of an object.
4/9/2024 4:00:33 PM:DBManager:connection_data:Object reference not set to an instance of an object.
4/9/2024 4:00:33 PM:DBManager:connection_data:Object reference not set to an instance of an object.
4/9/2024 4:00:33 PM:DBManager:connection_data:Object reference not set to an instance of an object.
4/9/2024 4:00:33 PM:DBManager:connection_data:Object reference not set to an instance of an object.
4/9/2024 4:00:33 PM:DBManager:connection_data:Object reference not set to an instance of an object.
4/9/2024 4:00:33 PM:DBManager:connection_data:Object reference not set to an instance of an object.
4/9/2024 4:00:33 PM:DBManager:connection_data:Object reference not set to an instance of an object.
4/9/2024 4:00:33 PM:DBManager:connection_data:Object reference not set to an instance of an object.
4/9/2024 4:00:33 PM:DBManager:connection_data:Object reference not set to an instance of an object.
4/9/2024 4:00:33 PM:DBManager:connection_data:Object reference not set to an instance of an object.
4/9/2024 4:00:33 PM:DBManager:connection_data:Object reference not set to an instance of an object.
4/9/2024 4:00:33 PM:DBManager:connection_data:Object reference not set to an instance of an object.
4/9/2024 4:00:33 PM:DBManager:connection_data:Object reference not set to an instance of an object.
4/9/2024 4:00:33 PM:DBManager:connection_data:Object reference not set to an instance of an object.
4/9/2024 4:00:33 PM:DBManager:connection_data:Object reference not set to an instance of an object.
4/9/2024 4:00:33 PM:DBManager:connection_data:Object reference not set to an instance of an object.
4/9/2024 4:00:33 PM:DBManager:connection_data:Object reference not set to an instance of an object.
4/9/2024 4:00:33 PM:DBManager:connection_data:Object reference not set to an instance of an object.
4/9/2024 4:00:33 PM:DBManager:connection_data:Object reference not set to an instance of an object.
4/9/2024 4:00:33 PM:DBManager:connection_data:Object reference not set to an instance of an object.
4/9/2024 4:00:33 PM:DBManager:connection_data:Object reference not set to an instance of an object.
4/9/2024 4:00:33 PM:DBManager:connection_data:Object reference not set to an instance of an object.
4/9/2024 4:00:33 PM:DBManager:connection_data:Object reference not set to an instance of an object.
4/9/2024 4:00:33 PM:DBManager:connection_data:Object reference not set to an instance of an object.
4/9/2024 4:00:33 PM:DBManager:connection_data:Object reference not set to an instance of an object.
4/9/2024 4:00:34 PM:DBManager:connection_data:Object reference not set to an instance of an object.
4/9/2024 4:00:34 PM:DBManager:connection_data:Object reference not set to an instance of an object.
4/9/2024 4:00:34 PM:DBManager:connection_data:Object reference not set to an instance of an object.
4/9/2024 4:00:34 PM:DBManager:connection_data:Object reference not set to an instance of an object.
4/9/2024 4:00:34 PM:DBManager:connection_data:Object reference not set to an instance of an object.
4/9/2024 4:00:34 PM:DBManager:connection_data:Object reference not set to an instance of an object.
4/9/2024 4:00:34 PM:DBManager:connection_data:Object reference not set to an instance of an object.
4/9/2024 4:00:34 PM:DBManager:connection_data:Object reference not set to an instance of an object.
4/9/2024 4:00:34 PM:DBManager:connection_data:Object reference not set to an instance of an object.
4/9/2024 4:00:34 PM:DBManager:connection_data:Object reference not set to an instance of an object.
4/9/2024 4:00:34 PM:DBManager:connection_data:Object reference not set to an instance of an object.
4/9/2024 4:00:34 PM:DBManager:connection_data:Object reference not set to an instance of an object.
4/9/2024 4:00:34 PM:DBManager:connection_data:Object reference not set to an instance of an object.
4/9/2024 4:00:34 PM:DBManager:connection_data:Object reference not set to an instance of an object.
4/9/2024 4:00:34 PM:DBManager:connection_data:Object reference not set to an instance of an object.
4/9/2024 4:00:34 PM:DBManager:connection_data:Object reference not set to an instance of an object.
4/9/2024 4:00:34 PM:DBManager:connection_data:Object reference not set to an instance of an object.
4/9/2024 4:00:34 PM:DBManager:connection_data:Object reference not set to an instance of an object.
4/9/2024 4:00:34 PM:DBManager:connection_data:Object reference not set to an instance of an object.
4/9/2024 4:00:34 PM:DBManager:connection_data:Object reference not set to an instance of an object.
4/9/2024 4:00:34 PM:DBManager:connection_data:Object reference not set to an instance of an object.
4/9/2024 4:00:34 PM:DBManager:connection_data:Object reference not set to an instance of an object.
4/9/2024 4:00:34 PM:DBManager:connection_data:Object reference not set to an instance of an object.
4/9/2024 4:00:34 PM:DBManager:connection_data:Object reference not set to an instance of an object.
4/9/2024 4:00:34 PM:DBManager:connection_data:Object reference not set to an instance of an object.
4/9/2024 4:00:34 PM:DBManager:connection_data:Object reference not set to an instance of an object.
4/9/2024 4:00:34 PM:DBManager:connection_data:Object reference not set to an instance of an object.
4/9/2024 4:00:34 PM:DBManager:connection_data:Object reference not set to an instance of an object.
4/9/2024 4:00:34 PM:DBManager:connection_data:Object reference not set to an instance of an object.
4/9/2024 4:00:34 PM:DBManager:connection_data:Object reference not set to an instance of an object.
4/9/2024 4:00:34 PM:DBManager:connection_data:Object reference not set to an instance of an object.
4/9/2024 4:00:34 PM:DBManager:connection_data:Object reference not set to an instance of an object.
4/9/2024 4:00:34 PM:DBManager:connection_data:Object reference not set to an instance of an object.
4/9/2024 4:00:34 PM:DBManager:connection_data:Object reference not set to an instance of an object.
4/9/2024 4:00:34 PM:DBManager:connection_data:Object reference not set to an instance of an object.
4/9/2024 4:00:34 PM:DBManager:connection_data:Object reference not set to an instance of an object.
4/9/2024 4:00:34 PM:DBManager:connection_data:Object reference not set to an instance of an object.
4/9/2024 4:00:34 PM:DBManager:connection_data:Object reference not set to an instance of an object.
4/9/2024 4:00:34 PM:DBManager:connection_data:Object reference not set to an instance of an object.
4/9/2024 4:00:34 PM:DBManager:connection_data:Object reference not set to an instance of an object.
4/9/2024 4:00:34 PM:DBManager:connection_data:Object reference not set to an instance of an object.
4/9/2024 4:00:34 PM:DBManager:connection_data:Object reference not set to an instance of an object.
4/9/2024 4:00:34 PM:DBManager:connection_data:Object reference not set to an instance of an object.
4/9/2024 4:00:34 PM:DBManager:connection_data:Object reference not set to an instance of an object.
4/9/2024 4:00:34 PM:DBManager:connection_data:Object reference not set to an instance of an object.
4/9/2024 4:00:34 PM:DBManager:connection_data:Object reference not set to an instance of an object.
4/9/2024 4:00:34 PM:DBManager:connection_data:Object reference not set to an instance of an object.
4/9/2024 4:00:34 PM:DBManager:connection_data:Object reference not set to an instance of an object.
4/9/2024 4:00:34 PM:DBManager:connection_data:Object reference not set to an instance of an object.
4/9/2024 4:00:34 PM:DBManager:connection_data:Object reference not set to an instance of an object.
4/9/2024 4:00:34 PM:DBManager:connection_data:Object reference not set to an instance of an object.
4/9/2024 4:00:34 PM:DBManager:connection_data:Object reference not set to an instance of an object.
4/9/2024 4:00:34 PM:DBManager:connection_data:Object reference not set to an instance of an object.
4/9/2024 4:00:34 PM:DBManager:connection_data:Object reference not set to an instance of an object.
4/9/2024 4:00:34 PM:DBManager:connection_data:Object reference not set to an instance of an object.
4/9/2024 4:00:34 PM:DBManager:connection_data:Object reference not set to an instance of an object.
4/9/2024 4:00:34 PM:DBManager:connection_data:Object reference not set to an instance of an object.
4/9/2024 4:00:34 PM:DBManager:connection_data:Object reference not set to an instance of an object.
4/9/2024 4:00:34 PM:DBManager:connection_data:Object reference not set to an instance of an object.
4/9/2024 4:00:34 PM:DBManager:connection_data:Object reference not set to an instance of an object.
4/9/2024 4:00:34 PM:DBManager:connection_data:Object reference not set to an instance of an object.
4/9/2024 4:00:34 PM:DBManager:connection_data:Object reference not set to an instance of an object.
4/9/2024 4:00:34 PM:DBManager:connection_data:Object reference not set to an instance of an object.
4/9/2024 4:00:34 PM:DBManager:connection_data:Object reference not set to an instance of an object.
4/9/2024 4:00:34 PM:DBManager:connection_data:Object reference not set to an instance of an object.
4/9/2024 4:00:34 PM:DBManager:connection_data:Object reference not set to an instance of an object.
4/9/2024 4:00:34 PM:DBManager:connection_data:Object reference not set to an instance of an object.
4/9/2024 4:00:34 PM:DBManager:connection_data:Object reference not set to an instance of an object.
4/9/2024 4:00:34 PM:DBManager:connection_data:Object reference not set to an instance of an object.
4/9/2024 4:00:34 PM:DBManager:connection_data:Object reference not set to an instance of an object.
4/9/2024 4:00:34 PM:DBManager:connection_data:Object reference not set to an instance of an object.
4/9/2024 4:00:34 PM:DBManager:connection_data:Object reference not set to an instance of an object.
4/9/2024 4:00:34 PM:DBManager:connection_data:Object reference not set to an instance of an object.
4/9/2024 4:00:34 PM:DBManager:connection_data:Object reference not set to an instance of an object.
4/9/2024 4:00:34 PM:DBManager:connection_data:Object reference not set to an instance of an object.
4/9/2024 4:00:34 PM:DBManager:connection_data:Object reference not set to an instance of an object.
4/9/2024 4:00:34 PM:DBManager:connection_data:Object reference not set to an instance of an object.
4/9/2024 4:00:44 PM:DBManager:connection_data:Object reference not set to an instance of an object.
4/9/2024 4:00:44 PM:DBManager:connection_data:Object reference not set to an instance of an object.
4/9/2024 4:00:44 PM:DBManager:connection_data:Object reference not set to an instance of an object.
4/9/2024 4:00:44 PM:DBManager:connection_data:Object reference not set to an instance of an object.
4/9/2024 4:00:44 PM:DBManager:connection_data:Object reference not set to an instance of an object.
4/9/2024 4:00:44 PM:DBManager:connection_data:Object reference not set to an instance of an object.
4/9/2024 4:00:44 PM:DBManager:connection_data:Object reference not set to an instance of an object.
4/9/2024 4:00:44 PM:DBManager:connection_data:Object reference not set to an instance of an object.
4/9/2024 4:00:44 PM:DBManager:connection_data:Object reference not set to an instance of an object.
4/9/2024 4:00:44 PM:DBManager:connection_data:Object reference not set to an instance of an object.
4/9/2024 4:00:44 PM:DBManager:connection_data:Object reference not set to an instance of an object.
4/9/2024 4:00:44 PM:DBManager:connection_data:Object reference not set to an instance of an object.
4/9/2024 4:00:44 PM:DBManager:connection_data:Object reference not set to an instance of an object.
4/9/2024 4:00:44 PM:DBManager:connection_data:Object reference not set to an instance of an object.
4/9/2024 4:00:44 PM:DBManager:connection_data:Object reference not set to an instance of an object.
4/9/2024 4:00:44 PM:DBManager:connection_data:Object reference not set to an instance of an object.
4/9/2024 4:00:44 PM:DBManager:connection_data:Object reference not set to an instance of an object.
4/9/2024 4:00:44 PM:DBManager:connection_data:Object reference not set to an instance of an object.
4/9/2024 4:00:44 PM:DBManager:connection_data:Object reference not set to an instance of an object.
4/9/2024 4:00:44 PM:DBManager:connection_data:Object reference not set to an instance of an object.
4/9/2024 4:00:44 PM:DBManager:connection_data:Object reference not set to an instance of an object.
4/9/2024 4:00:44 PM:DBManager:connection_data:Object reference not set to an instance of an object.
4/9/2024 4:00:44 PM:DBManager:connection_data:Object reference not set to an instance of an object.
4/9/2024 4:00:44 PM:DBManager:connection_data:Object reference not set to an instance of an object.
4/9/2024 4:00:44 PM:DBManager:connection_data:Object reference not set to an instance of an object.
4/9/2024 4:00:44 PM:DBManager:connection_data:Object reference not set to an instance of an object.
4/9/2024 4:00:44 PM:DBManager:connection_data:Object reference not set to an instance of an object.
4/9/2024 4:00:44 PM:DBManager:connection_data:Object reference not set to an instance of an object.
4/9/2024 4:00:44 PM:DBManager:connection_data:Object reference not set to an instance of an object.
4/9/2024 4:00:44 PM:DBManager:connection_data:Object reference not set to an instance of an object.
4/9/2024 4:00:44 PM:DBManager:connection_data:Object reference not set to an instance of an object.
4/9/2024 4:00:44 PM:DBManager:connection_data:Object reference not set to an instance of an object.
4/9/2024 4:00:44 PM:DBManager:connection_data:Object reference not set to an instance of an object.
4/9/2024 4:00:44 PM:DBManager:connection_data:Object reference not set to an instance of an object.
4/9/2024 4:00:44 PM:DBManager:connection_data:Object reference not set to an instance of an object.
4/9/2024 4:00:44 PM:DBManager:connection_data:Object reference not set to an instance of an object.
4/9/2024 4:00:44 PM:DBManager:connection_data:Object reference not set to an instance of an object.
4/9/2024 4:00:44 PM:DBManager:connection_data:Object reference not set to an instance of an object.
4/9/2024 4:00:44 PM:DBManager:connection_data:Object reference not set to an instance of an object.
4/9/2024 4:00:44 PM:DBManager:connection_data:Object reference not set to an instance of an object.
4/9/2024 4:00:44 PM:DBManager:connection_data:Object reference not set to an instance of an object.
4/9/2024 4:00:44 PM:DBManager:connection_data:Object reference not set to an instance of an object.
4/9/2024 4:00:44 PM:DBManager:connection_data:Object reference not set to an instance of an object.
4/9/2024 4:00:44 PM:DBManager:connection_data:Object reference not set to an instance of an object.
4/9/2024 4:00:44 PM:DBManager:connection_data:Object reference not set to an instance of an object.
4/9/2024 4:00:44 PM:DBManager:connection_data:Object reference not set to an instance of an object.
4/9/2024 4:00:44 PM:DBManager:connection_data:Object reference not set to an instance of an object.
4/9/2024 4:00:44 PM:DBManager:connection_data:Object reference not set to an instance of an object.
4/9/2024 4:00:44 PM:DBManager:connection_data:Object reference not set to an instance of an object.
4/9/2024 4:00:44 PM:DBManager:connection_data:Object reference not set to an instance of an object.
4/9/2024 4:00:44 PM:DBManager:connection_data:Object reference not set to an instance of an object.
4/9/2024 4:00:44 PM:DBManager:connection_data:Object reference not set to an instance of an object.
4/9/2024 4:00:44 PM:DBManager:connection_data:Object reference not set to an instance of an object.
4/9/2024 4:00:44 PM:DBManager:connection_data:Object reference not set to an instance of an object.
4/9/2024 4:00:44 PM:DBManager:connection_data:Object reference not set to an instance of an object.
4/9/2024 4:00:44 PM:DBManager:connection_data:Object reference not set to an instance of an object.
4/9/2024 4:00:44 PM:DBManager:connection_data:Object reference not set to an instance of an object.
4/9/2024 4:00:44 PM:DBManager:connection_data:Object reference not set to an instance of an object.
4/9/2024 4:00:44 PM:DBManager:connection_data:Object reference not set to an instance of an object.
4/9/2024 4:00:44 PM:DBManager:connection_data:Object reference not set to an instance of an object.
4/9/2024 4:00:44 PM:DBManager:connection_data:Object reference not set to an instance of an object.
4/9/2024 4:00:44 PM:DBManager:connection_data:Object reference not set to an instance of an object.
4/9/2024 4:00:44 PM:DBManager:connection_data:Object reference not set to an instance of an object.
4/9/2024 4:00:44 PM:DBManager:connection_data:Object reference not set to an instance of an object.
4/9/2024 4:00:44 PM:DBManager:connection_data:Object reference not set to an instance of an object.
4/9/2024 4:00:44 PM:DBManager:connection_data:Object reference not set to an instance of an object.
4/9/2024 4:00:44 PM:DBManager:connection_data:Object reference not set to an instance of an object.
4/9/2024 4:00:44 PM:DBManager:connection_data:Object reference not set to an instance of an object.
4/9/2024 4:00:44 PM:DBManager:connection_data:Object reference not set to an instance of an object.
4/9/2024 4:00:44 PM:DBManager:connection_data:Object reference not set to an instance of an object.
4/9/2024 4:00:44 PM:DBManager:connection_data:Object reference not set to an instance of an object.
4/9/2024 4:00:44 PM:DBManager:connection_data:Object reference not set to an instance of an object.
4/9/2024 4:00:44 PM:DBManager:connection_data:Object reference not set to an instance of an object.
4/9/2024 4:00:44 PM:DBManager:connection_data:Object reference not set to an instance of an object.
4/9/2024 4:00:44 PM:DBManager:connection_data:Object reference not set to an instance of an object.
4/9/2024 4:00:44 PM:DBManager:connection_data:Object reference not set to an instance of an object.
4/9/2024 4:00:44 PM:DBManager:connection_data:Object reference not set to an instance of an object.
4/9/2024 4:00:44 PM:DBManager:connection_data:Object reference not set to an instance of an object.
4/9/2024 4:00:44 PM:DBManager:connection_data:Object reference not set to an instance of an object.
4/9/2024 4:00:44 PM:DBManager:connection_data:Object reference not set to an instance of an object.
4/9/2024 4:00:44 PM:DBManager:connection_data:Object reference not set to an instance of an object.
4/9/2024 4:00:46 PM:DBManager:connection_data:Object reference not set to an instance of an object.
4/9/2024 4:00:46 PM:DBManager:connection_data:Object reference not set to an instance of an object.
4/9/2024 4:00:46 PM:DBManager:connection_data:Object reference not set to an instance of an object.
4/9/2024 4:00:46 PM:DBManager:connection_data:Object reference not set to an instance of an object.
4/9/2024 4:00:46 PM:DBManager:connection_data:Object reference not set to an instance of an object.
4/9/2024 4:00:46 PM:DBManager:connection_data:Object reference not set to an instance of an object.
4/9/2024 4:00:46 PM:DBManager:connection_data:Object reference not set to an instance of an object.
4/9/2024 4:00:46 PM:DBManager:connection_data:Object reference not set to an instance of an object.
4/9/2024 4:00:46 PM:DBManager:connection_data:Object reference not set to an instance of an object.
4/9/2024 4:00:46 PM:DBManager:connection_data:Object reference not set to an instance of an object.
4/9/2024 4:00:46 PM:DBManager:connection_data:Object reference not set to an instance of an object.
4/9/2024 4:00:46 PM:DBManager:connection_data:Object reference not set to an instance of an object.
4/9/2024 4:00:46 PM:DBManager:connection_data:Object reference not set to an instance of an object.
4/9/2024 4:00:46 PM:DBManager:connection_data:Object reference not set to an instance of an object.
4/9/2024 4:00:46 PM:DBManager:connection_data:Object reference not set to an instance of an object.
4/9/2024 4:00:46 PM:DBManager:connection_data:Object reference not set to an instance of an object.
4/9/2024 4:00:46 PM:DBManager:connection_data:Object reference not set to an instance of an object.
4/9/2024 4:00:46 PM:DBManager:connection_data:Object reference not set to an instance of an object.
4/9/2024 4:00:46 PM:DBManager:connection_data:Object reference not set to an instance of an object.
4/9/2024 4:00:46 PM:DBManager:connection_data:Object reference not set to an instance of an object.
4/9/2024 4:00:46 PM:DBManager:connection_data:Object reference not set to an instance of an object.
4/9/2024 4:00:46 PM:DBManager:connection_data:Object reference not set to an instance of an object.
4/9/2024 4:00:46 PM:DBManager:connection_data:Object reference not set to an instance of an object.
4/9/2024 4:00:46 PM:DBManager:connection_data:Object reference not set to an instance of an object.
4/9/2024 4:00:46 PM:DBManager:connection_data:Object reference not set to an instance of an object.
4/9/2024 4:00:46 PM:DBManager:connection_data:Object reference not set to an instance of an object.
4/9/2024 4:00:46 PM:DBManager:connection_data:Object reference not set to an instance of an object.
4/9/2024 4:00:46 PM:DBManager:connection_data:Object reference not set to an instance of an object.
4/9/2024 4:00:46 PM:DBManager:connection_data:Object reference not set to an instance of an object.
4/9/2024 4:00:46 PM:DBManager:connection_data:Object reference not set to an instance of an object.
4/9/2024 4:00:46 PM:DBManager:connection_data:Object reference not set to an instance of an object.
4/9/2024 4:00:46 PM:DBManager:connection_data:Object reference not set to an instance of an object.
4/9/2024 4:00:46 PM:DBManager:connection_data:Object reference not set to an instance of an object.
4/9/2024 4:00:46 PM:DBManager:connection_data:Object reference not set to an instance of an object.
4/9/2024 4:00:46 PM:DBManager:connection_data:Object reference not set to an instance of an object.
4/9/2024 4:00:46 PM:DBManager:connection_data:Object reference not set to an instance of an object.
4/9/2024 4:00:46 PM:DBManager:connection_data:Object reference not set to an instance of an object.
4/9/2024 4:00:46 PM:DBManager:connection_data:Object reference not set to an instance of an object.
4/9/2024 4:00:46 PM:DBManager:connection_data:Object reference not set to an instance of an object.
4/9/2024 4:00:46 PM:DBManager:connection_data:Object reference not set to an instance of an object.
4/9/2024 4:00:46 PM:DBManager:connection_data:Object reference not set to an instance of an object.
4/9/2024 4:00:46 PM:DBManager:connection_data:Object reference not set to an instance of an object.
4/9/2024 4:00:46 PM:DBManager:connection_data:Object reference not set to an instance of an object.
4/9/2024 4:00:46 PM:DBManager:connection_data:Object reference not set to an instance of an object.
4/9/2024 4:00:46 PM:DBManager:connection_data:Object reference not set to an instance of an object.
4/9/2024 4:00:46 PM:DBManager:connection_data:Object reference not set to an instance of an object.
4/9/2024 4:00:46 PM:DBManager:connection_data:Object reference not set to an instance of an object.
4/9/2024 4:00:46 PM:DBManager:connection_data:Object reference not set to an instance of an object.
4/9/2024 4:00:46 PM:DBManager:connection_data:Object reference not set to an instance of an object.
4/9/2024 4:00:46 PM:DBManager:connection_data:Object reference not set to an instance of an object.
4/9/2024 4:00:46 PM:DBManager:connection_data:Object reference not set to an instance of an object.
4/9/2024 4:00:46 PM:DBManager:connection_data:Object reference not set to an instance of an object.
4/9/2024 4:00:46 PM:DBManager:connection_data:Object reference not set to an instance of an object.
4/9/2024 4:00:46 PM:DBManager:connection_data:Object reference not set to an instance of an object.
4/9/2024 4:00:46 PM:DBManager:connection_data:Object reference not set to an instance of an object.
4/9/2024 4:00:46 PM:DBManager:connection_data:Object reference not set to an instance of an object.
4/9/2024 4:00:46 PM:DBManager:connection_data:Object reference not set to an instance of an object.
4/9/2024 4:00:46 PM:DBManager:connection_data:Object reference not set to an instance of an object.
4/9/2024 4:00:46 PM:DBManager:connection_data:Object reference not set to an instance of an object.
4/9/2024 4:00:46 PM:DBManager:connection_data:Object reference not set to an instance of an object.
4/9/2024 4:00:46 PM:DBManager:connection_data:Object reference not set to an instance of an object.
4/9/2024 4:00:46 PM:DBManager:connection_data:Object reference not set to an instance of an object.
4/9/2024 4:00:46 PM:DBManager:connection_data:Object reference not set to an instance of an object.
4/9/2024 4:00:46 PM:DBManager:connection_data:Object reference not set to an instance of an object.
4/9/2024 4:00:46 PM:DBManager:connection_data:Object reference not set to an instance of an object.
4/9/2024 4:00:46 PM:DBManager:connection_data:Object reference not set to an instance of an object.
4/9/2024 4:00:46 PM:DBManager:connection_data:Object reference not set to an instance of an object.
4/9/2024 4:00:46 PM:DBManager:connection_data:Object reference not set to an instance of an object.
4/9/2024 4:00:46 PM:DBManager:connection_data:Object reference not set to an instance of an object.
4/9/2024 4:00:46 PM:DBManager:connection_data:Object reference not set to an instance of an object.
4/9/2024 4:00:46 PM:DBManager:connection_data:Object reference not set to an instance of an object.
4/9/2024 4:00:46 PM:DBManager:connection_data:Object reference not set to an instance of an object.
4/9/2024 4:00:46 PM:DBManager:connection_data:Object reference not set to an instance of an object.
4/9/2024 4:00:46 PM:DBManager:connection_data:Object reference not set to an instance of an object.
4/9/2024 4:00:46 PM:DBManager:connection_data:Object reference not set to an instance of an object.
4/9/2024 4:00:46 PM:DBManager:connection_data:Object reference not set to an instance of an object.
4/9/2024 4:00:46 PM:DBManager:connection_data:Object reference not set to an instance of an object.
4/9/2024 4:00:46 PM:DBManager:connection_data:Object reference not set to an instance of an object.
4/9/2024 4:00:46 PM:DBManager:connection_data:Object reference not set to an instance of an object.
4/9/2024 4:00:46 PM:DBManager:connection_data:Object reference not set to an instance of an object.
4/9/2024 4:00:46 PM:DBManager:connection_data:Object reference not set to an instance of an object.
