10/17/2024 11:18:35 AM:DBManager:connection_data:Object reference not set to an instance of an object.
10/17/2024 11:18:35 AM:DBManager:connection_data:Object reference not set to an instance of an object.
10/17/2024 11:18:35 AM:DBManager:connection_data:Object reference not set to an instance of an object.
17/10/2024 11:18:35 AM:SignIn:btnLogIn_Click:test
10/17/2024 11:50:46 AM:DBManager:connection_data:Object reference not set to an instance of an object.
10/17/2024 11:50:46 AM:DBManager:connection_data:Object reference not set to an instance of an object.
10/17/2024 11:50:46 AM:DBManager:connection_data:Object reference not set to an instance of an object.
17/10/2024 11:50:47 AM:MasterPage:Page_Init:Thread was being aborted.
10/17/2024 11:50:47 AM:DBManager:connection_data:Object reference not set to an instance of an object.
10/17/2024 11:50:47 AM:DBManager:connection_data:Object reference not set to an instance of an object.
10/17/2024 11:50:47 AM:DBManager:connection_data:Object reference not set to an instance of an object.
17/10/2024 11:50:47 AM:SignIn:btnLogIn_Click:test
10/17/2024 11:51:07 AM:DBManager:connection_data:Object reference not set to an instance of an object.
10/17/2024 11:51:07 AM:DBManager:connection_data:Object reference not set to an instance of an object.
10/17/2024 11:51:07 AM:DBManager:connection_data:Object reference not set to an instance of an object.
17/10/2024 11:51:07 AM:SignIn:btnLogIn_Click:test
17/10/2024 11:51:08 AM:SignIn:btnLogIn_Click4:
17/10/2024 11:51:09 AM:SignIn:btnLogIn_Click5:
10/17/2024 11:51:17 AM:DBManager:connection_data:Object reference not set to an instance of an object.
10/17/2024 11:51:17 AM:DBManager:connection_data:Object reference not set to an instance of an object.
10/17/2024 11:51:17 AM:DBManager:connection_data:Object reference not set to an instance of an object.
17/10/2024 11:51:17 AM:SignIn:btnLogIn_Click:test
10/17/2024 11:51:19 AM:DBManager:connection_data:Object reference not set to an instance of an object.
10/17/2024 11:51:19 AM:DBManager:connection_data:Object reference not set to an instance of an object.
10/17/2024 11:51:19 AM:DBManager:connection_data:Object reference not set to an instance of an object.
17/10/2024 11:51:19 AM:SignIn:btnLogIn_Click4:
17/10/2024 11:51:19 AM:SignIn:btnLogIn_Click5:
17/10/2024 11:51:19 AM:SignIn:btnLogIn_Click7:
17/10/2024 11:51:19 AM:SignIn:btnLogIn_Click8:
17/10/2024 11:51:20 AM:ClsDataccess:Getdatatable:The ConnectionString property has not been initialized.
17/10/2024 11:51:21 AM:SignIn:btnLogIn_Click:test
17/10/2024 11:51:21 AM:SignIn:btnLogIn_Click4:
17/10/2024 11:51:21 AM:SignIn:btnLogIn_Click5:
17/10/2024 11:51:21 AM:SignIn:btnLogIn_Click7:
17/10/2024 11:51:21 AM:SignIn:btnLogIn_Click8:
17/10/2024 11:51:21 AM:ClsDataccess:Getdatatable:The ConnectionString property has not been initialized.
10/17/2024 11:51:22 AM:DBManager:connection_data:Object reference not set to an instance of an object.
10/17/2024 11:51:22 AM:DBManager:connection_data:Object reference not set to an instance of an object.
10/17/2024 11:51:22 AM:DBManager:connection_data:Object reference not set to an instance of an object.
10/17/2024 11:51:22 AM:DBManager:connection_data:Object reference not set to an instance of an object.
10/17/2024 11:51:22 AM:DBManager:connection_data:Object reference not set to an instance of an object.
10/17/2024 11:51:22 AM:DBManager:connection_data:Object reference not set to an instance of an object.
10/17/2024 11:51:22 AM:DBManager:connection_data:Object reference not set to an instance of an object.
10/17/2024 11:51:22 AM:DBManager:connection_data:Object reference not set to an instance of an object.
10/17/2024 11:51:22 AM:DBManager:connection_data:Object reference not set to an instance of an object.
10/17/2024 11:51:22 AM:DBManager:connection_data:Object reference not set to an instance of an object.
10/17/2024 11:51:22 AM:DBManager:connection_data:Object reference not set to an instance of an object.
10/17/2024 11:51:22 AM:DBManager:connection_data:Object reference not set to an instance of an object.
10/17/2024 11:51:22 AM:DBManager:connection_data:Object reference not set to an instance of an object.
10/17/2024 11:51:22 AM:DBManager:connection_data:Object reference not set to an instance of an object.
10/17/2024 11:51:22 AM:DBManager:connection_data:Object reference not set to an instance of an object.
10/17/2024 11:51:22 AM:DBManager:connection_data:Object reference not set to an instance of an object.
10/17/2024 11:51:22 AM:DBManager:connection_data:Object reference not set to an instance of an object.
10/17/2024 11:51:22 AM:DBManager:connection_data:Object reference not set to an instance of an object.
10/17/2024 11:51:22 AM:DBManager:connection_data:Object reference not set to an instance of an object.
10/17/2024 11:51:22 AM:DBManager:connection_data:Object reference not set to an instance of an object.
10/17/2024 11:51:22 AM:DBManager:connection_data:Object reference not set to an instance of an object.
10/17/2024 11:51:22 AM:DBManager:connection_data:Object reference not set to an instance of an object.
10/17/2024 11:51:22 AM:DBManager:connection_data:Object reference not set to an instance of an object.
10/17/2024 11:51:22 AM:DBManager:connection_data:Object reference not set to an instance of an object.
10/17/2024 11:51:22 AM:DBManager:connection_data:Object reference not set to an instance of an object.
10/17/2024 11:51:22 AM:DBManager:connection_data:Object reference not set to an instance of an object.
10/17/2024 11:51:22 AM:DBManager:connection_data:Object reference not set to an instance of an object.
10/17/2024 11:51:22 AM:DBManager:connection_data:Object reference not set to an instance of an object.
10/17/2024 11:51:22 AM:DBManager:connection_data:Object reference not set to an instance of an object.
10/17/2024 11:51:22 AM:DBManager:connection_data:Object reference not set to an instance of an object.
10/17/2024 11:51:22 AM:DBManager:connection_data:Object reference not set to an instance of an object.
10/17/2024 11:51:22 AM:DBManager:connection_data:Object reference not set to an instance of an object.
10/17/2024 11:51:22 AM:DBManager:connection_data:Object reference not set to an instance of an object.
10/17/2024 11:51:22 AM:DBManager:connection_data:Object reference not set to an instance of an object.
10/17/2024 11:51:22 AM:DBManager:connection_data:Object reference not set to an instance of an object.
10/17/2024 11:51:22 AM:DBManager:connection_data:Object reference not set to an instance of an object.
10/17/2024 11:51:22 AM:DBManager:connection_data:Object reference not set to an instance of an object.
10/17/2024 11:51:22 AM:DBManager:connection_data:Object reference not set to an instance of an object.
10/17/2024 11:51:22 AM:DBManager:connection_data:Object reference not set to an instance of an object.
10/17/2024 11:51:22 AM:DBManager:connection_data:Object reference not set to an instance of an object.
10/17/2024 11:51:22 AM:DBManager:connection_data:Object reference not set to an instance of an object.
10/17/2024 11:51:22 AM:DBManager:connection_data:Object reference not set to an instance of an object.
10/17/2024 11:51:22 AM:DBManager:connection_data:Object reference not set to an instance of an object.
10/17/2024 11:51:22 AM:DBManager:connection_data:Object reference not set to an instance of an object.
10/17/2024 11:51:22 AM:DBManager:connection_data:Object reference not set to an instance of an object.
10/17/2024 11:51:22 AM:DBManager:connection_data:Object reference not set to an instance of an object.
10/17/2024 11:51:22 AM:DBManager:connection_data:Object reference not set to an instance of an object.
10/17/2024 11:51:22 AM:DBManager:connection_data:Object reference not set to an instance of an object.
10/17/2024 11:51:22 AM:DBManager:connection_data:Object reference not set to an instance of an object.
10/17/2024 11:51:22 AM:DBManager:connection_data:Object reference not set to an instance of an object.
10/17/2024 11:51:22 AM:DBManager:connection_data:Object reference not set to an instance of an object.
10/17/2024 11:51:22 AM:DBManager:connection_data:Object reference not set to an instance of an object.
10/17/2024 11:51:22 AM:DBManager:connection_data:Object reference not set to an instance of an object.
10/17/2024 11:51:22 AM:DBManager:connection_data:Object reference not set to an instance of an object.
10/17/2024 11:51:22 AM:DBManager:connection_data:Object reference not set to an instance of an object.
10/17/2024 11:51:22 AM:DBManager:connection_data:Object reference not set to an instance of an object.
10/17/2024 11:51:22 AM:DBManager:connection_data:Object reference not set to an instance of an object.
10/17/2024 11:51:22 AM:DBManager:connection_data:Object reference not set to an instance of an object.
10/17/2024 11:51:22 AM:DBManager:connection_data:Object reference not set to an instance of an object.
10/17/2024 11:51:22 AM:DBManager:connection_data:Object reference not set to an instance of an object.
10/17/2024 11:51:22 AM:DBManager:connection_data:Object reference not set to an instance of an object.
10/17/2024 11:51:22 AM:DBManager:connection_data:Object reference not set to an instance of an object.
10/17/2024 11:51:22 AM:DBManager:connection_data:Object reference not set to an instance of an object.
10/17/2024 11:51:22 AM:DBManager:connection_data:Object reference not set to an instance of an object.
10/17/2024 11:51:22 AM:DBManager:connection_data:Object reference not set to an instance of an object.
10/17/2024 11:51:22 AM:DBManager:connection_data:Object reference not set to an instance of an object.
10/17/2024 11:51:22 AM:DBManager:connection_data:Object reference not set to an instance of an object.
10/17/2024 11:51:22 AM:DBManager:connection_data:Object reference not set to an instance of an object.
10/17/2024 11:51:22 AM:DBManager:connection_data:Object reference not set to an instance of an object.
10/17/2024 11:51:22 AM:DBManager:connection_data:Object reference not set to an instance of an object.
10/17/2024 11:51:22 AM:DBManager:connection_data:Object reference not set to an instance of an object.
10/17/2024 11:51:22 AM:DBManager:connection_data:Object reference not set to an instance of an object.
10/17/2024 11:51:22 AM:DBManager:connection_data:Object reference not set to an instance of an object.
10/17/2024 11:51:22 AM:DBManager:connection_data:Object reference not set to an instance of an object.
10/17/2024 11:51:22 AM:DBManager:connection_data:Object reference not set to an instance of an object.
10/17/2024 11:51:22 AM:DBManager:connection_data:Object reference not set to an instance of an object.
10/17/2024 11:51:22 AM:DBManager:connection_data:Object reference not set to an instance of an object.
10/17/2024 11:51:24 AM:DBManager:connection_data:Object reference not set to an instance of an object.
10/17/2024 11:51:24 AM:DBManager:connection_data:Object reference not set to an instance of an object.
10/17/2024 11:51:24 AM:DBManager:connection_data:Object reference not set to an instance of an object.
10/17/2024 11:51:24 AM:DBManager:connection_data:Object reference not set to an instance of an object.
10/17/2024 11:51:24 AM:DBManager:connection_data:Object reference not set to an instance of an object.
10/17/2024 11:51:24 AM:DBManager:connection_data:Object reference not set to an instance of an object.
10/17/2024 11:51:24 AM:DBManager:connection_data:Object reference not set to an instance of an object.
10/17/2024 11:51:24 AM:DBManager:connection_data:Object reference not set to an instance of an object.
10/17/2024 11:51:24 AM:DBManager:connection_data:Object reference not set to an instance of an object.
10/17/2024 11:51:24 AM:DBManager:connection_data:Object reference not set to an instance of an object.
10/17/2024 11:51:24 AM:DBManager:connection_data:Object reference not set to an instance of an object.
10/17/2024 11:51:24 AM:DBManager:connection_data:Object reference not set to an instance of an object.
10/17/2024 11:51:24 AM:DBManager:connection_data:Object reference not set to an instance of an object.
10/17/2024 11:51:24 AM:DBManager:connection_data:Object reference not set to an instance of an object.
10/17/2024 11:51:24 AM:DBManager:connection_data:Object reference not set to an instance of an object.
10/17/2024 11:51:24 AM:DBManager:connection_data:Object reference not set to an instance of an object.
10/17/2024 11:51:24 AM:DBManager:connection_data:Object reference not set to an instance of an object.
10/17/2024 11:51:24 AM:DBManager:connection_data:Object reference not set to an instance of an object.
10/17/2024 11:51:24 AM:DBManager:connection_data:Object reference not set to an instance of an object.
10/17/2024 11:51:24 AM:DBManager:connection_data:Object reference not set to an instance of an object.
10/17/2024 11:51:24 AM:DBManager:connection_data:Object reference not set to an instance of an object.
10/17/2024 11:51:24 AM:DBManager:connection_data:Object reference not set to an instance of an object.
10/17/2024 11:51:24 AM:DBManager:connection_data:Object reference not set to an instance of an object.
10/17/2024 11:51:24 AM:DBManager:connection_data:Object reference not set to an instance of an object.
10/17/2024 11:51:24 AM:DBManager:connection_data:Object reference not set to an instance of an object.
10/17/2024 11:51:24 AM:DBManager:connection_data:Object reference not set to an instance of an object.
10/17/2024 11:51:24 AM:DBManager:connection_data:Object reference not set to an instance of an object.
10/17/2024 11:51:24 AM:DBManager:connection_data:Object reference not set to an instance of an object.
10/17/2024 11:51:24 AM:DBManager:connection_data:Object reference not set to an instance of an object.
10/17/2024 11:51:24 AM:DBManager:connection_data:Object reference not set to an instance of an object.
10/17/2024 11:51:24 AM:DBManager:connection_data:Object reference not set to an instance of an object.
10/17/2024 11:51:24 AM:DBManager:connection_data:Object reference not set to an instance of an object.
10/17/2024 11:51:24 AM:DBManager:connection_data:Object reference not set to an instance of an object.
10/17/2024 11:51:24 AM:DBManager:connection_data:Object reference not set to an instance of an object.
10/17/2024 11:51:24 AM:DBManager:connection_data:Object reference not set to an instance of an object.
10/17/2024 11:51:24 AM:DBManager:connection_data:Object reference not set to an instance of an object.
10/17/2024 11:51:24 AM:DBManager:connection_data:Object reference not set to an instance of an object.
10/17/2024 11:51:24 AM:DBManager:connection_data:Object reference not set to an instance of an object.
10/17/2024 11:51:24 AM:DBManager:connection_data:Object reference not set to an instance of an object.
10/17/2024 11:51:24 AM:DBManager:connection_data:Object reference not set to an instance of an object.
10/17/2024 11:51:24 AM:DBManager:connection_data:Object reference not set to an instance of an object.
10/17/2024 11:51:24 AM:DBManager:connection_data:Object reference not set to an instance of an object.
10/17/2024 11:51:24 AM:DBManager:connection_data:Object reference not set to an instance of an object.
10/17/2024 11:51:24 AM:DBManager:connection_data:Object reference not set to an instance of an object.
10/17/2024 11:51:24 AM:DBManager:connection_data:Object reference not set to an instance of an object.
10/17/2024 11:51:24 AM:DBManager:connection_data:Object reference not set to an instance of an object.
10/17/2024 11:51:24 AM:DBManager:connection_data:Object reference not set to an instance of an object.
10/17/2024 11:51:24 AM:DBManager:connection_data:Object reference not set to an instance of an object.
10/17/2024 11:51:24 AM:DBManager:connection_data:Object reference not set to an instance of an object.
10/17/2024 11:51:24 AM:DBManager:connection_data:Object reference not set to an instance of an object.
10/17/2024 11:51:24 AM:DBManager:connection_data:Object reference not set to an instance of an object.
10/17/2024 11:51:24 AM:DBManager:connection_data:Object reference not set to an instance of an object.
10/17/2024 11:51:24 AM:DBManager:connection_data:Object reference not set to an instance of an object.
10/17/2024 11:51:24 AM:DBManager:connection_data:Object reference not set to an instance of an object.
10/17/2024 11:51:24 AM:DBManager:connection_data:Object reference not set to an instance of an object.
10/17/2024 11:51:24 AM:DBManager:connection_data:Object reference not set to an instance of an object.
10/17/2024 11:51:24 AM:DBManager:connection_data:Object reference not set to an instance of an object.
10/17/2024 11:51:24 AM:DBManager:connection_data:Object reference not set to an instance of an object.
10/17/2024 11:51:24 AM:DBManager:connection_data:Object reference not set to an instance of an object.
10/17/2024 11:51:24 AM:DBManager:connection_data:Object reference not set to an instance of an object.
10/17/2024 11:51:24 AM:DBManager:connection_data:Object reference not set to an instance of an object.
10/17/2024 11:51:24 AM:DBManager:connection_data:Object reference not set to an instance of an object.
10/17/2024 11:51:24 AM:DBManager:connection_data:Object reference not set to an instance of an object.
10/17/2024 11:51:24 AM:DBManager:connection_data:Object reference not set to an instance of an object.
10/17/2024 11:51:24 AM:DBManager:connection_data:Object reference not set to an instance of an object.
10/17/2024 11:51:24 AM:DBManager:connection_data:Object reference not set to an instance of an object.
10/17/2024 11:51:24 AM:DBManager:connection_data:Object reference not set to an instance of an object.
10/17/2024 11:51:24 AM:DBManager:connection_data:Object reference not set to an instance of an object.
10/17/2024 11:51:24 AM:DBManager:connection_data:Object reference not set to an instance of an object.
10/17/2024 11:51:24 AM:DBManager:connection_data:Object reference not set to an instance of an object.
10/17/2024 11:51:24 AM:DBManager:connection_data:Object reference not set to an instance of an object.
10/17/2024 11:51:24 AM:DBManager:connection_data:Object reference not set to an instance of an object.
10/17/2024 11:51:24 AM:DBManager:connection_data:Object reference not set to an instance of an object.
10/17/2024 11:51:24 AM:DBManager:connection_data:Object reference not set to an instance of an object.
10/17/2024 11:51:24 AM:DBManager:connection_data:Object reference not set to an instance of an object.
10/17/2024 11:51:24 AM:DBManager:connection_data:Object reference not set to an instance of an object.
10/17/2024 11:51:24 AM:DBManager:connection_data:Object reference not set to an instance of an object.
10/17/2024 11:51:30 AM:DBManager:connection_data:Object reference not set to an instance of an object.
10/17/2024 11:51:30 AM:DBManager:connection_data:Object reference not set to an instance of an object.
10/17/2024 11:51:30 AM:DBManager:connection_data:Object reference not set to an instance of an object.
10/17/2024 11:51:33 AM:DBManager:connection_data:Object reference not set to an instance of an object.
10/17/2024 11:51:33 AM:DBManager:connection_data:Object reference not set to an instance of an object.
10/17/2024 11:51:33 AM:DBManager:connection_data:Object reference not set to an instance of an object.
10/17/2024 11:51:33 AM:DBManager:connection_data:Object reference not set to an instance of an object.
10/17/2024 11:51:33 AM:DBManager:connection_data:Object reference not set to an instance of an object.
10/17/2024 11:51:33 AM:DBManager:connection_data:Object reference not set to an instance of an object.
10/17/2024 11:51:33 AM:DBManager:connection_data:Object reference not set to an instance of an object.
10/17/2024 11:51:33 AM:DBManager:connection_data:Object reference not set to an instance of an object.
10/17/2024 11:51:33 AM:DBManager:connection_data:Object reference not set to an instance of an object.
10/17/2024 11:51:33 AM:DBManager:connection_data:Object reference not set to an instance of an object.
10/17/2024 11:51:33 AM:DBManager:connection_data:Object reference not set to an instance of an object.
10/17/2024 11:51:33 AM:DBManager:connection_data:Object reference not set to an instance of an object.
10/17/2024 11:51:34 AM:DBManager:connection_data:Object reference not set to an instance of an object.
10/17/2024 11:51:34 AM:DBManager:connection_data:Object reference not set to an instance of an object.
10/17/2024 11:51:34 AM:DBManager:connection_data:Object reference not set to an instance of an object.
10/17/2024 11:51:34 AM:DBManager:connection_data:Object reference not set to an instance of an object.
10/17/2024 11:51:34 AM:DBManager:connection_data:Object reference not set to an instance of an object.
10/17/2024 11:51:34 AM:DBManager:connection_data:Object reference not set to an instance of an object.
10/17/2024 11:51:34 AM:DBManager:connection_data:Object reference not set to an instance of an object.
10/17/2024 11:51:34 AM:DBManager:connection_data:Object reference not set to an instance of an object.
10/17/2024 11:51:34 AM:DBManager:connection_data:Object reference not set to an instance of an object.
10/17/2024 11:51:34 AM:DBManager:connection_data:Object reference not set to an instance of an object.
10/17/2024 11:51:34 AM:DBManager:connection_data:Object reference not set to an instance of an object.
10/17/2024 11:51:34 AM:DBManager:connection_data:Object reference not set to an instance of an object.
10/17/2024 11:51:34 AM:DBManager:connection_data:Object reference not set to an instance of an object.
10/17/2024 11:51:34 AM:DBManager:connection_data:Object reference not set to an instance of an object.
10/17/2024 11:51:34 AM:DBManager:connection_data:Object reference not set to an instance of an object.
10/17/2024 11:51:34 AM:DBManager:connection_data:Object reference not set to an instance of an object.
10/17/2024 11:51:34 AM:DBManager:connection_data:Object reference not set to an instance of an object.
10/17/2024 11:51:34 AM:DBManager:connection_data:Object reference not set to an instance of an object.
10/17/2024 11:51:34 AM:DBManager:connection_data:Object reference not set to an instance of an object.
10/17/2024 11:51:34 AM:DBManager:connection_data:Object reference not set to an instance of an object.
10/17/2024 11:51:34 AM:DBManager:connection_data:Object reference not set to an instance of an object.
10/17/2024 11:51:34 AM:DBManager:connection_data:Object reference not set to an instance of an object.
10/17/2024 11:51:34 AM:DBManager:connection_data:Object reference not set to an instance of an object.
10/17/2024 11:51:34 AM:DBManager:connection_data:Object reference not set to an instance of an object.
10/17/2024 11:51:34 AM:DBManager:connection_data:Object reference not set to an instance of an object.
10/17/2024 11:51:34 AM:DBManager:connection_data:Object reference not set to an instance of an object.
10/17/2024 11:51:34 AM:DBManager:connection_data:Object reference not set to an instance of an object.
10/17/2024 11:51:34 AM:DBManager:connection_data:Object reference not set to an instance of an object.
10/17/2024 11:51:34 AM:DBManager:connection_data:Object reference not set to an instance of an object.
10/17/2024 11:51:34 AM:DBManager:connection_data:Object reference not set to an instance of an object.
10/17/2024 11:51:34 AM:DBManager:connection_data:Object reference not set to an instance of an object.
10/17/2024 11:51:34 AM:DBManager:connection_data:Object reference not set to an instance of an object.
10/17/2024 11:51:34 AM:DBManager:connection_data:Object reference not set to an instance of an object.
10/17/2024 11:51:34 AM:DBManager:connection_data:Object reference not set to an instance of an object.
10/17/2024 11:51:34 AM:DBManager:connection_data:Object reference not set to an instance of an object.
10/17/2024 11:51:34 AM:DBManager:connection_data:Object reference not set to an instance of an object.
10/17/2024 11:51:34 AM:DBManager:connection_data:Object reference not set to an instance of an object.
10/17/2024 11:51:34 AM:DBManager:connection_data:Object reference not set to an instance of an object.
10/17/2024 11:51:34 AM:DBManager:connection_data:Object reference not set to an instance of an object.
10/17/2024 11:51:34 AM:DBManager:connection_data:Object reference not set to an instance of an object.
10/17/2024 11:51:34 AM:DBManager:connection_data:Object reference not set to an instance of an object.
10/17/2024 11:51:34 AM:DBManager:connection_data:Object reference not set to an instance of an object.
10/17/2024 11:51:34 AM:DBManager:connection_data:Object reference not set to an instance of an object.
10/17/2024 11:51:34 AM:DBManager:connection_data:Object reference not set to an instance of an object.
10/17/2024 11:51:34 AM:DBManager:connection_data:Object reference not set to an instance of an object.
10/17/2024 11:51:34 AM:DBManager:connection_data:Object reference not set to an instance of an object.
10/17/2024 11:51:34 AM:DBManager:connection_data:Object reference not set to an instance of an object.
10/17/2024 11:51:34 AM:DBManager:connection_data:Object reference not set to an instance of an object.
10/17/2024 11:51:34 AM:DBManager:connection_data:Object reference not set to an instance of an object.
10/17/2024 11:51:34 AM:DBManager:connection_data:Object reference not set to an instance of an object.
10/17/2024 11:51:34 AM:DBManager:connection_data:Object reference not set to an instance of an object.
10/17/2024 11:51:34 AM:DBManager:connection_data:Object reference not set to an instance of an object.
10/17/2024 11:51:34 AM:DBManager:connection_data:Object reference not set to an instance of an object.
10/17/2024 11:51:34 AM:DBManager:connection_data:Object reference not set to an instance of an object.
10/17/2024 11:51:34 AM:DBManager:connection_data:Object reference not set to an instance of an object.
10/17/2024 11:51:34 AM:DBManager:connection_data:Object reference not set to an instance of an object.
10/17/2024 11:51:34 AM:DBManager:connection_data:Object reference not set to an instance of an object.
10/17/2024 11:51:34 AM:DBManager:connection_data:Object reference not set to an instance of an object.
10/17/2024 11:51:34 AM:DBManager:connection_data:Object reference not set to an instance of an object.
10/17/2024 11:51:34 AM:DBManager:connection_data:Object reference not set to an instance of an object.
10/17/2024 11:51:34 AM:DBManager:connection_data:Object reference not set to an instance of an object.
10/17/2024 11:51:34 AM:DBManager:connection_data:Object reference not set to an instance of an object.
10/17/2024 11:51:34 AM:DBManager:connection_data:Object reference not set to an instance of an object.
10/17/2024 11:51:34 AM:DBManager:connection_data:Object reference not set to an instance of an object.
10/17/2024 11:51:34 AM:DBManager:connection_data:Object reference not set to an instance of an object.
10/17/2024 11:51:34 AM:DBManager:connection_data:Object reference not set to an instance of an object.
10/17/2024 11:51:34 AM:DBManager:connection_data:Object reference not set to an instance of an object.
10/17/2024 11:51:34 AM:DBManager:connection_data:Object reference not set to an instance of an object.
10/17/2024 11:51:42 AM:DBManager:connection_data:Object reference not set to an instance of an object.
10/17/2024 11:51:42 AM:DBManager:connection_data:Object reference not set to an instance of an object.
10/17/2024 11:51:42 AM:DBManager:connection_data:Object reference not set to an instance of an object.
10/17/2024 11:51:59 AM:DBManager:connection_data:Object reference not set to an instance of an object.
10/17/2024 11:51:59 AM:DBManager:connection_data:Object reference not set to an instance of an object.
10/17/2024 11:51:59 AM:DBManager:connection_data:Object reference not set to an instance of an object.
