24-05-2023 11:08:11:DBManager:connection_data:Object reference not set to an instance of an object.
24-05-2023 11:08:11:DBManager:connection_data:Object reference not set to an instance of an object.
24-05-2023 11:08:11:DBManager:connection_data:Object reference not set to an instance of an object.
24-05-2023 11:11:19:DBManager:connection_data:Object reference not set to an instance of an object.
24-05-2023 11:11:19:DBManager:connection_data:Object reference not set to an instance of an object.
24-05-2023 11:11:19:DBManager:connection_data:Object reference not set to an instance of an object.
24-05-2023 11:13:32:DBManager:connection_data:Object reference not set to an instance of an object.
24-05-2023 11:13:32:DBManager:connection_data:Object reference not set to an instance of an object.
24-05-2023 11:13:32:DBManager:connection_data:Object reference not set to an instance of an object.
24/05/2023 11:13:33 AM:SignIn:btnLogIn_Click:test
24-05-2023 11:22:04:DBManager:connection_data:Object reference not set to an instance of an object.
24-05-2023 11:22:04:DBManager:connection_data:Object reference not set to an instance of an object.
24-05-2023 11:22:04:DBManager:connection_data:Object reference not set to an instance of an object.
24-05-2023 11:24:35:DBManager:connection_data:Object reference not set to an instance of an object.
24-05-2023 11:24:35:DBManager:connection_data:Object reference not set to an instance of an object.
24-05-2023 11:24:35:DBManager:connection_data:Object reference not set to an instance of an object.
24-05-2023 11:25:27:DBManager:connection_data:Object reference not set to an instance of an object.
24-05-2023 11:25:27:DBManager:connection_data:Object reference not set to an instance of an object.
24-05-2023 11:25:27:DBManager:connection_data:Object reference not set to an instance of an object.
24-05-2023 11:25:29:DBManager:connection_data:Object reference not set to an instance of an object.
24-05-2023 11:25:29:DBManager:connection_data:Object reference not set to an instance of an object.
24-05-2023 11:25:29:DBManager:connection_data:Object reference not set to an instance of an object.
24-05-2023 11:26:27:DBManager:connection_data:Object reference not set to an instance of an object.
24-05-2023 11:26:27:DBManager:connection_data:Object reference not set to an instance of an object.
24-05-2023 11:26:27:DBManager:connection_data:Object reference not set to an instance of an object.
24-05-2023 11:27:59:DBManager:connection_data:Object reference not set to an instance of an object.
24-05-2023 11:27:59:DBManager:connection_data:Object reference not set to an instance of an object.
24-05-2023 11:27:59:DBManager:connection_data:Object reference not set to an instance of an object.
24-05-2023 11:28:38:DBManager:connection_data:Object reference not set to an instance of an object.
24-05-2023 11:28:38:DBManager:connection_data:Object reference not set to an instance of an object.
24-05-2023 11:28:38:DBManager:connection_data:Object reference not set to an instance of an object.
24-05-2023 11:28:46:DBManager:connection_data:Object reference not set to an instance of an object.
24-05-2023 11:28:46:DBManager:connection_data:Object reference not set to an instance of an object.
24-05-2023 11:28:46:DBManager:connection_data:Object reference not set to an instance of an object.
24/05/2023 11:28:46 AM:SignIn:btnLogIn_Click:test
24-05-2023 11:28:49:DBManager:connection_data:Object reference not set to an instance of an object.
24-05-2023 11:28:49:DBManager:connection_data:Object reference not set to an instance of an object.
24-05-2023 11:28:49:DBManager:connection_data:Object reference not set to an instance of an object.
24-05-2023 11:29:51:DBManager:connection_data:Object reference not set to an instance of an object.
24-05-2023 11:29:51:DBManager:connection_data:Object reference not set to an instance of an object.
24-05-2023 11:29:51:DBManager:connection_data:Object reference not set to an instance of an object.
24-05-2023 11:30:56:DBManager:connection_data:Object reference not set to an instance of an object.
24-05-2023 11:30:56:DBManager:connection_data:Object reference not set to an instance of an object.
24-05-2023 11:30:56:DBManager:connection_data:Object reference not set to an instance of an object.
24-05-2023 11:43:26:DBManager:connection_data:Object reference not set to an instance of an object.
24-05-2023 11:43:26:DBManager:connection_data:Object reference not set to an instance of an object.
24-05-2023 11:43:26:DBManager:connection_data:Object reference not set to an instance of an object.
24-05-2023 11:43:27:DBManager:connection_data:Object reference not set to an instance of an object.
24-05-2023 11:43:27:DBManager:connection_data:Object reference not set to an instance of an object.
24-05-2023 11:43:27:DBManager:connection_data:Object reference not set to an instance of an object.
24-05-2023 11:43:35:DBManager:connection_data:Object reference not set to an instance of an object.
24-05-2023 11:43:35:DBManager:connection_data:Object reference not set to an instance of an object.
24-05-2023 11:43:35:DBManager:connection_data:Object reference not set to an instance of an object.
24-05-2023 12:17:07:DBManager:connection_data:Object reference not set to an instance of an object.
24-05-2023 12:17:07:DBManager:connection_data:Object reference not set to an instance of an object.
24-05-2023 12:17:07:DBManager:connection_data:Object reference not set to an instance of an object.
24-05-2023 12:17:10:DBManager:connection_data:Object reference not set to an instance of an object.
24-05-2023 12:17:10:DBManager:connection_data:Object reference not set to an instance of an object.
24-05-2023 12:17:10:DBManager:connection_data:Object reference not set to an instance of an object.
24-05-2023 12:20:44:DBManager:connection_data:Object reference not set to an instance of an object.
24-05-2023 12:20:44:DBManager:connection_data:Object reference not set to an instance of an object.
24-05-2023 12:20:44:DBManager:connection_data:Object reference not set to an instance of an object.
24-05-2023 12:20:44:DBManager:connection_data:Object reference not set to an instance of an object.
24-05-2023 12:37:59:DBManager:connection_data:Object reference not set to an instance of an object.
24-05-2023 12:37:59:DBManager:connection_data:Object reference not set to an instance of an object.
24-05-2023 12:37:59:DBManager:connection_data:Object reference not set to an instance of an object.
24-05-2023 12:38:05:DBManager:connection_data:Object reference not set to an instance of an object.
24-05-2023 12:38:05:DBManager:connection_data:Object reference not set to an instance of an object.
24-05-2023 12:38:05:DBManager:connection_data:Object reference not set to an instance of an object.
24-05-2023 12:38:21:DBManager:connection_data:Object reference not set to an instance of an object.
24-05-2023 12:38:21:DBManager:connection_data:Object reference not set to an instance of an object.
24-05-2023 12:38:21:DBManager:connection_data:Object reference not set to an instance of an object.
24-05-2023 12:38:49:DBManager:connection_data:Object reference not set to an instance of an object.
24-05-2023 12:38:49:DBManager:connection_data:Object reference not set to an instance of an object.
24-05-2023 12:38:49:DBManager:connection_data:Object reference not set to an instance of an object.
24-05-2023 12:44:16:DBManager:connection_data:Object reference not set to an instance of an object.
24-05-2023 12:44:16:DBManager:connection_data:Object reference not set to an instance of an object.
24-05-2023 12:44:16:DBManager:connection_data:Object reference not set to an instance of an object.
24-05-2023 12:44:17:DBManager:connection_data:Object reference not set to an instance of an object.
24-05-2023 12:44:17:DBManager:connection_data:Object reference not set to an instance of an object.
24-05-2023 12:44:17:DBManager:connection_data:Object reference not set to an instance of an object.
24-05-2023 12:49:24:DBManager:connection_data:Object reference not set to an instance of an object.
24-05-2023 12:49:24:DBManager:connection_data:Object reference not set to an instance of an object.
24-05-2023 12:49:24:DBManager:connection_data:Object reference not set to an instance of an object.
24-05-2023 12:49:25:DBManager:connection_data:Object reference not set to an instance of an object.
24-05-2023 12:49:25:DBManager:connection_data:Object reference not set to an instance of an object.
24-05-2023 12:49:25:DBManager:connection_data:Object reference not set to an instance of an object.
24-05-2023 12:50:49:DBManager:connection_data:Object reference not set to an instance of an object.
24-05-2023 12:50:49:DBManager:connection_data:Object reference not set to an instance of an object.
24-05-2023 12:50:49:DBManager:connection_data:Object reference not set to an instance of an object.
24-05-2023 14:08:41:DBManager:connection_data:Object reference not set to an instance of an object.
24-05-2023 14:08:41:DBManager:connection_data:Object reference not set to an instance of an object.
24-05-2023 14:08:41:DBManager:connection_data:Object reference not set to an instance of an object.
24-05-2023 20:10:32:DBManager:connection_data:Object reference not set to an instance of an object.
24-05-2023 20:10:32:DBManager:connection_data:Object reference not set to an instance of an object.
24-05-2023 20:10:32:DBManager:connection_data:Object reference not set to an instance of an object.
24-05-2023 20:10:32:DBManager:connection_data:Object reference not set to an instance of an object.
24-05-2023 20:10:32:DBManager:connection_data:Object reference not set to an instance of an object.
24-05-2023 20:10:32:DBManager:connection_data:Object reference not set to an instance of an object.
24-05-2023 20:10:32:DBManager:connection_data:Object reference not set to an instance of an object.
24-05-2023 20:10:32:DBManager:connection_data:Object reference not set to an instance of an object.
24-05-2023 20:10:32:DBManager:connection_data:Object reference not set to an instance of an object.
24-05-2023 20:10:32:DBManager:connection_data:Object reference not set to an instance of an object.
24-05-2023 20:10:32:DBManager:connection_data:Object reference not set to an instance of an object.
24-05-2023 20:10:32:DBManager:connection_data:Object reference not set to an instance of an object.
24-05-2023 20:10:32:DBManager:connection_data:Object reference not set to an instance of an object.
24-05-2023 20:11:01:DBManager:connection_data:Object reference not set to an instance of an object.
24-05-2023 20:11:01:DBManager:connection_data:Object reference not set to an instance of an object.
24-05-2023 20:11:01:DBManager:connection_data:Object reference not set to an instance of an object.
24-05-2023 20:11:14:DBManager:connection_data:Object reference not set to an instance of an object.
24-05-2023 20:11:14:DBManager:connection_data:Object reference not set to an instance of an object.
24-05-2023 20:11:14:DBManager:connection_data:Object reference not set to an instance of an object.
24-05-2023 20:11:14:DBManager:connection_data:Object reference not set to an instance of an object.
24-05-2023 20:11:14:DBManager:connection_data:Object reference not set to an instance of an object.
24-05-2023 20:11:14:DBManager:connection_data:Object reference not set to an instance of an object.
24-05-2023 20:11:14:DBManager:connection_data:Object reference not set to an instance of an object.
24-05-2023 20:11:16:DBManager:connection_data:Object reference not set to an instance of an object.
24-05-2023 20:11:16:DBManager:connection_data:Object reference not set to an instance of an object.
24-05-2023 20:11:16:DBManager:connection_data:Object reference not set to an instance of an object.
24-05-2023 20:11:16:DBManager:connection_data:Object reference not set to an instance of an object.
24-05-2023 20:11:16:DBManager:connection_data:Object reference not set to an instance of an object.
24-05-2023 20:11:16:DBManager:connection_data:Object reference not set to an instance of an object.
24-05-2023 20:11:16:DBManager:connection_data:Object reference not set to an instance of an object.
24-05-2023 20:11:16:DBManager:connection_data:Object reference not set to an instance of an object.
24/05/2023 8:11:16 PM:SignIn:btnLogIn_Click:test
24-05-2023 20:11:16:DBManager:connection_data:Object reference not set to an instance of an object.
24-05-2023 20:11:16:DBManager:connection_data:Object reference not set to an instance of an object.
24-05-2023 20:11:16:DBManager:connection_data:Object reference not set to an instance of an object.
24-05-2023 20:11:16:DBManager:connection_data:Object reference not set to an instance of an object.
24/05/2023 8:11:16 PM:SignIn:btnLogIn_Click:test
24-05-2023 20:11:16:DBManager:connection_data:Object reference not set to an instance of an object.
24-05-2023 20:11:17:DBManager:connection_data:Object reference not set to an instance of an object.
24-05-2023 20:11:17:DBManager:connection_data:Object reference not set to an instance of an object.
24-05-2023 20:11:17:DBManager:connection_data:Object reference not set to an instance of an object.
24-05-2023 20:11:17:DBManager:connection_data:Object reference not set to an instance of an object.
24-05-2023 20:11:17:DBManager:connection_data:Object reference not set to an instance of an object.
24-05-2023 20:11:17:DBManager:connection_data:Object reference not set to an instance of an object.
24-05-2023 20:11:17:DBManager:connection_data:Object reference not set to an instance of an object.
24-05-2023 20:11:17:DBManager:connection_data:Object reference not set to an instance of an object.
24-05-2023 20:11:18:Paybylink:CheckStore:24-05-2023 20:11:18: Procedure or function 'Get_DB_Connection_Details' expects parameter '@db_name', which was not supplied.
24-05-2023 20:11:18:Paybylink:CheckStore:24-05-2023 20:11:18: Procedure or function 'Get_DB_Connection_Details' expects parameter '@db_name', which was not supplied.
24-05-2023 20:11:18:paybylink_Cashflow:Page_Load:The ConnectionString property has not been initialized.
24-05-2023 20:11:19:Paybylink:CheckStore:24-05-2023 20:11:19: Procedure or function 'Get_DB_Connection_Details' expects parameter '@db_name', which was not supplied.
24-05-2023 20:11:19:paybylink_Cashflow:Page_Load:The ConnectionString property has not been initialized.
24-05-2023 20:11:19:paybylink_Cashflow:Page_Load:The ConnectionString property has not been initialized.
24-05-2023 20:11:26:DBManager:connection_data:Object reference not set to an instance of an object.
24-05-2023 20:11:26:DBManager:connection_data:Object reference not set to an instance of an object.
24-05-2023 20:11:26:DBManager:connection_data:Object reference not set to an instance of an object.
24-05-2023 20:11:26:DBManager:connection_data:Object reference not set to an instance of an object.
24-05-2023 20:11:26:DBManager:connection_data:Object reference not set to an instance of an object.
24-05-2023 20:11:26:DBManager:connection_data:Object reference not set to an instance of an object.
24-05-2023 20:11:26:DBManager:connection_data:Object reference not set to an instance of an object.
24-05-2023 20:11:26:DBManager:connection_data:Object reference not set to an instance of an object.
24-05-2023 20:11:26:DBManager:connection_data:Object reference not set to an instance of an object.
24-05-2023 20:11:26:DBManager:connection_data:Object reference not set to an instance of an object.
24-05-2023 20:11:26:DBManager:connection_data:Object reference not set to an instance of an object.
24-05-2023 20:11:26:DBManager:connection_data:Object reference not set to an instance of an object.
24-05-2023 20:11:26:DBManager:connection_data:Object reference not set to an instance of an object.
24-05-2023 20:11:28:Paybylink:CheckStore:24-05-2023 20:11:28: Procedure or function 'Get_DB_Connection_Details' expects parameter '@db_name', which was not supplied.
24-05-2023 20:12:06:paybylink_Cashflow:Page_Load:The ConnectionString property has not been initialized.
24-05-2023 20:12:23:DBManager:connection_data:Object reference not set to an instance of an object.
24-05-2023 20:12:23:DBManager:connection_data:Object reference not set to an instance of an object.
24-05-2023 20:12:23:DBManager:connection_data:Object reference not set to an instance of an object.
24-05-2023 20:12:23:DBManager:connection_data:Object reference not set to an instance of an object.
24-05-2023 20:12:24:DBManager:connection_data:Object reference not set to an instance of an object.
24-05-2023 20:12:24:DBManager:connection_data:Object reference not set to an instance of an object.
24-05-2023 20:12:24:DBManager:connection_data:Object reference not set to an instance of an object.
24-05-2023 20:12:24:DBManager:connection_data:Object reference not set to an instance of an object.
24-05-2023 20:12:24:DBManager:connection_data:Object reference not set to an instance of an object.
24-05-2023 20:12:24:DBManager:connection_data:Object reference not set to an instance of an object.
24-05-2023 20:12:24:DBManager:connection_data:Object reference not set to an instance of an object.
24-05-2023 20:12:24:DBManager:connection_data:Object reference not set to an instance of an object.
24-05-2023 20:12:24:DBManager:connection_data:Object reference not set to an instance of an object.
24-05-2023 20:12:29:paybylink_Cashflow:Page_Load:1
24-05-2023 20:20:29:DBManager:connection_data:Object reference not set to an instance of an object.
24-05-2023 20:20:29:DBManager:connection_data:Object reference not set to an instance of an object.
24-05-2023 20:20:29:DBManager:connection_data:Object reference not set to an instance of an object.
24/05/2023 8:20:29 PM:SignIn:btnLogIn_Click:test
24-05-2023 20:20:34:DBManager:connection_data:Object reference not set to an instance of an object.
24-05-2023 20:20:34:DBManager:connection_data:Object reference not set to an instance of an object.
24-05-2023 20:20:34:DBManager:connection_data:Object reference not set to an instance of an object.
24-05-2023 20:20:34:DBManager:connection_data:Object reference not set to an instance of an object.
24-05-2023 20:20:34:DBManager:connection_data:Object reference not set to an instance of an object.
24-05-2023 20:20:34:DBManager:connection_data:Object reference not set to an instance of an object.
24-05-2023 20:20:34:DBManager:connection_data:Object reference not set to an instance of an object.
24-05-2023 20:20:34:DBManager:connection_data:Object reference not set to an instance of an object.
24-05-2023 20:20:34:DBManager:connection_data:Object reference not set to an instance of an object.
24-05-2023 20:20:34:DBManager:connection_data:Object reference not set to an instance of an object.
24-05-2023 20:20:34:DBManager:connection_data:Object reference not set to an instance of an object.
24-05-2023 20:20:34:DBManager:connection_data:Object reference not set to an instance of an object.
24-05-2023 20:20:34:DBManager:connection_data:Object reference not set to an instance of an object.
24-05-2023 20:20:40:paybylink_Cashflow:Page_Load:1
24-05-2023 20:20:51:DBManager:connection_data:Object reference not set to an instance of an object.
24-05-2023 20:20:51:DBManager:connection_data:Object reference not set to an instance of an object.
24-05-2023 20:20:51:DBManager:connection_data:Object reference not set to an instance of an object.
24-05-2023 20:20:52:DBManager:connection_data:Object reference not set to an instance of an object.
24-05-2023 20:20:52:DBManager:connection_data:Object reference not set to an instance of an object.
24-05-2023 20:20:52:DBManager:connection_data:Object reference not set to an instance of an object.
24-05-2023 20:20:52:DBManager:connection_data:Object reference not set to an instance of an object.
24-05-2023 20:20:52:DBManager:connection_data:Object reference not set to an instance of an object.
24-05-2023 20:20:52:DBManager:connection_data:Object reference not set to an instance of an object.
24-05-2023 20:20:52:DBManager:connection_data:Object reference not set to an instance of an object.
24-05-2023 20:20:52:DBManager:connection_data:Object reference not set to an instance of an object.
24-05-2023 20:20:52:DBManager:connection_data:Object reference not set to an instance of an object.
24-05-2023 20:20:52:DBManager:connection_data:Object reference not set to an instance of an object.
24-05-2023 20:20:55:paybylink_Cashflow:Page_Load:1
24-05-2023 20:21:27:DBManager:connection_data:Object reference not set to an instance of an object.
24-05-2023 20:21:27:DBManager:connection_data:Object reference not set to an instance of an object.
24-05-2023 20:21:27:DBManager:connection_data:Object reference not set to an instance of an object.
24-05-2023 20:21:27:DBManager:connection_data:Object reference not set to an instance of an object.
24-05-2023 20:21:27:DBManager:connection_data:Object reference not set to an instance of an object.
24-05-2023 20:21:27:DBManager:connection_data:Object reference not set to an instance of an object.
24-05-2023 20:21:27:DBManager:connection_data:Object reference not set to an instance of an object.
24-05-2023 20:21:27:DBManager:connection_data:Object reference not set to an instance of an object.
24-05-2023 20:21:27:DBManager:connection_data:Object reference not set to an instance of an object.
24-05-2023 20:21:27:DBManager:connection_data:Object reference not set to an instance of an object.
24-05-2023 20:21:27:DBManager:connection_data:Object reference not set to an instance of an object.
24-05-2023 20:21:27:DBManager:connection_data:Object reference not set to an instance of an object.
24-05-2023 20:21:27:DBManager:connection_data:Object reference not set to an instance of an object.
24-05-2023 20:21:30:paybylink_Cashflow:Page_Load:1
24-05-2023 20:21:31:paybylink_Cashflow:Page_Load:2
24-05-2023 20:21:34:paybylink_Cashflow:Page_Load:3
24-05-2023 20:21:53:paybylink_Cashflow:Page_Load:The request was aborted: Could not create SSL/TLS secure channel.
24-05-2023 20:22:03:DBManager:connection_data:Object reference not set to an instance of an object.
24-05-2023 20:22:03:DBManager:connection_data:Object reference not set to an instance of an object.
24-05-2023 20:22:03:DBManager:connection_data:Object reference not set to an instance of an object.
24-05-2023 20:22:03:DBManager:connection_data:Object reference not set to an instance of an object.
24-05-2023 20:22:03:DBManager:connection_data:Object reference not set to an instance of an object.
24-05-2023 20:22:03:DBManager:connection_data:Object reference not set to an instance of an object.
24-05-2023 20:22:03:DBManager:connection_data:Object reference not set to an instance of an object.
24-05-2023 20:22:03:DBManager:connection_data:Object reference not set to an instance of an object.
24-05-2023 20:22:03:DBManager:connection_data:Object reference not set to an instance of an object.
24-05-2023 20:22:03:DBManager:connection_data:Object reference not set to an instance of an object.
24-05-2023 20:22:03:DBManager:connection_data:Object reference not set to an instance of an object.
24-05-2023 20:22:03:DBManager:connection_data:Object reference not set to an instance of an object.
24-05-2023 20:22:04:DBManager:connection_data:Object reference not set to an instance of an object.
24-05-2023 20:22:06:paybylink_Cashflow:Page_Load:1
24-05-2023 20:22:06:paybylink_Cashflow:Page_Load:2
24-05-2023 20:22:06:paybylink_Cashflow:Page_Load:3
24-05-2023 20:22:07:paybylink_Cashflow:Page_Load:4https://gateway-int.cashflows.com/api/gateway/payment-jobs 666112c4-2f14-4c7f-b51a-08800f74e854 200526100000131072
24-05-2023 20:22:08:paybylink_Cashflow:Page_Load:5
24-05-2023 20:22:16:paybylink_Cashflow:Page_Load:Object reference not set to an instance of an object.
