8/12/2024 10:58:49 AM:DBManager:connection_data:Object reference not set to an instance of an object.
8/12/2024 10:58:49 AM:DBManager:connection_data:Object reference not set to an instance of an object.
8/12/2024 10:58:49 AM:DBManager:connection_data:Object reference not set to an instance of an object.
8/12/2024 10:58:49 AM:DBManager:connection_data:Object reference not set to an instance of an object.
8/12/2024 10:58:49 AM:DBManager:connection_data:Object reference not set to an instance of an object.
8/12/2024 10:58:49 AM:DBManager:connection_data:Object reference not set to an instance of an object.
8/12/2024 10:58:49 AM:DBManager:connection_data:Object reference not set to an instance of an object.
8/12/2024 10:58:49 AM:DBManager:connection_data:Object reference not set to an instance of an object.
8/12/2024 10:58:49 AM:DBManager:connection_data:Object reference not set to an instance of an object.
8/12/2024 10:58:49 AM:DBManager:connection_data:Object reference not set to an instance of an object.
8/12/2024 10:58:49 AM:DBManager:connection_data:Object reference not set to an instance of an object.
8/12/2024 10:58:49 AM:DBManager:connection_data:Object reference not set to an instance of an object.
8/12/2024 10:58:49 AM:DBManager:connection_data:Object reference not set to an instance of an object.
8/12/2024 10:58:49 AM:DBManager:connection_data:Object reference not set to an instance of an object.
8/12/2024 10:58:49 AM:DBManager:connection_data:Object reference not set to an instance of an object.
8/12/2024 10:58:49 AM:DBManager:connection_data:Object reference not set to an instance of an object.
8/12/2024 10:58:49 AM:DBManager:connection_data:Object reference not set to an instance of an object.
8/12/2024 10:58:49 AM:DBManager:connection_data:Object reference not set to an instance of an object.
8/12/2024 10:58:49 AM:DBManager:connection_data:Object reference not set to an instance of an object.
8/12/2024 10:58:49 AM:DBManager:connection_data:Object reference not set to an instance of an object.
8/12/2024 10:58:49 AM:DBManager:connection_data:Object reference not set to an instance of an object.
8/12/2024 10:58:49 AM:DBManager:connection_data:Object reference not set to an instance of an object.
8/12/2024 10:58:49 AM:DBManager:connection_data:Object reference not set to an instance of an object.
8/12/2024 10:58:49 AM:DBManager:connection_data:Object reference not set to an instance of an object.
8/12/2024 10:58:49 AM:DBManager:connection_data:Object reference not set to an instance of an object.
8/12/2024 10:58:49 AM:DBManager:connection_data:Object reference not set to an instance of an object.
8/12/2024 10:58:49 AM:DBManager:connection_data:Object reference not set to an instance of an object.
8/12/2024 10:58:49 AM:DBManager:connection_data:Object reference not set to an instance of an object.
8/12/2024 10:58:49 AM:DBManager:connection_data:Object reference not set to an instance of an object.
8/12/2024 10:58:49 AM:DBManager:connection_data:Object reference not set to an instance of an object.
8/12/2024 10:58:49 AM:DBManager:connection_data:Object reference not set to an instance of an object.
8/12/2024 10:58:49 AM:DBManager:connection_data:Object reference not set to an instance of an object.
8/12/2024 10:58:49 AM:DBManager:connection_data:Object reference not set to an instance of an object.
8/12/2024 10:58:49 AM:DBManager:connection_data:Object reference not set to an instance of an object.
8/12/2024 10:58:49 AM:DBManager:connection_data:Object reference not set to an instance of an object.
8/12/2024 10:58:49 AM:DBManager:connection_data:Object reference not set to an instance of an object.
8/12/2024 10:58:49 AM:DBManager:connection_data:Object reference not set to an instance of an object.
8/12/2024 10:58:49 AM:DBManager:connection_data:Object reference not set to an instance of an object.
8/12/2024 10:58:49 AM:DBManager:connection_data:Object reference not set to an instance of an object.
8/12/2024 10:58:49 AM:DBManager:connection_data:Object reference not set to an instance of an object.
8/12/2024 10:58:49 AM:DBManager:connection_data:Object reference not set to an instance of an object.
8/12/2024 10:58:49 AM:DBManager:connection_data:Object reference not set to an instance of an object.
8/12/2024 10:58:49 AM:DBManager:connection_data:Object reference not set to an instance of an object.
8/12/2024 10:58:49 AM:DBManager:connection_data:Object reference not set to an instance of an object.
8/12/2024 10:58:49 AM:DBManager:connection_data:Object reference not set to an instance of an object.
8/12/2024 10:58:49 AM:DBManager:connection_data:Object reference not set to an instance of an object.
8/12/2024 10:58:49 AM:DBManager:connection_data:Object reference not set to an instance of an object.
8/12/2024 10:58:49 AM:DBManager:connection_data:Object reference not set to an instance of an object.
8/12/2024 10:58:49 AM:DBManager:connection_data:Object reference not set to an instance of an object.
8/12/2024 10:58:49 AM:DBManager:connection_data:Object reference not set to an instance of an object.
8/12/2024 10:58:49 AM:DBManager:connection_data:Object reference not set to an instance of an object.
8/12/2024 10:58:49 AM:DBManager:connection_data:Object reference not set to an instance of an object.
8/12/2024 10:58:49 AM:DBManager:connection_data:Object reference not set to an instance of an object.
8/12/2024 10:58:49 AM:DBManager:connection_data:Object reference not set to an instance of an object.
8/12/2024 10:58:49 AM:DBManager:connection_data:Object reference not set to an instance of an object.
8/12/2024 10:58:49 AM:DBManager:connection_data:Object reference not set to an instance of an object.
8/12/2024 10:58:49 AM:DBManager:connection_data:Object reference not set to an instance of an object.
8/12/2024 10:58:49 AM:DBManager:connection_data:Object reference not set to an instance of an object.
8/12/2024 10:58:49 AM:DBManager:connection_data:Object reference not set to an instance of an object.
8/12/2024 10:58:49 AM:DBManager:connection_data:Object reference not set to an instance of an object.
8/12/2024 10:58:49 AM:DBManager:connection_data:Object reference not set to an instance of an object.
8/12/2024 10:58:49 AM:DBManager:connection_data:Object reference not set to an instance of an object.
8/12/2024 10:58:49 AM:DBManager:connection_data:Object reference not set to an instance of an object.
8/12/2024 10:58:49 AM:DBManager:connection_data:Object reference not set to an instance of an object.
8/12/2024 10:58:49 AM:DBManager:connection_data:Object reference not set to an instance of an object.
8/12/2024 10:58:49 AM:DBManager:connection_data:Object reference not set to an instance of an object.
8/12/2024 10:58:49 AM:DBManager:connection_data:Object reference not set to an instance of an object.
8/12/2024 10:58:49 AM:DBManager:connection_data:Object reference not set to an instance of an object.
8/12/2024 10:58:49 AM:DBManager:connection_data:Object reference not set to an instance of an object.
8/12/2024 10:58:49 AM:DBManager:connection_data:Object reference not set to an instance of an object.
8/12/2024 10:58:49 AM:DBManager:connection_data:Object reference not set to an instance of an object.
8/12/2024 10:58:49 AM:DBManager:connection_data:Object reference not set to an instance of an object.
8/12/2024 10:58:49 AM:DBManager:connection_data:Object reference not set to an instance of an object.
8/12/2024 10:58:49 AM:DBManager:connection_data:Object reference not set to an instance of an object.
8/12/2024 10:58:49 AM:DBManager:connection_data:Object reference not set to an instance of an object.
8/12/2024 10:58:49 AM:DBManager:connection_data:Object reference not set to an instance of an object.
8/12/2024 10:58:49 AM:DBManager:connection_data:Object reference not set to an instance of an object.
8/12/2024 10:58:49 AM:DBManager:connection_data:Object reference not set to an instance of an object.
8/12/2024 10:58:49 AM:DBManager:connection_data:Object reference not set to an instance of an object.
8/12/2024 10:58:49 AM:DBManager:connection_data:Object reference not set to an instance of an object.
8/12/2024 10:58:49 AM:DBManager:connection_data:Object reference not set to an instance of an object.
8/12/2024 10:58:49 AM:DBManager:connection_data:Object reference not set to an instance of an object.
8/12/2024 10:58:49 AM:DBManager:connection_data:Object reference not set to an instance of an object.
8/12/2024 10:58:49 AM:DBManager:connection_data:Object reference not set to an instance of an object.
8/12/2024 10:58:49 AM:DBManager:connection_data:Object reference not set to an instance of an object.
8/12/2024 10:58:49 AM:DBManager:connection_data:Object reference not set to an instance of an object.
8/12/2024 10:58:49 AM:DBManager:connection_data:Object reference not set to an instance of an object.
8/12/2024 10:58:49 AM:DBManager:connection_data:Object reference not set to an instance of an object.
8/12/2024 10:58:49 AM:DBManager:connection_data:Object reference not set to an instance of an object.
12/08/2024 10:58:49 AM:SignIn:btnLogIn_Click:test
12/08/2024 10:58:50 AM:SignIn:btnLogIn_Click:test
12/08/2024 10:58:50 AM:MasterPage:Page_Init:Thread was being aborted.
8/12/2024 10:59:11 AM:DBManager:connection_data:Object reference not set to an instance of an object.
8/12/2024 10:59:11 AM:DBManager:connection_data:Object reference not set to an instance of an object.
8/12/2024 10:59:11 AM:DBManager:connection_data:Object reference not set to an instance of an object.
12/08/2024 10:59:11 AM:SignIn:btnLogIn_Click:test
12/08/2024 10:59:11 AM:SignIn:btnLogIn_Click4:
12/08/2024 10:59:11 AM:SignIn:btnLogIn_Click5:
12/08/2024 10:59:11 AM:SignIn:btnLogIn_Click7:
12/08/2024 10:59:11 AM:SignIn:btnLogIn_Click8:
12/08/2024 10:59:11 AM:ClsDataccess:Getdatatable:The ConnectionString property has not been initialized.
8/12/2024 10:59:12 AM:DBManager:connection_data:Object reference not set to an instance of an object.
8/12/2024 10:59:12 AM:DBManager:connection_data:Object reference not set to an instance of an object.
8/12/2024 10:59:12 AM:DBManager:connection_data:Object reference not set to an instance of an object.
8/12/2024 10:59:12 AM:DBManager:connection_data:Object reference not set to an instance of an object.
8/12/2024 10:59:12 AM:DBManager:connection_data:Object reference not set to an instance of an object.
8/12/2024 10:59:12 AM:DBManager:connection_data:Object reference not set to an instance of an object.
8/12/2024 10:59:12 AM:DBManager:connection_data:Object reference not set to an instance of an object.
8/12/2024 10:59:12 AM:DBManager:connection_data:Object reference not set to an instance of an object.
8/12/2024 10:59:12 AM:DBManager:connection_data:Object reference not set to an instance of an object.
8/12/2024 10:59:12 AM:DBManager:connection_data:Object reference not set to an instance of an object.
8/12/2024 10:59:12 AM:DBManager:connection_data:Object reference not set to an instance of an object.
8/12/2024 10:59:12 AM:DBManager:connection_data:Object reference not set to an instance of an object.
8/12/2024 10:59:12 AM:DBManager:connection_data:Object reference not set to an instance of an object.
8/12/2024 10:59:12 AM:DBManager:connection_data:Object reference not set to an instance of an object.
8/12/2024 10:59:12 AM:DBManager:connection_data:Object reference not set to an instance of an object.
8/12/2024 10:59:12 AM:DBManager:connection_data:Object reference not set to an instance of an object.
8/12/2024 10:59:12 AM:DBManager:connection_data:Object reference not set to an instance of an object.
8/12/2024 10:59:12 AM:DBManager:connection_data:Object reference not set to an instance of an object.
8/12/2024 10:59:12 AM:DBManager:connection_data:Object reference not set to an instance of an object.
8/12/2024 10:59:12 AM:DBManager:connection_data:Object reference not set to an instance of an object.
8/12/2024 10:59:12 AM:DBManager:connection_data:Object reference not set to an instance of an object.
8/12/2024 10:59:12 AM:DBManager:connection_data:Object reference not set to an instance of an object.
8/12/2024 10:59:12 AM:DBManager:connection_data:Object reference not set to an instance of an object.
8/12/2024 10:59:12 AM:DBManager:connection_data:Object reference not set to an instance of an object.
8/12/2024 10:59:12 AM:DBManager:connection_data:Object reference not set to an instance of an object.
8/12/2024 10:59:12 AM:DBManager:connection_data:Object reference not set to an instance of an object.
8/12/2024 10:59:12 AM:DBManager:connection_data:Object reference not set to an instance of an object.
8/12/2024 10:59:12 AM:DBManager:connection_data:Object reference not set to an instance of an object.
8/12/2024 10:59:12 AM:DBManager:connection_data:Object reference not set to an instance of an object.
8/12/2024 10:59:12 AM:DBManager:connection_data:Object reference not set to an instance of an object.
8/12/2024 10:59:12 AM:DBManager:connection_data:Object reference not set to an instance of an object.
8/12/2024 10:59:12 AM:DBManager:connection_data:Object reference not set to an instance of an object.
8/12/2024 10:59:12 AM:DBManager:connection_data:Object reference not set to an instance of an object.
8/12/2024 10:59:12 AM:DBManager:connection_data:Object reference not set to an instance of an object.
8/12/2024 10:59:12 AM:DBManager:connection_data:Object reference not set to an instance of an object.
8/12/2024 10:59:12 AM:DBManager:connection_data:Object reference not set to an instance of an object.
8/12/2024 10:59:12 AM:DBManager:connection_data:Object reference not set to an instance of an object.
8/12/2024 10:59:12 AM:DBManager:connection_data:Object reference not set to an instance of an object.
8/12/2024 10:59:12 AM:DBManager:connection_data:Object reference not set to an instance of an object.
8/12/2024 10:59:12 AM:DBManager:connection_data:Object reference not set to an instance of an object.
8/12/2024 10:59:12 AM:DBManager:connection_data:Object reference not set to an instance of an object.
8/12/2024 10:59:12 AM:DBManager:connection_data:Object reference not set to an instance of an object.
8/12/2024 10:59:12 AM:DBManager:connection_data:Object reference not set to an instance of an object.
8/12/2024 10:59:12 AM:DBManager:connection_data:Object reference not set to an instance of an object.
8/12/2024 10:59:12 AM:DBManager:connection_data:Object reference not set to an instance of an object.
8/12/2024 10:59:12 AM:DBManager:connection_data:Object reference not set to an instance of an object.
8/12/2024 10:59:12 AM:DBManager:connection_data:Object reference not set to an instance of an object.
8/12/2024 10:59:12 AM:DBManager:connection_data:Object reference not set to an instance of an object.
8/12/2024 10:59:12 AM:DBManager:connection_data:Object reference not set to an instance of an object.
8/12/2024 10:59:12 AM:DBManager:connection_data:Object reference not set to an instance of an object.
8/12/2024 10:59:12 AM:DBManager:connection_data:Object reference not set to an instance of an object.
8/12/2024 10:59:12 AM:DBManager:connection_data:Object reference not set to an instance of an object.
8/12/2024 10:59:12 AM:DBManager:connection_data:Object reference not set to an instance of an object.
8/12/2024 10:59:12 AM:DBManager:connection_data:Object reference not set to an instance of an object.
8/12/2024 10:59:12 AM:DBManager:connection_data:Object reference not set to an instance of an object.
8/12/2024 10:59:12 AM:DBManager:connection_data:Object reference not set to an instance of an object.
8/12/2024 10:59:12 AM:DBManager:connection_data:Object reference not set to an instance of an object.
8/12/2024 10:59:12 AM:DBManager:connection_data:Object reference not set to an instance of an object.
8/12/2024 10:59:12 AM:DBManager:connection_data:Object reference not set to an instance of an object.
8/12/2024 10:59:12 AM:DBManager:connection_data:Object reference not set to an instance of an object.
8/12/2024 10:59:12 AM:DBManager:connection_data:Object reference not set to an instance of an object.
8/12/2024 10:59:12 AM:DBManager:connection_data:Object reference not set to an instance of an object.
8/12/2024 10:59:12 AM:DBManager:connection_data:Object reference not set to an instance of an object.
8/12/2024 10:59:12 AM:DBManager:connection_data:Object reference not set to an instance of an object.
8/12/2024 10:59:12 AM:DBManager:connection_data:Object reference not set to an instance of an object.
8/12/2024 10:59:12 AM:DBManager:connection_data:Object reference not set to an instance of an object.
8/12/2024 10:59:12 AM:DBManager:connection_data:Object reference not set to an instance of an object.
8/12/2024 10:59:12 AM:DBManager:connection_data:Object reference not set to an instance of an object.
8/12/2024 10:59:12 AM:DBManager:connection_data:Object reference not set to an instance of an object.
8/12/2024 10:59:12 AM:DBManager:connection_data:Object reference not set to an instance of an object.
8/12/2024 10:59:12 AM:DBManager:connection_data:Object reference not set to an instance of an object.
8/12/2024 10:59:12 AM:DBManager:connection_data:Object reference not set to an instance of an object.
8/12/2024 10:59:12 AM:DBManager:connection_data:Object reference not set to an instance of an object.
8/12/2024 10:59:12 AM:DBManager:connection_data:Object reference not set to an instance of an object.
8/12/2024 10:59:12 AM:DBManager:connection_data:Object reference not set to an instance of an object.
8/12/2024 10:59:12 AM:DBManager:connection_data:Object reference not set to an instance of an object.
8/12/2024 10:59:12 AM:DBManager:connection_data:Object reference not set to an instance of an object.
8/12/2024 10:59:14 AM:DBManager:connection_data:Object reference not set to an instance of an object.
8/12/2024 10:59:14 AM:DBManager:connection_data:Object reference not set to an instance of an object.
8/12/2024 10:59:14 AM:DBManager:connection_data:Object reference not set to an instance of an object.
8/12/2024 10:59:14 AM:DBManager:connection_data:Object reference not set to an instance of an object.
8/12/2024 10:59:14 AM:DBManager:connection_data:Object reference not set to an instance of an object.
8/12/2024 10:59:14 AM:DBManager:connection_data:Object reference not set to an instance of an object.
8/12/2024 10:59:14 AM:DBManager:connection_data:Object reference not set to an instance of an object.
8/12/2024 10:59:14 AM:DBManager:connection_data:Object reference not set to an instance of an object.
8/12/2024 10:59:14 AM:DBManager:connection_data:Object reference not set to an instance of an object.
8/12/2024 10:59:14 AM:DBManager:connection_data:Object reference not set to an instance of an object.
8/12/2024 10:59:14 AM:DBManager:connection_data:Object reference not set to an instance of an object.
8/12/2024 10:59:14 AM:DBManager:connection_data:Object reference not set to an instance of an object.
8/12/2024 10:59:14 AM:DBManager:connection_data:Object reference not set to an instance of an object.
8/12/2024 10:59:14 AM:DBManager:connection_data:Object reference not set to an instance of an object.
8/12/2024 10:59:14 AM:DBManager:connection_data:Object reference not set to an instance of an object.
8/12/2024 10:59:14 AM:DBManager:connection_data:Object reference not set to an instance of an object.
8/12/2024 10:59:14 AM:DBManager:connection_data:Object reference not set to an instance of an object.
8/12/2024 10:59:14 AM:DBManager:connection_data:Object reference not set to an instance of an object.
8/12/2024 10:59:14 AM:DBManager:connection_data:Object reference not set to an instance of an object.
8/12/2024 10:59:14 AM:DBManager:connection_data:Object reference not set to an instance of an object.
8/12/2024 10:59:14 AM:DBManager:connection_data:Object reference not set to an instance of an object.
8/12/2024 10:59:14 AM:DBManager:connection_data:Object reference not set to an instance of an object.
8/12/2024 10:59:14 AM:DBManager:connection_data:Object reference not set to an instance of an object.
8/12/2024 10:59:14 AM:DBManager:connection_data:Object reference not set to an instance of an object.
8/12/2024 10:59:14 AM:DBManager:connection_data:Object reference not set to an instance of an object.
8/12/2024 10:59:14 AM:DBManager:connection_data:Object reference not set to an instance of an object.
8/12/2024 10:59:14 AM:DBManager:connection_data:Object reference not set to an instance of an object.
8/12/2024 10:59:14 AM:DBManager:connection_data:Object reference not set to an instance of an object.
8/12/2024 10:59:14 AM:DBManager:connection_data:Object reference not set to an instance of an object.
8/12/2024 10:59:14 AM:DBManager:connection_data:Object reference not set to an instance of an object.
8/12/2024 10:59:14 AM:DBManager:connection_data:Object reference not set to an instance of an object.
8/12/2024 10:59:14 AM:DBManager:connection_data:Object reference not set to an instance of an object.
8/12/2024 10:59:14 AM:DBManager:connection_data:Object reference not set to an instance of an object.
8/12/2024 10:59:14 AM:DBManager:connection_data:Object reference not set to an instance of an object.
8/12/2024 10:59:14 AM:DBManager:connection_data:Object reference not set to an instance of an object.
8/12/2024 10:59:14 AM:DBManager:connection_data:Object reference not set to an instance of an object.
8/12/2024 10:59:14 AM:DBManager:connection_data:Object reference not set to an instance of an object.
8/12/2024 10:59:14 AM:DBManager:connection_data:Object reference not set to an instance of an object.
8/12/2024 10:59:14 AM:DBManager:connection_data:Object reference not set to an instance of an object.
8/12/2024 10:59:14 AM:DBManager:connection_data:Object reference not set to an instance of an object.
8/12/2024 10:59:14 AM:DBManager:connection_data:Object reference not set to an instance of an object.
8/12/2024 10:59:14 AM:DBManager:connection_data:Object reference not set to an instance of an object.
8/12/2024 10:59:14 AM:DBManager:connection_data:Object reference not set to an instance of an object.
8/12/2024 10:59:14 AM:DBManager:connection_data:Object reference not set to an instance of an object.
8/12/2024 10:59:14 AM:DBManager:connection_data:Object reference not set to an instance of an object.
8/12/2024 10:59:14 AM:DBManager:connection_data:Object reference not set to an instance of an object.
8/12/2024 10:59:14 AM:DBManager:connection_data:Object reference not set to an instance of an object.
8/12/2024 10:59:14 AM:DBManager:connection_data:Object reference not set to an instance of an object.
8/12/2024 10:59:14 AM:DBManager:connection_data:Object reference not set to an instance of an object.
8/12/2024 10:59:14 AM:DBManager:connection_data:Object reference not set to an instance of an object.
8/12/2024 10:59:14 AM:DBManager:connection_data:Object reference not set to an instance of an object.
8/12/2024 10:59:14 AM:DBManager:connection_data:Object reference not set to an instance of an object.
8/12/2024 10:59:14 AM:DBManager:connection_data:Object reference not set to an instance of an object.
8/12/2024 10:59:14 AM:DBManager:connection_data:Object reference not set to an instance of an object.
8/12/2024 10:59:14 AM:DBManager:connection_data:Object reference not set to an instance of an object.
8/12/2024 10:59:14 AM:DBManager:connection_data:Object reference not set to an instance of an object.
8/12/2024 10:59:14 AM:DBManager:connection_data:Object reference not set to an instance of an object.
8/12/2024 10:59:14 AM:DBManager:connection_data:Object reference not set to an instance of an object.
8/12/2024 10:59:14 AM:DBManager:connection_data:Object reference not set to an instance of an object.
8/12/2024 10:59:14 AM:DBManager:connection_data:Object reference not set to an instance of an object.
8/12/2024 10:59:14 AM:DBManager:connection_data:Object reference not set to an instance of an object.
8/12/2024 10:59:14 AM:DBManager:connection_data:Object reference not set to an instance of an object.
8/12/2024 10:59:14 AM:DBManager:connection_data:Object reference not set to an instance of an object.
8/12/2024 10:59:14 AM:DBManager:connection_data:Object reference not set to an instance of an object.
8/12/2024 10:59:14 AM:DBManager:connection_data:Object reference not set to an instance of an object.
8/12/2024 10:59:14 AM:DBManager:connection_data:Object reference not set to an instance of an object.
8/12/2024 10:59:14 AM:DBManager:connection_data:Object reference not set to an instance of an object.
8/12/2024 10:59:14 AM:DBManager:connection_data:Object reference not set to an instance of an object.
8/12/2024 10:59:14 AM:DBManager:connection_data:Object reference not set to an instance of an object.
8/12/2024 10:59:14 AM:DBManager:connection_data:Object reference not set to an instance of an object.
8/12/2024 10:59:14 AM:DBManager:connection_data:Object reference not set to an instance of an object.
8/12/2024 10:59:14 AM:DBManager:connection_data:Object reference not set to an instance of an object.
8/12/2024 10:59:14 AM:DBManager:connection_data:Object reference not set to an instance of an object.
8/12/2024 10:59:14 AM:DBManager:connection_data:Object reference not set to an instance of an object.
8/12/2024 10:59:14 AM:DBManager:connection_data:Object reference not set to an instance of an object.
8/12/2024 10:59:14 AM:DBManager:connection_data:Object reference not set to an instance of an object.
8/12/2024 10:59:14 AM:DBManager:connection_data:Object reference not set to an instance of an object.
8/12/2024 10:59:26 AM:DBManager:connection_data:Object reference not set to an instance of an object.
8/12/2024 10:59:26 AM:DBManager:connection_data:Object reference not set to an instance of an object.
8/12/2024 10:59:26 AM:DBManager:connection_data:Object reference not set to an instance of an object.
8/12/2024 10:59:26 AM:DBManager:connection_data:Object reference not set to an instance of an object.
8/12/2024 10:59:26 AM:DBManager:connection_data:Object reference not set to an instance of an object.
8/12/2024 10:59:26 AM:DBManager:connection_data:Object reference not set to an instance of an object.
8/12/2024 10:59:26 AM:DBManager:connection_data:Object reference not set to an instance of an object.
8/12/2024 10:59:26 AM:DBManager:connection_data:Object reference not set to an instance of an object.
8/12/2024 10:59:26 AM:DBManager:connection_data:Object reference not set to an instance of an object.
8/12/2024 10:59:26 AM:DBManager:connection_data:Object reference not set to an instance of an object.
8/12/2024 10:59:26 AM:DBManager:connection_data:Object reference not set to an instance of an object.
8/12/2024 10:59:26 AM:DBManager:connection_data:Object reference not set to an instance of an object.
8/12/2024 10:59:26 AM:DBManager:connection_data:Object reference not set to an instance of an object.
8/12/2024 10:59:26 AM:DBManager:connection_data:Object reference not set to an instance of an object.
8/12/2024 10:59:26 AM:DBManager:connection_data:Object reference not set to an instance of an object.
8/12/2024 10:59:26 AM:DBManager:connection_data:Object reference not set to an instance of an object.
8/12/2024 10:59:26 AM:DBManager:connection_data:Object reference not set to an instance of an object.
8/12/2024 10:59:26 AM:DBManager:connection_data:Object reference not set to an instance of an object.
8/12/2024 10:59:26 AM:DBManager:connection_data:Object reference not set to an instance of an object.
8/12/2024 10:59:26 AM:DBManager:connection_data:Object reference not set to an instance of an object.
8/12/2024 10:59:26 AM:DBManager:connection_data:Object reference not set to an instance of an object.
8/12/2024 10:59:26 AM:DBManager:connection_data:Object reference not set to an instance of an object.
8/12/2024 10:59:26 AM:DBManager:connection_data:Object reference not set to an instance of an object.
8/12/2024 10:59:26 AM:DBManager:connection_data:Object reference not set to an instance of an object.
8/12/2024 10:59:26 AM:DBManager:connection_data:Object reference not set to an instance of an object.
8/12/2024 10:59:26 AM:DBManager:connection_data:Object reference not set to an instance of an object.
8/12/2024 10:59:26 AM:DBManager:connection_data:Object reference not set to an instance of an object.
8/12/2024 10:59:26 AM:DBManager:connection_data:Object reference not set to an instance of an object.
8/12/2024 10:59:26 AM:DBManager:connection_data:Object reference not set to an instance of an object.
8/12/2024 10:59:26 AM:DBManager:connection_data:Object reference not set to an instance of an object.
8/12/2024 10:59:26 AM:DBManager:connection_data:Object reference not set to an instance of an object.
8/12/2024 10:59:26 AM:DBManager:connection_data:Object reference not set to an instance of an object.
8/12/2024 10:59:26 AM:DBManager:connection_data:Object reference not set to an instance of an object.
8/12/2024 10:59:26 AM:DBManager:connection_data:Object reference not set to an instance of an object.
8/12/2024 10:59:26 AM:DBManager:connection_data:Object reference not set to an instance of an object.
8/12/2024 10:59:26 AM:DBManager:connection_data:Object reference not set to an instance of an object.
8/12/2024 10:59:26 AM:DBManager:connection_data:Object reference not set to an instance of an object.
8/12/2024 10:59:26 AM:DBManager:connection_data:Object reference not set to an instance of an object.
8/12/2024 10:59:26 AM:DBManager:connection_data:Object reference not set to an instance of an object.
8/12/2024 10:59:26 AM:DBManager:connection_data:Object reference not set to an instance of an object.
8/12/2024 10:59:26 AM:DBManager:connection_data:Object reference not set to an instance of an object.
8/12/2024 10:59:26 AM:DBManager:connection_data:Object reference not set to an instance of an object.
8/12/2024 10:59:26 AM:DBManager:connection_data:Object reference not set to an instance of an object.
8/12/2024 10:59:26 AM:DBManager:connection_data:Object reference not set to an instance of an object.
8/12/2024 10:59:26 AM:DBManager:connection_data:Object reference not set to an instance of an object.
8/12/2024 10:59:26 AM:DBManager:connection_data:Object reference not set to an instance of an object.
8/12/2024 10:59:26 AM:DBManager:connection_data:Object reference not set to an instance of an object.
8/12/2024 10:59:26 AM:DBManager:connection_data:Object reference not set to an instance of an object.
8/12/2024 10:59:26 AM:DBManager:connection_data:Object reference not set to an instance of an object.
8/12/2024 10:59:26 AM:DBManager:connection_data:Object reference not set to an instance of an object.
8/12/2024 10:59:26 AM:DBManager:connection_data:Object reference not set to an instance of an object.
8/12/2024 10:59:26 AM:DBManager:connection_data:Object reference not set to an instance of an object.
8/12/2024 10:59:26 AM:DBManager:connection_data:Object reference not set to an instance of an object.
8/12/2024 10:59:26 AM:DBManager:connection_data:Object reference not set to an instance of an object.
8/12/2024 10:59:26 AM:DBManager:connection_data:Object reference not set to an instance of an object.
8/12/2024 10:59:26 AM:DBManager:connection_data:Object reference not set to an instance of an object.
8/12/2024 10:59:26 AM:DBManager:connection_data:Object reference not set to an instance of an object.
8/12/2024 10:59:26 AM:DBManager:connection_data:Object reference not set to an instance of an object.
8/12/2024 10:59:26 AM:DBManager:connection_data:Object reference not set to an instance of an object.
8/12/2024 10:59:26 AM:DBManager:connection_data:Object reference not set to an instance of an object.
8/12/2024 10:59:26 AM:DBManager:connection_data:Object reference not set to an instance of an object.
8/12/2024 10:59:26 AM:DBManager:connection_data:Object reference not set to an instance of an object.
8/12/2024 10:59:26 AM:DBManager:connection_data:Object reference not set to an instance of an object.
8/12/2024 10:59:26 AM:DBManager:connection_data:Object reference not set to an instance of an object.
8/12/2024 10:59:26 AM:DBManager:connection_data:Object reference not set to an instance of an object.
8/12/2024 10:59:26 AM:DBManager:connection_data:Object reference not set to an instance of an object.
8/12/2024 10:59:26 AM:DBManager:connection_data:Object reference not set to an instance of an object.
8/12/2024 10:59:26 AM:DBManager:connection_data:Object reference not set to an instance of an object.
8/12/2024 10:59:26 AM:DBManager:connection_data:Object reference not set to an instance of an object.
8/12/2024 10:59:26 AM:DBManager:connection_data:Object reference not set to an instance of an object.
8/12/2024 10:59:26 AM:DBManager:connection_data:Object reference not set to an instance of an object.
8/12/2024 10:59:26 AM:DBManager:connection_data:Object reference not set to an instance of an object.
8/12/2024 10:59:26 AM:DBManager:connection_data:Object reference not set to an instance of an object.
8/12/2024 10:59:26 AM:DBManager:connection_data:Object reference not set to an instance of an object.
8/12/2024 10:59:26 AM:DBManager:connection_data:Object reference not set to an instance of an object.
8/12/2024 10:59:26 AM:DBManager:connection_data:Object reference not set to an instance of an object.
8/12/2024 10:59:26 AM:DBManager:connection_data:Object reference not set to an instance of an object.
8/12/2024 10:59:26 AM:DBManager:connection_data:Object reference not set to an instance of an object.
8/12/2024 10:59:26 AM:DBManager:connection_data:Object reference not set to an instance of an object.
8/12/2024 10:59:26 AM:DBManager:connection_data:Object reference not set to an instance of an object.
8/12/2024 10:59:26 AM:DBManager:connection_data:Object reference not set to an instance of an object.
8/12/2024 10:59:26 AM:DBManager:connection_data:Object reference not set to an instance of an object.
8/12/2024 10:59:26 AM:DBManager:connection_data:Object reference not set to an instance of an object.
8/12/2024 10:59:26 AM:DBManager:connection_data:Object reference not set to an instance of an object.
8/12/2024 10:59:26 AM:DBManager:connection_data:Object reference not set to an instance of an object.
8/12/2024 10:59:26 AM:DBManager:connection_data:Object reference not set to an instance of an object.
8/12/2024 10:59:26 AM:DBManager:connection_data:Object reference not set to an instance of an object.
8/12/2024 10:59:26 AM:DBManager:connection_data:Object reference not set to an instance of an object.
12/08/2024 10:59:27 AM:ClsSessionManager:CreateSessionDT:Conversion from type 'DataTable' to type 'String' is not valid.
