10/26/2023 10:08:38 AM:DBManager:connection_data:Object reference not set to an instance of an object.
10/26/2023 10:08:38 AM:DBManager:connection_data:Object reference not set to an instance of an object.
10/26/2023 10:08:38 AM:DBManager:connection_data:Object reference not set to an instance of an object.
10/26/2023 10:08:38 AM:DBManager:connection_data:Object reference not set to an instance of an object.
10/26/2023 10:08:38 AM:DBManager:connection_data:Object reference not set to an instance of an object.
10/26/2023 10:08:38 AM:DBManager:connection_data:Object reference not set to an instance of an object.
10/26/2023 10:08:38 AM:DBManager:connection_data:Object reference not set to an instance of an object.
10/26/2023 10:08:38 AM:DBManager:connection_data:Object reference not set to an instance of an object.
10/26/2023 10:08:38 AM:DBManager:connection_data:Object reference not set to an instance of an object.
10/26/2023 10:08:38 AM:DBManager:connection_data:Object reference not set to an instance of an object.
10/26/2023 10:08:38 AM:DBManager:connection_data:Object reference not set to an instance of an object.
10/26/2023 10:08:38 AM:DBManager:connection_data:Object reference not set to an instance of an object.
10/26/2023 10:08:38 AM:DBManager:connection_data:Object reference not set to an instance of an object.
10/26/2023 10:08:38 AM:DBManager:connection_data:Object reference not set to an instance of an object.
10/26/2023 10:08:38 AM:DBManager:connection_data:Object reference not set to an instance of an object.
10/26/2023 10:08:38 AM:DBManager:connection_data:Object reference not set to an instance of an object.
10/26/2023 10:08:38 AM:DBManager:connection_data:Object reference not set to an instance of an object.
10/26/2023 10:08:38 AM:DBManager:connection_data:Object reference not set to an instance of an object.
10/26/2023 10:08:38 AM:DBManager:connection_data:Object reference not set to an instance of an object.
10/26/2023 10:08:38 AM:DBManager:connection_data:Object reference not set to an instance of an object.
10/26/2023 10:08:38 AM:DBManager:connection_data:Object reference not set to an instance of an object.
10/26/2023 10:08:38 AM:DBManager:connection_data:Object reference not set to an instance of an object.
10/26/2023 10:08:38 AM:DBManager:connection_data:Object reference not set to an instance of an object.
10/26/2023 10:08:38 AM:DBManager:connection_data:Object reference not set to an instance of an object.
10/26/2023 10:08:38 AM:DBManager:connection_data:Object reference not set to an instance of an object.
10/26/2023 10:08:38 AM:DBManager:connection_data:Object reference not set to an instance of an object.
10/26/2023 10:08:38 AM:DBManager:connection_data:Object reference not set to an instance of an object.
10/26/2023 10:08:38 AM:DBManager:connection_data:Object reference not set to an instance of an object.
10/26/2023 10:08:38 AM:DBManager:connection_data:Object reference not set to an instance of an object.
10/26/2023 10:08:38 AM:DBManager:connection_data:Object reference not set to an instance of an object.
10/26/2023 10:08:38 AM:DBManager:connection_data:Object reference not set to an instance of an object.
10/26/2023 10:08:38 AM:DBManager:connection_data:Object reference not set to an instance of an object.
10/26/2023 10:08:38 AM:DBManager:connection_data:Object reference not set to an instance of an object.
10/26/2023 10:08:38 AM:DBManager:connection_data:Object reference not set to an instance of an object.
10/26/2023 10:08:38 AM:DBManager:connection_data:Object reference not set to an instance of an object.
10/26/2023 10:08:38 AM:DBManager:connection_data:Object reference not set to an instance of an object.
10/26/2023 10:08:38 AM:DBManager:connection_data:Object reference not set to an instance of an object.
10/26/2023 10:08:38 AM:DBManager:connection_data:Object reference not set to an instance of an object.
10/26/2023 10:08:38 AM:DBManager:connection_data:Object reference not set to an instance of an object.
10/26/2023 10:08:38 AM:DBManager:connection_data:Object reference not set to an instance of an object.
10/26/2023 10:08:38 AM:DBManager:connection_data:Object reference not set to an instance of an object.
10/26/2023 10:08:38 AM:DBManager:connection_data:Object reference not set to an instance of an object.
10/26/2023 10:08:38 AM:DBManager:connection_data:Object reference not set to an instance of an object.
10/26/2023 10:08:38 AM:DBManager:connection_data:Object reference not set to an instance of an object.
10/26/2023 10:08:38 AM:DBManager:connection_data:Object reference not set to an instance of an object.
10/26/2023 10:08:38 AM:DBManager:connection_data:Object reference not set to an instance of an object.
10/26/2023 10:08:38 AM:DBManager:connection_data:Object reference not set to an instance of an object.
10/26/2023 10:08:38 AM:DBManager:connection_data:Object reference not set to an instance of an object.
10/26/2023 10:08:38 AM:DBManager:connection_data:Object reference not set to an instance of an object.
10/26/2023 10:08:38 AM:DBManager:connection_data:Object reference not set to an instance of an object.
10/26/2023 10:08:38 AM:DBManager:connection_data:Object reference not set to an instance of an object.
10/26/2023 10:08:38 AM:DBManager:connection_data:Object reference not set to an instance of an object.
10/26/2023 10:08:38 AM:DBManager:connection_data:Object reference not set to an instance of an object.
10/26/2023 10:08:38 AM:DBManager:connection_data:Object reference not set to an instance of an object.
10/26/2023 10:08:38 AM:DBManager:connection_data:Object reference not set to an instance of an object.
10/26/2023 10:08:38 AM:DBManager:connection_data:Object reference not set to an instance of an object.
10/26/2023 10:08:38 AM:DBManager:connection_data:Object reference not set to an instance of an object.
10/26/2023 10:08:38 AM:DBManager:connection_data:Object reference not set to an instance of an object.
10/26/2023 10:08:38 AM:DBManager:connection_data:Object reference not set to an instance of an object.
10/26/2023 10:08:38 AM:DBManager:connection_data:Object reference not set to an instance of an object.
10/26/2023 10:08:38 AM:DBManager:connection_data:Object reference not set to an instance of an object.
10/26/2023 10:08:38 AM:DBManager:connection_data:Object reference not set to an instance of an object.
10/26/2023 10:08:38 AM:DBManager:connection_data:Object reference not set to an instance of an object.
10/26/2023 10:08:38 AM:DBManager:connection_data:Object reference not set to an instance of an object.
10/26/2023 10:08:38 AM:DBManager:connection_data:Object reference not set to an instance of an object.
10/26/2023 10:08:38 AM:DBManager:connection_data:Object reference not set to an instance of an object.
10/26/2023 10:08:38 AM:DBManager:connection_data:Object reference not set to an instance of an object.
10/26/2023 10:08:38 AM:DBManager:connection_data:Object reference not set to an instance of an object.
10/26/2023 10:08:38 AM:DBManager:connection_data:Object reference not set to an instance of an object.
10/26/2023 10:08:38 AM:DBManager:connection_data:Object reference not set to an instance of an object.
10/26/2023 10:08:38 AM:DBManager:connection_data:Object reference not set to an instance of an object.
10/26/2023 10:08:38 AM:DBManager:connection_data:Object reference not set to an instance of an object.
10/26/2023 10:08:38 AM:DBManager:connection_data:Object reference not set to an instance of an object.
10/26/2023 10:08:38 AM:DBManager:connection_data:Object reference not set to an instance of an object.
10/26/2023 10:08:38 AM:DBManager:connection_data:Object reference not set to an instance of an object.
10/26/2023 10:08:38 AM:DBManager:connection_data:Object reference not set to an instance of an object.
10/26/2023 10:08:38 AM:DBManager:connection_data:Object reference not set to an instance of an object.
10/26/2023 10:08:38 AM:DBManager:connection_data:Object reference not set to an instance of an object.
10/26/2023 10:08:38 AM:DBManager:connection_data:Object reference not set to an instance of an object.
10/26/2023 10:08:38 AM:DBManager:connection_data:Object reference not set to an instance of an object.
10/26/2023 10:08:38 AM:DBManager:connection_data:Object reference not set to an instance of an object.
10/26/2023 10:08:38 AM:DBManager:connection_data:Object reference not set to an instance of an object.
10/26/2023 10:08:38 AM:DBManager:connection_data:Object reference not set to an instance of an object.
26/10/2023 10:08:38 AM:MasterPage:Page_Init:Thread was being aborted.
10/26/2023 10:08:38 AM:DBManager:connection_data:Object reference not set to an instance of an object.
10/26/2023 10:08:38 AM:DBManager:connection_data:Object reference not set to an instance of an object.
10/26/2023 10:08:38 AM:DBManager:connection_data:Object reference not set to an instance of an object.
26/10/2023 10:08:38 AM:SignIn:btnLogIn_Click:test
10/26/2023 10:09:14 AM:DBManager:connection_data:Object reference not set to an instance of an object.
10/26/2023 10:09:14 AM:DBManager:connection_data:Object reference not set to an instance of an object.
10/26/2023 10:09:14 AM:DBManager:connection_data:Object reference not set to an instance of an object.
26/10/2023 10:09:14 AM:SignIn:btnLogIn_Click:test
26/10/2023 10:09:15 AM:SignIn:btnLogIn_Click4:
26/10/2023 10:09:15 AM:SignIn:btnLogIn_Click5:
26/10/2023 10:09:15 AM:SignIn:btnLogIn_Click7:
26/10/2023 10:09:15 AM:SignIn:btnLogIn_Click8:
26/10/2023 10:09:15 AM:ClsDataccess:Getdatatable:The ConnectionString property has not been initialized.
10/26/2023 10:09:15 AM:DBManager:connection_data:Object reference not set to an instance of an object.
10/26/2023 10:09:15 AM:DBManager:connection_data:Object reference not set to an instance of an object.
10/26/2023 10:09:15 AM:DBManager:connection_data:Object reference not set to an instance of an object.
10/26/2023 10:09:15 AM:DBManager:connection_data:Object reference not set to an instance of an object.
10/26/2023 10:09:15 AM:DBManager:connection_data:Object reference not set to an instance of an object.
10/26/2023 10:09:15 AM:DBManager:connection_data:Object reference not set to an instance of an object.
10/26/2023 10:09:15 AM:DBManager:connection_data:Object reference not set to an instance of an object.
10/26/2023 10:09:15 AM:DBManager:connection_data:Object reference not set to an instance of an object.
10/26/2023 10:09:15 AM:DBManager:connection_data:Object reference not set to an instance of an object.
10/26/2023 10:09:15 AM:DBManager:connection_data:Object reference not set to an instance of an object.
10/26/2023 10:09:15 AM:DBManager:connection_data:Object reference not set to an instance of an object.
10/26/2023 10:09:15 AM:DBManager:connection_data:Object reference not set to an instance of an object.
10/26/2023 10:09:15 AM:DBManager:connection_data:Object reference not set to an instance of an object.
10/26/2023 10:09:15 AM:DBManager:connection_data:Object reference not set to an instance of an object.
10/26/2023 10:09:15 AM:DBManager:connection_data:Object reference not set to an instance of an object.
10/26/2023 10:09:15 AM:DBManager:connection_data:Object reference not set to an instance of an object.
10/26/2023 10:09:15 AM:DBManager:connection_data:Object reference not set to an instance of an object.
10/26/2023 10:09:15 AM:DBManager:connection_data:Object reference not set to an instance of an object.
10/26/2023 10:09:15 AM:DBManager:connection_data:Object reference not set to an instance of an object.
10/26/2023 10:09:15 AM:DBManager:connection_data:Object reference not set to an instance of an object.
10/26/2023 10:09:15 AM:DBManager:connection_data:Object reference not set to an instance of an object.
10/26/2023 10:09:15 AM:DBManager:connection_data:Object reference not set to an instance of an object.
10/26/2023 10:09:15 AM:DBManager:connection_data:Object reference not set to an instance of an object.
10/26/2023 10:09:15 AM:DBManager:connection_data:Object reference not set to an instance of an object.
10/26/2023 10:09:15 AM:DBManager:connection_data:Object reference not set to an instance of an object.
10/26/2023 10:09:15 AM:DBManager:connection_data:Object reference not set to an instance of an object.
10/26/2023 10:09:15 AM:DBManager:connection_data:Object reference not set to an instance of an object.
10/26/2023 10:09:15 AM:DBManager:connection_data:Object reference not set to an instance of an object.
10/26/2023 10:09:15 AM:DBManager:connection_data:Object reference not set to an instance of an object.
10/26/2023 10:09:15 AM:DBManager:connection_data:Object reference not set to an instance of an object.
10/26/2023 10:09:15 AM:DBManager:connection_data:Object reference not set to an instance of an object.
10/26/2023 10:09:15 AM:DBManager:connection_data:Object reference not set to an instance of an object.
10/26/2023 10:09:15 AM:DBManager:connection_data:Object reference not set to an instance of an object.
10/26/2023 10:09:15 AM:DBManager:connection_data:Object reference not set to an instance of an object.
10/26/2023 10:09:15 AM:DBManager:connection_data:Object reference not set to an instance of an object.
10/26/2023 10:09:15 AM:DBManager:connection_data:Object reference not set to an instance of an object.
10/26/2023 10:09:15 AM:DBManager:connection_data:Object reference not set to an instance of an object.
10/26/2023 10:09:15 AM:DBManager:connection_data:Object reference not set to an instance of an object.
10/26/2023 10:09:15 AM:DBManager:connection_data:Object reference not set to an instance of an object.
10/26/2023 10:09:15 AM:DBManager:connection_data:Object reference not set to an instance of an object.
10/26/2023 10:09:15 AM:DBManager:connection_data:Object reference not set to an instance of an object.
10/26/2023 10:09:15 AM:DBManager:connection_data:Object reference not set to an instance of an object.
10/26/2023 10:09:15 AM:DBManager:connection_data:Object reference not set to an instance of an object.
10/26/2023 10:09:15 AM:DBManager:connection_data:Object reference not set to an instance of an object.
10/26/2023 10:09:15 AM:DBManager:connection_data:Object reference not set to an instance of an object.
10/26/2023 10:09:15 AM:DBManager:connection_data:Object reference not set to an instance of an object.
10/26/2023 10:09:15 AM:DBManager:connection_data:Object reference not set to an instance of an object.
10/26/2023 10:09:15 AM:DBManager:connection_data:Object reference not set to an instance of an object.
10/26/2023 10:09:15 AM:DBManager:connection_data:Object reference not set to an instance of an object.
10/26/2023 10:09:15 AM:DBManager:connection_data:Object reference not set to an instance of an object.
10/26/2023 10:09:15 AM:DBManager:connection_data:Object reference not set to an instance of an object.
10/26/2023 10:09:15 AM:DBManager:connection_data:Object reference not set to an instance of an object.
10/26/2023 10:09:15 AM:DBManager:connection_data:Object reference not set to an instance of an object.
10/26/2023 10:09:15 AM:DBManager:connection_data:Object reference not set to an instance of an object.
10/26/2023 10:09:15 AM:DBManager:connection_data:Object reference not set to an instance of an object.
10/26/2023 10:09:15 AM:DBManager:connection_data:Object reference not set to an instance of an object.
10/26/2023 10:09:15 AM:DBManager:connection_data:Object reference not set to an instance of an object.
10/26/2023 10:09:15 AM:DBManager:connection_data:Object reference not set to an instance of an object.
10/26/2023 10:09:15 AM:DBManager:connection_data:Object reference not set to an instance of an object.
10/26/2023 10:09:15 AM:DBManager:connection_data:Object reference not set to an instance of an object.
10/26/2023 10:09:15 AM:DBManager:connection_data:Object reference not set to an instance of an object.
10/26/2023 10:09:15 AM:DBManager:connection_data:Object reference not set to an instance of an object.
10/26/2023 10:09:15 AM:DBManager:connection_data:Object reference not set to an instance of an object.
10/26/2023 10:09:15 AM:DBManager:connection_data:Object reference not set to an instance of an object.
10/26/2023 10:09:15 AM:DBManager:connection_data:Object reference not set to an instance of an object.
10/26/2023 10:09:15 AM:DBManager:connection_data:Object reference not set to an instance of an object.
10/26/2023 10:09:15 AM:DBManager:connection_data:Object reference not set to an instance of an object.
10/26/2023 10:09:15 AM:DBManager:connection_data:Object reference not set to an instance of an object.
10/26/2023 10:09:15 AM:DBManager:connection_data:Object reference not set to an instance of an object.
10/26/2023 10:09:15 AM:DBManager:connection_data:Object reference not set to an instance of an object.
10/26/2023 10:09:15 AM:DBManager:connection_data:Object reference not set to an instance of an object.
10/26/2023 10:09:15 AM:DBManager:connection_data:Object reference not set to an instance of an object.
10/26/2023 10:09:15 AM:DBManager:connection_data:Object reference not set to an instance of an object.
10/26/2023 10:09:15 AM:DBManager:connection_data:Object reference not set to an instance of an object.
10/26/2023 10:09:15 AM:DBManager:connection_data:Object reference not set to an instance of an object.
10/26/2023 10:09:15 AM:DBManager:connection_data:Object reference not set to an instance of an object.
10/26/2023 10:09:15 AM:DBManager:connection_data:Object reference not set to an instance of an object.
10/26/2023 10:15:09 AM:DBManager:connection_data:Object reference not set to an instance of an object.
10/26/2023 10:15:09 AM:DBManager:connection_data:Object reference not set to an instance of an object.
10/26/2023 10:15:09 AM:DBManager:connection_data:Object reference not set to an instance of an object.
10/26/2023 10:15:09 AM:DBManager:connection_data:Object reference not set to an instance of an object.
10/26/2023 10:15:09 AM:DBManager:connection_data:Object reference not set to an instance of an object.
10/26/2023 10:15:09 AM:DBManager:connection_data:Object reference not set to an instance of an object.
26/10/2023 10:15:09 AM:Location_List:rdLocaton_ItemDataBoundObject reference not set to an instance of an object.
26/10/2023 10:15:09 AM:Location_List:rdLocaton_ItemDataBoundObject reference not set to an instance of an object.
10/26/2023 11:26:32 AM:DBManager:connection_data:Object reference not set to an instance of an object.
10/26/2023 11:26:32 AM:DBManager:connection_data:Object reference not set to an instance of an object.
10/26/2023 11:26:32 AM:DBManager:connection_data:Object reference not set to an instance of an object.
10/26/2023 11:26:32 AM:DBManager:connection_data:Object reference not set to an instance of an object.
10/26/2023 11:26:32 AM:DBManager:connection_data:Object reference not set to an instance of an object.
10/26/2023 11:26:32 AM:DBManager:connection_data:Object reference not set to an instance of an object.
26/10/2023 11:26:32 AM:MasterPage:Page_Init:Thread was being aborted.
10/26/2023 11:26:32 AM:DBManager:connection_data:Object reference not set to an instance of an object.
10/26/2023 11:26:32 AM:DBManager:connection_data:Object reference not set to an instance of an object.
10/26/2023 11:26:32 AM:DBManager:connection_data:Object reference not set to an instance of an object.
26/10/2023 11:26:32 AM:SignIn:btnLogIn_Click:test
10/26/2023 11:26:41 AM:DBManager:connection_data:Object reference not set to an instance of an object.
10/26/2023 11:26:41 AM:DBManager:connection_data:Object reference not set to an instance of an object.
10/26/2023 11:26:41 AM:DBManager:connection_data:Object reference not set to an instance of an object.
26/10/2023 11:26:41 AM:SignIn:btnLogIn_Click:test
26/10/2023 11:26:41 AM:SignIn:btnLogIn_Click4:
26/10/2023 11:26:41 AM:SignIn:btnLogIn_Click5:
26/10/2023 11:26:41 AM:SignIn:btnLogIn_Click7:
26/10/2023 11:26:41 AM:SignIn:btnLogIn_Click8:
26/10/2023 11:26:41 AM:ClsDataccess:Getdatatable:The ConnectionString property has not been initialized.
10/26/2023 11:26:41 AM:DBManager:connection_data:Object reference not set to an instance of an object.
10/26/2023 11:26:41 AM:DBManager:connection_data:Object reference not set to an instance of an object.
10/26/2023 11:26:41 AM:DBManager:connection_data:Object reference not set to an instance of an object.
10/26/2023 11:26:41 AM:DBManager:connection_data:Object reference not set to an instance of an object.
10/26/2023 11:26:41 AM:DBManager:connection_data:Object reference not set to an instance of an object.
10/26/2023 11:26:41 AM:DBManager:connection_data:Object reference not set to an instance of an object.
10/26/2023 11:26:41 AM:DBManager:connection_data:Object reference not set to an instance of an object.
10/26/2023 11:26:41 AM:DBManager:connection_data:Object reference not set to an instance of an object.
10/26/2023 11:26:41 AM:DBManager:connection_data:Object reference not set to an instance of an object.
10/26/2023 11:26:41 AM:DBManager:connection_data:Object reference not set to an instance of an object.
10/26/2023 11:26:41 AM:DBManager:connection_data:Object reference not set to an instance of an object.
10/26/2023 11:26:41 AM:DBManager:connection_data:Object reference not set to an instance of an object.
10/26/2023 11:26:41 AM:DBManager:connection_data:Object reference not set to an instance of an object.
10/26/2023 11:26:41 AM:DBManager:connection_data:Object reference not set to an instance of an object.
10/26/2023 11:26:41 AM:DBManager:connection_data:Object reference not set to an instance of an object.
10/26/2023 11:26:41 AM:DBManager:connection_data:Object reference not set to an instance of an object.
10/26/2023 11:26:41 AM:DBManager:connection_data:Object reference not set to an instance of an object.
10/26/2023 11:26:41 AM:DBManager:connection_data:Object reference not set to an instance of an object.
10/26/2023 11:26:41 AM:DBManager:connection_data:Object reference not set to an instance of an object.
10/26/2023 11:26:41 AM:DBManager:connection_data:Object reference not set to an instance of an object.
10/26/2023 11:26:41 AM:DBManager:connection_data:Object reference not set to an instance of an object.
10/26/2023 11:26:41 AM:DBManager:connection_data:Object reference not set to an instance of an object.
10/26/2023 11:26:41 AM:DBManager:connection_data:Object reference not set to an instance of an object.
10/26/2023 11:26:41 AM:DBManager:connection_data:Object reference not set to an instance of an object.
10/26/2023 11:26:41 AM:DBManager:connection_data:Object reference not set to an instance of an object.
10/26/2023 11:26:41 AM:DBManager:connection_data:Object reference not set to an instance of an object.
10/26/2023 11:26:41 AM:DBManager:connection_data:Object reference not set to an instance of an object.
10/26/2023 11:26:41 AM:DBManager:connection_data:Object reference not set to an instance of an object.
10/26/2023 11:26:41 AM:DBManager:connection_data:Object reference not set to an instance of an object.
10/26/2023 11:26:42 AM:DBManager:connection_data:Object reference not set to an instance of an object.
10/26/2023 11:26:42 AM:DBManager:connection_data:Object reference not set to an instance of an object.
10/26/2023 11:26:42 AM:DBManager:connection_data:Object reference not set to an instance of an object.
10/26/2023 11:26:42 AM:DBManager:connection_data:Object reference not set to an instance of an object.
10/26/2023 11:26:42 AM:DBManager:connection_data:Object reference not set to an instance of an object.
10/26/2023 11:26:42 AM:DBManager:connection_data:Object reference not set to an instance of an object.
10/26/2023 11:26:42 AM:DBManager:connection_data:Object reference not set to an instance of an object.
10/26/2023 11:26:42 AM:DBManager:connection_data:Object reference not set to an instance of an object.
10/26/2023 11:26:42 AM:DBManager:connection_data:Object reference not set to an instance of an object.
10/26/2023 11:26:42 AM:DBManager:connection_data:Object reference not set to an instance of an object.
10/26/2023 11:26:42 AM:DBManager:connection_data:Object reference not set to an instance of an object.
10/26/2023 11:26:42 AM:DBManager:connection_data:Object reference not set to an instance of an object.
10/26/2023 11:26:42 AM:DBManager:connection_data:Object reference not set to an instance of an object.
10/26/2023 11:26:42 AM:DBManager:connection_data:Object reference not set to an instance of an object.
10/26/2023 11:26:42 AM:DBManager:connection_data:Object reference not set to an instance of an object.
10/26/2023 11:26:42 AM:DBManager:connection_data:Object reference not set to an instance of an object.
10/26/2023 11:26:42 AM:DBManager:connection_data:Object reference not set to an instance of an object.
10/26/2023 11:26:42 AM:DBManager:connection_data:Object reference not set to an instance of an object.
10/26/2023 11:26:42 AM:DBManager:connection_data:Object reference not set to an instance of an object.
10/26/2023 11:26:42 AM:DBManager:connection_data:Object reference not set to an instance of an object.
10/26/2023 11:26:42 AM:DBManager:connection_data:Object reference not set to an instance of an object.
10/26/2023 11:26:42 AM:DBManager:connection_data:Object reference not set to an instance of an object.
10/26/2023 11:26:42 AM:DBManager:connection_data:Object reference not set to an instance of an object.
10/26/2023 11:26:42 AM:DBManager:connection_data:Object reference not set to an instance of an object.
10/26/2023 11:26:42 AM:DBManager:connection_data:Object reference not set to an instance of an object.
10/26/2023 11:26:42 AM:DBManager:connection_data:Object reference not set to an instance of an object.
10/26/2023 11:26:42 AM:DBManager:connection_data:Object reference not set to an instance of an object.
10/26/2023 11:26:42 AM:DBManager:connection_data:Object reference not set to an instance of an object.
10/26/2023 11:26:42 AM:DBManager:connection_data:Object reference not set to an instance of an object.
10/26/2023 11:26:42 AM:DBManager:connection_data:Object reference not set to an instance of an object.
10/26/2023 11:26:42 AM:DBManager:connection_data:Object reference not set to an instance of an object.
10/26/2023 11:26:42 AM:DBManager:connection_data:Object reference not set to an instance of an object.
10/26/2023 11:26:42 AM:DBManager:connection_data:Object reference not set to an instance of an object.
10/26/2023 11:26:42 AM:DBManager:connection_data:Object reference not set to an instance of an object.
10/26/2023 11:26:42 AM:DBManager:connection_data:Object reference not set to an instance of an object.
10/26/2023 11:26:42 AM:DBManager:connection_data:Object reference not set to an instance of an object.
10/26/2023 11:26:42 AM:DBManager:connection_data:Object reference not set to an instance of an object.
10/26/2023 11:26:42 AM:DBManager:connection_data:Object reference not set to an instance of an object.
10/26/2023 11:26:42 AM:DBManager:connection_data:Object reference not set to an instance of an object.
10/26/2023 11:26:42 AM:DBManager:connection_data:Object reference not set to an instance of an object.
10/26/2023 11:26:42 AM:DBManager:connection_data:Object reference not set to an instance of an object.
10/26/2023 11:26:42 AM:DBManager:connection_data:Object reference not set to an instance of an object.
10/26/2023 11:26:42 AM:DBManager:connection_data:Object reference not set to an instance of an object.
10/26/2023 11:26:42 AM:DBManager:connection_data:Object reference not set to an instance of an object.
10/26/2023 11:26:42 AM:DBManager:connection_data:Object reference not set to an instance of an object.
10/26/2023 11:26:42 AM:DBManager:connection_data:Object reference not set to an instance of an object.
10/26/2023 11:26:42 AM:DBManager:connection_data:Object reference not set to an instance of an object.
10/26/2023 11:26:42 AM:DBManager:connection_data:Object reference not set to an instance of an object.
10/26/2023 11:26:53 AM:DBManager:connection_data:Object reference not set to an instance of an object.
10/26/2023 11:26:53 AM:DBManager:connection_data:Object reference not set to an instance of an object.
10/26/2023 11:26:53 AM:DBManager:connection_data:Object reference not set to an instance of an object.
10/26/2023 11:26:53 AM:DBManager:connection_data:Object reference not set to an instance of an object.
10/26/2023 11:26:53 AM:DBManager:connection_data:Object reference not set to an instance of an object.
10/26/2023 11:26:53 AM:DBManager:connection_data:Object reference not set to an instance of an object.
26/10/2023 11:26:53 AM:Location_List:rdLocaton_ItemDataBoundObject reference not set to an instance of an object.
26/10/2023 11:26:53 AM:Location_List:rdLocaton_ItemDataBoundObject reference not set to an instance of an object.
10/26/2023 12:56:06 PM:DBManager:connection_data:Object reference not set to an instance of an object.
10/26/2023 12:56:06 PM:DBManager:connection_data:Object reference not set to an instance of an object.
10/26/2023 12:56:06 PM:DBManager:connection_data:Object reference not set to an instance of an object.
10/26/2023 12:56:06 PM:DBManager:connection_data:Object reference not set to an instance of an object.
10/26/2023 12:56:06 PM:DBManager:connection_data:Object reference not set to an instance of an object.
10/26/2023 12:56:06 PM:DBManager:connection_data:Object reference not set to an instance of an object.
26/10/2023 12:56:06 PM:MasterPage:Page_Init:Thread was being aborted.
10/26/2023 12:56:06 PM:DBManager:connection_data:Object reference not set to an instance of an object.
10/26/2023 12:56:06 PM:DBManager:connection_data:Object reference not set to an instance of an object.
10/26/2023 12:56:06 PM:DBManager:connection_data:Object reference not set to an instance of an object.
26/10/2023 12:56:06 PM:SignIn:btnLogIn_Click:test
10/26/2023 12:56:16 PM:DBManager:connection_data:Object reference not set to an instance of an object.
10/26/2023 12:56:16 PM:DBManager:connection_data:Object reference not set to an instance of an object.
10/26/2023 12:56:16 PM:DBManager:connection_data:Object reference not set to an instance of an object.
26/10/2023 12:56:16 PM:SignIn:btnLogIn_Click:test
26/10/2023 12:56:16 PM:SignIn:btnLogIn_Click4:
26/10/2023 12:56:16 PM:SignIn:btnLogIn_Click5:
26/10/2023 12:56:16 PM:SignIn:btnLogIn_Click7:
26/10/2023 12:56:16 PM:SignIn:btnLogIn_Click8:
26/10/2023 12:56:16 PM:ClsDataccess:Getdatatable:The ConnectionString property has not been initialized.
10/26/2023 12:56:16 PM:DBManager:connection_data:Object reference not set to an instance of an object.
10/26/2023 12:56:16 PM:DBManager:connection_data:Object reference not set to an instance of an object.
10/26/2023 12:56:16 PM:DBManager:connection_data:Object reference not set to an instance of an object.
10/26/2023 12:56:16 PM:DBManager:connection_data:Object reference not set to an instance of an object.
10/26/2023 12:56:16 PM:DBManager:connection_data:Object reference not set to an instance of an object.
10/26/2023 12:56:16 PM:DBManager:connection_data:Object reference not set to an instance of an object.
10/26/2023 12:56:16 PM:DBManager:connection_data:Object reference not set to an instance of an object.
10/26/2023 12:56:16 PM:DBManager:connection_data:Object reference not set to an instance of an object.
10/26/2023 12:56:16 PM:DBManager:connection_data:Object reference not set to an instance of an object.
10/26/2023 12:56:16 PM:DBManager:connection_data:Object reference not set to an instance of an object.
10/26/2023 12:56:16 PM:DBManager:connection_data:Object reference not set to an instance of an object.
10/26/2023 12:56:16 PM:DBManager:connection_data:Object reference not set to an instance of an object.
10/26/2023 12:56:16 PM:DBManager:connection_data:Object reference not set to an instance of an object.
10/26/2023 12:56:16 PM:DBManager:connection_data:Object reference not set to an instance of an object.
10/26/2023 12:56:16 PM:DBManager:connection_data:Object reference not set to an instance of an object.
10/26/2023 12:56:16 PM:DBManager:connection_data:Object reference not set to an instance of an object.
10/26/2023 12:56:16 PM:DBManager:connection_data:Object reference not set to an instance of an object.
10/26/2023 12:56:16 PM:DBManager:connection_data:Object reference not set to an instance of an object.
10/26/2023 12:56:16 PM:DBManager:connection_data:Object reference not set to an instance of an object.
10/26/2023 12:56:16 PM:DBManager:connection_data:Object reference not set to an instance of an object.
10/26/2023 12:56:16 PM:DBManager:connection_data:Object reference not set to an instance of an object.
10/26/2023 12:56:16 PM:DBManager:connection_data:Object reference not set to an instance of an object.
10/26/2023 12:56:16 PM:DBManager:connection_data:Object reference not set to an instance of an object.
10/26/2023 12:56:16 PM:DBManager:connection_data:Object reference not set to an instance of an object.
10/26/2023 12:56:16 PM:DBManager:connection_data:Object reference not set to an instance of an object.
10/26/2023 12:56:16 PM:DBManager:connection_data:Object reference not set to an instance of an object.
10/26/2023 12:56:16 PM:DBManager:connection_data:Object reference not set to an instance of an object.
10/26/2023 12:56:16 PM:DBManager:connection_data:Object reference not set to an instance of an object.
10/26/2023 12:56:16 PM:DBManager:connection_data:Object reference not set to an instance of an object.
10/26/2023 12:56:16 PM:DBManager:connection_data:Object reference not set to an instance of an object.
10/26/2023 12:56:16 PM:DBManager:connection_data:Object reference not set to an instance of an object.
10/26/2023 12:56:16 PM:DBManager:connection_data:Object reference not set to an instance of an object.
10/26/2023 12:56:16 PM:DBManager:connection_data:Object reference not set to an instance of an object.
10/26/2023 12:56:16 PM:DBManager:connection_data:Object reference not set to an instance of an object.
10/26/2023 12:56:16 PM:DBManager:connection_data:Object reference not set to an instance of an object.
10/26/2023 12:56:16 PM:DBManager:connection_data:Object reference not set to an instance of an object.
10/26/2023 12:56:16 PM:DBManager:connection_data:Object reference not set to an instance of an object.
10/26/2023 12:56:16 PM:DBManager:connection_data:Object reference not set to an instance of an object.
10/26/2023 12:56:16 PM:DBManager:connection_data:Object reference not set to an instance of an object.
10/26/2023 12:56:16 PM:DBManager:connection_data:Object reference not set to an instance of an object.
10/26/2023 12:56:16 PM:DBManager:connection_data:Object reference not set to an instance of an object.
10/26/2023 12:56:16 PM:DBManager:connection_data:Object reference not set to an instance of an object.
10/26/2023 12:56:16 PM:DBManager:connection_data:Object reference not set to an instance of an object.
10/26/2023 12:56:16 PM:DBManager:connection_data:Object reference not set to an instance of an object.
10/26/2023 12:56:16 PM:DBManager:connection_data:Object reference not set to an instance of an object.
10/26/2023 12:56:16 PM:DBManager:connection_data:Object reference not set to an instance of an object.
10/26/2023 12:56:16 PM:DBManager:connection_data:Object reference not set to an instance of an object.
10/26/2023 12:56:16 PM:DBManager:connection_data:Object reference not set to an instance of an object.
10/26/2023 12:56:16 PM:DBManager:connection_data:Object reference not set to an instance of an object.
10/26/2023 12:56:16 PM:DBManager:connection_data:Object reference not set to an instance of an object.
10/26/2023 12:56:16 PM:DBManager:connection_data:Object reference not set to an instance of an object.
10/26/2023 12:56:16 PM:DBManager:connection_data:Object reference not set to an instance of an object.
10/26/2023 12:56:16 PM:DBManager:connection_data:Object reference not set to an instance of an object.
10/26/2023 12:56:16 PM:DBManager:connection_data:Object reference not set to an instance of an object.
10/26/2023 12:56:16 PM:DBManager:connection_data:Object reference not set to an instance of an object.
10/26/2023 12:56:16 PM:DBManager:connection_data:Object reference not set to an instance of an object.
10/26/2023 12:56:16 PM:DBManager:connection_data:Object reference not set to an instance of an object.
10/26/2023 12:56:16 PM:DBManager:connection_data:Object reference not set to an instance of an object.
10/26/2023 12:56:16 PM:DBManager:connection_data:Object reference not set to an instance of an object.
10/26/2023 12:56:16 PM:DBManager:connection_data:Object reference not set to an instance of an object.
10/26/2023 12:56:16 PM:DBManager:connection_data:Object reference not set to an instance of an object.
10/26/2023 12:56:16 PM:DBManager:connection_data:Object reference not set to an instance of an object.
10/26/2023 12:56:16 PM:DBManager:connection_data:Object reference not set to an instance of an object.
10/26/2023 12:56:16 PM:DBManager:connection_data:Object reference not set to an instance of an object.
10/26/2023 12:56:16 PM:DBManager:connection_data:Object reference not set to an instance of an object.
10/26/2023 12:56:16 PM:DBManager:connection_data:Object reference not set to an instance of an object.
10/26/2023 12:56:16 PM:DBManager:connection_data:Object reference not set to an instance of an object.
10/26/2023 12:56:16 PM:DBManager:connection_data:Object reference not set to an instance of an object.
10/26/2023 12:56:16 PM:DBManager:connection_data:Object reference not set to an instance of an object.
10/26/2023 12:56:16 PM:DBManager:connection_data:Object reference not set to an instance of an object.
10/26/2023 12:56:16 PM:DBManager:connection_data:Object reference not set to an instance of an object.
10/26/2023 12:56:16 PM:DBManager:connection_data:Object reference not set to an instance of an object.
10/26/2023 12:56:16 PM:DBManager:connection_data:Object reference not set to an instance of an object.
10/26/2023 12:56:16 PM:DBManager:connection_data:Object reference not set to an instance of an object.
10/26/2023 12:56:16 PM:DBManager:connection_data:Object reference not set to an instance of an object.
10/26/2023 12:56:16 PM:DBManager:connection_data:Object reference not set to an instance of an object.
10/26/2023 12:56:16 PM:DBManager:connection_data:Object reference not set to an instance of an object.
10/26/2023 1:00:04 PM:DBManager:connection_data:Object reference not set to an instance of an object.
10/26/2023 1:00:04 PM:DBManager:connection_data:Object reference not set to an instance of an object.
10/26/2023 1:00:04 PM:DBManager:connection_data:Object reference not set to an instance of an object.
10/26/2023 1:00:04 PM:DBManager:connection_data:Object reference not set to an instance of an object.
10/26/2023 1:00:04 PM:DBManager:connection_data:Object reference not set to an instance of an object.
10/26/2023 1:00:04 PM:DBManager:connection_data:Object reference not set to an instance of an object.
26/10/2023 1:00:04 PM:Location_List:rdLocaton_ItemDataBoundObject reference not set to an instance of an object.
26/10/2023 1:00:04 PM:Location_List:rdLocaton_ItemDataBoundObject reference not set to an instance of an object.
10/26/2023 1:04:06 PM:DBManager:connection_data:Object reference not set to an instance of an object.
10/26/2023 1:04:06 PM:DBManager:connection_data:Object reference not set to an instance of an object.
10/26/2023 1:04:06 PM:DBManager:connection_data:Object reference not set to an instance of an object.
10/26/2023 1:04:06 PM:DBManager:connection_data:Object reference not set to an instance of an object.
10/26/2023 1:04:06 PM:DBManager:connection_data:Object reference not set to an instance of an object.
10/26/2023 1:04:06 PM:DBManager:connection_data:Object reference not set to an instance of an object.
26/10/2023 1:04:06 PM:Location_List:rdLocaton_ItemDataBoundObject reference not set to an instance of an object.
26/10/2023 1:04:06 PM:Location_List:rdLocaton_ItemDataBoundObject reference not set to an instance of an object.
10/26/2023 1:13:11 PM:DBManager:connection_data:Object reference not set to an instance of an object.
10/26/2023 1:13:11 PM:DBManager:connection_data:Object reference not set to an instance of an object.
10/26/2023 1:13:11 PM:DBManager:connection_data:Object reference not set to an instance of an object.
10/26/2023 1:13:11 PM:DBManager:connection_data:Object reference not set to an instance of an object.
10/26/2023 1:13:11 PM:DBManager:connection_data:Object reference not set to an instance of an object.
10/26/2023 1:13:11 PM:DBManager:connection_data:Object reference not set to an instance of an object.
26/10/2023 1:13:12 PM:Location_List:rdLocaton_ItemDataBoundObject reference not set to an instance of an object.
26/10/2023 1:13:12 PM:Location_List:rdLocaton_ItemDataBoundObject reference not set to an instance of an object.
10/26/2023 1:13:55 PM:DBManager:connection_data:Object reference not set to an instance of an object.
10/26/2023 1:13:55 PM:DBManager:connection_data:Object reference not set to an instance of an object.
10/26/2023 1:13:55 PM:DBManager:connection_data:Object reference not set to an instance of an object.
10/26/2023 1:13:55 PM:DBManager:connection_data:Object reference not set to an instance of an object.
10/26/2023 1:13:55 PM:DBManager:connection_data:Object reference not set to an instance of an object.
10/26/2023 1:13:55 PM:DBManager:connection_data:Object reference not set to an instance of an object.
26/10/2023 1:13:55 PM:Location_List:rdLocaton_ItemDataBoundObject reference not set to an instance of an object.
26/10/2023 1:13:55 PM:Location_List:rdLocaton_ItemDataBoundObject reference not set to an instance of an object.
10/26/2023 1:13:57 PM:DBManager:connection_data:Object reference not set to an instance of an object.
10/26/2023 1:13:57 PM:DBManager:connection_data:Object reference not set to an instance of an object.
10/26/2023 1:13:57 PM:DBManager:connection_data:Object reference not set to an instance of an object.
26/10/2023 1:13:57 PM:SignIn:btnLogIn_Click:test
10/26/2023 1:14:04 PM:DBManager:connection_data:Object reference not set to an instance of an object.
10/26/2023 1:14:04 PM:DBManager:connection_data:Object reference not set to an instance of an object.
10/26/2023 1:14:04 PM:DBManager:connection_data:Object reference not set to an instance of an object.
26/10/2023 1:14:04 PM:SignIn:btnLogIn_Click:test
26/10/2023 1:14:04 PM:SignIn:btnLogIn_Click4:
26/10/2023 1:14:04 PM:SignIn:btnLogIn_Click5:
10/26/2023 1:14:11 PM:DBManager:connection_data:Object reference not set to an instance of an object.
10/26/2023 1:14:11 PM:DBManager:connection_data:Object reference not set to an instance of an object.
10/26/2023 1:14:11 PM:DBManager:connection_data:Object reference not set to an instance of an object.
26/10/2023 1:14:11 PM:SignIn:btnLogIn_Click:test
26/10/2023 1:14:11 PM:SignIn:btnLogIn_Click4:
26/10/2023 1:14:11 PM:SignIn:btnLogIn_Click5:
26/10/2023 1:14:11 PM:SignIn:btnLogIn_Click7:
26/10/2023 1:14:12 PM:SignIn:btnLogIn_Click8:
26/10/2023 1:14:12 PM:ClsDataccess:Getdatatable:The ConnectionString property has not been initialized.
10/26/2023 1:14:12 PM:DBManager:connection_data:Object reference not set to an instance of an object.
10/26/2023 1:14:12 PM:DBManager:connection_data:Object reference not set to an instance of an object.
10/26/2023 1:14:12 PM:DBManager:connection_data:Object reference not set to an instance of an object.
10/26/2023 1:14:12 PM:DBManager:connection_data:Object reference not set to an instance of an object.
10/26/2023 1:14:12 PM:DBManager:connection_data:Object reference not set to an instance of an object.
10/26/2023 1:14:12 PM:DBManager:connection_data:Object reference not set to an instance of an object.
10/26/2023 1:14:12 PM:DBManager:connection_data:Object reference not set to an instance of an object.
10/26/2023 1:14:12 PM:DBManager:connection_data:Object reference not set to an instance of an object.
10/26/2023 1:14:12 PM:DBManager:connection_data:Object reference not set to an instance of an object.
10/26/2023 1:14:12 PM:DBManager:connection_data:Object reference not set to an instance of an object.
10/26/2023 1:14:12 PM:DBManager:connection_data:Object reference not set to an instance of an object.
10/26/2023 1:14:12 PM:DBManager:connection_data:Object reference not set to an instance of an object.
10/26/2023 1:14:12 PM:DBManager:connection_data:Object reference not set to an instance of an object.
10/26/2023 1:14:12 PM:DBManager:connection_data:Object reference not set to an instance of an object.
10/26/2023 1:14:12 PM:DBManager:connection_data:Object reference not set to an instance of an object.
10/26/2023 1:14:12 PM:DBManager:connection_data:Object reference not set to an instance of an object.
10/26/2023 1:14:12 PM:DBManager:connection_data:Object reference not set to an instance of an object.
10/26/2023 1:14:12 PM:DBManager:connection_data:Object reference not set to an instance of an object.
10/26/2023 1:14:12 PM:DBManager:connection_data:Object reference not set to an instance of an object.
10/26/2023 1:14:12 PM:DBManager:connection_data:Object reference not set to an instance of an object.
10/26/2023 1:14:12 PM:DBManager:connection_data:Object reference not set to an instance of an object.
10/26/2023 1:14:12 PM:DBManager:connection_data:Object reference not set to an instance of an object.
10/26/2023 1:14:12 PM:DBManager:connection_data:Object reference not set to an instance of an object.
10/26/2023 1:14:12 PM:DBManager:connection_data:Object reference not set to an instance of an object.
10/26/2023 1:14:12 PM:DBManager:connection_data:Object reference not set to an instance of an object.
10/26/2023 1:14:12 PM:DBManager:connection_data:Object reference not set to an instance of an object.
10/26/2023 1:14:12 PM:DBManager:connection_data:Object reference not set to an instance of an object.
10/26/2023 1:14:12 PM:DBManager:connection_data:Object reference not set to an instance of an object.
10/26/2023 1:14:12 PM:DBManager:connection_data:Object reference not set to an instance of an object.
10/26/2023 1:14:12 PM:DBManager:connection_data:Object reference not set to an instance of an object.
10/26/2023 1:14:12 PM:DBManager:connection_data:Object reference not set to an instance of an object.
10/26/2023 1:14:12 PM:DBManager:connection_data:Object reference not set to an instance of an object.
10/26/2023 1:14:12 PM:DBManager:connection_data:Object reference not set to an instance of an object.
10/26/2023 1:14:12 PM:DBManager:connection_data:Object reference not set to an instance of an object.
10/26/2023 1:14:12 PM:DBManager:connection_data:Object reference not set to an instance of an object.
10/26/2023 1:14:12 PM:DBManager:connection_data:Object reference not set to an instance of an object.
10/26/2023 1:14:12 PM:DBManager:connection_data:Object reference not set to an instance of an object.
10/26/2023 1:14:12 PM:DBManager:connection_data:Object reference not set to an instance of an object.
10/26/2023 1:14:12 PM:DBManager:connection_data:Object reference not set to an instance of an object.
10/26/2023 1:14:12 PM:DBManager:connection_data:Object reference not set to an instance of an object.
10/26/2023 1:14:12 PM:DBManager:connection_data:Object reference not set to an instance of an object.
10/26/2023 1:14:12 PM:DBManager:connection_data:Object reference not set to an instance of an object.
10/26/2023 1:14:12 PM:DBManager:connection_data:Object reference not set to an instance of an object.
10/26/2023 1:14:12 PM:DBManager:connection_data:Object reference not set to an instance of an object.
10/26/2023 1:14:12 PM:DBManager:connection_data:Object reference not set to an instance of an object.
10/26/2023 1:14:12 PM:DBManager:connection_data:Object reference not set to an instance of an object.
10/26/2023 1:14:12 PM:DBManager:connection_data:Object reference not set to an instance of an object.
10/26/2023 1:14:12 PM:DBManager:connection_data:Object reference not set to an instance of an object.
10/26/2023 1:14:12 PM:DBManager:connection_data:Object reference not set to an instance of an object.
10/26/2023 1:14:12 PM:DBManager:connection_data:Object reference not set to an instance of an object.
10/26/2023 1:14:12 PM:DBManager:connection_data:Object reference not set to an instance of an object.
10/26/2023 1:14:12 PM:DBManager:connection_data:Object reference not set to an instance of an object.
10/26/2023 1:14:12 PM:DBManager:connection_data:Object reference not set to an instance of an object.
10/26/2023 1:14:12 PM:DBManager:connection_data:Object reference not set to an instance of an object.
10/26/2023 1:14:12 PM:DBManager:connection_data:Object reference not set to an instance of an object.
10/26/2023 1:14:12 PM:DBManager:connection_data:Object reference not set to an instance of an object.
10/26/2023 1:14:12 PM:DBManager:connection_data:Object reference not set to an instance of an object.
10/26/2023 1:14:12 PM:DBManager:connection_data:Object reference not set to an instance of an object.
10/26/2023 1:14:12 PM:DBManager:connection_data:Object reference not set to an instance of an object.
10/26/2023 1:14:12 PM:DBManager:connection_data:Object reference not set to an instance of an object.
10/26/2023 1:14:12 PM:DBManager:connection_data:Object reference not set to an instance of an object.
10/26/2023 1:14:12 PM:DBManager:connection_data:Object reference not set to an instance of an object.
10/26/2023 1:14:12 PM:DBManager:connection_data:Object reference not set to an instance of an object.
10/26/2023 1:14:12 PM:DBManager:connection_data:Object reference not set to an instance of an object.
10/26/2023 1:14:12 PM:DBManager:connection_data:Object reference not set to an instance of an object.
10/26/2023 1:14:12 PM:DBManager:connection_data:Object reference not set to an instance of an object.
10/26/2023 1:14:12 PM:DBManager:connection_data:Object reference not set to an instance of an object.
10/26/2023 1:14:12 PM:DBManager:connection_data:Object reference not set to an instance of an object.
10/26/2023 1:14:12 PM:DBManager:connection_data:Object reference not set to an instance of an object.
10/26/2023 1:14:12 PM:DBManager:connection_data:Object reference not set to an instance of an object.
10/26/2023 1:14:12 PM:DBManager:connection_data:Object reference not set to an instance of an object.
10/26/2023 1:14:12 PM:DBManager:connection_data:Object reference not set to an instance of an object.
10/26/2023 1:14:12 PM:DBManager:connection_data:Object reference not set to an instance of an object.
10/26/2023 1:14:12 PM:DBManager:connection_data:Object reference not set to an instance of an object.
10/26/2023 1:14:12 PM:DBManager:connection_data:Object reference not set to an instance of an object.
10/26/2023 1:14:12 PM:DBManager:connection_data:Object reference not set to an instance of an object.
10/26/2023 1:14:12 PM:DBManager:connection_data:Object reference not set to an instance of an object.
10/26/2023 1:14:17 PM:DBManager:connection_data:Object reference not set to an instance of an object.
10/26/2023 1:14:17 PM:DBManager:connection_data:Object reference not set to an instance of an object.
10/26/2023 1:14:17 PM:DBManager:connection_data:Object reference not set to an instance of an object.
10/26/2023 1:14:17 PM:DBManager:connection_data:Object reference not set to an instance of an object.
10/26/2023 1:14:17 PM:DBManager:connection_data:Object reference not set to an instance of an object.
10/26/2023 1:14:17 PM:DBManager:connection_data:Object reference not set to an instance of an object.
26/10/2023 1:14:17 PM:Location_List:rdLocaton_ItemDataBoundObject reference not set to an instance of an object.
26/10/2023 1:14:17 PM:Location_List:rdLocaton_ItemDataBoundObject reference not set to an instance of an object.
10/26/2023 2:09:15 PM:DBManager:connection_data:Object reference not set to an instance of an object.
10/26/2023 2:09:15 PM:DBManager:connection_data:Object reference not set to an instance of an object.
10/26/2023 2:09:15 PM:DBManager:connection_data:Object reference not set to an instance of an object.
10/26/2023 2:09:15 PM:DBManager:connection_data:Object reference not set to an instance of an object.
10/26/2023 2:09:15 PM:DBManager:connection_data:Object reference not set to an instance of an object.
10/26/2023 2:09:15 PM:DBManager:connection_data:Object reference not set to an instance of an object.
26/10/2023 2:09:15 PM:MasterPage:Page_Init:Thread was being aborted.
10/26/2023 2:09:15 PM:DBManager:connection_data:Object reference not set to an instance of an object.
10/26/2023 2:09:15 PM:DBManager:connection_data:Object reference not set to an instance of an object.
10/26/2023 2:09:15 PM:DBManager:connection_data:Object reference not set to an instance of an object.
26/10/2023 2:09:15 PM:SignIn:btnLogIn_Click:test
10/26/2023 2:09:34 PM:DBManager:connection_data:Object reference not set to an instance of an object.
10/26/2023 2:09:34 PM:DBManager:connection_data:Object reference not set to an instance of an object.
10/26/2023 2:09:34 PM:DBManager:connection_data:Object reference not set to an instance of an object.
26/10/2023 2:09:34 PM:SignIn:btnLogIn_Click:test
26/10/2023 2:09:34 PM:SignIn:btnLogIn_Click4:
26/10/2023 2:09:34 PM:SignIn:btnLogIn_Click5:
26/10/2023 2:09:34 PM:SignIn:btnLogIn_Click7:
26/10/2023 2:09:34 PM:SignIn:btnLogIn_Click8:
26/10/2023 2:09:34 PM:ClsDataccess:Getdatatable:The ConnectionString property has not been initialized.
10/26/2023 2:09:34 PM:DBManager:connection_data:Object reference not set to an instance of an object.
10/26/2023 2:09:34 PM:DBManager:connection_data:Object reference not set to an instance of an object.
10/26/2023 2:09:34 PM:DBManager:connection_data:Object reference not set to an instance of an object.
10/26/2023 2:09:34 PM:DBManager:connection_data:Object reference not set to an instance of an object.
10/26/2023 2:09:34 PM:DBManager:connection_data:Object reference not set to an instance of an object.
10/26/2023 2:09:34 PM:DBManager:connection_data:Object reference not set to an instance of an object.
10/26/2023 2:09:34 PM:DBManager:connection_data:Object reference not set to an instance of an object.
10/26/2023 2:09:34 PM:DBManager:connection_data:Object reference not set to an instance of an object.
10/26/2023 2:09:34 PM:DBManager:connection_data:Object reference not set to an instance of an object.
10/26/2023 2:09:34 PM:DBManager:connection_data:Object reference not set to an instance of an object.
10/26/2023 2:09:34 PM:DBManager:connection_data:Object reference not set to an instance of an object.
10/26/2023 2:09:34 PM:DBManager:connection_data:Object reference not set to an instance of an object.
10/26/2023 2:09:34 PM:DBManager:connection_data:Object reference not set to an instance of an object.
10/26/2023 2:09:34 PM:DBManager:connection_data:Object reference not set to an instance of an object.
10/26/2023 2:09:34 PM:DBManager:connection_data:Object reference not set to an instance of an object.
10/26/2023 2:09:34 PM:DBManager:connection_data:Object reference not set to an instance of an object.
10/26/2023 2:09:34 PM:DBManager:connection_data:Object reference not set to an instance of an object.
10/26/2023 2:09:34 PM:DBManager:connection_data:Object reference not set to an instance of an object.
10/26/2023 2:09:34 PM:DBManager:connection_data:Object reference not set to an instance of an object.
10/26/2023 2:09:34 PM:DBManager:connection_data:Object reference not set to an instance of an object.
10/26/2023 2:09:34 PM:DBManager:connection_data:Object reference not set to an instance of an object.
10/26/2023 2:09:34 PM:DBManager:connection_data:Object reference not set to an instance of an object.
10/26/2023 2:09:34 PM:DBManager:connection_data:Object reference not set to an instance of an object.
10/26/2023 2:09:34 PM:DBManager:connection_data:Object reference not set to an instance of an object.
10/26/2023 2:09:34 PM:DBManager:connection_data:Object reference not set to an instance of an object.
10/26/2023 2:09:34 PM:DBManager:connection_data:Object reference not set to an instance of an object.
10/26/2023 2:09:34 PM:DBManager:connection_data:Object reference not set to an instance of an object.
10/26/2023 2:09:34 PM:DBManager:connection_data:Object reference not set to an instance of an object.
10/26/2023 2:09:34 PM:DBManager:connection_data:Object reference not set to an instance of an object.
10/26/2023 2:09:34 PM:DBManager:connection_data:Object reference not set to an instance of an object.
10/26/2023 2:09:34 PM:DBManager:connection_data:Object reference not set to an instance of an object.
10/26/2023 2:09:34 PM:DBManager:connection_data:Object reference not set to an instance of an object.
10/26/2023 2:09:34 PM:DBManager:connection_data:Object reference not set to an instance of an object.
10/26/2023 2:09:34 PM:DBManager:connection_data:Object reference not set to an instance of an object.
10/26/2023 2:09:34 PM:DBManager:connection_data:Object reference not set to an instance of an object.
10/26/2023 2:09:34 PM:DBManager:connection_data:Object reference not set to an instance of an object.
10/26/2023 2:09:34 PM:DBManager:connection_data:Object reference not set to an instance of an object.
10/26/2023 2:09:34 PM:DBManager:connection_data:Object reference not set to an instance of an object.
10/26/2023 2:09:34 PM:DBManager:connection_data:Object reference not set to an instance of an object.
10/26/2023 2:09:34 PM:DBManager:connection_data:Object reference not set to an instance of an object.
10/26/2023 2:09:34 PM:DBManager:connection_data:Object reference not set to an instance of an object.
10/26/2023 2:09:34 PM:DBManager:connection_data:Object reference not set to an instance of an object.
10/26/2023 2:09:34 PM:DBManager:connection_data:Object reference not set to an instance of an object.
10/26/2023 2:09:34 PM:DBManager:connection_data:Object reference not set to an instance of an object.
10/26/2023 2:09:34 PM:DBManager:connection_data:Object reference not set to an instance of an object.
10/26/2023 2:09:34 PM:DBManager:connection_data:Object reference not set to an instance of an object.
10/26/2023 2:09:34 PM:DBManager:connection_data:Object reference not set to an instance of an object.
10/26/2023 2:09:34 PM:DBManager:connection_data:Object reference not set to an instance of an object.
10/26/2023 2:09:34 PM:DBManager:connection_data:Object reference not set to an instance of an object.
10/26/2023 2:09:34 PM:DBManager:connection_data:Object reference not set to an instance of an object.
10/26/2023 2:09:34 PM:DBManager:connection_data:Object reference not set to an instance of an object.
10/26/2023 2:09:34 PM:DBManager:connection_data:Object reference not set to an instance of an object.
10/26/2023 2:09:34 PM:DBManager:connection_data:Object reference not set to an instance of an object.
10/26/2023 2:09:34 PM:DBManager:connection_data:Object reference not set to an instance of an object.
10/26/2023 2:09:34 PM:DBManager:connection_data:Object reference not set to an instance of an object.
10/26/2023 2:09:34 PM:DBManager:connection_data:Object reference not set to an instance of an object.
10/26/2023 2:09:34 PM:DBManager:connection_data:Object reference not set to an instance of an object.
10/26/2023 2:09:34 PM:DBManager:connection_data:Object reference not set to an instance of an object.
10/26/2023 2:09:34 PM:DBManager:connection_data:Object reference not set to an instance of an object.
10/26/2023 2:09:34 PM:DBManager:connection_data:Object reference not set to an instance of an object.
10/26/2023 2:09:34 PM:DBManager:connection_data:Object reference not set to an instance of an object.
10/26/2023 2:09:34 PM:DBManager:connection_data:Object reference not set to an instance of an object.
10/26/2023 2:09:34 PM:DBManager:connection_data:Object reference not set to an instance of an object.
10/26/2023 2:09:34 PM:DBManager:connection_data:Object reference not set to an instance of an object.
10/26/2023 2:09:34 PM:DBManager:connection_data:Object reference not set to an instance of an object.
10/26/2023 2:09:34 PM:DBManager:connection_data:Object reference not set to an instance of an object.
10/26/2023 2:09:34 PM:DBManager:connection_data:Object reference not set to an instance of an object.
10/26/2023 2:09:34 PM:DBManager:connection_data:Object reference not set to an instance of an object.
10/26/2023 2:09:34 PM:DBManager:connection_data:Object reference not set to an instance of an object.
10/26/2023 2:09:34 PM:DBManager:connection_data:Object reference not set to an instance of an object.
10/26/2023 2:09:34 PM:DBManager:connection_data:Object reference not set to an instance of an object.
10/26/2023 2:09:34 PM:DBManager:connection_data:Object reference not set to an instance of an object.
10/26/2023 2:09:34 PM:DBManager:connection_data:Object reference not set to an instance of an object.
10/26/2023 2:09:34 PM:DBManager:connection_data:Object reference not set to an instance of an object.
10/26/2023 2:09:34 PM:DBManager:connection_data:Object reference not set to an instance of an object.
10/26/2023 2:09:34 PM:DBManager:connection_data:Object reference not set to an instance of an object.
10/26/2023 2:09:34 PM:DBManager:connection_data:Object reference not set to an instance of an object.
10/26/2023 2:09:39 PM:DBManager:connection_data:Object reference not set to an instance of an object.
10/26/2023 2:09:39 PM:DBManager:connection_data:Object reference not set to an instance of an object.
10/26/2023 2:09:39 PM:DBManager:connection_data:Object reference not set to an instance of an object.
10/26/2023 2:09:39 PM:DBManager:connection_data:Object reference not set to an instance of an object.
10/26/2023 2:09:39 PM:DBManager:connection_data:Object reference not set to an instance of an object.
10/26/2023 2:09:39 PM:DBManager:connection_data:Object reference not set to an instance of an object.
26/10/2023 2:09:40 PM:Location_List:rdLocaton_ItemDataBoundObject reference not set to an instance of an object.
26/10/2023 2:09:40 PM:Location_List:rdLocaton_ItemDataBoundObject reference not set to an instance of an object.
10/26/2023 4:15:51 PM:DBManager:connection_data:Object reference not set to an instance of an object.
10/26/2023 4:15:51 PM:DBManager:connection_data:Object reference not set to an instance of an object.
10/26/2023 4:15:51 PM:DBManager:connection_data:Object reference not set to an instance of an object.
10/26/2023 4:15:51 PM:DBManager:connection_data:Object reference not set to an instance of an object.
10/26/2023 4:15:51 PM:DBManager:connection_data:Object reference not set to an instance of an object.
10/26/2023 4:15:51 PM:DBManager:connection_data:Object reference not set to an instance of an object.
26/10/2023 4:15:51 PM:MasterPage:Page_Init:Thread was being aborted.
10/26/2023 4:15:51 PM:DBManager:connection_data:Object reference not set to an instance of an object.
10/26/2023 4:15:51 PM:DBManager:connection_data:Object reference not set to an instance of an object.
10/26/2023 4:15:51 PM:DBManager:connection_data:Object reference not set to an instance of an object.
26/10/2023 4:15:51 PM:SignIn:btnLogIn_Click:test
10/26/2023 4:15:58 PM:DBManager:connection_data:Object reference not set to an instance of an object.
10/26/2023 4:15:58 PM:DBManager:connection_data:Object reference not set to an instance of an object.
10/26/2023 4:15:58 PM:DBManager:connection_data:Object reference not set to an instance of an object.
26/10/2023 4:15:58 PM:SignIn:btnLogIn_Click:test
26/10/2023 4:15:58 PM:SignIn:btnLogIn_Click4:
26/10/2023 4:15:58 PM:SignIn:btnLogIn_Click5:
26/10/2023 4:15:58 PM:SignIn:btnLogIn_Click7:
26/10/2023 4:15:58 PM:SignIn:btnLogIn_Click8:
26/10/2023 4:15:58 PM:ClsDataccess:Getdatatable:The ConnectionString property has not been initialized.
10/26/2023 4:15:58 PM:DBManager:connection_data:Object reference not set to an instance of an object.
10/26/2023 4:15:58 PM:DBManager:connection_data:Object reference not set to an instance of an object.
10/26/2023 4:15:58 PM:DBManager:connection_data:Object reference not set to an instance of an object.
10/26/2023 4:15:58 PM:DBManager:connection_data:Object reference not set to an instance of an object.
10/26/2023 4:15:58 PM:DBManager:connection_data:Object reference not set to an instance of an object.
10/26/2023 4:15:58 PM:DBManager:connection_data:Object reference not set to an instance of an object.
10/26/2023 4:15:58 PM:DBManager:connection_data:Object reference not set to an instance of an object.
10/26/2023 4:15:58 PM:DBManager:connection_data:Object reference not set to an instance of an object.
10/26/2023 4:15:58 PM:DBManager:connection_data:Object reference not set to an instance of an object.
10/26/2023 4:15:58 PM:DBManager:connection_data:Object reference not set to an instance of an object.
10/26/2023 4:15:58 PM:DBManager:connection_data:Object reference not set to an instance of an object.
10/26/2023 4:15:58 PM:DBManager:connection_data:Object reference not set to an instance of an object.
10/26/2023 4:15:58 PM:DBManager:connection_data:Object reference not set to an instance of an object.
10/26/2023 4:15:58 PM:DBManager:connection_data:Object reference not set to an instance of an object.
10/26/2023 4:15:58 PM:DBManager:connection_data:Object reference not set to an instance of an object.
10/26/2023 4:15:58 PM:DBManager:connection_data:Object reference not set to an instance of an object.
10/26/2023 4:15:58 PM:DBManager:connection_data:Object reference not set to an instance of an object.
10/26/2023 4:15:58 PM:DBManager:connection_data:Object reference not set to an instance of an object.
10/26/2023 4:15:58 PM:DBManager:connection_data:Object reference not set to an instance of an object.
10/26/2023 4:15:58 PM:DBManager:connection_data:Object reference not set to an instance of an object.
10/26/2023 4:15:58 PM:DBManager:connection_data:Object reference not set to an instance of an object.
10/26/2023 4:15:58 PM:DBManager:connection_data:Object reference not set to an instance of an object.
10/26/2023 4:15:58 PM:DBManager:connection_data:Object reference not set to an instance of an object.
10/26/2023 4:15:58 PM:DBManager:connection_data:Object reference not set to an instance of an object.
10/26/2023 4:15:58 PM:DBManager:connection_data:Object reference not set to an instance of an object.
10/26/2023 4:15:58 PM:DBManager:connection_data:Object reference not set to an instance of an object.
10/26/2023 4:15:58 PM:DBManager:connection_data:Object reference not set to an instance of an object.
10/26/2023 4:15:58 PM:DBManager:connection_data:Object reference not set to an instance of an object.
10/26/2023 4:15:58 PM:DBManager:connection_data:Object reference not set to an instance of an object.
10/26/2023 4:15:58 PM:DBManager:connection_data:Object reference not set to an instance of an object.
10/26/2023 4:15:58 PM:DBManager:connection_data:Object reference not set to an instance of an object.
10/26/2023 4:15:58 PM:DBManager:connection_data:Object reference not set to an instance of an object.
10/26/2023 4:15:58 PM:DBManager:connection_data:Object reference not set to an instance of an object.
10/26/2023 4:15:58 PM:DBManager:connection_data:Object reference not set to an instance of an object.
10/26/2023 4:15:58 PM:DBManager:connection_data:Object reference not set to an instance of an object.
10/26/2023 4:15:58 PM:DBManager:connection_data:Object reference not set to an instance of an object.
10/26/2023 4:15:58 PM:DBManager:connection_data:Object reference not set to an instance of an object.
10/26/2023 4:15:58 PM:DBManager:connection_data:Object reference not set to an instance of an object.
10/26/2023 4:15:58 PM:DBManager:connection_data:Object reference not set to an instance of an object.
10/26/2023 4:15:58 PM:DBManager:connection_data:Object reference not set to an instance of an object.
10/26/2023 4:15:58 PM:DBManager:connection_data:Object reference not set to an instance of an object.
10/26/2023 4:15:58 PM:DBManager:connection_data:Object reference not set to an instance of an object.
10/26/2023 4:15:58 PM:DBManager:connection_data:Object reference not set to an instance of an object.
10/26/2023 4:15:58 PM:DBManager:connection_data:Object reference not set to an instance of an object.
10/26/2023 4:15:58 PM:DBManager:connection_data:Object reference not set to an instance of an object.
10/26/2023 4:15:58 PM:DBManager:connection_data:Object reference not set to an instance of an object.
10/26/2023 4:15:58 PM:DBManager:connection_data:Object reference not set to an instance of an object.
10/26/2023 4:15:58 PM:DBManager:connection_data:Object reference not set to an instance of an object.
10/26/2023 4:15:58 PM:DBManager:connection_data:Object reference not set to an instance of an object.
10/26/2023 4:15:58 PM:DBManager:connection_data:Object reference not set to an instance of an object.
10/26/2023 4:15:58 PM:DBManager:connection_data:Object reference not set to an instance of an object.
10/26/2023 4:15:58 PM:DBManager:connection_data:Object reference not set to an instance of an object.
10/26/2023 4:15:58 PM:DBManager:connection_data:Object reference not set to an instance of an object.
10/26/2023 4:15:58 PM:DBManager:connection_data:Object reference not set to an instance of an object.
10/26/2023 4:15:58 PM:DBManager:connection_data:Object reference not set to an instance of an object.
10/26/2023 4:15:58 PM:DBManager:connection_data:Object reference not set to an instance of an object.
10/26/2023 4:15:58 PM:DBManager:connection_data:Object reference not set to an instance of an object.
10/26/2023 4:15:58 PM:DBManager:connection_data:Object reference not set to an instance of an object.
10/26/2023 4:15:58 PM:DBManager:connection_data:Object reference not set to an instance of an object.
10/26/2023 4:15:58 PM:DBManager:connection_data:Object reference not set to an instance of an object.
10/26/2023 4:15:58 PM:DBManager:connection_data:Object reference not set to an instance of an object.
10/26/2023 4:15:58 PM:DBManager:connection_data:Object reference not set to an instance of an object.
10/26/2023 4:15:58 PM:DBManager:connection_data:Object reference not set to an instance of an object.
10/26/2023 4:15:58 PM:DBManager:connection_data:Object reference not set to an instance of an object.
10/26/2023 4:15:58 PM:DBManager:connection_data:Object reference not set to an instance of an object.
10/26/2023 4:15:58 PM:DBManager:connection_data:Object reference not set to an instance of an object.
10/26/2023 4:15:58 PM:DBManager:connection_data:Object reference not set to an instance of an object.
10/26/2023 4:15:58 PM:DBManager:connection_data:Object reference not set to an instance of an object.
10/26/2023 4:15:58 PM:DBManager:connection_data:Object reference not set to an instance of an object.
10/26/2023 4:15:58 PM:DBManager:connection_data:Object reference not set to an instance of an object.
10/26/2023 4:15:58 PM:DBManager:connection_data:Object reference not set to an instance of an object.
10/26/2023 4:15:58 PM:DBManager:connection_data:Object reference not set to an instance of an object.
10/26/2023 4:15:58 PM:DBManager:connection_data:Object reference not set to an instance of an object.
10/26/2023 4:15:58 PM:DBManager:connection_data:Object reference not set to an instance of an object.
10/26/2023 4:15:58 PM:DBManager:connection_data:Object reference not set to an instance of an object.
10/26/2023 4:15:58 PM:DBManager:connection_data:Object reference not set to an instance of an object.
10/26/2023 4:15:58 PM:DBManager:connection_data:Object reference not set to an instance of an object.
10/26/2023 4:17:13 PM:DBManager:connection_data:Object reference not set to an instance of an object.
10/26/2023 4:17:13 PM:DBManager:connection_data:Object reference not set to an instance of an object.
10/26/2023 4:17:13 PM:DBManager:connection_data:Object reference not set to an instance of an object.
10/26/2023 4:17:13 PM:DBManager:connection_data:Object reference not set to an instance of an object.
10/26/2023 4:17:13 PM:DBManager:connection_data:Object reference not set to an instance of an object.
10/26/2023 4:17:13 PM:DBManager:connection_data:Object reference not set to an instance of an object.
26/10/2023 4:17:13 PM:Location_List:rdLocaton_ItemDataBoundObject reference not set to an instance of an object.
26/10/2023 4:17:13 PM:Location_List:rdLocaton_ItemDataBoundObject reference not set to an instance of an object.
10/26/2023 6:42:47 PM:DBManager:connection_data:Object reference not set to an instance of an object.
10/26/2023 6:42:47 PM:DBManager:connection_data:Object reference not set to an instance of an object.
10/26/2023 6:42:47 PM:DBManager:connection_data:Object reference not set to an instance of an object.
10/26/2023 6:42:47 PM:DBManager:connection_data:Object reference not set to an instance of an object.
10/26/2023 6:42:47 PM:DBManager:connection_data:Object reference not set to an instance of an object.
10/26/2023 6:42:47 PM:DBManager:connection_data:Object reference not set to an instance of an object.
26/10/2023 6:42:47 PM:MasterPage:Page_Init:Thread was being aborted.
10/26/2023 6:42:47 PM:DBManager:connection_data:Object reference not set to an instance of an object.
10/26/2023 6:42:47 PM:DBManager:connection_data:Object reference not set to an instance of an object.
10/26/2023 6:42:47 PM:DBManager:connection_data:Object reference not set to an instance of an object.
26/10/2023 6:42:47 PM:SignIn:btnLogIn_Click:test
