10-23-2023 12:16:34:DBManager:connection_data:Object reference not set to an instance of an object.
10-23-2023 12:16:34:DBManager:connection_data:Object reference not set to an instance of an object.
10-23-2023 12:16:34:DBManager:connection_data:Object reference not set to an instance of an object.
23/10/2023 12:16:35 PM:SignIn:btnLogIn_Click:test
10-23-2023 12:16:45:DBManager:connection_data:Object reference not set to an instance of an object.
10-23-2023 12:16:45:DBManager:connection_data:Object reference not set to an instance of an object.
10-23-2023 12:16:45:DBManager:connection_data:Object reference not set to an instance of an object.
23/10/2023 12:16:45 PM:SignIn:btnLogIn_Click:test
23/10/2023 12:16:45 PM:SignIn:btnLogIn_Click4:
23/10/2023 12:16:45 PM:SignIn:btnLogIn_Click5:
23/10/2023 12:16:45 PM:SignIn:btnLogIn_Click7:
23/10/2023 12:16:45 PM:SignIn:btnLogIn_Click8:
23/10/2023 12:16:45 PM:ClsDataccess:Getdatatable:The ConnectionString property has not been initialized.
10-23-2023 12:16:45:DBManager:connection_data:Object reference not set to an instance of an object.
10-23-2023 12:16:45:DBManager:connection_data:Object reference not set to an instance of an object.
10-23-2023 12:16:45:DBManager:connection_data:Object reference not set to an instance of an object.
10-23-2023 12:16:45:DBManager:connection_data:Object reference not set to an instance of an object.
10-23-2023 12:16:45:DBManager:connection_data:Object reference not set to an instance of an object.
10-23-2023 12:16:45:DBManager:connection_data:Object reference not set to an instance of an object.
10-23-2023 12:16:45:DBManager:connection_data:Object reference not set to an instance of an object.
10-23-2023 12:16:45:DBManager:connection_data:Object reference not set to an instance of an object.
10-23-2023 12:16:45:DBManager:connection_data:Object reference not set to an instance of an object.
10-23-2023 12:16:45:DBManager:connection_data:Object reference not set to an instance of an object.
10-23-2023 12:16:45:DBManager:connection_data:Object reference not set to an instance of an object.
10-23-2023 12:16:45:DBManager:connection_data:Object reference not set to an instance of an object.
10-23-2023 12:16:45:DBManager:connection_data:Object reference not set to an instance of an object.
10-23-2023 12:16:45:DBManager:connection_data:Object reference not set to an instance of an object.
10-23-2023 12:16:45:DBManager:connection_data:Object reference not set to an instance of an object.
10-23-2023 12:16:45:DBManager:connection_data:Object reference not set to an instance of an object.
10-23-2023 12:16:45:DBManager:connection_data:Object reference not set to an instance of an object.
10-23-2023 12:16:45:DBManager:connection_data:Object reference not set to an instance of an object.
10-23-2023 12:16:45:DBManager:connection_data:Object reference not set to an instance of an object.
10-23-2023 12:16:45:DBManager:connection_data:Object reference not set to an instance of an object.
10-23-2023 12:16:45:DBManager:connection_data:Object reference not set to an instance of an object.
10-23-2023 12:16:45:DBManager:connection_data:Object reference not set to an instance of an object.
10-23-2023 12:16:45:DBManager:connection_data:Object reference not set to an instance of an object.
10-23-2023 12:16:45:DBManager:connection_data:Object reference not set to an instance of an object.
10-23-2023 12:16:45:DBManager:connection_data:Object reference not set to an instance of an object.
10-23-2023 12:16:45:DBManager:connection_data:Object reference not set to an instance of an object.
10-23-2023 12:16:45:DBManager:connection_data:Object reference not set to an instance of an object.
10-23-2023 12:16:45:DBManager:connection_data:Object reference not set to an instance of an object.
10-23-2023 12:16:45:DBManager:connection_data:Object reference not set to an instance of an object.
10-23-2023 12:16:45:DBManager:connection_data:Object reference not set to an instance of an object.
10-23-2023 12:16:45:DBManager:connection_data:Object reference not set to an instance of an object.
10-23-2023 12:16:45:DBManager:connection_data:Object reference not set to an instance of an object.
10-23-2023 12:16:45:DBManager:connection_data:Object reference not set to an instance of an object.
10-23-2023 12:16:45:DBManager:connection_data:Object reference not set to an instance of an object.
10-23-2023 12:16:45:DBManager:connection_data:Object reference not set to an instance of an object.
10-23-2023 12:16:45:DBManager:connection_data:Object reference not set to an instance of an object.
10-23-2023 12:16:45:DBManager:connection_data:Object reference not set to an instance of an object.
10-23-2023 12:16:45:DBManager:connection_data:Object reference not set to an instance of an object.
10-23-2023 12:16:45:DBManager:connection_data:Object reference not set to an instance of an object.
10-23-2023 12:16:45:DBManager:connection_data:Object reference not set to an instance of an object.
10-23-2023 12:16:45:DBManager:connection_data:Object reference not set to an instance of an object.
10-23-2023 12:16:45:DBManager:connection_data:Object reference not set to an instance of an object.
10-23-2023 12:16:45:DBManager:connection_data:Object reference not set to an instance of an object.
10-23-2023 12:16:45:DBManager:connection_data:Object reference not set to an instance of an object.
10-23-2023 12:16:45:DBManager:connection_data:Object reference not set to an instance of an object.
10-23-2023 12:16:45:DBManager:connection_data:Object reference not set to an instance of an object.
10-23-2023 12:16:45:DBManager:connection_data:Object reference not set to an instance of an object.
10-23-2023 12:16:45:DBManager:connection_data:Object reference not set to an instance of an object.
10-23-2023 12:16:45:DBManager:connection_data:Object reference not set to an instance of an object.
10-23-2023 12:16:45:DBManager:connection_data:Object reference not set to an instance of an object.
10-23-2023 12:16:45:DBManager:connection_data:Object reference not set to an instance of an object.
10-23-2023 12:16:45:DBManager:connection_data:Object reference not set to an instance of an object.
10-23-2023 12:16:45:DBManager:connection_data:Object reference not set to an instance of an object.
10-23-2023 12:16:45:DBManager:connection_data:Object reference not set to an instance of an object.
10-23-2023 12:16:45:DBManager:connection_data:Object reference not set to an instance of an object.
10-23-2023 12:16:45:DBManager:connection_data:Object reference not set to an instance of an object.
10-23-2023 12:16:45:DBManager:connection_data:Object reference not set to an instance of an object.
10-23-2023 12:16:45:DBManager:connection_data:Object reference not set to an instance of an object.
10-23-2023 12:16:45:DBManager:connection_data:Object reference not set to an instance of an object.
10-23-2023 12:16:45:DBManager:connection_data:Object reference not set to an instance of an object.
10-23-2023 12:16:45:DBManager:connection_data:Object reference not set to an instance of an object.
10-23-2023 12:16:45:DBManager:connection_data:Object reference not set to an instance of an object.
10-23-2023 12:16:45:DBManager:connection_data:Object reference not set to an instance of an object.
10-23-2023 12:16:45:DBManager:connection_data:Object reference not set to an instance of an object.
10-23-2023 12:16:45:DBManager:connection_data:Object reference not set to an instance of an object.
10-23-2023 12:16:45:DBManager:connection_data:Object reference not set to an instance of an object.
10-23-2023 12:16:45:DBManager:connection_data:Object reference not set to an instance of an object.
10-23-2023 12:16:45:DBManager:connection_data:Object reference not set to an instance of an object.
10-23-2023 12:16:45:DBManager:connection_data:Object reference not set to an instance of an object.
10-23-2023 12:16:45:DBManager:connection_data:Object reference not set to an instance of an object.
10-23-2023 12:16:45:DBManager:connection_data:Object reference not set to an instance of an object.
10-23-2023 12:16:45:DBManager:connection_data:Object reference not set to an instance of an object.
10-23-2023 12:16:45:DBManager:connection_data:Object reference not set to an instance of an object.
10-23-2023 12:16:45:DBManager:connection_data:Object reference not set to an instance of an object.
10-23-2023 12:16:45:DBManager:connection_data:Object reference not set to an instance of an object.
10-23-2023 12:16:45:DBManager:connection_data:Object reference not set to an instance of an object.
10-23-2023 12:16:45:DBManager:connection_data:Object reference not set to an instance of an object.
10-23-2023 12:16:52:DBManager:connection_data:Object reference not set to an instance of an object.
10-23-2023 12:16:52:DBManager:connection_data:Object reference not set to an instance of an object.
10-23-2023 12:16:52:DBManager:connection_data:Object reference not set to an instance of an object.
10-23-2023 12:16:52:DBManager:connection_data:Object reference not set to an instance of an object.
10-23-2023 12:16:52:DBManager:connection_data:Object reference not set to an instance of an object.
10-23-2023 12:16:52:DBManager:connection_data:Object reference not set to an instance of an object.
23/10/2023 12:16:53 PM:Location_List:rdLocaton_ItemDataBoundObject reference not set to an instance of an object.
23/10/2023 12:16:53 PM:Location_List:rdLocaton_ItemDataBoundObject reference not set to an instance of an object.
10-23-2023 12:17:03:DBManager:connection_data:Object reference not set to an instance of an object.
10-23-2023 12:17:03:DBManager:connection_data:Object reference not set to an instance of an object.
10-23-2023 12:17:03:DBManager:connection_data:Object reference not set to an instance of an object.
10-23-2023 12:17:03:DBManager:connection_data:Object reference not set to an instance of an object.
10-23-2023 12:17:03:DBManager:connection_data:Object reference not set to an instance of an object.
10-23-2023 12:17:03:DBManager:connection_data:Object reference not set to an instance of an object.
10-23-2023 12:17:03:DBManager:connection_data:Object reference not set to an instance of an object.
10-23-2023 12:17:03:DBManager:connection_data:Object reference not set to an instance of an object.
10-23-2023 12:17:03:DBManager:connection_data:Object reference not set to an instance of an object.
10-23-2023 12:17:03:DBManager:connection_data:Object reference not set to an instance of an object.
10-23-2023 12:17:03:DBManager:connection_data:Object reference not set to an instance of an object.
10-23-2023 12:17:03:DBManager:connection_data:Object reference not set to an instance of an object.
10-23-2023 12:17:03:DBManager:connection_data:Object reference not set to an instance of an object.
10-23-2023 12:17:03:DBManager:connection_data:Object reference not set to an instance of an object.
10-23-2023 12:17:03:DBManager:connection_data:Object reference not set to an instance of an object.
10-23-2023 12:17:03:DBManager:connection_data:Object reference not set to an instance of an object.
10-23-2023 12:17:03:DBManager:connection_data:Object reference not set to an instance of an object.
10-23-2023 12:17:03:DBManager:connection_data:Object reference not set to an instance of an object.
10-23-2023 12:17:03:DBManager:connection_data:Object reference not set to an instance of an object.
10-23-2023 12:17:03:DBManager:connection_data:Object reference not set to an instance of an object.
10-23-2023 12:17:03:DBManager:connection_data:Object reference not set to an instance of an object.
10-23-2023 12:17:03:DBManager:connection_data:Object reference not set to an instance of an object.
10-23-2023 12:17:03:DBManager:connection_data:Object reference not set to an instance of an object.
10-23-2023 12:17:03:DBManager:connection_data:Object reference not set to an instance of an object.
10-23-2023 12:17:03:DBManager:connection_data:Object reference not set to an instance of an object.
10-23-2023 12:17:03:DBManager:connection_data:Object reference not set to an instance of an object.
10-23-2023 12:17:03:DBManager:connection_data:Object reference not set to an instance of an object.
10-23-2023 12:17:03:DBManager:connection_data:Object reference not set to an instance of an object.
10-23-2023 12:17:03:DBManager:connection_data:Object reference not set to an instance of an object.
10-23-2023 12:17:03:DBManager:connection_data:Object reference not set to an instance of an object.
10-23-2023 12:17:03:DBManager:connection_data:Object reference not set to an instance of an object.
10-23-2023 12:17:03:DBManager:connection_data:Object reference not set to an instance of an object.
10-23-2023 12:17:03:DBManager:connection_data:Object reference not set to an instance of an object.
10-23-2023 12:17:03:DBManager:connection_data:Object reference not set to an instance of an object.
10-23-2023 12:17:03:DBManager:connection_data:Object reference not set to an instance of an object.
10-23-2023 12:17:03:DBManager:connection_data:Object reference not set to an instance of an object.
10-23-2023 12:17:03:DBManager:connection_data:Object reference not set to an instance of an object.
10-23-2023 12:17:03:DBManager:connection_data:Object reference not set to an instance of an object.
10-23-2023 12:17:03:DBManager:connection_data:Object reference not set to an instance of an object.
10-23-2023 12:17:03:DBManager:connection_data:Object reference not set to an instance of an object.
10-23-2023 12:17:03:DBManager:connection_data:Object reference not set to an instance of an object.
10-23-2023 12:17:03:DBManager:connection_data:Object reference not set to an instance of an object.
10-23-2023 12:17:03:DBManager:connection_data:Object reference not set to an instance of an object.
10-23-2023 12:17:03:DBManager:connection_data:Object reference not set to an instance of an object.
10-23-2023 12:17:03:DBManager:connection_data:Object reference not set to an instance of an object.
10-23-2023 12:17:03:DBManager:connection_data:Object reference not set to an instance of an object.
10-23-2023 12:17:03:DBManager:connection_data:Object reference not set to an instance of an object.
10-23-2023 12:17:03:DBManager:connection_data:Object reference not set to an instance of an object.
10-23-2023 12:17:03:DBManager:connection_data:Object reference not set to an instance of an object.
10-23-2023 12:17:03:DBManager:connection_data:Object reference not set to an instance of an object.
10-23-2023 12:17:03:DBManager:connection_data:Object reference not set to an instance of an object.
10-23-2023 12:17:03:DBManager:connection_data:Object reference not set to an instance of an object.
10-23-2023 12:17:03:DBManager:connection_data:Object reference not set to an instance of an object.
10-23-2023 12:17:03:DBManager:connection_data:Object reference not set to an instance of an object.
10-23-2023 12:17:03:DBManager:connection_data:Object reference not set to an instance of an object.
10-23-2023 12:17:03:DBManager:connection_data:Object reference not set to an instance of an object.
10-23-2023 12:17:03:DBManager:connection_data:Object reference not set to an instance of an object.
10-23-2023 12:17:03:DBManager:connection_data:Object reference not set to an instance of an object.
10-23-2023 12:17:03:DBManager:connection_data:Object reference not set to an instance of an object.
10-23-2023 12:17:03:DBManager:connection_data:Object reference not set to an instance of an object.
10-23-2023 12:17:03:DBManager:connection_data:Object reference not set to an instance of an object.
10-23-2023 12:17:03:DBManager:connection_data:Object reference not set to an instance of an object.
10-23-2023 12:17:03:DBManager:connection_data:Object reference not set to an instance of an object.
10-23-2023 12:17:03:DBManager:connection_data:Object reference not set to an instance of an object.
10-23-2023 12:17:03:DBManager:connection_data:Object reference not set to an instance of an object.
10-23-2023 12:17:03:DBManager:connection_data:Object reference not set to an instance of an object.
10-23-2023 12:17:03:DBManager:connection_data:Object reference not set to an instance of an object.
10-23-2023 12:17:03:DBManager:connection_data:Object reference not set to an instance of an object.
10-23-2023 12:17:03:DBManager:connection_data:Object reference not set to an instance of an object.
10-23-2023 12:17:03:DBManager:connection_data:Object reference not set to an instance of an object.
10-23-2023 12:17:03:DBManager:connection_data:Object reference not set to an instance of an object.
10-23-2023 12:17:03:DBManager:connection_data:Object reference not set to an instance of an object.
10-23-2023 12:17:03:DBManager:connection_data:Object reference not set to an instance of an object.
10-23-2023 12:17:03:DBManager:connection_data:Object reference not set to an instance of an object.
10-23-2023 12:17:03:DBManager:connection_data:Object reference not set to an instance of an object.
10-23-2023 12:17:03:DBManager:connection_data:Object reference not set to an instance of an object.
10-23-2023 12:17:03:DBManager:connection_data:Object reference not set to an instance of an object.
10-23-2023 12:17:03:DBManager:connection_data:Object reference not set to an instance of an object.
10-23-2023 12:17:03:DBManager:connection_data:Object reference not set to an instance of an object.
10-23-2023 12:17:03:DBManager:connection_data:Object reference not set to an instance of an object.
10-23-2023 12:17:03:DBManager:connection_data:Object reference not set to an instance of an object.
10-23-2023 12:17:03:DBManager:connection_data:Object reference not set to an instance of an object.
10-23-2023 12:17:03:DBManager:connection_data:Object reference not set to an instance of an object.
10-23-2023 12:17:03:DBManager:connection_data:Object reference not set to an instance of an object.
10-23-2023 12:17:03:DBManager:connection_data:Object reference not set to an instance of an object.
10-23-2023 12:17:03:DBManager:connection_data:Object reference not set to an instance of an object.
10-23-2023 12:17:03:DBManager:connection_data:Object reference not set to an instance of an object.
10-23-2023 12:17:03:DBManager:connection_data:Object reference not set to an instance of an object.
10-23-2023 12:17:03:DBManager:connection_data:Object reference not set to an instance of an object.
10-23-2023 12:18:03:DBManager:connection_data:Object reference not set to an instance of an object.
10-23-2023 12:18:03:DBManager:connection_data:Object reference not set to an instance of an object.
10-23-2023 12:18:03:DBManager:connection_data:Object reference not set to an instance of an object.
10-23-2023 12:18:03:DBManager:connection_data:Object reference not set to an instance of an object.
10-23-2023 12:18:03:DBManager:connection_data:Object reference not set to an instance of an object.
10-23-2023 12:18:03:DBManager:connection_data:Object reference not set to an instance of an object.
10-23-2023 12:18:03:DBManager:connection_data:Object reference not set to an instance of an object.
10-23-2023 12:18:03:DBManager:connection_data:Object reference not set to an instance of an object.
10-23-2023 12:18:03:DBManager:connection_data:Object reference not set to an instance of an object.
10-23-2023 12:18:03:DBManager:connection_data:Object reference not set to an instance of an object.
10-23-2023 12:18:03:DBManager:connection_data:Object reference not set to an instance of an object.
10-23-2023 12:18:03:DBManager:connection_data:Object reference not set to an instance of an object.
10-23-2023 12:18:03:DBManager:connection_data:Object reference not set to an instance of an object.
10-23-2023 12:18:03:DBManager:connection_data:Object reference not set to an instance of an object.
10-23-2023 12:18:03:DBManager:connection_data:Object reference not set to an instance of an object.
10-23-2023 12:18:03:DBManager:connection_data:Object reference not set to an instance of an object.
10-23-2023 12:18:03:DBManager:connection_data:Object reference not set to an instance of an object.
10-23-2023 12:18:03:DBManager:connection_data:Object reference not set to an instance of an object.
10-23-2023 12:18:03:DBManager:connection_data:Object reference not set to an instance of an object.
10-23-2023 12:18:03:DBManager:connection_data:Object reference not set to an instance of an object.
10-23-2023 12:18:03:DBManager:connection_data:Object reference not set to an instance of an object.
10-23-2023 12:18:03:DBManager:connection_data:Object reference not set to an instance of an object.
10-23-2023 12:18:03:DBManager:connection_data:Object reference not set to an instance of an object.
10-23-2023 12:18:03:DBManager:connection_data:Object reference not set to an instance of an object.
10-23-2023 12:18:03:DBManager:connection_data:Object reference not set to an instance of an object.
10-23-2023 12:18:03:DBManager:connection_data:Object reference not set to an instance of an object.
10-23-2023 12:18:03:DBManager:connection_data:Object reference not set to an instance of an object.
10-23-2023 12:18:03:DBManager:connection_data:Object reference not set to an instance of an object.
10-23-2023 12:18:03:DBManager:connection_data:Object reference not set to an instance of an object.
10-23-2023 12:18:03:DBManager:connection_data:Object reference not set to an instance of an object.
10-23-2023 12:18:03:DBManager:connection_data:Object reference not set to an instance of an object.
10-23-2023 12:18:03:DBManager:connection_data:Object reference not set to an instance of an object.
10-23-2023 12:18:03:DBManager:connection_data:Object reference not set to an instance of an object.
10-23-2023 12:18:03:DBManager:connection_data:Object reference not set to an instance of an object.
10-23-2023 12:18:03:DBManager:connection_data:Object reference not set to an instance of an object.
10-23-2023 12:18:03:DBManager:connection_data:Object reference not set to an instance of an object.
10-23-2023 12:18:03:DBManager:connection_data:Object reference not set to an instance of an object.
10-23-2023 12:18:03:DBManager:connection_data:Object reference not set to an instance of an object.
10-23-2023 12:18:03:DBManager:connection_data:Object reference not set to an instance of an object.
10-23-2023 12:18:03:DBManager:connection_data:Object reference not set to an instance of an object.
10-23-2023 12:18:03:DBManager:connection_data:Object reference not set to an instance of an object.
10-23-2023 12:18:03:DBManager:connection_data:Object reference not set to an instance of an object.
10-23-2023 12:18:03:DBManager:connection_data:Object reference not set to an instance of an object.
10-23-2023 12:18:03:DBManager:connection_data:Object reference not set to an instance of an object.
10-23-2023 12:18:03:DBManager:connection_data:Object reference not set to an instance of an object.
10-23-2023 12:18:03:DBManager:connection_data:Object reference not set to an instance of an object.
10-23-2023 12:18:03:DBManager:connection_data:Object reference not set to an instance of an object.
10-23-2023 12:18:03:DBManager:connection_data:Object reference not set to an instance of an object.
10-23-2023 12:18:03:DBManager:connection_data:Object reference not set to an instance of an object.
10-23-2023 12:18:03:DBManager:connection_data:Object reference not set to an instance of an object.
10-23-2023 12:18:03:DBManager:connection_data:Object reference not set to an instance of an object.
10-23-2023 12:18:03:DBManager:connection_data:Object reference not set to an instance of an object.
10-23-2023 12:18:03:DBManager:connection_data:Object reference not set to an instance of an object.
10-23-2023 12:18:03:DBManager:connection_data:Object reference not set to an instance of an object.
10-23-2023 12:18:03:DBManager:connection_data:Object reference not set to an instance of an object.
10-23-2023 12:18:03:DBManager:connection_data:Object reference not set to an instance of an object.
10-23-2023 12:18:03:DBManager:connection_data:Object reference not set to an instance of an object.
10-23-2023 12:18:03:DBManager:connection_data:Object reference not set to an instance of an object.
10-23-2023 12:18:03:DBManager:connection_data:Object reference not set to an instance of an object.
10-23-2023 12:18:03:DBManager:connection_data:Object reference not set to an instance of an object.
10-23-2023 12:18:03:DBManager:connection_data:Object reference not set to an instance of an object.
10-23-2023 12:18:03:DBManager:connection_data:Object reference not set to an instance of an object.
10-23-2023 12:18:03:DBManager:connection_data:Object reference not set to an instance of an object.
10-23-2023 12:18:03:DBManager:connection_data:Object reference not set to an instance of an object.
10-23-2023 12:18:03:DBManager:connection_data:Object reference not set to an instance of an object.
10-23-2023 12:18:03:DBManager:connection_data:Object reference not set to an instance of an object.
10-23-2023 12:18:03:DBManager:connection_data:Object reference not set to an instance of an object.
10-23-2023 12:18:03:DBManager:connection_data:Object reference not set to an instance of an object.
10-23-2023 12:18:03:DBManager:connection_data:Object reference not set to an instance of an object.
10-23-2023 12:18:03:DBManager:connection_data:Object reference not set to an instance of an object.
10-23-2023 12:18:03:DBManager:connection_data:Object reference not set to an instance of an object.
10-23-2023 12:18:03:DBManager:connection_data:Object reference not set to an instance of an object.
10-23-2023 12:18:03:DBManager:connection_data:Object reference not set to an instance of an object.
10-23-2023 12:18:03:DBManager:connection_data:Object reference not set to an instance of an object.
10-23-2023 12:18:03:DBManager:connection_data:Object reference not set to an instance of an object.
10-23-2023 12:18:03:DBManager:connection_data:Object reference not set to an instance of an object.
10-23-2023 12:18:03:DBManager:connection_data:Object reference not set to an instance of an object.
10-23-2023 12:18:03:DBManager:connection_data:Object reference not set to an instance of an object.
10-23-2023 12:18:03:DBManager:connection_data:Object reference not set to an instance of an object.
10-23-2023 12:18:03:DBManager:connection_data:Object reference not set to an instance of an object.
10-23-2023 12:18:03:DBManager:connection_data:Object reference not set to an instance of an object.
10-23-2023 12:18:03:DBManager:connection_data:Object reference not set to an instance of an object.
10-23-2023 12:18:03:DBManager:connection_data:Object reference not set to an instance of an object.
23/10/2023 12:18:03 PM:ClsDataccess:Public Overloads Sub Add_Line_No102:An item with the same key has already been added.
23/10/2023 12:18:03 PM:ClsDataccess:Public Overloads Sub Add_Line_No102:An item with the same key has already been added.
10-23-2023 12:18:03:DBManager:connection_data:Object reference not set to an instance of an object.
10-23-2023 12:18:03:DBManager:connection_data:Object reference not set to an instance of an object.
10-23-2023 12:18:03:DBManager:connection_data:Object reference not set to an instance of an object.
10-23-2023 12:18:03:DBManager:connection_data:Object reference not set to an instance of an object.
10-23-2023 12:18:03:DBManager:connection_data:Object reference not set to an instance of an object.
10-23-2023 12:18:03:DBManager:connection_data:Object reference not set to an instance of an object.
23/10/2023 12:18:03 PM:Location_List:rdLocaton_ItemDataBoundObject reference not set to an instance of an object.
23/10/2023 12:18:03 PM:Location_List:rdLocaton_ItemDataBoundObject reference not set to an instance of an object.
10-23-2023 12:18:08:DBManager:connection_data:Object reference not set to an instance of an object.
10-23-2023 12:18:08:DBManager:connection_data:Object reference not set to an instance of an object.
10-23-2023 12:18:08:DBManager:connection_data:Object reference not set to an instance of an object.
10-23-2023 12:18:08:DBManager:connection_data:Object reference not set to an instance of an object.
10-23-2023 12:18:08:DBManager:connection_data:Object reference not set to an instance of an object.
10-23-2023 12:18:08:DBManager:connection_data:Object reference not set to an instance of an object.
10-23-2023 12:18:08:DBManager:connection_data:Object reference not set to an instance of an object.
10-23-2023 12:18:08:DBManager:connection_data:Object reference not set to an instance of an object.
10-23-2023 12:18:08:DBManager:connection_data:Object reference not set to an instance of an object.
10-23-2023 12:18:08:DBManager:connection_data:Object reference not set to an instance of an object.
10-23-2023 12:18:08:DBManager:connection_data:Object reference not set to an instance of an object.
10-23-2023 12:18:08:DBManager:connection_data:Object reference not set to an instance of an object.
10-23-2023 12:18:08:DBManager:connection_data:Object reference not set to an instance of an object.
10-23-2023 12:18:08:DBManager:connection_data:Object reference not set to an instance of an object.
10-23-2023 12:18:08:DBManager:connection_data:Object reference not set to an instance of an object.
10-23-2023 12:18:08:DBManager:connection_data:Object reference not set to an instance of an object.
10-23-2023 12:18:08:DBManager:connection_data:Object reference not set to an instance of an object.
10-23-2023 12:18:08:DBManager:connection_data:Object reference not set to an instance of an object.
10-23-2023 12:18:08:DBManager:connection_data:Object reference not set to an instance of an object.
10-23-2023 12:18:08:DBManager:connection_data:Object reference not set to an instance of an object.
10-23-2023 12:18:08:DBManager:connection_data:Object reference not set to an instance of an object.
10-23-2023 12:18:08:DBManager:connection_data:Object reference not set to an instance of an object.
10-23-2023 12:18:08:DBManager:connection_data:Object reference not set to an instance of an object.
10-23-2023 12:18:08:DBManager:connection_data:Object reference not set to an instance of an object.
10-23-2023 12:18:08:DBManager:connection_data:Object reference not set to an instance of an object.
10-23-2023 12:18:08:DBManager:connection_data:Object reference not set to an instance of an object.
10-23-2023 12:18:08:DBManager:connection_data:Object reference not set to an instance of an object.
10-23-2023 12:18:08:DBManager:connection_data:Object reference not set to an instance of an object.
10-23-2023 12:18:08:DBManager:connection_data:Object reference not set to an instance of an object.
10-23-2023 12:18:08:DBManager:connection_data:Object reference not set to an instance of an object.
10-23-2023 12:18:08:DBManager:connection_data:Object reference not set to an instance of an object.
10-23-2023 12:18:08:DBManager:connection_data:Object reference not set to an instance of an object.
10-23-2023 12:18:08:DBManager:connection_data:Object reference not set to an instance of an object.
10-23-2023 12:18:08:DBManager:connection_data:Object reference not set to an instance of an object.
10-23-2023 12:18:08:DBManager:connection_data:Object reference not set to an instance of an object.
10-23-2023 12:18:08:DBManager:connection_data:Object reference not set to an instance of an object.
10-23-2023 12:18:08:DBManager:connection_data:Object reference not set to an instance of an object.
10-23-2023 12:18:08:DBManager:connection_data:Object reference not set to an instance of an object.
10-23-2023 12:18:08:DBManager:connection_data:Object reference not set to an instance of an object.
10-23-2023 12:18:08:DBManager:connection_data:Object reference not set to an instance of an object.
10-23-2023 12:18:08:DBManager:connection_data:Object reference not set to an instance of an object.
10-23-2023 12:18:08:DBManager:connection_data:Object reference not set to an instance of an object.
10-23-2023 12:18:08:DBManager:connection_data:Object reference not set to an instance of an object.
10-23-2023 12:18:08:DBManager:connection_data:Object reference not set to an instance of an object.
10-23-2023 12:18:08:DBManager:connection_data:Object reference not set to an instance of an object.
10-23-2023 12:18:08:DBManager:connection_data:Object reference not set to an instance of an object.
10-23-2023 12:18:08:DBManager:connection_data:Object reference not set to an instance of an object.
10-23-2023 12:18:08:DBManager:connection_data:Object reference not set to an instance of an object.
10-23-2023 12:18:08:DBManager:connection_data:Object reference not set to an instance of an object.
10-23-2023 12:18:08:DBManager:connection_data:Object reference not set to an instance of an object.
10-23-2023 12:18:08:DBManager:connection_data:Object reference not set to an instance of an object.
10-23-2023 12:18:08:DBManager:connection_data:Object reference not set to an instance of an object.
10-23-2023 12:18:08:DBManager:connection_data:Object reference not set to an instance of an object.
10-23-2023 12:18:08:DBManager:connection_data:Object reference not set to an instance of an object.
10-23-2023 12:18:08:DBManager:connection_data:Object reference not set to an instance of an object.
10-23-2023 12:18:08:DBManager:connection_data:Object reference not set to an instance of an object.
10-23-2023 12:18:08:DBManager:connection_data:Object reference not set to an instance of an object.
10-23-2023 12:18:08:DBManager:connection_data:Object reference not set to an instance of an object.
10-23-2023 12:18:08:DBManager:connection_data:Object reference not set to an instance of an object.
10-23-2023 12:18:08:DBManager:connection_data:Object reference not set to an instance of an object.
10-23-2023 12:18:08:DBManager:connection_data:Object reference not set to an instance of an object.
10-23-2023 12:18:08:DBManager:connection_data:Object reference not set to an instance of an object.
10-23-2023 12:18:08:DBManager:connection_data:Object reference not set to an instance of an object.
10-23-2023 12:18:08:DBManager:connection_data:Object reference not set to an instance of an object.
10-23-2023 12:18:08:DBManager:connection_data:Object reference not set to an instance of an object.
10-23-2023 12:18:08:DBManager:connection_data:Object reference not set to an instance of an object.
10-23-2023 12:18:08:DBManager:connection_data:Object reference not set to an instance of an object.
10-23-2023 12:18:08:DBManager:connection_data:Object reference not set to an instance of an object.
10-23-2023 12:18:08:DBManager:connection_data:Object reference not set to an instance of an object.
10-23-2023 12:18:08:DBManager:connection_data:Object reference not set to an instance of an object.
10-23-2023 12:18:08:DBManager:connection_data:Object reference not set to an instance of an object.
10-23-2023 12:18:08:DBManager:connection_data:Object reference not set to an instance of an object.
10-23-2023 12:18:08:DBManager:connection_data:Object reference not set to an instance of an object.
10-23-2023 12:18:08:DBManager:connection_data:Object reference not set to an instance of an object.
10-23-2023 12:18:08:DBManager:connection_data:Object reference not set to an instance of an object.
10-23-2023 12:18:08:DBManager:connection_data:Object reference not set to an instance of an object.
10-23-2023 12:18:08:DBManager:connection_data:Object reference not set to an instance of an object.
10-23-2023 12:18:08:DBManager:connection_data:Object reference not set to an instance of an object.
10-23-2023 12:18:08:DBManager:connection_data:Object reference not set to an instance of an object.
10-23-2023 12:18:08:DBManager:connection_data:Object reference not set to an instance of an object.
10-23-2023 12:18:08:DBManager:connection_data:Object reference not set to an instance of an object.
10-23-2023 12:18:08:DBManager:connection_data:Object reference not set to an instance of an object.
10-23-2023 12:18:08:DBManager:connection_data:Object reference not set to an instance of an object.
10-23-2023 12:18:08:DBManager:connection_data:Object reference not set to an instance of an object.
10-23-2023 12:18:08:DBManager:connection_data:Object reference not set to an instance of an object.
10-23-2023 12:18:08:DBManager:connection_data:Object reference not set to an instance of an object.
10-23-2023 12:18:08:DBManager:connection_data:Object reference not set to an instance of an object.
10-23-2023 12:18:08:DBManager:connection_data:Object reference not set to an instance of an object.
10-23-2023 12:18:08:DBManager:connection_data:Object reference not set to an instance of an object.
10-23-2023 12:18:13:DBManager:connection_data:Object reference not set to an instance of an object.
10-23-2023 12:18:13:DBManager:connection_data:Object reference not set to an instance of an object.
10-23-2023 12:18:13:DBManager:connection_data:Object reference not set to an instance of an object.
10-23-2023 12:18:13:DBManager:connection_data:Object reference not set to an instance of an object.
10-23-2023 12:18:13:DBManager:connection_data:Object reference not set to an instance of an object.
10-23-2023 12:18:13:DBManager:connection_data:Object reference not set to an instance of an object.
10-23-2023 12:18:13:DBManager:connection_data:Object reference not set to an instance of an object.
10-23-2023 12:18:13:DBManager:connection_data:Object reference not set to an instance of an object.
10-23-2023 12:18:13:DBManager:connection_data:Object reference not set to an instance of an object.
10-23-2023 12:18:13:DBManager:connection_data:Object reference not set to an instance of an object.
10-23-2023 12:18:13:DBManager:connection_data:Object reference not set to an instance of an object.
10-23-2023 12:18:13:DBManager:connection_data:Object reference not set to an instance of an object.
10-23-2023 12:18:13:DBManager:connection_data:Object reference not set to an instance of an object.
10-23-2023 12:18:13:DBManager:connection_data:Object reference not set to an instance of an object.
10-23-2023 12:18:13:DBManager:connection_data:Object reference not set to an instance of an object.
10-23-2023 12:18:13:DBManager:connection_data:Object reference not set to an instance of an object.
10-23-2023 12:18:13:DBManager:connection_data:Object reference not set to an instance of an object.
10-23-2023 12:18:13:DBManager:connection_data:Object reference not set to an instance of an object.
10-23-2023 12:18:13:DBManager:connection_data:Object reference not set to an instance of an object.
10-23-2023 12:18:13:DBManager:connection_data:Object reference not set to an instance of an object.
10-23-2023 12:18:13:DBManager:connection_data:Object reference not set to an instance of an object.
10-23-2023 12:18:13:DBManager:connection_data:Object reference not set to an instance of an object.
10-23-2023 12:18:13:DBManager:connection_data:Object reference not set to an instance of an object.
10-23-2023 12:18:13:DBManager:connection_data:Object reference not set to an instance of an object.
10-23-2023 12:18:13:DBManager:connection_data:Object reference not set to an instance of an object.
10-23-2023 12:18:13:DBManager:connection_data:Object reference not set to an instance of an object.
10-23-2023 12:18:13:DBManager:connection_data:Object reference not set to an instance of an object.
10-23-2023 12:18:13:DBManager:connection_data:Object reference not set to an instance of an object.
10-23-2023 12:18:13:DBManager:connection_data:Object reference not set to an instance of an object.
10-23-2023 12:18:13:DBManager:connection_data:Object reference not set to an instance of an object.
10-23-2023 12:18:13:DBManager:connection_data:Object reference not set to an instance of an object.
10-23-2023 12:18:13:DBManager:connection_data:Object reference not set to an instance of an object.
10-23-2023 12:18:13:DBManager:connection_data:Object reference not set to an instance of an object.
10-23-2023 12:18:13:DBManager:connection_data:Object reference not set to an instance of an object.
10-23-2023 12:18:13:DBManager:connection_data:Object reference not set to an instance of an object.
10-23-2023 12:18:13:DBManager:connection_data:Object reference not set to an instance of an object.
10-23-2023 12:18:13:DBManager:connection_data:Object reference not set to an instance of an object.
10-23-2023 12:18:13:DBManager:connection_data:Object reference not set to an instance of an object.
10-23-2023 12:18:13:DBManager:connection_data:Object reference not set to an instance of an object.
10-23-2023 12:18:13:DBManager:connection_data:Object reference not set to an instance of an object.
10-23-2023 12:18:13:DBManager:connection_data:Object reference not set to an instance of an object.
10-23-2023 12:18:13:DBManager:connection_data:Object reference not set to an instance of an object.
10-23-2023 12:18:13:DBManager:connection_data:Object reference not set to an instance of an object.
10-23-2023 12:18:13:DBManager:connection_data:Object reference not set to an instance of an object.
10-23-2023 12:18:13:DBManager:connection_data:Object reference not set to an instance of an object.
10-23-2023 12:18:13:DBManager:connection_data:Object reference not set to an instance of an object.
10-23-2023 12:18:13:DBManager:connection_data:Object reference not set to an instance of an object.
10-23-2023 12:18:13:DBManager:connection_data:Object reference not set to an instance of an object.
10-23-2023 12:18:13:DBManager:connection_data:Object reference not set to an instance of an object.
10-23-2023 12:18:13:DBManager:connection_data:Object reference not set to an instance of an object.
10-23-2023 12:18:13:DBManager:connection_data:Object reference not set to an instance of an object.
10-23-2023 12:18:13:DBManager:connection_data:Object reference not set to an instance of an object.
10-23-2023 12:18:13:DBManager:connection_data:Object reference not set to an instance of an object.
10-23-2023 12:18:13:DBManager:connection_data:Object reference not set to an instance of an object.
10-23-2023 12:18:13:DBManager:connection_data:Object reference not set to an instance of an object.
10-23-2023 12:18:13:DBManager:connection_data:Object reference not set to an instance of an object.
10-23-2023 12:18:13:DBManager:connection_data:Object reference not set to an instance of an object.
10-23-2023 12:18:13:DBManager:connection_data:Object reference not set to an instance of an object.
10-23-2023 12:18:13:DBManager:connection_data:Object reference not set to an instance of an object.
10-23-2023 12:18:13:DBManager:connection_data:Object reference not set to an instance of an object.
10-23-2023 12:18:13:DBManager:connection_data:Object reference not set to an instance of an object.
10-23-2023 12:18:13:DBManager:connection_data:Object reference not set to an instance of an object.
10-23-2023 12:18:13:DBManager:connection_data:Object reference not set to an instance of an object.
10-23-2023 12:18:13:DBManager:connection_data:Object reference not set to an instance of an object.
10-23-2023 12:18:13:DBManager:connection_data:Object reference not set to an instance of an object.
10-23-2023 12:18:13:DBManager:connection_data:Object reference not set to an instance of an object.
10-23-2023 12:18:13:DBManager:connection_data:Object reference not set to an instance of an object.
10-23-2023 12:18:13:DBManager:connection_data:Object reference not set to an instance of an object.
10-23-2023 12:18:13:DBManager:connection_data:Object reference not set to an instance of an object.
10-23-2023 12:18:13:DBManager:connection_data:Object reference not set to an instance of an object.
10-23-2023 12:18:13:DBManager:connection_data:Object reference not set to an instance of an object.
10-23-2023 12:18:13:DBManager:connection_data:Object reference not set to an instance of an object.
10-23-2023 12:18:13:DBManager:connection_data:Object reference not set to an instance of an object.
10-23-2023 12:18:13:DBManager:connection_data:Object reference not set to an instance of an object.
10-23-2023 12:18:13:DBManager:connection_data:Object reference not set to an instance of an object.
10-23-2023 12:18:13:DBManager:connection_data:Object reference not set to an instance of an object.
10-23-2023 12:18:13:DBManager:connection_data:Object reference not set to an instance of an object.
10-23-2023 12:18:13:DBManager:connection_data:Object reference not set to an instance of an object.
10-23-2023 12:18:13:DBManager:connection_data:Object reference not set to an instance of an object.
10-23-2023 12:18:13:DBManager:connection_data:Object reference not set to an instance of an object.
10-23-2023 12:18:13:DBManager:connection_data:Object reference not set to an instance of an object.
10-23-2023 12:18:13:DBManager:connection_data:Object reference not set to an instance of an object.
10-23-2023 12:18:13:DBManager:connection_data:Object reference not set to an instance of an object.
23/10/2023 12:18:13 PM:ClsDataccess:Public Overloads Sub Add_Line_No102:An item with the same key has already been added.
23/10/2023 12:18:13 PM:ClsDataccess:Public Overloads Sub Add_Line_No102:An item with the same key has already been added.
10-23-2023 12:18:14:DBManager:connection_data:Object reference not set to an instance of an object.
10-23-2023 12:18:14:DBManager:connection_data:Object reference not set to an instance of an object.
10-23-2023 12:18:14:DBManager:connection_data:Object reference not set to an instance of an object.
10-23-2023 12:18:14:DBManager:connection_data:Object reference not set to an instance of an object.
10-23-2023 12:18:14:DBManager:connection_data:Object reference not set to an instance of an object.
10-23-2023 12:18:14:DBManager:connection_data:Object reference not set to an instance of an object.
23/10/2023 12:18:14 PM:Location_List:rdLocaton_ItemDataBoundObject reference not set to an instance of an object.
23/10/2023 12:18:14 PM:Location_List:rdLocaton_ItemDataBoundObject reference not set to an instance of an object.
10-23-2023 15:14:10:DBManager:connection_data:Object reference not set to an instance of an object.
10-23-2023 15:14:10:DBManager:connection_data:Object reference not set to an instance of an object.
10-23-2023 15:14:10:DBManager:connection_data:Object reference not set to an instance of an object.
23/10/2023 3:14:10 PM:SignIn:btnLogIn_Click:test
10-23-2023 15:14:14:DBManager:connection_data:Object reference not set to an instance of an object.
10-23-2023 15:14:14:DBManager:connection_data:Object reference not set to an instance of an object.
10-23-2023 15:14:14:DBManager:connection_data:Object reference not set to an instance of an object.
23/10/2023 3:14:14 PM:SignIn:btnLogIn_Click:test
23/10/2023 3:14:14 PM:SignIn:btnLogIn_Click4:
23/10/2023 3:14:14 PM:SignIn:btnLogIn_Click5:
23/10/2023 3:14:14 PM:SignIn:btnLogIn_Click7:
23/10/2023 3:14:15 PM:SignIn:btnLogIn_Click8:
23/10/2023 3:14:15 PM:ClsDataccess:Getdatatable:The ConnectionString property has not been initialized.
10-23-2023 15:14:15:DBManager:connection_data:Object reference not set to an instance of an object.
10-23-2023 15:14:15:DBManager:connection_data:Object reference not set to an instance of an object.
10-23-2023 15:14:15:DBManager:connection_data:Object reference not set to an instance of an object.
10-23-2023 15:14:15:DBManager:connection_data:Object reference not set to an instance of an object.
10-23-2023 15:14:15:DBManager:connection_data:Object reference not set to an instance of an object.
10-23-2023 15:14:15:DBManager:connection_data:Object reference not set to an instance of an object.
10-23-2023 15:14:15:DBManager:connection_data:Object reference not set to an instance of an object.
10-23-2023 15:14:15:DBManager:connection_data:Object reference not set to an instance of an object.
10-23-2023 15:14:15:DBManager:connection_data:Object reference not set to an instance of an object.
10-23-2023 15:14:15:DBManager:connection_data:Object reference not set to an instance of an object.
10-23-2023 15:14:15:DBManager:connection_data:Object reference not set to an instance of an object.
10-23-2023 15:14:15:DBManager:connection_data:Object reference not set to an instance of an object.
10-23-2023 15:14:15:DBManager:connection_data:Object reference not set to an instance of an object.
10-23-2023 15:14:15:DBManager:connection_data:Object reference not set to an instance of an object.
10-23-2023 15:14:15:DBManager:connection_data:Object reference not set to an instance of an object.
10-23-2023 15:14:15:DBManager:connection_data:Object reference not set to an instance of an object.
10-23-2023 15:14:15:DBManager:connection_data:Object reference not set to an instance of an object.
10-23-2023 15:14:15:DBManager:connection_data:Object reference not set to an instance of an object.
10-23-2023 15:14:15:DBManager:connection_data:Object reference not set to an instance of an object.
10-23-2023 15:14:15:DBManager:connection_data:Object reference not set to an instance of an object.
10-23-2023 15:14:15:DBManager:connection_data:Object reference not set to an instance of an object.
10-23-2023 15:14:15:DBManager:connection_data:Object reference not set to an instance of an object.
10-23-2023 15:14:15:DBManager:connection_data:Object reference not set to an instance of an object.
10-23-2023 15:14:15:DBManager:connection_data:Object reference not set to an instance of an object.
10-23-2023 15:14:15:DBManager:connection_data:Object reference not set to an instance of an object.
10-23-2023 15:14:15:DBManager:connection_data:Object reference not set to an instance of an object.
10-23-2023 15:14:15:DBManager:connection_data:Object reference not set to an instance of an object.
10-23-2023 15:14:15:DBManager:connection_data:Object reference not set to an instance of an object.
10-23-2023 15:14:15:DBManager:connection_data:Object reference not set to an instance of an object.
10-23-2023 15:14:15:DBManager:connection_data:Object reference not set to an instance of an object.
10-23-2023 15:14:15:DBManager:connection_data:Object reference not set to an instance of an object.
10-23-2023 15:14:15:DBManager:connection_data:Object reference not set to an instance of an object.
10-23-2023 15:14:15:DBManager:connection_data:Object reference not set to an instance of an object.
10-23-2023 15:14:15:DBManager:connection_data:Object reference not set to an instance of an object.
10-23-2023 15:14:15:DBManager:connection_data:Object reference not set to an instance of an object.
10-23-2023 15:14:15:DBManager:connection_data:Object reference not set to an instance of an object.
10-23-2023 15:14:15:DBManager:connection_data:Object reference not set to an instance of an object.
10-23-2023 15:14:15:DBManager:connection_data:Object reference not set to an instance of an object.
10-23-2023 15:14:15:DBManager:connection_data:Object reference not set to an instance of an object.
10-23-2023 15:14:15:DBManager:connection_data:Object reference not set to an instance of an object.
10-23-2023 15:14:15:DBManager:connection_data:Object reference not set to an instance of an object.
10-23-2023 15:14:15:DBManager:connection_data:Object reference not set to an instance of an object.
10-23-2023 15:14:15:DBManager:connection_data:Object reference not set to an instance of an object.
10-23-2023 15:14:15:DBManager:connection_data:Object reference not set to an instance of an object.
10-23-2023 15:14:15:DBManager:connection_data:Object reference not set to an instance of an object.
10-23-2023 15:14:15:DBManager:connection_data:Object reference not set to an instance of an object.
10-23-2023 15:14:15:DBManager:connection_data:Object reference not set to an instance of an object.
10-23-2023 15:14:15:DBManager:connection_data:Object reference not set to an instance of an object.
10-23-2023 15:14:15:DBManager:connection_data:Object reference not set to an instance of an object.
10-23-2023 15:14:15:DBManager:connection_data:Object reference not set to an instance of an object.
10-23-2023 15:14:15:DBManager:connection_data:Object reference not set to an instance of an object.
10-23-2023 15:14:15:DBManager:connection_data:Object reference not set to an instance of an object.
10-23-2023 15:14:15:DBManager:connection_data:Object reference not set to an instance of an object.
10-23-2023 15:14:15:DBManager:connection_data:Object reference not set to an instance of an object.
10-23-2023 15:14:15:DBManager:connection_data:Object reference not set to an instance of an object.
10-23-2023 15:14:15:DBManager:connection_data:Object reference not set to an instance of an object.
10-23-2023 15:14:15:DBManager:connection_data:Object reference not set to an instance of an object.
10-23-2023 15:14:15:DBManager:connection_data:Object reference not set to an instance of an object.
10-23-2023 15:14:15:DBManager:connection_data:Object reference not set to an instance of an object.
10-23-2023 15:14:15:DBManager:connection_data:Object reference not set to an instance of an object.
10-23-2023 15:14:15:DBManager:connection_data:Object reference not set to an instance of an object.
10-23-2023 15:14:15:DBManager:connection_data:Object reference not set to an instance of an object.
10-23-2023 15:14:15:DBManager:connection_data:Object reference not set to an instance of an object.
10-23-2023 15:14:15:DBManager:connection_data:Object reference not set to an instance of an object.
10-23-2023 15:14:15:DBManager:connection_data:Object reference not set to an instance of an object.
10-23-2023 15:14:15:DBManager:connection_data:Object reference not set to an instance of an object.
10-23-2023 15:14:15:DBManager:connection_data:Object reference not set to an instance of an object.
10-23-2023 15:14:15:DBManager:connection_data:Object reference not set to an instance of an object.
10-23-2023 15:14:15:DBManager:connection_data:Object reference not set to an instance of an object.
10-23-2023 15:14:15:DBManager:connection_data:Object reference not set to an instance of an object.
10-23-2023 15:14:15:DBManager:connection_data:Object reference not set to an instance of an object.
10-23-2023 15:14:15:DBManager:connection_data:Object reference not set to an instance of an object.
10-23-2023 15:14:15:DBManager:connection_data:Object reference not set to an instance of an object.
10-23-2023 15:14:15:DBManager:connection_data:Object reference not set to an instance of an object.
10-23-2023 15:14:15:DBManager:connection_data:Object reference not set to an instance of an object.
10-23-2023 15:14:15:DBManager:connection_data:Object reference not set to an instance of an object.
10-23-2023 15:14:15:DBManager:connection_data:Object reference not set to an instance of an object.
10-23-2023 15:14:38:DBManager:connection_data:Object reference not set to an instance of an object.
10-23-2023 15:14:38:DBManager:connection_data:Object reference not set to an instance of an object.
10-23-2023 15:14:38:DBManager:connection_data:Object reference not set to an instance of an object.
10-23-2023 15:14:38:DBManager:connection_data:Object reference not set to an instance of an object.
10-23-2023 15:14:38:DBManager:connection_data:Object reference not set to an instance of an object.
10-23-2023 15:14:38:DBManager:connection_data:Object reference not set to an instance of an object.
10-23-2023 15:14:38:DBManager:connection_data:Object reference not set to an instance of an object.
10-23-2023 15:14:38:DBManager:connection_data:Object reference not set to an instance of an object.
10-23-2023 15:14:38:DBManager:connection_data:Object reference not set to an instance of an object.
10-23-2023 15:14:38:DBManager:connection_data:Object reference not set to an instance of an object.
10-23-2023 15:14:38:DBManager:connection_data:Object reference not set to an instance of an object.
23/10/2023 3:14:38 PM:SignIn:btnLogIn_Click:test
23/10/2023 3:14:38 PM:SignIn:btnLogIn_Click:test
23/10/2023 3:14:39 PM:SignIn:btnLogIn_Click:test
23/10/2023 3:14:39 PM:MasterPage:Page_Init:Thread was being aborted.
10-23-2023 15:14:39:DBManager:connection_data:Object reference not set to an instance of an object.
10-23-2023 15:14:39:DBManager:connection_data:Object reference not set to an instance of an object.
10-23-2023 15:14:39:DBManager:connection_data:Object reference not set to an instance of an object.
23/10/2023 3:14:39 PM:SignIn:btnLogIn_Click:test
23/10/2023 3:14:40 PM:MasterPage:Page_Init:Thread was being aborted.
23/10/2023 3:14:40 PM:SignIn:btnLogIn_Click:test
10-23-2023 15:15:47:DBManager:connection_data:Object reference not set to an instance of an object.
10-23-2023 15:15:47:DBManager:connection_data:Object reference not set to an instance of an object.
10-23-2023 15:15:47:DBManager:connection_data:Object reference not set to an instance of an object.
23/10/2023 3:15:47 PM:SignIn:btnLogIn_Click:test
23/10/2023 3:15:48 PM:SignIn:btnLogIn_Click4:
23/10/2023 3:15:48 PM:SignIn:btnLogIn_Click5:
23/10/2023 3:15:48 PM:SignIn:btnLogIn_Click7:
23/10/2023 3:15:48 PM:SignIn:btnLogIn_Click8:
23/10/2023 3:15:48 PM:ClsDataccess:Getdatatable:The ConnectionString property has not been initialized.
10-23-2023 15:15:48:DBManager:connection_data:Object reference not set to an instance of an object.
10-23-2023 15:15:48:DBManager:connection_data:Object reference not set to an instance of an object.
10-23-2023 15:15:48:DBManager:connection_data:Object reference not set to an instance of an object.
10-23-2023 15:15:48:DBManager:connection_data:Object reference not set to an instance of an object.
10-23-2023 15:15:48:DBManager:connection_data:Object reference not set to an instance of an object.
10-23-2023 15:15:48:DBManager:connection_data:Object reference not set to an instance of an object.
10-23-2023 15:15:48:DBManager:connection_data:Object reference not set to an instance of an object.
10-23-2023 15:15:48:DBManager:connection_data:Object reference not set to an instance of an object.
10-23-2023 15:15:48:DBManager:connection_data:Object reference not set to an instance of an object.
10-23-2023 15:15:48:DBManager:connection_data:Object reference not set to an instance of an object.
10-23-2023 15:15:48:DBManager:connection_data:Object reference not set to an instance of an object.
10-23-2023 15:15:48:DBManager:connection_data:Object reference not set to an instance of an object.
10-23-2023 15:15:48:DBManager:connection_data:Object reference not set to an instance of an object.
10-23-2023 15:15:48:DBManager:connection_data:Object reference not set to an instance of an object.
10-23-2023 15:15:48:DBManager:connection_data:Object reference not set to an instance of an object.
10-23-2023 15:15:48:DBManager:connection_data:Object reference not set to an instance of an object.
10-23-2023 15:15:48:DBManager:connection_data:Object reference not set to an instance of an object.
10-23-2023 15:15:48:DBManager:connection_data:Object reference not set to an instance of an object.
10-23-2023 15:15:48:DBManager:connection_data:Object reference not set to an instance of an object.
10-23-2023 15:15:48:DBManager:connection_data:Object reference not set to an instance of an object.
10-23-2023 15:15:48:DBManager:connection_data:Object reference not set to an instance of an object.
10-23-2023 15:15:48:DBManager:connection_data:Object reference not set to an instance of an object.
10-23-2023 15:15:48:DBManager:connection_data:Object reference not set to an instance of an object.
10-23-2023 15:15:48:DBManager:connection_data:Object reference not set to an instance of an object.
10-23-2023 15:15:48:DBManager:connection_data:Object reference not set to an instance of an object.
10-23-2023 15:15:48:DBManager:connection_data:Object reference not set to an instance of an object.
10-23-2023 15:15:48:DBManager:connection_data:Object reference not set to an instance of an object.
10-23-2023 15:15:48:DBManager:connection_data:Object reference not set to an instance of an object.
10-23-2023 15:15:48:DBManager:connection_data:Object reference not set to an instance of an object.
10-23-2023 15:15:48:DBManager:connection_data:Object reference not set to an instance of an object.
10-23-2023 15:15:48:DBManager:connection_data:Object reference not set to an instance of an object.
10-23-2023 15:15:48:DBManager:connection_data:Object reference not set to an instance of an object.
10-23-2023 15:15:48:DBManager:connection_data:Object reference not set to an instance of an object.
10-23-2023 15:15:48:DBManager:connection_data:Object reference not set to an instance of an object.
10-23-2023 15:15:48:DBManager:connection_data:Object reference not set to an instance of an object.
10-23-2023 15:15:48:DBManager:connection_data:Object reference not set to an instance of an object.
10-23-2023 15:15:48:DBManager:connection_data:Object reference not set to an instance of an object.
10-23-2023 15:15:48:DBManager:connection_data:Object reference not set to an instance of an object.
10-23-2023 15:15:48:DBManager:connection_data:Object reference not set to an instance of an object.
10-23-2023 15:15:48:DBManager:connection_data:Object reference not set to an instance of an object.
10-23-2023 15:15:48:DBManager:connection_data:Object reference not set to an instance of an object.
10-23-2023 15:15:48:DBManager:connection_data:Object reference not set to an instance of an object.
10-23-2023 15:15:48:DBManager:connection_data:Object reference not set to an instance of an object.
10-23-2023 15:15:48:DBManager:connection_data:Object reference not set to an instance of an object.
10-23-2023 15:15:48:DBManager:connection_data:Object reference not set to an instance of an object.
10-23-2023 15:15:48:DBManager:connection_data:Object reference not set to an instance of an object.
10-23-2023 15:15:48:DBManager:connection_data:Object reference not set to an instance of an object.
10-23-2023 15:15:48:DBManager:connection_data:Object reference not set to an instance of an object.
10-23-2023 15:15:48:DBManager:connection_data:Object reference not set to an instance of an object.
10-23-2023 15:15:48:DBManager:connection_data:Object reference not set to an instance of an object.
10-23-2023 15:15:48:DBManager:connection_data:Object reference not set to an instance of an object.
10-23-2023 15:15:48:DBManager:connection_data:Object reference not set to an instance of an object.
10-23-2023 15:15:48:DBManager:connection_data:Object reference not set to an instance of an object.
10-23-2023 15:15:48:DBManager:connection_data:Object reference not set to an instance of an object.
10-23-2023 15:15:48:DBManager:connection_data:Object reference not set to an instance of an object.
10-23-2023 15:15:48:DBManager:connection_data:Object reference not set to an instance of an object.
10-23-2023 15:15:48:DBManager:connection_data:Object reference not set to an instance of an object.
10-23-2023 15:15:48:DBManager:connection_data:Object reference not set to an instance of an object.
10-23-2023 15:15:48:DBManager:connection_data:Object reference not set to an instance of an object.
10-23-2023 15:15:48:DBManager:connection_data:Object reference not set to an instance of an object.
10-23-2023 15:15:48:DBManager:connection_data:Object reference not set to an instance of an object.
10-23-2023 15:15:48:DBManager:connection_data:Object reference not set to an instance of an object.
10-23-2023 15:15:48:DBManager:connection_data:Object reference not set to an instance of an object.
10-23-2023 15:15:48:DBManager:connection_data:Object reference not set to an instance of an object.
10-23-2023 15:15:48:DBManager:connection_data:Object reference not set to an instance of an object.
10-23-2023 15:15:48:DBManager:connection_data:Object reference not set to an instance of an object.
10-23-2023 15:15:48:DBManager:connection_data:Object reference not set to an instance of an object.
10-23-2023 15:15:48:DBManager:connection_data:Object reference not set to an instance of an object.
10-23-2023 15:15:48:DBManager:connection_data:Object reference not set to an instance of an object.
10-23-2023 15:15:48:DBManager:connection_data:Object reference not set to an instance of an object.
10-23-2023 15:15:48:DBManager:connection_data:Object reference not set to an instance of an object.
10-23-2023 15:15:48:DBManager:connection_data:Object reference not set to an instance of an object.
10-23-2023 15:15:48:DBManager:connection_data:Object reference not set to an instance of an object.
10-23-2023 15:15:48:DBManager:connection_data:Object reference not set to an instance of an object.
10-23-2023 15:15:48:DBManager:connection_data:Object reference not set to an instance of an object.
10-23-2023 15:15:48:DBManager:connection_data:Object reference not set to an instance of an object.
10-23-2023 15:15:48:DBManager:connection_data:Object reference not set to an instance of an object.
10-23-2023 15:15:50:DBManager:connection_data:Object reference not set to an instance of an object.
10-23-2023 15:15:50:DBManager:connection_data:Object reference not set to an instance of an object.
10-23-2023 15:15:50:DBManager:connection_data:Object reference not set to an instance of an object.
10-23-2023 15:15:50:DBManager:connection_data:Object reference not set to an instance of an object.
10-23-2023 15:15:50:DBManager:connection_data:Object reference not set to an instance of an object.
10-23-2023 15:15:50:DBManager:connection_data:Object reference not set to an instance of an object.
23/10/2023 3:15:50 PM:Location_List:rdLocaton_ItemDataBoundObject reference not set to an instance of an object.
23/10/2023 3:15:50 PM:Location_List:rdLocaton_ItemDataBoundObject reference not set to an instance of an object.
10-23-2023 15:15:52:DBManager:connection_data:Object reference not set to an instance of an object.
10-23-2023 15:15:52:DBManager:connection_data:Object reference not set to an instance of an object.
10-23-2023 15:15:52:DBManager:connection_data:Object reference not set to an instance of an object.
10-23-2023 15:15:52:DBManager:connection_data:Object reference not set to an instance of an object.
10-23-2023 15:15:52:DBManager:connection_data:Object reference not set to an instance of an object.
10-23-2023 15:15:52:DBManager:connection_data:Object reference not set to an instance of an object.
10-23-2023 15:15:52:DBManager:connection_data:Object reference not set to an instance of an object.
10-23-2023 15:15:52:DBManager:connection_data:Object reference not set to an instance of an object.
10-23-2023 15:15:52:DBManager:connection_data:Object reference not set to an instance of an object.
10-23-2023 15:15:52:DBManager:connection_data:Object reference not set to an instance of an object.
10-23-2023 15:15:52:DBManager:connection_data:Object reference not set to an instance of an object.
10-23-2023 15:15:52:DBManager:connection_data:Object reference not set to an instance of an object.
10-23-2023 15:15:52:DBManager:connection_data:Object reference not set to an instance of an object.
10-23-2023 15:15:52:DBManager:connection_data:Object reference not set to an instance of an object.
10-23-2023 15:15:52:DBManager:connection_data:Object reference not set to an instance of an object.
10-23-2023 15:15:52:DBManager:connection_data:Object reference not set to an instance of an object.
10-23-2023 15:15:52:DBManager:connection_data:Object reference not set to an instance of an object.
10-23-2023 15:15:52:DBManager:connection_data:Object reference not set to an instance of an object.
10-23-2023 15:15:52:DBManager:connection_data:Object reference not set to an instance of an object.
10-23-2023 15:15:52:DBManager:connection_data:Object reference not set to an instance of an object.
10-23-2023 15:15:52:DBManager:connection_data:Object reference not set to an instance of an object.
10-23-2023 15:15:52:DBManager:connection_data:Object reference not set to an instance of an object.
10-23-2023 15:15:52:DBManager:connection_data:Object reference not set to an instance of an object.
10-23-2023 15:15:52:DBManager:connection_data:Object reference not set to an instance of an object.
10-23-2023 15:15:52:DBManager:connection_data:Object reference not set to an instance of an object.
10-23-2023 15:15:52:DBManager:connection_data:Object reference not set to an instance of an object.
10-23-2023 15:15:52:DBManager:connection_data:Object reference not set to an instance of an object.
10-23-2023 15:15:52:DBManager:connection_data:Object reference not set to an instance of an object.
10-23-2023 15:15:52:DBManager:connection_data:Object reference not set to an instance of an object.
10-23-2023 15:15:52:DBManager:connection_data:Object reference not set to an instance of an object.
10-23-2023 15:15:52:DBManager:connection_data:Object reference not set to an instance of an object.
10-23-2023 15:15:52:DBManager:connection_data:Object reference not set to an instance of an object.
10-23-2023 15:15:52:DBManager:connection_data:Object reference not set to an instance of an object.
10-23-2023 15:15:52:DBManager:connection_data:Object reference not set to an instance of an object.
10-23-2023 15:15:52:DBManager:connection_data:Object reference not set to an instance of an object.
10-23-2023 15:15:52:DBManager:connection_data:Object reference not set to an instance of an object.
10-23-2023 15:15:52:DBManager:connection_data:Object reference not set to an instance of an object.
10-23-2023 15:15:52:DBManager:connection_data:Object reference not set to an instance of an object.
10-23-2023 15:15:52:DBManager:connection_data:Object reference not set to an instance of an object.
10-23-2023 15:15:52:DBManager:connection_data:Object reference not set to an instance of an object.
10-23-2023 15:15:52:DBManager:connection_data:Object reference not set to an instance of an object.
10-23-2023 15:15:52:DBManager:connection_data:Object reference not set to an instance of an object.
10-23-2023 15:15:52:DBManager:connection_data:Object reference not set to an instance of an object.
10-23-2023 15:15:52:DBManager:connection_data:Object reference not set to an instance of an object.
10-23-2023 15:15:52:DBManager:connection_data:Object reference not set to an instance of an object.
10-23-2023 15:15:52:DBManager:connection_data:Object reference not set to an instance of an object.
10-23-2023 15:15:52:DBManager:connection_data:Object reference not set to an instance of an object.
10-23-2023 15:15:52:DBManager:connection_data:Object reference not set to an instance of an object.
10-23-2023 15:15:52:DBManager:connection_data:Object reference not set to an instance of an object.
10-23-2023 15:15:52:DBManager:connection_data:Object reference not set to an instance of an object.
10-23-2023 15:15:52:DBManager:connection_data:Object reference not set to an instance of an object.
10-23-2023 15:15:52:DBManager:connection_data:Object reference not set to an instance of an object.
10-23-2023 15:15:52:DBManager:connection_data:Object reference not set to an instance of an object.
10-23-2023 15:15:52:DBManager:connection_data:Object reference not set to an instance of an object.
10-23-2023 15:15:52:DBManager:connection_data:Object reference not set to an instance of an object.
10-23-2023 15:15:52:DBManager:connection_data:Object reference not set to an instance of an object.
10-23-2023 15:15:52:DBManager:connection_data:Object reference not set to an instance of an object.
10-23-2023 15:15:52:DBManager:connection_data:Object reference not set to an instance of an object.
10-23-2023 15:15:52:DBManager:connection_data:Object reference not set to an instance of an object.
10-23-2023 15:15:52:DBManager:connection_data:Object reference not set to an instance of an object.
10-23-2023 15:15:52:DBManager:connection_data:Object reference not set to an instance of an object.
10-23-2023 15:15:52:DBManager:connection_data:Object reference not set to an instance of an object.
10-23-2023 15:15:52:DBManager:connection_data:Object reference not set to an instance of an object.
10-23-2023 15:15:52:DBManager:connection_data:Object reference not set to an instance of an object.
10-23-2023 15:15:52:DBManager:connection_data:Object reference not set to an instance of an object.
10-23-2023 15:15:52:DBManager:connection_data:Object reference not set to an instance of an object.
10-23-2023 15:15:52:DBManager:connection_data:Object reference not set to an instance of an object.
10-23-2023 15:15:52:DBManager:connection_data:Object reference not set to an instance of an object.
10-23-2023 15:15:52:DBManager:connection_data:Object reference not set to an instance of an object.
10-23-2023 15:15:52:DBManager:connection_data:Object reference not set to an instance of an object.
10-23-2023 15:15:52:DBManager:connection_data:Object reference not set to an instance of an object.
10-23-2023 15:15:52:DBManager:connection_data:Object reference not set to an instance of an object.
10-23-2023 15:15:52:DBManager:connection_data:Object reference not set to an instance of an object.
10-23-2023 15:15:52:DBManager:connection_data:Object reference not set to an instance of an object.
10-23-2023 15:15:52:DBManager:connection_data:Object reference not set to an instance of an object.
10-23-2023 15:15:52:DBManager:connection_data:Object reference not set to an instance of an object.
10-23-2023 15:15:52:DBManager:connection_data:Object reference not set to an instance of an object.
10-23-2023 15:15:52:DBManager:connection_data:Object reference not set to an instance of an object.
10-23-2023 15:15:52:DBManager:connection_data:Object reference not set to an instance of an object.
10-23-2023 15:15:52:DBManager:connection_data:Object reference not set to an instance of an object.
10-23-2023 15:15:52:DBManager:connection_data:Object reference not set to an instance of an object.
10-23-2023 15:15:52:DBManager:connection_data:Object reference not set to an instance of an object.
10-23-2023 15:15:52:DBManager:connection_data:Object reference not set to an instance of an object.
10-23-2023 15:15:52:DBManager:connection_data:Object reference not set to an instance of an object.
10-23-2023 15:15:52:DBManager:connection_data:Object reference not set to an instance of an object.
10-23-2023 15:15:52:DBManager:connection_data:Object reference not set to an instance of an object.
10-23-2023 15:15:52:DBManager:connection_data:Object reference not set to an instance of an object.
10-23-2023 15:15:52:DBManager:connection_data:Object reference not set to an instance of an object.
10-23-2023 15:15:52:DBManager:connection_data:Object reference not set to an instance of an object.
10-23-2023 15:21:43:DBManager:connection_data:Object reference not set to an instance of an object.
10-23-2023 15:21:43:DBManager:connection_data:Object reference not set to an instance of an object.
10-23-2023 15:21:43:DBManager:connection_data:Object reference not set to an instance of an object.
10-23-2023 15:21:43:DBManager:connection_data:Object reference not set to an instance of an object.
10-23-2023 15:21:43:DBManager:connection_data:Object reference not set to an instance of an object.
10-23-2023 15:21:43:DBManager:connection_data:Object reference not set to an instance of an object.
10-23-2023 15:21:43:DBManager:connection_data:Object reference not set to an instance of an object.
10-23-2023 15:21:43:DBManager:connection_data:Object reference not set to an instance of an object.
10-23-2023 15:21:43:DBManager:connection_data:Object reference not set to an instance of an object.
10-23-2023 15:21:43:DBManager:connection_data:Object reference not set to an instance of an object.
10-23-2023 15:21:43:DBManager:connection_data:Object reference not set to an instance of an object.
10-23-2023 15:21:43:DBManager:connection_data:Object reference not set to an instance of an object.
10-23-2023 15:21:43:DBManager:connection_data:Object reference not set to an instance of an object.
10-23-2023 15:21:43:DBManager:connection_data:Object reference not set to an instance of an object.
10-23-2023 15:21:43:DBManager:connection_data:Object reference not set to an instance of an object.
10-23-2023 15:21:43:DBManager:connection_data:Object reference not set to an instance of an object.
10-23-2023 15:21:43:DBManager:connection_data:Object reference not set to an instance of an object.
10-23-2023 15:21:43:DBManager:connection_data:Object reference not set to an instance of an object.
10-23-2023 15:21:43:DBManager:connection_data:Object reference not set to an instance of an object.
10-23-2023 15:21:43:DBManager:connection_data:Object reference not set to an instance of an object.
10-23-2023 15:21:43:DBManager:connection_data:Object reference not set to an instance of an object.
10-23-2023 15:21:43:DBManager:connection_data:Object reference not set to an instance of an object.
10-23-2023 15:21:43:DBManager:connection_data:Object reference not set to an instance of an object.
10-23-2023 15:21:43:DBManager:connection_data:Object reference not set to an instance of an object.
10-23-2023 15:21:43:DBManager:connection_data:Object reference not set to an instance of an object.
10-23-2023 15:21:43:DBManager:connection_data:Object reference not set to an instance of an object.
10-23-2023 15:21:43:DBManager:connection_data:Object reference not set to an instance of an object.
10-23-2023 15:21:43:DBManager:connection_data:Object reference not set to an instance of an object.
10-23-2023 15:21:43:DBManager:connection_data:Object reference not set to an instance of an object.
10-23-2023 15:21:43:DBManager:connection_data:Object reference not set to an instance of an object.
10-23-2023 15:21:43:DBManager:connection_data:Object reference not set to an instance of an object.
10-23-2023 15:21:43:DBManager:connection_data:Object reference not set to an instance of an object.
10-23-2023 15:21:43:DBManager:connection_data:Object reference not set to an instance of an object.
10-23-2023 15:21:43:DBManager:connection_data:Object reference not set to an instance of an object.
10-23-2023 15:21:43:DBManager:connection_data:Object reference not set to an instance of an object.
10-23-2023 15:21:43:DBManager:connection_data:Object reference not set to an instance of an object.
10-23-2023 15:21:43:DBManager:connection_data:Object reference not set to an instance of an object.
10-23-2023 15:21:43:DBManager:connection_data:Object reference not set to an instance of an object.
10-23-2023 15:21:43:DBManager:connection_data:Object reference not set to an instance of an object.
10-23-2023 15:21:43:DBManager:connection_data:Object reference not set to an instance of an object.
10-23-2023 15:21:43:DBManager:connection_data:Object reference not set to an instance of an object.
10-23-2023 15:21:43:DBManager:connection_data:Object reference not set to an instance of an object.
10-23-2023 15:21:43:DBManager:connection_data:Object reference not set to an instance of an object.
10-23-2023 15:21:43:DBManager:connection_data:Object reference not set to an instance of an object.
10-23-2023 15:21:43:DBManager:connection_data:Object reference not set to an instance of an object.
10-23-2023 15:21:43:DBManager:connection_data:Object reference not set to an instance of an object.
10-23-2023 15:21:43:DBManager:connection_data:Object reference not set to an instance of an object.
10-23-2023 15:21:43:DBManager:connection_data:Object reference not set to an instance of an object.
10-23-2023 15:21:43:DBManager:connection_data:Object reference not set to an instance of an object.
10-23-2023 15:21:43:DBManager:connection_data:Object reference not set to an instance of an object.
10-23-2023 15:21:43:DBManager:connection_data:Object reference not set to an instance of an object.
10-23-2023 15:21:43:DBManager:connection_data:Object reference not set to an instance of an object.
10-23-2023 15:21:43:DBManager:connection_data:Object reference not set to an instance of an object.
10-23-2023 15:21:43:DBManager:connection_data:Object reference not set to an instance of an object.
10-23-2023 15:21:43:DBManager:connection_data:Object reference not set to an instance of an object.
10-23-2023 15:21:43:DBManager:connection_data:Object reference not set to an instance of an object.
10-23-2023 15:21:43:DBManager:connection_data:Object reference not set to an instance of an object.
10-23-2023 15:21:43:DBManager:connection_data:Object reference not set to an instance of an object.
10-23-2023 15:21:43:DBManager:connection_data:Object reference not set to an instance of an object.
10-23-2023 15:21:43:DBManager:connection_data:Object reference not set to an instance of an object.
10-23-2023 15:21:43:DBManager:connection_data:Object reference not set to an instance of an object.
10-23-2023 15:21:43:DBManager:connection_data:Object reference not set to an instance of an object.
10-23-2023 15:21:43:DBManager:connection_data:Object reference not set to an instance of an object.
10-23-2023 15:21:43:DBManager:connection_data:Object reference not set to an instance of an object.
10-23-2023 15:21:43:DBManager:connection_data:Object reference not set to an instance of an object.
10-23-2023 15:21:43:DBManager:connection_data:Object reference not set to an instance of an object.
10-23-2023 15:21:43:DBManager:connection_data:Object reference not set to an instance of an object.
10-23-2023 15:21:43:DBManager:connection_data:Object reference not set to an instance of an object.
10-23-2023 15:21:43:DBManager:connection_data:Object reference not set to an instance of an object.
10-23-2023 15:21:43:DBManager:connection_data:Object reference not set to an instance of an object.
10-23-2023 15:21:43:DBManager:connection_data:Object reference not set to an instance of an object.
10-23-2023 15:21:43:DBManager:connection_data:Object reference not set to an instance of an object.
10-23-2023 15:21:43:DBManager:connection_data:Object reference not set to an instance of an object.
10-23-2023 15:21:43:DBManager:connection_data:Object reference not set to an instance of an object.
10-23-2023 15:21:43:DBManager:connection_data:Object reference not set to an instance of an object.
10-23-2023 15:21:43:DBManager:connection_data:Object reference not set to an instance of an object.
10-23-2023 15:21:43:DBManager:connection_data:Object reference not set to an instance of an object.
