12/23/2024 10:52:40 AM:DBManager:connection_data:Object reference not set to an instance of an object.
12/23/2024 10:52:40 AM:DBManager:connection_data:Object reference not set to an instance of an object.
12/23/2024 10:52:40 AM:DBManager:connection_data:Object reference not set to an instance of an object.
12/23/2024 10:52:40 AM:DBManager:connection_data:Object reference not set to an instance of an object.
12/23/2024 10:52:40 AM:DBManager:connection_data:Object reference not set to an instance of an object.
12/23/2024 10:52:40 AM:DBManager:connection_data:Object reference not set to an instance of an object.
12/23/2024 10:52:40 AM:DBManager:connection_data:Object reference not set to an instance of an object.
12/23/2024 10:52:40 AM:DBManager:connection_data:Object reference not set to an instance of an object.
12/23/2024 10:52:40 AM:DBManager:connection_data:Object reference not set to an instance of an object.
12/23/2024 10:52:40 AM:DBManager:connection_data:Object reference not set to an instance of an object.
12/23/2024 10:52:40 AM:DBManager:connection_data:Object reference not set to an instance of an object.
12/23/2024 10:52:40 AM:DBManager:connection_data:Object reference not set to an instance of an object.
12/23/2024 10:52:40 AM:DBManager:connection_data:Object reference not set to an instance of an object.
12/23/2024 10:52:40 AM:DBManager:connection_data:Object reference not set to an instance of an object.
12/23/2024 10:52:40 AM:DBManager:connection_data:Object reference not set to an instance of an object.
12/23/2024 10:52:40 AM:DBManager:connection_data:Object reference not set to an instance of an object.
12/23/2024 10:52:40 AM:DBManager:connection_data:Object reference not set to an instance of an object.
12/23/2024 10:52:40 AM:DBManager:connection_data:Object reference not set to an instance of an object.
12/23/2024 10:52:40 AM:DBManager:connection_data:Object reference not set to an instance of an object.
12/23/2024 10:52:40 AM:DBManager:connection_data:Object reference not set to an instance of an object.
12/23/2024 10:52:40 AM:DBManager:connection_data:Object reference not set to an instance of an object.
12/23/2024 10:52:40 AM:DBManager:connection_data:Object reference not set to an instance of an object.
12/23/2024 10:52:40 AM:DBManager:connection_data:Object reference not set to an instance of an object.
12/23/2024 10:52:40 AM:DBManager:connection_data:Object reference not set to an instance of an object.
12/23/2024 10:52:40 AM:DBManager:connection_data:Object reference not set to an instance of an object.
12/23/2024 10:52:40 AM:DBManager:connection_data:Object reference not set to an instance of an object.
12/23/2024 10:52:40 AM:DBManager:connection_data:Object reference not set to an instance of an object.
12/23/2024 10:52:40 AM:DBManager:connection_data:Object reference not set to an instance of an object.
12/23/2024 10:52:40 AM:DBManager:connection_data:Object reference not set to an instance of an object.
12/23/2024 10:52:40 AM:DBManager:connection_data:Object reference not set to an instance of an object.
12/23/2024 10:52:40 AM:DBManager:connection_data:Object reference not set to an instance of an object.
12/23/2024 10:52:40 AM:DBManager:connection_data:Object reference not set to an instance of an object.
12/23/2024 10:52:40 AM:DBManager:connection_data:Object reference not set to an instance of an object.
12/23/2024 10:52:40 AM:DBManager:connection_data:Object reference not set to an instance of an object.
12/23/2024 10:52:40 AM:DBManager:connection_data:Object reference not set to an instance of an object.
12/23/2024 10:52:40 AM:DBManager:connection_data:Object reference not set to an instance of an object.
12/23/2024 10:52:40 AM:DBManager:connection_data:Object reference not set to an instance of an object.
12/23/2024 10:52:40 AM:DBManager:connection_data:Object reference not set to an instance of an object.
12/23/2024 10:52:40 AM:DBManager:connection_data:Object reference not set to an instance of an object.
12/23/2024 10:52:40 AM:DBManager:connection_data:Object reference not set to an instance of an object.
12/23/2024 10:52:40 AM:DBManager:connection_data:Object reference not set to an instance of an object.
12/23/2024 10:52:40 AM:DBManager:connection_data:Object reference not set to an instance of an object.
12/23/2024 10:52:40 AM:DBManager:connection_data:Object reference not set to an instance of an object.
12/23/2024 10:52:40 AM:DBManager:connection_data:Object reference not set to an instance of an object.
12/23/2024 10:52:40 AM:DBManager:connection_data:Object reference not set to an instance of an object.
12/23/2024 10:52:40 AM:DBManager:connection_data:Object reference not set to an instance of an object.
12/23/2024 10:52:40 AM:DBManager:connection_data:Object reference not set to an instance of an object.
12/23/2024 10:52:40 AM:DBManager:connection_data:Object reference not set to an instance of an object.
12/23/2024 10:52:40 AM:DBManager:connection_data:Object reference not set to an instance of an object.
12/23/2024 10:52:40 AM:DBManager:connection_data:Object reference not set to an instance of an object.
12/23/2024 10:52:40 AM:DBManager:connection_data:Object reference not set to an instance of an object.
12/23/2024 10:52:40 AM:DBManager:connection_data:Object reference not set to an instance of an object.
12/23/2024 10:52:40 AM:DBManager:connection_data:Object reference not set to an instance of an object.
12/23/2024 10:52:40 AM:DBManager:connection_data:Object reference not set to an instance of an object.
12/23/2024 10:52:40 AM:DBManager:connection_data:Object reference not set to an instance of an object.
12/23/2024 10:52:40 AM:DBManager:connection_data:Object reference not set to an instance of an object.
12/23/2024 10:52:40 AM:DBManager:connection_data:Object reference not set to an instance of an object.
12/23/2024 10:52:40 AM:DBManager:connection_data:Object reference not set to an instance of an object.
12/23/2024 10:52:40 AM:DBManager:connection_data:Object reference not set to an instance of an object.
12/23/2024 10:52:40 AM:DBManager:connection_data:Object reference not set to an instance of an object.
12/23/2024 10:52:40 AM:DBManager:connection_data:Object reference not set to an instance of an object.
12/23/2024 10:52:40 AM:DBManager:connection_data:Object reference not set to an instance of an object.
12/23/2024 10:52:40 AM:DBManager:connection_data:Object reference not set to an instance of an object.
12/23/2024 10:52:40 AM:DBManager:connection_data:Object reference not set to an instance of an object.
12/23/2024 10:52:40 AM:DBManager:connection_data:Object reference not set to an instance of an object.
12/23/2024 10:52:40 AM:DBManager:connection_data:Object reference not set to an instance of an object.
12/23/2024 10:52:40 AM:DBManager:connection_data:Object reference not set to an instance of an object.
12/23/2024 10:52:40 AM:DBManager:connection_data:Object reference not set to an instance of an object.
12/23/2024 10:52:40 AM:DBManager:connection_data:Object reference not set to an instance of an object.
12/23/2024 10:52:40 AM:DBManager:connection_data:Object reference not set to an instance of an object.
12/23/2024 10:52:40 AM:DBManager:connection_data:Object reference not set to an instance of an object.
12/23/2024 10:52:40 AM:DBManager:connection_data:Object reference not set to an instance of an object.
12/23/2024 10:52:40 AM:DBManager:connection_data:Object reference not set to an instance of an object.
12/23/2024 10:52:40 AM:DBManager:connection_data:Object reference not set to an instance of an object.
12/23/2024 10:52:40 AM:DBManager:connection_data:Object reference not set to an instance of an object.
12/23/2024 10:52:40 AM:DBManager:connection_data:Object reference not set to an instance of an object.
12/23/2024 10:52:40 AM:DBManager:connection_data:Object reference not set to an instance of an object.
12/23/2024 10:52:40 AM:DBManager:connection_data:Object reference not set to an instance of an object.
12/23/2024 10:52:40 AM:DBManager:connection_data:Object reference not set to an instance of an object.
12/23/2024 10:52:40 AM:DBManager:connection_data:Object reference not set to an instance of an object.
12/23/2024 10:52:40 AM:DBManager:connection_data:Object reference not set to an instance of an object.
12/23/2024 10:52:40 AM:DBManager:connection_data:Object reference not set to an instance of an object.
12/23/2024 10:52:40 AM:DBManager:connection_data:Object reference not set to an instance of an object.
23/12/2024 10:52:41 AM:MasterPage:Page_Init:Thread was being aborted.
12/23/2024 10:52:42 AM:DBManager:connection_data:Object reference not set to an instance of an object.
12/23/2024 10:52:42 AM:DBManager:connection_data:Object reference not set to an instance of an object.
12/23/2024 10:52:42 AM:DBManager:connection_data:Object reference not set to an instance of an object.
23/12/2024 10:52:42 AM:SignIn:btnLogIn_Click:test
12/23/2024 10:52:55 AM:DBManager:connection_data:Object reference not set to an instance of an object.
12/23/2024 10:52:55 AM:DBManager:connection_data:Object reference not set to an instance of an object.
12/23/2024 10:52:55 AM:DBManager:connection_data:Object reference not set to an instance of an object.
23/12/2024 10:52:55 AM:SignIn:btnLogIn_Click:test
23/12/2024 10:52:55 AM:SignIn:btnLogIn_Click4:
23/12/2024 10:52:55 AM:SignIn:btnLogIn_Click5:
23/12/2024 10:52:55 AM:SignIn:btnLogIn_Click7:
23/12/2024 10:52:55 AM:SignIn:btnLogIn_Click8:
23/12/2024 10:52:55 AM:ClsDataccess:Getdatatable:The ConnectionString property has not been initialized.
12/23/2024 10:52:56 AM:DBManager:connection_data:Object reference not set to an instance of an object.
12/23/2024 10:52:56 AM:DBManager:connection_data:Object reference not set to an instance of an object.
12/23/2024 10:52:56 AM:DBManager:connection_data:Object reference not set to an instance of an object.
12/23/2024 10:52:56 AM:DBManager:connection_data:Object reference not set to an instance of an object.
12/23/2024 10:52:56 AM:DBManager:connection_data:Object reference not set to an instance of an object.
12/23/2024 10:52:56 AM:DBManager:connection_data:Object reference not set to an instance of an object.
12/23/2024 10:52:56 AM:DBManager:connection_data:Object reference not set to an instance of an object.
12/23/2024 10:52:56 AM:DBManager:connection_data:Object reference not set to an instance of an object.
12/23/2024 10:52:56 AM:DBManager:connection_data:Object reference not set to an instance of an object.
12/23/2024 10:52:56 AM:DBManager:connection_data:Object reference not set to an instance of an object.
12/23/2024 10:52:56 AM:DBManager:connection_data:Object reference not set to an instance of an object.
12/23/2024 10:52:56 AM:DBManager:connection_data:Object reference not set to an instance of an object.
12/23/2024 10:52:56 AM:DBManager:connection_data:Object reference not set to an instance of an object.
12/23/2024 10:52:56 AM:DBManager:connection_data:Object reference not set to an instance of an object.
12/23/2024 10:52:56 AM:DBManager:connection_data:Object reference not set to an instance of an object.
12/23/2024 10:52:56 AM:DBManager:connection_data:Object reference not set to an instance of an object.
12/23/2024 10:52:56 AM:DBManager:connection_data:Object reference not set to an instance of an object.
12/23/2024 10:52:56 AM:DBManager:connection_data:Object reference not set to an instance of an object.
12/23/2024 10:52:56 AM:DBManager:connection_data:Object reference not set to an instance of an object.
12/23/2024 10:52:56 AM:DBManager:connection_data:Object reference not set to an instance of an object.
12/23/2024 10:52:56 AM:DBManager:connection_data:Object reference not set to an instance of an object.
12/23/2024 10:52:56 AM:DBManager:connection_data:Object reference not set to an instance of an object.
12/23/2024 10:52:56 AM:DBManager:connection_data:Object reference not set to an instance of an object.
12/23/2024 10:52:56 AM:DBManager:connection_data:Object reference not set to an instance of an object.
12/23/2024 10:52:56 AM:DBManager:connection_data:Object reference not set to an instance of an object.
12/23/2024 10:52:56 AM:DBManager:connection_data:Object reference not set to an instance of an object.
12/23/2024 10:52:56 AM:DBManager:connection_data:Object reference not set to an instance of an object.
12/23/2024 10:52:56 AM:DBManager:connection_data:Object reference not set to an instance of an object.
12/23/2024 10:52:56 AM:DBManager:connection_data:Object reference not set to an instance of an object.
12/23/2024 10:52:56 AM:DBManager:connection_data:Object reference not set to an instance of an object.
12/23/2024 10:52:56 AM:DBManager:connection_data:Object reference not set to an instance of an object.
12/23/2024 10:52:56 AM:DBManager:connection_data:Object reference not set to an instance of an object.
12/23/2024 10:52:56 AM:DBManager:connection_data:Object reference not set to an instance of an object.
12/23/2024 10:52:56 AM:DBManager:connection_data:Object reference not set to an instance of an object.
12/23/2024 10:52:56 AM:DBManager:connection_data:Object reference not set to an instance of an object.
12/23/2024 10:52:56 AM:DBManager:connection_data:Object reference not set to an instance of an object.
12/23/2024 10:52:56 AM:DBManager:connection_data:Object reference not set to an instance of an object.
12/23/2024 10:52:56 AM:DBManager:connection_data:Object reference not set to an instance of an object.
12/23/2024 10:52:56 AM:DBManager:connection_data:Object reference not set to an instance of an object.
12/23/2024 10:52:56 AM:DBManager:connection_data:Object reference not set to an instance of an object.
12/23/2024 10:52:56 AM:DBManager:connection_data:Object reference not set to an instance of an object.
12/23/2024 10:52:56 AM:DBManager:connection_data:Object reference not set to an instance of an object.
12/23/2024 10:52:56 AM:DBManager:connection_data:Object reference not set to an instance of an object.
12/23/2024 10:52:56 AM:DBManager:connection_data:Object reference not set to an instance of an object.
12/23/2024 10:52:56 AM:DBManager:connection_data:Object reference not set to an instance of an object.
12/23/2024 10:52:56 AM:DBManager:connection_data:Object reference not set to an instance of an object.
12/23/2024 10:52:56 AM:DBManager:connection_data:Object reference not set to an instance of an object.
12/23/2024 10:52:56 AM:DBManager:connection_data:Object reference not set to an instance of an object.
12/23/2024 10:52:56 AM:DBManager:connection_data:Object reference not set to an instance of an object.
12/23/2024 10:52:56 AM:DBManager:connection_data:Object reference not set to an instance of an object.
12/23/2024 10:52:56 AM:DBManager:connection_data:Object reference not set to an instance of an object.
12/23/2024 10:52:56 AM:DBManager:connection_data:Object reference not set to an instance of an object.
12/23/2024 10:52:56 AM:DBManager:connection_data:Object reference not set to an instance of an object.
12/23/2024 10:52:56 AM:DBManager:connection_data:Object reference not set to an instance of an object.
12/23/2024 10:52:56 AM:DBManager:connection_data:Object reference not set to an instance of an object.
12/23/2024 10:52:56 AM:DBManager:connection_data:Object reference not set to an instance of an object.
12/23/2024 10:52:56 AM:DBManager:connection_data:Object reference not set to an instance of an object.
12/23/2024 10:52:56 AM:DBManager:connection_data:Object reference not set to an instance of an object.
12/23/2024 10:52:56 AM:DBManager:connection_data:Object reference not set to an instance of an object.
12/23/2024 10:52:56 AM:DBManager:connection_data:Object reference not set to an instance of an object.
12/23/2024 10:52:56 AM:DBManager:connection_data:Object reference not set to an instance of an object.
12/23/2024 10:52:56 AM:DBManager:connection_data:Object reference not set to an instance of an object.
12/23/2024 10:52:56 AM:DBManager:connection_data:Object reference not set to an instance of an object.
12/23/2024 10:52:56 AM:DBManager:connection_data:Object reference not set to an instance of an object.
12/23/2024 10:52:56 AM:DBManager:connection_data:Object reference not set to an instance of an object.
12/23/2024 10:52:56 AM:DBManager:connection_data:Object reference not set to an instance of an object.
12/23/2024 10:52:56 AM:DBManager:connection_data:Object reference not set to an instance of an object.
12/23/2024 10:52:56 AM:DBManager:connection_data:Object reference not set to an instance of an object.
12/23/2024 10:52:56 AM:DBManager:connection_data:Object reference not set to an instance of an object.
12/23/2024 10:52:56 AM:DBManager:connection_data:Object reference not set to an instance of an object.
12/23/2024 10:52:56 AM:DBManager:connection_data:Object reference not set to an instance of an object.
12/23/2024 10:52:56 AM:DBManager:connection_data:Object reference not set to an instance of an object.
12/23/2024 10:52:56 AM:DBManager:connection_data:Object reference not set to an instance of an object.
12/23/2024 10:52:56 AM:DBManager:connection_data:Object reference not set to an instance of an object.
12/23/2024 10:52:56 AM:DBManager:connection_data:Object reference not set to an instance of an object.
12/23/2024 10:52:56 AM:DBManager:connection_data:Object reference not set to an instance of an object.
12/23/2024 10:52:56 AM:DBManager:connection_data:Object reference not set to an instance of an object.
12/23/2024 10:52:57 AM:DBManager:connection_data:Object reference not set to an instance of an object.
12/23/2024 10:52:57 AM:DBManager:connection_data:Object reference not set to an instance of an object.
12/23/2024 10:52:57 AM:DBManager:connection_data:Object reference not set to an instance of an object.
12/23/2024 10:52:57 AM:DBManager:connection_data:Object reference not set to an instance of an object.
12/23/2024 10:52:57 AM:DBManager:connection_data:Object reference not set to an instance of an object.
12/23/2024 10:52:57 AM:DBManager:connection_data:Object reference not set to an instance of an object.
12/23/2024 10:52:57 AM:DBManager:connection_data:Object reference not set to an instance of an object.
12/23/2024 10:52:57 AM:DBManager:connection_data:Object reference not set to an instance of an object.
12/23/2024 10:52:57 AM:DBManager:connection_data:Object reference not set to an instance of an object.
12/23/2024 10:52:57 AM:DBManager:connection_data:Object reference not set to an instance of an object.
12/23/2024 10:52:57 AM:DBManager:connection_data:Object reference not set to an instance of an object.
12/23/2024 10:52:57 AM:DBManager:connection_data:Object reference not set to an instance of an object.
12/23/2024 10:52:57 AM:DBManager:connection_data:Object reference not set to an instance of an object.
12/23/2024 10:52:57 AM:DBManager:connection_data:Object reference not set to an instance of an object.
12/23/2024 10:52:57 AM:DBManager:connection_data:Object reference not set to an instance of an object.
12/23/2024 10:52:57 AM:DBManager:connection_data:Object reference not set to an instance of an object.
12/23/2024 10:52:57 AM:DBManager:connection_data:Object reference not set to an instance of an object.
12/23/2024 10:52:57 AM:DBManager:connection_data:Object reference not set to an instance of an object.
12/23/2024 10:52:57 AM:DBManager:connection_data:Object reference not set to an instance of an object.
12/23/2024 10:52:57 AM:DBManager:connection_data:Object reference not set to an instance of an object.
12/23/2024 10:52:57 AM:DBManager:connection_data:Object reference not set to an instance of an object.
12/23/2024 10:52:57 AM:DBManager:connection_data:Object reference not set to an instance of an object.
12/23/2024 10:52:57 AM:DBManager:connection_data:Object reference not set to an instance of an object.
12/23/2024 10:52:57 AM:DBManager:connection_data:Object reference not set to an instance of an object.
12/23/2024 10:52:57 AM:DBManager:connection_data:Object reference not set to an instance of an object.
12/23/2024 10:52:57 AM:DBManager:connection_data:Object reference not set to an instance of an object.
12/23/2024 10:52:57 AM:DBManager:connection_data:Object reference not set to an instance of an object.
12/23/2024 10:52:57 AM:DBManager:connection_data:Object reference not set to an instance of an object.
12/23/2024 10:52:57 AM:DBManager:connection_data:Object reference not set to an instance of an object.
12/23/2024 10:52:57 AM:DBManager:connection_data:Object reference not set to an instance of an object.
12/23/2024 10:52:57 AM:DBManager:connection_data:Object reference not set to an instance of an object.
12/23/2024 10:52:57 AM:DBManager:connection_data:Object reference not set to an instance of an object.
12/23/2024 10:52:57 AM:DBManager:connection_data:Object reference not set to an instance of an object.
12/23/2024 10:52:57 AM:DBManager:connection_data:Object reference not set to an instance of an object.
12/23/2024 10:52:57 AM:DBManager:connection_data:Object reference not set to an instance of an object.
12/23/2024 10:52:57 AM:DBManager:connection_data:Object reference not set to an instance of an object.
12/23/2024 10:52:57 AM:DBManager:connection_data:Object reference not set to an instance of an object.
12/23/2024 10:52:57 AM:DBManager:connection_data:Object reference not set to an instance of an object.
12/23/2024 10:52:57 AM:DBManager:connection_data:Object reference not set to an instance of an object.
12/23/2024 10:52:57 AM:DBManager:connection_data:Object reference not set to an instance of an object.
12/23/2024 10:52:57 AM:DBManager:connection_data:Object reference not set to an instance of an object.
12/23/2024 10:52:57 AM:DBManager:connection_data:Object reference not set to an instance of an object.
12/23/2024 10:52:57 AM:DBManager:connection_data:Object reference not set to an instance of an object.
12/23/2024 10:52:57 AM:DBManager:connection_data:Object reference not set to an instance of an object.
12/23/2024 10:52:57 AM:DBManager:connection_data:Object reference not set to an instance of an object.
12/23/2024 10:52:57 AM:DBManager:connection_data:Object reference not set to an instance of an object.
12/23/2024 10:52:57 AM:DBManager:connection_data:Object reference not set to an instance of an object.
12/23/2024 10:52:57 AM:DBManager:connection_data:Object reference not set to an instance of an object.
12/23/2024 10:52:57 AM:DBManager:connection_data:Object reference not set to an instance of an object.
12/23/2024 10:52:57 AM:DBManager:connection_data:Object reference not set to an instance of an object.
12/23/2024 10:52:57 AM:DBManager:connection_data:Object reference not set to an instance of an object.
12/23/2024 10:52:57 AM:DBManager:connection_data:Object reference not set to an instance of an object.
12/23/2024 10:52:57 AM:DBManager:connection_data:Object reference not set to an instance of an object.
12/23/2024 10:52:57 AM:DBManager:connection_data:Object reference not set to an instance of an object.
12/23/2024 10:52:57 AM:DBManager:connection_data:Object reference not set to an instance of an object.
12/23/2024 10:52:57 AM:DBManager:connection_data:Object reference not set to an instance of an object.
12/23/2024 10:52:57 AM:DBManager:connection_data:Object reference not set to an instance of an object.
12/23/2024 10:52:57 AM:DBManager:connection_data:Object reference not set to an instance of an object.
12/23/2024 10:52:57 AM:DBManager:connection_data:Object reference not set to an instance of an object.
12/23/2024 10:52:57 AM:DBManager:connection_data:Object reference not set to an instance of an object.
12/23/2024 10:52:57 AM:DBManager:connection_data:Object reference not set to an instance of an object.
12/23/2024 10:52:57 AM:DBManager:connection_data:Object reference not set to an instance of an object.
12/23/2024 10:52:57 AM:DBManager:connection_data:Object reference not set to an instance of an object.
12/23/2024 10:52:57 AM:DBManager:connection_data:Object reference not set to an instance of an object.
12/23/2024 10:52:57 AM:DBManager:connection_data:Object reference not set to an instance of an object.
12/23/2024 10:52:57 AM:DBManager:connection_data:Object reference not set to an instance of an object.
12/23/2024 10:52:57 AM:DBManager:connection_data:Object reference not set to an instance of an object.
12/23/2024 10:52:57 AM:DBManager:connection_data:Object reference not set to an instance of an object.
12/23/2024 10:52:57 AM:DBManager:connection_data:Object reference not set to an instance of an object.
12/23/2024 10:52:57 AM:DBManager:connection_data:Object reference not set to an instance of an object.
12/23/2024 10:52:57 AM:DBManager:connection_data:Object reference not set to an instance of an object.
12/23/2024 10:52:57 AM:DBManager:connection_data:Object reference not set to an instance of an object.
12/23/2024 10:52:57 AM:DBManager:connection_data:Object reference not set to an instance of an object.
12/23/2024 10:52:57 AM:DBManager:connection_data:Object reference not set to an instance of an object.
12/23/2024 10:52:57 AM:DBManager:connection_data:Object reference not set to an instance of an object.
12/23/2024 10:52:57 AM:DBManager:connection_data:Object reference not set to an instance of an object.
12/23/2024 10:52:57 AM:DBManager:connection_data:Object reference not set to an instance of an object.
12/23/2024 10:53:00 AM:DBManager:connection_data:Object reference not set to an instance of an object.
12/23/2024 10:53:00 AM:DBManager:connection_data:Object reference not set to an instance of an object.
12/23/2024 10:53:00 AM:DBManager:connection_data:Object reference not set to an instance of an object.
12/23/2024 10:53:00 AM:DBManager:connection_data:Object reference not set to an instance of an object.
12/23/2024 10:53:00 AM:DBManager:connection_data:Object reference not set to an instance of an object.
12/23/2024 10:53:00 AM:DBManager:connection_data:Object reference not set to an instance of an object.
23/12/2024 10:53:01 AM:Location_List:rdLocaton_ItemDataBoundObject reference not set to an instance of an object.
23/12/2024 10:53:01 AM:Location_List:rdLocaton_ItemDataBoundObject reference not set to an instance of an object.
12/23/2024 10:53:05 AM:DBManager:connection_data:Object reference not set to an instance of an object.
12/23/2024 10:53:05 AM:DBManager:connection_data:Object reference not set to an instance of an object.
12/23/2024 10:53:05 AM:DBManager:connection_data:Object reference not set to an instance of an object.
12/23/2024 10:53:05 AM:DBManager:connection_data:Object reference not set to an instance of an object.
12/23/2024 10:53:05 AM:DBManager:connection_data:Object reference not set to an instance of an object.
12/23/2024 10:53:05 AM:DBManager:connection_data:Object reference not set to an instance of an object.
12/23/2024 10:53:05 AM:DBManager:connection_data:Object reference not set to an instance of an object.
12/23/2024 10:53:05 AM:DBManager:connection_data:Object reference not set to an instance of an object.
12/23/2024 10:53:05 AM:DBManager:connection_data:Object reference not set to an instance of an object.
12/23/2024 10:53:05 AM:DBManager:connection_data:Object reference not set to an instance of an object.
12/23/2024 10:53:05 AM:DBManager:connection_data:Object reference not set to an instance of an object.
12/23/2024 10:53:05 AM:DBManager:connection_data:Object reference not set to an instance of an object.
12/23/2024 10:53:05 AM:DBManager:connection_data:Object reference not set to an instance of an object.
12/23/2024 10:53:05 AM:DBManager:connection_data:Object reference not set to an instance of an object.
12/23/2024 10:53:05 AM:DBManager:connection_data:Object reference not set to an instance of an object.
12/23/2024 10:53:05 AM:DBManager:connection_data:Object reference not set to an instance of an object.
12/23/2024 10:53:05 AM:DBManager:connection_data:Object reference not set to an instance of an object.
12/23/2024 10:53:05 AM:DBManager:connection_data:Object reference not set to an instance of an object.
12/23/2024 10:53:05 AM:DBManager:connection_data:Object reference not set to an instance of an object.
12/23/2024 10:53:05 AM:DBManager:connection_data:Object reference not set to an instance of an object.
12/23/2024 10:53:05 AM:DBManager:connection_data:Object reference not set to an instance of an object.
12/23/2024 10:53:05 AM:DBManager:connection_data:Object reference not set to an instance of an object.
12/23/2024 10:53:05 AM:DBManager:connection_data:Object reference not set to an instance of an object.
12/23/2024 10:53:05 AM:DBManager:connection_data:Object reference not set to an instance of an object.
12/23/2024 10:53:05 AM:DBManager:connection_data:Object reference not set to an instance of an object.
12/23/2024 10:53:05 AM:DBManager:connection_data:Object reference not set to an instance of an object.
12/23/2024 10:53:05 AM:DBManager:connection_data:Object reference not set to an instance of an object.
12/23/2024 10:53:05 AM:DBManager:connection_data:Object reference not set to an instance of an object.
12/23/2024 10:53:05 AM:DBManager:connection_data:Object reference not set to an instance of an object.
12/23/2024 10:53:05 AM:DBManager:connection_data:Object reference not set to an instance of an object.
12/23/2024 10:53:05 AM:DBManager:connection_data:Object reference not set to an instance of an object.
12/23/2024 10:53:05 AM:DBManager:connection_data:Object reference not set to an instance of an object.
12/23/2024 10:53:05 AM:DBManager:connection_data:Object reference not set to an instance of an object.
12/23/2024 10:53:05 AM:DBManager:connection_data:Object reference not set to an instance of an object.
12/23/2024 10:53:05 AM:DBManager:connection_data:Object reference not set to an instance of an object.
12/23/2024 10:53:05 AM:DBManager:connection_data:Object reference not set to an instance of an object.
12/23/2024 10:53:05 AM:DBManager:connection_data:Object reference not set to an instance of an object.
12/23/2024 10:53:05 AM:DBManager:connection_data:Object reference not set to an instance of an object.
12/23/2024 10:53:05 AM:DBManager:connection_data:Object reference not set to an instance of an object.
12/23/2024 10:53:05 AM:DBManager:connection_data:Object reference not set to an instance of an object.
12/23/2024 10:53:05 AM:DBManager:connection_data:Object reference not set to an instance of an object.
12/23/2024 10:53:05 AM:DBManager:connection_data:Object reference not set to an instance of an object.
12/23/2024 10:53:05 AM:DBManager:connection_data:Object reference not set to an instance of an object.
12/23/2024 10:53:05 AM:DBManager:connection_data:Object reference not set to an instance of an object.
12/23/2024 10:53:05 AM:DBManager:connection_data:Object reference not set to an instance of an object.
12/23/2024 10:53:05 AM:DBManager:connection_data:Object reference not set to an instance of an object.
12/23/2024 10:53:05 AM:DBManager:connection_data:Object reference not set to an instance of an object.
12/23/2024 10:53:05 AM:DBManager:connection_data:Object reference not set to an instance of an object.
12/23/2024 10:53:05 AM:DBManager:connection_data:Object reference not set to an instance of an object.
12/23/2024 10:53:05 AM:DBManager:connection_data:Object reference not set to an instance of an object.
12/23/2024 10:53:05 AM:DBManager:connection_data:Object reference not set to an instance of an object.
12/23/2024 10:53:05 AM:DBManager:connection_data:Object reference not set to an instance of an object.
12/23/2024 10:53:05 AM:DBManager:connection_data:Object reference not set to an instance of an object.
12/23/2024 10:53:05 AM:DBManager:connection_data:Object reference not set to an instance of an object.
12/23/2024 10:53:05 AM:DBManager:connection_data:Object reference not set to an instance of an object.
12/23/2024 10:53:05 AM:DBManager:connection_data:Object reference not set to an instance of an object.
12/23/2024 10:53:05 AM:DBManager:connection_data:Object reference not set to an instance of an object.
12/23/2024 10:53:05 AM:DBManager:connection_data:Object reference not set to an instance of an object.
12/23/2024 10:53:05 AM:DBManager:connection_data:Object reference not set to an instance of an object.
12/23/2024 10:53:05 AM:DBManager:connection_data:Object reference not set to an instance of an object.
12/23/2024 10:53:05 AM:DBManager:connection_data:Object reference not set to an instance of an object.
12/23/2024 10:53:05 AM:DBManager:connection_data:Object reference not set to an instance of an object.
12/23/2024 10:53:05 AM:DBManager:connection_data:Object reference not set to an instance of an object.
12/23/2024 10:53:05 AM:DBManager:connection_data:Object reference not set to an instance of an object.
12/23/2024 10:53:05 AM:DBManager:connection_data:Object reference not set to an instance of an object.
12/23/2024 10:53:05 AM:DBManager:connection_data:Object reference not set to an instance of an object.
12/23/2024 10:53:05 AM:DBManager:connection_data:Object reference not set to an instance of an object.
12/23/2024 10:53:05 AM:DBManager:connection_data:Object reference not set to an instance of an object.
12/23/2024 10:53:05 AM:DBManager:connection_data:Object reference not set to an instance of an object.
12/23/2024 10:53:05 AM:DBManager:connection_data:Object reference not set to an instance of an object.
12/23/2024 10:53:05 AM:DBManager:connection_data:Object reference not set to an instance of an object.
12/23/2024 10:53:05 AM:DBManager:connection_data:Object reference not set to an instance of an object.
12/23/2024 10:53:05 AM:DBManager:connection_data:Object reference not set to an instance of an object.
12/23/2024 10:53:05 AM:DBManager:connection_data:Object reference not set to an instance of an object.
12/23/2024 10:53:05 AM:DBManager:connection_data:Object reference not set to an instance of an object.
12/23/2024 10:53:05 AM:DBManager:connection_data:Object reference not set to an instance of an object.
12/23/2024 10:53:05 AM:DBManager:connection_data:Object reference not set to an instance of an object.
12/23/2024 10:53:05 AM:DBManager:connection_data:Object reference not set to an instance of an object.
12/23/2024 10:53:05 AM:DBManager:connection_data:Object reference not set to an instance of an object.
12/23/2024 10:53:05 AM:DBManager:connection_data:Object reference not set to an instance of an object.
12/23/2024 10:53:05 AM:DBManager:connection_data:Object reference not set to an instance of an object.
12/23/2024 10:53:05 AM:DBManager:connection_data:Object reference not set to an instance of an object.
12/23/2024 10:53:05 AM:DBManager:connection_data:Object reference not set to an instance of an object.
12/23/2024 10:53:05 AM:DBManager:connection_data:Object reference not set to an instance of an object.
12/23/2024 10:53:05 AM:DBManager:connection_data:Object reference not set to an instance of an object.
12/23/2024 10:53:05 AM:DBManager:connection_data:Object reference not set to an instance of an object.
12/23/2024 10:53:05 AM:DBManager:connection_data:Object reference not set to an instance of an object.
12/23/2024 10:53:05 AM:DBManager:connection_data:Object reference not set to an instance of an object.
12/23/2024 10:53:05 AM:DBManager:connection_data:Object reference not set to an instance of an object.
12/23/2024 10:53:15 AM:DBManager:connection_data:Object reference not set to an instance of an object.
12/23/2024 10:53:15 AM:DBManager:connection_data:Object reference not set to an instance of an object.
12/23/2024 10:53:15 AM:DBManager:connection_data:Object reference not set to an instance of an object.
12/23/2024 10:53:15 AM:DBManager:connection_data:Object reference not set to an instance of an object.
12/23/2024 10:53:15 AM:DBManager:connection_data:Object reference not set to an instance of an object.
12/23/2024 10:53:15 AM:DBManager:connection_data:Object reference not set to an instance of an object.
12/23/2024 10:53:15 AM:DBManager:connection_data:Object reference not set to an instance of an object.
12/23/2024 10:53:15 AM:DBManager:connection_data:Object reference not set to an instance of an object.
12/23/2024 10:53:15 AM:DBManager:connection_data:Object reference not set to an instance of an object.
12/23/2024 10:53:15 AM:DBManager:connection_data:Object reference not set to an instance of an object.
12/23/2024 10:53:15 AM:DBManager:connection_data:Object reference not set to an instance of an object.
12/23/2024 10:53:15 AM:DBManager:connection_data:Object reference not set to an instance of an object.
12/23/2024 10:53:15 AM:DBManager:connection_data:Object reference not set to an instance of an object.
12/23/2024 10:53:15 AM:DBManager:connection_data:Object reference not set to an instance of an object.
12/23/2024 10:53:15 AM:DBManager:connection_data:Object reference not set to an instance of an object.
12/23/2024 10:53:15 AM:DBManager:connection_data:Object reference not set to an instance of an object.
12/23/2024 10:53:15 AM:DBManager:connection_data:Object reference not set to an instance of an object.
12/23/2024 10:53:15 AM:DBManager:connection_data:Object reference not set to an instance of an object.
12/23/2024 10:53:15 AM:DBManager:connection_data:Object reference not set to an instance of an object.
12/23/2024 10:53:15 AM:DBManager:connection_data:Object reference not set to an instance of an object.
12/23/2024 10:53:15 AM:DBManager:connection_data:Object reference not set to an instance of an object.
12/23/2024 10:53:15 AM:DBManager:connection_data:Object reference not set to an instance of an object.
12/23/2024 10:53:15 AM:DBManager:connection_data:Object reference not set to an instance of an object.
12/23/2024 10:53:15 AM:DBManager:connection_data:Object reference not set to an instance of an object.
12/23/2024 10:53:15 AM:DBManager:connection_data:Object reference not set to an instance of an object.
12/23/2024 10:53:15 AM:DBManager:connection_data:Object reference not set to an instance of an object.
12/23/2024 10:53:15 AM:DBManager:connection_data:Object reference not set to an instance of an object.
12/23/2024 10:53:15 AM:DBManager:connection_data:Object reference not set to an instance of an object.
12/23/2024 10:53:15 AM:DBManager:connection_data:Object reference not set to an instance of an object.
12/23/2024 10:53:15 AM:DBManager:connection_data:Object reference not set to an instance of an object.
12/23/2024 10:53:15 AM:DBManager:connection_data:Object reference not set to an instance of an object.
12/23/2024 10:53:15 AM:DBManager:connection_data:Object reference not set to an instance of an object.
12/23/2024 10:53:15 AM:DBManager:connection_data:Object reference not set to an instance of an object.
12/23/2024 10:53:15 AM:DBManager:connection_data:Object reference not set to an instance of an object.
12/23/2024 10:53:15 AM:DBManager:connection_data:Object reference not set to an instance of an object.
12/23/2024 10:53:15 AM:DBManager:connection_data:Object reference not set to an instance of an object.
12/23/2024 10:53:15 AM:DBManager:connection_data:Object reference not set to an instance of an object.
12/23/2024 10:53:15 AM:DBManager:connection_data:Object reference not set to an instance of an object.
12/23/2024 10:53:15 AM:DBManager:connection_data:Object reference not set to an instance of an object.
12/23/2024 10:53:15 AM:DBManager:connection_data:Object reference not set to an instance of an object.
12/23/2024 10:53:15 AM:DBManager:connection_data:Object reference not set to an instance of an object.
12/23/2024 10:53:15 AM:DBManager:connection_data:Object reference not set to an instance of an object.
12/23/2024 10:53:15 AM:DBManager:connection_data:Object reference not set to an instance of an object.
12/23/2024 10:53:15 AM:DBManager:connection_data:Object reference not set to an instance of an object.
12/23/2024 10:53:15 AM:DBManager:connection_data:Object reference not set to an instance of an object.
12/23/2024 10:53:15 AM:DBManager:connection_data:Object reference not set to an instance of an object.
12/23/2024 10:53:15 AM:DBManager:connection_data:Object reference not set to an instance of an object.
12/23/2024 10:53:15 AM:DBManager:connection_data:Object reference not set to an instance of an object.
12/23/2024 10:53:15 AM:DBManager:connection_data:Object reference not set to an instance of an object.
12/23/2024 10:53:15 AM:DBManager:connection_data:Object reference not set to an instance of an object.
12/23/2024 10:53:15 AM:DBManager:connection_data:Object reference not set to an instance of an object.
12/23/2024 10:53:15 AM:DBManager:connection_data:Object reference not set to an instance of an object.
12/23/2024 10:53:15 AM:DBManager:connection_data:Object reference not set to an instance of an object.
12/23/2024 10:53:15 AM:DBManager:connection_data:Object reference not set to an instance of an object.
12/23/2024 10:53:15 AM:DBManager:connection_data:Object reference not set to an instance of an object.
12/23/2024 10:53:15 AM:DBManager:connection_data:Object reference not set to an instance of an object.
12/23/2024 10:53:15 AM:DBManager:connection_data:Object reference not set to an instance of an object.
12/23/2024 10:53:15 AM:DBManager:connection_data:Object reference not set to an instance of an object.
12/23/2024 10:53:15 AM:DBManager:connection_data:Object reference not set to an instance of an object.
12/23/2024 10:53:15 AM:DBManager:connection_data:Object reference not set to an instance of an object.
12/23/2024 10:53:15 AM:DBManager:connection_data:Object reference not set to an instance of an object.
12/23/2024 10:53:15 AM:DBManager:connection_data:Object reference not set to an instance of an object.
12/23/2024 10:53:15 AM:DBManager:connection_data:Object reference not set to an instance of an object.
12/23/2024 10:53:15 AM:DBManager:connection_data:Object reference not set to an instance of an object.
12/23/2024 10:53:15 AM:DBManager:connection_data:Object reference not set to an instance of an object.
12/23/2024 10:53:15 AM:DBManager:connection_data:Object reference not set to an instance of an object.
12/23/2024 10:53:15 AM:DBManager:connection_data:Object reference not set to an instance of an object.
12/23/2024 10:53:15 AM:DBManager:connection_data:Object reference not set to an instance of an object.
12/23/2024 10:53:15 AM:DBManager:connection_data:Object reference not set to an instance of an object.
12/23/2024 10:53:15 AM:DBManager:connection_data:Object reference not set to an instance of an object.
12/23/2024 10:53:15 AM:DBManager:connection_data:Object reference not set to an instance of an object.
12/23/2024 10:53:15 AM:DBManager:connection_data:Object reference not set to an instance of an object.
12/23/2024 10:53:15 AM:DBManager:connection_data:Object reference not set to an instance of an object.
12/23/2024 10:53:15 AM:DBManager:connection_data:Object reference not set to an instance of an object.
12/23/2024 10:53:15 AM:DBManager:connection_data:Object reference not set to an instance of an object.
12/23/2024 10:53:15 AM:DBManager:connection_data:Object reference not set to an instance of an object.
12/23/2024 10:53:15 AM:DBManager:connection_data:Object reference not set to an instance of an object.
12/23/2024 10:53:15 AM:DBManager:connection_data:Object reference not set to an instance of an object.
12/23/2024 10:53:15 AM:DBManager:connection_data:Object reference not set to an instance of an object.
12/23/2024 10:53:15 AM:DBManager:connection_data:Object reference not set to an instance of an object.
12/23/2024 10:53:15 AM:DBManager:connection_data:Object reference not set to an instance of an object.
12/23/2024 10:53:15 AM:DBManager:connection_data:Object reference not set to an instance of an object.
12/23/2024 10:53:15 AM:DBManager:connection_data:Object reference not set to an instance of an object.
23/12/2024 10:53:15 AM:ClsDataccess:Public Overloads Sub Add_Line_No102:An item with the same key has already been added.
23/12/2024 10:53:15 AM:ClsDataccess:Public Overloads Sub Add_Line_No102:An item with the same key has already been added.
12/23/2024 10:53:15 AM:DBManager:connection_data:Object reference not set to an instance of an object.
12/23/2024 10:53:15 AM:DBManager:connection_data:Object reference not set to an instance of an object.
12/23/2024 10:53:15 AM:DBManager:connection_data:Object reference not set to an instance of an object.
12/23/2024 10:53:15 AM:DBManager:connection_data:Object reference not set to an instance of an object.
12/23/2024 10:53:15 AM:DBManager:connection_data:Object reference not set to an instance of an object.
12/23/2024 10:53:15 AM:DBManager:connection_data:Object reference not set to an instance of an object.
23/12/2024 10:53:16 AM:Location_List:rdLocaton_ItemDataBoundObject reference not set to an instance of an object.
23/12/2024 10:53:16 AM:Location_List:rdLocaton_ItemDataBoundObject reference not set to an instance of an object.
12/23/2024 10:59:45 AM:DBManager:connection_data:Object reference not set to an instance of an object.
12/23/2024 10:59:45 AM:DBManager:connection_data:Object reference not set to an instance of an object.
12/23/2024 10:59:45 AM:DBManager:connection_data:Object reference not set to an instance of an object.
12/23/2024 10:59:45 AM:DBManager:connection_data:Object reference not set to an instance of an object.
12/23/2024 10:59:45 AM:DBManager:connection_data:Object reference not set to an instance of an object.
12/23/2024 10:59:45 AM:DBManager:connection_data:Object reference not set to an instance of an object.
12/23/2024 10:59:45 AM:DBManager:connection_data:Object reference not set to an instance of an object.
12/23/2024 10:59:45 AM:DBManager:connection_data:Object reference not set to an instance of an object.
12/23/2024 10:59:45 AM:DBManager:connection_data:Object reference not set to an instance of an object.
12/23/2024 10:59:45 AM:DBManager:connection_data:Object reference not set to an instance of an object.
12/23/2024 10:59:45 AM:DBManager:connection_data:Object reference not set to an instance of an object.
12/23/2024 10:59:45 AM:DBManager:connection_data:Object reference not set to an instance of an object.
12/23/2024 10:59:45 AM:DBManager:connection_data:Object reference not set to an instance of an object.
12/23/2024 10:59:45 AM:DBManager:connection_data:Object reference not set to an instance of an object.
12/23/2024 10:59:45 AM:DBManager:connection_data:Object reference not set to an instance of an object.
12/23/2024 10:59:45 AM:DBManager:connection_data:Object reference not set to an instance of an object.
12/23/2024 10:59:45 AM:DBManager:connection_data:Object reference not set to an instance of an object.
12/23/2024 10:59:45 AM:DBManager:connection_data:Object reference not set to an instance of an object.
12/23/2024 10:59:45 AM:DBManager:connection_data:Object reference not set to an instance of an object.
12/23/2024 10:59:45 AM:DBManager:connection_data:Object reference not set to an instance of an object.
12/23/2024 10:59:45 AM:DBManager:connection_data:Object reference not set to an instance of an object.
12/23/2024 10:59:45 AM:DBManager:connection_data:Object reference not set to an instance of an object.
12/23/2024 10:59:45 AM:DBManager:connection_data:Object reference not set to an instance of an object.
12/23/2024 10:59:45 AM:DBManager:connection_data:Object reference not set to an instance of an object.
12/23/2024 10:59:45 AM:DBManager:connection_data:Object reference not set to an instance of an object.
12/23/2024 10:59:45 AM:DBManager:connection_data:Object reference not set to an instance of an object.
12/23/2024 10:59:45 AM:DBManager:connection_data:Object reference not set to an instance of an object.
12/23/2024 10:59:45 AM:DBManager:connection_data:Object reference not set to an instance of an object.
12/23/2024 10:59:45 AM:DBManager:connection_data:Object reference not set to an instance of an object.
12/23/2024 10:59:45 AM:DBManager:connection_data:Object reference not set to an instance of an object.
12/23/2024 10:59:45 AM:DBManager:connection_data:Object reference not set to an instance of an object.
12/23/2024 10:59:45 AM:DBManager:connection_data:Object reference not set to an instance of an object.
12/23/2024 10:59:45 AM:DBManager:connection_data:Object reference not set to an instance of an object.
12/23/2024 10:59:45 AM:DBManager:connection_data:Object reference not set to an instance of an object.
12/23/2024 10:59:45 AM:DBManager:connection_data:Object reference not set to an instance of an object.
12/23/2024 10:59:45 AM:DBManager:connection_data:Object reference not set to an instance of an object.
12/23/2024 10:59:45 AM:DBManager:connection_data:Object reference not set to an instance of an object.
12/23/2024 10:59:45 AM:DBManager:connection_data:Object reference not set to an instance of an object.
12/23/2024 10:59:45 AM:DBManager:connection_data:Object reference not set to an instance of an object.
12/23/2024 10:59:45 AM:DBManager:connection_data:Object reference not set to an instance of an object.
12/23/2024 10:59:45 AM:DBManager:connection_data:Object reference not set to an instance of an object.
12/23/2024 10:59:45 AM:DBManager:connection_data:Object reference not set to an instance of an object.
12/23/2024 10:59:45 AM:DBManager:connection_data:Object reference not set to an instance of an object.
12/23/2024 10:59:45 AM:DBManager:connection_data:Object reference not set to an instance of an object.
12/23/2024 10:59:45 AM:DBManager:connection_data:Object reference not set to an instance of an object.
12/23/2024 10:59:45 AM:DBManager:connection_data:Object reference not set to an instance of an object.
12/23/2024 10:59:45 AM:DBManager:connection_data:Object reference not set to an instance of an object.
12/23/2024 10:59:45 AM:DBManager:connection_data:Object reference not set to an instance of an object.
12/23/2024 10:59:45 AM:DBManager:connection_data:Object reference not set to an instance of an object.
12/23/2024 10:59:45 AM:DBManager:connection_data:Object reference not set to an instance of an object.
12/23/2024 10:59:45 AM:DBManager:connection_data:Object reference not set to an instance of an object.
12/23/2024 10:59:45 AM:DBManager:connection_data:Object reference not set to an instance of an object.
12/23/2024 10:59:45 AM:DBManager:connection_data:Object reference not set to an instance of an object.
12/23/2024 10:59:45 AM:DBManager:connection_data:Object reference not set to an instance of an object.
12/23/2024 10:59:45 AM:DBManager:connection_data:Object reference not set to an instance of an object.
12/23/2024 10:59:45 AM:DBManager:connection_data:Object reference not set to an instance of an object.
12/23/2024 10:59:45 AM:DBManager:connection_data:Object reference not set to an instance of an object.
12/23/2024 10:59:45 AM:DBManager:connection_data:Object reference not set to an instance of an object.
12/23/2024 10:59:45 AM:DBManager:connection_data:Object reference not set to an instance of an object.
12/23/2024 10:59:45 AM:DBManager:connection_data:Object reference not set to an instance of an object.
12/23/2024 10:59:45 AM:DBManager:connection_data:Object reference not set to an instance of an object.
12/23/2024 10:59:45 AM:DBManager:connection_data:Object reference not set to an instance of an object.
12/23/2024 10:59:45 AM:DBManager:connection_data:Object reference not set to an instance of an object.
12/23/2024 10:59:45 AM:DBManager:connection_data:Object reference not set to an instance of an object.
12/23/2024 10:59:45 AM:DBManager:connection_data:Object reference not set to an instance of an object.
12/23/2024 10:59:45 AM:DBManager:connection_data:Object reference not set to an instance of an object.
12/23/2024 10:59:45 AM:DBManager:connection_data:Object reference not set to an instance of an object.
12/23/2024 10:59:45 AM:DBManager:connection_data:Object reference not set to an instance of an object.
12/23/2024 10:59:45 AM:DBManager:connection_data:Object reference not set to an instance of an object.
12/23/2024 10:59:45 AM:DBManager:connection_data:Object reference not set to an instance of an object.
12/23/2024 10:59:45 AM:DBManager:connection_data:Object reference not set to an instance of an object.
12/23/2024 10:59:45 AM:DBManager:connection_data:Object reference not set to an instance of an object.
12/23/2024 10:59:45 AM:DBManager:connection_data:Object reference not set to an instance of an object.
12/23/2024 10:59:45 AM:DBManager:connection_data:Object reference not set to an instance of an object.
12/23/2024 10:59:45 AM:DBManager:connection_data:Object reference not set to an instance of an object.
12/23/2024 10:59:45 AM:DBManager:connection_data:Object reference not set to an instance of an object.
12/23/2024 10:59:45 AM:DBManager:connection_data:Object reference not set to an instance of an object.
12/23/2024 10:59:45 AM:DBManager:connection_data:Object reference not set to an instance of an object.
12/23/2024 10:59:45 AM:DBManager:connection_data:Object reference not set to an instance of an object.
12/23/2024 10:59:45 AM:DBManager:connection_data:Object reference not set to an instance of an object.
12/23/2024 10:59:45 AM:DBManager:connection_data:Object reference not set to an instance of an object.
12/23/2024 10:59:45 AM:DBManager:connection_data:Object reference not set to an instance of an object.
12/23/2024 10:59:45 AM:DBManager:connection_data:Object reference not set to an instance of an object.
12/23/2024 10:59:45 AM:DBManager:connection_data:Object reference not set to an instance of an object.
12/23/2024 10:59:45 AM:DBManager:connection_data:Object reference not set to an instance of an object.
12/23/2024 10:59:45 AM:DBManager:connection_data:Object reference not set to an instance of an object.
12/23/2024 10:59:45 AM:DBManager:connection_data:Object reference not set to an instance of an object.
12/23/2024 10:59:45 AM:DBManager:connection_data:Object reference not set to an instance of an object.
12/23/2024 10:59:45 AM:DBManager:connection_data:Object reference not set to an instance of an object.
23/12/2024 10:59:46 AM:Location_Master:BindLocationObject reference not set to an instance of an object.
12/23/2024 10:59:54 AM:DBManager:connection_data:Object reference not set to an instance of an object.
12/23/2024 10:59:54 AM:DBManager:connection_data:Object reference not set to an instance of an object.
12/23/2024 10:59:54 AM:DBManager:connection_data:Object reference not set to an instance of an object.
12/23/2024 10:59:54 AM:DBManager:connection_data:Object reference not set to an instance of an object.
12/23/2024 10:59:54 AM:DBManager:connection_data:Object reference not set to an instance of an object.
12/23/2024 10:59:54 AM:DBManager:connection_data:Object reference not set to an instance of an object.
23/12/2024 10:59:55 AM:Location_List:rdLocaton_ItemDataBoundObject reference not set to an instance of an object.
23/12/2024 10:59:55 AM:Location_List:rdLocaton_ItemDataBoundObject reference not set to an instance of an object.
12/23/2024 11:00:01 AM:DBManager:connection_data:Object reference not set to an instance of an object.
12/23/2024 11:00:01 AM:DBManager:connection_data:Object reference not set to an instance of an object.
12/23/2024 11:00:01 AM:DBManager:connection_data:Object reference not set to an instance of an object.
12/23/2024 11:00:01 AM:DBManager:connection_data:Object reference not set to an instance of an object.
12/23/2024 11:00:01 AM:DBManager:connection_data:Object reference not set to an instance of an object.
12/23/2024 11:00:01 AM:DBManager:connection_data:Object reference not set to an instance of an object.
12/23/2024 11:00:01 AM:DBManager:connection_data:Object reference not set to an instance of an object.
12/23/2024 11:00:01 AM:DBManager:connection_data:Object reference not set to an instance of an object.
12/23/2024 11:00:01 AM:DBManager:connection_data:Object reference not set to an instance of an object.
12/23/2024 11:00:01 AM:DBManager:connection_data:Object reference not set to an instance of an object.
12/23/2024 11:00:01 AM:DBManager:connection_data:Object reference not set to an instance of an object.
12/23/2024 11:00:01 AM:DBManager:connection_data:Object reference not set to an instance of an object.
12/23/2024 11:00:01 AM:DBManager:connection_data:Object reference not set to an instance of an object.
12/23/2024 11:00:01 AM:DBManager:connection_data:Object reference not set to an instance of an object.
12/23/2024 11:00:01 AM:DBManager:connection_data:Object reference not set to an instance of an object.
12/23/2024 11:00:01 AM:DBManager:connection_data:Object reference not set to an instance of an object.
12/23/2024 11:00:01 AM:DBManager:connection_data:Object reference not set to an instance of an object.
12/23/2024 11:00:01 AM:DBManager:connection_data:Object reference not set to an instance of an object.
12/23/2024 11:00:01 AM:DBManager:connection_data:Object reference not set to an instance of an object.
12/23/2024 11:00:01 AM:DBManager:connection_data:Object reference not set to an instance of an object.
12/23/2024 11:00:01 AM:DBManager:connection_data:Object reference not set to an instance of an object.
12/23/2024 11:00:01 AM:DBManager:connection_data:Object reference not set to an instance of an object.
12/23/2024 11:00:01 AM:DBManager:connection_data:Object reference not set to an instance of an object.
12/23/2024 11:00:01 AM:DBManager:connection_data:Object reference not set to an instance of an object.
12/23/2024 11:00:01 AM:DBManager:connection_data:Object reference not set to an instance of an object.
12/23/2024 11:00:01 AM:DBManager:connection_data:Object reference not set to an instance of an object.
12/23/2024 11:00:01 AM:DBManager:connection_data:Object reference not set to an instance of an object.
12/23/2024 11:00:01 AM:DBManager:connection_data:Object reference not set to an instance of an object.
12/23/2024 11:00:01 AM:DBManager:connection_data:Object reference not set to an instance of an object.
12/23/2024 11:00:01 AM:DBManager:connection_data:Object reference not set to an instance of an object.
12/23/2024 11:00:01 AM:DBManager:connection_data:Object reference not set to an instance of an object.
12/23/2024 11:00:01 AM:DBManager:connection_data:Object reference not set to an instance of an object.
12/23/2024 11:00:01 AM:DBManager:connection_data:Object reference not set to an instance of an object.
12/23/2024 11:00:01 AM:DBManager:connection_data:Object reference not set to an instance of an object.
12/23/2024 11:00:01 AM:DBManager:connection_data:Object reference not set to an instance of an object.
12/23/2024 11:00:01 AM:DBManager:connection_data:Object reference not set to an instance of an object.
12/23/2024 11:00:01 AM:DBManager:connection_data:Object reference not set to an instance of an object.
12/23/2024 11:00:01 AM:DBManager:connection_data:Object reference not set to an instance of an object.
12/23/2024 11:00:01 AM:DBManager:connection_data:Object reference not set to an instance of an object.
12/23/2024 11:00:01 AM:DBManager:connection_data:Object reference not set to an instance of an object.
12/23/2024 11:00:01 AM:DBManager:connection_data:Object reference not set to an instance of an object.
12/23/2024 11:00:01 AM:DBManager:connection_data:Object reference not set to an instance of an object.
12/23/2024 11:00:01 AM:DBManager:connection_data:Object reference not set to an instance of an object.
12/23/2024 11:00:01 AM:DBManager:connection_data:Object reference not set to an instance of an object.
12/23/2024 11:00:01 AM:DBManager:connection_data:Object reference not set to an instance of an object.
12/23/2024 11:00:01 AM:DBManager:connection_data:Object reference not set to an instance of an object.
12/23/2024 11:00:01 AM:DBManager:connection_data:Object reference not set to an instance of an object.
12/23/2024 11:00:01 AM:DBManager:connection_data:Object reference not set to an instance of an object.
12/23/2024 11:00:01 AM:DBManager:connection_data:Object reference not set to an instance of an object.
12/23/2024 11:00:01 AM:DBManager:connection_data:Object reference not set to an instance of an object.
12/23/2024 11:00:01 AM:DBManager:connection_data:Object reference not set to an instance of an object.
12/23/2024 11:00:01 AM:DBManager:connection_data:Object reference not set to an instance of an object.
12/23/2024 11:00:01 AM:DBManager:connection_data:Object reference not set to an instance of an object.
12/23/2024 11:00:01 AM:DBManager:connection_data:Object reference not set to an instance of an object.
12/23/2024 11:00:01 AM:DBManager:connection_data:Object reference not set to an instance of an object.
12/23/2024 11:00:01 AM:DBManager:connection_data:Object reference not set to an instance of an object.
12/23/2024 11:00:01 AM:DBManager:connection_data:Object reference not set to an instance of an object.
12/23/2024 11:00:01 AM:DBManager:connection_data:Object reference not set to an instance of an object.
12/23/2024 11:00:01 AM:DBManager:connection_data:Object reference not set to an instance of an object.
12/23/2024 11:00:01 AM:DBManager:connection_data:Object reference not set to an instance of an object.
12/23/2024 11:00:01 AM:DBManager:connection_data:Object reference not set to an instance of an object.
12/23/2024 11:00:01 AM:DBManager:connection_data:Object reference not set to an instance of an object.
12/23/2024 11:00:01 AM:DBManager:connection_data:Object reference not set to an instance of an object.
12/23/2024 11:00:01 AM:DBManager:connection_data:Object reference not set to an instance of an object.
12/23/2024 11:00:01 AM:DBManager:connection_data:Object reference not set to an instance of an object.
12/23/2024 11:00:01 AM:DBManager:connection_data:Object reference not set to an instance of an object.
12/23/2024 11:00:01 AM:DBManager:connection_data:Object reference not set to an instance of an object.
12/23/2024 11:00:01 AM:DBManager:connection_data:Object reference not set to an instance of an object.
12/23/2024 11:00:01 AM:DBManager:connection_data:Object reference not set to an instance of an object.
12/23/2024 11:00:01 AM:DBManager:connection_data:Object reference not set to an instance of an object.
12/23/2024 11:00:01 AM:DBManager:connection_data:Object reference not set to an instance of an object.
12/23/2024 11:00:01 AM:DBManager:connection_data:Object reference not set to an instance of an object.
12/23/2024 11:00:01 AM:DBManager:connection_data:Object reference not set to an instance of an object.
12/23/2024 11:00:01 AM:DBManager:connection_data:Object reference not set to an instance of an object.
12/23/2024 11:00:01 AM:DBManager:connection_data:Object reference not set to an instance of an object.
12/23/2024 11:00:01 AM:DBManager:connection_data:Object reference not set to an instance of an object.
12/23/2024 11:00:01 AM:DBManager:connection_data:Object reference not set to an instance of an object.
12/23/2024 11:00:01 AM:DBManager:connection_data:Object reference not set to an instance of an object.
12/23/2024 11:00:01 AM:DBManager:connection_data:Object reference not set to an instance of an object.
12/23/2024 11:00:01 AM:DBManager:connection_data:Object reference not set to an instance of an object.
12/23/2024 11:00:01 AM:DBManager:connection_data:Object reference not set to an instance of an object.
12/23/2024 11:00:01 AM:DBManager:connection_data:Object reference not set to an instance of an object.
12/23/2024 11:00:01 AM:DBManager:connection_data:Object reference not set to an instance of an object.
12/23/2024 11:00:01 AM:DBManager:connection_data:Object reference not set to an instance of an object.
12/23/2024 11:00:01 AM:DBManager:connection_data:Object reference not set to an instance of an object.
12/23/2024 11:00:01 AM:DBManager:connection_data:Object reference not set to an instance of an object.
12/23/2024 11:00:01 AM:DBManager:connection_data:Object reference not set to an instance of an object.
12/23/2024 11:00:01 AM:DBManager:connection_data:Object reference not set to an instance of an object.
12/23/2024 11:00:01 AM:DBManager:connection_data:Object reference not set to an instance of an object.
12/23/2024 11:00:18 AM:DBManager:connection_data:Object reference not set to an instance of an object.
12/23/2024 11:00:18 AM:DBManager:connection_data:Object reference not set to an instance of an object.
12/23/2024 11:00:18 AM:DBManager:connection_data:Object reference not set to an instance of an object.
12/23/2024 11:00:18 AM:DBManager:connection_data:Object reference not set to an instance of an object.
12/23/2024 11:00:18 AM:DBManager:connection_data:Object reference not set to an instance of an object.
12/23/2024 11:00:18 AM:DBManager:connection_data:Object reference not set to an instance of an object.
12/23/2024 11:00:18 AM:DBManager:connection_data:Object reference not set to an instance of an object.
12/23/2024 11:00:18 AM:DBManager:connection_data:Object reference not set to an instance of an object.
12/23/2024 11:00:18 AM:DBManager:connection_data:Object reference not set to an instance of an object.
12/23/2024 11:00:18 AM:DBManager:connection_data:Object reference not set to an instance of an object.
12/23/2024 11:00:18 AM:DBManager:connection_data:Object reference not set to an instance of an object.
12/23/2024 11:00:18 AM:DBManager:connection_data:Object reference not set to an instance of an object.
12/23/2024 11:00:18 AM:DBManager:connection_data:Object reference not set to an instance of an object.
12/23/2024 11:00:18 AM:DBManager:connection_data:Object reference not set to an instance of an object.
12/23/2024 11:00:18 AM:DBManager:connection_data:Object reference not set to an instance of an object.
12/23/2024 11:00:18 AM:DBManager:connection_data:Object reference not set to an instance of an object.
12/23/2024 11:00:18 AM:DBManager:connection_data:Object reference not set to an instance of an object.
12/23/2024 11:00:18 AM:DBManager:connection_data:Object reference not set to an instance of an object.
12/23/2024 11:00:18 AM:DBManager:connection_data:Object reference not set to an instance of an object.
12/23/2024 11:00:18 AM:DBManager:connection_data:Object reference not set to an instance of an object.
12/23/2024 11:00:18 AM:DBManager:connection_data:Object reference not set to an instance of an object.
12/23/2024 11:00:18 AM:DBManager:connection_data:Object reference not set to an instance of an object.
12/23/2024 11:00:18 AM:DBManager:connection_data:Object reference not set to an instance of an object.
12/23/2024 11:00:18 AM:DBManager:connection_data:Object reference not set to an instance of an object.
12/23/2024 11:00:18 AM:DBManager:connection_data:Object reference not set to an instance of an object.
12/23/2024 11:00:18 AM:DBManager:connection_data:Object reference not set to an instance of an object.
12/23/2024 11:00:18 AM:DBManager:connection_data:Object reference not set to an instance of an object.
12/23/2024 11:00:18 AM:DBManager:connection_data:Object reference not set to an instance of an object.
12/23/2024 11:00:18 AM:DBManager:connection_data:Object reference not set to an instance of an object.
12/23/2024 11:00:18 AM:DBManager:connection_data:Object reference not set to an instance of an object.
12/23/2024 11:00:18 AM:DBManager:connection_data:Object reference not set to an instance of an object.
12/23/2024 11:00:18 AM:DBManager:connection_data:Object reference not set to an instance of an object.
12/23/2024 11:00:18 AM:DBManager:connection_data:Object reference not set to an instance of an object.
12/23/2024 11:00:18 AM:DBManager:connection_data:Object reference not set to an instance of an object.
12/23/2024 11:00:18 AM:DBManager:connection_data:Object reference not set to an instance of an object.
12/23/2024 11:00:18 AM:DBManager:connection_data:Object reference not set to an instance of an object.
12/23/2024 11:00:18 AM:DBManager:connection_data:Object reference not set to an instance of an object.
12/23/2024 11:00:18 AM:DBManager:connection_data:Object reference not set to an instance of an object.
12/23/2024 11:00:18 AM:DBManager:connection_data:Object reference not set to an instance of an object.
12/23/2024 11:00:18 AM:DBManager:connection_data:Object reference not set to an instance of an object.
12/23/2024 11:00:18 AM:DBManager:connection_data:Object reference not set to an instance of an object.
12/23/2024 11:00:18 AM:DBManager:connection_data:Object reference not set to an instance of an object.
12/23/2024 11:00:18 AM:DBManager:connection_data:Object reference not set to an instance of an object.
12/23/2024 11:00:18 AM:DBManager:connection_data:Object reference not set to an instance of an object.
12/23/2024 11:00:18 AM:DBManager:connection_data:Object reference not set to an instance of an object.
12/23/2024 11:00:18 AM:DBManager:connection_data:Object reference not set to an instance of an object.
12/23/2024 11:00:18 AM:DBManager:connection_data:Object reference not set to an instance of an object.
12/23/2024 11:00:18 AM:DBManager:connection_data:Object reference not set to an instance of an object.
12/23/2024 11:00:18 AM:DBManager:connection_data:Object reference not set to an instance of an object.
12/23/2024 11:00:18 AM:DBManager:connection_data:Object reference not set to an instance of an object.
12/23/2024 11:00:18 AM:DBManager:connection_data:Object reference not set to an instance of an object.
12/23/2024 11:00:18 AM:DBManager:connection_data:Object reference not set to an instance of an object.
12/23/2024 11:00:18 AM:DBManager:connection_data:Object reference not set to an instance of an object.
12/23/2024 11:00:18 AM:DBManager:connection_data:Object reference not set to an instance of an object.
12/23/2024 11:00:18 AM:DBManager:connection_data:Object reference not set to an instance of an object.
12/23/2024 11:00:18 AM:DBManager:connection_data:Object reference not set to an instance of an object.
12/23/2024 11:00:18 AM:DBManager:connection_data:Object reference not set to an instance of an object.
12/23/2024 11:00:18 AM:DBManager:connection_data:Object reference not set to an instance of an object.
12/23/2024 11:00:18 AM:DBManager:connection_data:Object reference not set to an instance of an object.
12/23/2024 11:00:18 AM:DBManager:connection_data:Object reference not set to an instance of an object.
12/23/2024 11:00:18 AM:DBManager:connection_data:Object reference not set to an instance of an object.
12/23/2024 11:00:18 AM:DBManager:connection_data:Object reference not set to an instance of an object.
12/23/2024 11:00:18 AM:DBManager:connection_data:Object reference not set to an instance of an object.
12/23/2024 11:00:18 AM:DBManager:connection_data:Object reference not set to an instance of an object.
12/23/2024 11:00:18 AM:DBManager:connection_data:Object reference not set to an instance of an object.
12/23/2024 11:00:18 AM:DBManager:connection_data:Object reference not set to an instance of an object.
12/23/2024 11:00:18 AM:DBManager:connection_data:Object reference not set to an instance of an object.
12/23/2024 11:00:18 AM:DBManager:connection_data:Object reference not set to an instance of an object.
12/23/2024 11:00:18 AM:DBManager:connection_data:Object reference not set to an instance of an object.
12/23/2024 11:00:18 AM:DBManager:connection_data:Object reference not set to an instance of an object.
12/23/2024 11:00:18 AM:DBManager:connection_data:Object reference not set to an instance of an object.
12/23/2024 11:00:18 AM:DBManager:connection_data:Object reference not set to an instance of an object.
12/23/2024 11:00:18 AM:DBManager:connection_data:Object reference not set to an instance of an object.
12/23/2024 11:00:18 AM:DBManager:connection_data:Object reference not set to an instance of an object.
12/23/2024 11:00:18 AM:DBManager:connection_data:Object reference not set to an instance of an object.
12/23/2024 11:00:18 AM:DBManager:connection_data:Object reference not set to an instance of an object.
12/23/2024 11:00:18 AM:DBManager:connection_data:Object reference not set to an instance of an object.
12/23/2024 11:00:18 AM:DBManager:connection_data:Object reference not set to an instance of an object.
12/23/2024 11:00:18 AM:DBManager:connection_data:Object reference not set to an instance of an object.
12/23/2024 11:00:18 AM:DBManager:connection_data:Object reference not set to an instance of an object.
12/23/2024 11:00:18 AM:DBManager:connection_data:Object reference not set to an instance of an object.
12/23/2024 11:00:18 AM:DBManager:connection_data:Object reference not set to an instance of an object.
12/23/2024 11:00:18 AM:DBManager:connection_data:Object reference not set to an instance of an object.
23/12/2024 11:00:18 AM:MasterPage:Page_Init:Thread was being aborted.
12/23/2024 11:00:18 AM:DBManager:connection_data:Object reference not set to an instance of an object.
12/23/2024 11:00:18 AM:DBManager:connection_data:Object reference not set to an instance of an object.
12/23/2024 11:00:18 AM:DBManager:connection_data:Object reference not set to an instance of an object.
23/12/2024 11:00:18 AM:SignIn:btnLogIn_Click:test
12/23/2024 6:25:17 PM:DBManager:connection_data:Object reference not set to an instance of an object.
12/23/2024 6:25:17 PM:DBManager:connection_data:Object reference not set to an instance of an object.
23/12/2024 6:25:26 PM:Send_mail_APK:Send_mail_function:Column 'Service_charges' does not belong to table .
23/12/2024 6:25:47 PM:Send_mail_APK:Send_mail_function:A network-related or instance-specific error occurred while establishing a connection to SQL Server. The server was not found or was not accessible. Verify that the instance name is correct and that SQL Server is configured to allow remote connections. (provider: SQL Network Interfaces, error: 26 - Error Locating Server/Instance Specified)
12/23/2024 6:28:15 PM:DBManager:connection_data:Object reference not set to an instance of an object.
12/23/2024 6:28:15 PM:DBManager:connection_data:Object reference not set to an instance of an object.
12/23/2024 6:28:15 PM:DBManager:connection_data:Object reference not set to an instance of an object.
23/12/2024 6:28:15 PM:SignIn:btnLogIn_Click:test
12/23/2024 6:29:33 PM:DBManager:connection_data:Object reference not set to an instance of an object.
12/23/2024 6:29:36 PM:DBManager:connection_data:Object reference not set to an instance of an object.
23/12/2024 6:29:42 PM:Send_mail_APK:Send_mail_function:Column 'Service_charges' does not belong to table .
12/23/2024 6:29:48 PM:DBManager:connection_data:Object reference not set to an instance of an object.
12/23/2024 6:29:48 PM:DBManager:connection_data:Object reference not set to an instance of an object.
23/12/2024 6:30:05 PM:Send_mail_APK:Send_mail_function:A network-related or instance-specific error occurred while establishing a connection to SQL Server. The server was not found or was not accessible. Verify that the instance name is correct and that SQL Server is configured to allow remote connections. (provider: SQL Network Interfaces, error: 26 - Error Locating Server/Instance Specified)
23/12/2024 6:30:19 PM:Send_mail_APK:Send_mail_function:Column 'Service_charges' does not belong to table .
12/23/2024 6:31:32 PM:DBManager:connection_data:Object reference not set to an instance of an object.
23/12/2024 6:31:32 PM:Send_mail_APK:Send_mail_function:A network-related or instance-specific error occurred while establishing a connection to SQL Server. The server was not found or was not accessible. Verify that the instance name is correct and that SQL Server is configured to allow remote connections. (provider: SQL Network Interfaces, error: 26 - Error Locating Server/Instance Specified)
12/23/2024 6:31:35 PM:DBManager:connection_data:Object reference not set to an instance of an object.
23/12/2024 6:31:41 PM:Send_mail_APK:Send_mail_function:Column 'Service_charges' does not belong to table .
12/23/2024 6:31:44 PM:DBManager:connection_data:Object reference not set to an instance of an object.
12/23/2024 6:31:46 PM:DBManager:connection_data:Object reference not set to an instance of an object.
23/12/2024 6:32:07 PM:Send_mail_APK:Send_mail_function:A network-related or instance-specific error occurred while establishing a connection to SQL Server. The server was not found or was not accessible. Verify that the instance name is correct and that SQL Server is configured to allow remote connections. (provider: SQL Network Interfaces, error: 26 - Error Locating Server/Instance Specified)
12/23/2024 6:32:11 PM:DBManager:connection_data:Object reference not set to an instance of an object.
12/23/2024 6:32:14 PM:DBManager:connection_data:Object reference not set to an instance of an object.
23/12/2024 6:32:17 PM:Send_mail_APK:Send_mail_function:Column 'Service_charges' does not belong to table .
23/12/2024 6:32:35 PM:Send_mail_APK:Send_mail_function:A network-related or instance-specific error occurred while establishing a connection to SQL Server. The server was not found or was not accessible. Verify that the instance name is correct and that SQL Server is configured to allow remote connections. (provider: SQL Network Interfaces, error: 26 - Error Locating Server/Instance Specified)
12/23/2024 6:32:44 PM:DBManager:connection_data:Object reference not set to an instance of an object.
23/12/2024 6:32:44 PM:Send_mail_APK:Send_mail_function:Column 'Service_charges' does not belong to table .
12/23/2024 6:32:44 PM:DBManager:connection_data:Object reference not set to an instance of an object.
23/12/2024 6:33:02 PM:Send_mail_APK:Send_mail_function:A network-related or instance-specific error occurred while establishing a connection to SQL Server. The server was not found or was not accessible. Verify that the instance name is correct and that SQL Server is configured to allow remote connections. (provider: SQL Network Interfaces, error: 26 - Error Locating Server/Instance Specified)
23/12/2024 6:33:08 PM:Send_mail_APK:Send_mail_function:Column 'Service_charges' does not belong to table .
23/12/2024 6:33:26 PM:Send_mail_APK:Send_mail_function:A network-related or instance-specific error occurred while establishing a connection to SQL Server. The server was not found or was not accessible. Verify that the instance name is correct and that SQL Server is configured to allow remote connections. (provider: SQL Network Interfaces, error: 26 - Error Locating Server/Instance Specified)
12/23/2024 6:33:48 PM:DBManager:connection_data:Object reference not set to an instance of an object.
12/23/2024 6:33:51 PM:DBManager:connection_data:Object reference not set to an instance of an object.
23/12/2024 6:34:00 PM:Send_mail_APK:Send_mail_function:Column 'Service_charges' does not belong to table .
12/23/2024 6:34:02 PM:DBManager:connection_data:Object reference not set to an instance of an object.
12/23/2024 6:34:06 PM:DBManager:connection_data:Object reference not set to an instance of an object.
12/23/2024 6:34:20 PM:DBManager:connection_data:Object reference not set to an instance of an object.
23/12/2024 6:34:22 PM:Send_mail_APK:Send_mail_function:A network-related or instance-specific error occurred while establishing a connection to SQL Server. The server was not found or was not accessible. Verify that the instance name is correct and that SQL Server is configured to allow remote connections. (provider: SQL Network Interfaces, error: 26 - Error Locating Server/Instance Specified)
12/23/2024 6:34:23 PM:DBManager:connection_data:Object reference not set to an instance of an object.
23/12/2024 6:34:27 PM:Send_mail_APK:Send_mail_function:Column 'Service_charges' does not belong to table .
23/12/2024 6:35:23 PM:Send_mail_APK:Send_mail_function:A network-related or instance-specific error occurred while establishing a connection to SQL Server. The server was not found or was not accessible. Verify that the instance name is correct and that SQL Server is configured to allow remote connections. (provider: SQL Network Interfaces, error: 26 - Error Locating Server/Instance Specified)
12/23/2024 6:35:26 PM:DBManager:connection_data:Object reference not set to an instance of an object.
12/23/2024 6:35:29 PM:DBManager:connection_data:Object reference not set to an instance of an object.
23/12/2024 6:35:40 PM:Send_mail_APK:Send_mail_function:Column 'Service_charges' does not belong to table .
23/12/2024 6:35:59 PM:Send_mail_APK:Send_mail_function:A network-related or instance-specific error occurred while establishing a connection to SQL Server. The server was not found or was not accessible. Verify that the instance name is correct and that SQL Server is configured to allow remote connections. (provider: SQL Network Interfaces, error: 26 - Error Locating Server/Instance Specified)
23/12/2024 6:52:53 PM:Send_mail_APK:Send_mail_function:A network-related or instance-specific error occurred while establishing a connection to SQL Server. The server was not found or was not accessible. Verify that the instance name is correct and that SQL Server is configured to allow remote connections. (provider: SQL Network Interfaces, error: 26 - Error Locating Server/Instance Specified)
12/23/2024 6:53:14 PM:DBManager:connection_data:Object reference not set to an instance of an object.
12/23/2024 6:53:18 PM:DBManager:connection_data:Object reference not set to an instance of an object.
23/12/2024 6:53:42 PM:Send_mail_APK:Send_mail_function:A network-related or instance-specific error occurred while establishing a connection to SQL Server. The server was not found or was not accessible. Verify that the instance name is correct and that SQL Server is configured to allow remote connections. (provider: SQL Network Interfaces, error: 26 - Error Locating Server/Instance Specified)
12/23/2024 6:54:40 PM:DBManager:connection_data:Object reference not set to an instance of an object.
12/23/2024 6:54:43 PM:DBManager:connection_data:Object reference not set to an instance of an object.
12/23/2024 6:54:54 PM:DBManager:connection_data:Object reference not set to an instance of an object.
12/23/2024 6:54:57 PM:DBManager:connection_data:Object reference not set to an instance of an object.
12/23/2024 6:55:09 PM:DBManager:connection_data:Object reference not set to an instance of an object.
23/12/2024 6:55:09 PM:Send_mail_APK:Send_mail_function:A network-related or instance-specific error occurred while establishing a connection to SQL Server. The server was not found or was not accessible. Verify that the instance name is correct and that SQL Server is configured to allow remote connections. (provider: SQL Network Interfaces, error: 26 - Error Locating Server/Instance Specified)
12/23/2024 6:55:16 PM:DBManager:connection_data:Object reference not set to an instance of an object.
12/23/2024 6:55:30 PM:DBManager:connection_data:Object reference not set to an instance of an object.
23/12/2024 6:55:33 PM:Send_mail_APK:Send_mail_function:A network-related or instance-specific error occurred while establishing a connection to SQL Server. The server was not found or was not accessible. Verify that the instance name is correct and that SQL Server is configured to allow remote connections. (provider: SQL Network Interfaces, error: 26 - Error Locating Server/Instance Specified)
12/23/2024 6:55:36 PM:DBManager:connection_data:Object reference not set to an instance of an object.
23/12/2024 6:55:59 PM:Send_mail_APK:Send_mail_function:A network-related or instance-specific error occurred while establishing a connection to SQL Server. The server was not found or was not accessible. Verify that the instance name is correct and that SQL Server is configured to allow remote connections. (provider: SQL Network Interfaces, error: 26 - Error Locating Server/Instance Specified)
12/23/2024 6:56:04 PM:DBManager:connection_data:Object reference not set to an instance of an object.
12/23/2024 6:56:07 PM:DBManager:connection_data:Object reference not set to an instance of an object.
12/23/2024 6:56:17 PM:DBManager:connection_data:Object reference not set to an instance of an object.
12/23/2024 6:56:21 PM:DBManager:connection_data:Object reference not set to an instance of an object.
23/12/2024 6:56:25 PM:Send_mail_APK:Send_mail_function:A network-related or instance-specific error occurred while establishing a connection to SQL Server. The server was not found or was not accessible. Verify that the instance name is correct and that SQL Server is configured to allow remote connections. (provider: SQL Network Interfaces, error: 26 - Error Locating Server/Instance Specified)
12/23/2024 6:56:37 PM:DBManager:connection_data:Object reference not set to an instance of an object.
12/23/2024 6:56:40 PM:DBManager:connection_data:Object reference not set to an instance of an object.
12/23/2024 6:56:50 PM:DBManager:connection_data:Object reference not set to an instance of an object.
12/23/2024 6:56:51 PM:DBManager:connection_data:Object reference not set to an instance of an object.
23/12/2024 6:56:55 PM:Send_mail_APK:Send_mail_function:A network-related or instance-specific error occurred while establishing a connection to SQL Server. The server was not found or was not accessible. Verify that the instance name is correct and that SQL Server is configured to allow remote connections. (provider: SQL Network Interfaces, error: 26 - Error Locating Server/Instance Specified)
12/23/2024 6:57:10 PM:DBManager:connection_data:Object reference not set to an instance of an object.
12/23/2024 6:57:11 PM:DBManager:connection_data:Object reference not set to an instance of an object.
23/12/2024 6:57:15 PM:Send_mail_APK:Send_mail_function:A network-related or instance-specific error occurred while establishing a connection to SQL Server. The server was not found or was not accessible. Verify that the instance name is correct and that SQL Server is configured to allow remote connections. (provider: SQL Network Interfaces, error: 26 - Error Locating Server/Instance Specified)
23/12/2024 6:58:48 PM:Send_mail_APK:Send_mail_function:A network-related or instance-specific error occurred while establishing a connection to SQL Server. The server was not found or was not accessible. Verify that the instance name is correct and that SQL Server is configured to allow remote connections. (provider: SQL Network Interfaces, error: 26 - Error Locating Server/Instance Specified)
23/12/2024 7:00:37 PM:Send_mail_APK:Send_mail_function:A network-related or instance-specific error occurred while establishing a connection to SQL Server. The server was not found or was not accessible. Verify that the instance name is correct and that SQL Server is configured to allow remote connections. (provider: SQL Network Interfaces, error: 26 - Error Locating Server/Instance Specified)
23/12/2024 7:03:15 PM:Send_mail_APK:Send_mail_function:Column 'Service_charges' does not belong to table .
23/12/2024 7:03:48 PM:Send_mail_APK:Send_mail_function:A network-related or instance-specific error occurred while establishing a connection to SQL Server. The server was not found or was not accessible. Verify that the instance name is correct and that SQL Server is configured to allow remote connections. (provider: SQL Network Interfaces, error: 26 - Error Locating Server/Instance Specified)
12/23/2024 7:04:06 PM:DBManager:connection_data:Object reference not set to an instance of an object.
12/23/2024 7:04:10 PM:DBManager:connection_data:Object reference not set to an instance of an object.
23/12/2024 7:06:01 PM:Send_mail_APK:email_id:matt@tenderpos.com
23/12/2024 7:06:36 PM:Send_mail_APK:email_id:matt@tenderpos.com
23/12/2024 7:07:32 PM:Send_mail_APK:Send_mail_function:A network-related or instance-specific error occurred while establishing a connection to SQL Server. The server was not found or was not accessible. Verify that the instance name is correct and that SQL Server is configured to allow remote connections. (provider: SQL Network Interfaces, error: 26 - Error Locating Server/Instance Specified)
