25-01-2023 16:29:03:DBManager:connection_data:Object reference not set to an instance of an object.
25-01-2023 16:29:03:DBManager:connection_data:Object reference not set to an instance of an object.
25-01-2023 16:29:03:DBManager:connection_data:Object reference not set to an instance of an object.
25-01-2023 16:29:03:DBManager:connection_data:Object reference not set to an instance of an object.
25-01-2023 16:29:03:DBManager:connection_data:Object reference not set to an instance of an object.
25-01-2023 16:29:03:DBManager:connection_data:Object reference not set to an instance of an object.
25-01-2023 16:29:03:DBManager:connection_data:Object reference not set to an instance of an object.
25-01-2023 16:29:03:DBManager:connection_data:Object reference not set to an instance of an object.
25-01-2023 16:29:03:DBManager:connection_data:Object reference not set to an instance of an object.
25-01-2023 16:29:03:DBManager:connection_data:Object reference not set to an instance of an object.
25-01-2023 16:29:03:DBManager:connection_data:Object reference not set to an instance of an object.
25-01-2023 16:29:03:DBManager:connection_data:Object reference not set to an instance of an object.
25-01-2023 16:29:03:DBManager:connection_data:Object reference not set to an instance of an object.
25-01-2023 16:29:03:DBManager:connection_data:Object reference not set to an instance of an object.
25-01-2023 16:29:03:DBManager:connection_data:Object reference not set to an instance of an object.
25-01-2023 16:29:03:DBManager:connection_data:Object reference not set to an instance of an object.
25-01-2023 16:29:03:DBManager:connection_data:Object reference not set to an instance of an object.
25-01-2023 16:29:03:DBManager:connection_data:Object reference not set to an instance of an object.
25-01-2023 16:29:03:DBManager:connection_data:Object reference not set to an instance of an object.
25-01-2023 16:29:03:DBManager:connection_data:Object reference not set to an instance of an object.
25-01-2023 16:29:03:DBManager:connection_data:Object reference not set to an instance of an object.
25-01-2023 16:29:03:DBManager:connection_data:Object reference not set to an instance of an object.
25-01-2023 16:29:03:DBManager:connection_data:Object reference not set to an instance of an object.
25-01-2023 16:29:03:DBManager:connection_data:Object reference not set to an instance of an object.
25-01-2023 16:29:03:DBManager:connection_data:Object reference not set to an instance of an object.
25-01-2023 16:29:03:DBManager:connection_data:Object reference not set to an instance of an object.
25-01-2023 16:29:03:DBManager:connection_data:Object reference not set to an instance of an object.
25-01-2023 16:29:03:DBManager:connection_data:Object reference not set to an instance of an object.
25-01-2023 16:29:03:DBManager:connection_data:Object reference not set to an instance of an object.
25-01-2023 16:29:03:DBManager:connection_data:Object reference not set to an instance of an object.
25-01-2023 16:29:03:DBManager:connection_data:Object reference not set to an instance of an object.
25-01-2023 16:29:03:DBManager:connection_data:Object reference not set to an instance of an object.
25-01-2023 16:29:03:DBManager:connection_data:Object reference not set to an instance of an object.
25-01-2023 16:29:03:DBManager:connection_data:Object reference not set to an instance of an object.
25-01-2023 16:29:03:DBManager:connection_data:Object reference not set to an instance of an object.
25-01-2023 16:29:03:DBManager:connection_data:Object reference not set to an instance of an object.
25-01-2023 16:29:03:DBManager:connection_data:Object reference not set to an instance of an object.
25-01-2023 16:29:03:DBManager:connection_data:Object reference not set to an instance of an object.
25-01-2023 16:29:03:DBManager:connection_data:Object reference not set to an instance of an object.
25-01-2023 16:29:03:DBManager:connection_data:Object reference not set to an instance of an object.
25-01-2023 16:29:03:DBManager:connection_data:Object reference not set to an instance of an object.
25-01-2023 16:29:03:DBManager:connection_data:Object reference not set to an instance of an object.
25-01-2023 16:29:03:DBManager:connection_data:Object reference not set to an instance of an object.
25-01-2023 16:29:03:DBManager:connection_data:Object reference not set to an instance of an object.
25-01-2023 16:29:03:DBManager:connection_data:Object reference not set to an instance of an object.
25-01-2023 16:29:03:DBManager:connection_data:Object reference not set to an instance of an object.
25-01-2023 16:29:03:DBManager:connection_data:Object reference not set to an instance of an object.
25-01-2023 16:29:03:DBManager:connection_data:Object reference not set to an instance of an object.
25-01-2023 16:29:03:DBManager:connection_data:Object reference not set to an instance of an object.
25-01-2023 16:29:03:DBManager:connection_data:Object reference not set to an instance of an object.
25-01-2023 16:29:03:DBManager:connection_data:Object reference not set to an instance of an object.
25-01-2023 16:29:03:DBManager:connection_data:Object reference not set to an instance of an object.
25-01-2023 16:29:03:DBManager:connection_data:Object reference not set to an instance of an object.
25-01-2023 16:29:03:DBManager:connection_data:Object reference not set to an instance of an object.
25-01-2023 16:29:03:DBManager:connection_data:Object reference not set to an instance of an object.
25-01-2023 16:29:03:DBManager:connection_data:Object reference not set to an instance of an object.
25-01-2023 16:29:03:DBManager:connection_data:Object reference not set to an instance of an object.
25-01-2023 16:29:03:DBManager:connection_data:Object reference not set to an instance of an object.
25-01-2023 16:29:03:DBManager:connection_data:Object reference not set to an instance of an object.
25-01-2023 16:29:03:DBManager:connection_data:Object reference not set to an instance of an object.
25-01-2023 16:29:03:DBManager:connection_data:Object reference not set to an instance of an object.
25-01-2023 16:29:03:DBManager:connection_data:Object reference not set to an instance of an object.
25-01-2023 16:29:03:DBManager:connection_data:Object reference not set to an instance of an object.
25-01-2023 16:29:03:DBManager:connection_data:Object reference not set to an instance of an object.
25-01-2023 16:29:03:DBManager:connection_data:Object reference not set to an instance of an object.
25-01-2023 16:29:03:DBManager:connection_data:Object reference not set to an instance of an object.
25-01-2023 16:29:03:DBManager:connection_data:Object reference not set to an instance of an object.
25-01-2023 16:29:03:DBManager:connection_data:Object reference not set to an instance of an object.
25-01-2023 16:29:03:DBManager:connection_data:Object reference not set to an instance of an object.
25-01-2023 16:29:03:DBManager:connection_data:Object reference not set to an instance of an object.
25-01-2023 16:29:03:DBManager:connection_data:Object reference not set to an instance of an object.
25-01-2023 16:29:03:DBManager:connection_data:Object reference not set to an instance of an object.
25-01-2023 16:29:03:DBManager:connection_data:Object reference not set to an instance of an object.
25-01-2023 16:29:03:DBManager:connection_data:Object reference not set to an instance of an object.
25-01-2023 16:29:03:DBManager:connection_data:Object reference not set to an instance of an object.
25-01-2023 16:29:03:DBManager:connection_data:Object reference not set to an instance of an object.
25-01-2023 16:29:03:DBManager:connection_data:Object reference not set to an instance of an object.
25-01-2023 16:29:03:DBManager:connection_data:Object reference not set to an instance of an object.
25-01-2023 16:29:03:DBManager:connection_data:Object reference not set to an instance of an object.
25-01-2023 16:29:03:DBManager:connection_data:Object reference not set to an instance of an object.
25-01-2023 16:29:03:DBManager:connection_data:Object reference not set to an instance of an object.
25-01-2023 16:29:03:DBManager:connection_data:Object reference not set to an instance of an object.
25-01-2023 16:29:03:DBManager:connection_data:Object reference not set to an instance of an object.
25-01-2023 16:29:03:DBManager:connection_data:Object reference not set to an instance of an object.
25-01-2023 16:29:03:DBManager:connection_data:Object reference not set to an instance of an object.
25-01-2023 16:29:03:DBManager:connection_data:Object reference not set to an instance of an object.
25/01/2023 4:29:03 PM:MasterPage:Page_Init:Thread was being aborted.
25-01-2023 16:29:04:DBManager:connection_data:Object reference not set to an instance of an object.
25-01-2023 16:29:04:DBManager:connection_data:Object reference not set to an instance of an object.
25-01-2023 16:29:04:DBManager:connection_data:Object reference not set to an instance of an object.
25/01/2023 4:29:04 PM:SignIn:btnLogIn_Click:test
25-01-2023 16:29:33:DBManager:connection_data:Object reference not set to an instance of an object.
25-01-2023 16:29:33:DBManager:connection_data:Object reference not set to an instance of an object.
25-01-2023 16:29:33:DBManager:connection_data:Object reference not set to an instance of an object.
25/01/2023 4:29:33 PM:SignIn:btnLogIn_Click:test
25/01/2023 4:29:33 PM:SignIn:btnLogIn_Click4:
25/01/2023 4:29:33 PM:SignIn:btnLogIn_Click5:
25/01/2023 4:29:33 PM:SignIn:btnLogIn_Click7:
25/01/2023 4:29:33 PM:SignIn:btnLogIn_Click8:
25/01/2023 4:29:33 PM:ClsDataccess:Getdatatable:The ConnectionString property has not been initialized.
25-01-2023 16:29:34:DBManager:connection_data:Object reference not set to an instance of an object.
25-01-2023 16:29:34:DBManager:connection_data:Object reference not set to an instance of an object.
25-01-2023 16:29:34:DBManager:connection_data:Object reference not set to an instance of an object.
25-01-2023 16:29:34:DBManager:connection_data:Object reference not set to an instance of an object.
25-01-2023 16:29:34:DBManager:connection_data:Object reference not set to an instance of an object.
25-01-2023 16:29:34:DBManager:connection_data:Object reference not set to an instance of an object.
25-01-2023 16:29:34:DBManager:connection_data:Object reference not set to an instance of an object.
25-01-2023 16:29:34:DBManager:connection_data:Object reference not set to an instance of an object.
25-01-2023 16:29:34:DBManager:connection_data:Object reference not set to an instance of an object.
25-01-2023 16:29:34:DBManager:connection_data:Object reference not set to an instance of an object.
25-01-2023 16:29:34:DBManager:connection_data:Object reference not set to an instance of an object.
25-01-2023 16:29:34:DBManager:connection_data:Object reference not set to an instance of an object.
25-01-2023 16:29:34:DBManager:connection_data:Object reference not set to an instance of an object.
25-01-2023 16:29:34:DBManager:connection_data:Object reference not set to an instance of an object.
25-01-2023 16:29:34:DBManager:connection_data:Object reference not set to an instance of an object.
25-01-2023 16:29:34:DBManager:connection_data:Object reference not set to an instance of an object.
25-01-2023 16:29:34:DBManager:connection_data:Object reference not set to an instance of an object.
25-01-2023 16:29:34:DBManager:connection_data:Object reference not set to an instance of an object.
25-01-2023 16:29:34:DBManager:connection_data:Object reference not set to an instance of an object.
25-01-2023 16:29:34:DBManager:connection_data:Object reference not set to an instance of an object.
25-01-2023 16:29:34:DBManager:connection_data:Object reference not set to an instance of an object.
25-01-2023 16:29:34:DBManager:connection_data:Object reference not set to an instance of an object.
25-01-2023 16:29:34:DBManager:connection_data:Object reference not set to an instance of an object.
25-01-2023 16:29:34:DBManager:connection_data:Object reference not set to an instance of an object.
25-01-2023 16:29:34:DBManager:connection_data:Object reference not set to an instance of an object.
25-01-2023 16:29:34:DBManager:connection_data:Object reference not set to an instance of an object.
25-01-2023 16:29:34:DBManager:connection_data:Object reference not set to an instance of an object.
25-01-2023 16:29:34:DBManager:connection_data:Object reference not set to an instance of an object.
25-01-2023 16:29:34:DBManager:connection_data:Object reference not set to an instance of an object.
25-01-2023 16:29:34:DBManager:connection_data:Object reference not set to an instance of an object.
25-01-2023 16:29:34:DBManager:connection_data:Object reference not set to an instance of an object.
25-01-2023 16:29:34:DBManager:connection_data:Object reference not set to an instance of an object.
25-01-2023 16:29:34:DBManager:connection_data:Object reference not set to an instance of an object.
25-01-2023 16:29:34:DBManager:connection_data:Object reference not set to an instance of an object.
25-01-2023 16:29:34:DBManager:connection_data:Object reference not set to an instance of an object.
25-01-2023 16:29:34:DBManager:connection_data:Object reference not set to an instance of an object.
25-01-2023 16:29:34:DBManager:connection_data:Object reference not set to an instance of an object.
25-01-2023 16:29:34:DBManager:connection_data:Object reference not set to an instance of an object.
25-01-2023 16:29:34:DBManager:connection_data:Object reference not set to an instance of an object.
25-01-2023 16:29:34:DBManager:connection_data:Object reference not set to an instance of an object.
25-01-2023 16:29:34:DBManager:connection_data:Object reference not set to an instance of an object.
25-01-2023 16:29:34:DBManager:connection_data:Object reference not set to an instance of an object.
25-01-2023 16:29:34:DBManager:connection_data:Object reference not set to an instance of an object.
25-01-2023 16:29:34:DBManager:connection_data:Object reference not set to an instance of an object.
25-01-2023 16:29:34:DBManager:connection_data:Object reference not set to an instance of an object.
25-01-2023 16:29:34:DBManager:connection_data:Object reference not set to an instance of an object.
25-01-2023 16:29:34:DBManager:connection_data:Object reference not set to an instance of an object.
25-01-2023 16:29:34:DBManager:connection_data:Object reference not set to an instance of an object.
25-01-2023 16:29:34:DBManager:connection_data:Object reference not set to an instance of an object.
25-01-2023 16:29:34:DBManager:connection_data:Object reference not set to an instance of an object.
25-01-2023 16:29:34:DBManager:connection_data:Object reference not set to an instance of an object.
25-01-2023 16:29:34:DBManager:connection_data:Object reference not set to an instance of an object.
25-01-2023 16:29:34:DBManager:connection_data:Object reference not set to an instance of an object.
25-01-2023 16:29:34:DBManager:connection_data:Object reference not set to an instance of an object.
25-01-2023 16:29:34:DBManager:connection_data:Object reference not set to an instance of an object.
25-01-2023 16:29:34:DBManager:connection_data:Object reference not set to an instance of an object.
25-01-2023 16:29:34:DBManager:connection_data:Object reference not set to an instance of an object.
25-01-2023 16:29:34:DBManager:connection_data:Object reference not set to an instance of an object.
25-01-2023 16:29:34:DBManager:connection_data:Object reference not set to an instance of an object.
25-01-2023 16:29:34:DBManager:connection_data:Object reference not set to an instance of an object.
25-01-2023 16:29:34:DBManager:connection_data:Object reference not set to an instance of an object.
25-01-2023 16:29:34:DBManager:connection_data:Object reference not set to an instance of an object.
25-01-2023 16:29:34:DBManager:connection_data:Object reference not set to an instance of an object.
25-01-2023 16:29:34:DBManager:connection_data:Object reference not set to an instance of an object.
25-01-2023 16:29:34:DBManager:connection_data:Object reference not set to an instance of an object.
25-01-2023 16:29:34:DBManager:connection_data:Object reference not set to an instance of an object.
25-01-2023 16:29:34:DBManager:connection_data:Object reference not set to an instance of an object.
25-01-2023 16:29:34:DBManager:connection_data:Object reference not set to an instance of an object.
25-01-2023 16:29:34:DBManager:connection_data:Object reference not set to an instance of an object.
25-01-2023 16:29:34:DBManager:connection_data:Object reference not set to an instance of an object.
25-01-2023 16:29:34:DBManager:connection_data:Object reference not set to an instance of an object.
25-01-2023 16:29:34:DBManager:connection_data:Object reference not set to an instance of an object.
25-01-2023 16:29:34:DBManager:connection_data:Object reference not set to an instance of an object.
25-01-2023 16:29:34:DBManager:connection_data:Object reference not set to an instance of an object.
25-01-2023 16:29:34:DBManager:connection_data:Object reference not set to an instance of an object.
25-01-2023 16:29:34:DBManager:connection_data:Object reference not set to an instance of an object.
25-01-2023 16:29:34:DBManager:connection_data:Object reference not set to an instance of an object.
25-01-2023 16:31:51:DBManager:connection_data:Object reference not set to an instance of an object.
25-01-2023 16:31:51:DBManager:connection_data:Object reference not set to an instance of an object.
25-01-2023 16:31:51:DBManager:connection_data:Object reference not set to an instance of an object.
25/01/2023 4:31:51 PM:SignIn:btnLogIn_Click:test
25-01-2023 16:32:00:DBManager:connection_data:Object reference not set to an instance of an object.
25-01-2023 16:32:00:DBManager:connection_data:Object reference not set to an instance of an object.
25-01-2023 16:32:00:DBManager:connection_data:Object reference not set to an instance of an object.
25/01/2023 4:32:00 PM:SignIn:btnLogIn_Click:test
25/01/2023 4:32:00 PM:SignIn:btnLogIn_Click4:
25/01/2023 4:32:00 PM:SignIn:btnLogIn_Click5:
25/01/2023 4:32:00 PM:SignIn:btnLogIn_Click7:
25/01/2023 4:32:01 PM:SignIn:btnLogIn_Click8:
25/01/2023 4:32:01 PM:ClsDataccess:Getdatatable:The ConnectionString property has not been initialized.
25-01-2023 16:32:01:DBManager:connection_data:Object reference not set to an instance of an object.
25-01-2023 16:32:01:DBManager:connection_data:Object reference not set to an instance of an object.
25-01-2023 16:32:01:DBManager:connection_data:Object reference not set to an instance of an object.
25-01-2023 16:32:01:DBManager:connection_data:Object reference not set to an instance of an object.
25-01-2023 16:32:01:DBManager:connection_data:Object reference not set to an instance of an object.
25-01-2023 16:32:01:DBManager:connection_data:Object reference not set to an instance of an object.
25-01-2023 16:32:01:DBManager:connection_data:Object reference not set to an instance of an object.
25-01-2023 16:32:01:DBManager:connection_data:Object reference not set to an instance of an object.
25-01-2023 16:32:01:DBManager:connection_data:Object reference not set to an instance of an object.
25-01-2023 16:32:01:DBManager:connection_data:Object reference not set to an instance of an object.
25-01-2023 16:32:01:DBManager:connection_data:Object reference not set to an instance of an object.
25-01-2023 16:32:01:DBManager:connection_data:Object reference not set to an instance of an object.
25-01-2023 16:32:01:DBManager:connection_data:Object reference not set to an instance of an object.
25-01-2023 16:32:01:DBManager:connection_data:Object reference not set to an instance of an object.
25-01-2023 16:32:01:DBManager:connection_data:Object reference not set to an instance of an object.
25-01-2023 16:32:01:DBManager:connection_data:Object reference not set to an instance of an object.
25-01-2023 16:32:01:DBManager:connection_data:Object reference not set to an instance of an object.
25-01-2023 16:32:01:DBManager:connection_data:Object reference not set to an instance of an object.
25-01-2023 16:32:01:DBManager:connection_data:Object reference not set to an instance of an object.
25-01-2023 16:32:01:DBManager:connection_data:Object reference not set to an instance of an object.
25-01-2023 16:32:01:DBManager:connection_data:Object reference not set to an instance of an object.
25-01-2023 16:32:01:DBManager:connection_data:Object reference not set to an instance of an object.
25-01-2023 16:32:01:DBManager:connection_data:Object reference not set to an instance of an object.
25-01-2023 16:32:01:DBManager:connection_data:Object reference not set to an instance of an object.
25-01-2023 16:32:01:DBManager:connection_data:Object reference not set to an instance of an object.
25-01-2023 16:32:01:DBManager:connection_data:Object reference not set to an instance of an object.
25-01-2023 16:32:01:DBManager:connection_data:Object reference not set to an instance of an object.
25-01-2023 16:32:01:DBManager:connection_data:Object reference not set to an instance of an object.
25-01-2023 16:32:01:DBManager:connection_data:Object reference not set to an instance of an object.
25-01-2023 16:32:01:DBManager:connection_data:Object reference not set to an instance of an object.
25-01-2023 16:32:01:DBManager:connection_data:Object reference not set to an instance of an object.
25-01-2023 16:32:01:DBManager:connection_data:Object reference not set to an instance of an object.
25-01-2023 16:32:01:DBManager:connection_data:Object reference not set to an instance of an object.
25-01-2023 16:32:01:DBManager:connection_data:Object reference not set to an instance of an object.
25-01-2023 16:32:01:DBManager:connection_data:Object reference not set to an instance of an object.
25-01-2023 16:32:01:DBManager:connection_data:Object reference not set to an instance of an object.
25-01-2023 16:32:01:DBManager:connection_data:Object reference not set to an instance of an object.
25-01-2023 16:32:01:DBManager:connection_data:Object reference not set to an instance of an object.
25-01-2023 16:32:01:DBManager:connection_data:Object reference not set to an instance of an object.
25-01-2023 16:32:01:DBManager:connection_data:Object reference not set to an instance of an object.
25-01-2023 16:32:01:DBManager:connection_data:Object reference not set to an instance of an object.
25-01-2023 16:32:01:DBManager:connection_data:Object reference not set to an instance of an object.
25-01-2023 16:32:01:DBManager:connection_data:Object reference not set to an instance of an object.
25-01-2023 16:32:01:DBManager:connection_data:Object reference not set to an instance of an object.
25-01-2023 16:32:01:DBManager:connection_data:Object reference not set to an instance of an object.
25-01-2023 16:32:01:DBManager:connection_data:Object reference not set to an instance of an object.
25-01-2023 16:32:01:DBManager:connection_data:Object reference not set to an instance of an object.
25-01-2023 16:32:01:DBManager:connection_data:Object reference not set to an instance of an object.
25-01-2023 16:32:01:DBManager:connection_data:Object reference not set to an instance of an object.
25-01-2023 16:32:01:DBManager:connection_data:Object reference not set to an instance of an object.
25-01-2023 16:32:01:DBManager:connection_data:Object reference not set to an instance of an object.
25-01-2023 16:32:01:DBManager:connection_data:Object reference not set to an instance of an object.
25-01-2023 16:32:01:DBManager:connection_data:Object reference not set to an instance of an object.
25-01-2023 16:32:01:DBManager:connection_data:Object reference not set to an instance of an object.
25-01-2023 16:32:01:DBManager:connection_data:Object reference not set to an instance of an object.
25-01-2023 16:32:01:DBManager:connection_data:Object reference not set to an instance of an object.
25-01-2023 16:32:01:DBManager:connection_data:Object reference not set to an instance of an object.
25-01-2023 16:32:01:DBManager:connection_data:Object reference not set to an instance of an object.
25-01-2023 16:32:01:DBManager:connection_data:Object reference not set to an instance of an object.
25-01-2023 16:32:01:DBManager:connection_data:Object reference not set to an instance of an object.
25-01-2023 16:32:01:DBManager:connection_data:Object reference not set to an instance of an object.
25-01-2023 16:32:01:DBManager:connection_data:Object reference not set to an instance of an object.
25-01-2023 16:32:01:DBManager:connection_data:Object reference not set to an instance of an object.
25-01-2023 16:32:01:DBManager:connection_data:Object reference not set to an instance of an object.
25-01-2023 16:32:01:DBManager:connection_data:Object reference not set to an instance of an object.
25-01-2023 16:32:01:DBManager:connection_data:Object reference not set to an instance of an object.
25-01-2023 16:32:01:DBManager:connection_data:Object reference not set to an instance of an object.
25-01-2023 16:32:01:DBManager:connection_data:Object reference not set to an instance of an object.
25-01-2023 16:32:01:DBManager:connection_data:Object reference not set to an instance of an object.
25-01-2023 16:32:01:DBManager:connection_data:Object reference not set to an instance of an object.
25-01-2023 16:32:01:DBManager:connection_data:Object reference not set to an instance of an object.
25-01-2023 16:32:01:DBManager:connection_data:Object reference not set to an instance of an object.
25-01-2023 16:32:01:DBManager:connection_data:Object reference not set to an instance of an object.
25-01-2023 16:32:01:DBManager:connection_data:Object reference not set to an instance of an object.
25-01-2023 16:32:01:DBManager:connection_data:Object reference not set to an instance of an object.
25-01-2023 16:32:01:DBManager:connection_data:Object reference not set to an instance of an object.
25-01-2023 16:32:01:DBManager:connection_data:Object reference not set to an instance of an object.
25-01-2023 16:40:06:DBManager:connection_data:Object reference not set to an instance of an object.
25-01-2023 16:40:06:DBManager:connection_data:Object reference not set to an instance of an object.
25-01-2023 16:40:06:DBManager:connection_data:Object reference not set to an instance of an object.
25-01-2023 16:40:06:DBManager:connection_data:Object reference not set to an instance of an object.
25-01-2023 16:40:06:DBManager:connection_data:Object reference not set to an instance of an object.
25-01-2023 16:40:06:DBManager:connection_data:Object reference not set to an instance of an object.
25-01-2023 16:40:06:DBManager:connection_data:Object reference not set to an instance of an object.
25-01-2023 16:40:06:DBManager:connection_data:Object reference not set to an instance of an object.
25-01-2023 16:40:06:DBManager:connection_data:Object reference not set to an instance of an object.
25-01-2023 16:40:06:DBManager:connection_data:Object reference not set to an instance of an object.
25-01-2023 16:40:06:DBManager:connection_data:Object reference not set to an instance of an object.
25-01-2023 16:40:06:DBManager:connection_data:Object reference not set to an instance of an object.
25-01-2023 16:40:06:DBManager:connection_data:Object reference not set to an instance of an object.
25-01-2023 16:40:06:DBManager:connection_data:Object reference not set to an instance of an object.
25-01-2023 16:40:06:DBManager:connection_data:Object reference not set to an instance of an object.
25-01-2023 16:40:06:DBManager:connection_data:Object reference not set to an instance of an object.
25-01-2023 16:40:06:DBManager:connection_data:Object reference not set to an instance of an object.
25-01-2023 16:40:06:DBManager:connection_data:Object reference not set to an instance of an object.
25-01-2023 16:40:06:DBManager:connection_data:Object reference not set to an instance of an object.
25-01-2023 16:40:06:DBManager:connection_data:Object reference not set to an instance of an object.
25-01-2023 16:40:06:DBManager:connection_data:Object reference not set to an instance of an object.
25-01-2023 16:40:06:DBManager:connection_data:Object reference not set to an instance of an object.
25-01-2023 16:40:06:DBManager:connection_data:Object reference not set to an instance of an object.
25-01-2023 16:40:06:DBManager:connection_data:Object reference not set to an instance of an object.
25-01-2023 16:40:06:DBManager:connection_data:Object reference not set to an instance of an object.
25-01-2023 16:40:06:DBManager:connection_data:Object reference not set to an instance of an object.
25-01-2023 16:40:06:DBManager:connection_data:Object reference not set to an instance of an object.
25-01-2023 16:40:06:DBManager:connection_data:Object reference not set to an instance of an object.
25-01-2023 16:40:06:DBManager:connection_data:Object reference not set to an instance of an object.
25-01-2023 16:40:06:DBManager:connection_data:Object reference not set to an instance of an object.
25-01-2023 16:40:06:DBManager:connection_data:Object reference not set to an instance of an object.
25-01-2023 16:40:06:DBManager:connection_data:Object reference not set to an instance of an object.
25-01-2023 16:40:06:DBManager:connection_data:Object reference not set to an instance of an object.
25-01-2023 16:40:06:DBManager:connection_data:Object reference not set to an instance of an object.
25-01-2023 16:40:06:DBManager:connection_data:Object reference not set to an instance of an object.
25-01-2023 16:40:06:DBManager:connection_data:Object reference not set to an instance of an object.
25-01-2023 16:40:06:DBManager:connection_data:Object reference not set to an instance of an object.
25-01-2023 16:40:06:DBManager:connection_data:Object reference not set to an instance of an object.
25-01-2023 16:40:06:DBManager:connection_data:Object reference not set to an instance of an object.
25-01-2023 16:40:06:DBManager:connection_data:Object reference not set to an instance of an object.
25-01-2023 16:40:06:DBManager:connection_data:Object reference not set to an instance of an object.
25-01-2023 16:40:06:DBManager:connection_data:Object reference not set to an instance of an object.
25-01-2023 16:40:06:DBManager:connection_data:Object reference not set to an instance of an object.
25-01-2023 16:40:06:DBManager:connection_data:Object reference not set to an instance of an object.
25-01-2023 16:40:06:DBManager:connection_data:Object reference not set to an instance of an object.
25-01-2023 16:40:06:DBManager:connection_data:Object reference not set to an instance of an object.
25-01-2023 16:40:06:DBManager:connection_data:Object reference not set to an instance of an object.
25-01-2023 16:40:06:DBManager:connection_data:Object reference not set to an instance of an object.
25-01-2023 16:40:06:DBManager:connection_data:Object reference not set to an instance of an object.
25-01-2023 16:40:06:DBManager:connection_data:Object reference not set to an instance of an object.
25-01-2023 16:40:06:DBManager:connection_data:Object reference not set to an instance of an object.
25-01-2023 16:40:06:DBManager:connection_data:Object reference not set to an instance of an object.
25-01-2023 16:40:06:DBManager:connection_data:Object reference not set to an instance of an object.
25-01-2023 16:40:06:DBManager:connection_data:Object reference not set to an instance of an object.
25-01-2023 16:40:06:DBManager:connection_data:Object reference not set to an instance of an object.
25-01-2023 16:40:06:DBManager:connection_data:Object reference not set to an instance of an object.
25-01-2023 16:40:06:DBManager:connection_data:Object reference not set to an instance of an object.
25-01-2023 16:40:06:DBManager:connection_data:Object reference not set to an instance of an object.
25-01-2023 16:40:06:DBManager:connection_data:Object reference not set to an instance of an object.
25-01-2023 16:40:06:DBManager:connection_data:Object reference not set to an instance of an object.
25-01-2023 16:40:06:DBManager:connection_data:Object reference not set to an instance of an object.
25-01-2023 16:40:06:DBManager:connection_data:Object reference not set to an instance of an object.
25-01-2023 16:40:06:DBManager:connection_data:Object reference not set to an instance of an object.
25-01-2023 16:40:06:DBManager:connection_data:Object reference not set to an instance of an object.
25-01-2023 16:40:06:DBManager:connection_data:Object reference not set to an instance of an object.
25-01-2023 16:40:06:DBManager:connection_data:Object reference not set to an instance of an object.
25-01-2023 16:40:06:DBManager:connection_data:Object reference not set to an instance of an object.
25-01-2023 16:40:06:DBManager:connection_data:Object reference not set to an instance of an object.
25-01-2023 16:40:06:DBManager:connection_data:Object reference not set to an instance of an object.
25-01-2023 16:40:06:DBManager:connection_data:Object reference not set to an instance of an object.
25-01-2023 16:40:06:DBManager:connection_data:Object reference not set to an instance of an object.
25-01-2023 16:40:06:DBManager:connection_data:Object reference not set to an instance of an object.
25-01-2023 16:40:06:DBManager:connection_data:Object reference not set to an instance of an object.
25-01-2023 16:40:06:DBManager:connection_data:Object reference not set to an instance of an object.
25-01-2023 16:40:06:DBManager:connection_data:Object reference not set to an instance of an object.
25-01-2023 16:40:06:DBManager:connection_data:Object reference not set to an instance of an object.
25-01-2023 16:40:06:DBManager:connection_data:Object reference not set to an instance of an object.
25-01-2023 16:40:06:DBManager:connection_data:Object reference not set to an instance of an object.
25-01-2023 16:40:06:DBManager:connection_data:Object reference not set to an instance of an object.
25-01-2023 16:40:06:DBManager:connection_data:Object reference not set to an instance of an object.
25-01-2023 16:40:06:DBManager:connection_data:Object reference not set to an instance of an object.
25-01-2023 16:40:06:DBManager:connection_data:Object reference not set to an instance of an object.
25-01-2023 16:40:13:DBManager:connection_data:Object reference not set to an instance of an object.
25-01-2023 16:40:13:DBManager:connection_data:Object reference not set to an instance of an object.
25-01-2023 16:40:13:DBManager:connection_data:Object reference not set to an instance of an object.
25-01-2023 16:40:13:DBManager:connection_data:Object reference not set to an instance of an object.
25-01-2023 16:40:13:DBManager:connection_data:Object reference not set to an instance of an object.
25-01-2023 16:40:13:DBManager:connection_data:Object reference not set to an instance of an object.
25-01-2023 16:40:15:DBManager:connection_data:Object reference not set to an instance of an object.
25-01-2023 16:40:15:DBManager:connection_data:Object reference not set to an instance of an object.
25-01-2023 16:40:15:DBManager:connection_data:Object reference not set to an instance of an object.
25-01-2023 16:40:15:DBManager:connection_data:Object reference not set to an instance of an object.
25-01-2023 16:40:15:DBManager:connection_data:Object reference not set to an instance of an object.
25-01-2023 16:40:15:DBManager:connection_data:Object reference not set to an instance of an object.
25-01-2023 16:40:15:DBManager:connection_data:Object reference not set to an instance of an object.
25-01-2023 16:40:15:DBManager:connection_data:Object reference not set to an instance of an object.
25-01-2023 16:40:15:DBManager:connection_data:Object reference not set to an instance of an object.
25-01-2023 16:40:15:DBManager:connection_data:Object reference not set to an instance of an object.
25-01-2023 16:40:15:DBManager:connection_data:Object reference not set to an instance of an object.
25-01-2023 16:40:15:DBManager:connection_data:Object reference not set to an instance of an object.
25-01-2023 16:40:20:DBManager:connection_data:Object reference not set to an instance of an object.
25-01-2023 16:40:20:DBManager:connection_data:Object reference not set to an instance of an object.
25-01-2023 16:40:20:DBManager:connection_data:Object reference not set to an instance of an object.
25-01-2023 16:40:20:DBManager:connection_data:Object reference not set to an instance of an object.
25-01-2023 16:40:20:DBManager:connection_data:Object reference not set to an instance of an object.
25-01-2023 16:40:20:DBManager:connection_data:Object reference not set to an instance of an object.
25-01-2023 16:40:24:DBManager:connection_data:Object reference not set to an instance of an object.
25-01-2023 16:40:24:DBManager:connection_data:Object reference not set to an instance of an object.
25-01-2023 16:40:24:DBManager:connection_data:Object reference not set to an instance of an object.
25-01-2023 16:40:24:DBManager:connection_data:Object reference not set to an instance of an object.
25-01-2023 16:40:24:DBManager:connection_data:Object reference not set to an instance of an object.
25-01-2023 16:40:24:DBManager:connection_data:Object reference not set to an instance of an object.
25-01-2023 16:40:24:DBManager:connection_data:Object reference not set to an instance of an object.
25-01-2023 16:40:24:DBManager:connection_data:Object reference not set to an instance of an object.
25-01-2023 16:40:24:DBManager:connection_data:Object reference not set to an instance of an object.
25-01-2023 16:40:24:DBManager:connection_data:Object reference not set to an instance of an object.
25-01-2023 16:40:24:DBManager:connection_data:Object reference not set to an instance of an object.
25-01-2023 16:40:24:DBManager:connection_data:Object reference not set to an instance of an object.
25-01-2023 16:40:28:DBManager:connection_data:Object reference not set to an instance of an object.
25-01-2023 16:40:28:DBManager:connection_data:Object reference not set to an instance of an object.
25-01-2023 16:40:28:DBManager:connection_data:Object reference not set to an instance of an object.
25-01-2023 16:40:28:DBManager:connection_data:Object reference not set to an instance of an object.
25-01-2023 16:40:28:DBManager:connection_data:Object reference not set to an instance of an object.
25-01-2023 16:40:28:DBManager:connection_data:Object reference not set to an instance of an object.
25-01-2023 16:40:28:DBManager:connection_data:Object reference not set to an instance of an object.
25-01-2023 16:40:28:DBManager:connection_data:Object reference not set to an instance of an object.
25-01-2023 16:40:28:DBManager:connection_data:Object reference not set to an instance of an object.
25-01-2023 16:40:28:DBManager:connection_data:Object reference not set to an instance of an object.
25-01-2023 16:40:28:DBManager:connection_data:Object reference not set to an instance of an object.
25-01-2023 16:40:28:DBManager:connection_data:Object reference not set to an instance of an object.
25-01-2023 16:40:28:DBManager:connection_data:Object reference not set to an instance of an object.
25-01-2023 16:40:28:DBManager:connection_data:Object reference not set to an instance of an object.
25-01-2023 16:40:28:DBManager:connection_data:Object reference not set to an instance of an object.
25-01-2023 16:40:28:DBManager:connection_data:Object reference not set to an instance of an object.
25-01-2023 16:40:28:DBManager:connection_data:Object reference not set to an instance of an object.
25-01-2023 16:40:28:DBManager:connection_data:Object reference not set to an instance of an object.
25-01-2023 16:40:28:DBManager:connection_data:Object reference not set to an instance of an object.
25-01-2023 16:40:28:DBManager:connection_data:Object reference not set to an instance of an object.
25-01-2023 16:40:28:DBManager:connection_data:Object reference not set to an instance of an object.
25-01-2023 16:40:28:DBManager:connection_data:Object reference not set to an instance of an object.
25-01-2023 16:40:28:DBManager:connection_data:Object reference not set to an instance of an object.
25-01-2023 16:40:28:DBManager:connection_data:Object reference not set to an instance of an object.
25-01-2023 16:40:28:DBManager:connection_data:Object reference not set to an instance of an object.
25-01-2023 16:40:28:DBManager:connection_data:Object reference not set to an instance of an object.
25-01-2023 16:40:28:DBManager:connection_data:Object reference not set to an instance of an object.
25-01-2023 16:40:28:DBManager:connection_data:Object reference not set to an instance of an object.
25-01-2023 16:40:28:DBManager:connection_data:Object reference not set to an instance of an object.
25-01-2023 16:40:28:DBManager:connection_data:Object reference not set to an instance of an object.
25-01-2023 16:40:28:DBManager:connection_data:Object reference not set to an instance of an object.
25-01-2023 16:40:28:DBManager:connection_data:Object reference not set to an instance of an object.
25-01-2023 16:40:28:DBManager:connection_data:Object reference not set to an instance of an object.
25-01-2023 16:40:28:DBManager:connection_data:Object reference not set to an instance of an object.
25-01-2023 16:40:28:DBManager:connection_data:Object reference not set to an instance of an object.
25-01-2023 16:40:28:DBManager:connection_data:Object reference not set to an instance of an object.
25-01-2023 16:40:28:DBManager:connection_data:Object reference not set to an instance of an object.
25-01-2023 16:40:28:DBManager:connection_data:Object reference not set to an instance of an object.
25-01-2023 16:40:28:DBManager:connection_data:Object reference not set to an instance of an object.
25-01-2023 16:40:28:DBManager:connection_data:Object reference not set to an instance of an object.
25-01-2023 16:40:28:DBManager:connection_data:Object reference not set to an instance of an object.
25-01-2023 16:40:28:DBManager:connection_data:Object reference not set to an instance of an object.
25-01-2023 16:40:28:DBManager:connection_data:Object reference not set to an instance of an object.
25-01-2023 16:40:28:DBManager:connection_data:Object reference not set to an instance of an object.
25-01-2023 16:40:28:DBManager:connection_data:Object reference not set to an instance of an object.
25-01-2023 16:40:28:DBManager:connection_data:Object reference not set to an instance of an object.
25-01-2023 16:40:28:DBManager:connection_data:Object reference not set to an instance of an object.
25-01-2023 16:40:28:DBManager:connection_data:Object reference not set to an instance of an object.
25-01-2023 16:40:28:DBManager:connection_data:Object reference not set to an instance of an object.
25-01-2023 16:40:28:DBManager:connection_data:Object reference not set to an instance of an object.
25-01-2023 16:40:28:DBManager:connection_data:Object reference not set to an instance of an object.
25-01-2023 16:40:28:DBManager:connection_data:Object reference not set to an instance of an object.
25-01-2023 16:40:28:DBManager:connection_data:Object reference not set to an instance of an object.
25-01-2023 16:40:28:DBManager:connection_data:Object reference not set to an instance of an object.
25-01-2023 16:40:28:DBManager:connection_data:Object reference not set to an instance of an object.
25-01-2023 16:40:28:DBManager:connection_data:Object reference not set to an instance of an object.
25-01-2023 16:40:28:DBManager:connection_data:Object reference not set to an instance of an object.
25-01-2023 16:40:28:DBManager:connection_data:Object reference not set to an instance of an object.
25-01-2023 16:40:28:DBManager:connection_data:Object reference not set to an instance of an object.
25-01-2023 16:40:28:DBManager:connection_data:Object reference not set to an instance of an object.
25-01-2023 16:40:28:DBManager:connection_data:Object reference not set to an instance of an object.
25-01-2023 16:40:28:DBManager:connection_data:Object reference not set to an instance of an object.
25-01-2023 16:40:28:DBManager:connection_data:Object reference not set to an instance of an object.
25-01-2023 16:40:28:DBManager:connection_data:Object reference not set to an instance of an object.
25-01-2023 16:40:28:DBManager:connection_data:Object reference not set to an instance of an object.
25-01-2023 16:40:28:DBManager:connection_data:Object reference not set to an instance of an object.
25-01-2023 16:40:28:DBManager:connection_data:Object reference not set to an instance of an object.
25-01-2023 16:40:28:DBManager:connection_data:Object reference not set to an instance of an object.
25-01-2023 16:40:28:DBManager:connection_data:Object reference not set to an instance of an object.
25-01-2023 16:40:28:DBManager:connection_data:Object reference not set to an instance of an object.
25-01-2023 16:40:28:DBManager:connection_data:Object reference not set to an instance of an object.
25-01-2023 16:40:28:DBManager:connection_data:Object reference not set to an instance of an object.
25-01-2023 16:40:28:DBManager:connection_data:Object reference not set to an instance of an object.
25-01-2023 16:40:28:DBManager:connection_data:Object reference not set to an instance of an object.
25-01-2023 16:40:28:DBManager:connection_data:Object reference not set to an instance of an object.
25-01-2023 16:40:28:DBManager:connection_data:Object reference not set to an instance of an object.
25-01-2023 16:40:28:DBManager:connection_data:Object reference not set to an instance of an object.
25-01-2023 16:40:28:DBManager:connection_data:Object reference not set to an instance of an object.
25-01-2023 16:40:28:DBManager:connection_data:Object reference not set to an instance of an object.
25-01-2023 16:40:28:DBManager:connection_data:Object reference not set to an instance of an object.
25-01-2023 16:40:28:DBManager:connection_data:Object reference not set to an instance of an object.
25-01-2023 16:40:28:DBManager:connection_data:Object reference not set to an instance of an object.
25-01-2023 16:40:28:DBManager:connection_data:Object reference not set to an instance of an object.
25-01-2023 16:40:28:DBManager:connection_data:Object reference not set to an instance of an object.
25-01-2023 16:40:28:DBManager:connection_data:Object reference not set to an instance of an object.
25-01-2023 16:40:28:DBManager:connection_data:Object reference not set to an instance of an object.
25-01-2023 16:40:43:DBManager:connection_data:Object reference not set to an instance of an object.
25-01-2023 16:40:43:DBManager:connection_data:Object reference not set to an instance of an object.
25-01-2023 16:40:43:DBManager:connection_data:Object reference not set to an instance of an object.
25-01-2023 16:40:43:DBManager:connection_data:Object reference not set to an instance of an object.
25-01-2023 16:40:43:DBManager:connection_data:Object reference not set to an instance of an object.
25-01-2023 16:40:43:DBManager:connection_data:Object reference not set to an instance of an object.
25-01-2023 16:40:43:DBManager:connection_data:Object reference not set to an instance of an object.
25-01-2023 16:40:43:DBManager:connection_data:Object reference not set to an instance of an object.
25-01-2023 16:40:43:DBManager:connection_data:Object reference not set to an instance of an object.
25-01-2023 16:40:43:DBManager:connection_data:Object reference not set to an instance of an object.
25-01-2023 16:40:43:DBManager:connection_data:Object reference not set to an instance of an object.
25-01-2023 16:40:43:DBManager:connection_data:Object reference not set to an instance of an object.
25-01-2023 16:40:43:DBManager:connection_data:Object reference not set to an instance of an object.
25-01-2023 16:40:43:DBManager:connection_data:Object reference not set to an instance of an object.
25-01-2023 16:40:43:DBManager:connection_data:Object reference not set to an instance of an object.
25-01-2023 16:40:43:DBManager:connection_data:Object reference not set to an instance of an object.
25-01-2023 16:40:43:DBManager:connection_data:Object reference not set to an instance of an object.
25-01-2023 16:40:43:DBManager:connection_data:Object reference not set to an instance of an object.
25-01-2023 16:40:43:DBManager:connection_data:Object reference not set to an instance of an object.
25-01-2023 16:40:43:DBManager:connection_data:Object reference not set to an instance of an object.
25-01-2023 16:40:43:DBManager:connection_data:Object reference not set to an instance of an object.
25-01-2023 16:40:43:DBManager:connection_data:Object reference not set to an instance of an object.
25-01-2023 16:40:43:DBManager:connection_data:Object reference not set to an instance of an object.
25-01-2023 16:40:43:DBManager:connection_data:Object reference not set to an instance of an object.
25-01-2023 16:40:43:DBManager:connection_data:Object reference not set to an instance of an object.
25-01-2023 16:40:43:DBManager:connection_data:Object reference not set to an instance of an object.
25-01-2023 16:40:43:DBManager:connection_data:Object reference not set to an instance of an object.
25-01-2023 16:40:43:DBManager:connection_data:Object reference not set to an instance of an object.
25-01-2023 16:40:43:DBManager:connection_data:Object reference not set to an instance of an object.
25-01-2023 16:40:43:DBManager:connection_data:Object reference not set to an instance of an object.
25-01-2023 16:40:43:DBManager:connection_data:Object reference not set to an instance of an object.
25-01-2023 16:40:43:DBManager:connection_data:Object reference not set to an instance of an object.
25-01-2023 16:40:43:DBManager:connection_data:Object reference not set to an instance of an object.
25-01-2023 16:40:43:DBManager:connection_data:Object reference not set to an instance of an object.
25-01-2023 16:40:43:DBManager:connection_data:Object reference not set to an instance of an object.
25-01-2023 16:40:43:DBManager:connection_data:Object reference not set to an instance of an object.
25-01-2023 16:40:43:DBManager:connection_data:Object reference not set to an instance of an object.
25-01-2023 16:40:43:DBManager:connection_data:Object reference not set to an instance of an object.
25-01-2023 16:40:43:DBManager:connection_data:Object reference not set to an instance of an object.
25-01-2023 16:40:43:DBManager:connection_data:Object reference not set to an instance of an object.
25-01-2023 16:40:43:DBManager:connection_data:Object reference not set to an instance of an object.
25-01-2023 16:40:43:DBManager:connection_data:Object reference not set to an instance of an object.
25-01-2023 16:40:43:DBManager:connection_data:Object reference not set to an instance of an object.
25-01-2023 16:40:43:DBManager:connection_data:Object reference not set to an instance of an object.
25-01-2023 16:40:43:DBManager:connection_data:Object reference not set to an instance of an object.
25-01-2023 16:40:43:DBManager:connection_data:Object reference not set to an instance of an object.
25-01-2023 16:40:43:DBManager:connection_data:Object reference not set to an instance of an object.
25-01-2023 16:40:43:DBManager:connection_data:Object reference not set to an instance of an object.
25-01-2023 16:40:43:DBManager:connection_data:Object reference not set to an instance of an object.
25-01-2023 16:40:43:DBManager:connection_data:Object reference not set to an instance of an object.
25-01-2023 16:40:43:DBManager:connection_data:Object reference not set to an instance of an object.
25-01-2023 16:40:43:DBManager:connection_data:Object reference not set to an instance of an object.
25-01-2023 16:40:43:DBManager:connection_data:Object reference not set to an instance of an object.
25-01-2023 16:40:43:DBManager:connection_data:Object reference not set to an instance of an object.
25-01-2023 16:40:43:DBManager:connection_data:Object reference not set to an instance of an object.
25-01-2023 16:40:43:DBManager:connection_data:Object reference not set to an instance of an object.
25-01-2023 16:40:43:DBManager:connection_data:Object reference not set to an instance of an object.
25-01-2023 16:40:43:DBManager:connection_data:Object reference not set to an instance of an object.
25-01-2023 16:40:43:DBManager:connection_data:Object reference not set to an instance of an object.
25-01-2023 16:40:43:DBManager:connection_data:Object reference not set to an instance of an object.
25-01-2023 16:40:43:DBManager:connection_data:Object reference not set to an instance of an object.
25-01-2023 16:40:43:DBManager:connection_data:Object reference not set to an instance of an object.
25-01-2023 16:40:43:DBManager:connection_data:Object reference not set to an instance of an object.
25-01-2023 16:40:43:DBManager:connection_data:Object reference not set to an instance of an object.
25-01-2023 16:40:43:DBManager:connection_data:Object reference not set to an instance of an object.
25-01-2023 16:40:43:DBManager:connection_data:Object reference not set to an instance of an object.
25-01-2023 16:40:43:DBManager:connection_data:Object reference not set to an instance of an object.
25-01-2023 16:40:43:DBManager:connection_data:Object reference not set to an instance of an object.
25-01-2023 16:40:43:DBManager:connection_data:Object reference not set to an instance of an object.
25-01-2023 16:40:43:DBManager:connection_data:Object reference not set to an instance of an object.
25-01-2023 16:40:43:DBManager:connection_data:Object reference not set to an instance of an object.
25-01-2023 16:40:43:DBManager:connection_data:Object reference not set to an instance of an object.
25-01-2023 16:40:43:DBManager:connection_data:Object reference not set to an instance of an object.
25-01-2023 16:40:43:DBManager:connection_data:Object reference not set to an instance of an object.
25-01-2023 16:40:43:DBManager:connection_data:Object reference not set to an instance of an object.
25-01-2023 16:40:43:DBManager:connection_data:Object reference not set to an instance of an object.
25-01-2023 16:40:43:DBManager:connection_data:Object reference not set to an instance of an object.
25-01-2023 16:40:43:DBManager:connection_data:Object reference not set to an instance of an object.
25-01-2023 16:40:43:DBManager:connection_data:Object reference not set to an instance of an object.
25-01-2023 16:40:43:DBManager:connection_data:Object reference not set to an instance of an object.
25-01-2023 16:40:43:DBManager:connection_data:Object reference not set to an instance of an object.
25-01-2023 16:40:43:DBManager:connection_data:Object reference not set to an instance of an object.
25-01-2023 16:40:43:DBManager:connection_data:Object reference not set to an instance of an object.
25-01-2023 16:40:43:DBManager:connection_data:Object reference not set to an instance of an object.
25-01-2023 16:40:43:DBManager:connection_data:Object reference not set to an instance of an object.
25-01-2023 16:40:43:DBManager:connection_data:Object reference not set to an instance of an object.
