02-02-2023 15:17:29:DBManager:connection_data:Object reference not set to an instance of an object.
02-02-2023 15:17:29:DBManager:connection_data:Object reference not set to an instance of an object.
02-02-2023 15:17:29:DBManager:connection_data:Object reference not set to an instance of an object.
02/02/2023 3:17:29 PM:SignIn:btnLogIn_Click:test
02-02-2023 15:17:36:DBManager:connection_data:Object reference not set to an instance of an object.
02-02-2023 15:17:36:DBManager:connection_data:Object reference not set to an instance of an object.
02-02-2023 15:17:36:DBManager:connection_data:Object reference not set to an instance of an object.
02/02/2023 3:17:36 PM:SignIn:btnLogIn_Click:test
02/02/2023 3:17:36 PM:SignIn:btnLogIn_Click4:
02/02/2023 3:17:36 PM:SignIn:btnLogIn_Click5:
02/02/2023 3:17:36 PM:SignIn:btnLogIn_Click7:
02/02/2023 3:17:36 PM:SignIn:btnLogIn_Click8:
02-02-2023 15:17:39:DBManager:connection_data:Object reference not set to an instance of an object.
02-02-2023 15:17:39:DBManager:connection_data:Object reference not set to an instance of an object.
02-02-2023 15:17:39:DBManager:connection_data:Object reference not set to an instance of an object.
02/02/2023 3:17:39 PM:SignIn:btnLogIn_Click:test
02/02/2023 3:17:39 PM:SignIn:btnLogIn_Click4:
02/02/2023 3:17:39 PM:SignIn:btnLogIn_Click5:
02/02/2023 3:17:39 PM:SignIn:btnLogIn_Click7:
02/02/2023 3:17:39 PM:SignIn:btnLogIn_Click8:
02/02/2023 3:17:39 PM:ClsDataccess:Getdatatable:The ConnectionString property has not been initialized.
02-02-2023 15:17:40:DBManager:connection_data:Object reference not set to an instance of an object.
02-02-2023 15:17:40:DBManager:connection_data:Object reference not set to an instance of an object.
02-02-2023 15:17:40:DBManager:connection_data:Object reference not set to an instance of an object.
02-02-2023 15:17:40:DBManager:connection_data:Object reference not set to an instance of an object.
02-02-2023 15:17:40:DBManager:connection_data:Object reference not set to an instance of an object.
02-02-2023 15:17:40:DBManager:connection_data:Object reference not set to an instance of an object.
02-02-2023 15:17:40:DBManager:connection_data:Object reference not set to an instance of an object.
02-02-2023 15:17:40:DBManager:connection_data:Object reference not set to an instance of an object.
02-02-2023 15:17:40:DBManager:connection_data:Object reference not set to an instance of an object.
02-02-2023 15:17:40:DBManager:connection_data:Object reference not set to an instance of an object.
02-02-2023 15:17:40:DBManager:connection_data:Object reference not set to an instance of an object.
02-02-2023 15:17:40:DBManager:connection_data:Object reference not set to an instance of an object.
02-02-2023 15:17:40:DBManager:connection_data:Object reference not set to an instance of an object.
02-02-2023 15:17:40:DBManager:connection_data:Object reference not set to an instance of an object.
02-02-2023 15:17:40:DBManager:connection_data:Object reference not set to an instance of an object.
02-02-2023 15:17:40:DBManager:connection_data:Object reference not set to an instance of an object.
02-02-2023 15:17:40:DBManager:connection_data:Object reference not set to an instance of an object.
02-02-2023 15:17:40:DBManager:connection_data:Object reference not set to an instance of an object.
02-02-2023 15:17:40:DBManager:connection_data:Object reference not set to an instance of an object.
02-02-2023 15:17:40:DBManager:connection_data:Object reference not set to an instance of an object.
02-02-2023 15:17:40:DBManager:connection_data:Object reference not set to an instance of an object.
02-02-2023 15:17:40:DBManager:connection_data:Object reference not set to an instance of an object.
02-02-2023 15:17:40:DBManager:connection_data:Object reference not set to an instance of an object.
02-02-2023 15:17:40:DBManager:connection_data:Object reference not set to an instance of an object.
02-02-2023 15:17:40:DBManager:connection_data:Object reference not set to an instance of an object.
02-02-2023 15:17:40:DBManager:connection_data:Object reference not set to an instance of an object.
02-02-2023 15:17:40:DBManager:connection_data:Object reference not set to an instance of an object.
02-02-2023 15:17:40:DBManager:connection_data:Object reference not set to an instance of an object.
02-02-2023 15:17:40:DBManager:connection_data:Object reference not set to an instance of an object.
02-02-2023 15:17:40:DBManager:connection_data:Object reference not set to an instance of an object.
02-02-2023 15:17:40:DBManager:connection_data:Object reference not set to an instance of an object.
02-02-2023 15:17:40:DBManager:connection_data:Object reference not set to an instance of an object.
02-02-2023 15:17:40:DBManager:connection_data:Object reference not set to an instance of an object.
02-02-2023 15:17:40:DBManager:connection_data:Object reference not set to an instance of an object.
02-02-2023 15:17:40:DBManager:connection_data:Object reference not set to an instance of an object.
02-02-2023 15:17:40:DBManager:connection_data:Object reference not set to an instance of an object.
02-02-2023 15:17:40:DBManager:connection_data:Object reference not set to an instance of an object.
02-02-2023 15:17:40:DBManager:connection_data:Object reference not set to an instance of an object.
02-02-2023 15:17:40:DBManager:connection_data:Object reference not set to an instance of an object.
02-02-2023 15:17:40:DBManager:connection_data:Object reference not set to an instance of an object.
02-02-2023 15:17:40:DBManager:connection_data:Object reference not set to an instance of an object.
02-02-2023 15:17:40:DBManager:connection_data:Object reference not set to an instance of an object.
02-02-2023 15:17:40:DBManager:connection_data:Object reference not set to an instance of an object.
02-02-2023 15:17:40:DBManager:connection_data:Object reference not set to an instance of an object.
02-02-2023 15:17:40:DBManager:connection_data:Object reference not set to an instance of an object.
02-02-2023 15:17:40:DBManager:connection_data:Object reference not set to an instance of an object.
02-02-2023 15:17:40:DBManager:connection_data:Object reference not set to an instance of an object.
02-02-2023 15:17:40:DBManager:connection_data:Object reference not set to an instance of an object.
02-02-2023 15:17:40:DBManager:connection_data:Object reference not set to an instance of an object.
02-02-2023 15:17:40:DBManager:connection_data:Object reference not set to an instance of an object.
02-02-2023 15:17:40:DBManager:connection_data:Object reference not set to an instance of an object.
02-02-2023 15:17:40:DBManager:connection_data:Object reference not set to an instance of an object.
02-02-2023 15:17:40:DBManager:connection_data:Object reference not set to an instance of an object.
02-02-2023 15:17:40:DBManager:connection_data:Object reference not set to an instance of an object.
02-02-2023 15:17:40:DBManager:connection_data:Object reference not set to an instance of an object.
02-02-2023 15:17:40:DBManager:connection_data:Object reference not set to an instance of an object.
02-02-2023 15:17:40:DBManager:connection_data:Object reference not set to an instance of an object.
02-02-2023 15:17:40:DBManager:connection_data:Object reference not set to an instance of an object.
02-02-2023 15:17:40:DBManager:connection_data:Object reference not set to an instance of an object.
02-02-2023 15:17:40:DBManager:connection_data:Object reference not set to an instance of an object.
02-02-2023 15:17:40:DBManager:connection_data:Object reference not set to an instance of an object.
02-02-2023 15:17:40:DBManager:connection_data:Object reference not set to an instance of an object.
02-02-2023 15:17:40:DBManager:connection_data:Object reference not set to an instance of an object.
02-02-2023 15:17:40:DBManager:connection_data:Object reference not set to an instance of an object.
02-02-2023 15:17:40:DBManager:connection_data:Object reference not set to an instance of an object.
02-02-2023 15:17:40:DBManager:connection_data:Object reference not set to an instance of an object.
02-02-2023 15:17:40:DBManager:connection_data:Object reference not set to an instance of an object.
02-02-2023 15:17:40:DBManager:connection_data:Object reference not set to an instance of an object.
02-02-2023 15:17:40:DBManager:connection_data:Object reference not set to an instance of an object.
02-02-2023 15:17:40:DBManager:connection_data:Object reference not set to an instance of an object.
02-02-2023 15:17:40:DBManager:connection_data:Object reference not set to an instance of an object.
02-02-2023 15:17:40:DBManager:connection_data:Object reference not set to an instance of an object.
02-02-2023 15:17:40:DBManager:connection_data:Object reference not set to an instance of an object.
02-02-2023 15:17:40:DBManager:connection_data:Object reference not set to an instance of an object.
02-02-2023 15:17:40:DBManager:connection_data:Object reference not set to an instance of an object.
02-02-2023 15:17:40:DBManager:connection_data:Object reference not set to an instance of an object.
02-02-2023 15:17:40:DBManager:connection_data:Object reference not set to an instance of an object.
02/02/2023 3:18:10 PM:Page_Load:till_report:Execution Timeout Expired.  The timeout period elapsed prior to completion of the operation or the server is not responding.
02-02-2023 15:18:46:DBManager:connection_data:Object reference not set to an instance of an object.
02-02-2023 15:18:46:DBManager:connection_data:Object reference not set to an instance of an object.
02-02-2023 15:18:46:DBManager:connection_data:Object reference not set to an instance of an object.
02-02-2023 15:18:46:DBManager:connection_data:Object reference not set to an instance of an object.
02-02-2023 15:18:46:DBManager:connection_data:Object reference not set to an instance of an object.
02-02-2023 15:18:46:DBManager:connection_data:Object reference not set to an instance of an object.
02-02-2023 15:20:20:DBManager:connection_data:Object reference not set to an instance of an object.
02-02-2023 15:20:20:DBManager:connection_data:Object reference not set to an instance of an object.
02-02-2023 15:20:20:DBManager:connection_data:Object reference not set to an instance of an object.
02-02-2023 15:20:20:DBManager:connection_data:Object reference not set to an instance of an object.
02-02-2023 15:20:20:DBManager:connection_data:Object reference not set to an instance of an object.
02-02-2023 15:20:20:DBManager:connection_data:Object reference not set to an instance of an object.
02-02-2023 15:20:21:DBManager:connection_data:Object reference not set to an instance of an object.
02-02-2023 15:20:21:DBManager:connection_data:Object reference not set to an instance of an object.
02-02-2023 15:20:21:DBManager:connection_data:Object reference not set to an instance of an object.
02-02-2023 15:20:21:DBManager:connection_data:Object reference not set to an instance of an object.
02-02-2023 15:20:21:DBManager:connection_data:Object reference not set to an instance of an object.
02-02-2023 15:20:21:DBManager:connection_data:Object reference not set to an instance of an object.
02-02-2023 15:20:21:DBManager:connection_data:Object reference not set to an instance of an object.
02-02-2023 15:20:21:DBManager:connection_data:Object reference not set to an instance of an object.
02-02-2023 15:20:21:DBManager:connection_data:Object reference not set to an instance of an object.
02-02-2023 15:20:21:DBManager:connection_data:Object reference not set to an instance of an object.
02-02-2023 15:20:21:DBManager:connection_data:Object reference not set to an instance of an object.
02-02-2023 15:20:21:DBManager:connection_data:Object reference not set to an instance of an object.
02-02-2023 15:20:21:DBManager:connection_data:Object reference not set to an instance of an object.
02-02-2023 15:20:21:DBManager:connection_data:Object reference not set to an instance of an object.
02-02-2023 15:20:21:DBManager:connection_data:Object reference not set to an instance of an object.
02-02-2023 15:20:21:DBManager:connection_data:Object reference not set to an instance of an object.
02-02-2023 15:20:21:DBManager:connection_data:Object reference not set to an instance of an object.
02-02-2023 15:20:21:DBManager:connection_data:Object reference not set to an instance of an object.
02-02-2023 15:20:21:DBManager:connection_data:Object reference not set to an instance of an object.
02-02-2023 15:20:21:DBManager:connection_data:Object reference not set to an instance of an object.
02-02-2023 15:20:21:DBManager:connection_data:Object reference not set to an instance of an object.
02-02-2023 15:20:21:DBManager:connection_data:Object reference not set to an instance of an object.
02-02-2023 15:20:21:DBManager:connection_data:Object reference not set to an instance of an object.
02-02-2023 15:20:21:DBManager:connection_data:Object reference not set to an instance of an object.
02-02-2023 15:20:21:DBManager:connection_data:Object reference not set to an instance of an object.
02-02-2023 15:20:21:DBManager:connection_data:Object reference not set to an instance of an object.
02-02-2023 15:20:21:DBManager:connection_data:Object reference not set to an instance of an object.
02-02-2023 15:20:21:DBManager:connection_data:Object reference not set to an instance of an object.
02-02-2023 15:20:21:DBManager:connection_data:Object reference not set to an instance of an object.
02-02-2023 15:20:21:DBManager:connection_data:Object reference not set to an instance of an object.
02-02-2023 15:20:21:DBManager:connection_data:Object reference not set to an instance of an object.
02-02-2023 15:20:21:DBManager:connection_data:Object reference not set to an instance of an object.
02-02-2023 15:20:21:DBManager:connection_data:Object reference not set to an instance of an object.
02-02-2023 15:20:21:DBManager:connection_data:Object reference not set to an instance of an object.
02-02-2023 15:20:21:DBManager:connection_data:Object reference not set to an instance of an object.
02-02-2023 15:20:21:DBManager:connection_data:Object reference not set to an instance of an object.
02-02-2023 15:20:21:DBManager:connection_data:Object reference not set to an instance of an object.
02-02-2023 15:20:21:DBManager:connection_data:Object reference not set to an instance of an object.
02-02-2023 15:20:21:DBManager:connection_data:Object reference not set to an instance of an object.
02-02-2023 15:20:21:DBManager:connection_data:Object reference not set to an instance of an object.
02-02-2023 15:20:21:DBManager:connection_data:Object reference not set to an instance of an object.
02-02-2023 15:20:21:DBManager:connection_data:Object reference not set to an instance of an object.
02-02-2023 15:20:21:DBManager:connection_data:Object reference not set to an instance of an object.
02-02-2023 15:20:21:DBManager:connection_data:Object reference not set to an instance of an object.
02-02-2023 15:20:21:DBManager:connection_data:Object reference not set to an instance of an object.
02-02-2023 15:20:21:DBManager:connection_data:Object reference not set to an instance of an object.
02-02-2023 15:20:21:DBManager:connection_data:Object reference not set to an instance of an object.
02-02-2023 15:20:21:DBManager:connection_data:Object reference not set to an instance of an object.
02-02-2023 15:20:21:DBManager:connection_data:Object reference not set to an instance of an object.
02-02-2023 15:20:21:DBManager:connection_data:Object reference not set to an instance of an object.
02-02-2023 15:20:21:DBManager:connection_data:Object reference not set to an instance of an object.
02-02-2023 15:20:21:DBManager:connection_data:Object reference not set to an instance of an object.
02-02-2023 15:20:21:DBManager:connection_data:Object reference not set to an instance of an object.
02-02-2023 15:20:21:DBManager:connection_data:Object reference not set to an instance of an object.
02-02-2023 15:20:21:DBManager:connection_data:Object reference not set to an instance of an object.
02-02-2023 15:20:21:DBManager:connection_data:Object reference not set to an instance of an object.
02-02-2023 15:20:21:DBManager:connection_data:Object reference not set to an instance of an object.
02-02-2023 15:20:21:DBManager:connection_data:Object reference not set to an instance of an object.
02-02-2023 15:20:21:DBManager:connection_data:Object reference not set to an instance of an object.
02-02-2023 15:20:21:DBManager:connection_data:Object reference not set to an instance of an object.
02-02-2023 15:20:21:DBManager:connection_data:Object reference not set to an instance of an object.
02-02-2023 15:20:21:DBManager:connection_data:Object reference not set to an instance of an object.
02-02-2023 15:20:21:DBManager:connection_data:Object reference not set to an instance of an object.
02-02-2023 15:20:21:DBManager:connection_data:Object reference not set to an instance of an object.
02-02-2023 15:20:21:DBManager:connection_data:Object reference not set to an instance of an object.
02-02-2023 15:20:21:DBManager:connection_data:Object reference not set to an instance of an object.
02-02-2023 15:20:21:DBManager:connection_data:Object reference not set to an instance of an object.
02-02-2023 15:20:21:DBManager:connection_data:Object reference not set to an instance of an object.
02-02-2023 15:20:21:DBManager:connection_data:Object reference not set to an instance of an object.
02-02-2023 15:20:21:DBManager:connection_data:Object reference not set to an instance of an object.
02-02-2023 15:20:21:DBManager:connection_data:Object reference not set to an instance of an object.
02-02-2023 15:20:21:DBManager:connection_data:Object reference not set to an instance of an object.
02-02-2023 15:20:21:DBManager:connection_data:Object reference not set to an instance of an object.
02-02-2023 15:20:21:DBManager:connection_data:Object reference not set to an instance of an object.
02-02-2023 15:20:21:DBManager:connection_data:Object reference not set to an instance of an object.
02-02-2023 15:20:21:DBManager:connection_data:Object reference not set to an instance of an object.
02-02-2023 15:20:21:DBManager:connection_data:Object reference not set to an instance of an object.
02-02-2023 15:20:21:DBManager:connection_data:Object reference not set to an instance of an object.
02-02-2023 15:20:21:DBManager:connection_data:Object reference not set to an instance of an object.
02-02-2023 15:20:21:DBManager:connection_data:Object reference not set to an instance of an object.
02-02-2023 15:20:21:DBManager:connection_data:Object reference not set to an instance of an object.
02-02-2023 15:20:21:DBManager:connection_data:Object reference not set to an instance of an object.
02-02-2023 15:20:21:DBManager:connection_data:Object reference not set to an instance of an object.
02-02-2023 15:20:21:DBManager:connection_data:Object reference not set to an instance of an object.
02-02-2023 15:20:21:DBManager:connection_data:Object reference not set to an instance of an object.
02-02-2023 15:20:21:DBManager:connection_data:Object reference not set to an instance of an object.
02-02-2023 15:20:37:DBManager:connection_data:Object reference not set to an instance of an object.
02-02-2023 15:20:37:DBManager:connection_data:Object reference not set to an instance of an object.
02-02-2023 15:20:37:DBManager:connection_data:Object reference not set to an instance of an object.
02-02-2023 15:20:37:DBManager:connection_data:Object reference not set to an instance of an object.
02-02-2023 15:20:37:DBManager:connection_data:Object reference not set to an instance of an object.
02-02-2023 15:20:37:DBManager:connection_data:Object reference not set to an instance of an object.
02-02-2023 15:20:37:DBManager:connection_data:Object reference not set to an instance of an object.
02-02-2023 15:20:37:DBManager:connection_data:Object reference not set to an instance of an object.
02-02-2023 15:20:37:DBManager:connection_data:Object reference not set to an instance of an object.
02-02-2023 15:20:37:DBManager:connection_data:Object reference not set to an instance of an object.
02-02-2023 15:20:37:DBManager:connection_data:Object reference not set to an instance of an object.
02-02-2023 15:20:37:DBManager:connection_data:Object reference not set to an instance of an object.
02-02-2023 15:20:37:DBManager:connection_data:Object reference not set to an instance of an object.
02-02-2023 15:20:37:DBManager:connection_data:Object reference not set to an instance of an object.
02-02-2023 15:20:37:DBManager:connection_data:Object reference not set to an instance of an object.
02-02-2023 15:20:37:DBManager:connection_data:Object reference not set to an instance of an object.
02-02-2023 15:20:37:DBManager:connection_data:Object reference not set to an instance of an object.
02-02-2023 15:20:37:DBManager:connection_data:Object reference not set to an instance of an object.
02-02-2023 15:20:37:DBManager:connection_data:Object reference not set to an instance of an object.
02-02-2023 15:20:37:DBManager:connection_data:Object reference not set to an instance of an object.
02-02-2023 15:20:37:DBManager:connection_data:Object reference not set to an instance of an object.
02-02-2023 15:20:37:DBManager:connection_data:Object reference not set to an instance of an object.
02-02-2023 15:20:37:DBManager:connection_data:Object reference not set to an instance of an object.
02-02-2023 15:20:37:DBManager:connection_data:Object reference not set to an instance of an object.
02-02-2023 15:20:37:DBManager:connection_data:Object reference not set to an instance of an object.
02-02-2023 15:20:37:DBManager:connection_data:Object reference not set to an instance of an object.
02-02-2023 15:20:37:DBManager:connection_data:Object reference not set to an instance of an object.
02-02-2023 15:20:37:DBManager:connection_data:Object reference not set to an instance of an object.
02-02-2023 15:20:37:DBManager:connection_data:Object reference not set to an instance of an object.
02-02-2023 15:20:37:DBManager:connection_data:Object reference not set to an instance of an object.
02-02-2023 15:20:37:DBManager:connection_data:Object reference not set to an instance of an object.
02-02-2023 15:20:37:DBManager:connection_data:Object reference not set to an instance of an object.
02-02-2023 15:20:37:DBManager:connection_data:Object reference not set to an instance of an object.
02-02-2023 15:20:37:DBManager:connection_data:Object reference not set to an instance of an object.
02-02-2023 15:20:37:DBManager:connection_data:Object reference not set to an instance of an object.
02-02-2023 15:20:37:DBManager:connection_data:Object reference not set to an instance of an object.
02-02-2023 15:20:37:DBManager:connection_data:Object reference not set to an instance of an object.
02-02-2023 15:20:37:DBManager:connection_data:Object reference not set to an instance of an object.
02-02-2023 15:20:37:DBManager:connection_data:Object reference not set to an instance of an object.
02-02-2023 15:20:37:DBManager:connection_data:Object reference not set to an instance of an object.
02-02-2023 15:20:37:DBManager:connection_data:Object reference not set to an instance of an object.
02-02-2023 15:20:37:DBManager:connection_data:Object reference not set to an instance of an object.
02-02-2023 15:20:37:DBManager:connection_data:Object reference not set to an instance of an object.
02-02-2023 15:20:37:DBManager:connection_data:Object reference not set to an instance of an object.
02-02-2023 15:20:37:DBManager:connection_data:Object reference not set to an instance of an object.
02-02-2023 15:20:37:DBManager:connection_data:Object reference not set to an instance of an object.
02-02-2023 15:20:37:DBManager:connection_data:Object reference not set to an instance of an object.
02-02-2023 15:20:37:DBManager:connection_data:Object reference not set to an instance of an object.
02-02-2023 15:20:37:DBManager:connection_data:Object reference not set to an instance of an object.
02-02-2023 15:20:37:DBManager:connection_data:Object reference not set to an instance of an object.
02-02-2023 15:20:37:DBManager:connection_data:Object reference not set to an instance of an object.
02-02-2023 15:20:37:DBManager:connection_data:Object reference not set to an instance of an object.
02-02-2023 15:20:37:DBManager:connection_data:Object reference not set to an instance of an object.
02-02-2023 15:20:37:DBManager:connection_data:Object reference not set to an instance of an object.
02-02-2023 15:20:37:DBManager:connection_data:Object reference not set to an instance of an object.
02-02-2023 15:20:37:DBManager:connection_data:Object reference not set to an instance of an object.
02-02-2023 15:20:37:DBManager:connection_data:Object reference not set to an instance of an object.
02-02-2023 15:20:37:DBManager:connection_data:Object reference not set to an instance of an object.
02-02-2023 15:20:37:DBManager:connection_data:Object reference not set to an instance of an object.
02-02-2023 15:20:37:DBManager:connection_data:Object reference not set to an instance of an object.
02-02-2023 15:20:37:DBManager:connection_data:Object reference not set to an instance of an object.
02-02-2023 15:20:37:DBManager:connection_data:Object reference not set to an instance of an object.
02-02-2023 15:20:37:DBManager:connection_data:Object reference not set to an instance of an object.
02-02-2023 15:20:37:DBManager:connection_data:Object reference not set to an instance of an object.
02-02-2023 15:20:37:DBManager:connection_data:Object reference not set to an instance of an object.
02-02-2023 15:20:37:DBManager:connection_data:Object reference not set to an instance of an object.
02-02-2023 15:20:37:DBManager:connection_data:Object reference not set to an instance of an object.
02-02-2023 15:20:37:DBManager:connection_data:Object reference not set to an instance of an object.
02-02-2023 15:20:37:DBManager:connection_data:Object reference not set to an instance of an object.
02-02-2023 15:20:37:DBManager:connection_data:Object reference not set to an instance of an object.
02-02-2023 15:20:37:DBManager:connection_data:Object reference not set to an instance of an object.
02-02-2023 15:20:37:DBManager:connection_data:Object reference not set to an instance of an object.
02-02-2023 15:20:37:DBManager:connection_data:Object reference not set to an instance of an object.
02-02-2023 15:20:37:DBManager:connection_data:Object reference not set to an instance of an object.
02-02-2023 15:20:37:DBManager:connection_data:Object reference not set to an instance of an object.
02-02-2023 15:20:37:DBManager:connection_data:Object reference not set to an instance of an object.
02-02-2023 15:20:37:DBManager:connection_data:Object reference not set to an instance of an object.
02-02-2023 15:20:37:DBManager:connection_data:Object reference not set to an instance of an object.
02-02-2023 15:20:37:DBManager:connection_data:Object reference not set to an instance of an object.
02-02-2023 15:20:37:DBManager:connection_data:Object reference not set to an instance of an object.
02-02-2023 15:20:37:DBManager:connection_data:Object reference not set to an instance of an object.
02-02-2023 15:20:37:DBManager:connection_data:Object reference not set to an instance of an object.
02-02-2023 15:20:37:DBManager:connection_data:Object reference not set to an instance of an object.
02-02-2023 15:20:37:DBManager:connection_data:Object reference not set to an instance of an object.
02-02-2023 15:20:37:DBManager:connection_data:Object reference not set to an instance of an object.
02-02-2023 15:20:37:DBManager:connection_data:Object reference not set to an instance of an object.
02/02/2023 3:20:37 PM:Stock_Management_Master:btn_ProductIngredient_Click: OK click START
02/02/2023 3:20:37 PM:Stock_Management_Master:btn_ProductIngredient_Click: OK click dt1 count : 1
02/02/2023 3:20:37 PM:Stock_Management_Master:btn_ProductIngredient_Click: OK click Save in Viewstate : 
02/02/2023 3:20:37 PM:Stock_Management_Master:btn_ProductIngredient_Click: OK click Before call popup : 
02-02-2023 15:20:39:DBManager:connection_data:Object reference not set to an instance of an object.
02-02-2023 15:20:39:DBManager:connection_data:Object reference not set to an instance of an object.
02-02-2023 15:20:39:DBManager:connection_data:Object reference not set to an instance of an object.
02-02-2023 15:20:39:DBManager:connection_data:Object reference not set to an instance of an object.
02-02-2023 15:20:39:DBManager:connection_data:Object reference not set to an instance of an object.
02-02-2023 15:20:39:DBManager:connection_data:Object reference not set to an instance of an object.
02-02-2023 15:20:39:DBManager:connection_data:Object reference not set to an instance of an object.
02-02-2023 15:20:39:DBManager:connection_data:Object reference not set to an instance of an object.
02-02-2023 15:20:39:DBManager:connection_data:Object reference not set to an instance of an object.
02-02-2023 15:20:39:DBManager:connection_data:Object reference not set to an instance of an object.
02-02-2023 15:20:39:DBManager:connection_data:Object reference not set to an instance of an object.
02-02-2023 15:20:39:DBManager:connection_data:Object reference not set to an instance of an object.
02-02-2023 15:20:39:DBManager:connection_data:Object reference not set to an instance of an object.
02-02-2023 15:20:39:DBManager:connection_data:Object reference not set to an instance of an object.
02-02-2023 15:20:39:DBManager:connection_data:Object reference not set to an instance of an object.
02-02-2023 15:20:39:DBManager:connection_data:Object reference not set to an instance of an object.
02-02-2023 15:20:39:DBManager:connection_data:Object reference not set to an instance of an object.
02-02-2023 15:20:39:DBManager:connection_data:Object reference not set to an instance of an object.
02-02-2023 15:20:39:DBManager:connection_data:Object reference not set to an instance of an object.
02-02-2023 15:20:39:DBManager:connection_data:Object reference not set to an instance of an object.
02-02-2023 15:20:39:DBManager:connection_data:Object reference not set to an instance of an object.
02-02-2023 15:20:39:DBManager:connection_data:Object reference not set to an instance of an object.
02-02-2023 15:20:39:DBManager:connection_data:Object reference not set to an instance of an object.
02-02-2023 15:20:39:DBManager:connection_data:Object reference not set to an instance of an object.
02-02-2023 15:20:39:DBManager:connection_data:Object reference not set to an instance of an object.
02-02-2023 15:20:39:DBManager:connection_data:Object reference not set to an instance of an object.
02-02-2023 15:20:39:DBManager:connection_data:Object reference not set to an instance of an object.
02-02-2023 15:20:39:DBManager:connection_data:Object reference not set to an instance of an object.
02-02-2023 15:20:39:DBManager:connection_data:Object reference not set to an instance of an object.
02-02-2023 15:20:39:DBManager:connection_data:Object reference not set to an instance of an object.
02-02-2023 15:20:39:DBManager:connection_data:Object reference not set to an instance of an object.
02-02-2023 15:20:39:DBManager:connection_data:Object reference not set to an instance of an object.
02-02-2023 15:20:39:DBManager:connection_data:Object reference not set to an instance of an object.
02-02-2023 15:20:39:DBManager:connection_data:Object reference not set to an instance of an object.
02-02-2023 15:20:39:DBManager:connection_data:Object reference not set to an instance of an object.
02-02-2023 15:20:39:DBManager:connection_data:Object reference not set to an instance of an object.
02-02-2023 15:20:39:DBManager:connection_data:Object reference not set to an instance of an object.
02-02-2023 15:20:39:DBManager:connection_data:Object reference not set to an instance of an object.
02-02-2023 15:20:39:DBManager:connection_data:Object reference not set to an instance of an object.
02-02-2023 15:20:39:DBManager:connection_data:Object reference not set to an instance of an object.
02-02-2023 15:20:39:DBManager:connection_data:Object reference not set to an instance of an object.
02-02-2023 15:20:39:DBManager:connection_data:Object reference not set to an instance of an object.
02-02-2023 15:20:39:DBManager:connection_data:Object reference not set to an instance of an object.
02-02-2023 15:20:39:DBManager:connection_data:Object reference not set to an instance of an object.
02-02-2023 15:20:39:DBManager:connection_data:Object reference not set to an instance of an object.
02-02-2023 15:20:39:DBManager:connection_data:Object reference not set to an instance of an object.
02-02-2023 15:20:39:DBManager:connection_data:Object reference not set to an instance of an object.
02-02-2023 15:20:39:DBManager:connection_data:Object reference not set to an instance of an object.
02-02-2023 15:20:39:DBManager:connection_data:Object reference not set to an instance of an object.
02-02-2023 15:20:39:DBManager:connection_data:Object reference not set to an instance of an object.
02-02-2023 15:20:39:DBManager:connection_data:Object reference not set to an instance of an object.
02-02-2023 15:20:39:DBManager:connection_data:Object reference not set to an instance of an object.
02-02-2023 15:20:39:DBManager:connection_data:Object reference not set to an instance of an object.
02-02-2023 15:20:39:DBManager:connection_data:Object reference not set to an instance of an object.
02-02-2023 15:20:39:DBManager:connection_data:Object reference not set to an instance of an object.
02-02-2023 15:20:39:DBManager:connection_data:Object reference not set to an instance of an object.
02-02-2023 15:20:39:DBManager:connection_data:Object reference not set to an instance of an object.
02-02-2023 15:20:39:DBManager:connection_data:Object reference not set to an instance of an object.
02-02-2023 15:20:39:DBManager:connection_data:Object reference not set to an instance of an object.
02-02-2023 15:20:39:DBManager:connection_data:Object reference not set to an instance of an object.
02-02-2023 15:20:39:DBManager:connection_data:Object reference not set to an instance of an object.
02-02-2023 15:20:39:DBManager:connection_data:Object reference not set to an instance of an object.
02-02-2023 15:20:39:DBManager:connection_data:Object reference not set to an instance of an object.
02-02-2023 15:20:39:DBManager:connection_data:Object reference not set to an instance of an object.
02-02-2023 15:20:39:DBManager:connection_data:Object reference not set to an instance of an object.
02-02-2023 15:20:39:DBManager:connection_data:Object reference not set to an instance of an object.
02-02-2023 15:20:39:DBManager:connection_data:Object reference not set to an instance of an object.
02-02-2023 15:20:39:DBManager:connection_data:Object reference not set to an instance of an object.
02-02-2023 15:20:39:DBManager:connection_data:Object reference not set to an instance of an object.
02-02-2023 15:20:39:DBManager:connection_data:Object reference not set to an instance of an object.
02-02-2023 15:20:39:DBManager:connection_data:Object reference not set to an instance of an object.
02-02-2023 15:20:39:DBManager:connection_data:Object reference not set to an instance of an object.
02-02-2023 15:20:39:DBManager:connection_data:Object reference not set to an instance of an object.
02-02-2023 15:20:39:DBManager:connection_data:Object reference not set to an instance of an object.
02-02-2023 15:20:39:DBManager:connection_data:Object reference not set to an instance of an object.
02-02-2023 15:20:39:DBManager:connection_data:Object reference not set to an instance of an object.
02-02-2023 15:20:39:DBManager:connection_data:Object reference not set to an instance of an object.
02-02-2023 15:20:39:DBManager:connection_data:Object reference not set to an instance of an object.
02-02-2023 15:20:39:DBManager:connection_data:Object reference not set to an instance of an object.
02-02-2023 15:20:39:DBManager:connection_data:Object reference not set to an instance of an object.
02-02-2023 15:20:39:DBManager:connection_data:Object reference not set to an instance of an object.
02-02-2023 15:20:39:DBManager:connection_data:Object reference not set to an instance of an object.
02-02-2023 15:20:39:DBManager:connection_data:Object reference not set to an instance of an object.
02-02-2023 15:20:39:DBManager:connection_data:Object reference not set to an instance of an object.
02-02-2023 15:20:39:DBManager:connection_data:Object reference not set to an instance of an object.
02-02-2023 15:20:39:DBManager:connection_data:Object reference not set to an instance of an object.
02-02-2023 15:20:42:DBManager:connection_data:Object reference not set to an instance of an object.
02-02-2023 15:20:42:DBManager:connection_data:Object reference not set to an instance of an object.
02-02-2023 15:20:42:DBManager:connection_data:Object reference not set to an instance of an object.
02-02-2023 15:20:42:DBManager:connection_data:Object reference not set to an instance of an object.
02-02-2023 15:20:42:DBManager:connection_data:Object reference not set to an instance of an object.
02-02-2023 15:20:42:DBManager:connection_data:Object reference not set to an instance of an object.
02-02-2023 15:20:42:DBManager:connection_data:Object reference not set to an instance of an object.
02-02-2023 15:20:42:DBManager:connection_data:Object reference not set to an instance of an object.
02-02-2023 15:20:42:DBManager:connection_data:Object reference not set to an instance of an object.
02-02-2023 15:20:42:DBManager:connection_data:Object reference not set to an instance of an object.
02-02-2023 15:20:42:DBManager:connection_data:Object reference not set to an instance of an object.
02-02-2023 15:20:42:DBManager:connection_data:Object reference not set to an instance of an object.
02-02-2023 15:20:42:DBManager:connection_data:Object reference not set to an instance of an object.
02-02-2023 15:20:42:DBManager:connection_data:Object reference not set to an instance of an object.
02-02-2023 15:20:42:DBManager:connection_data:Object reference not set to an instance of an object.
02-02-2023 15:20:42:DBManager:connection_data:Object reference not set to an instance of an object.
02-02-2023 15:20:42:DBManager:connection_data:Object reference not set to an instance of an object.
02-02-2023 15:20:42:DBManager:connection_data:Object reference not set to an instance of an object.
02-02-2023 15:20:42:DBManager:connection_data:Object reference not set to an instance of an object.
02-02-2023 15:20:42:DBManager:connection_data:Object reference not set to an instance of an object.
02-02-2023 15:20:42:DBManager:connection_data:Object reference not set to an instance of an object.
02-02-2023 15:20:42:DBManager:connection_data:Object reference not set to an instance of an object.
02-02-2023 15:20:42:DBManager:connection_data:Object reference not set to an instance of an object.
02-02-2023 15:20:42:DBManager:connection_data:Object reference not set to an instance of an object.
02-02-2023 15:20:42:DBManager:connection_data:Object reference not set to an instance of an object.
02-02-2023 15:20:42:DBManager:connection_data:Object reference not set to an instance of an object.
02-02-2023 15:20:42:DBManager:connection_data:Object reference not set to an instance of an object.
02-02-2023 15:20:42:DBManager:connection_data:Object reference not set to an instance of an object.
02-02-2023 15:20:42:DBManager:connection_data:Object reference not set to an instance of an object.
02-02-2023 15:20:42:DBManager:connection_data:Object reference not set to an instance of an object.
02-02-2023 15:20:42:DBManager:connection_data:Object reference not set to an instance of an object.
02-02-2023 15:20:42:DBManager:connection_data:Object reference not set to an instance of an object.
02-02-2023 15:20:42:DBManager:connection_data:Object reference not set to an instance of an object.
02-02-2023 15:20:42:DBManager:connection_data:Object reference not set to an instance of an object.
02-02-2023 15:20:42:DBManager:connection_data:Object reference not set to an instance of an object.
02-02-2023 15:20:42:DBManager:connection_data:Object reference not set to an instance of an object.
02-02-2023 15:20:42:DBManager:connection_data:Object reference not set to an instance of an object.
02-02-2023 15:20:42:DBManager:connection_data:Object reference not set to an instance of an object.
02-02-2023 15:20:42:DBManager:connection_data:Object reference not set to an instance of an object.
02-02-2023 15:20:42:DBManager:connection_data:Object reference not set to an instance of an object.
02-02-2023 15:20:42:DBManager:connection_data:Object reference not set to an instance of an object.
02-02-2023 15:20:42:DBManager:connection_data:Object reference not set to an instance of an object.
02-02-2023 15:20:42:DBManager:connection_data:Object reference not set to an instance of an object.
02-02-2023 15:20:42:DBManager:connection_data:Object reference not set to an instance of an object.
02-02-2023 15:20:42:DBManager:connection_data:Object reference not set to an instance of an object.
02-02-2023 15:20:42:DBManager:connection_data:Object reference not set to an instance of an object.
02-02-2023 15:20:42:DBManager:connection_data:Object reference not set to an instance of an object.
02-02-2023 15:20:42:DBManager:connection_data:Object reference not set to an instance of an object.
02-02-2023 15:20:42:DBManager:connection_data:Object reference not set to an instance of an object.
02-02-2023 15:20:42:DBManager:connection_data:Object reference not set to an instance of an object.
02-02-2023 15:20:42:DBManager:connection_data:Object reference not set to an instance of an object.
02-02-2023 15:20:42:DBManager:connection_data:Object reference not set to an instance of an object.
02-02-2023 15:20:42:DBManager:connection_data:Object reference not set to an instance of an object.
02-02-2023 15:20:42:DBManager:connection_data:Object reference not set to an instance of an object.
02-02-2023 15:20:42:DBManager:connection_data:Object reference not set to an instance of an object.
02-02-2023 15:20:42:DBManager:connection_data:Object reference not set to an instance of an object.
02-02-2023 15:20:42:DBManager:connection_data:Object reference not set to an instance of an object.
02-02-2023 15:20:42:DBManager:connection_data:Object reference not set to an instance of an object.
02-02-2023 15:20:42:DBManager:connection_data:Object reference not set to an instance of an object.
02-02-2023 15:20:42:DBManager:connection_data:Object reference not set to an instance of an object.
02-02-2023 15:20:42:DBManager:connection_data:Object reference not set to an instance of an object.
02-02-2023 15:20:42:DBManager:connection_data:Object reference not set to an instance of an object.
02-02-2023 15:20:42:DBManager:connection_data:Object reference not set to an instance of an object.
02-02-2023 15:20:42:DBManager:connection_data:Object reference not set to an instance of an object.
02-02-2023 15:20:42:DBManager:connection_data:Object reference not set to an instance of an object.
02-02-2023 15:20:42:DBManager:connection_data:Object reference not set to an instance of an object.
02-02-2023 15:20:42:DBManager:connection_data:Object reference not set to an instance of an object.
02-02-2023 15:20:42:DBManager:connection_data:Object reference not set to an instance of an object.
02-02-2023 15:20:42:DBManager:connection_data:Object reference not set to an instance of an object.
02-02-2023 15:20:42:DBManager:connection_data:Object reference not set to an instance of an object.
02-02-2023 15:20:42:DBManager:connection_data:Object reference not set to an instance of an object.
02-02-2023 15:20:42:DBManager:connection_data:Object reference not set to an instance of an object.
02-02-2023 15:20:42:DBManager:connection_data:Object reference not set to an instance of an object.
02-02-2023 15:20:42:DBManager:connection_data:Object reference not set to an instance of an object.
02-02-2023 15:20:42:DBManager:connection_data:Object reference not set to an instance of an object.
02-02-2023 15:20:42:DBManager:connection_data:Object reference not set to an instance of an object.
02-02-2023 15:20:42:DBManager:connection_data:Object reference not set to an instance of an object.
02-02-2023 15:20:42:DBManager:connection_data:Object reference not set to an instance of an object.
02-02-2023 15:20:42:DBManager:connection_data:Object reference not set to an instance of an object.
02-02-2023 15:20:42:DBManager:connection_data:Object reference not set to an instance of an object.
02-02-2023 15:20:42:DBManager:connection_data:Object reference not set to an instance of an object.
02-02-2023 15:20:42:DBManager:connection_data:Object reference not set to an instance of an object.
02-02-2023 15:20:42:DBManager:connection_data:Object reference not set to an instance of an object.
02-02-2023 15:20:42:DBManager:connection_data:Object reference not set to an instance of an object.
02-02-2023 15:20:42:DBManager:connection_data:Object reference not set to an instance of an object.
02-02-2023 15:20:42:DBManager:connection_data:Object reference not set to an instance of an object.
02/02/2023 3:20:42 PM:Stock_Management_Master: btn_Save_Click: save click start
02/02/2023 3:20:42 PM:Stock_Management_Master: btn_Save_Click: save click : Detail save in View state
02/02/2023 3:20:42 PM:Stock_Management_Master: btn_Save_Click: save click bind detail in grid
02/02/2023 3:20:42 PM:Stock_Management_Master: btn_Save_Click: save click before popup close
02-02-2023 15:20:45:DBManager:connection_data:Object reference not set to an instance of an object.
02-02-2023 15:20:45:DBManager:connection_data:Object reference not set to an instance of an object.
02-02-2023 15:20:45:DBManager:connection_data:Object reference not set to an instance of an object.
02-02-2023 15:20:45:DBManager:connection_data:Object reference not set to an instance of an object.
02-02-2023 15:20:45:DBManager:connection_data:Object reference not set to an instance of an object.
02-02-2023 15:20:45:DBManager:connection_data:Object reference not set to an instance of an object.
02-02-2023 15:20:45:DBManager:connection_data:Object reference not set to an instance of an object.
02-02-2023 15:20:45:DBManager:connection_data:Object reference not set to an instance of an object.
02-02-2023 15:20:45:DBManager:connection_data:Object reference not set to an instance of an object.
02-02-2023 15:20:45:DBManager:connection_data:Object reference not set to an instance of an object.
02-02-2023 15:20:45:DBManager:connection_data:Object reference not set to an instance of an object.
02-02-2023 15:20:45:DBManager:connection_data:Object reference not set to an instance of an object.
02-02-2023 15:20:45:DBManager:connection_data:Object reference not set to an instance of an object.
02-02-2023 15:20:45:DBManager:connection_data:Object reference not set to an instance of an object.
02-02-2023 15:20:45:DBManager:connection_data:Object reference not set to an instance of an object.
02-02-2023 15:20:45:DBManager:connection_data:Object reference not set to an instance of an object.
02-02-2023 15:20:45:DBManager:connection_data:Object reference not set to an instance of an object.
02-02-2023 15:20:45:DBManager:connection_data:Object reference not set to an instance of an object.
02-02-2023 15:20:45:DBManager:connection_data:Object reference not set to an instance of an object.
02-02-2023 15:20:45:DBManager:connection_data:Object reference not set to an instance of an object.
02-02-2023 15:20:45:DBManager:connection_data:Object reference not set to an instance of an object.
02-02-2023 15:20:45:DBManager:connection_data:Object reference not set to an instance of an object.
02-02-2023 15:20:45:DBManager:connection_data:Object reference not set to an instance of an object.
02-02-2023 15:20:45:DBManager:connection_data:Object reference not set to an instance of an object.
02-02-2023 15:20:45:DBManager:connection_data:Object reference not set to an instance of an object.
02-02-2023 15:20:45:DBManager:connection_data:Object reference not set to an instance of an object.
02-02-2023 15:20:45:DBManager:connection_data:Object reference not set to an instance of an object.
02-02-2023 15:20:45:DBManager:connection_data:Object reference not set to an instance of an object.
02-02-2023 15:20:45:DBManager:connection_data:Object reference not set to an instance of an object.
02-02-2023 15:20:45:DBManager:connection_data:Object reference not set to an instance of an object.
02-02-2023 15:20:45:DBManager:connection_data:Object reference not set to an instance of an object.
02-02-2023 15:20:45:DBManager:connection_data:Object reference not set to an instance of an object.
02-02-2023 15:20:45:DBManager:connection_data:Object reference not set to an instance of an object.
02-02-2023 15:20:45:DBManager:connection_data:Object reference not set to an instance of an object.
02-02-2023 15:20:45:DBManager:connection_data:Object reference not set to an instance of an object.
02-02-2023 15:20:45:DBManager:connection_data:Object reference not set to an instance of an object.
02-02-2023 15:20:45:DBManager:connection_data:Object reference not set to an instance of an object.
02-02-2023 15:20:45:DBManager:connection_data:Object reference not set to an instance of an object.
02-02-2023 15:20:45:DBManager:connection_data:Object reference not set to an instance of an object.
02-02-2023 15:20:45:DBManager:connection_data:Object reference not set to an instance of an object.
02-02-2023 15:20:45:DBManager:connection_data:Object reference not set to an instance of an object.
02-02-2023 15:20:45:DBManager:connection_data:Object reference not set to an instance of an object.
02-02-2023 15:20:45:DBManager:connection_data:Object reference not set to an instance of an object.
02-02-2023 15:20:45:DBManager:connection_data:Object reference not set to an instance of an object.
02-02-2023 15:20:45:DBManager:connection_data:Object reference not set to an instance of an object.
02-02-2023 15:20:45:DBManager:connection_data:Object reference not set to an instance of an object.
02-02-2023 15:20:45:DBManager:connection_data:Object reference not set to an instance of an object.
02-02-2023 15:20:45:DBManager:connection_data:Object reference not set to an instance of an object.
02-02-2023 15:20:45:DBManager:connection_data:Object reference not set to an instance of an object.
02-02-2023 15:20:45:DBManager:connection_data:Object reference not set to an instance of an object.
02-02-2023 15:20:45:DBManager:connection_data:Object reference not set to an instance of an object.
02-02-2023 15:20:45:DBManager:connection_data:Object reference not set to an instance of an object.
02-02-2023 15:20:45:DBManager:connection_data:Object reference not set to an instance of an object.
02-02-2023 15:20:45:DBManager:connection_data:Object reference not set to an instance of an object.
02-02-2023 15:20:45:DBManager:connection_data:Object reference not set to an instance of an object.
02-02-2023 15:20:45:DBManager:connection_data:Object reference not set to an instance of an object.
02-02-2023 15:20:45:DBManager:connection_data:Object reference not set to an instance of an object.
02-02-2023 15:20:45:DBManager:connection_data:Object reference not set to an instance of an object.
02-02-2023 15:20:45:DBManager:connection_data:Object reference not set to an instance of an object.
02-02-2023 15:20:45:DBManager:connection_data:Object reference not set to an instance of an object.
02-02-2023 15:20:45:DBManager:connection_data:Object reference not set to an instance of an object.
02-02-2023 15:20:45:DBManager:connection_data:Object reference not set to an instance of an object.
02-02-2023 15:20:45:DBManager:connection_data:Object reference not set to an instance of an object.
02-02-2023 15:20:45:DBManager:connection_data:Object reference not set to an instance of an object.
02-02-2023 15:20:45:DBManager:connection_data:Object reference not set to an instance of an object.
02-02-2023 15:20:45:DBManager:connection_data:Object reference not set to an instance of an object.
02-02-2023 15:20:45:DBManager:connection_data:Object reference not set to an instance of an object.
02-02-2023 15:20:45:DBManager:connection_data:Object reference not set to an instance of an object.
02-02-2023 15:20:45:DBManager:connection_data:Object reference not set to an instance of an object.
02-02-2023 15:20:45:DBManager:connection_data:Object reference not set to an instance of an object.
02-02-2023 15:20:45:DBManager:connection_data:Object reference not set to an instance of an object.
02-02-2023 15:20:45:DBManager:connection_data:Object reference not set to an instance of an object.
02-02-2023 15:20:45:DBManager:connection_data:Object reference not set to an instance of an object.
02-02-2023 15:20:45:DBManager:connection_data:Object reference not set to an instance of an object.
02-02-2023 15:20:45:DBManager:connection_data:Object reference not set to an instance of an object.
02-02-2023 15:20:45:DBManager:connection_data:Object reference not set to an instance of an object.
02-02-2023 15:20:45:DBManager:connection_data:Object reference not set to an instance of an object.
02-02-2023 15:20:45:DBManager:connection_data:Object reference not set to an instance of an object.
02-02-2023 15:20:45:DBManager:connection_data:Object reference not set to an instance of an object.
02-02-2023 15:20:45:DBManager:connection_data:Object reference not set to an instance of an object.
02-02-2023 15:20:45:DBManager:connection_data:Object reference not set to an instance of an object.
02-02-2023 15:20:45:DBManager:connection_data:Object reference not set to an instance of an object.
02-02-2023 15:20:45:DBManager:connection_data:Object reference not set to an instance of an object.
02-02-2023 15:20:45:DBManager:connection_data:Object reference not set to an instance of an object.
02-02-2023 15:20:45:DBManager:connection_data:Object reference not set to an instance of an object.
02-02-2023 15:20:45:DBManager:connection_data:Object reference not set to an instance of an object.
02/02/2023 3:20:45 PM:Stock_Management_Master:Insert_Size_Add_Submit: Insert function startjwmanagement
02/02/2023 3:20:45 PM:Stock_Management_Master:Insert_Size_Add_Submit: for_loop count : 1 store : jwmanagement
02/02/2023 3:20:45 PM:Stock_Management_Master:Insert_Size_Add_Submit: for_loop start : Product_ID : 55 store : jwmanagement
02/02/2023 3:20:47 PM:Stock_Management_Master:Insert_Size_Add_Submit: for_loop end : store : jwmanagement
02-02-2023 15:20:47:DBManager:connection_data:Object reference not set to an instance of an object.
02-02-2023 15:20:47:DBManager:connection_data:Object reference not set to an instance of an object.
02-02-2023 15:20:47:DBManager:connection_data:Object reference not set to an instance of an object.
02-02-2023 15:20:47:DBManager:connection_data:Object reference not set to an instance of an object.
02-02-2023 15:20:47:DBManager:connection_data:Object reference not set to an instance of an object.
02-02-2023 15:20:47:DBManager:connection_data:Object reference not set to an instance of an object.
02-02-2023 16:05:25:DBManager:connection_data:Object reference not set to an instance of an object.
02-02-2023 16:05:25:DBManager:connection_data:Object reference not set to an instance of an object.
02-02-2023 16:05:25:DBManager:connection_data:Object reference not set to an instance of an object.
02-02-2023 16:05:25:DBManager:connection_data:Object reference not set to an instance of an object.
02-02-2023 16:05:25:DBManager:connection_data:Object reference not set to an instance of an object.
02-02-2023 16:05:25:DBManager:connection_data:Object reference not set to an instance of an object.
02/02/2023 4:05:25 PM:MasterPage:Page_Init:Thread was being aborted.
02-02-2023 16:05:25:DBManager:connection_data:Object reference not set to an instance of an object.
02-02-2023 16:05:25:DBManager:connection_data:Object reference not set to an instance of an object.
02-02-2023 16:05:25:DBManager:connection_data:Object reference not set to an instance of an object.
02/02/2023 4:05:25 PM:SignIn:btnLogIn_Click:test
02-02-2023 16:05:39:DBManager:connection_data:Object reference not set to an instance of an object.
02-02-2023 16:05:39:DBManager:connection_data:Object reference not set to an instance of an object.
02-02-2023 16:05:39:DBManager:connection_data:Object reference not set to an instance of an object.
02/02/2023 4:05:39 PM:SignIn:btnLogIn_Click:test
02/02/2023 4:05:39 PM:SignIn:btnLogIn_Click4:
02/02/2023 4:05:39 PM:SignIn:btnLogIn_Click5:
02/02/2023 4:05:39 PM:SignIn:btnLogIn_Click7:
02/02/2023 4:05:39 PM:SignIn:btnLogIn_Click8:
02-02-2023 16:05:43:DBManager:connection_data:Object reference not set to an instance of an object.
02-02-2023 16:05:43:DBManager:connection_data:Object reference not set to an instance of an object.
02-02-2023 16:05:43:DBManager:connection_data:Object reference not set to an instance of an object.
02/02/2023 4:05:43 PM:SignIn:btnLogIn_Click:test
02/02/2023 4:05:43 PM:SignIn:btnLogIn_Click4:
02/02/2023 4:05:43 PM:SignIn:btnLogIn_Click5:
02/02/2023 4:05:43 PM:SignIn:btnLogIn_Click7:
02/02/2023 4:05:43 PM:SignIn:btnLogIn_Click8:
02/02/2023 4:05:43 PM:ClsDataccess:Getdatatable:The ConnectionString property has not been initialized.
02-02-2023 16:05:43:DBManager:connection_data:Object reference not set to an instance of an object.
02-02-2023 16:05:43:DBManager:connection_data:Object reference not set to an instance of an object.
02-02-2023 16:05:43:DBManager:connection_data:Object reference not set to an instance of an object.
02-02-2023 16:05:43:DBManager:connection_data:Object reference not set to an instance of an object.
02-02-2023 16:05:43:DBManager:connection_data:Object reference not set to an instance of an object.
02-02-2023 16:05:43:DBManager:connection_data:Object reference not set to an instance of an object.
02-02-2023 16:05:43:DBManager:connection_data:Object reference not set to an instance of an object.
02-02-2023 16:05:43:DBManager:connection_data:Object reference not set to an instance of an object.
02-02-2023 16:05:43:DBManager:connection_data:Object reference not set to an instance of an object.
02-02-2023 16:05:43:DBManager:connection_data:Object reference not set to an instance of an object.
02-02-2023 16:05:43:DBManager:connection_data:Object reference not set to an instance of an object.
02-02-2023 16:05:43:DBManager:connection_data:Object reference not set to an instance of an object.
02-02-2023 16:05:43:DBManager:connection_data:Object reference not set to an instance of an object.
02-02-2023 16:05:43:DBManager:connection_data:Object reference not set to an instance of an object.
02-02-2023 16:05:43:DBManager:connection_data:Object reference not set to an instance of an object.
02-02-2023 16:05:43:DBManager:connection_data:Object reference not set to an instance of an object.
02-02-2023 16:05:43:DBManager:connection_data:Object reference not set to an instance of an object.
02-02-2023 16:05:43:DBManager:connection_data:Object reference not set to an instance of an object.
02-02-2023 16:05:43:DBManager:connection_data:Object reference not set to an instance of an object.
02-02-2023 16:05:43:DBManager:connection_data:Object reference not set to an instance of an object.
02-02-2023 16:05:43:DBManager:connection_data:Object reference not set to an instance of an object.
02-02-2023 16:05:43:DBManager:connection_data:Object reference not set to an instance of an object.
02-02-2023 16:05:43:DBManager:connection_data:Object reference not set to an instance of an object.
02-02-2023 16:05:43:DBManager:connection_data:Object reference not set to an instance of an object.
02-02-2023 16:05:43:DBManager:connection_data:Object reference not set to an instance of an object.
02-02-2023 16:05:43:DBManager:connection_data:Object reference not set to an instance of an object.
02-02-2023 16:05:43:DBManager:connection_data:Object reference not set to an instance of an object.
02-02-2023 16:05:43:DBManager:connection_data:Object reference not set to an instance of an object.
02-02-2023 16:05:43:DBManager:connection_data:Object reference not set to an instance of an object.
02-02-2023 16:05:43:DBManager:connection_data:Object reference not set to an instance of an object.
02-02-2023 16:05:43:DBManager:connection_data:Object reference not set to an instance of an object.
02-02-2023 16:05:43:DBManager:connection_data:Object reference not set to an instance of an object.
02-02-2023 16:05:43:DBManager:connection_data:Object reference not set to an instance of an object.
02-02-2023 16:05:43:DBManager:connection_data:Object reference not set to an instance of an object.
02-02-2023 16:05:43:DBManager:connection_data:Object reference not set to an instance of an object.
02-02-2023 16:05:43:DBManager:connection_data:Object reference not set to an instance of an object.
02-02-2023 16:05:43:DBManager:connection_data:Object reference not set to an instance of an object.
02-02-2023 16:05:43:DBManager:connection_data:Object reference not set to an instance of an object.
02-02-2023 16:05:43:DBManager:connection_data:Object reference not set to an instance of an object.
02-02-2023 16:05:43:DBManager:connection_data:Object reference not set to an instance of an object.
02-02-2023 16:05:43:DBManager:connection_data:Object reference not set to an instance of an object.
02-02-2023 16:05:43:DBManager:connection_data:Object reference not set to an instance of an object.
02-02-2023 16:05:43:DBManager:connection_data:Object reference not set to an instance of an object.
02-02-2023 16:05:43:DBManager:connection_data:Object reference not set to an instance of an object.
02-02-2023 16:05:43:DBManager:connection_data:Object reference not set to an instance of an object.
02-02-2023 16:05:43:DBManager:connection_data:Object reference not set to an instance of an object.
02-02-2023 16:05:43:DBManager:connection_data:Object reference not set to an instance of an object.
02-02-2023 16:05:43:DBManager:connection_data:Object reference not set to an instance of an object.
02-02-2023 16:05:43:DBManager:connection_data:Object reference not set to an instance of an object.
02-02-2023 16:05:43:DBManager:connection_data:Object reference not set to an instance of an object.
02-02-2023 16:05:43:DBManager:connection_data:Object reference not set to an instance of an object.
02-02-2023 16:05:43:DBManager:connection_data:Object reference not set to an instance of an object.
02-02-2023 16:05:43:DBManager:connection_data:Object reference not set to an instance of an object.
02-02-2023 16:05:43:DBManager:connection_data:Object reference not set to an instance of an object.
02-02-2023 16:05:43:DBManager:connection_data:Object reference not set to an instance of an object.
02-02-2023 16:05:43:DBManager:connection_data:Object reference not set to an instance of an object.
02-02-2023 16:05:43:DBManager:connection_data:Object reference not set to an instance of an object.
02-02-2023 16:05:43:DBManager:connection_data:Object reference not set to an instance of an object.
02-02-2023 16:05:43:DBManager:connection_data:Object reference not set to an instance of an object.
02-02-2023 16:05:43:DBManager:connection_data:Object reference not set to an instance of an object.
02-02-2023 16:05:43:DBManager:connection_data:Object reference not set to an instance of an object.
02-02-2023 16:05:43:DBManager:connection_data:Object reference not set to an instance of an object.
02-02-2023 16:05:43:DBManager:connection_data:Object reference not set to an instance of an object.
02-02-2023 16:05:43:DBManager:connection_data:Object reference not set to an instance of an object.
02-02-2023 16:05:43:DBManager:connection_data:Object reference not set to an instance of an object.
02-02-2023 16:05:43:DBManager:connection_data:Object reference not set to an instance of an object.
02-02-2023 16:05:43:DBManager:connection_data:Object reference not set to an instance of an object.
02-02-2023 16:05:43:DBManager:connection_data:Object reference not set to an instance of an object.
02-02-2023 16:05:43:DBManager:connection_data:Object reference not set to an instance of an object.
02-02-2023 16:05:43:DBManager:connection_data:Object reference not set to an instance of an object.
02-02-2023 16:05:43:DBManager:connection_data:Object reference not set to an instance of an object.
02-02-2023 16:05:43:DBManager:connection_data:Object reference not set to an instance of an object.
02-02-2023 16:05:43:DBManager:connection_data:Object reference not set to an instance of an object.
02-02-2023 16:05:43:DBManager:connection_data:Object reference not set to an instance of an object.
02-02-2023 16:05:43:DBManager:connection_data:Object reference not set to an instance of an object.
02-02-2023 16:05:43:DBManager:connection_data:Object reference not set to an instance of an object.
02-02-2023 16:05:43:DBManager:connection_data:Object reference not set to an instance of an object.
02-02-2023 16:06:07:DBManager:connection_data:Object reference not set to an instance of an object.
02-02-2023 16:06:07:DBManager:connection_data:Object reference not set to an instance of an object.
02-02-2023 16:06:07:DBManager:connection_data:Object reference not set to an instance of an object.
02-02-2023 16:06:07:DBManager:connection_data:Object reference not set to an instance of an object.
02-02-2023 16:06:07:DBManager:connection_data:Object reference not set to an instance of an object.
02-02-2023 16:06:07:DBManager:connection_data:Object reference not set to an instance of an object.
02-02-2023 17:12:00:DBManager:connection_data:Object reference not set to an instance of an object.
02-02-2023 17:12:00:DBManager:connection_data:Object reference not set to an instance of an object.
02-02-2023 17:12:00:DBManager:connection_data:Object reference not set to an instance of an object.
02/02/2023 5:12:01 PM:SignIn:btnLogIn_Click:test
02-02-2023 17:14:09:DBManager:connection_data:Object reference not set to an instance of an object.
02-02-2023 17:14:09:DBManager:connection_data:Object reference not set to an instance of an object.
02-02-2023 17:14:09:DBManager:connection_data:Object reference not set to an instance of an object.
02/02/2023 5:14:09 PM:SignIn:btnLogIn_Click:test
02/02/2023 5:14:09 PM:SignIn:btnLogIn_Click4:
02/02/2023 5:14:09 PM:SignIn:btnLogIn_Click5:
02/02/2023 5:14:09 PM:SignIn:btnLogIn_Click7:
02/02/2023 5:14:09 PM:SignIn:btnLogIn_Click8:
02/02/2023 5:14:09 PM:ClsDataccess:Getdatatable:The ConnectionString property has not been initialized.
02-02-2023 17:14:09:DBManager:connection_data:Object reference not set to an instance of an object.
02-02-2023 17:14:09:DBManager:connection_data:Object reference not set to an instance of an object.
02-02-2023 17:14:09:DBManager:connection_data:Object reference not set to an instance of an object.
02-02-2023 17:14:09:DBManager:connection_data:Object reference not set to an instance of an object.
02-02-2023 17:14:09:DBManager:connection_data:Object reference not set to an instance of an object.
02-02-2023 17:14:09:DBManager:connection_data:Object reference not set to an instance of an object.
02-02-2023 17:14:09:DBManager:connection_data:Object reference not set to an instance of an object.
02-02-2023 17:14:09:DBManager:connection_data:Object reference not set to an instance of an object.
02-02-2023 17:14:09:DBManager:connection_data:Object reference not set to an instance of an object.
02-02-2023 17:14:09:DBManager:connection_data:Object reference not set to an instance of an object.
02-02-2023 17:14:09:DBManager:connection_data:Object reference not set to an instance of an object.
02-02-2023 17:14:09:DBManager:connection_data:Object reference not set to an instance of an object.
02-02-2023 17:14:09:DBManager:connection_data:Object reference not set to an instance of an object.
02-02-2023 17:14:09:DBManager:connection_data:Object reference not set to an instance of an object.
02-02-2023 17:14:09:DBManager:connection_data:Object reference not set to an instance of an object.
02-02-2023 17:14:09:DBManager:connection_data:Object reference not set to an instance of an object.
02-02-2023 17:14:09:DBManager:connection_data:Object reference not set to an instance of an object.
02-02-2023 17:14:09:DBManager:connection_data:Object reference not set to an instance of an object.
02-02-2023 17:14:09:DBManager:connection_data:Object reference not set to an instance of an object.
02-02-2023 17:14:09:DBManager:connection_data:Object reference not set to an instance of an object.
02-02-2023 17:14:09:DBManager:connection_data:Object reference not set to an instance of an object.
02-02-2023 17:14:09:DBManager:connection_data:Object reference not set to an instance of an object.
02-02-2023 17:14:09:DBManager:connection_data:Object reference not set to an instance of an object.
02-02-2023 17:14:09:DBManager:connection_data:Object reference not set to an instance of an object.
02-02-2023 17:14:09:DBManager:connection_data:Object reference not set to an instance of an object.
02-02-2023 17:14:09:DBManager:connection_data:Object reference not set to an instance of an object.
02-02-2023 17:14:09:DBManager:connection_data:Object reference not set to an instance of an object.
02-02-2023 17:14:09:DBManager:connection_data:Object reference not set to an instance of an object.
02-02-2023 17:14:09:DBManager:connection_data:Object reference not set to an instance of an object.
02-02-2023 17:14:09:DBManager:connection_data:Object reference not set to an instance of an object.
02-02-2023 17:14:09:DBManager:connection_data:Object reference not set to an instance of an object.
02-02-2023 17:14:09:DBManager:connection_data:Object reference not set to an instance of an object.
02-02-2023 17:14:09:DBManager:connection_data:Object reference not set to an instance of an object.
02-02-2023 17:14:09:DBManager:connection_data:Object reference not set to an instance of an object.
02-02-2023 17:14:09:DBManager:connection_data:Object reference not set to an instance of an object.
02-02-2023 17:14:09:DBManager:connection_data:Object reference not set to an instance of an object.
02-02-2023 17:14:09:DBManager:connection_data:Object reference not set to an instance of an object.
02-02-2023 17:14:09:DBManager:connection_data:Object reference not set to an instance of an object.
02-02-2023 17:14:09:DBManager:connection_data:Object reference not set to an instance of an object.
02-02-2023 17:14:09:DBManager:connection_data:Object reference not set to an instance of an object.
02-02-2023 17:14:09:DBManager:connection_data:Object reference not set to an instance of an object.
02-02-2023 17:14:09:DBManager:connection_data:Object reference not set to an instance of an object.
02-02-2023 17:14:09:DBManager:connection_data:Object reference not set to an instance of an object.
02-02-2023 17:14:09:DBManager:connection_data:Object reference not set to an instance of an object.
02-02-2023 17:14:09:DBManager:connection_data:Object reference not set to an instance of an object.
02-02-2023 17:14:09:DBManager:connection_data:Object reference not set to an instance of an object.
02-02-2023 17:14:09:DBManager:connection_data:Object reference not set to an instance of an object.
02-02-2023 17:14:09:DBManager:connection_data:Object reference not set to an instance of an object.
02-02-2023 17:14:09:DBManager:connection_data:Object reference not set to an instance of an object.
02-02-2023 17:14:09:DBManager:connection_data:Object reference not set to an instance of an object.
02-02-2023 17:14:09:DBManager:connection_data:Object reference not set to an instance of an object.
02-02-2023 17:14:09:DBManager:connection_data:Object reference not set to an instance of an object.
02-02-2023 17:14:09:DBManager:connection_data:Object reference not set to an instance of an object.
02-02-2023 17:14:09:DBManager:connection_data:Object reference not set to an instance of an object.
02-02-2023 17:14:09:DBManager:connection_data:Object reference not set to an instance of an object.
02-02-2023 17:14:09:DBManager:connection_data:Object reference not set to an instance of an object.
02-02-2023 17:14:09:DBManager:connection_data:Object reference not set to an instance of an object.
02-02-2023 17:14:09:DBManager:connection_data:Object reference not set to an instance of an object.
02-02-2023 17:14:09:DBManager:connection_data:Object reference not set to an instance of an object.
02-02-2023 17:14:09:DBManager:connection_data:Object reference not set to an instance of an object.
02-02-2023 17:14:09:DBManager:connection_data:Object reference not set to an instance of an object.
02-02-2023 17:14:09:DBManager:connection_data:Object reference not set to an instance of an object.
02-02-2023 17:14:09:DBManager:connection_data:Object reference not set to an instance of an object.
02-02-2023 17:14:09:DBManager:connection_data:Object reference not set to an instance of an object.
02-02-2023 17:14:09:DBManager:connection_data:Object reference not set to an instance of an object.
02-02-2023 17:14:09:DBManager:connection_data:Object reference not set to an instance of an object.
02-02-2023 17:14:09:DBManager:connection_data:Object reference not set to an instance of an object.
02-02-2023 17:14:09:DBManager:connection_data:Object reference not set to an instance of an object.
02-02-2023 17:14:09:DBManager:connection_data:Object reference not set to an instance of an object.
02-02-2023 17:14:09:DBManager:connection_data:Object reference not set to an instance of an object.
02-02-2023 17:14:09:DBManager:connection_data:Object reference not set to an instance of an object.
02-02-2023 17:14:09:DBManager:connection_data:Object reference not set to an instance of an object.
02-02-2023 17:14:09:DBManager:connection_data:Object reference not set to an instance of an object.
02-02-2023 17:14:09:DBManager:connection_data:Object reference not set to an instance of an object.
02-02-2023 17:14:09:DBManager:connection_data:Object reference not set to an instance of an object.
02-02-2023 17:14:09:DBManager:connection_data:Object reference not set to an instance of an object.
02-02-2023 17:14:09:DBManager:connection_data:Object reference not set to an instance of an object.
02-02-2023 17:24:09:DBManager:connection_data:Object reference not set to an instance of an object.
02-02-2023 17:24:09:DBManager:connection_data:Object reference not set to an instance of an object.
02-02-2023 17:24:09:DBManager:connection_data:Object reference not set to an instance of an object.
02-02-2023 17:24:09:DBManager:connection_data:Object reference not set to an instance of an object.
02-02-2023 17:24:09:DBManager:connection_data:Object reference not set to an instance of an object.
02-02-2023 17:24:09:DBManager:connection_data:Object reference not set to an instance of an object.
02-02-2023 17:24:10:DBManager:connection_data:Object reference not set to an instance of an object.
02-02-2023 17:24:10:DBManager:connection_data:Object reference not set to an instance of an object.
02-02-2023 17:24:10:DBManager:connection_data:Object reference not set to an instance of an object.
02-02-2023 17:24:10:DBManager:connection_data:Object reference not set to an instance of an object.
02-02-2023 17:24:10:DBManager:connection_data:Object reference not set to an instance of an object.
02-02-2023 17:24:10:DBManager:connection_data:Object reference not set to an instance of an object.
02-02-2023 17:24:10:DBManager:connection_data:Object reference not set to an instance of an object.
02-02-2023 17:24:10:DBManager:connection_data:Object reference not set to an instance of an object.
02-02-2023 17:24:10:DBManager:connection_data:Object reference not set to an instance of an object.
02-02-2023 17:24:10:DBManager:connection_data:Object reference not set to an instance of an object.
02-02-2023 17:24:10:DBManager:connection_data:Object reference not set to an instance of an object.
02-02-2023 17:24:10:DBManager:connection_data:Object reference not set to an instance of an object.
02-02-2023 17:24:10:DBManager:connection_data:Object reference not set to an instance of an object.
02-02-2023 17:24:10:DBManager:connection_data:Object reference not set to an instance of an object.
02-02-2023 17:24:10:DBManager:connection_data:Object reference not set to an instance of an object.
02-02-2023 17:24:10:DBManager:connection_data:Object reference not set to an instance of an object.
02-02-2023 17:24:10:DBManager:connection_data:Object reference not set to an instance of an object.
02-02-2023 17:24:10:DBManager:connection_data:Object reference not set to an instance of an object.
02-02-2023 17:24:10:DBManager:connection_data:Object reference not set to an instance of an object.
02-02-2023 17:24:10:DBManager:connection_data:Object reference not set to an instance of an object.
02-02-2023 17:24:10:DBManager:connection_data:Object reference not set to an instance of an object.
02-02-2023 17:24:10:DBManager:connection_data:Object reference not set to an instance of an object.
02-02-2023 17:24:10:DBManager:connection_data:Object reference not set to an instance of an object.
02-02-2023 17:24:10:DBManager:connection_data:Object reference not set to an instance of an object.
02-02-2023 17:24:10:DBManager:connection_data:Object reference not set to an instance of an object.
02-02-2023 17:24:10:DBManager:connection_data:Object reference not set to an instance of an object.
02-02-2023 17:24:10:DBManager:connection_data:Object reference not set to an instance of an object.
02-02-2023 17:24:10:DBManager:connection_data:Object reference not set to an instance of an object.
02-02-2023 17:24:10:DBManager:connection_data:Object reference not set to an instance of an object.
02-02-2023 17:24:10:DBManager:connection_data:Object reference not set to an instance of an object.
02-02-2023 17:24:10:DBManager:connection_data:Object reference not set to an instance of an object.
02-02-2023 17:24:10:DBManager:connection_data:Object reference not set to an instance of an object.
02-02-2023 17:24:10:DBManager:connection_data:Object reference not set to an instance of an object.
02-02-2023 17:24:10:DBManager:connection_data:Object reference not set to an instance of an object.
02-02-2023 17:24:10:DBManager:connection_data:Object reference not set to an instance of an object.
02-02-2023 17:24:10:DBManager:connection_data:Object reference not set to an instance of an object.
02-02-2023 17:24:10:DBManager:connection_data:Object reference not set to an instance of an object.
02-02-2023 17:24:10:DBManager:connection_data:Object reference not set to an instance of an object.
02-02-2023 17:24:10:DBManager:connection_data:Object reference not set to an instance of an object.
02-02-2023 17:24:10:DBManager:connection_data:Object reference not set to an instance of an object.
02-02-2023 17:24:10:DBManager:connection_data:Object reference not set to an instance of an object.
02-02-2023 17:24:10:DBManager:connection_data:Object reference not set to an instance of an object.
02-02-2023 17:24:10:DBManager:connection_data:Object reference not set to an instance of an object.
02-02-2023 17:24:10:DBManager:connection_data:Object reference not set to an instance of an object.
02-02-2023 17:24:10:DBManager:connection_data:Object reference not set to an instance of an object.
02-02-2023 17:24:10:DBManager:connection_data:Object reference not set to an instance of an object.
02-02-2023 17:24:10:DBManager:connection_data:Object reference not set to an instance of an object.
02-02-2023 17:24:10:DBManager:connection_data:Object reference not set to an instance of an object.
02-02-2023 17:24:10:DBManager:connection_data:Object reference not set to an instance of an object.
02-02-2023 17:24:10:DBManager:connection_data:Object reference not set to an instance of an object.
02-02-2023 17:24:10:DBManager:connection_data:Object reference not set to an instance of an object.
02-02-2023 17:24:10:DBManager:connection_data:Object reference not set to an instance of an object.
02-02-2023 17:24:10:DBManager:connection_data:Object reference not set to an instance of an object.
02-02-2023 17:24:10:DBManager:connection_data:Object reference not set to an instance of an object.
02-02-2023 17:24:10:DBManager:connection_data:Object reference not set to an instance of an object.
02-02-2023 17:24:10:DBManager:connection_data:Object reference not set to an instance of an object.
02-02-2023 17:24:10:DBManager:connection_data:Object reference not set to an instance of an object.
02-02-2023 17:24:10:DBManager:connection_data:Object reference not set to an instance of an object.
02-02-2023 17:24:10:DBManager:connection_data:Object reference not set to an instance of an object.
02-02-2023 17:24:10:DBManager:connection_data:Object reference not set to an instance of an object.
02-02-2023 17:24:10:DBManager:connection_data:Object reference not set to an instance of an object.
02-02-2023 17:24:10:DBManager:connection_data:Object reference not set to an instance of an object.
02-02-2023 17:24:10:DBManager:connection_data:Object reference not set to an instance of an object.
02-02-2023 17:24:10:DBManager:connection_data:Object reference not set to an instance of an object.
02-02-2023 17:24:10:DBManager:connection_data:Object reference not set to an instance of an object.
02-02-2023 17:24:10:DBManager:connection_data:Object reference not set to an instance of an object.
02-02-2023 17:24:10:DBManager:connection_data:Object reference not set to an instance of an object.
02-02-2023 17:24:10:DBManager:connection_data:Object reference not set to an instance of an object.
02-02-2023 17:24:10:DBManager:connection_data:Object reference not set to an instance of an object.
02-02-2023 17:24:10:DBManager:connection_data:Object reference not set to an instance of an object.
02-02-2023 17:24:10:DBManager:connection_data:Object reference not set to an instance of an object.
02-02-2023 17:24:10:DBManager:connection_data:Object reference not set to an instance of an object.
02-02-2023 17:24:10:DBManager:connection_data:Object reference not set to an instance of an object.
02-02-2023 17:24:10:DBManager:connection_data:Object reference not set to an instance of an object.
02-02-2023 17:24:10:DBManager:connection_data:Object reference not set to an instance of an object.
02-02-2023 17:24:10:DBManager:connection_data:Object reference not set to an instance of an object.
02-02-2023 17:24:10:DBManager:connection_data:Object reference not set to an instance of an object.
02-02-2023 17:24:10:DBManager:connection_data:Object reference not set to an instance of an object.
02-02-2023 17:24:10:DBManager:connection_data:Object reference not set to an instance of an object.
02-02-2023 17:24:10:DBManager:connection_data:Object reference not set to an instance of an object.
02-02-2023 17:24:10:DBManager:connection_data:Object reference not set to an instance of an object.
02-02-2023 17:24:10:DBManager:connection_data:Object reference not set to an instance of an object.
02-02-2023 17:24:10:DBManager:connection_data:Object reference not set to an instance of an object.
02-02-2023 17:24:10:DBManager:connection_data:Object reference not set to an instance of an object.
02-02-2023 17:24:10:DBManager:connection_data:Object reference not set to an instance of an object.
02-02-2023 17:24:10:DBManager:connection_data:Object reference not set to an instance of an object.
02-02-2023 17:24:10:DBManager:connection_data:Object reference not set to an instance of an object.
02-02-2023 17:24:10:DBManager:connection_data:Object reference not set to an instance of an object.
02-02-2023 17:24:10:DBManager:connection_data:Object reference not set to an instance of an object.
02-02-2023 17:24:10:DBManager:connection_data:Object reference not set to an instance of an object.
02-02-2023 17:24:10:DBManager:connection_data:Object reference not set to an instance of an object.
02-02-2023 17:24:10:DBManager:connection_data:Object reference not set to an instance of an object.
