07-06-2023 19:22:36:DBManager:connection_data:Object reference not set to an instance of an object.
07-06-2023 19:22:36:DBManager:connection_data:Object reference not set to an instance of an object.
07-06-2023 19:22:36:DBManager:connection_data:Object reference not set to an instance of an object.
07/06/2023 7:22:36 PM:SignIn:btnLogIn_Click:test
07-06-2023 19:23:30:DBManager:connection_data:Object reference not set to an instance of an object.
07-06-2023 19:23:30:DBManager:connection_data:Object reference not set to an instance of an object.
07-06-2023 19:23:30:DBManager:connection_data:Object reference not set to an instance of an object.
07/06/2023 7:23:30 PM:SignIn:btnLogIn_Click:test
07/06/2023 7:23:34 PM:SignIn:btnLogIn_Click:A network-related or instance-specific error occurred while establishing a connection to SQL Server. The server was not found or was not accessible. Verify that the instance name is correct and that SQL Server is configured to allow remote connections. (provider: SQL Network Interfaces, error: 26 - Error Locating Server/Instance Specified)
07-06-2023 19:24:05:DBManager:connection_data:Object reference not set to an instance of an object.
07-06-2023 19:24:05:DBManager:connection_data:Object reference not set to an instance of an object.
07-06-2023 19:24:05:DBManager:connection_data:Object reference not set to an instance of an object.
07/06/2023 7:24:05 PM:SignIn:btnLogIn_Click:test
07-06-2023 19:24:41:DBManager:connection_data:Object reference not set to an instance of an object.
07-06-2023 19:24:41:DBManager:connection_data:Object reference not set to an instance of an object.
07-06-2023 19:24:41:DBManager:connection_data:Object reference not set to an instance of an object.
07/06/2023 7:24:42 PM:SignIn:btnLogIn_Click:test
07-06-2023 19:25:37:DBManager:connection_data:Object reference not set to an instance of an object.
07-06-2023 19:25:37:DBManager:connection_data:Object reference not set to an instance of an object.
07-06-2023 19:25:37:DBManager:connection_data:Object reference not set to an instance of an object.
07/06/2023 7:25:37 PM:SignIn:btnLogIn_Click:test
07/06/2023 7:25:39 PM:SignIn:btnLogIn_Click4:
07/06/2023 7:25:39 PM:SignIn:btnLogIn_Click5:
07/06/2023 7:25:39 PM:SignIn:btnLogIn_Click7:
07/06/2023 7:25:40 PM:SignIn:btnLogIn_Click8:
07/06/2023 7:25:40 PM:ClsDataccess:Getdatatable:The ConnectionString property has not been initialized.
07-06-2023 19:25:41:DBManager:connection_data:Object reference not set to an instance of an object.
07-06-2023 19:25:41:DBManager:connection_data:Object reference not set to an instance of an object.
07-06-2023 19:25:41:DBManager:connection_data:Object reference not set to an instance of an object.
07-06-2023 19:25:41:DBManager:connection_data:Object reference not set to an instance of an object.
07-06-2023 19:25:41:DBManager:connection_data:Object reference not set to an instance of an object.
07-06-2023 19:25:41:DBManager:connection_data:Object reference not set to an instance of an object.
07-06-2023 19:25:41:DBManager:connection_data:Object reference not set to an instance of an object.
07-06-2023 19:25:41:DBManager:connection_data:Object reference not set to an instance of an object.
07-06-2023 19:25:41:DBManager:connection_data:Object reference not set to an instance of an object.
07-06-2023 19:25:41:DBManager:connection_data:Object reference not set to an instance of an object.
07-06-2023 19:25:41:DBManager:connection_data:Object reference not set to an instance of an object.
07-06-2023 19:25:41:DBManager:connection_data:Object reference not set to an instance of an object.
07-06-2023 19:25:41:DBManager:connection_data:Object reference not set to an instance of an object.
07-06-2023 19:25:41:DBManager:connection_data:Object reference not set to an instance of an object.
07-06-2023 19:25:41:DBManager:connection_data:Object reference not set to an instance of an object.
07-06-2023 19:25:41:DBManager:connection_data:Object reference not set to an instance of an object.
07-06-2023 19:25:41:DBManager:connection_data:Object reference not set to an instance of an object.
07-06-2023 19:25:41:DBManager:connection_data:Object reference not set to an instance of an object.
07-06-2023 19:25:41:DBManager:connection_data:Object reference not set to an instance of an object.
07-06-2023 19:25:41:DBManager:connection_data:Object reference not set to an instance of an object.
07-06-2023 19:25:41:DBManager:connection_data:Object reference not set to an instance of an object.
07-06-2023 19:25:41:DBManager:connection_data:Object reference not set to an instance of an object.
07-06-2023 19:25:42:DBManager:connection_data:Object reference not set to an instance of an object.
07-06-2023 19:25:42:DBManager:connection_data:Object reference not set to an instance of an object.
07-06-2023 19:25:42:DBManager:connection_data:Object reference not set to an instance of an object.
07-06-2023 19:25:42:DBManager:connection_data:Object reference not set to an instance of an object.
07-06-2023 19:25:42:DBManager:connection_data:Object reference not set to an instance of an object.
07-06-2023 19:25:42:DBManager:connection_data:Object reference not set to an instance of an object.
07-06-2023 19:25:42:DBManager:connection_data:Object reference not set to an instance of an object.
07-06-2023 19:25:42:DBManager:connection_data:Object reference not set to an instance of an object.
07-06-2023 19:25:42:DBManager:connection_data:Object reference not set to an instance of an object.
07-06-2023 19:25:42:DBManager:connection_data:Object reference not set to an instance of an object.
07-06-2023 19:25:42:DBManager:connection_data:Object reference not set to an instance of an object.
07-06-2023 19:25:42:DBManager:connection_data:Object reference not set to an instance of an object.
07-06-2023 19:25:42:DBManager:connection_data:Object reference not set to an instance of an object.
07-06-2023 19:25:42:DBManager:connection_data:Object reference not set to an instance of an object.
07-06-2023 19:25:42:DBManager:connection_data:Object reference not set to an instance of an object.
07-06-2023 19:25:42:DBManager:connection_data:Object reference not set to an instance of an object.
07-06-2023 19:25:42:DBManager:connection_data:Object reference not set to an instance of an object.
07-06-2023 19:25:42:DBManager:connection_data:Object reference not set to an instance of an object.
07-06-2023 19:25:42:DBManager:connection_data:Object reference not set to an instance of an object.
07-06-2023 19:25:42:DBManager:connection_data:Object reference not set to an instance of an object.
07-06-2023 19:25:42:DBManager:connection_data:Object reference not set to an instance of an object.
07-06-2023 19:25:42:DBManager:connection_data:Object reference not set to an instance of an object.
07-06-2023 19:25:42:DBManager:connection_data:Object reference not set to an instance of an object.
07-06-2023 19:25:42:DBManager:connection_data:Object reference not set to an instance of an object.
07-06-2023 19:25:42:DBManager:connection_data:Object reference not set to an instance of an object.
07-06-2023 19:25:42:DBManager:connection_data:Object reference not set to an instance of an object.
07-06-2023 19:25:42:DBManager:connection_data:Object reference not set to an instance of an object.
07-06-2023 19:25:42:DBManager:connection_data:Object reference not set to an instance of an object.
07-06-2023 19:25:42:DBManager:connection_data:Object reference not set to an instance of an object.
07-06-2023 19:25:42:DBManager:connection_data:Object reference not set to an instance of an object.
07-06-2023 19:25:42:DBManager:connection_data:Object reference not set to an instance of an object.
07-06-2023 19:25:42:DBManager:connection_data:Object reference not set to an instance of an object.
07-06-2023 19:25:42:DBManager:connection_data:Object reference not set to an instance of an object.
07-06-2023 19:25:42:DBManager:connection_data:Object reference not set to an instance of an object.
07-06-2023 19:25:42:DBManager:connection_data:Object reference not set to an instance of an object.
07-06-2023 19:25:42:DBManager:connection_data:Object reference not set to an instance of an object.
07-06-2023 19:25:42:DBManager:connection_data:Object reference not set to an instance of an object.
07-06-2023 19:25:42:DBManager:connection_data:Object reference not set to an instance of an object.
07-06-2023 19:25:43:DBManager:connection_data:Object reference not set to an instance of an object.
07-06-2023 19:25:43:DBManager:connection_data:Object reference not set to an instance of an object.
07-06-2023 19:25:43:DBManager:connection_data:Object reference not set to an instance of an object.
07-06-2023 19:25:43:DBManager:connection_data:Object reference not set to an instance of an object.
07-06-2023 19:25:43:DBManager:connection_data:Object reference not set to an instance of an object.
07-06-2023 19:25:43:DBManager:connection_data:Object reference not set to an instance of an object.
07-06-2023 19:25:43:DBManager:connection_data:Object reference not set to an instance of an object.
07-06-2023 19:25:43:DBManager:connection_data:Object reference not set to an instance of an object.
07-06-2023 19:25:43:DBManager:connection_data:Object reference not set to an instance of an object.
07-06-2023 19:25:43:DBManager:connection_data:Object reference not set to an instance of an object.
07-06-2023 19:25:43:DBManager:connection_data:Object reference not set to an instance of an object.
07-06-2023 19:25:43:DBManager:connection_data:Object reference not set to an instance of an object.
07-06-2023 19:25:43:DBManager:connection_data:Object reference not set to an instance of an object.
07-06-2023 19:25:43:DBManager:connection_data:Object reference not set to an instance of an object.
07-06-2023 19:25:43:DBManager:connection_data:Object reference not set to an instance of an object.
07-06-2023 19:25:43:DBManager:connection_data:Object reference not set to an instance of an object.
07-06-2023 19:25:43:DBManager:connection_data:Object reference not set to an instance of an object.
07-06-2023 19:25:51:DBManager:connection_data:Object reference not set to an instance of an object.
07-06-2023 19:25:51:DBManager:connection_data:Object reference not set to an instance of an object.
07-06-2023 19:25:51:DBManager:connection_data:Object reference not set to an instance of an object.
07-06-2023 19:25:51:DBManager:connection_data:Object reference not set to an instance of an object.
07-06-2023 19:25:51:DBManager:connection_data:Object reference not set to an instance of an object.
07-06-2023 19:25:51:DBManager:connection_data:Object reference not set to an instance of an object.
07-06-2023 19:25:55:DBManager:connection_data:Object reference not set to an instance of an object.
07-06-2023 19:25:55:DBManager:connection_data:Object reference not set to an instance of an object.
07-06-2023 19:25:55:DBManager:connection_data:Object reference not set to an instance of an object.
07-06-2023 19:25:55:DBManager:connection_data:Object reference not set to an instance of an object.
07-06-2023 19:25:55:DBManager:connection_data:Object reference not set to an instance of an object.
07-06-2023 19:25:55:DBManager:connection_data:Object reference not set to an instance of an object.
07-06-2023 19:25:55:DBManager:connection_data:Object reference not set to an instance of an object.
07-06-2023 19:25:55:DBManager:connection_data:Object reference not set to an instance of an object.
07-06-2023 19:25:55:DBManager:connection_data:Object reference not set to an instance of an object.
07-06-2023 19:25:55:DBManager:connection_data:Object reference not set to an instance of an object.
07-06-2023 19:25:55:DBManager:connection_data:Object reference not set to an instance of an object.
07-06-2023 19:25:55:DBManager:connection_data:Object reference not set to an instance of an object.
07-06-2023 19:25:55:DBManager:connection_data:Object reference not set to an instance of an object.
07-06-2023 19:25:55:DBManager:connection_data:Object reference not set to an instance of an object.
07-06-2023 19:25:55:DBManager:connection_data:Object reference not set to an instance of an object.
07-06-2023 19:25:55:DBManager:connection_data:Object reference not set to an instance of an object.
07-06-2023 19:25:55:DBManager:connection_data:Object reference not set to an instance of an object.
07-06-2023 19:25:55:DBManager:connection_data:Object reference not set to an instance of an object.
07-06-2023 19:25:55:DBManager:connection_data:Object reference not set to an instance of an object.
07-06-2023 19:25:55:DBManager:connection_data:Object reference not set to an instance of an object.
07-06-2023 19:25:55:DBManager:connection_data:Object reference not set to an instance of an object.
07-06-2023 19:25:55:DBManager:connection_data:Object reference not set to an instance of an object.
07-06-2023 19:25:55:DBManager:connection_data:Object reference not set to an instance of an object.
07-06-2023 19:25:55:DBManager:connection_data:Object reference not set to an instance of an object.
07-06-2023 19:25:56:DBManager:connection_data:Object reference not set to an instance of an object.
07-06-2023 19:25:56:DBManager:connection_data:Object reference not set to an instance of an object.
07-06-2023 19:25:56:DBManager:connection_data:Object reference not set to an instance of an object.
07-06-2023 19:25:56:DBManager:connection_data:Object reference not set to an instance of an object.
07-06-2023 19:25:56:DBManager:connection_data:Object reference not set to an instance of an object.
07-06-2023 19:25:56:DBManager:connection_data:Object reference not set to an instance of an object.
07-06-2023 19:25:56:DBManager:connection_data:Object reference not set to an instance of an object.
07-06-2023 19:25:56:DBManager:connection_data:Object reference not set to an instance of an object.
07-06-2023 19:25:56:DBManager:connection_data:Object reference not set to an instance of an object.
07-06-2023 19:25:56:DBManager:connection_data:Object reference not set to an instance of an object.
07-06-2023 19:25:56:DBManager:connection_data:Object reference not set to an instance of an object.
07-06-2023 19:25:56:DBManager:connection_data:Object reference not set to an instance of an object.
07-06-2023 19:25:56:DBManager:connection_data:Object reference not set to an instance of an object.
07-06-2023 19:25:56:DBManager:connection_data:Object reference not set to an instance of an object.
07-06-2023 19:25:56:DBManager:connection_data:Object reference not set to an instance of an object.
07-06-2023 19:25:56:DBManager:connection_data:Object reference not set to an instance of an object.
07-06-2023 19:25:56:DBManager:connection_data:Object reference not set to an instance of an object.
07-06-2023 19:25:56:DBManager:connection_data:Object reference not set to an instance of an object.
07-06-2023 19:25:56:DBManager:connection_data:Object reference not set to an instance of an object.
07-06-2023 19:25:56:DBManager:connection_data:Object reference not set to an instance of an object.
07-06-2023 19:25:56:DBManager:connection_data:Object reference not set to an instance of an object.
07-06-2023 19:25:56:DBManager:connection_data:Object reference not set to an instance of an object.
07-06-2023 19:25:56:DBManager:connection_data:Object reference not set to an instance of an object.
07-06-2023 19:25:56:DBManager:connection_data:Object reference not set to an instance of an object.
07-06-2023 19:25:56:DBManager:connection_data:Object reference not set to an instance of an object.
07-06-2023 19:25:56:DBManager:connection_data:Object reference not set to an instance of an object.
07-06-2023 19:25:56:DBManager:connection_data:Object reference not set to an instance of an object.
07-06-2023 19:25:56:DBManager:connection_data:Object reference not set to an instance of an object.
07-06-2023 19:25:56:DBManager:connection_data:Object reference not set to an instance of an object.
07-06-2023 19:25:56:DBManager:connection_data:Object reference not set to an instance of an object.
07-06-2023 19:25:56:DBManager:connection_data:Object reference not set to an instance of an object.
07-06-2023 19:25:56:DBManager:connection_data:Object reference not set to an instance of an object.
07-06-2023 19:25:56:DBManager:connection_data:Object reference not set to an instance of an object.
07-06-2023 19:25:56:DBManager:connection_data:Object reference not set to an instance of an object.
07-06-2023 19:25:56:DBManager:connection_data:Object reference not set to an instance of an object.
07-06-2023 19:25:56:DBManager:connection_data:Object reference not set to an instance of an object.
07-06-2023 19:25:56:DBManager:connection_data:Object reference not set to an instance of an object.
07-06-2023 19:25:56:DBManager:connection_data:Object reference not set to an instance of an object.
07-06-2023 19:25:56:DBManager:connection_data:Object reference not set to an instance of an object.
07-06-2023 19:25:56:DBManager:connection_data:Object reference not set to an instance of an object.
07-06-2023 19:25:56:DBManager:connection_data:Object reference not set to an instance of an object.
07-06-2023 19:25:56:DBManager:connection_data:Object reference not set to an instance of an object.
07-06-2023 19:25:57:DBManager:connection_data:Object reference not set to an instance of an object.
07-06-2023 19:25:57:DBManager:connection_data:Object reference not set to an instance of an object.
07-06-2023 19:25:57:DBManager:connection_data:Object reference not set to an instance of an object.
07-06-2023 19:25:57:DBManager:connection_data:Object reference not set to an instance of an object.
07-06-2023 19:25:57:DBManager:connection_data:Object reference not set to an instance of an object.
07-06-2023 19:25:57:DBManager:connection_data:Object reference not set to an instance of an object.
07-06-2023 19:25:57:DBManager:connection_data:Object reference not set to an instance of an object.
07-06-2023 19:25:57:DBManager:connection_data:Object reference not set to an instance of an object.
07-06-2023 19:25:57:DBManager:connection_data:Object reference not set to an instance of an object.
07-06-2023 19:25:57:DBManager:connection_data:Object reference not set to an instance of an object.
07-06-2023 19:25:57:DBManager:connection_data:Object reference not set to an instance of an object.
07-06-2023 19:25:57:DBManager:connection_data:Object reference not set to an instance of an object.
07-06-2023 19:25:57:DBManager:connection_data:Object reference not set to an instance of an object.
07-06-2023 19:25:57:DBManager:connection_data:Object reference not set to an instance of an object.
07-06-2023 19:25:57:DBManager:connection_data:Object reference not set to an instance of an object.
07-06-2023 19:25:57:DBManager:connection_data:Object reference not set to an instance of an object.
07-06-2023 19:25:57:DBManager:connection_data:Object reference not set to an instance of an object.
07-06-2023 19:25:57:DBManager:connection_data:Object reference not set to an instance of an object.
07-06-2023 19:25:57:DBManager:connection_data:Object reference not set to an instance of an object.
07-06-2023 19:25:57:DBManager:connection_data:Object reference not set to an instance of an object.
07-06-2023 19:26:02:DBManager:connection_data:Object reference not set to an instance of an object.
07-06-2023 19:26:02:DBManager:connection_data:Object reference not set to an instance of an object.
07-06-2023 19:26:02:DBManager:connection_data:Object reference not set to an instance of an object.
07-06-2023 19:26:02:DBManager:connection_data:Object reference not set to an instance of an object.
07-06-2023 19:26:02:DBManager:connection_data:Object reference not set to an instance of an object.
07-06-2023 19:26:02:DBManager:connection_data:Object reference not set to an instance of an object.
07-06-2023 19:26:02:DBManager:connection_data:Object reference not set to an instance of an object.
07-06-2023 19:26:02:DBManager:connection_data:Object reference not set to an instance of an object.
07-06-2023 19:26:02:DBManager:connection_data:Object reference not set to an instance of an object.
07-06-2023 19:26:02:DBManager:connection_data:Object reference not set to an instance of an object.
07-06-2023 19:26:02:DBManager:connection_data:Object reference not set to an instance of an object.
07-06-2023 19:26:02:DBManager:connection_data:Object reference not set to an instance of an object.
07-06-2023 19:26:02:DBManager:connection_data:Object reference not set to an instance of an object.
07-06-2023 19:26:02:DBManager:connection_data:Object reference not set to an instance of an object.
07-06-2023 19:26:02:DBManager:connection_data:Object reference not set to an instance of an object.
07-06-2023 19:26:02:DBManager:connection_data:Object reference not set to an instance of an object.
07-06-2023 19:26:02:DBManager:connection_data:Object reference not set to an instance of an object.
07-06-2023 19:26:02:DBManager:connection_data:Object reference not set to an instance of an object.
07-06-2023 19:26:02:DBManager:connection_data:Object reference not set to an instance of an object.
07-06-2023 19:26:02:DBManager:connection_data:Object reference not set to an instance of an object.
07-06-2023 19:26:02:DBManager:connection_data:Object reference not set to an instance of an object.
07-06-2023 19:26:02:DBManager:connection_data:Object reference not set to an instance of an object.
07-06-2023 19:26:02:DBManager:connection_data:Object reference not set to an instance of an object.
07-06-2023 19:26:02:DBManager:connection_data:Object reference not set to an instance of an object.
07-06-2023 19:26:02:DBManager:connection_data:Object reference not set to an instance of an object.
07-06-2023 19:26:02:DBManager:connection_data:Object reference not set to an instance of an object.
07-06-2023 19:26:02:DBManager:connection_data:Object reference not set to an instance of an object.
07-06-2023 19:26:02:DBManager:connection_data:Object reference not set to an instance of an object.
07-06-2023 19:26:02:DBManager:connection_data:Object reference not set to an instance of an object.
07-06-2023 19:26:02:DBManager:connection_data:Object reference not set to an instance of an object.
07-06-2023 19:26:02:DBManager:connection_data:Object reference not set to an instance of an object.
07-06-2023 19:26:02:DBManager:connection_data:Object reference not set to an instance of an object.
07-06-2023 19:26:02:DBManager:connection_data:Object reference not set to an instance of an object.
07-06-2023 19:26:02:DBManager:connection_data:Object reference not set to an instance of an object.
07-06-2023 19:26:02:DBManager:connection_data:Object reference not set to an instance of an object.
07-06-2023 19:26:02:DBManager:connection_data:Object reference not set to an instance of an object.
07-06-2023 19:26:02:DBManager:connection_data:Object reference not set to an instance of an object.
07-06-2023 19:26:02:DBManager:connection_data:Object reference not set to an instance of an object.
07-06-2023 19:26:02:DBManager:connection_data:Object reference not set to an instance of an object.
07-06-2023 19:26:02:DBManager:connection_data:Object reference not set to an instance of an object.
07-06-2023 19:26:02:DBManager:connection_data:Object reference not set to an instance of an object.
07-06-2023 19:26:02:DBManager:connection_data:Object reference not set to an instance of an object.
07-06-2023 19:26:02:DBManager:connection_data:Object reference not set to an instance of an object.
07-06-2023 19:26:02:DBManager:connection_data:Object reference not set to an instance of an object.
07-06-2023 19:26:03:DBManager:connection_data:Object reference not set to an instance of an object.
07-06-2023 19:26:03:DBManager:connection_data:Object reference not set to an instance of an object.
07-06-2023 19:26:03:DBManager:connection_data:Object reference not set to an instance of an object.
07-06-2023 19:26:03:DBManager:connection_data:Object reference not set to an instance of an object.
07-06-2023 19:26:03:DBManager:connection_data:Object reference not set to an instance of an object.
07-06-2023 19:26:03:DBManager:connection_data:Object reference not set to an instance of an object.
07-06-2023 19:26:03:DBManager:connection_data:Object reference not set to an instance of an object.
07-06-2023 19:26:03:DBManager:connection_data:Object reference not set to an instance of an object.
07-06-2023 19:26:03:DBManager:connection_data:Object reference not set to an instance of an object.
07-06-2023 19:26:03:DBManager:connection_data:Object reference not set to an instance of an object.
07-06-2023 19:26:03:DBManager:connection_data:Object reference not set to an instance of an object.
07-06-2023 19:26:03:DBManager:connection_data:Object reference not set to an instance of an object.
07-06-2023 19:26:03:DBManager:connection_data:Object reference not set to an instance of an object.
07-06-2023 19:26:03:DBManager:connection_data:Object reference not set to an instance of an object.
07-06-2023 19:26:03:DBManager:connection_data:Object reference not set to an instance of an object.
07-06-2023 19:26:03:DBManager:connection_data:Object reference not set to an instance of an object.
07-06-2023 19:26:03:DBManager:connection_data:Object reference not set to an instance of an object.
07-06-2023 19:26:03:DBManager:connection_data:Object reference not set to an instance of an object.
07-06-2023 19:26:03:DBManager:connection_data:Object reference not set to an instance of an object.
07-06-2023 19:26:03:DBManager:connection_data:Object reference not set to an instance of an object.
07-06-2023 19:26:03:DBManager:connection_data:Object reference not set to an instance of an object.
07-06-2023 19:26:03:DBManager:connection_data:Object reference not set to an instance of an object.
07-06-2023 19:26:03:DBManager:connection_data:Object reference not set to an instance of an object.
07-06-2023 19:26:03:DBManager:connection_data:Object reference not set to an instance of an object.
07-06-2023 19:26:03:DBManager:connection_data:Object reference not set to an instance of an object.
07-06-2023 19:26:03:DBManager:connection_data:Object reference not set to an instance of an object.
07-06-2023 19:26:03:DBManager:connection_data:Object reference not set to an instance of an object.
07-06-2023 19:26:03:DBManager:connection_data:Object reference not set to an instance of an object.
07-06-2023 19:26:03:DBManager:connection_data:Object reference not set to an instance of an object.
07-06-2023 19:26:03:DBManager:connection_data:Object reference not set to an instance of an object.
07-06-2023 19:26:03:DBManager:connection_data:Object reference not set to an instance of an object.
07-06-2023 19:26:03:DBManager:connection_data:Object reference not set to an instance of an object.
07-06-2023 19:26:03:DBManager:connection_data:Object reference not set to an instance of an object.
07-06-2023 19:26:03:DBManager:connection_data:Object reference not set to an instance of an object.
07-06-2023 19:26:03:DBManager:connection_data:Object reference not set to an instance of an object.
07-06-2023 19:26:03:DBManager:connection_data:Object reference not set to an instance of an object.
07-06-2023 19:26:14:DBManager:connection_data:Object reference not set to an instance of an object.
07-06-2023 19:26:14:DBManager:connection_data:Object reference not set to an instance of an object.
07-06-2023 19:26:14:DBManager:connection_data:Object reference not set to an instance of an object.
07-06-2023 19:26:14:DBManager:connection_data:Object reference not set to an instance of an object.
07-06-2023 19:26:14:DBManager:connection_data:Object reference not set to an instance of an object.
07-06-2023 19:26:14:DBManager:connection_data:Object reference not set to an instance of an object.
07-06-2023 19:26:14:DBManager:connection_data:Object reference not set to an instance of an object.
07-06-2023 19:26:14:DBManager:connection_data:Object reference not set to an instance of an object.
07-06-2023 19:26:14:DBManager:connection_data:Object reference not set to an instance of an object.
07-06-2023 19:26:14:DBManager:connection_data:Object reference not set to an instance of an object.
07-06-2023 19:26:14:DBManager:connection_data:Object reference not set to an instance of an object.
07-06-2023 19:26:14:DBManager:connection_data:Object reference not set to an instance of an object.
07-06-2023 19:26:14:DBManager:connection_data:Object reference not set to an instance of an object.
07-06-2023 19:26:14:DBManager:connection_data:Object reference not set to an instance of an object.
07-06-2023 19:26:14:DBManager:connection_data:Object reference not set to an instance of an object.
07-06-2023 19:26:14:DBManager:connection_data:Object reference not set to an instance of an object.
07-06-2023 19:26:14:DBManager:connection_data:Object reference not set to an instance of an object.
07-06-2023 19:26:14:DBManager:connection_data:Object reference not set to an instance of an object.
07-06-2023 19:26:14:DBManager:connection_data:Object reference not set to an instance of an object.
07-06-2023 19:26:14:DBManager:connection_data:Object reference not set to an instance of an object.
07-06-2023 19:26:14:DBManager:connection_data:Object reference not set to an instance of an object.
07-06-2023 19:26:14:DBManager:connection_data:Object reference not set to an instance of an object.
07-06-2023 19:26:14:DBManager:connection_data:Object reference not set to an instance of an object.
07-06-2023 19:26:14:DBManager:connection_data:Object reference not set to an instance of an object.
07-06-2023 19:26:14:DBManager:connection_data:Object reference not set to an instance of an object.
07-06-2023 19:26:14:DBManager:connection_data:Object reference not set to an instance of an object.
07-06-2023 19:26:14:DBManager:connection_data:Object reference not set to an instance of an object.
07-06-2023 19:26:14:DBManager:connection_data:Object reference not set to an instance of an object.
07-06-2023 19:26:14:DBManager:connection_data:Object reference not set to an instance of an object.
07-06-2023 19:26:14:DBManager:connection_data:Object reference not set to an instance of an object.
07-06-2023 19:26:14:DBManager:connection_data:Object reference not set to an instance of an object.
07-06-2023 19:26:14:DBManager:connection_data:Object reference not set to an instance of an object.
07-06-2023 19:26:14:DBManager:connection_data:Object reference not set to an instance of an object.
07-06-2023 19:26:14:DBManager:connection_data:Object reference not set to an instance of an object.
07-06-2023 19:26:14:DBManager:connection_data:Object reference not set to an instance of an object.
07-06-2023 19:26:14:DBManager:connection_data:Object reference not set to an instance of an object.
07-06-2023 19:26:14:DBManager:connection_data:Object reference not set to an instance of an object.
07-06-2023 19:26:15:DBManager:connection_data:Object reference not set to an instance of an object.
07-06-2023 19:26:15:DBManager:connection_data:Object reference not set to an instance of an object.
07-06-2023 19:26:15:DBManager:connection_data:Object reference not set to an instance of an object.
07-06-2023 19:26:15:DBManager:connection_data:Object reference not set to an instance of an object.
07-06-2023 19:26:15:DBManager:connection_data:Object reference not set to an instance of an object.
07-06-2023 19:26:15:DBManager:connection_data:Object reference not set to an instance of an object.
07-06-2023 19:26:15:DBManager:connection_data:Object reference not set to an instance of an object.
07-06-2023 19:26:15:DBManager:connection_data:Object reference not set to an instance of an object.
07-06-2023 19:26:15:DBManager:connection_data:Object reference not set to an instance of an object.
07-06-2023 19:26:15:DBManager:connection_data:Object reference not set to an instance of an object.
07-06-2023 19:26:15:DBManager:connection_data:Object reference not set to an instance of an object.
07-06-2023 19:26:15:DBManager:connection_data:Object reference not set to an instance of an object.
07-06-2023 19:26:15:DBManager:connection_data:Object reference not set to an instance of an object.
07-06-2023 19:26:15:DBManager:connection_data:Object reference not set to an instance of an object.
07-06-2023 19:26:15:DBManager:connection_data:Object reference not set to an instance of an object.
07-06-2023 19:26:15:DBManager:connection_data:Object reference not set to an instance of an object.
07-06-2023 19:26:15:DBManager:connection_data:Object reference not set to an instance of an object.
07-06-2023 19:26:15:DBManager:connection_data:Object reference not set to an instance of an object.
07-06-2023 19:26:15:DBManager:connection_data:Object reference not set to an instance of an object.
07-06-2023 19:26:15:DBManager:connection_data:Object reference not set to an instance of an object.
07-06-2023 19:26:15:DBManager:connection_data:Object reference not set to an instance of an object.
07-06-2023 19:26:15:DBManager:connection_data:Object reference not set to an instance of an object.
07-06-2023 19:26:15:DBManager:connection_data:Object reference not set to an instance of an object.
07-06-2023 19:26:15:DBManager:connection_data:Object reference not set to an instance of an object.
07-06-2023 19:26:15:DBManager:connection_data:Object reference not set to an instance of an object.
07-06-2023 19:26:15:DBManager:connection_data:Object reference not set to an instance of an object.
07-06-2023 19:26:15:DBManager:connection_data:Object reference not set to an instance of an object.
07-06-2023 19:26:15:DBManager:connection_data:Object reference not set to an instance of an object.
07-06-2023 19:26:15:DBManager:connection_data:Object reference not set to an instance of an object.
07-06-2023 19:26:15:DBManager:connection_data:Object reference not set to an instance of an object.
07-06-2023 19:26:15:DBManager:connection_data:Object reference not set to an instance of an object.
07-06-2023 19:26:15:DBManager:connection_data:Object reference not set to an instance of an object.
07-06-2023 19:26:15:DBManager:connection_data:Object reference not set to an instance of an object.
07-06-2023 19:26:15:DBManager:connection_data:Object reference not set to an instance of an object.
07-06-2023 19:26:15:DBManager:connection_data:Object reference not set to an instance of an object.
07-06-2023 19:26:15:DBManager:connection_data:Object reference not set to an instance of an object.
07-06-2023 19:26:15:DBManager:connection_data:Object reference not set to an instance of an object.
07-06-2023 19:26:15:DBManager:connection_data:Object reference not set to an instance of an object.
07-06-2023 19:26:15:DBManager:connection_data:Object reference not set to an instance of an object.
07-06-2023 19:26:15:DBManager:connection_data:Object reference not set to an instance of an object.
07-06-2023 19:26:15:DBManager:connection_data:Object reference not set to an instance of an object.
07-06-2023 19:26:15:DBManager:connection_data:Object reference not set to an instance of an object.
07-06-2023 19:26:15:DBManager:connection_data:Object reference not set to an instance of an object.
