1/16/2025 1:58:22 PM:DBManager:connection_data:Object reference not set to an instance of an object.
1/16/2025 1:58:22 PM:DBManager:connection_data:Object reference not set to an instance of an object.
1/16/2025 1:58:22 PM:DBManager:connection_data:Object reference not set to an instance of an object.
1/16/2025 1:58:22 PM:DBManager:connection_data:Object reference not set to an instance of an object.
1/16/2025 1:58:22 PM:DBManager:connection_data:Object reference not set to an instance of an object.
1/16/2025 1:58:22 PM:DBManager:connection_data:Object reference not set to an instance of an object.
1/16/2025 1:58:22 PM:DBManager:connection_data:Object reference not set to an instance of an object.
1/16/2025 1:58:22 PM:DBManager:connection_data:Object reference not set to an instance of an object.
1/16/2025 1:58:22 PM:DBManager:connection_data:Object reference not set to an instance of an object.
1/16/2025 1:58:22 PM:DBManager:connection_data:Object reference not set to an instance of an object.
1/16/2025 1:58:22 PM:DBManager:connection_data:Object reference not set to an instance of an object.
1/16/2025 1:58:22 PM:DBManager:connection_data:Object reference not set to an instance of an object.
1/16/2025 1:58:22 PM:DBManager:connection_data:Object reference not set to an instance of an object.
1/16/2025 1:58:22 PM:DBManager:connection_data:Object reference not set to an instance of an object.
1/16/2025 1:58:22 PM:DBManager:connection_data:Object reference not set to an instance of an object.
1/16/2025 1:58:22 PM:DBManager:connection_data:Object reference not set to an instance of an object.
1/16/2025 1:58:22 PM:DBManager:connection_data:Object reference not set to an instance of an object.
1/16/2025 1:58:22 PM:DBManager:connection_data:Object reference not set to an instance of an object.
1/16/2025 1:58:22 PM:DBManager:connection_data:Object reference not set to an instance of an object.
1/16/2025 1:58:22 PM:DBManager:connection_data:Object reference not set to an instance of an object.
1/16/2025 1:58:22 PM:DBManager:connection_data:Object reference not set to an instance of an object.
1/16/2025 1:58:22 PM:DBManager:connection_data:Object reference not set to an instance of an object.
1/16/2025 1:58:22 PM:DBManager:connection_data:Object reference not set to an instance of an object.
1/16/2025 1:58:22 PM:DBManager:connection_data:Object reference not set to an instance of an object.
1/16/2025 1:58:22 PM:DBManager:connection_data:Object reference not set to an instance of an object.
1/16/2025 1:58:22 PM:DBManager:connection_data:Object reference not set to an instance of an object.
1/16/2025 1:58:22 PM:DBManager:connection_data:Object reference not set to an instance of an object.
1/16/2025 1:58:22 PM:DBManager:connection_data:Object reference not set to an instance of an object.
1/16/2025 1:58:22 PM:DBManager:connection_data:Object reference not set to an instance of an object.
1/16/2025 1:58:22 PM:DBManager:connection_data:Object reference not set to an instance of an object.
1/16/2025 1:58:22 PM:DBManager:connection_data:Object reference not set to an instance of an object.
1/16/2025 1:58:22 PM:DBManager:connection_data:Object reference not set to an instance of an object.
1/16/2025 1:58:22 PM:DBManager:connection_data:Object reference not set to an instance of an object.
1/16/2025 1:58:22 PM:DBManager:connection_data:Object reference not set to an instance of an object.
1/16/2025 1:58:22 PM:DBManager:connection_data:Object reference not set to an instance of an object.
1/16/2025 1:58:22 PM:DBManager:connection_data:Object reference not set to an instance of an object.
1/16/2025 1:58:22 PM:DBManager:connection_data:Object reference not set to an instance of an object.
1/16/2025 1:58:22 PM:DBManager:connection_data:Object reference not set to an instance of an object.
1/16/2025 1:58:22 PM:DBManager:connection_data:Object reference not set to an instance of an object.
1/16/2025 1:58:22 PM:DBManager:connection_data:Object reference not set to an instance of an object.
1/16/2025 1:58:22 PM:DBManager:connection_data:Object reference not set to an instance of an object.
1/16/2025 1:58:22 PM:DBManager:connection_data:Object reference not set to an instance of an object.
1/16/2025 1:58:22 PM:DBManager:connection_data:Object reference not set to an instance of an object.
1/16/2025 1:58:22 PM:DBManager:connection_data:Object reference not set to an instance of an object.
1/16/2025 1:58:22 PM:DBManager:connection_data:Object reference not set to an instance of an object.
1/16/2025 1:58:22 PM:DBManager:connection_data:Object reference not set to an instance of an object.
1/16/2025 1:58:22 PM:DBManager:connection_data:Object reference not set to an instance of an object.
1/16/2025 1:58:22 PM:DBManager:connection_data:Object reference not set to an instance of an object.
1/16/2025 1:58:22 PM:DBManager:connection_data:Object reference not set to an instance of an object.
1/16/2025 1:58:22 PM:DBManager:connection_data:Object reference not set to an instance of an object.
1/16/2025 1:58:22 PM:DBManager:connection_data:Object reference not set to an instance of an object.
1/16/2025 1:58:22 PM:DBManager:connection_data:Object reference not set to an instance of an object.
1/16/2025 1:58:22 PM:DBManager:connection_data:Object reference not set to an instance of an object.
1/16/2025 1:58:22 PM:DBManager:connection_data:Object reference not set to an instance of an object.
1/16/2025 1:58:22 PM:DBManager:connection_data:Object reference not set to an instance of an object.
1/16/2025 1:58:22 PM:DBManager:connection_data:Object reference not set to an instance of an object.
1/16/2025 1:58:22 PM:DBManager:connection_data:Object reference not set to an instance of an object.
1/16/2025 1:58:22 PM:DBManager:connection_data:Object reference not set to an instance of an object.
1/16/2025 1:58:22 PM:DBManager:connection_data:Object reference not set to an instance of an object.
1/16/2025 1:58:22 PM:DBManager:connection_data:Object reference not set to an instance of an object.
1/16/2025 1:58:22 PM:DBManager:connection_data:Object reference not set to an instance of an object.
1/16/2025 1:58:22 PM:DBManager:connection_data:Object reference not set to an instance of an object.
1/16/2025 1:58:22 PM:DBManager:connection_data:Object reference not set to an instance of an object.
1/16/2025 1:58:22 PM:DBManager:connection_data:Object reference not set to an instance of an object.
1/16/2025 1:58:22 PM:DBManager:connection_data:Object reference not set to an instance of an object.
1/16/2025 1:58:22 PM:DBManager:connection_data:Object reference not set to an instance of an object.
1/16/2025 1:58:22 PM:DBManager:connection_data:Object reference not set to an instance of an object.
1/16/2025 1:58:22 PM:DBManager:connection_data:Object reference not set to an instance of an object.
1/16/2025 1:58:22 PM:DBManager:connection_data:Object reference not set to an instance of an object.
1/16/2025 1:58:22 PM:DBManager:connection_data:Object reference not set to an instance of an object.
1/16/2025 1:58:22 PM:DBManager:connection_data:Object reference not set to an instance of an object.
1/16/2025 1:58:22 PM:DBManager:connection_data:Object reference not set to an instance of an object.
1/16/2025 1:58:22 PM:DBManager:connection_data:Object reference not set to an instance of an object.
1/16/2025 1:58:22 PM:DBManager:connection_data:Object reference not set to an instance of an object.
1/16/2025 1:58:22 PM:DBManager:connection_data:Object reference not set to an instance of an object.
1/16/2025 1:58:22 PM:DBManager:connection_data:Object reference not set to an instance of an object.
1/16/2025 1:58:22 PM:DBManager:connection_data:Object reference not set to an instance of an object.
1/16/2025 1:58:22 PM:DBManager:connection_data:Object reference not set to an instance of an object.
1/16/2025 1:58:22 PM:DBManager:connection_data:Object reference not set to an instance of an object.
1/16/2025 1:58:22 PM:DBManager:connection_data:Object reference not set to an instance of an object.
1/16/2025 1:58:22 PM:DBManager:connection_data:Object reference not set to an instance of an object.
1/16/2025 1:58:22 PM:DBManager:connection_data:Object reference not set to an instance of an object.
1/16/2025 1:58:22 PM:DBManager:connection_data:Object reference not set to an instance of an object.
1/16/2025 1:58:22 PM:DBManager:connection_data:Object reference not set to an instance of an object.
1/16/2025 1:58:22 PM:DBManager:connection_data:Object reference not set to an instance of an object.
1/16/2025 1:58:22 PM:DBManager:connection_data:Object reference not set to an instance of an object.
16/01/2025 1:58:25 PM:MasterPage:Page_Init:Thread was being aborted.
1/16/2025 1:58:25 PM:DBManager:connection_data:Object reference not set to an instance of an object.
1/16/2025 1:58:25 PM:DBManager:connection_data:Object reference not set to an instance of an object.
1/16/2025 1:58:25 PM:DBManager:connection_data:Object reference not set to an instance of an object.
16/01/2025 1:58:25 PM:SignIn:btnLogIn_Click:test
1/16/2025 1:58:33 PM:DBManager:connection_data:Object reference not set to an instance of an object.
1/16/2025 1:58:33 PM:DBManager:connection_data:Object reference not set to an instance of an object.
1/16/2025 1:58:33 PM:DBManager:connection_data:Object reference not set to an instance of an object.
16/01/2025 1:58:33 PM:SignIn:btnLogIn_Click:test
1/16/2025 1:58:35 PM:DBManager:connection_data:Object reference not set to an instance of an object.
1/16/2025 1:58:35 PM:DBManager:connection_data:Object reference not set to an instance of an object.
1/16/2025 1:58:35 PM:DBManager:connection_data:Object reference not set to an instance of an object.
1/16/2025 1:58:38 PM:DBManager:connection_data:Object reference not set to an instance of an object.
1/16/2025 1:58:38 PM:DBManager:connection_data:Object reference not set to an instance of an object.
1/16/2025 1:58:38 PM:DBManager:connection_data:Object reference not set to an instance of an object.
16/01/2025 1:59:01 PM:SignIn:btnLogIn_Click:A network-related or instance-specific error occurred while establishing a connection to SQL Server. The server was not found or was not accessible. Verify that the instance name is correct and that SQL Server is configured to allow remote connections. (provider: Named Pipes Provider, error: 40 - Could not open a connection to SQL Server)
16/01/2025 1:59:01 PM:SignIn:btnLogIn_Click:test
16/01/2025 1:59:03 PM:SignIn:btnLogIn_Click4:
16/01/2025 1:59:03 PM:SignIn:btnLogIn_Click5:
16/01/2025 1:59:03 PM:SignIn:btnLogIn_Click7:
16/01/2025 1:59:04 PM:SignIn:btnLogIn_Click8:
16/01/2025 1:59:04 PM:ClsDataccess:Getdatatable:The ConnectionString property has not been initialized.
16/01/2025 1:59:04 PM:SignIn:btnLogIn_Click:test
16/01/2025 1:59:06 PM:SignIn:btnLogIn_Click4:
16/01/2025 1:59:06 PM:SignIn:btnLogIn_Click5:
16/01/2025 1:59:06 PM:SignIn:btnLogIn_Click7:
16/01/2025 1:59:06 PM:SignIn:btnLogIn_Click8:
16/01/2025 1:59:06 PM:ClsDataccess:Getdatatable:The ConnectionString property has not been initialized.
1/16/2025 1:59:07 PM:DBManager:connection_data:Object reference not set to an instance of an object.
1/16/2025 1:59:07 PM:DBManager:connection_data:Object reference not set to an instance of an object.
1/16/2025 1:59:07 PM:DBManager:connection_data:Object reference not set to an instance of an object.
1/16/2025 1:59:07 PM:DBManager:connection_data:Object reference not set to an instance of an object.
1/16/2025 1:59:07 PM:DBManager:connection_data:Object reference not set to an instance of an object.
1/16/2025 1:59:07 PM:DBManager:connection_data:Object reference not set to an instance of an object.
1/16/2025 1:59:07 PM:DBManager:connection_data:Object reference not set to an instance of an object.
1/16/2025 1:59:07 PM:DBManager:connection_data:Object reference not set to an instance of an object.
1/16/2025 1:59:07 PM:DBManager:connection_data:Object reference not set to an instance of an object.
1/16/2025 1:59:07 PM:DBManager:connection_data:Object reference not set to an instance of an object.
1/16/2025 1:59:07 PM:DBManager:connection_data:Object reference not set to an instance of an object.
1/16/2025 1:59:07 PM:DBManager:connection_data:Object reference not set to an instance of an object.
1/16/2025 1:59:07 PM:DBManager:connection_data:Object reference not set to an instance of an object.
1/16/2025 1:59:07 PM:DBManager:connection_data:Object reference not set to an instance of an object.
1/16/2025 1:59:07 PM:DBManager:connection_data:Object reference not set to an instance of an object.
1/16/2025 1:59:07 PM:DBManager:connection_data:Object reference not set to an instance of an object.
1/16/2025 1:59:07 PM:DBManager:connection_data:Object reference not set to an instance of an object.
1/16/2025 1:59:07 PM:DBManager:connection_data:Object reference not set to an instance of an object.
1/16/2025 1:59:07 PM:DBManager:connection_data:Object reference not set to an instance of an object.
1/16/2025 1:59:07 PM:DBManager:connection_data:Object reference not set to an instance of an object.
1/16/2025 1:59:07 PM:DBManager:connection_data:Object reference not set to an instance of an object.
1/16/2025 1:59:07 PM:DBManager:connection_data:Object reference not set to an instance of an object.
1/16/2025 1:59:07 PM:DBManager:connection_data:Object reference not set to an instance of an object.
1/16/2025 1:59:07 PM:DBManager:connection_data:Object reference not set to an instance of an object.
1/16/2025 1:59:07 PM:DBManager:connection_data:Object reference not set to an instance of an object.
1/16/2025 1:59:07 PM:DBManager:connection_data:Object reference not set to an instance of an object.
1/16/2025 1:59:07 PM:DBManager:connection_data:Object reference not set to an instance of an object.
1/16/2025 1:59:07 PM:DBManager:connection_data:Object reference not set to an instance of an object.
1/16/2025 1:59:07 PM:DBManager:connection_data:Object reference not set to an instance of an object.
1/16/2025 1:59:07 PM:DBManager:connection_data:Object reference not set to an instance of an object.
1/16/2025 1:59:07 PM:DBManager:connection_data:Object reference not set to an instance of an object.
1/16/2025 1:59:07 PM:DBManager:connection_data:Object reference not set to an instance of an object.
1/16/2025 1:59:07 PM:DBManager:connection_data:Object reference not set to an instance of an object.
1/16/2025 1:59:07 PM:DBManager:connection_data:Object reference not set to an instance of an object.
1/16/2025 1:59:07 PM:DBManager:connection_data:Object reference not set to an instance of an object.
1/16/2025 1:59:07 PM:DBManager:connection_data:Object reference not set to an instance of an object.
1/16/2025 1:59:07 PM:DBManager:connection_data:Object reference not set to an instance of an object.
1/16/2025 1:59:07 PM:DBManager:connection_data:Object reference not set to an instance of an object.
1/16/2025 1:59:07 PM:DBManager:connection_data:Object reference not set to an instance of an object.
1/16/2025 1:59:07 PM:DBManager:connection_data:Object reference not set to an instance of an object.
1/16/2025 1:59:07 PM:DBManager:connection_data:Object reference not set to an instance of an object.
1/16/2025 1:59:07 PM:DBManager:connection_data:Object reference not set to an instance of an object.
1/16/2025 1:59:07 PM:DBManager:connection_data:Object reference not set to an instance of an object.
1/16/2025 1:59:07 PM:DBManager:connection_data:Object reference not set to an instance of an object.
1/16/2025 1:59:07 PM:DBManager:connection_data:Object reference not set to an instance of an object.
1/16/2025 1:59:07 PM:DBManager:connection_data:Object reference not set to an instance of an object.
1/16/2025 1:59:07 PM:DBManager:connection_data:Object reference not set to an instance of an object.
1/16/2025 1:59:07 PM:DBManager:connection_data:Object reference not set to an instance of an object.
1/16/2025 1:59:07 PM:DBManager:connection_data:Object reference not set to an instance of an object.
1/16/2025 1:59:07 PM:DBManager:connection_data:Object reference not set to an instance of an object.
1/16/2025 1:59:07 PM:DBManager:connection_data:Object reference not set to an instance of an object.
1/16/2025 1:59:07 PM:DBManager:connection_data:Object reference not set to an instance of an object.
1/16/2025 1:59:07 PM:DBManager:connection_data:Object reference not set to an instance of an object.
1/16/2025 1:59:07 PM:DBManager:connection_data:Object reference not set to an instance of an object.
1/16/2025 1:59:07 PM:DBManager:connection_data:Object reference not set to an instance of an object.
1/16/2025 1:59:07 PM:DBManager:connection_data:Object reference not set to an instance of an object.
1/16/2025 1:59:07 PM:DBManager:connection_data:Object reference not set to an instance of an object.
1/16/2025 1:59:07 PM:DBManager:connection_data:Object reference not set to an instance of an object.
1/16/2025 1:59:07 PM:DBManager:connection_data:Object reference not set to an instance of an object.
1/16/2025 1:59:07 PM:DBManager:connection_data:Object reference not set to an instance of an object.
1/16/2025 1:59:07 PM:DBManager:connection_data:Object reference not set to an instance of an object.
1/16/2025 1:59:07 PM:DBManager:connection_data:Object reference not set to an instance of an object.
1/16/2025 1:59:07 PM:DBManager:connection_data:Object reference not set to an instance of an object.
1/16/2025 1:59:07 PM:DBManager:connection_data:Object reference not set to an instance of an object.
1/16/2025 1:59:07 PM:DBManager:connection_data:Object reference not set to an instance of an object.
1/16/2025 1:59:07 PM:DBManager:connection_data:Object reference not set to an instance of an object.
1/16/2025 1:59:07 PM:DBManager:connection_data:Object reference not set to an instance of an object.
1/16/2025 1:59:07 PM:DBManager:connection_data:Object reference not set to an instance of an object.
1/16/2025 1:59:07 PM:DBManager:connection_data:Object reference not set to an instance of an object.
1/16/2025 1:59:07 PM:DBManager:connection_data:Object reference not set to an instance of an object.
1/16/2025 1:59:07 PM:DBManager:connection_data:Object reference not set to an instance of an object.
1/16/2025 1:59:07 PM:DBManager:connection_data:Object reference not set to an instance of an object.
1/16/2025 1:59:07 PM:DBManager:connection_data:Object reference not set to an instance of an object.
1/16/2025 1:59:07 PM:DBManager:connection_data:Object reference not set to an instance of an object.
1/16/2025 1:59:07 PM:DBManager:connection_data:Object reference not set to an instance of an object.
1/16/2025 1:59:07 PM:DBManager:connection_data:Object reference not set to an instance of an object.
1/16/2025 1:59:07 PM:DBManager:connection_data:Object reference not set to an instance of an object.
1/16/2025 1:59:11 PM:DBManager:connection_data:Object reference not set to an instance of an object.
1/16/2025 1:59:11 PM:DBManager:connection_data:Object reference not set to an instance of an object.
1/16/2025 1:59:11 PM:DBManager:connection_data:Object reference not set to an instance of an object.
1/16/2025 1:59:11 PM:DBManager:connection_data:Object reference not set to an instance of an object.
1/16/2025 1:59:11 PM:DBManager:connection_data:Object reference not set to an instance of an object.
1/16/2025 1:59:11 PM:DBManager:connection_data:Object reference not set to an instance of an object.
1/16/2025 1:59:11 PM:DBManager:connection_data:Object reference not set to an instance of an object.
1/16/2025 1:59:11 PM:DBManager:connection_data:Object reference not set to an instance of an object.
1/16/2025 1:59:11 PM:DBManager:connection_data:Object reference not set to an instance of an object.
1/16/2025 1:59:11 PM:DBManager:connection_data:Object reference not set to an instance of an object.
1/16/2025 1:59:11 PM:DBManager:connection_data:Object reference not set to an instance of an object.
1/16/2025 1:59:11 PM:DBManager:connection_data:Object reference not set to an instance of an object.
1/16/2025 1:59:11 PM:DBManager:connection_data:Object reference not set to an instance of an object.
1/16/2025 1:59:11 PM:DBManager:connection_data:Object reference not set to an instance of an object.
1/16/2025 1:59:11 PM:DBManager:connection_data:Object reference not set to an instance of an object.
1/16/2025 1:59:11 PM:DBManager:connection_data:Object reference not set to an instance of an object.
1/16/2025 1:59:11 PM:DBManager:connection_data:Object reference not set to an instance of an object.
1/16/2025 1:59:11 PM:DBManager:connection_data:Object reference not set to an instance of an object.
1/16/2025 1:59:11 PM:DBManager:connection_data:Object reference not set to an instance of an object.
1/16/2025 1:59:11 PM:DBManager:connection_data:Object reference not set to an instance of an object.
1/16/2025 1:59:11 PM:DBManager:connection_data:Object reference not set to an instance of an object.
1/16/2025 1:59:11 PM:DBManager:connection_data:Object reference not set to an instance of an object.
1/16/2025 1:59:11 PM:DBManager:connection_data:Object reference not set to an instance of an object.
1/16/2025 1:59:11 PM:DBManager:connection_data:Object reference not set to an instance of an object.
1/16/2025 1:59:11 PM:DBManager:connection_data:Object reference not set to an instance of an object.
1/16/2025 1:59:11 PM:DBManager:connection_data:Object reference not set to an instance of an object.
1/16/2025 1:59:11 PM:DBManager:connection_data:Object reference not set to an instance of an object.
1/16/2025 1:59:11 PM:DBManager:connection_data:Object reference not set to an instance of an object.
1/16/2025 1:59:11 PM:DBManager:connection_data:Object reference not set to an instance of an object.
1/16/2025 1:59:11 PM:DBManager:connection_data:Object reference not set to an instance of an object.
1/16/2025 1:59:11 PM:DBManager:connection_data:Object reference not set to an instance of an object.
1/16/2025 1:59:11 PM:DBManager:connection_data:Object reference not set to an instance of an object.
1/16/2025 1:59:11 PM:DBManager:connection_data:Object reference not set to an instance of an object.
1/16/2025 1:59:11 PM:DBManager:connection_data:Object reference not set to an instance of an object.
1/16/2025 1:59:11 PM:DBManager:connection_data:Object reference not set to an instance of an object.
1/16/2025 1:59:11 PM:DBManager:connection_data:Object reference not set to an instance of an object.
1/16/2025 1:59:11 PM:DBManager:connection_data:Object reference not set to an instance of an object.
1/16/2025 1:59:11 PM:DBManager:connection_data:Object reference not set to an instance of an object.
1/16/2025 1:59:11 PM:DBManager:connection_data:Object reference not set to an instance of an object.
1/16/2025 1:59:11 PM:DBManager:connection_data:Object reference not set to an instance of an object.
1/16/2025 1:59:11 PM:DBManager:connection_data:Object reference not set to an instance of an object.
1/16/2025 1:59:11 PM:DBManager:connection_data:Object reference not set to an instance of an object.
1/16/2025 1:59:11 PM:DBManager:connection_data:Object reference not set to an instance of an object.
1/16/2025 1:59:11 PM:DBManager:connection_data:Object reference not set to an instance of an object.
1/16/2025 1:59:11 PM:DBManager:connection_data:Object reference not set to an instance of an object.
1/16/2025 1:59:11 PM:DBManager:connection_data:Object reference not set to an instance of an object.
1/16/2025 1:59:11 PM:DBManager:connection_data:Object reference not set to an instance of an object.
1/16/2025 1:59:11 PM:DBManager:connection_data:Object reference not set to an instance of an object.
1/16/2025 1:59:11 PM:DBManager:connection_data:Object reference not set to an instance of an object.
1/16/2025 1:59:11 PM:DBManager:connection_data:Object reference not set to an instance of an object.
1/16/2025 1:59:11 PM:DBManager:connection_data:Object reference not set to an instance of an object.
1/16/2025 1:59:11 PM:DBManager:connection_data:Object reference not set to an instance of an object.
1/16/2025 1:59:11 PM:DBManager:connection_data:Object reference not set to an instance of an object.
1/16/2025 1:59:11 PM:DBManager:connection_data:Object reference not set to an instance of an object.
1/16/2025 1:59:11 PM:DBManager:connection_data:Object reference not set to an instance of an object.
1/16/2025 1:59:11 PM:DBManager:connection_data:Object reference not set to an instance of an object.
1/16/2025 1:59:11 PM:DBManager:connection_data:Object reference not set to an instance of an object.
1/16/2025 1:59:11 PM:DBManager:connection_data:Object reference not set to an instance of an object.
1/16/2025 1:59:11 PM:DBManager:connection_data:Object reference not set to an instance of an object.
1/16/2025 1:59:11 PM:DBManager:connection_data:Object reference not set to an instance of an object.
1/16/2025 1:59:11 PM:DBManager:connection_data:Object reference not set to an instance of an object.
1/16/2025 1:59:11 PM:DBManager:connection_data:Object reference not set to an instance of an object.
1/16/2025 1:59:11 PM:DBManager:connection_data:Object reference not set to an instance of an object.
1/16/2025 1:59:11 PM:DBManager:connection_data:Object reference not set to an instance of an object.
1/16/2025 1:59:11 PM:DBManager:connection_data:Object reference not set to an instance of an object.
1/16/2025 1:59:11 PM:DBManager:connection_data:Object reference not set to an instance of an object.
1/16/2025 1:59:11 PM:DBManager:connection_data:Object reference not set to an instance of an object.
1/16/2025 1:59:11 PM:DBManager:connection_data:Object reference not set to an instance of an object.
1/16/2025 1:59:11 PM:DBManager:connection_data:Object reference not set to an instance of an object.
1/16/2025 1:59:11 PM:DBManager:connection_data:Object reference not set to an instance of an object.
1/16/2025 1:59:11 PM:DBManager:connection_data:Object reference not set to an instance of an object.
1/16/2025 1:59:11 PM:DBManager:connection_data:Object reference not set to an instance of an object.
1/16/2025 1:59:11 PM:DBManager:connection_data:Object reference not set to an instance of an object.
1/16/2025 1:59:11 PM:DBManager:connection_data:Object reference not set to an instance of an object.
1/16/2025 1:59:11 PM:DBManager:connection_data:Object reference not set to an instance of an object.
1/16/2025 1:59:11 PM:DBManager:connection_data:Object reference not set to an instance of an object.
1/16/2025 1:59:11 PM:DBManager:connection_data:Object reference not set to an instance of an object.
1/16/2025 2:23:06 PM:DBManager:connection_data:Object reference not set to an instance of an object.
1/16/2025 2:23:06 PM:DBManager:connection_data:Object reference not set to an instance of an object.
1/16/2025 2:23:06 PM:DBManager:connection_data:Object reference not set to an instance of an object.
16/01/2025 2:23:06 PM:SignIn:btnLogIn_Click:test
1/16/2025 2:23:47 PM:DBManager:connection_data:Object reference not set to an instance of an object.
1/16/2025 2:23:47 PM:DBManager:connection_data:Object reference not set to an instance of an object.
1/16/2025 2:23:48 PM:DBManager:connection_data:Object reference not set to an instance of an object.
16/01/2025 2:23:48 PM:SignIn:btnLogIn_Click:test
1/16/2025 2:24:13 PM:DBManager:connection_data:Object reference not set to an instance of an object.
1/16/2025 2:24:13 PM:DBManager:connection_data:Object reference not set to an instance of an object.
1/16/2025 2:24:13 PM:DBManager:connection_data:Object reference not set to an instance of an object.
1/16/2025 2:24:13 PM:DBManager:connection_data:Object reference not set to an instance of an object.
1/16/2025 2:24:13 PM:DBManager:connection_data:Object reference not set to an instance of an object.
1/16/2025 2:24:13 PM:DBManager:connection_data:Object reference not set to an instance of an object.
1/16/2025 2:24:13 PM:DBManager:connection_data:Object reference not set to an instance of an object.
1/16/2025 2:24:13 PM:DBManager:connection_data:Object reference not set to an instance of an object.
1/16/2025 2:24:13 PM:DBManager:connection_data:Object reference not set to an instance of an object.
1/16/2025 2:24:13 PM:DBManager:connection_data:Object reference not set to an instance of an object.
1/16/2025 2:24:13 PM:DBManager:connection_data:Object reference not set to an instance of an object.
1/16/2025 2:24:13 PM:DBManager:connection_data:Object reference not set to an instance of an object.
1/16/2025 2:24:13 PM:DBManager:connection_data:Object reference not set to an instance of an object.
1/16/2025 2:24:13 PM:DBManager:connection_data:Object reference not set to an instance of an object.
16/01/2025 2:24:14 PM:SignIn:btnLogIn_Click4:
16/01/2025 2:24:14 PM:SignIn:btnLogIn_Click5:
16/01/2025 2:24:14 PM:SignIn:btnLogIn_Click7:
16/01/2025 2:24:14 PM:SignIn:btnLogIn_Click8:
16/01/2025 2:24:15 PM:ClsDataccess:Getdatatable:The ConnectionString property has not been initialized.
16/01/2025 2:24:16 PM:SignIn:btnLogIn_Click:test
1/16/2025 2:24:16 PM:DBManager:connection_data:Object reference not set to an instance of an object.
1/16/2025 2:24:16 PM:DBManager:connection_data:Object reference not set to an instance of an object.
1/16/2025 2:24:16 PM:DBManager:connection_data:Object reference not set to an instance of an object.
16/01/2025 2:24:17 PM:SignIn:btnLogIn_Click4:
16/01/2025 2:24:17 PM:SignIn:btnLogIn_Click5:
16/01/2025 2:24:17 PM:SignIn:btnLogIn_Click7:
16/01/2025 2:24:17 PM:SignIn:btnLogIn_Click8:
16/01/2025 2:24:17 PM:ClsDataccess:Getdatatable:The ConnectionString property has not been initialized.
16/01/2025 2:24:17 PM:SignIn:btnLogIn_Click:test
16/01/2025 2:24:18 PM:SignIn:btnLogIn_Click4:
16/01/2025 2:24:18 PM:SignIn:btnLogIn_Click5:
16/01/2025 2:24:18 PM:SignIn:btnLogIn_Click7:
16/01/2025 2:24:18 PM:SignIn:btnLogIn_Click8:
16/01/2025 2:24:18 PM:ClsDataccess:Getdatatable:The ConnectionString property has not been initialized.
1/16/2025 2:24:18 PM:DBManager:connection_data:Object reference not set to an instance of an object.
1/16/2025 2:24:18 PM:DBManager:connection_data:Object reference not set to an instance of an object.
1/16/2025 2:24:18 PM:DBManager:connection_data:Object reference not set to an instance of an object.
1/16/2025 2:24:18 PM:DBManager:connection_data:Object reference not set to an instance of an object.
1/16/2025 2:24:18 PM:DBManager:connection_data:Object reference not set to an instance of an object.
1/16/2025 2:24:18 PM:DBManager:connection_data:Object reference not set to an instance of an object.
1/16/2025 2:24:18 PM:DBManager:connection_data:Object reference not set to an instance of an object.
1/16/2025 2:24:18 PM:DBManager:connection_data:Object reference not set to an instance of an object.
1/16/2025 2:24:18 PM:DBManager:connection_data:Object reference not set to an instance of an object.
1/16/2025 2:24:18 PM:DBManager:connection_data:Object reference not set to an instance of an object.
1/16/2025 2:24:18 PM:DBManager:connection_data:Object reference not set to an instance of an object.
1/16/2025 2:24:18 PM:DBManager:connection_data:Object reference not set to an instance of an object.
1/16/2025 2:24:18 PM:DBManager:connection_data:Object reference not set to an instance of an object.
1/16/2025 2:24:18 PM:DBManager:connection_data:Object reference not set to an instance of an object.
1/16/2025 2:24:18 PM:DBManager:connection_data:Object reference not set to an instance of an object.
1/16/2025 2:24:18 PM:DBManager:connection_data:Object reference not set to an instance of an object.
1/16/2025 2:24:18 PM:DBManager:connection_data:Object reference not set to an instance of an object.
1/16/2025 2:24:18 PM:DBManager:connection_data:Object reference not set to an instance of an object.
1/16/2025 2:24:18 PM:DBManager:connection_data:Object reference not set to an instance of an object.
1/16/2025 2:24:18 PM:DBManager:connection_data:Object reference not set to an instance of an object.
1/16/2025 2:24:18 PM:DBManager:connection_data:Object reference not set to an instance of an object.
1/16/2025 2:24:18 PM:DBManager:connection_data:Object reference not set to an instance of an object.
1/16/2025 2:24:18 PM:DBManager:connection_data:Object reference not set to an instance of an object.
1/16/2025 2:24:18 PM:DBManager:connection_data:Object reference not set to an instance of an object.
1/16/2025 2:24:18 PM:DBManager:connection_data:Object reference not set to an instance of an object.
1/16/2025 2:24:18 PM:DBManager:connection_data:Object reference not set to an instance of an object.
1/16/2025 2:24:18 PM:DBManager:connection_data:Object reference not set to an instance of an object.
1/16/2025 2:24:18 PM:DBManager:connection_data:Object reference not set to an instance of an object.
1/16/2025 2:24:18 PM:DBManager:connection_data:Object reference not set to an instance of an object.
1/16/2025 2:24:18 PM:DBManager:connection_data:Object reference not set to an instance of an object.
1/16/2025 2:24:18 PM:DBManager:connection_data:Object reference not set to an instance of an object.
1/16/2025 2:24:18 PM:DBManager:connection_data:Object reference not set to an instance of an object.
1/16/2025 2:24:18 PM:DBManager:connection_data:Object reference not set to an instance of an object.
1/16/2025 2:24:18 PM:DBManager:connection_data:Object reference not set to an instance of an object.
1/16/2025 2:24:18 PM:DBManager:connection_data:Object reference not set to an instance of an object.
1/16/2025 2:24:18 PM:DBManager:connection_data:Object reference not set to an instance of an object.
1/16/2025 2:24:18 PM:DBManager:connection_data:Object reference not set to an instance of an object.
1/16/2025 2:24:18 PM:DBManager:connection_data:Object reference not set to an instance of an object.
1/16/2025 2:24:18 PM:DBManager:connection_data:Object reference not set to an instance of an object.
1/16/2025 2:24:18 PM:DBManager:connection_data:Object reference not set to an instance of an object.
1/16/2025 2:24:18 PM:DBManager:connection_data:Object reference not set to an instance of an object.
1/16/2025 2:24:18 PM:DBManager:connection_data:Object reference not set to an instance of an object.
1/16/2025 2:24:18 PM:DBManager:connection_data:Object reference not set to an instance of an object.
1/16/2025 2:24:18 PM:DBManager:connection_data:Object reference not set to an instance of an object.
1/16/2025 2:24:18 PM:DBManager:connection_data:Object reference not set to an instance of an object.
1/16/2025 2:24:18 PM:DBManager:connection_data:Object reference not set to an instance of an object.
1/16/2025 2:24:18 PM:DBManager:connection_data:Object reference not set to an instance of an object.
16/01/2025 2:24:18 PM:SignIn:btnLogIn_Click:test
1/16/2025 2:24:18 PM:DBManager:connection_data:Object reference not set to an instance of an object.
1/16/2025 2:24:18 PM:DBManager:connection_data:Object reference not set to an instance of an object.
1/16/2025 2:24:18 PM:DBManager:connection_data:Object reference not set to an instance of an object.
1/16/2025 2:24:18 PM:DBManager:connection_data:Object reference not set to an instance of an object.
1/16/2025 2:24:18 PM:DBManager:connection_data:Object reference not set to an instance of an object.
1/16/2025 2:24:18 PM:DBManager:connection_data:Object reference not set to an instance of an object.
1/16/2025 2:24:18 PM:DBManager:connection_data:Object reference not set to an instance of an object.
1/16/2025 2:24:18 PM:DBManager:connection_data:Object reference not set to an instance of an object.
1/16/2025 2:24:18 PM:DBManager:connection_data:Object reference not set to an instance of an object.
1/16/2025 2:24:18 PM:DBManager:connection_data:Object reference not set to an instance of an object.
1/16/2025 2:24:19 PM:DBManager:connection_data:Object reference not set to an instance of an object.
1/16/2025 2:24:19 PM:DBManager:connection_data:Object reference not set to an instance of an object.
1/16/2025 2:24:19 PM:DBManager:connection_data:Object reference not set to an instance of an object.
1/16/2025 2:24:19 PM:DBManager:connection_data:Object reference not set to an instance of an object.
1/16/2025 2:24:19 PM:DBManager:connection_data:Object reference not set to an instance of an object.
1/16/2025 2:24:19 PM:DBManager:connection_data:Object reference not set to an instance of an object.
1/16/2025 2:24:19 PM:DBManager:connection_data:Object reference not set to an instance of an object.
1/16/2025 2:24:19 PM:DBManager:connection_data:Object reference not set to an instance of an object.
1/16/2025 2:24:19 PM:DBManager:connection_data:Object reference not set to an instance of an object.
1/16/2025 2:24:19 PM:DBManager:connection_data:Object reference not set to an instance of an object.
1/16/2025 2:24:19 PM:DBManager:connection_data:Object reference not set to an instance of an object.
1/16/2025 2:24:19 PM:DBManager:connection_data:Object reference not set to an instance of an object.
1/16/2025 2:24:19 PM:DBManager:connection_data:Object reference not set to an instance of an object.
1/16/2025 2:24:19 PM:DBManager:connection_data:Object reference not set to an instance of an object.
1/16/2025 2:24:19 PM:DBManager:connection_data:Object reference not set to an instance of an object.
1/16/2025 2:24:19 PM:DBManager:connection_data:Object reference not set to an instance of an object.
1/16/2025 2:24:19 PM:DBManager:connection_data:Object reference not set to an instance of an object.
1/16/2025 2:24:19 PM:DBManager:connection_data:Object reference not set to an instance of an object.
1/16/2025 2:24:19 PM:DBManager:connection_data:Object reference not set to an instance of an object.
1/16/2025 2:24:19 PM:DBManager:connection_data:Object reference not set to an instance of an object.
16/01/2025 2:24:20 PM:SignIn:btnLogIn_Click4:
16/01/2025 2:24:20 PM:SignIn:btnLogIn_Click5:
16/01/2025 2:24:20 PM:SignIn:btnLogIn_Click7:
16/01/2025 2:24:20 PM:SignIn:btnLogIn_Click8:
16/01/2025 2:24:20 PM:ClsDataccess:Getdatatable:The ConnectionString property has not been initialized.
16/01/2025 2:24:20 PM:SignIn:btnLogIn_Click:test
16/01/2025 2:24:22 PM:SignIn:btnLogIn_Click4:
16/01/2025 2:24:22 PM:SignIn:btnLogIn_Click5:
16/01/2025 2:24:22 PM:SignIn:btnLogIn_Click7:
16/01/2025 2:24:22 PM:SignIn:btnLogIn_Click8:
16/01/2025 2:24:22 PM:ClsDataccess:Getdatatable:The ConnectionString property has not been initialized.
16/01/2025 2:24:24 PM:SignIn:btnLogIn_Click:test
16/01/2025 2:24:24 PM:SignIn:btnLogIn_Click4:
16/01/2025 2:24:24 PM:SignIn:btnLogIn_Click5:
16/01/2025 2:24:24 PM:SignIn:btnLogIn_Click7:
16/01/2025 2:24:24 PM:SignIn:btnLogIn_Click8:
16/01/2025 2:24:25 PM:ClsDataccess:Getdatatable:The ConnectionString property has not been initialized.
16/01/2025 2:24:25 PM:SignIn:btnLogIn_Click:test
16/01/2025 2:24:25 PM:SignIn:btnLogIn_Click4:
16/01/2025 2:24:25 PM:SignIn:btnLogIn_Click5:
16/01/2025 2:24:25 PM:SignIn:btnLogIn_Click7:
16/01/2025 2:24:26 PM:SignIn:btnLogIn_Click8:
16/01/2025 2:24:26 PM:ClsDataccess:Getdatatable:The ConnectionString property has not been initialized.
1/16/2025 2:24:26 PM:DBManager:connection_data:Object reference not set to an instance of an object.
1/16/2025 2:24:26 PM:DBManager:connection_data:Object reference not set to an instance of an object.
1/16/2025 2:24:26 PM:DBManager:connection_data:Object reference not set to an instance of an object.
1/16/2025 2:24:26 PM:DBManager:connection_data:Object reference not set to an instance of an object.
1/16/2025 2:24:26 PM:DBManager:connection_data:Object reference not set to an instance of an object.
1/16/2025 2:24:26 PM:DBManager:connection_data:Object reference not set to an instance of an object.
1/16/2025 2:24:26 PM:DBManager:connection_data:Object reference not set to an instance of an object.
1/16/2025 2:24:26 PM:DBManager:connection_data:Object reference not set to an instance of an object.
1/16/2025 2:24:26 PM:DBManager:connection_data:Object reference not set to an instance of an object.
1/16/2025 2:24:26 PM:DBManager:connection_data:Object reference not set to an instance of an object.
1/16/2025 2:24:26 PM:DBManager:connection_data:Object reference not set to an instance of an object.
1/16/2025 2:24:26 PM:DBManager:connection_data:Object reference not set to an instance of an object.
1/16/2025 2:24:26 PM:DBManager:connection_data:Object reference not set to an instance of an object.
1/16/2025 2:24:26 PM:DBManager:connection_data:Object reference not set to an instance of an object.
1/16/2025 2:24:26 PM:DBManager:connection_data:Object reference not set to an instance of an object.
1/16/2025 2:24:26 PM:DBManager:connection_data:Object reference not set to an instance of an object.
1/16/2025 2:24:26 PM:DBManager:connection_data:Object reference not set to an instance of an object.
1/16/2025 2:24:26 PM:DBManager:connection_data:Object reference not set to an instance of an object.
1/16/2025 2:24:26 PM:DBManager:connection_data:Object reference not set to an instance of an object.
1/16/2025 2:24:26 PM:DBManager:connection_data:Object reference not set to an instance of an object.
1/16/2025 2:24:26 PM:DBManager:connection_data:Object reference not set to an instance of an object.
1/16/2025 2:24:26 PM:DBManager:connection_data:Object reference not set to an instance of an object.
1/16/2025 2:24:26 PM:DBManager:connection_data:Object reference not set to an instance of an object.
1/16/2025 2:24:27 PM:DBManager:connection_data:Object reference not set to an instance of an object.
1/16/2025 2:24:27 PM:DBManager:connection_data:Object reference not set to an instance of an object.
1/16/2025 2:24:27 PM:DBManager:connection_data:Object reference not set to an instance of an object.
1/16/2025 2:24:27 PM:DBManager:connection_data:Object reference not set to an instance of an object.
1/16/2025 2:24:27 PM:DBManager:connection_data:Object reference not set to an instance of an object.
1/16/2025 2:24:27 PM:DBManager:connection_data:Object reference not set to an instance of an object.
1/16/2025 2:24:27 PM:DBManager:connection_data:Object reference not set to an instance of an object.
1/16/2025 2:24:27 PM:DBManager:connection_data:Object reference not set to an instance of an object.
1/16/2025 2:24:27 PM:DBManager:connection_data:Object reference not set to an instance of an object.
1/16/2025 2:24:27 PM:DBManager:connection_data:Object reference not set to an instance of an object.
1/16/2025 2:24:27 PM:DBManager:connection_data:Object reference not set to an instance of an object.
1/16/2025 2:24:27 PM:DBManager:connection_data:Object reference not set to an instance of an object.
1/16/2025 2:24:27 PM:DBManager:connection_data:Object reference not set to an instance of an object.
1/16/2025 2:24:27 PM:DBManager:connection_data:Object reference not set to an instance of an object.
1/16/2025 2:24:27 PM:DBManager:connection_data:Object reference not set to an instance of an object.
1/16/2025 2:24:27 PM:DBManager:connection_data:Object reference not set to an instance of an object.
1/16/2025 2:24:27 PM:DBManager:connection_data:Object reference not set to an instance of an object.
1/16/2025 2:24:27 PM:DBManager:connection_data:Object reference not set to an instance of an object.
1/16/2025 2:24:27 PM:DBManager:connection_data:Object reference not set to an instance of an object.
1/16/2025 2:24:27 PM:DBManager:connection_data:Object reference not set to an instance of an object.
1/16/2025 2:24:27 PM:DBManager:connection_data:Object reference not set to an instance of an object.
1/16/2025 2:24:27 PM:DBManager:connection_data:Object reference not set to an instance of an object.
1/16/2025 2:24:27 PM:DBManager:connection_data:Object reference not set to an instance of an object.
1/16/2025 2:24:27 PM:DBManager:connection_data:Object reference not set to an instance of an object.
1/16/2025 2:24:27 PM:DBManager:connection_data:Object reference not set to an instance of an object.
1/16/2025 2:24:27 PM:DBManager:connection_data:Object reference not set to an instance of an object.
1/16/2025 2:24:27 PM:DBManager:connection_data:Object reference not set to an instance of an object.
1/16/2025 2:24:27 PM:DBManager:connection_data:Object reference not set to an instance of an object.
1/16/2025 2:24:27 PM:DBManager:connection_data:Object reference not set to an instance of an object.
1/16/2025 2:24:27 PM:DBManager:connection_data:Object reference not set to an instance of an object.
1/16/2025 2:24:27 PM:DBManager:connection_data:Object reference not set to an instance of an object.
1/16/2025 2:24:27 PM:DBManager:connection_data:Object reference not set to an instance of an object.
1/16/2025 2:24:27 PM:DBManager:connection_data:Object reference not set to an instance of an object.
1/16/2025 2:24:27 PM:DBManager:connection_data:Object reference not set to an instance of an object.
1/16/2025 2:24:27 PM:DBManager:connection_data:Object reference not set to an instance of an object.
1/16/2025 2:24:27 PM:DBManager:connection_data:Object reference not set to an instance of an object.
1/16/2025 2:24:27 PM:DBManager:connection_data:Object reference not set to an instance of an object.
1/16/2025 2:24:27 PM:DBManager:connection_data:Object reference not set to an instance of an object.
1/16/2025 2:24:27 PM:DBManager:connection_data:Object reference not set to an instance of an object.
1/16/2025 2:24:27 PM:DBManager:connection_data:Object reference not set to an instance of an object.
1/16/2025 2:24:27 PM:DBManager:connection_data:Object reference not set to an instance of an object.
1/16/2025 2:24:27 PM:DBManager:connection_data:Object reference not set to an instance of an object.
1/16/2025 2:24:27 PM:DBManager:connection_data:Object reference not set to an instance of an object.
1/16/2025 2:24:27 PM:DBManager:connection_data:Object reference not set to an instance of an object.
1/16/2025 2:24:27 PM:DBManager:connection_data:Object reference not set to an instance of an object.
1/16/2025 2:24:27 PM:DBManager:connection_data:Object reference not set to an instance of an object.
1/16/2025 2:24:27 PM:DBManager:connection_data:Object reference not set to an instance of an object.
1/16/2025 2:24:27 PM:DBManager:connection_data:Object reference not set to an instance of an object.
1/16/2025 2:24:27 PM:DBManager:connection_data:Object reference not set to an instance of an object.
1/16/2025 2:24:27 PM:DBManager:connection_data:Object reference not set to an instance of an object.
1/16/2025 2:24:27 PM:DBManager:connection_data:Object reference not set to an instance of an object.
1/16/2025 2:24:27 PM:DBManager:connection_data:Object reference not set to an instance of an object.
1/16/2025 2:24:27 PM:DBManager:connection_data:Object reference not set to an instance of an object.
1/16/2025 2:24:27 PM:DBManager:connection_data:Object reference not set to an instance of an object.
1/16/2025 2:25:43 PM:DBManager:connection_data:Object reference not set to an instance of an object.
1/16/2025 2:25:43 PM:DBManager:connection_data:Object reference not set to an instance of an object.
1/16/2025 2:25:43 PM:DBManager:connection_data:Object reference not set to an instance of an object.
1/16/2025 2:25:43 PM:DBManager:connection_data:Object reference not set to an instance of an object.
1/16/2025 2:25:43 PM:DBManager:connection_data:Object reference not set to an instance of an object.
1/16/2025 2:25:43 PM:DBManager:connection_data:Object reference not set to an instance of an object.
1/16/2025 2:25:43 PM:DBManager:connection_data:Object reference not set to an instance of an object.
1/16/2025 2:25:43 PM:DBManager:connection_data:Object reference not set to an instance of an object.
1/16/2025 2:25:43 PM:DBManager:connection_data:Object reference not set to an instance of an object.
1/16/2025 2:25:43 PM:DBManager:connection_data:Object reference not set to an instance of an object.
1/16/2025 2:25:43 PM:DBManager:connection_data:Object reference not set to an instance of an object.
1/16/2025 2:25:43 PM:DBManager:connection_data:Object reference not set to an instance of an object.
1/16/2025 2:25:43 PM:DBManager:connection_data:Object reference not set to an instance of an object.
1/16/2025 2:25:43 PM:DBManager:connection_data:Object reference not set to an instance of an object.
1/16/2025 2:25:43 PM:DBManager:connection_data:Object reference not set to an instance of an object.
1/16/2025 2:25:43 PM:DBManager:connection_data:Object reference not set to an instance of an object.
1/16/2025 2:25:43 PM:DBManager:connection_data:Object reference not set to an instance of an object.
1/16/2025 2:25:43 PM:DBManager:connection_data:Object reference not set to an instance of an object.
1/16/2025 2:25:43 PM:DBManager:connection_data:Object reference not set to an instance of an object.
1/16/2025 2:25:43 PM:DBManager:connection_data:Object reference not set to an instance of an object.
1/16/2025 2:25:43 PM:DBManager:connection_data:Object reference not set to an instance of an object.
1/16/2025 2:25:43 PM:DBManager:connection_data:Object reference not set to an instance of an object.
1/16/2025 2:25:43 PM:DBManager:connection_data:Object reference not set to an instance of an object.
1/16/2025 2:25:43 PM:DBManager:connection_data:Object reference not set to an instance of an object.
1/16/2025 2:25:43 PM:DBManager:connection_data:Object reference not set to an instance of an object.
1/16/2025 2:25:43 PM:DBManager:connection_data:Object reference not set to an instance of an object.
1/16/2025 2:25:43 PM:DBManager:connection_data:Object reference not set to an instance of an object.
1/16/2025 2:25:43 PM:DBManager:connection_data:Object reference not set to an instance of an object.
1/16/2025 2:25:43 PM:DBManager:connection_data:Object reference not set to an instance of an object.
1/16/2025 2:25:43 PM:DBManager:connection_data:Object reference not set to an instance of an object.
1/16/2025 2:25:44 PM:DBManager:connection_data:Object reference not set to an instance of an object.
1/16/2025 2:25:44 PM:DBManager:connection_data:Object reference not set to an instance of an object.
1/16/2025 2:25:44 PM:DBManager:connection_data:Object reference not set to an instance of an object.
1/16/2025 2:25:44 PM:DBManager:connection_data:Object reference not set to an instance of an object.
1/16/2025 2:25:44 PM:DBManager:connection_data:Object reference not set to an instance of an object.
1/16/2025 2:25:44 PM:DBManager:connection_data:Object reference not set to an instance of an object.
1/16/2025 2:25:44 PM:DBManager:connection_data:Object reference not set to an instance of an object.
1/16/2025 2:25:44 PM:DBManager:connection_data:Object reference not set to an instance of an object.
1/16/2025 2:25:44 PM:DBManager:connection_data:Object reference not set to an instance of an object.
1/16/2025 2:25:44 PM:DBManager:connection_data:Object reference not set to an instance of an object.
1/16/2025 2:25:44 PM:DBManager:connection_data:Object reference not set to an instance of an object.
1/16/2025 2:25:44 PM:DBManager:connection_data:Object reference not set to an instance of an object.
1/16/2025 2:25:44 PM:DBManager:connection_data:Object reference not set to an instance of an object.
1/16/2025 2:25:44 PM:DBManager:connection_data:Object reference not set to an instance of an object.
1/16/2025 2:25:44 PM:DBManager:connection_data:Object reference not set to an instance of an object.
1/16/2025 2:25:44 PM:DBManager:connection_data:Object reference not set to an instance of an object.
1/16/2025 2:25:44 PM:DBManager:connection_data:Object reference not set to an instance of an object.
1/16/2025 2:25:44 PM:DBManager:connection_data:Object reference not set to an instance of an object.
1/16/2025 2:25:44 PM:DBManager:connection_data:Object reference not set to an instance of an object.
1/16/2025 2:25:44 PM:DBManager:connection_data:Object reference not set to an instance of an object.
1/16/2025 2:25:44 PM:DBManager:connection_data:Object reference not set to an instance of an object.
1/16/2025 2:25:44 PM:DBManager:connection_data:Object reference not set to an instance of an object.
1/16/2025 2:25:44 PM:DBManager:connection_data:Object reference not set to an instance of an object.
1/16/2025 2:25:44 PM:DBManager:connection_data:Object reference not set to an instance of an object.
1/16/2025 2:25:44 PM:DBManager:connection_data:Object reference not set to an instance of an object.
1/16/2025 2:25:44 PM:DBManager:connection_data:Object reference not set to an instance of an object.
1/16/2025 2:25:44 PM:DBManager:connection_data:Object reference not set to an instance of an object.
1/16/2025 2:25:44 PM:DBManager:connection_data:Object reference not set to an instance of an object.
1/16/2025 2:25:44 PM:DBManager:connection_data:Object reference not set to an instance of an object.
1/16/2025 2:25:44 PM:DBManager:connection_data:Object reference not set to an instance of an object.
1/16/2025 2:25:44 PM:DBManager:connection_data:Object reference not set to an instance of an object.
1/16/2025 2:25:44 PM:DBManager:connection_data:Object reference not set to an instance of an object.
1/16/2025 2:25:44 PM:DBManager:connection_data:Object reference not set to an instance of an object.
1/16/2025 2:25:44 PM:DBManager:connection_data:Object reference not set to an instance of an object.
1/16/2025 2:25:44 PM:DBManager:connection_data:Object reference not set to an instance of an object.
1/16/2025 2:25:44 PM:DBManager:connection_data:Object reference not set to an instance of an object.
1/16/2025 2:25:44 PM:DBManager:connection_data:Object reference not set to an instance of an object.
1/16/2025 2:25:44 PM:DBManager:connection_data:Object reference not set to an instance of an object.
1/16/2025 2:25:45 PM:DBManager:connection_data:Object reference not set to an instance of an object.
1/16/2025 2:25:45 PM:DBManager:connection_data:Object reference not set to an instance of an object.
1/16/2025 2:25:45 PM:DBManager:connection_data:Object reference not set to an instance of an object.
1/16/2025 2:25:45 PM:DBManager:connection_data:Object reference not set to an instance of an object.
1/16/2025 2:25:45 PM:DBManager:connection_data:Object reference not set to an instance of an object.
1/16/2025 2:25:45 PM:DBManager:connection_data:Object reference not set to an instance of an object.
1/16/2025 2:25:45 PM:DBManager:connection_data:Object reference not set to an instance of an object.
1/16/2025 2:25:45 PM:DBManager:connection_data:Object reference not set to an instance of an object.
1/16/2025 2:25:45 PM:DBManager:connection_data:Object reference not set to an instance of an object.
1/16/2025 2:25:45 PM:DBManager:connection_data:Object reference not set to an instance of an object.
1/16/2025 2:25:45 PM:DBManager:connection_data:Object reference not set to an instance of an object.
1/16/2025 2:25:45 PM:DBManager:connection_data:Object reference not set to an instance of an object.
1/16/2025 2:25:45 PM:DBManager:connection_data:Object reference not set to an instance of an object.
1/16/2025 2:25:45 PM:DBManager:connection_data:Object reference not set to an instance of an object.
1/16/2025 2:25:45 PM:DBManager:connection_data:Object reference not set to an instance of an object.
1/16/2025 2:25:45 PM:DBManager:connection_data:Object reference not set to an instance of an object.
1/16/2025 2:25:48 PM:DBManager:connection_data:Object reference not set to an instance of an object.
1/16/2025 2:25:48 PM:DBManager:connection_data:Object reference not set to an instance of an object.
1/16/2025 2:25:48 PM:DBManager:connection_data:Object reference not set to an instance of an object.
1/16/2025 2:25:48 PM:DBManager:connection_data:Object reference not set to an instance of an object.
1/16/2025 2:25:48 PM:DBManager:connection_data:Object reference not set to an instance of an object.
1/16/2025 2:25:48 PM:DBManager:connection_data:Object reference not set to an instance of an object.
1/16/2025 2:25:48 PM:DBManager:connection_data:Object reference not set to an instance of an object.
1/16/2025 2:25:49 PM:DBManager:connection_data:Object reference not set to an instance of an object.
1/16/2025 2:25:49 PM:DBManager:connection_data:Object reference not set to an instance of an object.
1/16/2025 2:25:49 PM:DBManager:connection_data:Object reference not set to an instance of an object.
1/16/2025 2:25:49 PM:DBManager:connection_data:Object reference not set to an instance of an object.
1/16/2025 2:25:49 PM:DBManager:connection_data:Object reference not set to an instance of an object.
1/16/2025 2:25:49 PM:DBManager:connection_data:Object reference not set to an instance of an object.
1/16/2025 2:25:49 PM:DBManager:connection_data:Object reference not set to an instance of an object.
1/16/2025 2:25:49 PM:DBManager:connection_data:Object reference not set to an instance of an object.
1/16/2025 2:25:49 PM:DBManager:connection_data:Object reference not set to an instance of an object.
1/16/2025 2:25:50 PM:DBManager:connection_data:Object reference not set to an instance of an object.
1/16/2025 2:25:50 PM:DBManager:connection_data:Object reference not set to an instance of an object.
1/16/2025 2:25:50 PM:DBManager:connection_data:Object reference not set to an instance of an object.
1/16/2025 2:25:50 PM:DBManager:connection_data:Object reference not set to an instance of an object.
1/16/2025 2:25:50 PM:DBManager:connection_data:Object reference not set to an instance of an object.
1/16/2025 2:25:50 PM:DBManager:connection_data:Object reference not set to an instance of an object.
1/16/2025 2:25:50 PM:DBManager:connection_data:Object reference not set to an instance of an object.
1/16/2025 2:25:50 PM:DBManager:connection_data:Object reference not set to an instance of an object.
1/16/2025 2:25:50 PM:DBManager:connection_data:Object reference not set to an instance of an object.
1/16/2025 2:25:50 PM:DBManager:connection_data:Object reference not set to an instance of an object.
1/16/2025 2:25:50 PM:DBManager:connection_data:Object reference not set to an instance of an object.
1/16/2025 2:25:50 PM:DBManager:connection_data:Object reference not set to an instance of an object.
1/16/2025 2:25:50 PM:DBManager:connection_data:Object reference not set to an instance of an object.
1/16/2025 2:25:50 PM:DBManager:connection_data:Object reference not set to an instance of an object.
1/16/2025 2:25:50 PM:DBManager:connection_data:Object reference not set to an instance of an object.
1/16/2025 2:25:50 PM:DBManager:connection_data:Object reference not set to an instance of an object.
1/16/2025 2:25:50 PM:DBManager:connection_data:Object reference not set to an instance of an object.
1/16/2025 2:25:50 PM:DBManager:connection_data:Object reference not set to an instance of an object.
1/16/2025 2:25:50 PM:DBManager:connection_data:Object reference not set to an instance of an object.
1/16/2025 2:25:50 PM:DBManager:connection_data:Object reference not set to an instance of an object.
1/16/2025 2:25:50 PM:DBManager:connection_data:Object reference not set to an instance of an object.
1/16/2025 2:25:50 PM:DBManager:connection_data:Object reference not set to an instance of an object.
1/16/2025 2:25:50 PM:DBManager:connection_data:Object reference not set to an instance of an object.
1/16/2025 2:25:50 PM:DBManager:connection_data:Object reference not set to an instance of an object.
1/16/2025 2:25:50 PM:DBManager:connection_data:Object reference not set to an instance of an object.
1/16/2025 2:25:50 PM:DBManager:connection_data:Object reference not set to an instance of an object.
1/16/2025 2:25:50 PM:DBManager:connection_data:Object reference not set to an instance of an object.
1/16/2025 2:25:50 PM:DBManager:connection_data:Object reference not set to an instance of an object.
1/16/2025 2:25:51 PM:DBManager:connection_data:Object reference not set to an instance of an object.
1/16/2025 2:25:51 PM:DBManager:connection_data:Object reference not set to an instance of an object.
1/16/2025 2:25:51 PM:DBManager:connection_data:Object reference not set to an instance of an object.
1/16/2025 2:25:51 PM:DBManager:connection_data:Object reference not set to an instance of an object.
1/16/2025 2:25:51 PM:DBManager:connection_data:Object reference not set to an instance of an object.
1/16/2025 2:25:51 PM:DBManager:connection_data:Object reference not set to an instance of an object.
1/16/2025 2:25:51 PM:DBManager:connection_data:Object reference not set to an instance of an object.
1/16/2025 2:25:51 PM:DBManager:connection_data:Object reference not set to an instance of an object.
1/16/2025 2:25:51 PM:DBManager:connection_data:Object reference not set to an instance of an object.
1/16/2025 2:25:51 PM:DBManager:connection_data:Object reference not set to an instance of an object.
1/16/2025 2:25:51 PM:DBManager:connection_data:Object reference not set to an instance of an object.
1/16/2025 2:25:51 PM:DBManager:connection_data:Object reference not set to an instance of an object.
1/16/2025 2:25:51 PM:DBManager:connection_data:Object reference not set to an instance of an object.
1/16/2025 2:25:51 PM:DBManager:connection_data:Object reference not set to an instance of an object.
1/16/2025 2:25:51 PM:DBManager:connection_data:Object reference not set to an instance of an object.
1/16/2025 2:25:51 PM:DBManager:connection_data:Object reference not set to an instance of an object.
1/16/2025 2:25:51 PM:DBManager:connection_data:Object reference not set to an instance of an object.
1/16/2025 2:25:51 PM:DBManager:connection_data:Object reference not set to an instance of an object.
1/16/2025 2:25:51 PM:DBManager:connection_data:Object reference not set to an instance of an object.
1/16/2025 2:25:51 PM:DBManager:connection_data:Object reference not set to an instance of an object.
1/16/2025 2:25:51 PM:DBManager:connection_data:Object reference not set to an instance of an object.
1/16/2025 2:25:51 PM:DBManager:connection_data:Object reference not set to an instance of an object.
1/16/2025 2:25:51 PM:DBManager:connection_data:Object reference not set to an instance of an object.
1/16/2025 2:25:51 PM:DBManager:connection_data:Object reference not set to an instance of an object.
1/16/2025 2:25:51 PM:DBManager:connection_data:Object reference not set to an instance of an object.
1/16/2025 2:25:51 PM:DBManager:connection_data:Object reference not set to an instance of an object.
1/16/2025 2:25:51 PM:DBManager:connection_data:Object reference not set to an instance of an object.
1/16/2025 2:25:51 PM:DBManager:connection_data:Object reference not set to an instance of an object.
1/16/2025 2:25:51 PM:DBManager:connection_data:Object reference not set to an instance of an object.
1/16/2025 2:25:51 PM:DBManager:connection_data:Object reference not set to an instance of an object.
1/16/2025 2:25:51 PM:DBManager:connection_data:Object reference not set to an instance of an object.
1/16/2025 2:25:51 PM:DBManager:connection_data:Object reference not set to an instance of an object.
1/16/2025 2:25:51 PM:DBManager:connection_data:Object reference not set to an instance of an object.
1/16/2025 2:25:51 PM:DBManager:connection_data:Object reference not set to an instance of an object.
1/16/2025 2:25:51 PM:DBManager:connection_data:Object reference not set to an instance of an object.
1/16/2025 2:25:51 PM:DBManager:connection_data:Object reference not set to an instance of an object.
1/16/2025 2:25:51 PM:DBManager:connection_data:Object reference not set to an instance of an object.
1/16/2025 2:25:51 PM:DBManager:connection_data:Object reference not set to an instance of an object.
1/16/2025 2:25:51 PM:DBManager:connection_data:Object reference not set to an instance of an object.
1/16/2025 2:25:52 PM:DBManager:connection_data:Object reference not set to an instance of an object.
1/16/2025 2:25:52 PM:DBManager:connection_data:Object reference not set to an instance of an object.
1/16/2025 2:25:52 PM:DBManager:connection_data:Object reference not set to an instance of an object.
1/16/2025 2:25:52 PM:DBManager:connection_data:Object reference not set to an instance of an object.
1/16/2025 2:25:52 PM:DBManager:connection_data:Object reference not set to an instance of an object.
1/16/2025 2:25:52 PM:DBManager:connection_data:Object reference not set to an instance of an object.
1/16/2025 2:25:52 PM:DBManager:connection_data:Object reference not set to an instance of an object.
1/16/2025 2:25:52 PM:DBManager:connection_data:Object reference not set to an instance of an object.
1/16/2025 2:25:52 PM:DBManager:connection_data:Object reference not set to an instance of an object.
1/16/2025 2:25:52 PM:DBManager:connection_data:Object reference not set to an instance of an object.
1/16/2025 2:25:52 PM:DBManager:connection_data:Object reference not set to an instance of an object.
1/16/2025 2:25:52 PM:DBManager:connection_data:Object reference not set to an instance of an object.
1/16/2025 2:25:52 PM:DBManager:connection_data:Object reference not set to an instance of an object.
1/16/2025 4:09:08 PM:DBManager:connection_data:Object reference not set to an instance of an object.
1/16/2025 4:09:08 PM:DBManager:connection_data:Object reference not set to an instance of an object.
1/16/2025 4:09:09 PM:DBManager:connection_data:Object reference not set to an instance of an object.
1/16/2025 4:09:09 PM:DBManager:connection_data:Object reference not set to an instance of an object.
1/16/2025 4:18:25 PM:DBManager:connection_data:Object reference not set to an instance of an object.
1/16/2025 4:18:25 PM:DBManager:connection_data:Object reference not set to an instance of an object.
1/16/2025 4:18:25 PM:DBManager:connection_data:Object reference not set to an instance of an object.
1/16/2025 4:18:25 PM:DBManager:connection_data:Object reference not set to an instance of an object.
1/16/2025 4:20:58 PM:DBManager:connection_data:Object reference not set to an instance of an object.
1/16/2025 4:20:58 PM:DBManager:connection_data:Object reference not set to an instance of an object.
1/16/2025 4:20:58 PM:DBManager:connection_data:Object reference not set to an instance of an object.
1/16/2025 4:20:58 PM:DBManager:connection_data:Object reference not set to an instance of an object.
1/16/2025 4:21:03 PM:DBManager:connection_data:Object reference not set to an instance of an object.
1/16/2025 4:21:03 PM:DBManager:connection_data:Object reference not set to an instance of an object.
1/16/2025 4:21:03 PM:DBManager:connection_data:Object reference not set to an instance of an object.
1/16/2025 4:21:03 PM:DBManager:connection_data:Object reference not set to an instance of an object.
16/01/2025 4:24:31 PM:POS_WS:CallMethod():The request channel timed out while waiting for a reply after 00:01:00. Increase the timeout value passed to the call to Request or increase the SendTimeout value on the Binding. The time allotted to this operation may have been a portion of a longer timeout.
1/16/2025 4:30:46 PM:DBManager:connection_data:Object reference not set to an instance of an object.
1/16/2025 4:30:46 PM:DBManager:connection_data:Object reference not set to an instance of an object.
1/16/2025 4:30:46 PM:DBManager:connection_data:Object reference not set to an instance of an object.
1/16/2025 4:30:46 PM:DBManager:connection_data:Object reference not set to an instance of an object.
16/01/2025 4:32:20 PM:POS_WS:CallMethod():The request channel timed out while waiting for a reply after 00:00:59.9950009. Increase the timeout value passed to the call to Request or increase the SendTimeout value on the Binding. The time allotted to this operation may have been a portion of a longer timeout.
1/16/2025 4:32:48 PM:DBManager:connection_data:Object reference not set to an instance of an object.
1/16/2025 4:32:48 PM:DBManager:connection_data:Object reference not set to an instance of an object.
1/16/2025 4:32:48 PM:DBManager:connection_data:Object reference not set to an instance of an object.
1/16/2025 4:32:48 PM:DBManager:connection_data:Object reference not set to an instance of an object.
16/01/2025 4:33:51 PM:POS_WS:CallMethod():The request channel timed out while waiting for a reply after 00:00:59.9940007. Increase the timeout value passed to the call to Request or increase the SendTimeout value on the Binding. The time allotted to this operation may have been a portion of a longer timeout.
1/16/2025 4:36:01 PM:DBManager:connection_data:Object reference not set to an instance of an object.
1/16/2025 4:36:01 PM:DBManager:connection_data:Object reference not set to an instance of an object.
1/16/2025 4:36:01 PM:DBManager:connection_data:Object reference not set to an instance of an object.
1/16/2025 4:36:01 PM:DBManager:connection_data:Object reference not set to an instance of an object.
16/01/2025 4:37:16 PM:POS_WS:CallMethod():The request channel timed out while waiting for a reply after 00:00:59.9836980. Increase the timeout value passed to the call to Request or increase the SendTimeout value on the Binding. The time allotted to this operation may have been a portion of a longer timeout.
1/16/2025 4:37:35 PM:DBManager:connection_data:Object reference not set to an instance of an object.
1/16/2025 4:37:35 PM:DBManager:connection_data:Object reference not set to an instance of an object.
1/16/2025 4:37:35 PM:DBManager:connection_data:Object reference not set to an instance of an object.
1/16/2025 4:37:35 PM:DBManager:connection_data:Object reference not set to an instance of an object.
16/01/2025 4:41:05 PM:POS_WS:CallMethod():The request channel timed out while waiting for a reply after 00:01:00. Increase the timeout value passed to the call to Request or increase the SendTimeout value on the Binding. The time allotted to this operation may have been a portion of a longer timeout.
1/16/2025 4:45:27 PM:DBManager:connection_data:Object reference not set to an instance of an object.
1/16/2025 4:45:27 PM:DBManager:connection_data:Object reference not set to an instance of an object.
1/16/2025 4:45:27 PM:DBManager:connection_data:Object reference not set to an instance of an object.
1/16/2025 4:45:27 PM:DBManager:connection_data:Object reference not set to an instance of an object.
16/01/2025 6:40:23 PM:POS_WS:CallMethod():The request channel timed out while waiting for a reply after 00:00:59.9881744. Increase the timeout value passed to the call to Request or increase the SendTimeout value on the Binding. The time allotted to this operation may have been a portion of a longer timeout.
