12/20/2024 11:52:53 AM:DBManager:connection_data:Object reference not set to an instance of an object.
12/20/2024 11:52:53 AM:DBManager:connection_data:Object reference not set to an instance of an object.
12/20/2024 11:52:53 AM:DBManager:connection_data:Object reference not set to an instance of an object.
12/20/2024 11:52:53 AM:DBManager:connection_data:Object reference not set to an instance of an object.
12/20/2024 11:52:53 AM:DBManager:connection_data:Object reference not set to an instance of an object.
12/20/2024 11:52:53 AM:DBManager:connection_data:Object reference not set to an instance of an object.
12/20/2024 11:52:53 AM:DBManager:connection_data:Object reference not set to an instance of an object.
12/20/2024 11:52:53 AM:DBManager:connection_data:Object reference not set to an instance of an object.
12/20/2024 11:52:53 AM:DBManager:connection_data:Object reference not set to an instance of an object.
12/20/2024 11:52:53 AM:DBManager:connection_data:Object reference not set to an instance of an object.
12/20/2024 11:52:53 AM:DBManager:connection_data:Object reference not set to an instance of an object.
12/20/2024 11:52:53 AM:DBManager:connection_data:Object reference not set to an instance of an object.
12/20/2024 11:52:53 AM:DBManager:connection_data:Object reference not set to an instance of an object.
12/20/2024 11:52:53 AM:DBManager:connection_data:Object reference not set to an instance of an object.
12/20/2024 11:52:53 AM:DBManager:connection_data:Object reference not set to an instance of an object.
12/20/2024 11:52:53 AM:DBManager:connection_data:Object reference not set to an instance of an object.
12/20/2024 11:52:53 AM:DBManager:connection_data:Object reference not set to an instance of an object.
12/20/2024 11:52:53 AM:DBManager:connection_data:Object reference not set to an instance of an object.
12/20/2024 11:52:53 AM:DBManager:connection_data:Object reference not set to an instance of an object.
12/20/2024 11:52:53 AM:DBManager:connection_data:Object reference not set to an instance of an object.
12/20/2024 11:52:53 AM:DBManager:connection_data:Object reference not set to an instance of an object.
12/20/2024 11:52:53 AM:DBManager:connection_data:Object reference not set to an instance of an object.
12/20/2024 11:52:53 AM:DBManager:connection_data:Object reference not set to an instance of an object.
12/20/2024 11:52:53 AM:DBManager:connection_data:Object reference not set to an instance of an object.
12/20/2024 11:52:53 AM:DBManager:connection_data:Object reference not set to an instance of an object.
12/20/2024 11:52:53 AM:DBManager:connection_data:Object reference not set to an instance of an object.
12/20/2024 11:52:53 AM:DBManager:connection_data:Object reference not set to an instance of an object.
12/20/2024 11:52:53 AM:DBManager:connection_data:Object reference not set to an instance of an object.
12/20/2024 11:52:53 AM:DBManager:connection_data:Object reference not set to an instance of an object.
12/20/2024 11:52:53 AM:DBManager:connection_data:Object reference not set to an instance of an object.
12/20/2024 11:52:53 AM:DBManager:connection_data:Object reference not set to an instance of an object.
12/20/2024 11:52:53 AM:DBManager:connection_data:Object reference not set to an instance of an object.
12/20/2024 11:52:53 AM:DBManager:connection_data:Object reference not set to an instance of an object.
12/20/2024 11:52:53 AM:DBManager:connection_data:Object reference not set to an instance of an object.
12/20/2024 11:52:53 AM:DBManager:connection_data:Object reference not set to an instance of an object.
12/20/2024 11:52:53 AM:DBManager:connection_data:Object reference not set to an instance of an object.
12/20/2024 11:52:53 AM:DBManager:connection_data:Object reference not set to an instance of an object.
12/20/2024 11:52:53 AM:DBManager:connection_data:Object reference not set to an instance of an object.
12/20/2024 11:52:53 AM:DBManager:connection_data:Object reference not set to an instance of an object.
12/20/2024 11:52:53 AM:DBManager:connection_data:Object reference not set to an instance of an object.
12/20/2024 11:52:53 AM:DBManager:connection_data:Object reference not set to an instance of an object.
12/20/2024 11:52:53 AM:DBManager:connection_data:Object reference not set to an instance of an object.
12/20/2024 11:52:53 AM:DBManager:connection_data:Object reference not set to an instance of an object.
12/20/2024 11:52:53 AM:DBManager:connection_data:Object reference not set to an instance of an object.
12/20/2024 11:52:53 AM:DBManager:connection_data:Object reference not set to an instance of an object.
12/20/2024 11:52:53 AM:DBManager:connection_data:Object reference not set to an instance of an object.
12/20/2024 11:52:53 AM:DBManager:connection_data:Object reference not set to an instance of an object.
12/20/2024 11:52:53 AM:DBManager:connection_data:Object reference not set to an instance of an object.
12/20/2024 11:52:53 AM:DBManager:connection_data:Object reference not set to an instance of an object.
12/20/2024 11:52:53 AM:DBManager:connection_data:Object reference not set to an instance of an object.
12/20/2024 11:52:53 AM:DBManager:connection_data:Object reference not set to an instance of an object.
12/20/2024 11:52:53 AM:DBManager:connection_data:Object reference not set to an instance of an object.
12/20/2024 11:52:53 AM:DBManager:connection_data:Object reference not set to an instance of an object.
12/20/2024 11:52:53 AM:DBManager:connection_data:Object reference not set to an instance of an object.
12/20/2024 11:52:53 AM:DBManager:connection_data:Object reference not set to an instance of an object.
12/20/2024 11:52:53 AM:DBManager:connection_data:Object reference not set to an instance of an object.
12/20/2024 11:52:53 AM:DBManager:connection_data:Object reference not set to an instance of an object.
12/20/2024 11:52:53 AM:DBManager:connection_data:Object reference not set to an instance of an object.
12/20/2024 11:52:53 AM:DBManager:connection_data:Object reference not set to an instance of an object.
12/20/2024 11:52:53 AM:DBManager:connection_data:Object reference not set to an instance of an object.
12/20/2024 11:52:53 AM:DBManager:connection_data:Object reference not set to an instance of an object.
12/20/2024 11:52:53 AM:DBManager:connection_data:Object reference not set to an instance of an object.
12/20/2024 11:52:53 AM:DBManager:connection_data:Object reference not set to an instance of an object.
12/20/2024 11:52:53 AM:DBManager:connection_data:Object reference not set to an instance of an object.
12/20/2024 11:52:53 AM:DBManager:connection_data:Object reference not set to an instance of an object.
12/20/2024 11:52:53 AM:DBManager:connection_data:Object reference not set to an instance of an object.
12/20/2024 11:52:53 AM:DBManager:connection_data:Object reference not set to an instance of an object.
12/20/2024 11:52:53 AM:DBManager:connection_data:Object reference not set to an instance of an object.
12/20/2024 11:52:53 AM:DBManager:connection_data:Object reference not set to an instance of an object.
12/20/2024 11:52:53 AM:DBManager:connection_data:Object reference not set to an instance of an object.
12/20/2024 11:52:53 AM:DBManager:connection_data:Object reference not set to an instance of an object.
12/20/2024 11:52:53 AM:DBManager:connection_data:Object reference not set to an instance of an object.
12/20/2024 11:52:53 AM:DBManager:connection_data:Object reference not set to an instance of an object.
12/20/2024 11:52:53 AM:DBManager:connection_data:Object reference not set to an instance of an object.
12/20/2024 11:52:53 AM:DBManager:connection_data:Object reference not set to an instance of an object.
12/20/2024 11:52:53 AM:DBManager:connection_data:Object reference not set to an instance of an object.
12/20/2024 11:52:53 AM:DBManager:connection_data:Object reference not set to an instance of an object.
12/20/2024 11:52:53 AM:DBManager:connection_data:Object reference not set to an instance of an object.
12/20/2024 11:52:53 AM:DBManager:connection_data:Object reference not set to an instance of an object.
12/20/2024 11:52:53 AM:DBManager:connection_data:Object reference not set to an instance of an object.
12/20/2024 11:52:53 AM:DBManager:connection_data:Object reference not set to an instance of an object.
12/20/2024 11:52:53 AM:DBManager:connection_data:Object reference not set to an instance of an object.
12/20/2024 11:52:53 AM:DBManager:connection_data:Object reference not set to an instance of an object.
20/12/2024 11:52:55 AM:MasterPage:Page_Init:Thread was being aborted.
12/20/2024 11:52:56 AM:DBManager:connection_data:Object reference not set to an instance of an object.
12/20/2024 11:52:56 AM:DBManager:connection_data:Object reference not set to an instance of an object.
12/20/2024 11:52:56 AM:DBManager:connection_data:Object reference not set to an instance of an object.
20/12/2024 11:52:56 AM:SignIn:btnLogIn_Click:test
12/20/2024 11:53:02 AM:DBManager:connection_data:Object reference not set to an instance of an object.
12/20/2024 11:53:02 AM:DBManager:connection_data:Object reference not set to an instance of an object.
12/20/2024 11:53:02 AM:DBManager:connection_data:Object reference not set to an instance of an object.
20/12/2024 11:53:02 AM:SignIn:btnLogIn_Click:test
20/12/2024 11:53:02 AM:SignIn:btnLogIn_Click4:
20/12/2024 11:53:02 AM:SignIn:btnLogIn_Click5:
20/12/2024 11:53:02 AM:SignIn:btnLogIn_Click7:
20/12/2024 11:53:02 AM:SignIn:btnLogIn_Click8:
20/12/2024 11:53:02 AM:ClsDataccess:Getdatatable:The ConnectionString property has not been initialized.
12/20/2024 11:53:03 AM:DBManager:connection_data:Object reference not set to an instance of an object.
12/20/2024 11:53:03 AM:DBManager:connection_data:Object reference not set to an instance of an object.
12/20/2024 11:53:03 AM:DBManager:connection_data:Object reference not set to an instance of an object.
12/20/2024 11:53:03 AM:DBManager:connection_data:Object reference not set to an instance of an object.
12/20/2024 11:53:03 AM:DBManager:connection_data:Object reference not set to an instance of an object.
12/20/2024 11:53:03 AM:DBManager:connection_data:Object reference not set to an instance of an object.
12/20/2024 11:53:03 AM:DBManager:connection_data:Object reference not set to an instance of an object.
12/20/2024 11:53:03 AM:DBManager:connection_data:Object reference not set to an instance of an object.
12/20/2024 11:53:03 AM:DBManager:connection_data:Object reference not set to an instance of an object.
12/20/2024 11:53:03 AM:DBManager:connection_data:Object reference not set to an instance of an object.
12/20/2024 11:53:03 AM:DBManager:connection_data:Object reference not set to an instance of an object.
12/20/2024 11:53:03 AM:DBManager:connection_data:Object reference not set to an instance of an object.
12/20/2024 11:53:03 AM:DBManager:connection_data:Object reference not set to an instance of an object.
12/20/2024 11:53:03 AM:DBManager:connection_data:Object reference not set to an instance of an object.
12/20/2024 11:53:03 AM:DBManager:connection_data:Object reference not set to an instance of an object.
12/20/2024 11:53:03 AM:DBManager:connection_data:Object reference not set to an instance of an object.
12/20/2024 11:53:03 AM:DBManager:connection_data:Object reference not set to an instance of an object.
12/20/2024 11:53:03 AM:DBManager:connection_data:Object reference not set to an instance of an object.
12/20/2024 11:53:03 AM:DBManager:connection_data:Object reference not set to an instance of an object.
12/20/2024 11:53:03 AM:DBManager:connection_data:Object reference not set to an instance of an object.
12/20/2024 11:53:03 AM:DBManager:connection_data:Object reference not set to an instance of an object.
12/20/2024 11:53:03 AM:DBManager:connection_data:Object reference not set to an instance of an object.
12/20/2024 11:53:03 AM:DBManager:connection_data:Object reference not set to an instance of an object.
12/20/2024 11:53:03 AM:DBManager:connection_data:Object reference not set to an instance of an object.
12/20/2024 11:53:03 AM:DBManager:connection_data:Object reference not set to an instance of an object.
12/20/2024 11:53:03 AM:DBManager:connection_data:Object reference not set to an instance of an object.
12/20/2024 11:53:03 AM:DBManager:connection_data:Object reference not set to an instance of an object.
12/20/2024 11:53:03 AM:DBManager:connection_data:Object reference not set to an instance of an object.
12/20/2024 11:53:03 AM:DBManager:connection_data:Object reference not set to an instance of an object.
12/20/2024 11:53:03 AM:DBManager:connection_data:Object reference not set to an instance of an object.
12/20/2024 11:53:03 AM:DBManager:connection_data:Object reference not set to an instance of an object.
12/20/2024 11:53:03 AM:DBManager:connection_data:Object reference not set to an instance of an object.
12/20/2024 11:53:03 AM:DBManager:connection_data:Object reference not set to an instance of an object.
12/20/2024 11:53:03 AM:DBManager:connection_data:Object reference not set to an instance of an object.
12/20/2024 11:53:03 AM:DBManager:connection_data:Object reference not set to an instance of an object.
12/20/2024 11:53:03 AM:DBManager:connection_data:Object reference not set to an instance of an object.
12/20/2024 11:53:03 AM:DBManager:connection_data:Object reference not set to an instance of an object.
12/20/2024 11:53:03 AM:DBManager:connection_data:Object reference not set to an instance of an object.
12/20/2024 11:53:03 AM:DBManager:connection_data:Object reference not set to an instance of an object.
12/20/2024 11:53:03 AM:DBManager:connection_data:Object reference not set to an instance of an object.
12/20/2024 11:53:03 AM:DBManager:connection_data:Object reference not set to an instance of an object.
12/20/2024 11:53:03 AM:DBManager:connection_data:Object reference not set to an instance of an object.
12/20/2024 11:53:03 AM:DBManager:connection_data:Object reference not set to an instance of an object.
12/20/2024 11:53:03 AM:DBManager:connection_data:Object reference not set to an instance of an object.
12/20/2024 11:53:03 AM:DBManager:connection_data:Object reference not set to an instance of an object.
12/20/2024 11:53:03 AM:DBManager:connection_data:Object reference not set to an instance of an object.
12/20/2024 11:53:03 AM:DBManager:connection_data:Object reference not set to an instance of an object.
12/20/2024 11:53:03 AM:DBManager:connection_data:Object reference not set to an instance of an object.
12/20/2024 11:53:03 AM:DBManager:connection_data:Object reference not set to an instance of an object.
12/20/2024 11:53:03 AM:DBManager:connection_data:Object reference not set to an instance of an object.
12/20/2024 11:53:03 AM:DBManager:connection_data:Object reference not set to an instance of an object.
12/20/2024 11:53:03 AM:DBManager:connection_data:Object reference not set to an instance of an object.
12/20/2024 11:53:03 AM:DBManager:connection_data:Object reference not set to an instance of an object.
12/20/2024 11:53:03 AM:DBManager:connection_data:Object reference not set to an instance of an object.
12/20/2024 11:53:03 AM:DBManager:connection_data:Object reference not set to an instance of an object.
12/20/2024 11:53:03 AM:DBManager:connection_data:Object reference not set to an instance of an object.
12/20/2024 11:53:03 AM:DBManager:connection_data:Object reference not set to an instance of an object.
12/20/2024 11:53:03 AM:DBManager:connection_data:Object reference not set to an instance of an object.
12/20/2024 11:53:03 AM:DBManager:connection_data:Object reference not set to an instance of an object.
12/20/2024 11:53:03 AM:DBManager:connection_data:Object reference not set to an instance of an object.
12/20/2024 11:53:03 AM:DBManager:connection_data:Object reference not set to an instance of an object.
12/20/2024 11:53:03 AM:DBManager:connection_data:Object reference not set to an instance of an object.
12/20/2024 11:53:03 AM:DBManager:connection_data:Object reference not set to an instance of an object.
12/20/2024 11:53:03 AM:DBManager:connection_data:Object reference not set to an instance of an object.
12/20/2024 11:53:03 AM:DBManager:connection_data:Object reference not set to an instance of an object.
12/20/2024 11:53:03 AM:DBManager:connection_data:Object reference not set to an instance of an object.
12/20/2024 11:53:03 AM:DBManager:connection_data:Object reference not set to an instance of an object.
12/20/2024 11:53:03 AM:DBManager:connection_data:Object reference not set to an instance of an object.
12/20/2024 11:53:03 AM:DBManager:connection_data:Object reference not set to an instance of an object.
12/20/2024 11:53:03 AM:DBManager:connection_data:Object reference not set to an instance of an object.
12/20/2024 11:53:03 AM:DBManager:connection_data:Object reference not set to an instance of an object.
12/20/2024 11:53:03 AM:DBManager:connection_data:Object reference not set to an instance of an object.
12/20/2024 11:53:03 AM:DBManager:connection_data:Object reference not set to an instance of an object.
12/20/2024 11:53:03 AM:DBManager:connection_data:Object reference not set to an instance of an object.
12/20/2024 11:53:03 AM:DBManager:connection_data:Object reference not set to an instance of an object.
12/20/2024 11:53:03 AM:DBManager:connection_data:Object reference not set to an instance of an object.
12/20/2024 11:53:03 AM:DBManager:connection_data:Object reference not set to an instance of an object.
12/20/2024 11:53:04 AM:DBManager:connection_data:Object reference not set to an instance of an object.
12/20/2024 11:53:04 AM:DBManager:connection_data:Object reference not set to an instance of an object.
12/20/2024 11:53:04 AM:DBManager:connection_data:Object reference not set to an instance of an object.
12/20/2024 11:53:04 AM:DBManager:connection_data:Object reference not set to an instance of an object.
12/20/2024 11:53:04 AM:DBManager:connection_data:Object reference not set to an instance of an object.
12/20/2024 11:53:04 AM:DBManager:connection_data:Object reference not set to an instance of an object.
12/20/2024 11:53:04 AM:DBManager:connection_data:Object reference not set to an instance of an object.
12/20/2024 11:53:04 AM:DBManager:connection_data:Object reference not set to an instance of an object.
12/20/2024 11:53:04 AM:DBManager:connection_data:Object reference not set to an instance of an object.
12/20/2024 11:53:04 AM:DBManager:connection_data:Object reference not set to an instance of an object.
12/20/2024 11:53:04 AM:DBManager:connection_data:Object reference not set to an instance of an object.
12/20/2024 11:53:04 AM:DBManager:connection_data:Object reference not set to an instance of an object.
12/20/2024 11:53:04 AM:DBManager:connection_data:Object reference not set to an instance of an object.
12/20/2024 11:53:04 AM:DBManager:connection_data:Object reference not set to an instance of an object.
12/20/2024 11:53:04 AM:DBManager:connection_data:Object reference not set to an instance of an object.
12/20/2024 11:53:04 AM:DBManager:connection_data:Object reference not set to an instance of an object.
12/20/2024 11:53:04 AM:DBManager:connection_data:Object reference not set to an instance of an object.
12/20/2024 11:53:04 AM:DBManager:connection_data:Object reference not set to an instance of an object.
12/20/2024 11:53:04 AM:DBManager:connection_data:Object reference not set to an instance of an object.
12/20/2024 11:53:04 AM:DBManager:connection_data:Object reference not set to an instance of an object.
12/20/2024 11:53:04 AM:DBManager:connection_data:Object reference not set to an instance of an object.
12/20/2024 11:53:04 AM:DBManager:connection_data:Object reference not set to an instance of an object.
12/20/2024 11:53:04 AM:DBManager:connection_data:Object reference not set to an instance of an object.
12/20/2024 11:53:04 AM:DBManager:connection_data:Object reference not set to an instance of an object.
12/20/2024 11:53:04 AM:DBManager:connection_data:Object reference not set to an instance of an object.
12/20/2024 11:53:04 AM:DBManager:connection_data:Object reference not set to an instance of an object.
12/20/2024 11:53:04 AM:DBManager:connection_data:Object reference not set to an instance of an object.
12/20/2024 11:53:04 AM:DBManager:connection_data:Object reference not set to an instance of an object.
12/20/2024 11:53:04 AM:DBManager:connection_data:Object reference not set to an instance of an object.
12/20/2024 11:53:04 AM:DBManager:connection_data:Object reference not set to an instance of an object.
12/20/2024 11:53:04 AM:DBManager:connection_data:Object reference not set to an instance of an object.
12/20/2024 11:53:04 AM:DBManager:connection_data:Object reference not set to an instance of an object.
12/20/2024 11:53:04 AM:DBManager:connection_data:Object reference not set to an instance of an object.
12/20/2024 11:53:04 AM:DBManager:connection_data:Object reference not set to an instance of an object.
12/20/2024 11:53:04 AM:DBManager:connection_data:Object reference not set to an instance of an object.
12/20/2024 11:53:04 AM:DBManager:connection_data:Object reference not set to an instance of an object.
12/20/2024 11:53:04 AM:DBManager:connection_data:Object reference not set to an instance of an object.
12/20/2024 11:53:04 AM:DBManager:connection_data:Object reference not set to an instance of an object.
12/20/2024 11:53:04 AM:DBManager:connection_data:Object reference not set to an instance of an object.
12/20/2024 11:53:04 AM:DBManager:connection_data:Object reference not set to an instance of an object.
12/20/2024 11:53:04 AM:DBManager:connection_data:Object reference not set to an instance of an object.
12/20/2024 11:53:04 AM:DBManager:connection_data:Object reference not set to an instance of an object.
12/20/2024 11:53:04 AM:DBManager:connection_data:Object reference not set to an instance of an object.
12/20/2024 11:53:04 AM:DBManager:connection_data:Object reference not set to an instance of an object.
12/20/2024 11:53:04 AM:DBManager:connection_data:Object reference not set to an instance of an object.
12/20/2024 11:53:04 AM:DBManager:connection_data:Object reference not set to an instance of an object.
12/20/2024 11:53:04 AM:DBManager:connection_data:Object reference not set to an instance of an object.
12/20/2024 11:53:04 AM:DBManager:connection_data:Object reference not set to an instance of an object.
12/20/2024 11:53:04 AM:DBManager:connection_data:Object reference not set to an instance of an object.
12/20/2024 11:53:04 AM:DBManager:connection_data:Object reference not set to an instance of an object.
12/20/2024 11:53:04 AM:DBManager:connection_data:Object reference not set to an instance of an object.
12/20/2024 11:53:04 AM:DBManager:connection_data:Object reference not set to an instance of an object.
12/20/2024 11:53:04 AM:DBManager:connection_data:Object reference not set to an instance of an object.
12/20/2024 11:53:04 AM:DBManager:connection_data:Object reference not set to an instance of an object.
12/20/2024 11:53:04 AM:DBManager:connection_data:Object reference not set to an instance of an object.
12/20/2024 11:53:04 AM:DBManager:connection_data:Object reference not set to an instance of an object.
12/20/2024 11:53:04 AM:DBManager:connection_data:Object reference not set to an instance of an object.
12/20/2024 11:53:04 AM:DBManager:connection_data:Object reference not set to an instance of an object.
12/20/2024 11:53:04 AM:DBManager:connection_data:Object reference not set to an instance of an object.
12/20/2024 11:53:04 AM:DBManager:connection_data:Object reference not set to an instance of an object.
12/20/2024 11:53:04 AM:DBManager:connection_data:Object reference not set to an instance of an object.
12/20/2024 11:53:04 AM:DBManager:connection_data:Object reference not set to an instance of an object.
12/20/2024 11:53:04 AM:DBManager:connection_data:Object reference not set to an instance of an object.
12/20/2024 11:53:04 AM:DBManager:connection_data:Object reference not set to an instance of an object.
12/20/2024 11:53:04 AM:DBManager:connection_data:Object reference not set to an instance of an object.
12/20/2024 11:53:04 AM:DBManager:connection_data:Object reference not set to an instance of an object.
12/20/2024 11:53:04 AM:DBManager:connection_data:Object reference not set to an instance of an object.
12/20/2024 11:53:04 AM:DBManager:connection_data:Object reference not set to an instance of an object.
12/20/2024 11:53:04 AM:DBManager:connection_data:Object reference not set to an instance of an object.
12/20/2024 11:53:04 AM:DBManager:connection_data:Object reference not set to an instance of an object.
12/20/2024 11:53:04 AM:DBManager:connection_data:Object reference not set to an instance of an object.
12/20/2024 11:53:04 AM:DBManager:connection_data:Object reference not set to an instance of an object.
12/20/2024 11:53:04 AM:DBManager:connection_data:Object reference not set to an instance of an object.
12/20/2024 11:53:04 AM:DBManager:connection_data:Object reference not set to an instance of an object.
12/20/2024 11:53:04 AM:DBManager:connection_data:Object reference not set to an instance of an object.
12/20/2024 11:53:04 AM:DBManager:connection_data:Object reference not set to an instance of an object.
12/20/2024 11:53:04 AM:DBManager:connection_data:Object reference not set to an instance of an object.
12/20/2024 11:53:08 AM:DBManager:connection_data:Object reference not set to an instance of an object.
12/20/2024 11:53:08 AM:DBManager:connection_data:Object reference not set to an instance of an object.
12/20/2024 11:53:08 AM:DBManager:connection_data:Object reference not set to an instance of an object.
12/20/2024 11:53:08 AM:DBManager:connection_data:Object reference not set to an instance of an object.
12/20/2024 11:53:08 AM:DBManager:connection_data:Object reference not set to an instance of an object.
12/20/2024 11:53:08 AM:DBManager:connection_data:Object reference not set to an instance of an object.
20/12/2024 11:53:09 AM:Location_List:rdLocaton_ItemDataBoundObject reference not set to an instance of an object.
20/12/2024 11:53:09 AM:Location_List:rdLocaton_ItemDataBoundObject reference not set to an instance of an object.
12/20/2024 11:53:29 AM:DBManager:connection_data:Object reference not set to an instance of an object.
12/20/2024 11:53:29 AM:DBManager:connection_data:Object reference not set to an instance of an object.
12/20/2024 11:53:29 AM:DBManager:connection_data:Object reference not set to an instance of an object.
12/20/2024 11:53:29 AM:DBManager:connection_data:Object reference not set to an instance of an object.
12/20/2024 11:53:29 AM:DBManager:connection_data:Object reference not set to an instance of an object.
12/20/2024 11:53:29 AM:DBManager:connection_data:Object reference not set to an instance of an object.
12/20/2024 11:53:29 AM:DBManager:connection_data:Object reference not set to an instance of an object.
12/20/2024 11:53:29 AM:DBManager:connection_data:Object reference not set to an instance of an object.
12/20/2024 11:53:29 AM:DBManager:connection_data:Object reference not set to an instance of an object.
12/20/2024 11:53:29 AM:DBManager:connection_data:Object reference not set to an instance of an object.
12/20/2024 11:53:29 AM:DBManager:connection_data:Object reference not set to an instance of an object.
12/20/2024 11:53:29 AM:DBManager:connection_data:Object reference not set to an instance of an object.
12/20/2024 11:53:29 AM:DBManager:connection_data:Object reference not set to an instance of an object.
12/20/2024 11:53:29 AM:DBManager:connection_data:Object reference not set to an instance of an object.
12/20/2024 11:53:29 AM:DBManager:connection_data:Object reference not set to an instance of an object.
12/20/2024 11:53:29 AM:DBManager:connection_data:Object reference not set to an instance of an object.
12/20/2024 11:53:29 AM:DBManager:connection_data:Object reference not set to an instance of an object.
12/20/2024 11:53:29 AM:DBManager:connection_data:Object reference not set to an instance of an object.
12/20/2024 11:53:29 AM:DBManager:connection_data:Object reference not set to an instance of an object.
12/20/2024 11:53:29 AM:DBManager:connection_data:Object reference not set to an instance of an object.
12/20/2024 11:53:29 AM:DBManager:connection_data:Object reference not set to an instance of an object.
12/20/2024 11:53:29 AM:DBManager:connection_data:Object reference not set to an instance of an object.
12/20/2024 11:53:29 AM:DBManager:connection_data:Object reference not set to an instance of an object.
12/20/2024 11:53:29 AM:DBManager:connection_data:Object reference not set to an instance of an object.
12/20/2024 11:53:29 AM:DBManager:connection_data:Object reference not set to an instance of an object.
12/20/2024 11:53:29 AM:DBManager:connection_data:Object reference not set to an instance of an object.
12/20/2024 11:53:29 AM:DBManager:connection_data:Object reference not set to an instance of an object.
12/20/2024 11:53:29 AM:DBManager:connection_data:Object reference not set to an instance of an object.
12/20/2024 11:53:29 AM:DBManager:connection_data:Object reference not set to an instance of an object.
12/20/2024 11:53:29 AM:DBManager:connection_data:Object reference not set to an instance of an object.
12/20/2024 11:53:29 AM:DBManager:connection_data:Object reference not set to an instance of an object.
12/20/2024 11:53:29 AM:DBManager:connection_data:Object reference not set to an instance of an object.
12/20/2024 11:53:29 AM:DBManager:connection_data:Object reference not set to an instance of an object.
12/20/2024 11:53:29 AM:DBManager:connection_data:Object reference not set to an instance of an object.
12/20/2024 11:53:29 AM:DBManager:connection_data:Object reference not set to an instance of an object.
12/20/2024 11:53:29 AM:DBManager:connection_data:Object reference not set to an instance of an object.
12/20/2024 11:53:29 AM:DBManager:connection_data:Object reference not set to an instance of an object.
12/20/2024 11:53:29 AM:DBManager:connection_data:Object reference not set to an instance of an object.
12/20/2024 11:53:29 AM:DBManager:connection_data:Object reference not set to an instance of an object.
12/20/2024 11:53:29 AM:DBManager:connection_data:Object reference not set to an instance of an object.
12/20/2024 11:53:29 AM:DBManager:connection_data:Object reference not set to an instance of an object.
12/20/2024 11:53:29 AM:DBManager:connection_data:Object reference not set to an instance of an object.
12/20/2024 11:53:29 AM:DBManager:connection_data:Object reference not set to an instance of an object.
12/20/2024 11:53:29 AM:DBManager:connection_data:Object reference not set to an instance of an object.
12/20/2024 11:53:29 AM:DBManager:connection_data:Object reference not set to an instance of an object.
12/20/2024 11:53:29 AM:DBManager:connection_data:Object reference not set to an instance of an object.
12/20/2024 11:53:29 AM:DBManager:connection_data:Object reference not set to an instance of an object.
12/20/2024 11:53:29 AM:DBManager:connection_data:Object reference not set to an instance of an object.
12/20/2024 11:53:29 AM:DBManager:connection_data:Object reference not set to an instance of an object.
12/20/2024 11:53:29 AM:DBManager:connection_data:Object reference not set to an instance of an object.
12/20/2024 11:53:29 AM:DBManager:connection_data:Object reference not set to an instance of an object.
12/20/2024 11:53:29 AM:DBManager:connection_data:Object reference not set to an instance of an object.
12/20/2024 11:53:29 AM:DBManager:connection_data:Object reference not set to an instance of an object.
12/20/2024 11:53:29 AM:DBManager:connection_data:Object reference not set to an instance of an object.
12/20/2024 11:53:29 AM:DBManager:connection_data:Object reference not set to an instance of an object.
12/20/2024 11:53:29 AM:DBManager:connection_data:Object reference not set to an instance of an object.
12/20/2024 11:53:29 AM:DBManager:connection_data:Object reference not set to an instance of an object.
12/20/2024 11:53:29 AM:DBManager:connection_data:Object reference not set to an instance of an object.
12/20/2024 11:53:29 AM:DBManager:connection_data:Object reference not set to an instance of an object.
12/20/2024 11:53:29 AM:DBManager:connection_data:Object reference not set to an instance of an object.
12/20/2024 11:53:29 AM:DBManager:connection_data:Object reference not set to an instance of an object.
12/20/2024 11:53:29 AM:DBManager:connection_data:Object reference not set to an instance of an object.
12/20/2024 11:53:29 AM:DBManager:connection_data:Object reference not set to an instance of an object.
12/20/2024 11:53:29 AM:DBManager:connection_data:Object reference not set to an instance of an object.
12/20/2024 11:53:29 AM:DBManager:connection_data:Object reference not set to an instance of an object.
12/20/2024 11:53:29 AM:DBManager:connection_data:Object reference not set to an instance of an object.
12/20/2024 11:53:29 AM:DBManager:connection_data:Object reference not set to an instance of an object.
12/20/2024 11:53:29 AM:DBManager:connection_data:Object reference not set to an instance of an object.
12/20/2024 11:53:29 AM:DBManager:connection_data:Object reference not set to an instance of an object.
12/20/2024 11:53:29 AM:DBManager:connection_data:Object reference not set to an instance of an object.
12/20/2024 11:53:29 AM:DBManager:connection_data:Object reference not set to an instance of an object.
12/20/2024 11:53:29 AM:DBManager:connection_data:Object reference not set to an instance of an object.
12/20/2024 11:53:29 AM:DBManager:connection_data:Object reference not set to an instance of an object.
12/20/2024 11:53:29 AM:DBManager:connection_data:Object reference not set to an instance of an object.
12/20/2024 11:53:29 AM:DBManager:connection_data:Object reference not set to an instance of an object.
12/20/2024 11:53:29 AM:DBManager:connection_data:Object reference not set to an instance of an object.
12/20/2024 11:53:29 AM:DBManager:connection_data:Object reference not set to an instance of an object.
12/20/2024 11:53:29 AM:DBManager:connection_data:Object reference not set to an instance of an object.
12/20/2024 11:53:29 AM:DBManager:connection_data:Object reference not set to an instance of an object.
12/20/2024 11:53:29 AM:DBManager:connection_data:Object reference not set to an instance of an object.
12/20/2024 11:53:29 AM:DBManager:connection_data:Object reference not set to an instance of an object.
12/20/2024 11:53:29 AM:DBManager:connection_data:Object reference not set to an instance of an object.
12/20/2024 11:53:29 AM:DBManager:connection_data:Object reference not set to an instance of an object.
12/20/2024 11:53:29 AM:DBManager:connection_data:Object reference not set to an instance of an object.
12/20/2024 11:53:29 AM:DBManager:connection_data:Object reference not set to an instance of an object.
12/20/2024 11:53:29 AM:DBManager:connection_data:Object reference not set to an instance of an object.
12/20/2024 11:53:29 AM:DBManager:connection_data:Object reference not set to an instance of an object.
12/20/2024 11:53:29 AM:DBManager:connection_data:Object reference not set to an instance of an object.
12/20/2024 11:53:29 AM:DBManager:connection_data:Object reference not set to an instance of an object.
12/20/2024 4:08:07 PM:DBManager:connection_data:Object reference not set to an instance of an object.
12/20/2024 4:08:07 PM:DBManager:connection_data:Object reference not set to an instance of an object.
12/20/2024 4:08:07 PM:DBManager:connection_data:Object reference not set to an instance of an object.
12/20/2024 4:08:07 PM:DBManager:connection_data:Object reference not set to an instance of an object.
12/20/2024 4:08:07 PM:DBManager:connection_data:Object reference not set to an instance of an object.
12/20/2024 4:08:07 PM:DBManager:connection_data:Object reference not set to an instance of an object.
12/20/2024 4:08:07 PM:DBManager:connection_data:Object reference not set to an instance of an object.
12/20/2024 4:08:07 PM:DBManager:connection_data:Object reference not set to an instance of an object.
12/20/2024 4:08:07 PM:DBManager:connection_data:Object reference not set to an instance of an object.
12/20/2024 4:08:07 PM:DBManager:connection_data:Object reference not set to an instance of an object.
12/20/2024 4:08:07 PM:DBManager:connection_data:Object reference not set to an instance of an object.
12/20/2024 4:08:07 PM:DBManager:connection_data:Object reference not set to an instance of an object.
12/20/2024 4:08:07 PM:DBManager:connection_data:Object reference not set to an instance of an object.
12/20/2024 4:08:07 PM:DBManager:connection_data:Object reference not set to an instance of an object.
12/20/2024 4:08:07 PM:DBManager:connection_data:Object reference not set to an instance of an object.
12/20/2024 4:08:07 PM:DBManager:connection_data:Object reference not set to an instance of an object.
12/20/2024 4:08:07 PM:DBManager:connection_data:Object reference not set to an instance of an object.
12/20/2024 4:08:07 PM:DBManager:connection_data:Object reference not set to an instance of an object.
12/20/2024 4:08:07 PM:DBManager:connection_data:Object reference not set to an instance of an object.
12/20/2024 4:08:07 PM:DBManager:connection_data:Object reference not set to an instance of an object.
12/20/2024 4:08:07 PM:DBManager:connection_data:Object reference not set to an instance of an object.
12/20/2024 4:08:07 PM:DBManager:connection_data:Object reference not set to an instance of an object.
12/20/2024 4:08:07 PM:DBManager:connection_data:Object reference not set to an instance of an object.
12/20/2024 4:08:07 PM:DBManager:connection_data:Object reference not set to an instance of an object.
12/20/2024 4:08:07 PM:DBManager:connection_data:Object reference not set to an instance of an object.
12/20/2024 4:08:07 PM:DBManager:connection_data:Object reference not set to an instance of an object.
12/20/2024 4:08:07 PM:DBManager:connection_data:Object reference not set to an instance of an object.
12/20/2024 4:08:07 PM:DBManager:connection_data:Object reference not set to an instance of an object.
12/20/2024 4:08:07 PM:DBManager:connection_data:Object reference not set to an instance of an object.
12/20/2024 4:08:07 PM:DBManager:connection_data:Object reference not set to an instance of an object.
12/20/2024 4:08:07 PM:DBManager:connection_data:Object reference not set to an instance of an object.
12/20/2024 4:08:07 PM:DBManager:connection_data:Object reference not set to an instance of an object.
12/20/2024 4:08:07 PM:DBManager:connection_data:Object reference not set to an instance of an object.
12/20/2024 4:08:07 PM:DBManager:connection_data:Object reference not set to an instance of an object.
12/20/2024 4:08:07 PM:DBManager:connection_data:Object reference not set to an instance of an object.
12/20/2024 4:08:07 PM:DBManager:connection_data:Object reference not set to an instance of an object.
12/20/2024 4:08:07 PM:DBManager:connection_data:Object reference not set to an instance of an object.
12/20/2024 4:08:07 PM:DBManager:connection_data:Object reference not set to an instance of an object.
12/20/2024 4:08:07 PM:DBManager:connection_data:Object reference not set to an instance of an object.
12/20/2024 4:08:07 PM:DBManager:connection_data:Object reference not set to an instance of an object.
12/20/2024 4:08:07 PM:DBManager:connection_data:Object reference not set to an instance of an object.
12/20/2024 4:08:07 PM:DBManager:connection_data:Object reference not set to an instance of an object.
12/20/2024 4:08:07 PM:DBManager:connection_data:Object reference not set to an instance of an object.
12/20/2024 4:08:07 PM:DBManager:connection_data:Object reference not set to an instance of an object.
12/20/2024 4:08:07 PM:DBManager:connection_data:Object reference not set to an instance of an object.
12/20/2024 4:08:07 PM:DBManager:connection_data:Object reference not set to an instance of an object.
12/20/2024 4:08:07 PM:DBManager:connection_data:Object reference not set to an instance of an object.
12/20/2024 4:08:07 PM:DBManager:connection_data:Object reference not set to an instance of an object.
12/20/2024 4:08:07 PM:DBManager:connection_data:Object reference not set to an instance of an object.
12/20/2024 4:08:07 PM:DBManager:connection_data:Object reference not set to an instance of an object.
12/20/2024 4:08:07 PM:DBManager:connection_data:Object reference not set to an instance of an object.
12/20/2024 4:08:07 PM:DBManager:connection_data:Object reference not set to an instance of an object.
12/20/2024 4:08:07 PM:DBManager:connection_data:Object reference not set to an instance of an object.
12/20/2024 4:08:07 PM:DBManager:connection_data:Object reference not set to an instance of an object.
12/20/2024 4:08:07 PM:DBManager:connection_data:Object reference not set to an instance of an object.
12/20/2024 4:08:07 PM:DBManager:connection_data:Object reference not set to an instance of an object.
12/20/2024 4:08:07 PM:DBManager:connection_data:Object reference not set to an instance of an object.
12/20/2024 4:08:07 PM:DBManager:connection_data:Object reference not set to an instance of an object.
12/20/2024 4:08:07 PM:DBManager:connection_data:Object reference not set to an instance of an object.
12/20/2024 4:08:07 PM:DBManager:connection_data:Object reference not set to an instance of an object.
12/20/2024 4:08:07 PM:DBManager:connection_data:Object reference not set to an instance of an object.
12/20/2024 4:08:07 PM:DBManager:connection_data:Object reference not set to an instance of an object.
12/20/2024 4:08:07 PM:DBManager:connection_data:Object reference not set to an instance of an object.
12/20/2024 4:08:07 PM:DBManager:connection_data:Object reference not set to an instance of an object.
12/20/2024 4:08:07 PM:DBManager:connection_data:Object reference not set to an instance of an object.
12/20/2024 4:08:07 PM:DBManager:connection_data:Object reference not set to an instance of an object.
12/20/2024 4:08:07 PM:DBManager:connection_data:Object reference not set to an instance of an object.
12/20/2024 4:08:07 PM:DBManager:connection_data:Object reference not set to an instance of an object.
12/20/2024 4:08:07 PM:DBManager:connection_data:Object reference not set to an instance of an object.
12/20/2024 4:08:07 PM:DBManager:connection_data:Object reference not set to an instance of an object.
12/20/2024 4:08:07 PM:DBManager:connection_data:Object reference not set to an instance of an object.
12/20/2024 4:08:07 PM:DBManager:connection_data:Object reference not set to an instance of an object.
12/20/2024 4:08:07 PM:DBManager:connection_data:Object reference not set to an instance of an object.
12/20/2024 4:08:07 PM:DBManager:connection_data:Object reference not set to an instance of an object.
12/20/2024 4:08:07 PM:DBManager:connection_data:Object reference not set to an instance of an object.
12/20/2024 4:08:07 PM:DBManager:connection_data:Object reference not set to an instance of an object.
12/20/2024 4:08:07 PM:DBManager:connection_data:Object reference not set to an instance of an object.
12/20/2024 4:08:07 PM:DBManager:connection_data:Object reference not set to an instance of an object.
12/20/2024 4:08:07 PM:DBManager:connection_data:Object reference not set to an instance of an object.
12/20/2024 4:08:07 PM:DBManager:connection_data:Object reference not set to an instance of an object.
12/20/2024 4:08:07 PM:DBManager:connection_data:Object reference not set to an instance of an object.
12/20/2024 4:08:07 PM:DBManager:connection_data:Object reference not set to an instance of an object.
12/20/2024 4:08:07 PM:DBManager:connection_data:Object reference not set to an instance of an object.
20/12/2024 4:08:08 PM:MasterPage:Page_Init:Thread was being aborted.
