11/30/2024 10:49:55 PM:DBManager:connection_data:Object reference not set to an instance of an object.
11/30/2024 10:49:55 PM:DBManager:connection_data:Object reference not set to an instance of an object.
11/30/2024 10:49:55 PM:DBManager:connection_data:Object reference not set to an instance of an object.
30/11/2024 10:49:55 PM:SignIn:btnLogIn_Click:test
11/30/2024 11:04:28 PM:DBManager:connection_data:Object reference not set to an instance of an object.
11/30/2024 11:04:28 PM:DBManager:connection_data:Object reference not set to an instance of an object.
11/30/2024 11:04:28 PM:DBManager:connection_data:Object reference not set to an instance of an object.
30/11/2024 11:04:28 PM:SignIn:btnLogIn_Click:test
30/11/2024 11:04:28 PM:SignIn:btnLogIn_Click4:
30/11/2024 11:04:28 PM:SignIn:btnLogIn_Click5:
30/11/2024 11:04:28 PM:SignIn:btnLogIn_Click7:
30/11/2024 11:04:29 PM:SignIn:btnLogIn_Click8:
30/11/2024 11:04:29 PM:ClsDataccess:Getdatatable:The ConnectionString property has not been initialized.
11/30/2024 11:04:29 PM:DBManager:connection_data:Object reference not set to an instance of an object.
11/30/2024 11:04:29 PM:DBManager:connection_data:Object reference not set to an instance of an object.
11/30/2024 11:04:29 PM:DBManager:connection_data:Object reference not set to an instance of an object.
11/30/2024 11:04:29 PM:DBManager:connection_data:Object reference not set to an instance of an object.
11/30/2024 11:04:29 PM:DBManager:connection_data:Object reference not set to an instance of an object.
11/30/2024 11:04:29 PM:DBManager:connection_data:Object reference not set to an instance of an object.
11/30/2024 11:04:29 PM:DBManager:connection_data:Object reference not set to an instance of an object.
11/30/2024 11:04:29 PM:DBManager:connection_data:Object reference not set to an instance of an object.
11/30/2024 11:04:29 PM:DBManager:connection_data:Object reference not set to an instance of an object.
11/30/2024 11:04:29 PM:DBManager:connection_data:Object reference not set to an instance of an object.
11/30/2024 11:04:29 PM:DBManager:connection_data:Object reference not set to an instance of an object.
11/30/2024 11:04:29 PM:DBManager:connection_data:Object reference not set to an instance of an object.
11/30/2024 11:04:29 PM:DBManager:connection_data:Object reference not set to an instance of an object.
11/30/2024 11:04:29 PM:DBManager:connection_data:Object reference not set to an instance of an object.
11/30/2024 11:04:29 PM:DBManager:connection_data:Object reference not set to an instance of an object.
11/30/2024 11:04:29 PM:DBManager:connection_data:Object reference not set to an instance of an object.
11/30/2024 11:04:29 PM:DBManager:connection_data:Object reference not set to an instance of an object.
11/30/2024 11:04:29 PM:DBManager:connection_data:Object reference not set to an instance of an object.
11/30/2024 11:04:29 PM:DBManager:connection_data:Object reference not set to an instance of an object.
11/30/2024 11:04:29 PM:DBManager:connection_data:Object reference not set to an instance of an object.
11/30/2024 11:04:29 PM:DBManager:connection_data:Object reference not set to an instance of an object.
11/30/2024 11:04:29 PM:DBManager:connection_data:Object reference not set to an instance of an object.
11/30/2024 11:04:29 PM:DBManager:connection_data:Object reference not set to an instance of an object.
11/30/2024 11:04:29 PM:DBManager:connection_data:Object reference not set to an instance of an object.
11/30/2024 11:04:29 PM:DBManager:connection_data:Object reference not set to an instance of an object.
11/30/2024 11:04:29 PM:DBManager:connection_data:Object reference not set to an instance of an object.
11/30/2024 11:04:29 PM:DBManager:connection_data:Object reference not set to an instance of an object.
11/30/2024 11:04:29 PM:DBManager:connection_data:Object reference not set to an instance of an object.
11/30/2024 11:04:29 PM:DBManager:connection_data:Object reference not set to an instance of an object.
11/30/2024 11:04:29 PM:DBManager:connection_data:Object reference not set to an instance of an object.
11/30/2024 11:04:29 PM:DBManager:connection_data:Object reference not set to an instance of an object.
11/30/2024 11:04:29 PM:DBManager:connection_data:Object reference not set to an instance of an object.
11/30/2024 11:04:29 PM:DBManager:connection_data:Object reference not set to an instance of an object.
11/30/2024 11:04:29 PM:DBManager:connection_data:Object reference not set to an instance of an object.
11/30/2024 11:04:29 PM:DBManager:connection_data:Object reference not set to an instance of an object.
11/30/2024 11:04:29 PM:DBManager:connection_data:Object reference not set to an instance of an object.
11/30/2024 11:04:29 PM:DBManager:connection_data:Object reference not set to an instance of an object.
11/30/2024 11:04:29 PM:DBManager:connection_data:Object reference not set to an instance of an object.
11/30/2024 11:04:29 PM:DBManager:connection_data:Object reference not set to an instance of an object.
11/30/2024 11:04:29 PM:DBManager:connection_data:Object reference not set to an instance of an object.
11/30/2024 11:04:29 PM:DBManager:connection_data:Object reference not set to an instance of an object.
11/30/2024 11:04:29 PM:DBManager:connection_data:Object reference not set to an instance of an object.
11/30/2024 11:04:29 PM:DBManager:connection_data:Object reference not set to an instance of an object.
11/30/2024 11:04:29 PM:DBManager:connection_data:Object reference not set to an instance of an object.
11/30/2024 11:04:29 PM:DBManager:connection_data:Object reference not set to an instance of an object.
11/30/2024 11:04:29 PM:DBManager:connection_data:Object reference not set to an instance of an object.
11/30/2024 11:04:29 PM:DBManager:connection_data:Object reference not set to an instance of an object.
11/30/2024 11:04:29 PM:DBManager:connection_data:Object reference not set to an instance of an object.
11/30/2024 11:04:29 PM:DBManager:connection_data:Object reference not set to an instance of an object.
11/30/2024 11:04:29 PM:DBManager:connection_data:Object reference not set to an instance of an object.
11/30/2024 11:04:29 PM:DBManager:connection_data:Object reference not set to an instance of an object.
11/30/2024 11:04:29 PM:DBManager:connection_data:Object reference not set to an instance of an object.
11/30/2024 11:04:29 PM:DBManager:connection_data:Object reference not set to an instance of an object.
11/30/2024 11:04:29 PM:DBManager:connection_data:Object reference not set to an instance of an object.
11/30/2024 11:04:29 PM:DBManager:connection_data:Object reference not set to an instance of an object.
11/30/2024 11:04:29 PM:DBManager:connection_data:Object reference not set to an instance of an object.
11/30/2024 11:04:29 PM:DBManager:connection_data:Object reference not set to an instance of an object.
11/30/2024 11:04:29 PM:DBManager:connection_data:Object reference not set to an instance of an object.
11/30/2024 11:04:29 PM:DBManager:connection_data:Object reference not set to an instance of an object.
11/30/2024 11:04:29 PM:DBManager:connection_data:Object reference not set to an instance of an object.
11/30/2024 11:04:29 PM:DBManager:connection_data:Object reference not set to an instance of an object.
11/30/2024 11:04:29 PM:DBManager:connection_data:Object reference not set to an instance of an object.
11/30/2024 11:04:29 PM:DBManager:connection_data:Object reference not set to an instance of an object.
11/30/2024 11:04:29 PM:DBManager:connection_data:Object reference not set to an instance of an object.
11/30/2024 11:04:29 PM:DBManager:connection_data:Object reference not set to an instance of an object.
11/30/2024 11:04:29 PM:DBManager:connection_data:Object reference not set to an instance of an object.
11/30/2024 11:04:29 PM:DBManager:connection_data:Object reference not set to an instance of an object.
11/30/2024 11:04:29 PM:DBManager:connection_data:Object reference not set to an instance of an object.
11/30/2024 11:04:29 PM:DBManager:connection_data:Object reference not set to an instance of an object.
11/30/2024 11:04:29 PM:DBManager:connection_data:Object reference not set to an instance of an object.
11/30/2024 11:04:29 PM:DBManager:connection_data:Object reference not set to an instance of an object.
11/30/2024 11:04:29 PM:DBManager:connection_data:Object reference not set to an instance of an object.
11/30/2024 11:04:29 PM:DBManager:connection_data:Object reference not set to an instance of an object.
11/30/2024 11:04:29 PM:DBManager:connection_data:Object reference not set to an instance of an object.
11/30/2024 11:04:29 PM:DBManager:connection_data:Object reference not set to an instance of an object.
11/30/2024 11:04:29 PM:DBManager:connection_data:Object reference not set to an instance of an object.
11/30/2024 11:04:29 PM:DBManager:connection_data:Object reference not set to an instance of an object.
11/30/2024 11:04:31 PM:DBManager:connection_data:Object reference not set to an instance of an object.
11/30/2024 11:04:31 PM:DBManager:connection_data:Object reference not set to an instance of an object.
11/30/2024 11:04:31 PM:DBManager:connection_data:Object reference not set to an instance of an object.
11/30/2024 11:04:31 PM:DBManager:connection_data:Object reference not set to an instance of an object.
11/30/2024 11:04:31 PM:DBManager:connection_data:Object reference not set to an instance of an object.
11/30/2024 11:04:31 PM:DBManager:connection_data:Object reference not set to an instance of an object.
11/30/2024 11:04:31 PM:DBManager:connection_data:Object reference not set to an instance of an object.
11/30/2024 11:04:31 PM:DBManager:connection_data:Object reference not set to an instance of an object.
11/30/2024 11:04:31 PM:DBManager:connection_data:Object reference not set to an instance of an object.
11/30/2024 11:04:31 PM:DBManager:connection_data:Object reference not set to an instance of an object.
11/30/2024 11:04:31 PM:DBManager:connection_data:Object reference not set to an instance of an object.
11/30/2024 11:04:31 PM:DBManager:connection_data:Object reference not set to an instance of an object.
11/30/2024 11:04:31 PM:DBManager:connection_data:Object reference not set to an instance of an object.
11/30/2024 11:04:31 PM:DBManager:connection_data:Object reference not set to an instance of an object.
11/30/2024 11:04:31 PM:DBManager:connection_data:Object reference not set to an instance of an object.
11/30/2024 11:04:31 PM:DBManager:connection_data:Object reference not set to an instance of an object.
11/30/2024 11:04:31 PM:DBManager:connection_data:Object reference not set to an instance of an object.
11/30/2024 11:04:31 PM:DBManager:connection_data:Object reference not set to an instance of an object.
11/30/2024 11:04:31 PM:DBManager:connection_data:Object reference not set to an instance of an object.
11/30/2024 11:04:31 PM:DBManager:connection_data:Object reference not set to an instance of an object.
11/30/2024 11:04:31 PM:DBManager:connection_data:Object reference not set to an instance of an object.
11/30/2024 11:04:31 PM:DBManager:connection_data:Object reference not set to an instance of an object.
11/30/2024 11:04:31 PM:DBManager:connection_data:Object reference not set to an instance of an object.
11/30/2024 11:04:31 PM:DBManager:connection_data:Object reference not set to an instance of an object.
11/30/2024 11:04:31 PM:DBManager:connection_data:Object reference not set to an instance of an object.
11/30/2024 11:04:31 PM:DBManager:connection_data:Object reference not set to an instance of an object.
11/30/2024 11:04:31 PM:DBManager:connection_data:Object reference not set to an instance of an object.
11/30/2024 11:04:31 PM:DBManager:connection_data:Object reference not set to an instance of an object.
11/30/2024 11:04:31 PM:DBManager:connection_data:Object reference not set to an instance of an object.
11/30/2024 11:04:31 PM:DBManager:connection_data:Object reference not set to an instance of an object.
11/30/2024 11:04:31 PM:DBManager:connection_data:Object reference not set to an instance of an object.
11/30/2024 11:04:31 PM:DBManager:connection_data:Object reference not set to an instance of an object.
11/30/2024 11:04:31 PM:DBManager:connection_data:Object reference not set to an instance of an object.
11/30/2024 11:04:31 PM:DBManager:connection_data:Object reference not set to an instance of an object.
11/30/2024 11:04:31 PM:DBManager:connection_data:Object reference not set to an instance of an object.
11/30/2024 11:04:31 PM:DBManager:connection_data:Object reference not set to an instance of an object.
11/30/2024 11:04:31 PM:DBManager:connection_data:Object reference not set to an instance of an object.
11/30/2024 11:04:31 PM:DBManager:connection_data:Object reference not set to an instance of an object.
11/30/2024 11:04:31 PM:DBManager:connection_data:Object reference not set to an instance of an object.
11/30/2024 11:04:31 PM:DBManager:connection_data:Object reference not set to an instance of an object.
11/30/2024 11:04:31 PM:DBManager:connection_data:Object reference not set to an instance of an object.
11/30/2024 11:04:31 PM:DBManager:connection_data:Object reference not set to an instance of an object.
11/30/2024 11:04:31 PM:DBManager:connection_data:Object reference not set to an instance of an object.
11/30/2024 11:04:31 PM:DBManager:connection_data:Object reference not set to an instance of an object.
11/30/2024 11:04:31 PM:DBManager:connection_data:Object reference not set to an instance of an object.
11/30/2024 11:04:31 PM:DBManager:connection_data:Object reference not set to an instance of an object.
11/30/2024 11:04:31 PM:DBManager:connection_data:Object reference not set to an instance of an object.
11/30/2024 11:04:31 PM:DBManager:connection_data:Object reference not set to an instance of an object.
11/30/2024 11:04:31 PM:DBManager:connection_data:Object reference not set to an instance of an object.
11/30/2024 11:04:31 PM:DBManager:connection_data:Object reference not set to an instance of an object.
11/30/2024 11:04:31 PM:DBManager:connection_data:Object reference not set to an instance of an object.
11/30/2024 11:04:31 PM:DBManager:connection_data:Object reference not set to an instance of an object.
11/30/2024 11:04:31 PM:DBManager:connection_data:Object reference not set to an instance of an object.
11/30/2024 11:04:31 PM:DBManager:connection_data:Object reference not set to an instance of an object.
11/30/2024 11:04:31 PM:DBManager:connection_data:Object reference not set to an instance of an object.
11/30/2024 11:04:31 PM:DBManager:connection_data:Object reference not set to an instance of an object.
11/30/2024 11:04:31 PM:DBManager:connection_data:Object reference not set to an instance of an object.
11/30/2024 11:04:31 PM:DBManager:connection_data:Object reference not set to an instance of an object.
11/30/2024 11:04:31 PM:DBManager:connection_data:Object reference not set to an instance of an object.
11/30/2024 11:04:31 PM:DBManager:connection_data:Object reference not set to an instance of an object.
11/30/2024 11:04:31 PM:DBManager:connection_data:Object reference not set to an instance of an object.
11/30/2024 11:04:31 PM:DBManager:connection_data:Object reference not set to an instance of an object.
11/30/2024 11:04:31 PM:DBManager:connection_data:Object reference not set to an instance of an object.
11/30/2024 11:04:31 PM:DBManager:connection_data:Object reference not set to an instance of an object.
11/30/2024 11:04:31 PM:DBManager:connection_data:Object reference not set to an instance of an object.
11/30/2024 11:04:31 PM:DBManager:connection_data:Object reference not set to an instance of an object.
11/30/2024 11:04:31 PM:DBManager:connection_data:Object reference not set to an instance of an object.
11/30/2024 11:04:31 PM:DBManager:connection_data:Object reference not set to an instance of an object.
11/30/2024 11:04:31 PM:DBManager:connection_data:Object reference not set to an instance of an object.
11/30/2024 11:04:31 PM:DBManager:connection_data:Object reference not set to an instance of an object.
11/30/2024 11:04:31 PM:DBManager:connection_data:Object reference not set to an instance of an object.
11/30/2024 11:04:31 PM:DBManager:connection_data:Object reference not set to an instance of an object.
11/30/2024 11:04:31 PM:DBManager:connection_data:Object reference not set to an instance of an object.
11/30/2024 11:04:31 PM:DBManager:connection_data:Object reference not set to an instance of an object.
11/30/2024 11:04:31 PM:DBManager:connection_data:Object reference not set to an instance of an object.
11/30/2024 11:04:31 PM:DBManager:connection_data:Object reference not set to an instance of an object.
11/30/2024 11:04:31 PM:DBManager:connection_data:Object reference not set to an instance of an object.
11/30/2024 11:04:37 PM:DBManager:connection_data:Object reference not set to an instance of an object.
11/30/2024 11:04:37 PM:DBManager:connection_data:Object reference not set to an instance of an object.
11/30/2024 11:04:37 PM:DBManager:connection_data:Object reference not set to an instance of an object.
11/30/2024 11:04:37 PM:DBManager:connection_data:Object reference not set to an instance of an object.
11/30/2024 11:04:37 PM:DBManager:connection_data:Object reference not set to an instance of an object.
11/30/2024 11:04:37 PM:DBManager:connection_data:Object reference not set to an instance of an object.
11/30/2024 11:04:37 PM:DBManager:connection_data:Object reference not set to an instance of an object.
11/30/2024 11:04:43 PM:DBManager:connection_data:Object reference not set to an instance of an object.
11/30/2024 11:04:43 PM:DBManager:connection_data:Object reference not set to an instance of an object.
11/30/2024 11:04:43 PM:DBManager:connection_data:Object reference not set to an instance of an object.
30/11/2024 11:04:43 PM:SignIn:btnLogIn_Click:test
11/30/2024 11:31:21 PM:DBManager:connection_data:Object reference not set to an instance of an object.
11/30/2024 11:31:21 PM:DBManager:connection_data:Object reference not set to an instance of an object.
11/30/2024 11:31:21 PM:DBManager:connection_data:Object reference not set to an instance of an object.
30/11/2024 11:31:21 PM:SignIn:btnLogIn_Click:test
30/11/2024 11:31:21 PM:SignIn:btnLogIn_Click4:
30/11/2024 11:31:21 PM:SignIn:btnLogIn_Click5:
30/11/2024 11:31:21 PM:SignIn:btnLogIn_Click7:
30/11/2024 11:31:33 PM:SignIn:btnLogIn_Click:Cannot open database "POS_MSITest3_30112024232242" requested by the login. The login failed.
Login failed for user 'sa'.
