13-03-2023 14:41:05:DBManager:connection_data:Object reference not set to an instance of an object.
13-03-2023 14:41:05:DBManager:connection_data:Object reference not set to an instance of an object.
13-03-2023 14:41:05:DBManager:connection_data:Object reference not set to an instance of an object.
13-03-2023 14:41:05:DBManager:connection_data:Object reference not set to an instance of an object.
13-03-2023 14:41:05:DBManager:connection_data:Object reference not set to an instance of an object.
13-03-2023 14:41:05:DBManager:connection_data:Object reference not set to an instance of an object.
13-03-2023 14:41:05:DBManager:connection_data:Object reference not set to an instance of an object.
13-03-2023 14:41:05:DBManager:connection_data:Object reference not set to an instance of an object.
13-03-2023 14:41:05:DBManager:connection_data:Object reference not set to an instance of an object.
13-03-2023 14:41:05:DBManager:connection_data:Object reference not set to an instance of an object.
13-03-2023 14:41:05:DBManager:connection_data:Object reference not set to an instance of an object.
13-03-2023 14:41:05:DBManager:connection_data:Object reference not set to an instance of an object.
13-03-2023 14:41:05:DBManager:connection_data:Object reference not set to an instance of an object.
13-03-2023 14:41:05:DBManager:connection_data:Object reference not set to an instance of an object.
13-03-2023 14:41:05:DBManager:connection_data:Object reference not set to an instance of an object.
13-03-2023 14:41:05:DBManager:connection_data:Object reference not set to an instance of an object.
13-03-2023 14:41:05:DBManager:connection_data:Object reference not set to an instance of an object.
13-03-2023 14:41:05:DBManager:connection_data:Object reference not set to an instance of an object.
13-03-2023 14:41:05:DBManager:connection_data:Object reference not set to an instance of an object.
13-03-2023 14:41:05:DBManager:connection_data:Object reference not set to an instance of an object.
13-03-2023 14:41:05:DBManager:connection_data:Object reference not set to an instance of an object.
13-03-2023 14:41:05:DBManager:connection_data:Object reference not set to an instance of an object.
13-03-2023 14:41:05:DBManager:connection_data:Object reference not set to an instance of an object.
13-03-2023 14:41:05:DBManager:connection_data:Object reference not set to an instance of an object.
13-03-2023 14:41:05:DBManager:connection_data:Object reference not set to an instance of an object.
13-03-2023 14:41:05:DBManager:connection_data:Object reference not set to an instance of an object.
13-03-2023 14:41:05:DBManager:connection_data:Object reference not set to an instance of an object.
13-03-2023 14:41:05:DBManager:connection_data:Object reference not set to an instance of an object.
13-03-2023 14:41:05:DBManager:connection_data:Object reference not set to an instance of an object.
13-03-2023 14:41:05:DBManager:connection_data:Object reference not set to an instance of an object.
13-03-2023 14:41:05:DBManager:connection_data:Object reference not set to an instance of an object.
13-03-2023 14:41:05:DBManager:connection_data:Object reference not set to an instance of an object.
13-03-2023 14:41:05:DBManager:connection_data:Object reference not set to an instance of an object.
13-03-2023 14:41:05:DBManager:connection_data:Object reference not set to an instance of an object.
13-03-2023 14:41:05:DBManager:connection_data:Object reference not set to an instance of an object.
13-03-2023 14:41:05:DBManager:connection_data:Object reference not set to an instance of an object.
13-03-2023 14:41:05:DBManager:connection_data:Object reference not set to an instance of an object.
13-03-2023 14:41:05:DBManager:connection_data:Object reference not set to an instance of an object.
13-03-2023 14:41:05:DBManager:connection_data:Object reference not set to an instance of an object.
13-03-2023 14:41:05:DBManager:connection_data:Object reference not set to an instance of an object.
13-03-2023 14:41:05:DBManager:connection_data:Object reference not set to an instance of an object.
13-03-2023 14:41:05:DBManager:connection_data:Object reference not set to an instance of an object.
13-03-2023 14:41:05:DBManager:connection_data:Object reference not set to an instance of an object.
13-03-2023 14:41:05:DBManager:connection_data:Object reference not set to an instance of an object.
13-03-2023 14:41:05:DBManager:connection_data:Object reference not set to an instance of an object.
13-03-2023 14:41:05:DBManager:connection_data:Object reference not set to an instance of an object.
13-03-2023 14:41:05:DBManager:connection_data:Object reference not set to an instance of an object.
13-03-2023 14:41:05:DBManager:connection_data:Object reference not set to an instance of an object.
13-03-2023 14:41:05:DBManager:connection_data:Object reference not set to an instance of an object.
13-03-2023 14:41:05:DBManager:connection_data:Object reference not set to an instance of an object.
13-03-2023 14:41:05:DBManager:connection_data:Object reference not set to an instance of an object.
13-03-2023 14:41:05:DBManager:connection_data:Object reference not set to an instance of an object.
13-03-2023 14:41:05:DBManager:connection_data:Object reference not set to an instance of an object.
13-03-2023 14:41:05:DBManager:connection_data:Object reference not set to an instance of an object.
13-03-2023 14:41:05:DBManager:connection_data:Object reference not set to an instance of an object.
13-03-2023 14:41:05:DBManager:connection_data:Object reference not set to an instance of an object.
13-03-2023 14:41:05:DBManager:connection_data:Object reference not set to an instance of an object.
13-03-2023 14:41:05:DBManager:connection_data:Object reference not set to an instance of an object.
13-03-2023 14:41:05:DBManager:connection_data:Object reference not set to an instance of an object.
13-03-2023 14:41:05:DBManager:connection_data:Object reference not set to an instance of an object.
13-03-2023 14:41:05:DBManager:connection_data:Object reference not set to an instance of an object.
13-03-2023 14:41:05:DBManager:connection_data:Object reference not set to an instance of an object.
13-03-2023 14:41:05:DBManager:connection_data:Object reference not set to an instance of an object.
13-03-2023 14:41:05:DBManager:connection_data:Object reference not set to an instance of an object.
13-03-2023 14:41:05:DBManager:connection_data:Object reference not set to an instance of an object.
13-03-2023 14:41:05:DBManager:connection_data:Object reference not set to an instance of an object.
13-03-2023 14:41:05:DBManager:connection_data:Object reference not set to an instance of an object.
13-03-2023 14:41:05:DBManager:connection_data:Object reference not set to an instance of an object.
13-03-2023 14:41:05:DBManager:connection_data:Object reference not set to an instance of an object.
13-03-2023 14:41:05:DBManager:connection_data:Object reference not set to an instance of an object.
13-03-2023 14:41:05:DBManager:connection_data:Object reference not set to an instance of an object.
13-03-2023 14:41:05:DBManager:connection_data:Object reference not set to an instance of an object.
13-03-2023 14:41:05:DBManager:connection_data:Object reference not set to an instance of an object.
13-03-2023 14:41:05:DBManager:connection_data:Object reference not set to an instance of an object.
13-03-2023 14:41:05:DBManager:connection_data:Object reference not set to an instance of an object.
13-03-2023 14:41:05:DBManager:connection_data:Object reference not set to an instance of an object.
13-03-2023 14:41:05:DBManager:connection_data:Object reference not set to an instance of an object.
13-03-2023 14:41:05:DBManager:connection_data:Object reference not set to an instance of an object.
13-03-2023 14:41:05:DBManager:connection_data:Object reference not set to an instance of an object.
13-03-2023 14:41:05:DBManager:connection_data:Object reference not set to an instance of an object.
13-03-2023 14:41:05:DBManager:connection_data:Object reference not set to an instance of an object.
13-03-2023 14:41:05:DBManager:connection_data:Object reference not set to an instance of an object.
13-03-2023 14:41:05:DBManager:connection_data:Object reference not set to an instance of an object.
13-03-2023 14:41:05:DBManager:connection_data:Object reference not set to an instance of an object.
13-03-2023 14:41:05:DBManager:connection_data:Object reference not set to an instance of an object.
13-03-2023 14:41:05:DBManager:connection_data:Object reference not set to an instance of an object.
13/03/2023 2:41:05 PM:MasterPage:Page_Init:Thread was being aborted.
13-03-2023 14:41:05:DBManager:connection_data:Object reference not set to an instance of an object.
13-03-2023 14:41:05:DBManager:connection_data:Object reference not set to an instance of an object.
13-03-2023 14:41:05:DBManager:connection_data:Object reference not set to an instance of an object.
13/03/2023 2:41:05 PM:SignIn:btnLogIn_Click:test
13-03-2023 14:42:35:DBManager:connection_data:Object reference not set to an instance of an object.
13-03-2023 14:42:35:DBManager:connection_data:Object reference not set to an instance of an object.
13-03-2023 14:42:35:DBManager:connection_data:Object reference not set to an instance of an object.
13/03/2023 2:42:35 PM:SignIn:btnLogIn_Click:test
13-03-2023 14:43:26:DBManager:connection_data:Object reference not set to an instance of an object.
13-03-2023 14:43:26:DBManager:connection_data:Object reference not set to an instance of an object.
13-03-2023 14:43:26:DBManager:connection_data:Object reference not set to an instance of an object.
13-03-2023 14:43:26:DBManager:connection_data:Object reference not set to an instance of an object.
13-03-2023 14:43:26:DBManager:connection_data:Object reference not set to an instance of an object.
13-03-2023 14:43:26:DBManager:connection_data:Object reference not set to an instance of an object.
13-03-2023 14:43:26:DBManager:connection_data:Object reference not set to an instance of an object.
13-03-2023 14:43:26:DBManager:connection_data:Object reference not set to an instance of an object.
13-03-2023 14:43:26:DBManager:connection_data:Object reference not set to an instance of an object.
13-03-2023 14:43:26:DBManager:connection_data:Object reference not set to an instance of an object.
13-03-2023 14:43:26:DBManager:connection_data:Object reference not set to an instance of an object.
13-03-2023 14:43:26:DBManager:connection_data:Object reference not set to an instance of an object.
13-03-2023 14:43:26:DBManager:connection_data:Object reference not set to an instance of an object.
13-03-2023 14:43:26:DBManager:connection_data:Object reference not set to an instance of an object.
13-03-2023 14:43:26:DBManager:connection_data:Object reference not set to an instance of an object.
13-03-2023 14:43:26:DBManager:connection_data:Object reference not set to an instance of an object.
13-03-2023 14:43:26:DBManager:connection_data:Object reference not set to an instance of an object.
13-03-2023 14:43:26:DBManager:connection_data:Object reference not set to an instance of an object.
13-03-2023 14:43:26:DBManager:connection_data:Object reference not set to an instance of an object.
13-03-2023 14:43:26:DBManager:connection_data:Object reference not set to an instance of an object.
13-03-2023 14:43:26:DBManager:connection_data:Object reference not set to an instance of an object.
13-03-2023 14:43:26:DBManager:connection_data:Object reference not set to an instance of an object.
13-03-2023 14:43:26:DBManager:connection_data:Object reference not set to an instance of an object.
13-03-2023 14:43:26:DBManager:connection_data:Object reference not set to an instance of an object.
13-03-2023 14:43:26:DBManager:connection_data:Object reference not set to an instance of an object.
13-03-2023 14:43:26:DBManager:connection_data:Object reference not set to an instance of an object.
13-03-2023 14:43:26:DBManager:connection_data:Object reference not set to an instance of an object.
13-03-2023 14:43:26:DBManager:connection_data:Object reference not set to an instance of an object.
13-03-2023 14:43:26:DBManager:connection_data:Object reference not set to an instance of an object.
13-03-2023 14:43:26:DBManager:connection_data:Object reference not set to an instance of an object.
13-03-2023 14:43:26:DBManager:connection_data:Object reference not set to an instance of an object.
13-03-2023 14:43:26:DBManager:connection_data:Object reference not set to an instance of an object.
13-03-2023 14:43:26:DBManager:connection_data:Object reference not set to an instance of an object.
13-03-2023 14:43:26:DBManager:connection_data:Object reference not set to an instance of an object.
13-03-2023 14:43:26:DBManager:connection_data:Object reference not set to an instance of an object.
13-03-2023 14:43:26:DBManager:connection_data:Object reference not set to an instance of an object.
13-03-2023 14:43:26:DBManager:connection_data:Object reference not set to an instance of an object.
13-03-2023 14:43:26:DBManager:connection_data:Object reference not set to an instance of an object.
13-03-2023 14:43:26:DBManager:connection_data:Object reference not set to an instance of an object.
13-03-2023 14:43:26:DBManager:connection_data:Object reference not set to an instance of an object.
13-03-2023 14:43:26:DBManager:connection_data:Object reference not set to an instance of an object.
13-03-2023 14:43:26:DBManager:connection_data:Object reference not set to an instance of an object.
13-03-2023 14:43:26:DBManager:connection_data:Object reference not set to an instance of an object.
13-03-2023 14:43:26:DBManager:connection_data:Object reference not set to an instance of an object.
13-03-2023 14:43:26:DBManager:connection_data:Object reference not set to an instance of an object.
13-03-2023 14:43:26:DBManager:connection_data:Object reference not set to an instance of an object.
13-03-2023 14:43:26:DBManager:connection_data:Object reference not set to an instance of an object.
13-03-2023 14:43:26:DBManager:connection_data:Object reference not set to an instance of an object.
13-03-2023 14:43:26:DBManager:connection_data:Object reference not set to an instance of an object.
13-03-2023 14:43:26:DBManager:connection_data:Object reference not set to an instance of an object.
13-03-2023 14:43:26:DBManager:connection_data:Object reference not set to an instance of an object.
13-03-2023 14:43:26:DBManager:connection_data:Object reference not set to an instance of an object.
13-03-2023 14:43:26:DBManager:connection_data:Object reference not set to an instance of an object.
13-03-2023 14:43:26:DBManager:connection_data:Object reference not set to an instance of an object.
13-03-2023 14:43:26:DBManager:connection_data:Object reference not set to an instance of an object.
13-03-2023 14:43:26:DBManager:connection_data:Object reference not set to an instance of an object.
13-03-2023 14:43:26:DBManager:connection_data:Object reference not set to an instance of an object.
13-03-2023 14:43:26:DBManager:connection_data:Object reference not set to an instance of an object.
13-03-2023 14:43:26:DBManager:connection_data:Object reference not set to an instance of an object.
13-03-2023 14:43:26:DBManager:connection_data:Object reference not set to an instance of an object.
13-03-2023 14:43:26:DBManager:connection_data:Object reference not set to an instance of an object.
13-03-2023 14:43:26:DBManager:connection_data:Object reference not set to an instance of an object.
13-03-2023 14:43:26:DBManager:connection_data:Object reference not set to an instance of an object.
13-03-2023 14:43:26:DBManager:connection_data:Object reference not set to an instance of an object.
13-03-2023 14:43:26:DBManager:connection_data:Object reference not set to an instance of an object.
13-03-2023 14:43:26:DBManager:connection_data:Object reference not set to an instance of an object.
13-03-2023 14:43:26:DBManager:connection_data:Object reference not set to an instance of an object.
13-03-2023 14:43:26:DBManager:connection_data:Object reference not set to an instance of an object.
13-03-2023 14:43:26:DBManager:connection_data:Object reference not set to an instance of an object.
13-03-2023 14:43:26:DBManager:connection_data:Object reference not set to an instance of an object.
13-03-2023 14:43:26:DBManager:connection_data:Object reference not set to an instance of an object.
13-03-2023 14:43:26:DBManager:connection_data:Object reference not set to an instance of an object.
13-03-2023 14:43:26:DBManager:connection_data:Object reference not set to an instance of an object.
13-03-2023 14:43:26:DBManager:connection_data:Object reference not set to an instance of an object.
13-03-2023 14:43:26:DBManager:connection_data:Object reference not set to an instance of an object.
13-03-2023 14:43:26:DBManager:connection_data:Object reference not set to an instance of an object.
13-03-2023 14:43:26:DBManager:connection_data:Object reference not set to an instance of an object.
13-03-2023 14:43:26:DBManager:connection_data:Object reference not set to an instance of an object.
13-03-2023 14:43:26:DBManager:connection_data:Object reference not set to an instance of an object.
13-03-2023 14:43:26:DBManager:connection_data:Object reference not set to an instance of an object.
13-03-2023 14:43:26:DBManager:connection_data:Object reference not set to an instance of an object.
13-03-2023 14:43:26:DBManager:connection_data:Object reference not set to an instance of an object.
13-03-2023 14:43:26:DBManager:connection_data:Object reference not set to an instance of an object.
13-03-2023 14:43:26:DBManager:connection_data:Object reference not set to an instance of an object.
13-03-2023 14:43:26:DBManager:connection_data:Object reference not set to an instance of an object.
13-03-2023 14:43:26:DBManager:connection_data:Object reference not set to an instance of an object.
13/03/2023 2:43:26 PM:MasterPage:Page_Init:Thread was being aborted.
13-03-2023 14:43:26:DBManager:connection_data:Object reference not set to an instance of an object.
13-03-2023 14:43:26:DBManager:connection_data:Object reference not set to an instance of an object.
13-03-2023 14:43:26:DBManager:connection_data:Object reference not set to an instance of an object.
13/03/2023 2:43:26 PM:SignIn:btnLogIn_Click:test
13-03-2023 14:43:33:DBManager:connection_data:Object reference not set to an instance of an object.
13-03-2023 14:43:33:DBManager:connection_data:Object reference not set to an instance of an object.
13-03-2023 14:43:33:DBManager:connection_data:Object reference not set to an instance of an object.
13/03/2023 2:43:33 PM:SignIn:btnLogIn_Click:test
13/03/2023 2:43:33 PM:SignIn:btnLogIn_Click4:
13/03/2023 2:43:33 PM:SignIn:btnLogIn_Click5:
13/03/2023 2:43:33 PM:SignIn:btnLogIn_Click7:
13/03/2023 2:43:34 PM:SignIn:btnLogIn_Click8:
13/03/2023 2:43:34 PM:ClsDataccess:Getdatatable:The ConnectionString property has not been initialized.
13-03-2023 14:43:34:DBManager:connection_data:Object reference not set to an instance of an object.
13-03-2023 14:43:34:DBManager:connection_data:Object reference not set to an instance of an object.
13-03-2023 14:43:34:DBManager:connection_data:Object reference not set to an instance of an object.
13-03-2023 14:43:34:DBManager:connection_data:Object reference not set to an instance of an object.
13-03-2023 14:43:34:DBManager:connection_data:Object reference not set to an instance of an object.
13-03-2023 14:43:34:DBManager:connection_data:Object reference not set to an instance of an object.
13-03-2023 14:43:34:DBManager:connection_data:Object reference not set to an instance of an object.
13-03-2023 14:43:34:DBManager:connection_data:Object reference not set to an instance of an object.
13-03-2023 14:43:34:DBManager:connection_data:Object reference not set to an instance of an object.
13-03-2023 14:43:34:DBManager:connection_data:Object reference not set to an instance of an object.
13-03-2023 14:43:34:DBManager:connection_data:Object reference not set to an instance of an object.
13-03-2023 14:43:34:DBManager:connection_data:Object reference not set to an instance of an object.
13-03-2023 14:43:34:DBManager:connection_data:Object reference not set to an instance of an object.
13-03-2023 14:43:34:DBManager:connection_data:Object reference not set to an instance of an object.
13-03-2023 14:43:34:DBManager:connection_data:Object reference not set to an instance of an object.
13-03-2023 14:43:34:DBManager:connection_data:Object reference not set to an instance of an object.
13-03-2023 14:43:34:DBManager:connection_data:Object reference not set to an instance of an object.
13-03-2023 14:43:34:DBManager:connection_data:Object reference not set to an instance of an object.
13-03-2023 14:43:34:DBManager:connection_data:Object reference not set to an instance of an object.
13-03-2023 14:43:34:DBManager:connection_data:Object reference not set to an instance of an object.
13-03-2023 14:43:34:DBManager:connection_data:Object reference not set to an instance of an object.
13-03-2023 14:43:34:DBManager:connection_data:Object reference not set to an instance of an object.
13-03-2023 14:43:34:DBManager:connection_data:Object reference not set to an instance of an object.
13-03-2023 14:43:34:DBManager:connection_data:Object reference not set to an instance of an object.
13-03-2023 14:43:34:DBManager:connection_data:Object reference not set to an instance of an object.
13-03-2023 14:43:34:DBManager:connection_data:Object reference not set to an instance of an object.
13-03-2023 14:43:34:DBManager:connection_data:Object reference not set to an instance of an object.
13-03-2023 14:43:34:DBManager:connection_data:Object reference not set to an instance of an object.
13-03-2023 14:43:34:DBManager:connection_data:Object reference not set to an instance of an object.
13-03-2023 14:43:34:DBManager:connection_data:Object reference not set to an instance of an object.
13-03-2023 14:43:34:DBManager:connection_data:Object reference not set to an instance of an object.
13-03-2023 14:43:34:DBManager:connection_data:Object reference not set to an instance of an object.
13-03-2023 14:43:34:DBManager:connection_data:Object reference not set to an instance of an object.
13-03-2023 14:43:34:DBManager:connection_data:Object reference not set to an instance of an object.
13-03-2023 14:43:34:DBManager:connection_data:Object reference not set to an instance of an object.
13-03-2023 14:43:34:DBManager:connection_data:Object reference not set to an instance of an object.
13-03-2023 14:43:34:DBManager:connection_data:Object reference not set to an instance of an object.
13-03-2023 14:43:34:DBManager:connection_data:Object reference not set to an instance of an object.
13-03-2023 14:43:34:DBManager:connection_data:Object reference not set to an instance of an object.
13-03-2023 14:43:34:DBManager:connection_data:Object reference not set to an instance of an object.
13-03-2023 14:43:34:DBManager:connection_data:Object reference not set to an instance of an object.
13-03-2023 14:43:34:DBManager:connection_data:Object reference not set to an instance of an object.
13-03-2023 14:43:34:DBManager:connection_data:Object reference not set to an instance of an object.
13-03-2023 14:43:34:DBManager:connection_data:Object reference not set to an instance of an object.
13-03-2023 14:43:34:DBManager:connection_data:Object reference not set to an instance of an object.
13-03-2023 14:43:34:DBManager:connection_data:Object reference not set to an instance of an object.
13-03-2023 14:43:34:DBManager:connection_data:Object reference not set to an instance of an object.
13-03-2023 14:43:34:DBManager:connection_data:Object reference not set to an instance of an object.
13-03-2023 14:43:34:DBManager:connection_data:Object reference not set to an instance of an object.
13-03-2023 14:43:34:DBManager:connection_data:Object reference not set to an instance of an object.
13-03-2023 14:43:34:DBManager:connection_data:Object reference not set to an instance of an object.
13-03-2023 14:43:34:DBManager:connection_data:Object reference not set to an instance of an object.
13-03-2023 14:43:34:DBManager:connection_data:Object reference not set to an instance of an object.
13-03-2023 14:43:34:DBManager:connection_data:Object reference not set to an instance of an object.
13-03-2023 14:43:34:DBManager:connection_data:Object reference not set to an instance of an object.
13-03-2023 14:43:34:DBManager:connection_data:Object reference not set to an instance of an object.
13-03-2023 14:43:34:DBManager:connection_data:Object reference not set to an instance of an object.
13-03-2023 14:43:34:DBManager:connection_data:Object reference not set to an instance of an object.
13-03-2023 14:43:34:DBManager:connection_data:Object reference not set to an instance of an object.
13-03-2023 14:43:34:DBManager:connection_data:Object reference not set to an instance of an object.
13-03-2023 14:43:34:DBManager:connection_data:Object reference not set to an instance of an object.
13-03-2023 14:43:34:DBManager:connection_data:Object reference not set to an instance of an object.
13-03-2023 14:43:34:DBManager:connection_data:Object reference not set to an instance of an object.
13-03-2023 14:43:34:DBManager:connection_data:Object reference not set to an instance of an object.
13-03-2023 14:43:34:DBManager:connection_data:Object reference not set to an instance of an object.
13-03-2023 14:43:34:DBManager:connection_data:Object reference not set to an instance of an object.
13-03-2023 14:43:34:DBManager:connection_data:Object reference not set to an instance of an object.
13-03-2023 14:43:34:DBManager:connection_data:Object reference not set to an instance of an object.
13-03-2023 14:43:34:DBManager:connection_data:Object reference not set to an instance of an object.
13-03-2023 14:43:34:DBManager:connection_data:Object reference not set to an instance of an object.
13-03-2023 14:43:34:DBManager:connection_data:Object reference not set to an instance of an object.
13-03-2023 14:43:34:DBManager:connection_data:Object reference not set to an instance of an object.
13-03-2023 14:43:34:DBManager:connection_data:Object reference not set to an instance of an object.
13-03-2023 14:43:34:DBManager:connection_data:Object reference not set to an instance of an object.
13-03-2023 14:43:34:DBManager:connection_data:Object reference not set to an instance of an object.
13-03-2023 14:43:34:DBManager:connection_data:Object reference not set to an instance of an object.
13-03-2023 14:43:34:DBManager:connection_data:Object reference not set to an instance of an object.
13-03-2023 14:43:44:DBManager:connection_data:Object reference not set to an instance of an object.
13-03-2023 14:43:44:DBManager:connection_data:Object reference not set to an instance of an object.
13-03-2023 14:43:44:DBManager:connection_data:Object reference not set to an instance of an object.
13-03-2023 14:43:44:DBManager:connection_data:Object reference not set to an instance of an object.
13-03-2023 14:43:44:DBManager:connection_data:Object reference not set to an instance of an object.
13-03-2023 14:43:44:DBManager:connection_data:Object reference not set to an instance of an object.
13-03-2023 14:43:44:DBManager:connection_data:Object reference not set to an instance of an object.
13-03-2023 14:43:44:DBManager:connection_data:Object reference not set to an instance of an object.
13-03-2023 14:43:44:DBManager:connection_data:Object reference not set to an instance of an object.
13-03-2023 14:43:44:DBManager:connection_data:Object reference not set to an instance of an object.
13-03-2023 14:43:44:DBManager:connection_data:Object reference not set to an instance of an object.
13-03-2023 14:43:44:DBManager:connection_data:Object reference not set to an instance of an object.
13-03-2023 14:43:44:DBManager:connection_data:Object reference not set to an instance of an object.
13-03-2023 14:43:44:DBManager:connection_data:Object reference not set to an instance of an object.
13-03-2023 14:43:44:DBManager:connection_data:Object reference not set to an instance of an object.
13-03-2023 14:43:44:DBManager:connection_data:Object reference not set to an instance of an object.
13-03-2023 14:43:44:DBManager:connection_data:Object reference not set to an instance of an object.
13-03-2023 14:43:44:DBManager:connection_data:Object reference not set to an instance of an object.
13-03-2023 14:43:44:DBManager:connection_data:Object reference not set to an instance of an object.
13-03-2023 14:43:44:DBManager:connection_data:Object reference not set to an instance of an object.
13-03-2023 14:43:44:DBManager:connection_data:Object reference not set to an instance of an object.
13-03-2023 14:43:44:DBManager:connection_data:Object reference not set to an instance of an object.
13-03-2023 14:43:44:DBManager:connection_data:Object reference not set to an instance of an object.
13-03-2023 14:43:44:DBManager:connection_data:Object reference not set to an instance of an object.
13-03-2023 14:43:44:DBManager:connection_data:Object reference not set to an instance of an object.
13-03-2023 14:43:44:DBManager:connection_data:Object reference not set to an instance of an object.
13-03-2023 14:43:44:DBManager:connection_data:Object reference not set to an instance of an object.
13-03-2023 14:43:44:DBManager:connection_data:Object reference not set to an instance of an object.
13-03-2023 14:43:44:DBManager:connection_data:Object reference not set to an instance of an object.
13-03-2023 14:43:44:DBManager:connection_data:Object reference not set to an instance of an object.
13-03-2023 14:43:44:DBManager:connection_data:Object reference not set to an instance of an object.
13-03-2023 14:43:44:DBManager:connection_data:Object reference not set to an instance of an object.
13-03-2023 14:43:44:DBManager:connection_data:Object reference not set to an instance of an object.
13-03-2023 14:43:44:DBManager:connection_data:Object reference not set to an instance of an object.
13-03-2023 14:43:44:DBManager:connection_data:Object reference not set to an instance of an object.
13-03-2023 14:43:44:DBManager:connection_data:Object reference not set to an instance of an object.
13-03-2023 14:43:44:DBManager:connection_data:Object reference not set to an instance of an object.
13-03-2023 14:43:44:DBManager:connection_data:Object reference not set to an instance of an object.
13-03-2023 14:43:44:DBManager:connection_data:Object reference not set to an instance of an object.
13-03-2023 14:43:44:DBManager:connection_data:Object reference not set to an instance of an object.
13-03-2023 14:43:44:DBManager:connection_data:Object reference not set to an instance of an object.
13-03-2023 14:43:44:DBManager:connection_data:Object reference not set to an instance of an object.
13-03-2023 14:43:44:DBManager:connection_data:Object reference not set to an instance of an object.
13-03-2023 14:43:44:DBManager:connection_data:Object reference not set to an instance of an object.
13-03-2023 14:43:44:DBManager:connection_data:Object reference not set to an instance of an object.
13-03-2023 14:43:44:DBManager:connection_data:Object reference not set to an instance of an object.
13-03-2023 14:43:44:DBManager:connection_data:Object reference not set to an instance of an object.
13-03-2023 14:43:44:DBManager:connection_data:Object reference not set to an instance of an object.
13-03-2023 14:43:44:DBManager:connection_data:Object reference not set to an instance of an object.
13-03-2023 14:43:44:DBManager:connection_data:Object reference not set to an instance of an object.
13-03-2023 14:43:44:DBManager:connection_data:Object reference not set to an instance of an object.
13-03-2023 14:43:44:DBManager:connection_data:Object reference not set to an instance of an object.
13-03-2023 14:43:44:DBManager:connection_data:Object reference not set to an instance of an object.
13-03-2023 14:43:44:DBManager:connection_data:Object reference not set to an instance of an object.
13-03-2023 14:43:44:DBManager:connection_data:Object reference not set to an instance of an object.
13-03-2023 14:43:44:DBManager:connection_data:Object reference not set to an instance of an object.
13-03-2023 14:43:44:DBManager:connection_data:Object reference not set to an instance of an object.
13-03-2023 14:43:44:DBManager:connection_data:Object reference not set to an instance of an object.
13-03-2023 14:43:44:DBManager:connection_data:Object reference not set to an instance of an object.
13-03-2023 14:43:44:DBManager:connection_data:Object reference not set to an instance of an object.
13-03-2023 14:43:44:DBManager:connection_data:Object reference not set to an instance of an object.
13-03-2023 14:43:44:DBManager:connection_data:Object reference not set to an instance of an object.
13-03-2023 14:43:44:DBManager:connection_data:Object reference not set to an instance of an object.
13-03-2023 14:43:44:DBManager:connection_data:Object reference not set to an instance of an object.
13-03-2023 14:43:44:DBManager:connection_data:Object reference not set to an instance of an object.
13-03-2023 14:43:44:DBManager:connection_data:Object reference not set to an instance of an object.
13-03-2023 14:43:44:DBManager:connection_data:Object reference not set to an instance of an object.
13-03-2023 14:43:44:DBManager:connection_data:Object reference not set to an instance of an object.
13-03-2023 14:43:44:DBManager:connection_data:Object reference not set to an instance of an object.
13-03-2023 14:43:44:DBManager:connection_data:Object reference not set to an instance of an object.
13-03-2023 14:43:44:DBManager:connection_data:Object reference not set to an instance of an object.
13-03-2023 14:43:44:DBManager:connection_data:Object reference not set to an instance of an object.
13-03-2023 14:43:44:DBManager:connection_data:Object reference not set to an instance of an object.
13-03-2023 14:43:44:DBManager:connection_data:Object reference not set to an instance of an object.
13-03-2023 14:43:44:DBManager:connection_data:Object reference not set to an instance of an object.
13-03-2023 14:43:44:DBManager:connection_data:Object reference not set to an instance of an object.
13-03-2023 14:43:44:DBManager:connection_data:Object reference not set to an instance of an object.
13-03-2023 14:43:51:DBManager:connection_data:Object reference not set to an instance of an object.
13-03-2023 14:43:51:DBManager:connection_data:Object reference not set to an instance of an object.
13-03-2023 14:43:51:DBManager:connection_data:Object reference not set to an instance of an object.
13-03-2023 14:43:51:DBManager:connection_data:Object reference not set to an instance of an object.
13-03-2023 14:43:51:DBManager:connection_data:Object reference not set to an instance of an object.
13-03-2023 14:43:51:DBManager:connection_data:Object reference not set to an instance of an object.
13-03-2023 14:43:51:DBManager:connection_data:Object reference not set to an instance of an object.
13-03-2023 14:43:51:DBManager:connection_data:Object reference not set to an instance of an object.
13-03-2023 14:43:51:DBManager:connection_data:Object reference not set to an instance of an object.
13-03-2023 14:43:51:DBManager:connection_data:Object reference not set to an instance of an object.
13-03-2023 14:43:51:DBManager:connection_data:Object reference not set to an instance of an object.
13-03-2023 14:43:51:DBManager:connection_data:Object reference not set to an instance of an object.
13-03-2023 14:43:51:DBManager:connection_data:Object reference not set to an instance of an object.
13-03-2023 14:43:51:DBManager:connection_data:Object reference not set to an instance of an object.
13-03-2023 14:43:51:DBManager:connection_data:Object reference not set to an instance of an object.
13-03-2023 14:43:51:DBManager:connection_data:Object reference not set to an instance of an object.
13-03-2023 14:43:51:DBManager:connection_data:Object reference not set to an instance of an object.
13-03-2023 14:43:51:DBManager:connection_data:Object reference not set to an instance of an object.
13-03-2023 14:43:51:DBManager:connection_data:Object reference not set to an instance of an object.
13-03-2023 14:43:51:DBManager:connection_data:Object reference not set to an instance of an object.
13-03-2023 14:43:51:DBManager:connection_data:Object reference not set to an instance of an object.
13-03-2023 14:43:51:DBManager:connection_data:Object reference not set to an instance of an object.
13-03-2023 14:43:51:DBManager:connection_data:Object reference not set to an instance of an object.
13-03-2023 14:43:51:DBManager:connection_data:Object reference not set to an instance of an object.
13-03-2023 14:43:51:DBManager:connection_data:Object reference not set to an instance of an object.
13-03-2023 14:43:51:DBManager:connection_data:Object reference not set to an instance of an object.
13-03-2023 14:43:51:DBManager:connection_data:Object reference not set to an instance of an object.
13-03-2023 14:43:51:DBManager:connection_data:Object reference not set to an instance of an object.
13-03-2023 14:43:51:DBManager:connection_data:Object reference not set to an instance of an object.
13-03-2023 14:43:51:DBManager:connection_data:Object reference not set to an instance of an object.
13-03-2023 14:43:51:DBManager:connection_data:Object reference not set to an instance of an object.
13-03-2023 14:43:51:DBManager:connection_data:Object reference not set to an instance of an object.
13-03-2023 14:43:51:DBManager:connection_data:Object reference not set to an instance of an object.
13-03-2023 14:43:51:DBManager:connection_data:Object reference not set to an instance of an object.
13-03-2023 14:43:51:DBManager:connection_data:Object reference not set to an instance of an object.
13-03-2023 14:43:51:DBManager:connection_data:Object reference not set to an instance of an object.
13-03-2023 14:43:51:DBManager:connection_data:Object reference not set to an instance of an object.
13-03-2023 14:43:51:DBManager:connection_data:Object reference not set to an instance of an object.
13-03-2023 14:43:51:DBManager:connection_data:Object reference not set to an instance of an object.
13-03-2023 14:43:51:DBManager:connection_data:Object reference not set to an instance of an object.
13-03-2023 14:43:51:DBManager:connection_data:Object reference not set to an instance of an object.
13-03-2023 14:43:51:DBManager:connection_data:Object reference not set to an instance of an object.
13-03-2023 14:43:51:DBManager:connection_data:Object reference not set to an instance of an object.
13-03-2023 14:43:51:DBManager:connection_data:Object reference not set to an instance of an object.
13-03-2023 14:43:51:DBManager:connection_data:Object reference not set to an instance of an object.
13-03-2023 14:43:51:DBManager:connection_data:Object reference not set to an instance of an object.
13-03-2023 14:43:51:DBManager:connection_data:Object reference not set to an instance of an object.
13-03-2023 14:43:51:DBManager:connection_data:Object reference not set to an instance of an object.
13-03-2023 14:43:51:DBManager:connection_data:Object reference not set to an instance of an object.
13-03-2023 14:43:51:DBManager:connection_data:Object reference not set to an instance of an object.
13-03-2023 14:43:51:DBManager:connection_data:Object reference not set to an instance of an object.
13-03-2023 14:43:51:DBManager:connection_data:Object reference not set to an instance of an object.
13-03-2023 14:43:51:DBManager:connection_data:Object reference not set to an instance of an object.
13-03-2023 14:43:51:DBManager:connection_data:Object reference not set to an instance of an object.
13-03-2023 14:43:51:DBManager:connection_data:Object reference not set to an instance of an object.
13-03-2023 14:43:51:DBManager:connection_data:Object reference not set to an instance of an object.
13-03-2023 14:43:51:DBManager:connection_data:Object reference not set to an instance of an object.
13-03-2023 14:43:51:DBManager:connection_data:Object reference not set to an instance of an object.
13-03-2023 14:43:51:DBManager:connection_data:Object reference not set to an instance of an object.
13-03-2023 14:43:51:DBManager:connection_data:Object reference not set to an instance of an object.
13-03-2023 14:43:51:DBManager:connection_data:Object reference not set to an instance of an object.
13-03-2023 14:43:51:DBManager:connection_data:Object reference not set to an instance of an object.
13-03-2023 14:43:51:DBManager:connection_data:Object reference not set to an instance of an object.
13-03-2023 14:43:51:DBManager:connection_data:Object reference not set to an instance of an object.
13-03-2023 14:43:51:DBManager:connection_data:Object reference not set to an instance of an object.
13-03-2023 14:43:51:DBManager:connection_data:Object reference not set to an instance of an object.
13-03-2023 14:43:51:DBManager:connection_data:Object reference not set to an instance of an object.
13-03-2023 14:43:51:DBManager:connection_data:Object reference not set to an instance of an object.
13-03-2023 14:43:51:DBManager:connection_data:Object reference not set to an instance of an object.
13-03-2023 14:43:51:DBManager:connection_data:Object reference not set to an instance of an object.
13-03-2023 14:43:51:DBManager:connection_data:Object reference not set to an instance of an object.
13-03-2023 14:43:51:DBManager:connection_data:Object reference not set to an instance of an object.
13-03-2023 14:43:51:DBManager:connection_data:Object reference not set to an instance of an object.
13-03-2023 14:43:51:DBManager:connection_data:Object reference not set to an instance of an object.
13-03-2023 14:43:51:DBManager:connection_data:Object reference not set to an instance of an object.
13-03-2023 14:43:51:DBManager:connection_data:Object reference not set to an instance of an object.
13-03-2023 14:43:51:DBManager:connection_data:Object reference not set to an instance of an object.
13-03-2023 14:43:51:DBManager:connection_data:Object reference not set to an instance of an object.
13-03-2023 14:43:51:DBManager:connection_data:Object reference not set to an instance of an object.
13-03-2023 14:43:51:DBManager:connection_data:Object reference not set to an instance of an object.
13-03-2023 14:43:51:DBManager:connection_data:Object reference not set to an instance of an object.
13-03-2023 14:43:51:DBManager:connection_data:Object reference not set to an instance of an object.
13-03-2023 14:43:51:DBManager:connection_data:Object reference not set to an instance of an object.
13-03-2023 14:43:51:DBManager:connection_data:Object reference not set to an instance of an object.
13-03-2023 14:43:51:DBManager:connection_data:Object reference not set to an instance of an object.
13-03-2023 14:43:51:DBManager:connection_data:Object reference not set to an instance of an object.
13-03-2023 14:43:54:DBManager:connection_data:Object reference not set to an instance of an object.
13-03-2023 14:43:54:DBManager:connection_data:Object reference not set to an instance of an object.
13-03-2023 14:43:54:DBManager:connection_data:Object reference not set to an instance of an object.
13-03-2023 14:43:54:DBManager:connection_data:Object reference not set to an instance of an object.
13-03-2023 14:43:54:DBManager:connection_data:Object reference not set to an instance of an object.
13-03-2023 14:43:54:DBManager:connection_data:Object reference not set to an instance of an object.
13-03-2023 14:43:54:DBManager:connection_data:Object reference not set to an instance of an object.
13-03-2023 14:43:54:DBManager:connection_data:Object reference not set to an instance of an object.
13-03-2023 14:43:54:DBManager:connection_data:Object reference not set to an instance of an object.
13-03-2023 14:43:54:DBManager:connection_data:Object reference not set to an instance of an object.
13-03-2023 14:43:54:DBManager:connection_data:Object reference not set to an instance of an object.
13-03-2023 14:43:54:DBManager:connection_data:Object reference not set to an instance of an object.
13-03-2023 14:43:54:DBManager:connection_data:Object reference not set to an instance of an object.
13-03-2023 14:43:54:DBManager:connection_data:Object reference not set to an instance of an object.
13-03-2023 14:43:54:DBManager:connection_data:Object reference not set to an instance of an object.
13-03-2023 14:43:54:DBManager:connection_data:Object reference not set to an instance of an object.
13-03-2023 14:43:54:DBManager:connection_data:Object reference not set to an instance of an object.
13-03-2023 14:43:54:DBManager:connection_data:Object reference not set to an instance of an object.
13-03-2023 14:43:54:DBManager:connection_data:Object reference not set to an instance of an object.
13-03-2023 14:43:54:DBManager:connection_data:Object reference not set to an instance of an object.
13-03-2023 14:43:54:DBManager:connection_data:Object reference not set to an instance of an object.
13-03-2023 14:43:54:DBManager:connection_data:Object reference not set to an instance of an object.
13-03-2023 14:43:54:DBManager:connection_data:Object reference not set to an instance of an object.
13-03-2023 14:43:54:DBManager:connection_data:Object reference not set to an instance of an object.
13-03-2023 14:43:54:DBManager:connection_data:Object reference not set to an instance of an object.
13-03-2023 14:43:54:DBManager:connection_data:Object reference not set to an instance of an object.
13-03-2023 14:43:54:DBManager:connection_data:Object reference not set to an instance of an object.
13-03-2023 14:43:54:DBManager:connection_data:Object reference not set to an instance of an object.
13-03-2023 14:43:54:DBManager:connection_data:Object reference not set to an instance of an object.
13-03-2023 14:43:54:DBManager:connection_data:Object reference not set to an instance of an object.
13-03-2023 14:43:54:DBManager:connection_data:Object reference not set to an instance of an object.
13-03-2023 14:43:54:DBManager:connection_data:Object reference not set to an instance of an object.
13-03-2023 14:43:54:DBManager:connection_data:Object reference not set to an instance of an object.
13-03-2023 14:43:54:DBManager:connection_data:Object reference not set to an instance of an object.
13-03-2023 14:43:54:DBManager:connection_data:Object reference not set to an instance of an object.
13-03-2023 14:43:54:DBManager:connection_data:Object reference not set to an instance of an object.
13-03-2023 14:43:54:DBManager:connection_data:Object reference not set to an instance of an object.
13-03-2023 14:43:54:DBManager:connection_data:Object reference not set to an instance of an object.
13-03-2023 14:43:54:DBManager:connection_data:Object reference not set to an instance of an object.
13-03-2023 14:43:54:DBManager:connection_data:Object reference not set to an instance of an object.
13-03-2023 14:43:54:DBManager:connection_data:Object reference not set to an instance of an object.
13-03-2023 14:43:54:DBManager:connection_data:Object reference not set to an instance of an object.
13-03-2023 14:43:54:DBManager:connection_data:Object reference not set to an instance of an object.
13-03-2023 14:43:54:DBManager:connection_data:Object reference not set to an instance of an object.
13-03-2023 14:43:54:DBManager:connection_data:Object reference not set to an instance of an object.
13-03-2023 14:43:54:DBManager:connection_data:Object reference not set to an instance of an object.
13-03-2023 14:43:54:DBManager:connection_data:Object reference not set to an instance of an object.
13-03-2023 14:43:54:DBManager:connection_data:Object reference not set to an instance of an object.
13-03-2023 14:43:54:DBManager:connection_data:Object reference not set to an instance of an object.
13-03-2023 14:43:54:DBManager:connection_data:Object reference not set to an instance of an object.
13-03-2023 14:43:54:DBManager:connection_data:Object reference not set to an instance of an object.
13-03-2023 14:43:54:DBManager:connection_data:Object reference not set to an instance of an object.
13-03-2023 14:43:54:DBManager:connection_data:Object reference not set to an instance of an object.
13-03-2023 14:43:54:DBManager:connection_data:Object reference not set to an instance of an object.
13-03-2023 14:43:54:DBManager:connection_data:Object reference not set to an instance of an object.
13-03-2023 14:43:54:DBManager:connection_data:Object reference not set to an instance of an object.
13-03-2023 14:43:54:DBManager:connection_data:Object reference not set to an instance of an object.
13-03-2023 14:43:54:DBManager:connection_data:Object reference not set to an instance of an object.
13-03-2023 14:43:54:DBManager:connection_data:Object reference not set to an instance of an object.
13-03-2023 14:43:54:DBManager:connection_data:Object reference not set to an instance of an object.
13-03-2023 14:43:54:DBManager:connection_data:Object reference not set to an instance of an object.
13-03-2023 14:43:54:DBManager:connection_data:Object reference not set to an instance of an object.
13-03-2023 14:43:54:DBManager:connection_data:Object reference not set to an instance of an object.
13-03-2023 14:43:54:DBManager:connection_data:Object reference not set to an instance of an object.
13-03-2023 14:43:54:DBManager:connection_data:Object reference not set to an instance of an object.
13-03-2023 14:43:54:DBManager:connection_data:Object reference not set to an instance of an object.
13-03-2023 14:43:54:DBManager:connection_data:Object reference not set to an instance of an object.
13-03-2023 14:43:54:DBManager:connection_data:Object reference not set to an instance of an object.
13-03-2023 14:43:54:DBManager:connection_data:Object reference not set to an instance of an object.
13-03-2023 14:43:54:DBManager:connection_data:Object reference not set to an instance of an object.
13-03-2023 14:43:54:DBManager:connection_data:Object reference not set to an instance of an object.
13-03-2023 14:43:54:DBManager:connection_data:Object reference not set to an instance of an object.
13-03-2023 14:43:54:DBManager:connection_data:Object reference not set to an instance of an object.
13-03-2023 14:43:54:DBManager:connection_data:Object reference not set to an instance of an object.
13-03-2023 14:43:54:DBManager:connection_data:Object reference not set to an instance of an object.
13-03-2023 14:43:54:DBManager:connection_data:Object reference not set to an instance of an object.
13-03-2023 14:43:54:DBManager:connection_data:Object reference not set to an instance of an object.
13-03-2023 14:43:54:DBManager:connection_data:Object reference not set to an instance of an object.
13-03-2023 14:43:54:DBManager:connection_data:Object reference not set to an instance of an object.
13-03-2023 14:43:54:DBManager:connection_data:Object reference not set to an instance of an object.
13-03-2023 14:43:54:DBManager:connection_data:Object reference not set to an instance of an object.
13-03-2023 14:43:54:DBManager:connection_data:Object reference not set to an instance of an object.
13-03-2023 14:43:54:DBManager:connection_data:Object reference not set to an instance of an object.
13-03-2023 14:43:54:DBManager:connection_data:Object reference not set to an instance of an object.
13-03-2023 14:43:54:DBManager:connection_data:Object reference not set to an instance of an object.
13-03-2023 14:43:54:DBManager:connection_data:Object reference not set to an instance of an object.
13-03-2023 14:43:58:DBManager:connection_data:Object reference not set to an instance of an object.
13-03-2023 14:43:58:DBManager:connection_data:Object reference not set to an instance of an object.
13-03-2023 14:43:58:DBManager:connection_data:Object reference not set to an instance of an object.
13-03-2023 14:43:58:DBManager:connection_data:Object reference not set to an instance of an object.
13-03-2023 14:43:58:DBManager:connection_data:Object reference not set to an instance of an object.
13-03-2023 14:43:58:DBManager:connection_data:Object reference not set to an instance of an object.
13-03-2023 14:43:58:DBManager:connection_data:Object reference not set to an instance of an object.
13-03-2023 14:43:58:DBManager:connection_data:Object reference not set to an instance of an object.
13-03-2023 14:43:58:DBManager:connection_data:Object reference not set to an instance of an object.
13-03-2023 14:43:58:DBManager:connection_data:Object reference not set to an instance of an object.
13-03-2023 14:43:58:DBManager:connection_data:Object reference not set to an instance of an object.
13-03-2023 14:43:58:DBManager:connection_data:Object reference not set to an instance of an object.
13-03-2023 14:43:58:DBManager:connection_data:Object reference not set to an instance of an object.
13-03-2023 14:43:58:DBManager:connection_data:Object reference not set to an instance of an object.
13-03-2023 14:43:58:DBManager:connection_data:Object reference not set to an instance of an object.
13-03-2023 14:43:58:DBManager:connection_data:Object reference not set to an instance of an object.
13-03-2023 14:43:58:DBManager:connection_data:Object reference not set to an instance of an object.
13-03-2023 14:43:58:DBManager:connection_data:Object reference not set to an instance of an object.
13-03-2023 14:43:58:DBManager:connection_data:Object reference not set to an instance of an object.
13-03-2023 14:43:58:DBManager:connection_data:Object reference not set to an instance of an object.
13-03-2023 14:43:58:DBManager:connection_data:Object reference not set to an instance of an object.
13-03-2023 14:43:58:DBManager:connection_data:Object reference not set to an instance of an object.
13-03-2023 14:43:58:DBManager:connection_data:Object reference not set to an instance of an object.
13-03-2023 14:43:58:DBManager:connection_data:Object reference not set to an instance of an object.
13-03-2023 14:43:58:DBManager:connection_data:Object reference not set to an instance of an object.
13-03-2023 14:43:58:DBManager:connection_data:Object reference not set to an instance of an object.
13-03-2023 14:43:58:DBManager:connection_data:Object reference not set to an instance of an object.
13-03-2023 14:43:58:DBManager:connection_data:Object reference not set to an instance of an object.
13-03-2023 14:43:58:DBManager:connection_data:Object reference not set to an instance of an object.
13-03-2023 14:43:58:DBManager:connection_data:Object reference not set to an instance of an object.
13-03-2023 14:43:58:DBManager:connection_data:Object reference not set to an instance of an object.
13-03-2023 14:43:58:DBManager:connection_data:Object reference not set to an instance of an object.
13-03-2023 14:43:58:DBManager:connection_data:Object reference not set to an instance of an object.
13-03-2023 14:43:58:DBManager:connection_data:Object reference not set to an instance of an object.
13-03-2023 14:43:58:DBManager:connection_data:Object reference not set to an instance of an object.
13-03-2023 14:43:58:DBManager:connection_data:Object reference not set to an instance of an object.
13-03-2023 14:43:58:DBManager:connection_data:Object reference not set to an instance of an object.
13-03-2023 14:43:58:DBManager:connection_data:Object reference not set to an instance of an object.
13-03-2023 14:43:58:DBManager:connection_data:Object reference not set to an instance of an object.
13-03-2023 14:43:58:DBManager:connection_data:Object reference not set to an instance of an object.
13-03-2023 14:43:58:DBManager:connection_data:Object reference not set to an instance of an object.
13-03-2023 14:43:58:DBManager:connection_data:Object reference not set to an instance of an object.
13-03-2023 14:43:58:DBManager:connection_data:Object reference not set to an instance of an object.
13-03-2023 14:43:58:DBManager:connection_data:Object reference not set to an instance of an object.
13-03-2023 14:43:58:DBManager:connection_data:Object reference not set to an instance of an object.
13-03-2023 14:43:58:DBManager:connection_data:Object reference not set to an instance of an object.
13-03-2023 14:43:58:DBManager:connection_data:Object reference not set to an instance of an object.
13-03-2023 14:43:58:DBManager:connection_data:Object reference not set to an instance of an object.
13-03-2023 14:43:58:DBManager:connection_data:Object reference not set to an instance of an object.
13-03-2023 14:43:58:DBManager:connection_data:Object reference not set to an instance of an object.
13-03-2023 14:43:58:DBManager:connection_data:Object reference not set to an instance of an object.
13-03-2023 14:43:58:DBManager:connection_data:Object reference not set to an instance of an object.
13-03-2023 14:43:58:DBManager:connection_data:Object reference not set to an instance of an object.
13-03-2023 14:43:58:DBManager:connection_data:Object reference not set to an instance of an object.
13-03-2023 14:43:58:DBManager:connection_data:Object reference not set to an instance of an object.
13-03-2023 14:43:58:DBManager:connection_data:Object reference not set to an instance of an object.
13-03-2023 14:43:58:DBManager:connection_data:Object reference not set to an instance of an object.
13-03-2023 14:43:58:DBManager:connection_data:Object reference not set to an instance of an object.
13-03-2023 14:43:58:DBManager:connection_data:Object reference not set to an instance of an object.
13-03-2023 14:43:58:DBManager:connection_data:Object reference not set to an instance of an object.
13-03-2023 14:43:58:DBManager:connection_data:Object reference not set to an instance of an object.
13-03-2023 14:43:58:DBManager:connection_data:Object reference not set to an instance of an object.
13-03-2023 14:43:58:DBManager:connection_data:Object reference not set to an instance of an object.
13-03-2023 14:43:58:DBManager:connection_data:Object reference not set to an instance of an object.
13-03-2023 14:43:58:DBManager:connection_data:Object reference not set to an instance of an object.
13-03-2023 14:43:58:DBManager:connection_data:Object reference not set to an instance of an object.
13-03-2023 14:43:58:DBManager:connection_data:Object reference not set to an instance of an object.
13-03-2023 14:43:58:DBManager:connection_data:Object reference not set to an instance of an object.
13-03-2023 14:43:58:DBManager:connection_data:Object reference not set to an instance of an object.
13-03-2023 14:43:58:DBManager:connection_data:Object reference not set to an instance of an object.
13-03-2023 14:43:58:DBManager:connection_data:Object reference not set to an instance of an object.
13-03-2023 14:43:58:DBManager:connection_data:Object reference not set to an instance of an object.
13-03-2023 14:43:58:DBManager:connection_data:Object reference not set to an instance of an object.
13-03-2023 14:43:58:DBManager:connection_data:Object reference not set to an instance of an object.
13-03-2023 14:43:58:DBManager:connection_data:Object reference not set to an instance of an object.
13-03-2023 14:43:58:DBManager:connection_data:Object reference not set to an instance of an object.
13-03-2023 14:43:58:DBManager:connection_data:Object reference not set to an instance of an object.
13-03-2023 14:43:58:DBManager:connection_data:Object reference not set to an instance of an object.
13-03-2023 14:43:58:DBManager:connection_data:Object reference not set to an instance of an object.
13-03-2023 14:43:58:DBManager:connection_data:Object reference not set to an instance of an object.
13-03-2023 14:43:58:DBManager:connection_data:Object reference not set to an instance of an object.
13-03-2023 14:43:58:DBManager:connection_data:Object reference not set to an instance of an object.
13-03-2023 14:43:58:DBManager:connection_data:Object reference not set to an instance of an object.
13-03-2023 14:43:58:DBManager:connection_data:Object reference not set to an instance of an object.
13-03-2023 14:43:58:DBManager:connection_data:Object reference not set to an instance of an object.
13-03-2023 14:43:58:DBManager:connection_data:Object reference not set to an instance of an object.
13-03-2023 14:44:00:DBManager:connection_data:Object reference not set to an instance of an object.
13-03-2023 14:44:00:DBManager:connection_data:Object reference not set to an instance of an object.
13-03-2023 14:44:00:DBManager:connection_data:Object reference not set to an instance of an object.
13-03-2023 14:44:00:DBManager:connection_data:Object reference not set to an instance of an object.
13-03-2023 14:44:00:DBManager:connection_data:Object reference not set to an instance of an object.
13-03-2023 14:44:00:DBManager:connection_data:Object reference not set to an instance of an object.
13-03-2023 14:44:00:DBManager:connection_data:Object reference not set to an instance of an object.
13-03-2023 14:44:00:DBManager:connection_data:Object reference not set to an instance of an object.
13-03-2023 14:44:00:DBManager:connection_data:Object reference not set to an instance of an object.
13-03-2023 14:44:00:DBManager:connection_data:Object reference not set to an instance of an object.
13-03-2023 14:44:00:DBManager:connection_data:Object reference not set to an instance of an object.
13-03-2023 14:44:00:DBManager:connection_data:Object reference not set to an instance of an object.
13-03-2023 14:44:00:DBManager:connection_data:Object reference not set to an instance of an object.
13-03-2023 14:44:00:DBManager:connection_data:Object reference not set to an instance of an object.
13-03-2023 14:44:00:DBManager:connection_data:Object reference not set to an instance of an object.
13-03-2023 14:44:00:DBManager:connection_data:Object reference not set to an instance of an object.
13-03-2023 14:44:00:DBManager:connection_data:Object reference not set to an instance of an object.
13-03-2023 14:44:00:DBManager:connection_data:Object reference not set to an instance of an object.
13-03-2023 14:44:00:DBManager:connection_data:Object reference not set to an instance of an object.
13-03-2023 14:44:00:DBManager:connection_data:Object reference not set to an instance of an object.
13-03-2023 14:44:00:DBManager:connection_data:Object reference not set to an instance of an object.
13-03-2023 14:44:00:DBManager:connection_data:Object reference not set to an instance of an object.
13-03-2023 14:44:00:DBManager:connection_data:Object reference not set to an instance of an object.
13-03-2023 14:44:00:DBManager:connection_data:Object reference not set to an instance of an object.
13-03-2023 14:44:00:DBManager:connection_data:Object reference not set to an instance of an object.
13-03-2023 14:44:00:DBManager:connection_data:Object reference not set to an instance of an object.
13-03-2023 14:44:00:DBManager:connection_data:Object reference not set to an instance of an object.
13-03-2023 14:44:00:DBManager:connection_data:Object reference not set to an instance of an object.
13-03-2023 14:44:00:DBManager:connection_data:Object reference not set to an instance of an object.
13-03-2023 14:44:00:DBManager:connection_data:Object reference not set to an instance of an object.
13-03-2023 14:44:00:DBManager:connection_data:Object reference not set to an instance of an object.
13-03-2023 14:44:00:DBManager:connection_data:Object reference not set to an instance of an object.
13-03-2023 14:44:00:DBManager:connection_data:Object reference not set to an instance of an object.
13-03-2023 14:44:00:DBManager:connection_data:Object reference not set to an instance of an object.
13-03-2023 14:44:00:DBManager:connection_data:Object reference not set to an instance of an object.
13-03-2023 14:44:00:DBManager:connection_data:Object reference not set to an instance of an object.
13-03-2023 14:44:00:DBManager:connection_data:Object reference not set to an instance of an object.
13-03-2023 14:44:00:DBManager:connection_data:Object reference not set to an instance of an object.
13-03-2023 14:44:00:DBManager:connection_data:Object reference not set to an instance of an object.
13-03-2023 14:44:00:DBManager:connection_data:Object reference not set to an instance of an object.
13-03-2023 14:44:00:DBManager:connection_data:Object reference not set to an instance of an object.
13-03-2023 14:44:00:DBManager:connection_data:Object reference not set to an instance of an object.
13-03-2023 14:44:00:DBManager:connection_data:Object reference not set to an instance of an object.
13-03-2023 14:44:00:DBManager:connection_data:Object reference not set to an instance of an object.
13-03-2023 14:44:00:DBManager:connection_data:Object reference not set to an instance of an object.
13-03-2023 14:44:00:DBManager:connection_data:Object reference not set to an instance of an object.
13-03-2023 14:44:00:DBManager:connection_data:Object reference not set to an instance of an object.
13-03-2023 14:44:00:DBManager:connection_data:Object reference not set to an instance of an object.
13-03-2023 14:44:00:DBManager:connection_data:Object reference not set to an instance of an object.
13-03-2023 14:44:00:DBManager:connection_data:Object reference not set to an instance of an object.
13-03-2023 14:44:00:DBManager:connection_data:Object reference not set to an instance of an object.
13-03-2023 14:44:00:DBManager:connection_data:Object reference not set to an instance of an object.
13-03-2023 14:44:00:DBManager:connection_data:Object reference not set to an instance of an object.
13-03-2023 14:44:00:DBManager:connection_data:Object reference not set to an instance of an object.
13-03-2023 14:44:00:DBManager:connection_data:Object reference not set to an instance of an object.
13-03-2023 14:44:00:DBManager:connection_data:Object reference not set to an instance of an object.
13-03-2023 14:44:00:DBManager:connection_data:Object reference not set to an instance of an object.
13-03-2023 14:44:00:DBManager:connection_data:Object reference not set to an instance of an object.
13-03-2023 14:44:00:DBManager:connection_data:Object reference not set to an instance of an object.
13-03-2023 14:44:00:DBManager:connection_data:Object reference not set to an instance of an object.
13-03-2023 14:44:00:DBManager:connection_data:Object reference not set to an instance of an object.
13-03-2023 14:44:00:DBManager:connection_data:Object reference not set to an instance of an object.
13-03-2023 14:44:00:DBManager:connection_data:Object reference not set to an instance of an object.
13-03-2023 14:44:00:DBManager:connection_data:Object reference not set to an instance of an object.
13-03-2023 14:44:00:DBManager:connection_data:Object reference not set to an instance of an object.
13-03-2023 14:44:00:DBManager:connection_data:Object reference not set to an instance of an object.
13-03-2023 14:44:00:DBManager:connection_data:Object reference not set to an instance of an object.
13-03-2023 14:44:00:DBManager:connection_data:Object reference not set to an instance of an object.
13-03-2023 14:44:00:DBManager:connection_data:Object reference not set to an instance of an object.
13-03-2023 14:44:00:DBManager:connection_data:Object reference not set to an instance of an object.
13-03-2023 14:44:00:DBManager:connection_data:Object reference not set to an instance of an object.
13-03-2023 14:44:00:DBManager:connection_data:Object reference not set to an instance of an object.
13-03-2023 14:44:00:DBManager:connection_data:Object reference not set to an instance of an object.
13-03-2023 14:44:00:DBManager:connection_data:Object reference not set to an instance of an object.
13-03-2023 14:44:00:DBManager:connection_data:Object reference not set to an instance of an object.
13-03-2023 14:44:00:DBManager:connection_data:Object reference not set to an instance of an object.
13-03-2023 14:44:00:DBManager:connection_data:Object reference not set to an instance of an object.
13-03-2023 14:44:00:DBManager:connection_data:Object reference not set to an instance of an object.
13-03-2023 14:44:00:DBManager:connection_data:Object reference not set to an instance of an object.
13-03-2023 14:44:00:DBManager:connection_data:Object reference not set to an instance of an object.
13-03-2023 14:44:00:DBManager:connection_data:Object reference not set to an instance of an object.
13-03-2023 14:44:00:DBManager:connection_data:Object reference not set to an instance of an object.
13-03-2023 14:44:00:DBManager:connection_data:Object reference not set to an instance of an object.
13-03-2023 14:44:00:DBManager:connection_data:Object reference not set to an instance of an object.
13-03-2023 14:44:00:DBManager:connection_data:Object reference not set to an instance of an object.
13-03-2023 14:44:00:DBManager:connection_data:Object reference not set to an instance of an object.
13-03-2023 14:44:07:DBManager:connection_data:Object reference not set to an instance of an object.
13-03-2023 14:44:07:DBManager:connection_data:Object reference not set to an instance of an object.
13-03-2023 14:44:07:DBManager:connection_data:Object reference not set to an instance of an object.
13-03-2023 14:44:07:DBManager:connection_data:Object reference not set to an instance of an object.
13-03-2023 14:44:07:DBManager:connection_data:Object reference not set to an instance of an object.
13-03-2023 14:44:07:DBManager:connection_data:Object reference not set to an instance of an object.
13-03-2023 14:44:07:DBManager:connection_data:Object reference not set to an instance of an object.
13-03-2023 14:44:07:DBManager:connection_data:Object reference not set to an instance of an object.
13-03-2023 14:44:07:DBManager:connection_data:Object reference not set to an instance of an object.
13-03-2023 14:44:07:DBManager:connection_data:Object reference not set to an instance of an object.
13-03-2023 14:44:07:DBManager:connection_data:Object reference not set to an instance of an object.
13-03-2023 14:44:07:DBManager:connection_data:Object reference not set to an instance of an object.
13-03-2023 14:44:07:DBManager:connection_data:Object reference not set to an instance of an object.
13-03-2023 14:44:07:DBManager:connection_data:Object reference not set to an instance of an object.
13-03-2023 14:44:07:DBManager:connection_data:Object reference not set to an instance of an object.
13-03-2023 14:44:07:DBManager:connection_data:Object reference not set to an instance of an object.
13-03-2023 14:44:07:DBManager:connection_data:Object reference not set to an instance of an object.
13-03-2023 14:44:07:DBManager:connection_data:Object reference not set to an instance of an object.
13-03-2023 14:44:07:DBManager:connection_data:Object reference not set to an instance of an object.
13-03-2023 14:44:07:DBManager:connection_data:Object reference not set to an instance of an object.
13-03-2023 14:44:07:DBManager:connection_data:Object reference not set to an instance of an object.
13-03-2023 14:44:07:DBManager:connection_data:Object reference not set to an instance of an object.
13-03-2023 14:44:07:DBManager:connection_data:Object reference not set to an instance of an object.
13-03-2023 14:44:07:DBManager:connection_data:Object reference not set to an instance of an object.
13-03-2023 14:44:07:DBManager:connection_data:Object reference not set to an instance of an object.
13-03-2023 14:44:07:DBManager:connection_data:Object reference not set to an instance of an object.
13-03-2023 14:44:07:DBManager:connection_data:Object reference not set to an instance of an object.
13-03-2023 14:44:07:DBManager:connection_data:Object reference not set to an instance of an object.
13-03-2023 14:44:07:DBManager:connection_data:Object reference not set to an instance of an object.
13-03-2023 14:44:07:DBManager:connection_data:Object reference not set to an instance of an object.
13-03-2023 14:44:07:DBManager:connection_data:Object reference not set to an instance of an object.
13-03-2023 14:44:07:DBManager:connection_data:Object reference not set to an instance of an object.
13-03-2023 14:44:07:DBManager:connection_data:Object reference not set to an instance of an object.
13-03-2023 14:44:07:DBManager:connection_data:Object reference not set to an instance of an object.
13-03-2023 14:44:07:DBManager:connection_data:Object reference not set to an instance of an object.
13-03-2023 14:44:07:DBManager:connection_data:Object reference not set to an instance of an object.
13-03-2023 14:44:07:DBManager:connection_data:Object reference not set to an instance of an object.
13-03-2023 14:44:07:DBManager:connection_data:Object reference not set to an instance of an object.
13-03-2023 14:44:07:DBManager:connection_data:Object reference not set to an instance of an object.
13-03-2023 14:44:07:DBManager:connection_data:Object reference not set to an instance of an object.
13-03-2023 14:44:07:DBManager:connection_data:Object reference not set to an instance of an object.
13-03-2023 14:44:07:DBManager:connection_data:Object reference not set to an instance of an object.
13-03-2023 14:44:07:DBManager:connection_data:Object reference not set to an instance of an object.
13-03-2023 14:44:07:DBManager:connection_data:Object reference not set to an instance of an object.
13-03-2023 14:44:07:DBManager:connection_data:Object reference not set to an instance of an object.
13-03-2023 14:44:07:DBManager:connection_data:Object reference not set to an instance of an object.
13-03-2023 14:44:07:DBManager:connection_data:Object reference not set to an instance of an object.
13-03-2023 14:44:07:DBManager:connection_data:Object reference not set to an instance of an object.
13-03-2023 14:44:07:DBManager:connection_data:Object reference not set to an instance of an object.
13-03-2023 14:44:07:DBManager:connection_data:Object reference not set to an instance of an object.
13-03-2023 14:44:07:DBManager:connection_data:Object reference not set to an instance of an object.
13-03-2023 14:44:07:DBManager:connection_data:Object reference not set to an instance of an object.
13-03-2023 14:44:07:DBManager:connection_data:Object reference not set to an instance of an object.
13-03-2023 14:44:07:DBManager:connection_data:Object reference not set to an instance of an object.
13-03-2023 14:44:07:DBManager:connection_data:Object reference not set to an instance of an object.
13-03-2023 14:44:07:DBManager:connection_data:Object reference not set to an instance of an object.
13-03-2023 14:44:07:DBManager:connection_data:Object reference not set to an instance of an object.
13-03-2023 14:44:07:DBManager:connection_data:Object reference not set to an instance of an object.
13-03-2023 14:44:07:DBManager:connection_data:Object reference not set to an instance of an object.
13-03-2023 14:44:07:DBManager:connection_data:Object reference not set to an instance of an object.
13-03-2023 14:44:07:DBManager:connection_data:Object reference not set to an instance of an object.
13-03-2023 14:44:07:DBManager:connection_data:Object reference not set to an instance of an object.
13-03-2023 14:44:07:DBManager:connection_data:Object reference not set to an instance of an object.
13-03-2023 14:44:07:DBManager:connection_data:Object reference not set to an instance of an object.
13-03-2023 14:44:07:DBManager:connection_data:Object reference not set to an instance of an object.
13-03-2023 14:44:07:DBManager:connection_data:Object reference not set to an instance of an object.
13-03-2023 14:44:07:DBManager:connection_data:Object reference not set to an instance of an object.
13-03-2023 14:44:07:DBManager:connection_data:Object reference not set to an instance of an object.
13-03-2023 14:44:07:DBManager:connection_data:Object reference not set to an instance of an object.
13-03-2023 14:44:07:DBManager:connection_data:Object reference not set to an instance of an object.
13-03-2023 14:44:07:DBManager:connection_data:Object reference not set to an instance of an object.
13-03-2023 14:44:07:DBManager:connection_data:Object reference not set to an instance of an object.
13-03-2023 14:44:07:DBManager:connection_data:Object reference not set to an instance of an object.
13-03-2023 14:44:07:DBManager:connection_data:Object reference not set to an instance of an object.
13-03-2023 14:44:07:DBManager:connection_data:Object reference not set to an instance of an object.
13-03-2023 14:44:07:DBManager:connection_data:Object reference not set to an instance of an object.
13-03-2023 14:44:07:DBManager:connection_data:Object reference not set to an instance of an object.
13-03-2023 14:44:07:DBManager:connection_data:Object reference not set to an instance of an object.
13-03-2023 14:44:07:DBManager:connection_data:Object reference not set to an instance of an object.
13-03-2023 14:44:07:DBManager:connection_data:Object reference not set to an instance of an object.
13-03-2023 14:44:07:DBManager:connection_data:Object reference not set to an instance of an object.
13-03-2023 14:44:07:DBManager:connection_data:Object reference not set to an instance of an object.
13-03-2023 14:44:07:DBManager:connection_data:Object reference not set to an instance of an object.
13-03-2023 14:44:07:DBManager:connection_data:Object reference not set to an instance of an object.
13-03-2023 14:44:07:DBManager:connection_data:Object reference not set to an instance of an object.
13-03-2023 14:44:07:DBManager:connection_data:Object reference not set to an instance of an object.
