1/20/2025 11:06:33 AM:DBManager:connection_data:Object reference not set to an instance of an object.
1/20/2025 11:06:33 AM:DBManager:connection_data:Object reference not set to an instance of an object.
1/20/2025 11:06:33 AM:DBManager:connection_data:Object reference not set to an instance of an object.
20/01/2025 11:06:33 AM:SignIn:btnLogIn_Click:test
1/20/2025 11:06:51 AM:DBManager:connection_data:Object reference not set to an instance of an object.
1/20/2025 11:06:51 AM:DBManager:connection_data:Object reference not set to an instance of an object.
1/20/2025 11:06:51 AM:DBManager:connection_data:Object reference not set to an instance of an object.
20/01/2025 11:06:51 AM:SignIn:btnLogIn_Click:test
20/01/2025 11:06:51 AM:SignIn:btnLogIn_Click4:
20/01/2025 11:06:51 AM:SignIn:btnLogIn_Click5:
20/01/2025 11:06:51 AM:SignIn:btnLogIn_Click7:
20/01/2025 11:06:51 AM:SignIn:btnLogIn_Click8:
20/01/2025 11:06:51 AM:ClsDataccess:Getdatatable:The ConnectionString property has not been initialized.
1/20/2025 11:06:51 AM:DBManager:connection_data:Object reference not set to an instance of an object.
1/20/2025 11:06:51 AM:DBManager:connection_data:Object reference not set to an instance of an object.
1/20/2025 11:06:51 AM:DBManager:connection_data:Object reference not set to an instance of an object.
1/20/2025 11:06:51 AM:DBManager:connection_data:Object reference not set to an instance of an object.
1/20/2025 11:06:51 AM:DBManager:connection_data:Object reference not set to an instance of an object.
1/20/2025 11:06:51 AM:DBManager:connection_data:Object reference not set to an instance of an object.
1/20/2025 11:06:51 AM:DBManager:connection_data:Object reference not set to an instance of an object.
1/20/2025 11:06:51 AM:DBManager:connection_data:Object reference not set to an instance of an object.
1/20/2025 11:06:51 AM:DBManager:connection_data:Object reference not set to an instance of an object.
1/20/2025 11:06:51 AM:DBManager:connection_data:Object reference not set to an instance of an object.
1/20/2025 11:06:51 AM:DBManager:connection_data:Object reference not set to an instance of an object.
1/20/2025 11:06:51 AM:DBManager:connection_data:Object reference not set to an instance of an object.
1/20/2025 11:06:51 AM:DBManager:connection_data:Object reference not set to an instance of an object.
1/20/2025 11:06:51 AM:DBManager:connection_data:Object reference not set to an instance of an object.
1/20/2025 11:06:51 AM:DBManager:connection_data:Object reference not set to an instance of an object.
1/20/2025 11:06:51 AM:DBManager:connection_data:Object reference not set to an instance of an object.
1/20/2025 11:06:51 AM:DBManager:connection_data:Object reference not set to an instance of an object.
1/20/2025 11:06:51 AM:DBManager:connection_data:Object reference not set to an instance of an object.
1/20/2025 11:06:51 AM:DBManager:connection_data:Object reference not set to an instance of an object.
1/20/2025 11:06:51 AM:DBManager:connection_data:Object reference not set to an instance of an object.
1/20/2025 11:06:51 AM:DBManager:connection_data:Object reference not set to an instance of an object.
1/20/2025 11:06:51 AM:DBManager:connection_data:Object reference not set to an instance of an object.
1/20/2025 11:06:51 AM:DBManager:connection_data:Object reference not set to an instance of an object.
1/20/2025 11:06:51 AM:DBManager:connection_data:Object reference not set to an instance of an object.
1/20/2025 11:06:51 AM:DBManager:connection_data:Object reference not set to an instance of an object.
1/20/2025 11:06:51 AM:DBManager:connection_data:Object reference not set to an instance of an object.
1/20/2025 11:06:51 AM:DBManager:connection_data:Object reference not set to an instance of an object.
1/20/2025 11:06:51 AM:DBManager:connection_data:Object reference not set to an instance of an object.
1/20/2025 11:06:51 AM:DBManager:connection_data:Object reference not set to an instance of an object.
1/20/2025 11:06:51 AM:DBManager:connection_data:Object reference not set to an instance of an object.
1/20/2025 11:06:51 AM:DBManager:connection_data:Object reference not set to an instance of an object.
1/20/2025 11:06:51 AM:DBManager:connection_data:Object reference not set to an instance of an object.
1/20/2025 11:06:51 AM:DBManager:connection_data:Object reference not set to an instance of an object.
1/20/2025 11:06:51 AM:DBManager:connection_data:Object reference not set to an instance of an object.
1/20/2025 11:06:51 AM:DBManager:connection_data:Object reference not set to an instance of an object.
1/20/2025 11:06:51 AM:DBManager:connection_data:Object reference not set to an instance of an object.
1/20/2025 11:06:51 AM:DBManager:connection_data:Object reference not set to an instance of an object.
1/20/2025 11:06:51 AM:DBManager:connection_data:Object reference not set to an instance of an object.
1/20/2025 11:06:51 AM:DBManager:connection_data:Object reference not set to an instance of an object.
1/20/2025 11:06:51 AM:DBManager:connection_data:Object reference not set to an instance of an object.
1/20/2025 11:06:51 AM:DBManager:connection_data:Object reference not set to an instance of an object.
1/20/2025 11:06:51 AM:DBManager:connection_data:Object reference not set to an instance of an object.
1/20/2025 11:06:51 AM:DBManager:connection_data:Object reference not set to an instance of an object.
1/20/2025 11:06:51 AM:DBManager:connection_data:Object reference not set to an instance of an object.
1/20/2025 11:06:51 AM:DBManager:connection_data:Object reference not set to an instance of an object.
1/20/2025 11:06:51 AM:DBManager:connection_data:Object reference not set to an instance of an object.
1/20/2025 11:06:51 AM:DBManager:connection_data:Object reference not set to an instance of an object.
1/20/2025 11:06:51 AM:DBManager:connection_data:Object reference not set to an instance of an object.
1/20/2025 11:06:51 AM:DBManager:connection_data:Object reference not set to an instance of an object.
1/20/2025 11:06:51 AM:DBManager:connection_data:Object reference not set to an instance of an object.
1/20/2025 11:06:51 AM:DBManager:connection_data:Object reference not set to an instance of an object.
1/20/2025 11:06:51 AM:DBManager:connection_data:Object reference not set to an instance of an object.
1/20/2025 11:06:51 AM:DBManager:connection_data:Object reference not set to an instance of an object.
1/20/2025 11:06:51 AM:DBManager:connection_data:Object reference not set to an instance of an object.
1/20/2025 11:06:51 AM:DBManager:connection_data:Object reference not set to an instance of an object.
1/20/2025 11:06:51 AM:DBManager:connection_data:Object reference not set to an instance of an object.
1/20/2025 11:06:51 AM:DBManager:connection_data:Object reference not set to an instance of an object.
1/20/2025 11:06:51 AM:DBManager:connection_data:Object reference not set to an instance of an object.
1/20/2025 11:06:51 AM:DBManager:connection_data:Object reference not set to an instance of an object.
1/20/2025 11:06:51 AM:DBManager:connection_data:Object reference not set to an instance of an object.
1/20/2025 11:06:51 AM:DBManager:connection_data:Object reference not set to an instance of an object.
1/20/2025 11:06:51 AM:DBManager:connection_data:Object reference not set to an instance of an object.
1/20/2025 11:06:51 AM:DBManager:connection_data:Object reference not set to an instance of an object.
1/20/2025 11:06:51 AM:DBManager:connection_data:Object reference not set to an instance of an object.
1/20/2025 11:06:51 AM:DBManager:connection_data:Object reference not set to an instance of an object.
1/20/2025 11:06:51 AM:DBManager:connection_data:Object reference not set to an instance of an object.
1/20/2025 11:06:51 AM:DBManager:connection_data:Object reference not set to an instance of an object.
1/20/2025 11:06:51 AM:DBManager:connection_data:Object reference not set to an instance of an object.
1/20/2025 11:06:51 AM:DBManager:connection_data:Object reference not set to an instance of an object.
1/20/2025 11:06:51 AM:DBManager:connection_data:Object reference not set to an instance of an object.
1/20/2025 11:06:51 AM:DBManager:connection_data:Object reference not set to an instance of an object.
1/20/2025 11:06:51 AM:DBManager:connection_data:Object reference not set to an instance of an object.
1/20/2025 11:06:51 AM:DBManager:connection_data:Object reference not set to an instance of an object.
1/20/2025 11:06:51 AM:DBManager:connection_data:Object reference not set to an instance of an object.
1/20/2025 11:06:51 AM:DBManager:connection_data:Object reference not set to an instance of an object.
1/20/2025 11:06:51 AM:DBManager:connection_data:Object reference not set to an instance of an object.
1/20/2025 11:06:51 AM:DBManager:connection_data:Object reference not set to an instance of an object.
20/01/2025 11:06:51 AM:Page_Load:BindChartData:Subquery returned more than 1 value. This is not permitted when the subquery follows =, !=, <, <= , >, >= or when the subquery is used as an expression.
Subquery returned more than 1 value. This is not permitted when the subquery follows =, !=, <, <= , >, >= or when the subquery is used as an expression.
Subquery returned more than 1 value. This is not permitted when the subquery follows =, !=, <, <= , >, >= or when the subquery is used as an expression.
Columns to sum: 
Category: Dept 1
Query2: SELECT
                     'Dept 1' AS DepartmentName,
                     DATENAME(WEEKDAY, Sales_date) AS DayOfWeek,
                     SUM() AS Value
                   FROM Till_Summary_Detail t
                   LEFT OUTER JOIN M_Venue v ON t.venue_id = v.venue_id
                   WHERE t.Sales_date BETWEEN '2025-01-20' 
                AND '2025-01-26'
                AND t.venue_id = ISNULL(NULL, t.venue_id)
                   GROUP BY DATENAME(WEEKDAY, Sales_date)
                   UNION ALL 
Columns to sum: 
Category: Dept 1
Query2: SELECT
                     'Dept 1' AS DepartmentName,
                     DATENAME(WEEKDAY, Sales_date) AS DayOfWeek,
                     SUM() AS Value
                   FROM Till_Summary_Detail t
                   LEFT OUTER JOIN M_Venue v ON t.venue_id = v.venue_id
                   WHERE t.Sales_date BETWEEN '2025-01-20' 
                AND '2025-01-26'
                AND t.venue_id = ISNULL(NULL, t.venue_id)
                   GROUP BY DATENAME(WEEKDAY, Sales_date)
                   UNION ALL 
Columns to sum: 
Category: Dept 1
Query2: SELECT
                     'Dept 1' AS DepartmentName,
                     DATENAME(WEEKDAY, Sales_date) AS DayOfWeek,
                     SUM() AS Value
                   FROM Till_Summary_Detail t
                   LEFT OUTER JOIN M_Venue v ON t.venue_id = v.venue_id
                   WHERE t.Sales_date BETWEEN '2025-01-20' 
                AND '2025-01-26'
                AND t.venue_id = ISNULL(NULL, t.venue_id)
                   GROUP BY DATENAME(WEEKDAY, Sales_date)
                   UNION ALL 
Columns to sum: ISNULL(CAST(t.[Food] AS DECIMAL(18, 2)), 0)
Category: Dry
Query2: SELECT
                     'Dry' AS DepartmentName,
                     DATENAME(WEEKDAY, Sales_date) AS DayOfWeek,
                     SUM(ISNULL(CAST(t.[Food] AS DECIMAL(18, 2)), 0)) AS Value
                   FROM Till_Summary_Detail t
                   LEFT OUTER JOIN M_Venue v ON t.venue_id = v.venue_id
                   WHERE t.Sales_date BETWEEN '2025-01-20' 
                AND '2025-01-26'
                AND t.venue_id = ISNULL(NULL, t.venue_id)
                   GROUP BY DATENAME(WEEKDAY, Sales_date)
                   UNION ALL 
Columns to sum: ISNULL(CAST(t.[Other] AS DECIMAL(18, 2)), 0)
Category: Mitesh
Query2: SELECT
                     'Mitesh' AS DepartmentName,
                     DATENAME(WEEKDAY, Sales_date) AS DayOfWeek,
                     SUM(ISNULL(CAST(t.[Other] AS DECIMAL(18, 2)), 0)) AS Value
                   FROM Till_Summary_Detail t
                   LEFT OUTER JOIN M_Venue v ON t.venue_id = v.venue_id
                   WHERE t.Sales_date BETWEEN '2025-01-20' 
                AND '2025-01-26'
                AND t.venue_id = ISNULL(NULL, t.venue_id)
                   GROUP BY DATENAME(WEEKDAY, Sales_date)
                   UNION ALL 
 
Category: Spare
 
Columns to sum: ISNULL(CAST(t.[Beverage] AS DECIMAL(18, 2)), 0) + ISNULL(CAST(t.[Draught_Beer] AS DECIMAL(18, 2)), 0) + ISNULL(CAST(t.[Bottled_Beer] AS DECIMAL(18, 2)), 0) + ISNULL(CAST(t.[Draught_Cider] AS DECIMAL(18, 2)), 0) + ISNULL(CAST(t.[Bottled_Cider] AS DECIMAL(18, 2)), 0) + ISNULL(CAST(t.[Red_Wine1_1] AS DECIMAL(18, 2)), 0) + ISNULL(CAST(t.[White_Wine] AS DECIMAL(18, 2)), 0) + ISNULL(CAST(t.[Rose_Wine] AS DECIMAL(18, 2)), 0) + ISNULL(CAST(t.[Champagne_and_Sparkling] AS DECIMAL(18, 2)), 0) + ISNULL(CAST(t.[Brandy_and_Cognac] AS DECIMAL(18, 2)), 0) + ISNULL(CAST(t.[Gin] AS DECIMAL(18, 2)), 0) + ISNULL(CAST(t.[Liqueurs1] AS DECIMAL(18, 2)), 0) + ISNULL(CAST(t.[Rum] AS DECIMAL(18, 2)), 0) + ISNULL(CAST(t.[Vodka] AS DECIMAL(18, 2)), 0) + ISNULL(CAST(t.[Whisky_and_Bourbon] AS DECIMAL(18, 2)), 0) + ISNULL(CAST(t.[Fortified_Wines1] AS DECIMAL(18, 2)), 0) + ISNULL(CAST(t.[Shots] AS DECIMAL(18, 2)), 0) + ISNULL(CAST(t.[Cocktails] AS DECIMAL(18, 2)), 0) + ISNULL(CAST(t.[Alcopops] AS DECIMAL(18, 2)), 0) + ISNULL(CAST(t.[Soft_Drinks] AS DECIMAL(18, 2)), 0) + ISNULL(CAST(t.[Hot_Drinks1] AS DECIMAL(18, 2)), 0) + ISNULL(CAST(t.[Garnish1] AS DECIMAL(18, 2)), 0) + ISNULL(CAST(t.[test5] AS DECIMAL(18, 2)), 0)
Category: wet
Query2: SELECT
                     'wet' AS DepartmentName,
                     DATENAME(WEEKDAY, Sales_date) AS DayOfWeek,
                     SUM(ISNULL(CAST(t.[Beverage] AS DECIMAL(18, 2)), 0) + ISNULL(CAST(t.[Draught_Beer] AS DECIMAL(18, 2)), 0) + ISNULL(CAST(t.[Bottled_Beer] AS DECIMAL(18, 2)), 0) + ISNULL(CAST(t.[Draught_Cider] AS DECIMAL(18, 2)), 0) + ISNULL(CAST(t.[Bottled_Cider] AS DECIMAL(18, 2)), 0) + ISNULL(CAST(t.[Red_Wine1_1] AS DECIMAL(18, 2)), 0) + ISNULL(CAST(t.[White_Wine] AS DECIMAL(18, 2)), 0) + ISNULL(CAST(t.[Rose_Wine] AS DECIMAL(18, 2)), 0) + ISNULL(CAST(t.[Champagne_and_Sparkling] AS DECIMAL(18, 2)), 0) + ISNULL(CAST(t.[Brandy_and_Cognac] AS DECIMAL(18, 2)), 0) + ISNULL(CAST(t.[Gin] AS DECIMAL(18, 2)), 0) + ISNULL(CAST(t.[Liqueurs1] AS DECIMAL(18, 2)), 0) + ISNULL(CAST(t.[Rum] AS DECIMAL(18, 2)), 0) + ISNULL(CAST(t.[Vodka] AS DECIMAL(18, 2)), 0) + ISNULL(CAST(t.[Whisky_and_Bourbon] AS DECIMAL(18, 2)), 0) + ISNULL(CAST(t.[Fortified_Wines1] AS DECIMAL(18, 2)), 0) + ISNULL(CAST(t.[Shots] AS DECIMAL(18, 2)), 0) + ISNULL(CAST(t.[Cocktails] AS DECIMAL(18, 2)), 0) + ISNULL(CAST(t.[Alcopops] AS DECIMAL(18, 2)), 0) + ISNULL(CAST(t.[Soft_Drinks] AS DECIMAL(18, 2)), 0) + ISNULL(CAST(t.[Hot_Drinks1] AS DECIMAL(18, 2)), 0) + ISNULL(CAST(t.[Garnish1] AS DECIMAL(18, 2)), 0) + ISNULL(CAST(t.[test5] AS DECIMAL(18, 2)), 0)) AS Value
                   FROM Till_Summary_Detail t
                   LEFT OUTER JOIN M_Venue v ON t.venue_id = v.venue_id
                   WHERE t.Sales_date BETWEEN '2025-01-20' 
                AND '2025-01-26'
                AND t.venue_id = ISNULL(NULL, t.venue_id)
                   GROUP BY DATENAME(WEEKDAY, Sales_date)
                   UNION ALL 
 
 
20/01/2025 11:06:52 AM:Page_Load:BindPieChartData:Subquery returned more than 1 value. This is not permitted when the subquery follows =, !=, <, <= , >, >= or when the subquery is used as an expression.
The sum function requires 1 argument(s).
Subquery returned more than 1 value. This is not permitted when the subquery follows =, !=, <, <= , >, >= or when the subquery is used as an expression.
The sum function requires 1 argument(s).
Subquery returned more than 1 value. This is not permitted when the subquery follows =, !=, <, <= , >, >= or when the subquery is used as an expression.
The sum function requires 1 argument(s).
Dept 1
 
2
Generated Query: update #ChartData 
				set value = isnull((select sum(   ) from Till_Summary_Detail  WHERE Sales_date >= '2025-01-20' 
                 AND Sales_date <= '2025-01-26'), 0)
    
				from #ChartData c where c.Category = 'Dept 1'
Generated Query: update #ChartData 
				set value = isnull((select sum(   ) from Till_Summary_Detail  WHERE Sales_date >= '2025-01-20' 
                 AND Sales_date <= '2025-01-26'), 0)
    
				from #ChartData c where c.Category = 'Dept 1'
1
Dept 1
 
2
Generated Query: update #ChartData 
				set value = isnull((select sum(   ) from Till_Summary_Detail  WHERE Sales_date >= '2025-01-20' 
                 AND Sales_date <= '2025-01-26'), 0)
    
				from #ChartData c where c.Category = 'Dept 1'
Generated Query: update #ChartData 
				set value = isnull((select sum(   ) from Till_Summary_Detail  WHERE Sales_date >= '2025-01-20' 
                 AND Sales_date <= '2025-01-26'), 0)
    
				from #ChartData c where c.Category = 'Dept 1'
1
Dept 1
 
2
Generated Query: update #ChartData 
				set value = isnull((select sum(   ) from Till_Summary_Detail  WHERE Sales_date >= '2025-01-20' 
                 AND Sales_date <= '2025-01-26'), 0)
    
				from #ChartData c where c.Category = 'Dept 1'
Generated Query: update #ChartData 
				set value = isnull((select sum(   ) from Till_Summary_Detail  WHERE Sales_date >= '2025-01-20' 
                 AND Sales_date <= '2025-01-26'), 0)
    
				from #ChartData c where c.Category = 'Dept 1'
1/20/2025 11:06:53 AM:DBManager:connection_data:Object reference not set to an instance of an object.
1/20/2025 11:06:53 AM:DBManager:connection_data:Object reference not set to an instance of an object.
1/20/2025 11:06:53 AM:DBManager:connection_data:Object reference not set to an instance of an object.
1/20/2025 11:06:53 AM:DBManager:connection_data:Object reference not set to an instance of an object.
1/20/2025 11:06:53 AM:DBManager:connection_data:Object reference not set to an instance of an object.
1/20/2025 11:06:53 AM:DBManager:connection_data:Object reference not set to an instance of an object.
1/20/2025 11:06:53 AM:DBManager:connection_data:Object reference not set to an instance of an object.
1/20/2025 11:06:53 AM:DBManager:connection_data:Object reference not set to an instance of an object.
1/20/2025 11:06:53 AM:DBManager:connection_data:Object reference not set to an instance of an object.
1/20/2025 11:06:53 AM:DBManager:connection_data:Object reference not set to an instance of an object.
1/20/2025 11:06:53 AM:DBManager:connection_data:Object reference not set to an instance of an object.
1/20/2025 11:06:53 AM:DBManager:connection_data:Object reference not set to an instance of an object.
1/20/2025 11:06:53 AM:DBManager:connection_data:Object reference not set to an instance of an object.
1/20/2025 11:06:53 AM:DBManager:connection_data:Object reference not set to an instance of an object.
1/20/2025 11:06:53 AM:DBManager:connection_data:Object reference not set to an instance of an object.
1/20/2025 11:06:53 AM:DBManager:connection_data:Object reference not set to an instance of an object.
1/20/2025 11:06:53 AM:DBManager:connection_data:Object reference not set to an instance of an object.
1/20/2025 11:06:53 AM:DBManager:connection_data:Object reference not set to an instance of an object.
1/20/2025 11:06:53 AM:DBManager:connection_data:Object reference not set to an instance of an object.
1/20/2025 11:06:53 AM:DBManager:connection_data:Object reference not set to an instance of an object.
1/20/2025 11:06:53 AM:DBManager:connection_data:Object reference not set to an instance of an object.
1/20/2025 11:06:53 AM:DBManager:connection_data:Object reference not set to an instance of an object.
1/20/2025 11:06:53 AM:DBManager:connection_data:Object reference not set to an instance of an object.
1/20/2025 11:06:53 AM:DBManager:connection_data:Object reference not set to an instance of an object.
1/20/2025 11:06:53 AM:DBManager:connection_data:Object reference not set to an instance of an object.
1/20/2025 11:06:53 AM:DBManager:connection_data:Object reference not set to an instance of an object.
1/20/2025 11:06:53 AM:DBManager:connection_data:Object reference not set to an instance of an object.
1/20/2025 11:06:53 AM:DBManager:connection_data:Object reference not set to an instance of an object.
1/20/2025 11:06:53 AM:DBManager:connection_data:Object reference not set to an instance of an object.
1/20/2025 11:06:53 AM:DBManager:connection_data:Object reference not set to an instance of an object.
1/20/2025 11:06:53 AM:DBManager:connection_data:Object reference not set to an instance of an object.
1/20/2025 11:06:53 AM:DBManager:connection_data:Object reference not set to an instance of an object.
1/20/2025 11:06:53 AM:DBManager:connection_data:Object reference not set to an instance of an object.
1/20/2025 11:06:53 AM:DBManager:connection_data:Object reference not set to an instance of an object.
1/20/2025 11:06:53 AM:DBManager:connection_data:Object reference not set to an instance of an object.
1/20/2025 11:06:53 AM:DBManager:connection_data:Object reference not set to an instance of an object.
1/20/2025 11:06:53 AM:DBManager:connection_data:Object reference not set to an instance of an object.
1/20/2025 11:06:53 AM:DBManager:connection_data:Object reference not set to an instance of an object.
1/20/2025 11:06:53 AM:DBManager:connection_data:Object reference not set to an instance of an object.
1/20/2025 11:06:53 AM:DBManager:connection_data:Object reference not set to an instance of an object.
1/20/2025 11:06:53 AM:DBManager:connection_data:Object reference not set to an instance of an object.
1/20/2025 11:06:53 AM:DBManager:connection_data:Object reference not set to an instance of an object.
1/20/2025 11:06:53 AM:DBManager:connection_data:Object reference not set to an instance of an object.
1/20/2025 11:06:53 AM:DBManager:connection_data:Object reference not set to an instance of an object.
1/20/2025 11:06:53 AM:DBManager:connection_data:Object reference not set to an instance of an object.
1/20/2025 11:06:53 AM:DBManager:connection_data:Object reference not set to an instance of an object.
1/20/2025 11:06:53 AM:DBManager:connection_data:Object reference not set to an instance of an object.
1/20/2025 11:06:53 AM:DBManager:connection_data:Object reference not set to an instance of an object.
1/20/2025 11:06:53 AM:DBManager:connection_data:Object reference not set to an instance of an object.
1/20/2025 11:06:53 AM:DBManager:connection_data:Object reference not set to an instance of an object.
1/20/2025 11:06:53 AM:DBManager:connection_data:Object reference not set to an instance of an object.
1/20/2025 11:06:53 AM:DBManager:connection_data:Object reference not set to an instance of an object.
1/20/2025 11:06:53 AM:DBManager:connection_data:Object reference not set to an instance of an object.
1/20/2025 11:06:53 AM:DBManager:connection_data:Object reference not set to an instance of an object.
1/20/2025 11:06:53 AM:DBManager:connection_data:Object reference not set to an instance of an object.
1/20/2025 11:06:53 AM:DBManager:connection_data:Object reference not set to an instance of an object.
1/20/2025 11:06:53 AM:DBManager:connection_data:Object reference not set to an instance of an object.
1/20/2025 11:06:53 AM:DBManager:connection_data:Object reference not set to an instance of an object.
1/20/2025 11:06:53 AM:DBManager:connection_data:Object reference not set to an instance of an object.
1/20/2025 11:06:53 AM:DBManager:connection_data:Object reference not set to an instance of an object.
1/20/2025 11:06:53 AM:DBManager:connection_data:Object reference not set to an instance of an object.
1/20/2025 11:06:53 AM:DBManager:connection_data:Object reference not set to an instance of an object.
1/20/2025 11:06:53 AM:DBManager:connection_data:Object reference not set to an instance of an object.
1/20/2025 11:06:53 AM:DBManager:connection_data:Object reference not set to an instance of an object.
1/20/2025 11:06:53 AM:DBManager:connection_data:Object reference not set to an instance of an object.
1/20/2025 11:06:53 AM:DBManager:connection_data:Object reference not set to an instance of an object.
1/20/2025 11:06:53 AM:DBManager:connection_data:Object reference not set to an instance of an object.
1/20/2025 11:06:53 AM:DBManager:connection_data:Object reference not set to an instance of an object.
1/20/2025 11:06:53 AM:DBManager:connection_data:Object reference not set to an instance of an object.
1/20/2025 11:06:53 AM:DBManager:connection_data:Object reference not set to an instance of an object.
1/20/2025 11:06:53 AM:DBManager:connection_data:Object reference not set to an instance of an object.
1/20/2025 11:06:53 AM:DBManager:connection_data:Object reference not set to an instance of an object.
1/20/2025 11:06:53 AM:DBManager:connection_data:Object reference not set to an instance of an object.
1/20/2025 11:06:53 AM:DBManager:connection_data:Object reference not set to an instance of an object.
1/20/2025 11:06:53 AM:DBManager:connection_data:Object reference not set to an instance of an object.
1/20/2025 11:06:53 AM:DBManager:connection_data:Object reference not set to an instance of an object.
1/20/2025 11:06:53 AM:DBManager:connection_data:Object reference not set to an instance of an object.
1/20/2025 11:06:53 AM:Page_Load:BindChartData:Subquery returned more than 1 value. This is not permitted when the subquery follows =, !=, <, <= , >, >= or when the subquery is used as an expression.
Subquery returned more than 1 value. This is not permitted when the subquery follows =, !=, <, <= , >, >= or when the subquery is used as an expression.
Subquery returned more than 1 value. This is not permitted when the subquery follows =, !=, <, <= , >, >= or when the subquery is used as an expression.
Columns to sum: 
Category: Dept 1
Query2: SELECT
                     'Dept 1' AS DepartmentName,
                     DATENAME(WEEKDAY, Sales_date) AS DayOfWeek,
                     SUM() AS Value
                   FROM Till_Summary_Detail t
                   LEFT OUTER JOIN M_Venue v ON t.venue_id = v.venue_id
                   WHERE t.Sales_date BETWEEN '2025-01-20' 
                AND '2025-01-26'
                AND t.venue_id = ISNULL(NULL, t.venue_id)
                   GROUP BY DATENAME(WEEKDAY, Sales_date)
                   UNION ALL 
Columns to sum: 
Category: Dept 1
Query2: SELECT
                     'Dept 1' AS DepartmentName,
                     DATENAME(WEEKDAY, Sales_date) AS DayOfWeek,
                     SUM() AS Value
                   FROM Till_Summary_Detail t
                   LEFT OUTER JOIN M_Venue v ON t.venue_id = v.venue_id
                   WHERE t.Sales_date BETWEEN '2025-01-20' 
                AND '2025-01-26'
                AND t.venue_id = ISNULL(NULL, t.venue_id)
                   GROUP BY DATENAME(WEEKDAY, Sales_date)
                   UNION ALL 
Columns to sum: 
Category: Dept 1
Query2: SELECT
                     'Dept 1' AS DepartmentName,
                     DATENAME(WEEKDAY, Sales_date) AS DayOfWeek,
                     SUM() AS Value
                   FROM Till_Summary_Detail t
                   LEFT OUTER JOIN M_Venue v ON t.venue_id = v.venue_id
                   WHERE t.Sales_date BETWEEN '2025-01-20' 
                AND '2025-01-26'
                AND t.venue_id = ISNULL(NULL, t.venue_id)
                   GROUP BY DATENAME(WEEKDAY, Sales_date)
                   UNION ALL 
Columns to sum: ISNULL(CAST(t.[Food] AS DECIMAL(18, 2)), 0)
Category: Dry
Query2: SELECT
                     'Dry' AS DepartmentName,
                     DATENAME(WEEKDAY, Sales_date) AS DayOfWeek,
                     SUM(ISNULL(CAST(t.[Food] AS DECIMAL(18, 2)), 0)) AS Value
                   FROM Till_Summary_Detail t
                   LEFT OUTER JOIN M_Venue v ON t.venue_id = v.venue_id
                   WHERE t.Sales_date BETWEEN '2025-01-20' 
                AND '2025-01-26'
                AND t.venue_id = ISNULL(NULL, t.venue_id)
                   GROUP BY DATENAME(WEEKDAY, Sales_date)
                   UNION ALL 
Columns to sum: ISNULL(CAST(t.[Other] AS DECIMAL(18, 2)), 0)
Category: Mitesh
Query2: SELECT
                     'Mitesh' AS DepartmentName,
                     DATENAME(WEEKDAY, Sales_date) AS DayOfWeek,
                     SUM(ISNULL(CAST(t.[Other] AS DECIMAL(18, 2)), 0)) AS Value
                   FROM Till_Summary_Detail t
                   LEFT OUTER JOIN M_Venue v ON t.venue_id = v.venue_id
                   WHERE t.Sales_date BETWEEN '2025-01-20' 
                AND '2025-01-26'
                AND t.venue_id = ISNULL(NULL, t.venue_id)
                   GROUP BY DATENAME(WEEKDAY, Sales_date)
                   UNION ALL 
 
Category: Spare
 
Columns to sum: ISNULL(CAST(t.[Beverage] AS DECIMAL(18, 2)), 0) + ISNULL(CAST(t.[Draught_Beer] AS DECIMAL(18, 2)), 0) + ISNULL(CAST(t.[Bottled_Beer] AS DECIMAL(18, 2)), 0) + ISNULL(CAST(t.[Draught_Cider] AS DECIMAL(18, 2)), 0) + ISNULL(CAST(t.[Bottled_Cider] AS DECIMAL(18, 2)), 0) + ISNULL(CAST(t.[Red_Wine1_1] AS DECIMAL(18, 2)), 0) + ISNULL(CAST(t.[White_Wine] AS DECIMAL(18, 2)), 0) + ISNULL(CAST(t.[Rose_Wine] AS DECIMAL(18, 2)), 0) + ISNULL(CAST(t.[Champagne_and_Sparkling] AS DECIMAL(18, 2)), 0) + ISNULL(CAST(t.[Brandy_and_Cognac] AS DECIMAL(18, 2)), 0) + ISNULL(CAST(t.[Gin] AS DECIMAL(18, 2)), 0) + ISNULL(CAST(t.[Liqueurs1] AS DECIMAL(18, 2)), 0) + ISNULL(CAST(t.[Rum] AS DECIMAL(18, 2)), 0) + ISNULL(CAST(t.[Vodka] AS DECIMAL(18, 2)), 0) + ISNULL(CAST(t.[Whisky_and_Bourbon] AS DECIMAL(18, 2)), 0) + ISNULL(CAST(t.[Fortified_Wines1] AS DECIMAL(18, 2)), 0) + ISNULL(CAST(t.[Shots] AS DECIMAL(18, 2)), 0) + ISNULL(CAST(t.[Cocktails] AS DECIMAL(18, 2)), 0) + ISNULL(CAST(t.[Alcopops] AS DECIMAL(18, 2)), 0) + ISNULL(CAST(t.[Soft_Drinks] AS DECIMAL(18, 2)), 0) + ISNULL(CAST(t.[Hot_Drinks1] AS DECIMAL(18, 2)), 0) + ISNULL(CAST(t.[Garnish1] AS DECIMAL(18, 2)), 0) + ISNULL(CAST(t.[test5] AS DECIMAL(18, 2)), 0)
Category: wet
Query2: SELECT
                     'wet' AS DepartmentName,
                     DATENAME(WEEKDAY, Sales_date) AS DayOfWeek,
                     SUM(ISNULL(CAST(t.[Beverage] AS DECIMAL(18, 2)), 0) + ISNULL(CAST(t.[Draught_Beer] AS DECIMAL(18, 2)), 0) + ISNULL(CAST(t.[Bottled_Beer] AS DECIMAL(18, 2)), 0) + ISNULL(CAST(t.[Draught_Cider] AS DECIMAL(18, 2)), 0) + ISNULL(CAST(t.[Bottled_Cider] AS DECIMAL(18, 2)), 0) + ISNULL(CAST(t.[Red_Wine1_1] AS DECIMAL(18, 2)), 0) + ISNULL(CAST(t.[White_Wine] AS DECIMAL(18, 2)), 0) + ISNULL(CAST(t.[Rose_Wine] AS DECIMAL(18, 2)), 0) + ISNULL(CAST(t.[Champagne_and_Sparkling] AS DECIMAL(18, 2)), 0) + ISNULL(CAST(t.[Brandy_and_Cognac] AS DECIMAL(18, 2)), 0) + ISNULL(CAST(t.[Gin] AS DECIMAL(18, 2)), 0) + ISNULL(CAST(t.[Liqueurs1] AS DECIMAL(18, 2)), 0) + ISNULL(CAST(t.[Rum] AS DECIMAL(18, 2)), 0) + ISNULL(CAST(t.[Vodka] AS DECIMAL(18, 2)), 0) + ISNULL(CAST(t.[Whisky_and_Bourbon] AS DECIMAL(18, 2)), 0) + ISNULL(CAST(t.[Fortified_Wines1] AS DECIMAL(18, 2)), 0) + ISNULL(CAST(t.[Shots] AS DECIMAL(18, 2)), 0) + ISNULL(CAST(t.[Cocktails] AS DECIMAL(18, 2)), 0) + ISNULL(CAST(t.[Alcopops] AS DECIMAL(18, 2)), 0) + ISNULL(CAST(t.[Soft_Drinks] AS DECIMAL(18, 2)), 0) + ISNULL(CAST(t.[Hot_Drinks1] AS DECIMAL(18, 2)), 0) + ISNULL(CAST(t.[Garnish1] AS DECIMAL(18, 2)), 0) + ISNULL(CAST(t.[test5] AS DECIMAL(18, 2)), 0)) AS Value
                   FROM Till_Summary_Detail t
                   LEFT OUTER JOIN M_Venue v ON t.venue_id = v.venue_id
                   WHERE t.Sales_date BETWEEN '2025-01-20' 
                AND '2025-01-26'
                AND t.venue_id = ISNULL(NULL, t.venue_id)
                   GROUP BY DATENAME(WEEKDAY, Sales_date)
                   UNION ALL 
 
 
1/20/2025 11:07:01 AM:DBManager:connection_data:Object reference not set to an instance of an object.
1/20/2025 11:07:01 AM:DBManager:connection_data:Object reference not set to an instance of an object.
1/20/2025 11:07:01 AM:DBManager:connection_data:Object reference not set to an instance of an object.
1/20/2025 11:07:01 AM:DBManager:connection_data:Object reference not set to an instance of an object.
1/20/2025 11:07:01 AM:DBManager:connection_data:Object reference not set to an instance of an object.
1/20/2025 11:07:01 AM:DBManager:connection_data:Object reference not set to an instance of an object.
1/20/2025 11:07:01 AM:DBManager:connection_data:Object reference not set to an instance of an object.
1/20/2025 11:07:01 AM:DBManager:connection_data:Object reference not set to an instance of an object.
1/20/2025 11:07:01 AM:DBManager:connection_data:Object reference not set to an instance of an object.
1/20/2025 11:07:01 AM:DBManager:connection_data:Object reference not set to an instance of an object.
1/20/2025 11:07:01 AM:DBManager:connection_data:Object reference not set to an instance of an object.
1/20/2025 11:07:01 AM:DBManager:connection_data:Object reference not set to an instance of an object.
1/20/2025 11:07:01 AM:DBManager:connection_data:Object reference not set to an instance of an object.
1/20/2025 11:07:01 AM:DBManager:connection_data:Object reference not set to an instance of an object.
1/20/2025 11:07:01 AM:DBManager:connection_data:Object reference not set to an instance of an object.
1/20/2025 11:07:01 AM:DBManager:connection_data:Object reference not set to an instance of an object.
1/20/2025 11:07:01 AM:DBManager:connection_data:Object reference not set to an instance of an object.
1/20/2025 11:07:01 AM:DBManager:connection_data:Object reference not set to an instance of an object.
1/20/2025 11:07:01 AM:DBManager:connection_data:Object reference not set to an instance of an object.
1/20/2025 11:07:01 AM:DBManager:connection_data:Object reference not set to an instance of an object.
1/20/2025 11:07:01 AM:DBManager:connection_data:Object reference not set to an instance of an object.
1/20/2025 11:07:01 AM:DBManager:connection_data:Object reference not set to an instance of an object.
1/20/2025 11:07:01 AM:DBManager:connection_data:Object reference not set to an instance of an object.
1/20/2025 11:07:01 AM:DBManager:connection_data:Object reference not set to an instance of an object.
1/20/2025 11:07:01 AM:DBManager:connection_data:Object reference not set to an instance of an object.
1/20/2025 11:07:01 AM:DBManager:connection_data:Object reference not set to an instance of an object.
1/20/2025 11:07:01 AM:DBManager:connection_data:Object reference not set to an instance of an object.
1/20/2025 11:07:01 AM:DBManager:connection_data:Object reference not set to an instance of an object.
1/20/2025 11:07:01 AM:DBManager:connection_data:Object reference not set to an instance of an object.
1/20/2025 11:07:01 AM:DBManager:connection_data:Object reference not set to an instance of an object.
1/20/2025 11:07:01 AM:DBManager:connection_data:Object reference not set to an instance of an object.
1/20/2025 11:07:01 AM:DBManager:connection_data:Object reference not set to an instance of an object.
1/20/2025 11:07:01 AM:DBManager:connection_data:Object reference not set to an instance of an object.
1/20/2025 11:07:01 AM:DBManager:connection_data:Object reference not set to an instance of an object.
1/20/2025 11:07:01 AM:DBManager:connection_data:Object reference not set to an instance of an object.
1/20/2025 11:07:01 AM:DBManager:connection_data:Object reference not set to an instance of an object.
1/20/2025 11:07:01 AM:DBManager:connection_data:Object reference not set to an instance of an object.
1/20/2025 11:07:01 AM:DBManager:connection_data:Object reference not set to an instance of an object.
1/20/2025 11:07:01 AM:DBManager:connection_data:Object reference not set to an instance of an object.
1/20/2025 11:07:01 AM:DBManager:connection_data:Object reference not set to an instance of an object.
1/20/2025 11:07:01 AM:DBManager:connection_data:Object reference not set to an instance of an object.
1/20/2025 11:07:01 AM:DBManager:connection_data:Object reference not set to an instance of an object.
1/20/2025 11:07:01 AM:DBManager:connection_data:Object reference not set to an instance of an object.
1/20/2025 11:07:01 AM:DBManager:connection_data:Object reference not set to an instance of an object.
1/20/2025 11:07:01 AM:DBManager:connection_data:Object reference not set to an instance of an object.
1/20/2025 11:07:01 AM:DBManager:connection_data:Object reference not set to an instance of an object.
1/20/2025 11:07:01 AM:DBManager:connection_data:Object reference not set to an instance of an object.
1/20/2025 11:07:01 AM:DBManager:connection_data:Object reference not set to an instance of an object.
1/20/2025 11:07:01 AM:DBManager:connection_data:Object reference not set to an instance of an object.
1/20/2025 11:07:01 AM:DBManager:connection_data:Object reference not set to an instance of an object.
1/20/2025 11:07:01 AM:DBManager:connection_data:Object reference not set to an instance of an object.
1/20/2025 11:07:01 AM:DBManager:connection_data:Object reference not set to an instance of an object.
1/20/2025 11:07:01 AM:DBManager:connection_data:Object reference not set to an instance of an object.
1/20/2025 11:07:01 AM:DBManager:connection_data:Object reference not set to an instance of an object.
1/20/2025 11:07:01 AM:DBManager:connection_data:Object reference not set to an instance of an object.
1/20/2025 11:07:01 AM:DBManager:connection_data:Object reference not set to an instance of an object.
1/20/2025 11:07:01 AM:DBManager:connection_data:Object reference not set to an instance of an object.
1/20/2025 11:07:01 AM:DBManager:connection_data:Object reference not set to an instance of an object.
1/20/2025 11:07:01 AM:DBManager:connection_data:Object reference not set to an instance of an object.
1/20/2025 11:07:01 AM:DBManager:connection_data:Object reference not set to an instance of an object.
1/20/2025 11:07:01 AM:DBManager:connection_data:Object reference not set to an instance of an object.
1/20/2025 11:07:01 AM:DBManager:connection_data:Object reference not set to an instance of an object.
1/20/2025 11:07:01 AM:DBManager:connection_data:Object reference not set to an instance of an object.
1/20/2025 11:07:01 AM:DBManager:connection_data:Object reference not set to an instance of an object.
1/20/2025 11:07:01 AM:DBManager:connection_data:Object reference not set to an instance of an object.
1/20/2025 11:07:01 AM:DBManager:connection_data:Object reference not set to an instance of an object.
1/20/2025 11:07:01 AM:DBManager:connection_data:Object reference not set to an instance of an object.
1/20/2025 11:07:01 AM:DBManager:connection_data:Object reference not set to an instance of an object.
1/20/2025 11:07:01 AM:DBManager:connection_data:Object reference not set to an instance of an object.
1/20/2025 11:07:01 AM:DBManager:connection_data:Object reference not set to an instance of an object.
1/20/2025 11:07:01 AM:DBManager:connection_data:Object reference not set to an instance of an object.
1/20/2025 11:07:01 AM:DBManager:connection_data:Object reference not set to an instance of an object.
1/20/2025 11:07:01 AM:DBManager:connection_data:Object reference not set to an instance of an object.
1/20/2025 11:07:01 AM:DBManager:connection_data:Object reference not set to an instance of an object.
1/20/2025 11:07:01 AM:DBManager:connection_data:Object reference not set to an instance of an object.
1/20/2025 11:07:01 AM:DBManager:connection_data:Object reference not set to an instance of an object.
1/20/2025 11:07:01 AM:DBManager:connection_data:Object reference not set to an instance of an object.
1/20/2025 11:07:36 AM:DBManager:connection_data:Object reference not set to an instance of an object.
1/20/2025 11:07:36 AM:DBManager:connection_data:Object reference not set to an instance of an object.
1/20/2025 11:07:36 AM:DBManager:connection_data:Object reference not set to an instance of an object.
1/20/2025 11:07:36 AM:DBManager:connection_data:Object reference not set to an instance of an object.
1/20/2025 11:07:36 AM:DBManager:connection_data:Object reference not set to an instance of an object.
1/20/2025 11:07:36 AM:DBManager:connection_data:Object reference not set to an instance of an object.
1/20/2025 11:07:36 AM:DBManager:connection_data:Object reference not set to an instance of an object.
1/20/2025 11:07:36 AM:DBManager:connection_data:Object reference not set to an instance of an object.
1/20/2025 11:07:36 AM:DBManager:connection_data:Object reference not set to an instance of an object.
1/20/2025 11:07:36 AM:DBManager:connection_data:Object reference not set to an instance of an object.
1/20/2025 11:07:36 AM:DBManager:connection_data:Object reference not set to an instance of an object.
1/20/2025 11:07:36 AM:DBManager:connection_data:Object reference not set to an instance of an object.
1/20/2025 11:07:36 AM:DBManager:connection_data:Object reference not set to an instance of an object.
1/20/2025 11:07:36 AM:DBManager:connection_data:Object reference not set to an instance of an object.
1/20/2025 11:07:36 AM:DBManager:connection_data:Object reference not set to an instance of an object.
1/20/2025 11:07:36 AM:DBManager:connection_data:Object reference not set to an instance of an object.
1/20/2025 11:07:36 AM:DBManager:connection_data:Object reference not set to an instance of an object.
1/20/2025 11:07:36 AM:DBManager:connection_data:Object reference not set to an instance of an object.
1/20/2025 11:07:36 AM:DBManager:connection_data:Object reference not set to an instance of an object.
1/20/2025 11:07:36 AM:DBManager:connection_data:Object reference not set to an instance of an object.
1/20/2025 11:07:36 AM:DBManager:connection_data:Object reference not set to an instance of an object.
1/20/2025 11:07:36 AM:DBManager:connection_data:Object reference not set to an instance of an object.
1/20/2025 11:07:36 AM:DBManager:connection_data:Object reference not set to an instance of an object.
1/20/2025 11:07:36 AM:DBManager:connection_data:Object reference not set to an instance of an object.
1/20/2025 11:07:36 AM:DBManager:connection_data:Object reference not set to an instance of an object.
1/20/2025 11:07:36 AM:DBManager:connection_data:Object reference not set to an instance of an object.
1/20/2025 11:07:36 AM:DBManager:connection_data:Object reference not set to an instance of an object.
1/20/2025 11:07:36 AM:DBManager:connection_data:Object reference not set to an instance of an object.
1/20/2025 11:07:36 AM:DBManager:connection_data:Object reference not set to an instance of an object.
1/20/2025 11:07:36 AM:DBManager:connection_data:Object reference not set to an instance of an object.
1/20/2025 11:07:36 AM:DBManager:connection_data:Object reference not set to an instance of an object.
1/20/2025 11:07:36 AM:DBManager:connection_data:Object reference not set to an instance of an object.
1/20/2025 11:07:36 AM:DBManager:connection_data:Object reference not set to an instance of an object.
1/20/2025 11:07:36 AM:DBManager:connection_data:Object reference not set to an instance of an object.
1/20/2025 11:07:36 AM:DBManager:connection_data:Object reference not set to an instance of an object.
1/20/2025 11:07:36 AM:DBManager:connection_data:Object reference not set to an instance of an object.
1/20/2025 11:07:36 AM:DBManager:connection_data:Object reference not set to an instance of an object.
1/20/2025 11:07:36 AM:DBManager:connection_data:Object reference not set to an instance of an object.
1/20/2025 11:07:36 AM:DBManager:connection_data:Object reference not set to an instance of an object.
1/20/2025 11:07:36 AM:DBManager:connection_data:Object reference not set to an instance of an object.
1/20/2025 11:07:36 AM:DBManager:connection_data:Object reference not set to an instance of an object.
1/20/2025 11:07:36 AM:DBManager:connection_data:Object reference not set to an instance of an object.
1/20/2025 11:07:36 AM:DBManager:connection_data:Object reference not set to an instance of an object.
1/20/2025 11:07:36 AM:DBManager:connection_data:Object reference not set to an instance of an object.
1/20/2025 11:07:36 AM:DBManager:connection_data:Object reference not set to an instance of an object.
1/20/2025 11:07:36 AM:DBManager:connection_data:Object reference not set to an instance of an object.
1/20/2025 11:07:36 AM:DBManager:connection_data:Object reference not set to an instance of an object.
1/20/2025 11:07:36 AM:DBManager:connection_data:Object reference not set to an instance of an object.
1/20/2025 11:07:36 AM:DBManager:connection_data:Object reference not set to an instance of an object.
1/20/2025 11:07:36 AM:DBManager:connection_data:Object reference not set to an instance of an object.
1/20/2025 11:07:36 AM:DBManager:connection_data:Object reference not set to an instance of an object.
1/20/2025 11:07:36 AM:DBManager:connection_data:Object reference not set to an instance of an object.
1/20/2025 11:07:36 AM:DBManager:connection_data:Object reference not set to an instance of an object.
1/20/2025 11:07:36 AM:DBManager:connection_data:Object reference not set to an instance of an object.
1/20/2025 11:07:36 AM:DBManager:connection_data:Object reference not set to an instance of an object.
1/20/2025 11:07:36 AM:DBManager:connection_data:Object reference not set to an instance of an object.
1/20/2025 11:07:36 AM:DBManager:connection_data:Object reference not set to an instance of an object.
1/20/2025 11:07:36 AM:DBManager:connection_data:Object reference not set to an instance of an object.
1/20/2025 11:07:36 AM:DBManager:connection_data:Object reference not set to an instance of an object.
1/20/2025 11:07:36 AM:DBManager:connection_data:Object reference not set to an instance of an object.
1/20/2025 11:07:36 AM:DBManager:connection_data:Object reference not set to an instance of an object.
1/20/2025 11:07:36 AM:DBManager:connection_data:Object reference not set to an instance of an object.
1/20/2025 11:07:36 AM:DBManager:connection_data:Object reference not set to an instance of an object.
1/20/2025 11:07:36 AM:DBManager:connection_data:Object reference not set to an instance of an object.
1/20/2025 11:07:36 AM:DBManager:connection_data:Object reference not set to an instance of an object.
1/20/2025 11:07:36 AM:DBManager:connection_data:Object reference not set to an instance of an object.
1/20/2025 11:07:36 AM:DBManager:connection_data:Object reference not set to an instance of an object.
1/20/2025 11:07:36 AM:DBManager:connection_data:Object reference not set to an instance of an object.
1/20/2025 11:07:36 AM:DBManager:connection_data:Object reference not set to an instance of an object.
1/20/2025 11:07:36 AM:DBManager:connection_data:Object reference not set to an instance of an object.
1/20/2025 11:07:36 AM:DBManager:connection_data:Object reference not set to an instance of an object.
1/20/2025 11:07:36 AM:DBManager:connection_data:Object reference not set to an instance of an object.
1/20/2025 11:07:36 AM:DBManager:connection_data:Object reference not set to an instance of an object.
1/20/2025 11:07:36 AM:DBManager:connection_data:Object reference not set to an instance of an object.
1/20/2025 11:07:36 AM:DBManager:connection_data:Object reference not set to an instance of an object.
1/20/2025 11:07:36 AM:DBManager:connection_data:Object reference not set to an instance of an object.
1/20/2025 11:07:36 AM:DBManager:connection_data:Object reference not set to an instance of an object.
1/20/2025 11:07:41 AM:DBManager:connection_data:Object reference not set to an instance of an object.
1/20/2025 11:07:41 AM:DBManager:connection_data:Object reference not set to an instance of an object.
1/20/2025 11:07:41 AM:DBManager:connection_data:Object reference not set to an instance of an object.
1/20/2025 11:07:41 AM:DBManager:connection_data:Object reference not set to an instance of an object.
1/20/2025 11:07:41 AM:DBManager:connection_data:Object reference not set to an instance of an object.
1/20/2025 11:07:41 AM:DBManager:connection_data:Object reference not set to an instance of an object.
1/20/2025 11:07:41 AM:DBManager:connection_data:Object reference not set to an instance of an object.
1/20/2025 11:07:41 AM:DBManager:connection_data:Object reference not set to an instance of an object.
1/20/2025 11:07:41 AM:DBManager:connection_data:Object reference not set to an instance of an object.
1/20/2025 11:07:41 AM:DBManager:connection_data:Object reference not set to an instance of an object.
1/20/2025 11:07:41 AM:DBManager:connection_data:Object reference not set to an instance of an object.
1/20/2025 11:07:41 AM:DBManager:connection_data:Object reference not set to an instance of an object.
1/20/2025 11:07:41 AM:DBManager:connection_data:Object reference not set to an instance of an object.
1/20/2025 11:07:41 AM:DBManager:connection_data:Object reference not set to an instance of an object.
1/20/2025 11:07:41 AM:DBManager:connection_data:Object reference not set to an instance of an object.
1/20/2025 11:07:41 AM:DBManager:connection_data:Object reference not set to an instance of an object.
1/20/2025 11:07:41 AM:DBManager:connection_data:Object reference not set to an instance of an object.
1/20/2025 11:07:41 AM:DBManager:connection_data:Object reference not set to an instance of an object.
1/20/2025 11:07:41 AM:DBManager:connection_data:Object reference not set to an instance of an object.
1/20/2025 11:07:41 AM:DBManager:connection_data:Object reference not set to an instance of an object.
1/20/2025 11:07:41 AM:DBManager:connection_data:Object reference not set to an instance of an object.
1/20/2025 11:07:41 AM:DBManager:connection_data:Object reference not set to an instance of an object.
1/20/2025 11:07:41 AM:DBManager:connection_data:Object reference not set to an instance of an object.
1/20/2025 11:07:41 AM:DBManager:connection_data:Object reference not set to an instance of an object.
1/20/2025 11:07:41 AM:DBManager:connection_data:Object reference not set to an instance of an object.
1/20/2025 11:07:41 AM:DBManager:connection_data:Object reference not set to an instance of an object.
1/20/2025 11:07:41 AM:DBManager:connection_data:Object reference not set to an instance of an object.
1/20/2025 11:07:41 AM:DBManager:connection_data:Object reference not set to an instance of an object.
1/20/2025 11:07:41 AM:DBManager:connection_data:Object reference not set to an instance of an object.
1/20/2025 11:07:41 AM:DBManager:connection_data:Object reference not set to an instance of an object.
1/20/2025 11:07:41 AM:DBManager:connection_data:Object reference not set to an instance of an object.
1/20/2025 11:07:41 AM:DBManager:connection_data:Object reference not set to an instance of an object.
1/20/2025 11:07:41 AM:DBManager:connection_data:Object reference not set to an instance of an object.
1/20/2025 11:07:41 AM:DBManager:connection_data:Object reference not set to an instance of an object.
1/20/2025 11:07:41 AM:DBManager:connection_data:Object reference not set to an instance of an object.
1/20/2025 11:07:41 AM:DBManager:connection_data:Object reference not set to an instance of an object.
1/20/2025 11:07:41 AM:DBManager:connection_data:Object reference not set to an instance of an object.
1/20/2025 11:07:41 AM:DBManager:connection_data:Object reference not set to an instance of an object.
1/20/2025 11:07:41 AM:DBManager:connection_data:Object reference not set to an instance of an object.
1/20/2025 11:07:41 AM:DBManager:connection_data:Object reference not set to an instance of an object.
1/20/2025 11:07:41 AM:DBManager:connection_data:Object reference not set to an instance of an object.
1/20/2025 11:07:41 AM:DBManager:connection_data:Object reference not set to an instance of an object.
1/20/2025 11:07:41 AM:DBManager:connection_data:Object reference not set to an instance of an object.
1/20/2025 11:07:41 AM:DBManager:connection_data:Object reference not set to an instance of an object.
1/20/2025 11:07:41 AM:DBManager:connection_data:Object reference not set to an instance of an object.
1/20/2025 11:07:41 AM:DBManager:connection_data:Object reference not set to an instance of an object.
1/20/2025 11:07:41 AM:DBManager:connection_data:Object reference not set to an instance of an object.
1/20/2025 11:07:41 AM:DBManager:connection_data:Object reference not set to an instance of an object.
1/20/2025 11:07:41 AM:DBManager:connection_data:Object reference not set to an instance of an object.
1/20/2025 11:07:41 AM:DBManager:connection_data:Object reference not set to an instance of an object.
1/20/2025 11:07:41 AM:DBManager:connection_data:Object reference not set to an instance of an object.
1/20/2025 11:07:41 AM:DBManager:connection_data:Object reference not set to an instance of an object.
1/20/2025 11:07:41 AM:DBManager:connection_data:Object reference not set to an instance of an object.
1/20/2025 11:07:41 AM:DBManager:connection_data:Object reference not set to an instance of an object.
1/20/2025 11:07:41 AM:DBManager:connection_data:Object reference not set to an instance of an object.
1/20/2025 11:07:41 AM:DBManager:connection_data:Object reference not set to an instance of an object.
1/20/2025 11:07:41 AM:DBManager:connection_data:Object reference not set to an instance of an object.
1/20/2025 11:07:41 AM:DBManager:connection_data:Object reference not set to an instance of an object.
1/20/2025 11:07:41 AM:DBManager:connection_data:Object reference not set to an instance of an object.
1/20/2025 11:07:41 AM:DBManager:connection_data:Object reference not set to an instance of an object.
1/20/2025 11:07:41 AM:DBManager:connection_data:Object reference not set to an instance of an object.
1/20/2025 11:07:41 AM:DBManager:connection_data:Object reference not set to an instance of an object.
1/20/2025 11:07:41 AM:DBManager:connection_data:Object reference not set to an instance of an object.
1/20/2025 11:07:41 AM:DBManager:connection_data:Object reference not set to an instance of an object.
1/20/2025 11:07:41 AM:DBManager:connection_data:Object reference not set to an instance of an object.
1/20/2025 11:07:41 AM:DBManager:connection_data:Object reference not set to an instance of an object.
1/20/2025 11:07:41 AM:DBManager:connection_data:Object reference not set to an instance of an object.
1/20/2025 11:07:41 AM:DBManager:connection_data:Object reference not set to an instance of an object.
1/20/2025 11:07:41 AM:DBManager:connection_data:Object reference not set to an instance of an object.
1/20/2025 11:07:41 AM:DBManager:connection_data:Object reference not set to an instance of an object.
1/20/2025 11:07:41 AM:DBManager:connection_data:Object reference not set to an instance of an object.
1/20/2025 11:07:41 AM:DBManager:connection_data:Object reference not set to an instance of an object.
1/20/2025 11:07:41 AM:DBManager:connection_data:Object reference not set to an instance of an object.
1/20/2025 11:07:41 AM:DBManager:connection_data:Object reference not set to an instance of an object.
1/20/2025 11:07:41 AM:DBManager:connection_data:Object reference not set to an instance of an object.
1/20/2025 11:07:41 AM:DBManager:connection_data:Object reference not set to an instance of an object.
1/20/2025 11:07:41 AM:DBManager:connection_data:Object reference not set to an instance of an object.
20/01/2025 11:07:41 AM:Z_Report:email_id:sagar@tenderpos.com
1/20/2025 11:13:46 AM:DBManager:connection_data:Object reference not set to an instance of an object.
1/20/2025 11:13:46 AM:DBManager:connection_data:Object reference not set to an instance of an object.
1/20/2025 11:13:46 AM:DBManager:connection_data:Object reference not set to an instance of an object.
20/01/2025 11:13:46 AM:SignIn:btnLogIn_Click:test
