30-01-2023 11:45:42:DBManager:connection_data:Object reference not set to an instance of an object.
30-01-2023 11:45:42:DBManager:connection_data:Object reference not set to an instance of an object.
30-01-2023 11:45:42:DBManager:connection_data:Object reference not set to an instance of an object.
30-01-2023 11:45:42:DBManager:connection_data:Object reference not set to an instance of an object.
30-01-2023 11:45:42:DBManager:connection_data:Object reference not set to an instance of an object.
30-01-2023 11:45:42:DBManager:connection_data:Object reference not set to an instance of an object.
30-01-2023 11:45:42:DBManager:connection_data:Object reference not set to an instance of an object.
30-01-2023 11:45:42:DBManager:connection_data:Object reference not set to an instance of an object.
30-01-2023 11:45:42:DBManager:connection_data:Object reference not set to an instance of an object.
30-01-2023 11:45:42:DBManager:connection_data:Object reference not set to an instance of an object.
30-01-2023 11:45:42:DBManager:connection_data:Object reference not set to an instance of an object.
30-01-2023 11:45:42:DBManager:connection_data:Object reference not set to an instance of an object.
30-01-2023 11:45:42:DBManager:connection_data:Object reference not set to an instance of an object.
30-01-2023 11:45:42:DBManager:connection_data:Object reference not set to an instance of an object.
30-01-2023 11:45:42:DBManager:connection_data:Object reference not set to an instance of an object.
30-01-2023 11:45:42:DBManager:connection_data:Object reference not set to an instance of an object.
30-01-2023 11:45:42:DBManager:connection_data:Object reference not set to an instance of an object.
30-01-2023 11:45:42:DBManager:connection_data:Object reference not set to an instance of an object.
30-01-2023 11:45:42:DBManager:connection_data:Object reference not set to an instance of an object.
30-01-2023 11:45:42:DBManager:connection_data:Object reference not set to an instance of an object.
30-01-2023 11:45:42:DBManager:connection_data:Object reference not set to an instance of an object.
30-01-2023 11:45:42:DBManager:connection_data:Object reference not set to an instance of an object.
30-01-2023 11:45:42:DBManager:connection_data:Object reference not set to an instance of an object.
30-01-2023 11:45:42:DBManager:connection_data:Object reference not set to an instance of an object.
30-01-2023 11:45:42:DBManager:connection_data:Object reference not set to an instance of an object.
30-01-2023 11:45:42:DBManager:connection_data:Object reference not set to an instance of an object.
30-01-2023 11:45:42:DBManager:connection_data:Object reference not set to an instance of an object.
30-01-2023 11:45:42:DBManager:connection_data:Object reference not set to an instance of an object.
30-01-2023 11:45:42:DBManager:connection_data:Object reference not set to an instance of an object.
30-01-2023 11:45:42:DBManager:connection_data:Object reference not set to an instance of an object.
30-01-2023 11:45:42:DBManager:connection_data:Object reference not set to an instance of an object.
30-01-2023 11:45:42:DBManager:connection_data:Object reference not set to an instance of an object.
30-01-2023 11:45:42:DBManager:connection_data:Object reference not set to an instance of an object.
30-01-2023 11:45:42:DBManager:connection_data:Object reference not set to an instance of an object.
30-01-2023 11:45:42:DBManager:connection_data:Object reference not set to an instance of an object.
30-01-2023 11:45:42:DBManager:connection_data:Object reference not set to an instance of an object.
30-01-2023 11:45:42:DBManager:connection_data:Object reference not set to an instance of an object.
30-01-2023 11:45:42:DBManager:connection_data:Object reference not set to an instance of an object.
30-01-2023 11:45:42:DBManager:connection_data:Object reference not set to an instance of an object.
30-01-2023 11:45:42:DBManager:connection_data:Object reference not set to an instance of an object.
30-01-2023 11:45:42:DBManager:connection_data:Object reference not set to an instance of an object.
30-01-2023 11:45:42:DBManager:connection_data:Object reference not set to an instance of an object.
30-01-2023 11:45:42:DBManager:connection_data:Object reference not set to an instance of an object.
30-01-2023 11:45:42:DBManager:connection_data:Object reference not set to an instance of an object.
30-01-2023 11:45:42:DBManager:connection_data:Object reference not set to an instance of an object.
30-01-2023 11:45:42:DBManager:connection_data:Object reference not set to an instance of an object.
30-01-2023 11:45:42:DBManager:connection_data:Object reference not set to an instance of an object.
30-01-2023 11:45:42:DBManager:connection_data:Object reference not set to an instance of an object.
30-01-2023 11:45:42:DBManager:connection_data:Object reference not set to an instance of an object.
30-01-2023 11:45:42:DBManager:connection_data:Object reference not set to an instance of an object.
30-01-2023 11:45:42:DBManager:connection_data:Object reference not set to an instance of an object.
30-01-2023 11:45:42:DBManager:connection_data:Object reference not set to an instance of an object.
30-01-2023 11:45:42:DBManager:connection_data:Object reference not set to an instance of an object.
30-01-2023 11:45:42:DBManager:connection_data:Object reference not set to an instance of an object.
30-01-2023 11:45:42:DBManager:connection_data:Object reference not set to an instance of an object.
30-01-2023 11:45:42:DBManager:connection_data:Object reference not set to an instance of an object.
30-01-2023 11:45:42:DBManager:connection_data:Object reference not set to an instance of an object.
30-01-2023 11:45:42:DBManager:connection_data:Object reference not set to an instance of an object.
30-01-2023 11:45:42:DBManager:connection_data:Object reference not set to an instance of an object.
30-01-2023 11:45:42:DBManager:connection_data:Object reference not set to an instance of an object.
30-01-2023 11:45:42:DBManager:connection_data:Object reference not set to an instance of an object.
30-01-2023 11:45:42:DBManager:connection_data:Object reference not set to an instance of an object.
30-01-2023 11:45:42:DBManager:connection_data:Object reference not set to an instance of an object.
30-01-2023 11:45:42:DBManager:connection_data:Object reference not set to an instance of an object.
30-01-2023 11:45:42:DBManager:connection_data:Object reference not set to an instance of an object.
30-01-2023 11:45:42:DBManager:connection_data:Object reference not set to an instance of an object.
30-01-2023 11:45:42:DBManager:connection_data:Object reference not set to an instance of an object.
30-01-2023 11:45:42:DBManager:connection_data:Object reference not set to an instance of an object.
30-01-2023 11:45:42:DBManager:connection_data:Object reference not set to an instance of an object.
30-01-2023 11:45:42:DBManager:connection_data:Object reference not set to an instance of an object.
30-01-2023 11:45:42:DBManager:connection_data:Object reference not set to an instance of an object.
30-01-2023 11:45:42:DBManager:connection_data:Object reference not set to an instance of an object.
30-01-2023 11:45:42:DBManager:connection_data:Object reference not set to an instance of an object.
30-01-2023 11:45:42:DBManager:connection_data:Object reference not set to an instance of an object.
30-01-2023 11:45:42:DBManager:connection_data:Object reference not set to an instance of an object.
30-01-2023 11:45:42:DBManager:connection_data:Object reference not set to an instance of an object.
30-01-2023 11:45:42:DBManager:connection_data:Object reference not set to an instance of an object.
30-01-2023 11:45:42:DBManager:connection_data:Object reference not set to an instance of an object.
30-01-2023 11:45:42:DBManager:connection_data:Object reference not set to an instance of an object.
30-01-2023 11:45:42:DBManager:connection_data:Object reference not set to an instance of an object.
30-01-2023 11:45:42:DBManager:connection_data:Object reference not set to an instance of an object.
30-01-2023 11:45:42:DBManager:connection_data:Object reference not set to an instance of an object.
30-01-2023 11:45:42:DBManager:connection_data:Object reference not set to an instance of an object.
30-01-2023 11:45:42:DBManager:connection_data:Object reference not set to an instance of an object.
30-01-2023 11:45:42:DBManager:connection_data:Object reference not set to an instance of an object.
30-01-2023 11:45:42:DBManager:connection_data:Object reference not set to an instance of an object.
30/01/2023 11:45:42 AM:MasterPage:Page_Init:Thread was being aborted.
30-01-2023 11:45:42:DBManager:connection_data:Object reference not set to an instance of an object.
30-01-2023 11:45:42:DBManager:connection_data:Object reference not set to an instance of an object.
30-01-2023 11:45:42:DBManager:connection_data:Object reference not set to an instance of an object.
30/01/2023 11:45:42 AM:SignIn:btnLogIn_Click:test
30-01-2023 11:46:09:DBManager:connection_data:Object reference not set to an instance of an object.
30-01-2023 11:46:09:DBManager:connection_data:Object reference not set to an instance of an object.
30-01-2023 11:46:09:DBManager:connection_data:Object reference not set to an instance of an object.
30/01/2023 11:46:09 AM:SignIn:btnLogIn_Click:test
30/01/2023 11:46:09 AM:SignIn:btnLogIn_Click4:
30/01/2023 11:46:09 AM:SignIn:btnLogIn_Click5:
30/01/2023 11:46:09 AM:SignIn:btnLogIn_Click7:
30/01/2023 11:46:09 AM:SignIn:btnLogIn_Click8:
30/01/2023 11:46:09 AM:ClsDataccess:Getdatatable:The ConnectionString property has not been initialized.
30-01-2023 11:46:09:DBManager:connection_data:Object reference not set to an instance of an object.
30-01-2023 11:46:09:DBManager:connection_data:Object reference not set to an instance of an object.
30-01-2023 11:46:09:DBManager:connection_data:Object reference not set to an instance of an object.
30-01-2023 11:46:09:DBManager:connection_data:Object reference not set to an instance of an object.
30-01-2023 11:46:09:DBManager:connection_data:Object reference not set to an instance of an object.
30-01-2023 11:46:09:DBManager:connection_data:Object reference not set to an instance of an object.
30-01-2023 11:46:09:DBManager:connection_data:Object reference not set to an instance of an object.
30-01-2023 11:46:09:DBManager:connection_data:Object reference not set to an instance of an object.
30-01-2023 11:46:09:DBManager:connection_data:Object reference not set to an instance of an object.
30-01-2023 11:46:09:DBManager:connection_data:Object reference not set to an instance of an object.
30-01-2023 11:46:09:DBManager:connection_data:Object reference not set to an instance of an object.
30-01-2023 11:46:09:DBManager:connection_data:Object reference not set to an instance of an object.
30-01-2023 11:46:09:DBManager:connection_data:Object reference not set to an instance of an object.
30-01-2023 11:46:09:DBManager:connection_data:Object reference not set to an instance of an object.
30-01-2023 11:46:09:DBManager:connection_data:Object reference not set to an instance of an object.
30-01-2023 11:46:09:DBManager:connection_data:Object reference not set to an instance of an object.
30-01-2023 11:46:09:DBManager:connection_data:Object reference not set to an instance of an object.
30-01-2023 11:46:09:DBManager:connection_data:Object reference not set to an instance of an object.
30-01-2023 11:46:09:DBManager:connection_data:Object reference not set to an instance of an object.
30-01-2023 11:46:09:DBManager:connection_data:Object reference not set to an instance of an object.
30-01-2023 11:46:09:DBManager:connection_data:Object reference not set to an instance of an object.
30-01-2023 11:46:09:DBManager:connection_data:Object reference not set to an instance of an object.
30-01-2023 11:46:09:DBManager:connection_data:Object reference not set to an instance of an object.
30-01-2023 11:46:09:DBManager:connection_data:Object reference not set to an instance of an object.
30-01-2023 11:46:09:DBManager:connection_data:Object reference not set to an instance of an object.
30-01-2023 11:46:09:DBManager:connection_data:Object reference not set to an instance of an object.
30-01-2023 11:46:09:DBManager:connection_data:Object reference not set to an instance of an object.
30-01-2023 11:46:09:DBManager:connection_data:Object reference not set to an instance of an object.
30-01-2023 11:46:09:DBManager:connection_data:Object reference not set to an instance of an object.
30-01-2023 11:46:09:DBManager:connection_data:Object reference not set to an instance of an object.
30-01-2023 11:46:09:DBManager:connection_data:Object reference not set to an instance of an object.
30-01-2023 11:46:09:DBManager:connection_data:Object reference not set to an instance of an object.
30-01-2023 11:46:09:DBManager:connection_data:Object reference not set to an instance of an object.
30-01-2023 11:46:09:DBManager:connection_data:Object reference not set to an instance of an object.
30-01-2023 11:46:09:DBManager:connection_data:Object reference not set to an instance of an object.
30-01-2023 11:46:09:DBManager:connection_data:Object reference not set to an instance of an object.
30-01-2023 11:46:09:DBManager:connection_data:Object reference not set to an instance of an object.
30-01-2023 11:46:09:DBManager:connection_data:Object reference not set to an instance of an object.
30-01-2023 11:46:09:DBManager:connection_data:Object reference not set to an instance of an object.
30-01-2023 11:46:09:DBManager:connection_data:Object reference not set to an instance of an object.
30-01-2023 11:46:09:DBManager:connection_data:Object reference not set to an instance of an object.
30-01-2023 11:46:09:DBManager:connection_data:Object reference not set to an instance of an object.
30-01-2023 11:46:09:DBManager:connection_data:Object reference not set to an instance of an object.
30-01-2023 11:46:09:DBManager:connection_data:Object reference not set to an instance of an object.
30-01-2023 11:46:09:DBManager:connection_data:Object reference not set to an instance of an object.
30-01-2023 11:46:09:DBManager:connection_data:Object reference not set to an instance of an object.
30-01-2023 11:46:09:DBManager:connection_data:Object reference not set to an instance of an object.
30-01-2023 11:46:09:DBManager:connection_data:Object reference not set to an instance of an object.
30-01-2023 11:46:09:DBManager:connection_data:Object reference not set to an instance of an object.
30-01-2023 11:46:09:DBManager:connection_data:Object reference not set to an instance of an object.
30-01-2023 11:46:09:DBManager:connection_data:Object reference not set to an instance of an object.
30-01-2023 11:46:09:DBManager:connection_data:Object reference not set to an instance of an object.
30-01-2023 11:46:09:DBManager:connection_data:Object reference not set to an instance of an object.
30-01-2023 11:46:09:DBManager:connection_data:Object reference not set to an instance of an object.
30-01-2023 11:46:09:DBManager:connection_data:Object reference not set to an instance of an object.
30-01-2023 11:46:09:DBManager:connection_data:Object reference not set to an instance of an object.
30-01-2023 11:46:09:DBManager:connection_data:Object reference not set to an instance of an object.
30-01-2023 11:46:09:DBManager:connection_data:Object reference not set to an instance of an object.
30-01-2023 11:46:09:DBManager:connection_data:Object reference not set to an instance of an object.
30-01-2023 11:46:09:DBManager:connection_data:Object reference not set to an instance of an object.
30-01-2023 11:46:09:DBManager:connection_data:Object reference not set to an instance of an object.
30-01-2023 11:46:09:DBManager:connection_data:Object reference not set to an instance of an object.
30-01-2023 11:46:09:DBManager:connection_data:Object reference not set to an instance of an object.
30-01-2023 11:46:09:DBManager:connection_data:Object reference not set to an instance of an object.
30-01-2023 11:46:09:DBManager:connection_data:Object reference not set to an instance of an object.
30-01-2023 11:46:09:DBManager:connection_data:Object reference not set to an instance of an object.
30-01-2023 11:46:09:DBManager:connection_data:Object reference not set to an instance of an object.
30-01-2023 11:46:09:DBManager:connection_data:Object reference not set to an instance of an object.
30-01-2023 11:46:09:DBManager:connection_data:Object reference not set to an instance of an object.
30-01-2023 11:46:09:DBManager:connection_data:Object reference not set to an instance of an object.
30-01-2023 11:46:09:DBManager:connection_data:Object reference not set to an instance of an object.
30-01-2023 11:46:09:DBManager:connection_data:Object reference not set to an instance of an object.
30-01-2023 11:46:09:DBManager:connection_data:Object reference not set to an instance of an object.
30-01-2023 11:46:09:DBManager:connection_data:Object reference not set to an instance of an object.
30-01-2023 11:46:09:DBManager:connection_data:Object reference not set to an instance of an object.
30-01-2023 11:46:09:DBManager:connection_data:Object reference not set to an instance of an object.
30-01-2023 11:46:09:DBManager:connection_data:Object reference not set to an instance of an object.
30-01-2023 11:46:15:DBManager:connection_data:Object reference not set to an instance of an object.
30-01-2023 11:46:15:DBManager:connection_data:Object reference not set to an instance of an object.
30-01-2023 11:46:15:DBManager:connection_data:Object reference not set to an instance of an object.
30-01-2023 11:46:15:DBManager:connection_data:Object reference not set to an instance of an object.
30-01-2023 11:46:15:DBManager:connection_data:Object reference not set to an instance of an object.
30-01-2023 11:46:15:DBManager:connection_data:Object reference not set to an instance of an object.
30-01-2023 11:47:55:DBManager:connection_data:Object reference not set to an instance of an object.
30-01-2023 11:47:55:DBManager:connection_data:Object reference not set to an instance of an object.
30-01-2023 11:47:55:DBManager:connection_data:Object reference not set to an instance of an object.
30-01-2023 11:47:55:DBManager:connection_data:Object reference not set to an instance of an object.
30-01-2023 11:47:55:DBManager:connection_data:Object reference not set to an instance of an object.
30-01-2023 11:47:55:DBManager:connection_data:Object reference not set to an instance of an object.
30-01-2023 11:47:55:DBManager:connection_data:Object reference not set to an instance of an object.
30-01-2023 11:47:55:DBManager:connection_data:Object reference not set to an instance of an object.
30-01-2023 11:47:55:DBManager:connection_data:Object reference not set to an instance of an object.
30-01-2023 11:47:55:DBManager:connection_data:Object reference not set to an instance of an object.
30-01-2023 11:47:55:DBManager:connection_data:Object reference not set to an instance of an object.
30-01-2023 11:47:55:DBManager:connection_data:Object reference not set to an instance of an object.
30-01-2023 11:47:55:DBManager:connection_data:Object reference not set to an instance of an object.
30-01-2023 11:47:55:DBManager:connection_data:Object reference not set to an instance of an object.
30-01-2023 11:47:55:DBManager:connection_data:Object reference not set to an instance of an object.
30-01-2023 11:47:55:DBManager:connection_data:Object reference not set to an instance of an object.
30-01-2023 11:47:55:DBManager:connection_data:Object reference not set to an instance of an object.
30-01-2023 11:47:55:DBManager:connection_data:Object reference not set to an instance of an object.
30-01-2023 11:47:55:DBManager:connection_data:Object reference not set to an instance of an object.
30-01-2023 11:47:55:DBManager:connection_data:Object reference not set to an instance of an object.
30-01-2023 11:47:55:DBManager:connection_data:Object reference not set to an instance of an object.
30-01-2023 11:47:55:DBManager:connection_data:Object reference not set to an instance of an object.
30-01-2023 11:47:55:DBManager:connection_data:Object reference not set to an instance of an object.
30-01-2023 11:47:55:DBManager:connection_data:Object reference not set to an instance of an object.
30-01-2023 11:47:55:DBManager:connection_data:Object reference not set to an instance of an object.
30-01-2023 11:47:55:DBManager:connection_data:Object reference not set to an instance of an object.
30-01-2023 11:47:55:DBManager:connection_data:Object reference not set to an instance of an object.
30-01-2023 11:47:55:DBManager:connection_data:Object reference not set to an instance of an object.
30-01-2023 11:47:55:DBManager:connection_data:Object reference not set to an instance of an object.
30-01-2023 11:47:55:DBManager:connection_data:Object reference not set to an instance of an object.
30-01-2023 11:47:55:DBManager:connection_data:Object reference not set to an instance of an object.
30-01-2023 11:47:55:DBManager:connection_data:Object reference not set to an instance of an object.
30-01-2023 11:47:55:DBManager:connection_data:Object reference not set to an instance of an object.
30-01-2023 11:47:55:DBManager:connection_data:Object reference not set to an instance of an object.
30-01-2023 11:47:55:DBManager:connection_data:Object reference not set to an instance of an object.
30-01-2023 11:47:55:DBManager:connection_data:Object reference not set to an instance of an object.
30-01-2023 11:47:55:DBManager:connection_data:Object reference not set to an instance of an object.
30-01-2023 11:47:55:DBManager:connection_data:Object reference not set to an instance of an object.
30-01-2023 11:47:55:DBManager:connection_data:Object reference not set to an instance of an object.
30-01-2023 11:47:55:DBManager:connection_data:Object reference not set to an instance of an object.
30-01-2023 11:47:55:DBManager:connection_data:Object reference not set to an instance of an object.
30-01-2023 11:47:55:DBManager:connection_data:Object reference not set to an instance of an object.
30-01-2023 11:47:55:DBManager:connection_data:Object reference not set to an instance of an object.
30-01-2023 11:47:55:DBManager:connection_data:Object reference not set to an instance of an object.
30-01-2023 11:47:55:DBManager:connection_data:Object reference not set to an instance of an object.
30-01-2023 11:47:55:DBManager:connection_data:Object reference not set to an instance of an object.
30-01-2023 11:47:55:DBManager:connection_data:Object reference not set to an instance of an object.
30-01-2023 11:47:55:DBManager:connection_data:Object reference not set to an instance of an object.
30-01-2023 11:47:55:DBManager:connection_data:Object reference not set to an instance of an object.
30-01-2023 11:47:55:DBManager:connection_data:Object reference not set to an instance of an object.
30-01-2023 11:47:55:DBManager:connection_data:Object reference not set to an instance of an object.
30-01-2023 11:47:55:DBManager:connection_data:Object reference not set to an instance of an object.
30-01-2023 11:47:55:DBManager:connection_data:Object reference not set to an instance of an object.
30-01-2023 11:47:55:DBManager:connection_data:Object reference not set to an instance of an object.
30-01-2023 11:47:55:DBManager:connection_data:Object reference not set to an instance of an object.
30-01-2023 11:47:55:DBManager:connection_data:Object reference not set to an instance of an object.
30-01-2023 11:47:55:DBManager:connection_data:Object reference not set to an instance of an object.
30-01-2023 11:47:55:DBManager:connection_data:Object reference not set to an instance of an object.
30-01-2023 11:47:55:DBManager:connection_data:Object reference not set to an instance of an object.
30-01-2023 11:47:55:DBManager:connection_data:Object reference not set to an instance of an object.
30-01-2023 11:47:55:DBManager:connection_data:Object reference not set to an instance of an object.
30-01-2023 11:47:55:DBManager:connection_data:Object reference not set to an instance of an object.
30-01-2023 11:47:55:DBManager:connection_data:Object reference not set to an instance of an object.
30-01-2023 11:47:55:DBManager:connection_data:Object reference not set to an instance of an object.
30-01-2023 11:47:55:DBManager:connection_data:Object reference not set to an instance of an object.
30-01-2023 11:47:55:DBManager:connection_data:Object reference not set to an instance of an object.
30-01-2023 11:47:55:DBManager:connection_data:Object reference not set to an instance of an object.
30-01-2023 11:47:55:DBManager:connection_data:Object reference not set to an instance of an object.
30-01-2023 11:47:55:DBManager:connection_data:Object reference not set to an instance of an object.
30-01-2023 11:47:55:DBManager:connection_data:Object reference not set to an instance of an object.
30-01-2023 11:47:55:DBManager:connection_data:Object reference not set to an instance of an object.
30-01-2023 11:47:55:DBManager:connection_data:Object reference not set to an instance of an object.
30-01-2023 11:47:55:DBManager:connection_data:Object reference not set to an instance of an object.
30-01-2023 11:47:55:DBManager:connection_data:Object reference not set to an instance of an object.
30-01-2023 11:47:55:DBManager:connection_data:Object reference not set to an instance of an object.
30-01-2023 11:47:55:DBManager:connection_data:Object reference not set to an instance of an object.
30-01-2023 11:47:55:DBManager:connection_data:Object reference not set to an instance of an object.
30-01-2023 11:47:55:DBManager:connection_data:Object reference not set to an instance of an object.
30-01-2023 11:47:55:DBManager:connection_data:Object reference not set to an instance of an object.
30-01-2023 11:47:55:DBManager:connection_data:Object reference not set to an instance of an object.
30-01-2023 11:47:55:DBManager:connection_data:Object reference not set to an instance of an object.
30-01-2023 11:47:55:DBManager:connection_data:Object reference not set to an instance of an object.
30-01-2023 11:47:55:DBManager:connection_data:Object reference not set to an instance of an object.
30-01-2023 11:47:55:DBManager:connection_data:Object reference not set to an instance of an object.
30-01-2023 11:47:55:DBManager:connection_data:Object reference not set to an instance of an object.
30-01-2023 11:47:55:DBManager:connection_data:Object reference not set to an instance of an object.
30-01-2023 11:47:55:DBManager:connection_data:Object reference not set to an instance of an object.
30-01-2023 11:47:55:DBManager:connection_data:Object reference not set to an instance of an object.
30-01-2023 11:47:55:DBManager:connection_data:Object reference not set to an instance of an object.
30-01-2023 11:48:06:DBManager:connection_data:Object reference not set to an instance of an object.
30-01-2023 11:48:06:DBManager:connection_data:Object reference not set to an instance of an object.
30-01-2023 11:48:06:DBManager:connection_data:Object reference not set to an instance of an object.
30-01-2023 11:48:06:DBManager:connection_data:Object reference not set to an instance of an object.
30-01-2023 11:48:06:DBManager:connection_data:Object reference not set to an instance of an object.
30-01-2023 11:48:06:DBManager:connection_data:Object reference not set to an instance of an object.
30-01-2023 11:48:06:DBManager:connection_data:Object reference not set to an instance of an object.
30-01-2023 11:48:06:DBManager:connection_data:Object reference not set to an instance of an object.
30-01-2023 11:48:06:DBManager:connection_data:Object reference not set to an instance of an object.
30-01-2023 11:48:06:DBManager:connection_data:Object reference not set to an instance of an object.
30-01-2023 11:48:06:DBManager:connection_data:Object reference not set to an instance of an object.
30-01-2023 11:48:06:DBManager:connection_data:Object reference not set to an instance of an object.
30-01-2023 11:48:06:DBManager:connection_data:Object reference not set to an instance of an object.
30-01-2023 11:48:06:DBManager:connection_data:Object reference not set to an instance of an object.
30-01-2023 11:48:06:DBManager:connection_data:Object reference not set to an instance of an object.
30-01-2023 11:48:06:DBManager:connection_data:Object reference not set to an instance of an object.
30-01-2023 11:48:06:DBManager:connection_data:Object reference not set to an instance of an object.
30-01-2023 11:48:06:DBManager:connection_data:Object reference not set to an instance of an object.
30-01-2023 11:48:06:DBManager:connection_data:Object reference not set to an instance of an object.
30-01-2023 11:48:06:DBManager:connection_data:Object reference not set to an instance of an object.
30-01-2023 11:48:06:DBManager:connection_data:Object reference not set to an instance of an object.
30-01-2023 11:48:06:DBManager:connection_data:Object reference not set to an instance of an object.
30-01-2023 11:48:06:DBManager:connection_data:Object reference not set to an instance of an object.
30-01-2023 11:48:06:DBManager:connection_data:Object reference not set to an instance of an object.
30-01-2023 11:48:06:DBManager:connection_data:Object reference not set to an instance of an object.
30-01-2023 11:48:06:DBManager:connection_data:Object reference not set to an instance of an object.
30-01-2023 11:48:06:DBManager:connection_data:Object reference not set to an instance of an object.
30-01-2023 11:48:06:DBManager:connection_data:Object reference not set to an instance of an object.
30-01-2023 11:48:06:DBManager:connection_data:Object reference not set to an instance of an object.
30-01-2023 11:48:06:DBManager:connection_data:Object reference not set to an instance of an object.
30-01-2023 11:48:06:DBManager:connection_data:Object reference not set to an instance of an object.
30-01-2023 11:48:06:DBManager:connection_data:Object reference not set to an instance of an object.
30-01-2023 11:48:06:DBManager:connection_data:Object reference not set to an instance of an object.
30-01-2023 11:48:06:DBManager:connection_data:Object reference not set to an instance of an object.
30-01-2023 11:48:06:DBManager:connection_data:Object reference not set to an instance of an object.
30-01-2023 11:48:06:DBManager:connection_data:Object reference not set to an instance of an object.
30-01-2023 11:48:06:DBManager:connection_data:Object reference not set to an instance of an object.
30-01-2023 11:48:06:DBManager:connection_data:Object reference not set to an instance of an object.
30-01-2023 11:48:06:DBManager:connection_data:Object reference not set to an instance of an object.
30-01-2023 11:48:06:DBManager:connection_data:Object reference not set to an instance of an object.
30-01-2023 11:48:06:DBManager:connection_data:Object reference not set to an instance of an object.
30-01-2023 11:48:06:DBManager:connection_data:Object reference not set to an instance of an object.
30-01-2023 11:48:06:DBManager:connection_data:Object reference not set to an instance of an object.
30-01-2023 11:48:06:DBManager:connection_data:Object reference not set to an instance of an object.
30-01-2023 11:48:06:DBManager:connection_data:Object reference not set to an instance of an object.
30-01-2023 11:48:06:DBManager:connection_data:Object reference not set to an instance of an object.
30-01-2023 11:48:06:DBManager:connection_data:Object reference not set to an instance of an object.
30-01-2023 11:48:06:DBManager:connection_data:Object reference not set to an instance of an object.
30-01-2023 11:48:06:DBManager:connection_data:Object reference not set to an instance of an object.
30-01-2023 11:48:06:DBManager:connection_data:Object reference not set to an instance of an object.
30-01-2023 11:48:06:DBManager:connection_data:Object reference not set to an instance of an object.
30-01-2023 11:48:06:DBManager:connection_data:Object reference not set to an instance of an object.
30-01-2023 11:48:06:DBManager:connection_data:Object reference not set to an instance of an object.
30-01-2023 11:48:06:DBManager:connection_data:Object reference not set to an instance of an object.
30-01-2023 11:48:06:DBManager:connection_data:Object reference not set to an instance of an object.
30-01-2023 11:48:06:DBManager:connection_data:Object reference not set to an instance of an object.
30-01-2023 11:48:06:DBManager:connection_data:Object reference not set to an instance of an object.
30-01-2023 11:48:06:DBManager:connection_data:Object reference not set to an instance of an object.
30-01-2023 11:48:06:DBManager:connection_data:Object reference not set to an instance of an object.
30-01-2023 11:48:06:DBManager:connection_data:Object reference not set to an instance of an object.
30-01-2023 11:48:06:DBManager:connection_data:Object reference not set to an instance of an object.
30-01-2023 11:48:06:DBManager:connection_data:Object reference not set to an instance of an object.
30-01-2023 11:48:06:DBManager:connection_data:Object reference not set to an instance of an object.
30-01-2023 11:48:06:DBManager:connection_data:Object reference not set to an instance of an object.
30-01-2023 11:48:06:DBManager:connection_data:Object reference not set to an instance of an object.
30-01-2023 11:48:06:DBManager:connection_data:Object reference not set to an instance of an object.
30-01-2023 11:48:06:DBManager:connection_data:Object reference not set to an instance of an object.
30-01-2023 11:48:06:DBManager:connection_data:Object reference not set to an instance of an object.
30-01-2023 11:48:06:DBManager:connection_data:Object reference not set to an instance of an object.
30-01-2023 11:48:06:DBManager:connection_data:Object reference not set to an instance of an object.
30-01-2023 11:48:06:DBManager:connection_data:Object reference not set to an instance of an object.
30-01-2023 11:48:06:DBManager:connection_data:Object reference not set to an instance of an object.
30-01-2023 11:48:06:DBManager:connection_data:Object reference not set to an instance of an object.
30-01-2023 11:48:06:DBManager:connection_data:Object reference not set to an instance of an object.
30-01-2023 11:48:06:DBManager:connection_data:Object reference not set to an instance of an object.
30-01-2023 11:48:06:DBManager:connection_data:Object reference not set to an instance of an object.
30-01-2023 11:48:06:DBManager:connection_data:Object reference not set to an instance of an object.
30-01-2023 11:48:06:DBManager:connection_data:Object reference not set to an instance of an object.
30-01-2023 11:48:06:DBManager:connection_data:Object reference not set to an instance of an object.
30-01-2023 11:48:06:DBManager:connection_data:Object reference not set to an instance of an object.
30-01-2023 11:48:06:DBManager:connection_data:Object reference not set to an instance of an object.
30-01-2023 11:48:06:DBManager:connection_data:Object reference not set to an instance of an object.
30-01-2023 11:48:06:DBManager:connection_data:Object reference not set to an instance of an object.
30-01-2023 13:34:26:DBManager:connection_data:Object reference not set to an instance of an object.
30-01-2023 13:34:26:DBManager:connection_data:Object reference not set to an instance of an object.
30-01-2023 13:34:26:DBManager:connection_data:Object reference not set to an instance of an object.
30/01/2023 1:34:26 PM:SignIn:btnLogIn_Click:test
30-01-2023 13:35:59:DBManager:connection_data:Object reference not set to an instance of an object.
30-01-2023 13:35:59:DBManager:connection_data:Object reference not set to an instance of an object.
30-01-2023 13:35:59:DBManager:connection_data:Object reference not set to an instance of an object.
30/01/2023 1:35:59 PM:SignIn:btnLogIn_Click:test
30/01/2023 1:35:59 PM:SignIn:btnLogIn_Click4:
30/01/2023 1:35:59 PM:SignIn:btnLogIn_Click5:
30/01/2023 1:35:59 PM:SignIn:btnLogIn_Click7:
30/01/2023 1:35:59 PM:SignIn:btnLogIn_Click8:
30-01-2023 13:36:05:DBManager:connection_data:Object reference not set to an instance of an object.
30-01-2023 13:36:05:DBManager:connection_data:Object reference not set to an instance of an object.
30-01-2023 13:36:05:DBManager:connection_data:Object reference not set to an instance of an object.
30/01/2023 1:36:05 PM:SignIn:btnLogIn_Click:test
30/01/2023 1:36:05 PM:SignIn:btnLogIn_Click4:
30/01/2023 1:36:05 PM:SignIn:btnLogIn_Click5:
30/01/2023 1:36:05 PM:SignIn:btnLogIn_Click7:
30/01/2023 1:36:05 PM:SignIn:btnLogIn_Click8:
30/01/2023 1:36:05 PM:ClsDataccess:Getdatatable:The ConnectionString property has not been initialized.
30-01-2023 13:36:06:DBManager:connection_data:Object reference not set to an instance of an object.
30-01-2023 13:36:06:DBManager:connection_data:Object reference not set to an instance of an object.
30-01-2023 13:36:06:DBManager:connection_data:Object reference not set to an instance of an object.
30-01-2023 13:36:06:DBManager:connection_data:Object reference not set to an instance of an object.
30-01-2023 13:36:06:DBManager:connection_data:Object reference not set to an instance of an object.
30-01-2023 13:36:06:DBManager:connection_data:Object reference not set to an instance of an object.
30-01-2023 13:36:06:DBManager:connection_data:Object reference not set to an instance of an object.
30-01-2023 13:36:06:DBManager:connection_data:Object reference not set to an instance of an object.
30-01-2023 13:36:06:DBManager:connection_data:Object reference not set to an instance of an object.
30-01-2023 13:36:06:DBManager:connection_data:Object reference not set to an instance of an object.
30-01-2023 13:36:06:DBManager:connection_data:Object reference not set to an instance of an object.
30-01-2023 13:36:06:DBManager:connection_data:Object reference not set to an instance of an object.
30-01-2023 13:36:06:DBManager:connection_data:Object reference not set to an instance of an object.
30-01-2023 13:36:06:DBManager:connection_data:Object reference not set to an instance of an object.
30-01-2023 13:36:06:DBManager:connection_data:Object reference not set to an instance of an object.
30-01-2023 13:36:06:DBManager:connection_data:Object reference not set to an instance of an object.
30-01-2023 13:36:06:DBManager:connection_data:Object reference not set to an instance of an object.
30-01-2023 13:36:06:DBManager:connection_data:Object reference not set to an instance of an object.
30-01-2023 13:36:06:DBManager:connection_data:Object reference not set to an instance of an object.
30-01-2023 13:36:06:DBManager:connection_data:Object reference not set to an instance of an object.
30-01-2023 13:36:06:DBManager:connection_data:Object reference not set to an instance of an object.
30-01-2023 13:36:06:DBManager:connection_data:Object reference not set to an instance of an object.
30-01-2023 13:36:06:DBManager:connection_data:Object reference not set to an instance of an object.
30-01-2023 13:36:06:DBManager:connection_data:Object reference not set to an instance of an object.
30-01-2023 13:36:06:DBManager:connection_data:Object reference not set to an instance of an object.
30-01-2023 13:36:06:DBManager:connection_data:Object reference not set to an instance of an object.
30-01-2023 13:36:06:DBManager:connection_data:Object reference not set to an instance of an object.
30-01-2023 13:36:06:DBManager:connection_data:Object reference not set to an instance of an object.
30-01-2023 13:36:06:DBManager:connection_data:Object reference not set to an instance of an object.
30-01-2023 13:36:06:DBManager:connection_data:Object reference not set to an instance of an object.
30-01-2023 13:36:06:DBManager:connection_data:Object reference not set to an instance of an object.
30-01-2023 13:36:06:DBManager:connection_data:Object reference not set to an instance of an object.
30-01-2023 13:36:06:DBManager:connection_data:Object reference not set to an instance of an object.
30-01-2023 13:36:06:DBManager:connection_data:Object reference not set to an instance of an object.
30-01-2023 13:36:06:DBManager:connection_data:Object reference not set to an instance of an object.
30-01-2023 13:36:06:DBManager:connection_data:Object reference not set to an instance of an object.
30-01-2023 13:36:06:DBManager:connection_data:Object reference not set to an instance of an object.
30-01-2023 13:36:06:DBManager:connection_data:Object reference not set to an instance of an object.
30-01-2023 13:36:06:DBManager:connection_data:Object reference not set to an instance of an object.
30-01-2023 13:36:06:DBManager:connection_data:Object reference not set to an instance of an object.
30-01-2023 13:36:06:DBManager:connection_data:Object reference not set to an instance of an object.
30-01-2023 13:36:06:DBManager:connection_data:Object reference not set to an instance of an object.
30-01-2023 13:36:06:DBManager:connection_data:Object reference not set to an instance of an object.
30-01-2023 13:36:06:DBManager:connection_data:Object reference not set to an instance of an object.
30-01-2023 13:36:06:DBManager:connection_data:Object reference not set to an instance of an object.
30-01-2023 13:36:06:DBManager:connection_data:Object reference not set to an instance of an object.
30-01-2023 13:36:06:DBManager:connection_data:Object reference not set to an instance of an object.
30-01-2023 13:36:06:DBManager:connection_data:Object reference not set to an instance of an object.
30-01-2023 13:36:06:DBManager:connection_data:Object reference not set to an instance of an object.
30-01-2023 13:36:06:DBManager:connection_data:Object reference not set to an instance of an object.
30-01-2023 13:36:06:DBManager:connection_data:Object reference not set to an instance of an object.
30-01-2023 13:36:06:DBManager:connection_data:Object reference not set to an instance of an object.
30-01-2023 13:36:06:DBManager:connection_data:Object reference not set to an instance of an object.
30-01-2023 13:36:06:DBManager:connection_data:Object reference not set to an instance of an object.
30-01-2023 13:36:06:DBManager:connection_data:Object reference not set to an instance of an object.
30-01-2023 13:36:06:DBManager:connection_data:Object reference not set to an instance of an object.
30-01-2023 13:36:06:DBManager:connection_data:Object reference not set to an instance of an object.
30-01-2023 13:36:06:DBManager:connection_data:Object reference not set to an instance of an object.
30-01-2023 13:36:06:DBManager:connection_data:Object reference not set to an instance of an object.
30-01-2023 13:36:06:DBManager:connection_data:Object reference not set to an instance of an object.
30-01-2023 13:36:06:DBManager:connection_data:Object reference not set to an instance of an object.
30-01-2023 13:36:06:DBManager:connection_data:Object reference not set to an instance of an object.
30-01-2023 13:36:06:DBManager:connection_data:Object reference not set to an instance of an object.
30-01-2023 13:36:06:DBManager:connection_data:Object reference not set to an instance of an object.
30-01-2023 13:36:06:DBManager:connection_data:Object reference not set to an instance of an object.
30-01-2023 13:36:06:DBManager:connection_data:Object reference not set to an instance of an object.
30-01-2023 13:36:06:DBManager:connection_data:Object reference not set to an instance of an object.
30-01-2023 13:36:06:DBManager:connection_data:Object reference not set to an instance of an object.
30-01-2023 13:36:06:DBManager:connection_data:Object reference not set to an instance of an object.
30-01-2023 13:36:06:DBManager:connection_data:Object reference not set to an instance of an object.
30-01-2023 13:36:06:DBManager:connection_data:Object reference not set to an instance of an object.
30-01-2023 13:36:06:DBManager:connection_data:Object reference not set to an instance of an object.
30-01-2023 13:36:06:DBManager:connection_data:Object reference not set to an instance of an object.
30-01-2023 13:36:06:DBManager:connection_data:Object reference not set to an instance of an object.
30-01-2023 13:36:06:DBManager:connection_data:Object reference not set to an instance of an object.
30-01-2023 13:36:06:DBManager:connection_data:Object reference not set to an instance of an object.
30-01-2023 13:36:06:DBManager:connection_data:Object reference not set to an instance of an object.
30-01-2023 13:36:23:DBManager:connection_data:Object reference not set to an instance of an object.
30-01-2023 13:36:23:DBManager:connection_data:Object reference not set to an instance of an object.
30-01-2023 13:36:23:DBManager:connection_data:Object reference not set to an instance of an object.
30-01-2023 13:36:23:DBManager:connection_data:Object reference not set to an instance of an object.
30-01-2023 13:36:23:DBManager:connection_data:Object reference not set to an instance of an object.
30-01-2023 13:36:23:DBManager:connection_data:Object reference not set to an instance of an object.
30-01-2023 13:36:23:DBManager:connection_data:Object reference not set to an instance of an object.
30-01-2023 13:36:23:DBManager:connection_data:Object reference not set to an instance of an object.
30-01-2023 13:36:23:DBManager:connection_data:Object reference not set to an instance of an object.
30-01-2023 13:36:23:DBManager:connection_data:Object reference not set to an instance of an object.
30-01-2023 13:36:23:DBManager:connection_data:Object reference not set to an instance of an object.
30-01-2023 13:36:23:DBManager:connection_data:Object reference not set to an instance of an object.
30-01-2023 13:36:23:DBManager:connection_data:Object reference not set to an instance of an object.
30-01-2023 13:36:23:DBManager:connection_data:Object reference not set to an instance of an object.
30-01-2023 13:36:23:DBManager:connection_data:Object reference not set to an instance of an object.
30-01-2023 13:36:23:DBManager:connection_data:Object reference not set to an instance of an object.
30-01-2023 13:36:23:DBManager:connection_data:Object reference not set to an instance of an object.
30-01-2023 13:36:23:DBManager:connection_data:Object reference not set to an instance of an object.
30-01-2023 13:36:23:DBManager:connection_data:Object reference not set to an instance of an object.
30-01-2023 13:36:23:DBManager:connection_data:Object reference not set to an instance of an object.
30-01-2023 13:36:23:DBManager:connection_data:Object reference not set to an instance of an object.
30-01-2023 13:36:23:DBManager:connection_data:Object reference not set to an instance of an object.
30-01-2023 13:36:23:DBManager:connection_data:Object reference not set to an instance of an object.
30-01-2023 13:36:23:DBManager:connection_data:Object reference not set to an instance of an object.
30-01-2023 13:36:23:DBManager:connection_data:Object reference not set to an instance of an object.
30-01-2023 13:36:23:DBManager:connection_data:Object reference not set to an instance of an object.
30-01-2023 13:36:23:DBManager:connection_data:Object reference not set to an instance of an object.
30-01-2023 13:36:23:DBManager:connection_data:Object reference not set to an instance of an object.
30-01-2023 13:36:23:DBManager:connection_data:Object reference not set to an instance of an object.
30-01-2023 13:36:23:DBManager:connection_data:Object reference not set to an instance of an object.
30-01-2023 13:36:23:DBManager:connection_data:Object reference not set to an instance of an object.
30-01-2023 13:36:23:DBManager:connection_data:Object reference not set to an instance of an object.
30-01-2023 13:36:23:DBManager:connection_data:Object reference not set to an instance of an object.
30-01-2023 13:36:23:DBManager:connection_data:Object reference not set to an instance of an object.
30-01-2023 13:36:23:DBManager:connection_data:Object reference not set to an instance of an object.
30-01-2023 13:36:23:DBManager:connection_data:Object reference not set to an instance of an object.
30-01-2023 13:36:23:DBManager:connection_data:Object reference not set to an instance of an object.
30-01-2023 13:36:23:DBManager:connection_data:Object reference not set to an instance of an object.
30-01-2023 13:36:23:DBManager:connection_data:Object reference not set to an instance of an object.
30-01-2023 13:36:23:DBManager:connection_data:Object reference not set to an instance of an object.
30-01-2023 13:36:23:DBManager:connection_data:Object reference not set to an instance of an object.
30-01-2023 13:36:23:DBManager:connection_data:Object reference not set to an instance of an object.
30-01-2023 13:36:23:DBManager:connection_data:Object reference not set to an instance of an object.
30-01-2023 13:36:23:DBManager:connection_data:Object reference not set to an instance of an object.
30-01-2023 13:36:23:DBManager:connection_data:Object reference not set to an instance of an object.
30-01-2023 13:36:23:DBManager:connection_data:Object reference not set to an instance of an object.
30-01-2023 13:36:23:DBManager:connection_data:Object reference not set to an instance of an object.
30-01-2023 13:36:23:DBManager:connection_data:Object reference not set to an instance of an object.
30-01-2023 13:36:23:DBManager:connection_data:Object reference not set to an instance of an object.
30-01-2023 13:36:23:DBManager:connection_data:Object reference not set to an instance of an object.
30-01-2023 13:36:23:DBManager:connection_data:Object reference not set to an instance of an object.
30-01-2023 13:36:23:DBManager:connection_data:Object reference not set to an instance of an object.
30-01-2023 13:36:23:DBManager:connection_data:Object reference not set to an instance of an object.
30-01-2023 13:36:23:DBManager:connection_data:Object reference not set to an instance of an object.
30-01-2023 13:36:23:DBManager:connection_data:Object reference not set to an instance of an object.
30-01-2023 13:36:23:DBManager:connection_data:Object reference not set to an instance of an object.
30-01-2023 13:36:23:DBManager:connection_data:Object reference not set to an instance of an object.
30-01-2023 13:36:23:DBManager:connection_data:Object reference not set to an instance of an object.
30-01-2023 13:36:23:DBManager:connection_data:Object reference not set to an instance of an object.
30-01-2023 13:36:23:DBManager:connection_data:Object reference not set to an instance of an object.
30-01-2023 13:36:23:DBManager:connection_data:Object reference not set to an instance of an object.
30-01-2023 13:36:23:DBManager:connection_data:Object reference not set to an instance of an object.
30-01-2023 13:36:23:DBManager:connection_data:Object reference not set to an instance of an object.
30-01-2023 13:36:23:DBManager:connection_data:Object reference not set to an instance of an object.
30-01-2023 13:36:23:DBManager:connection_data:Object reference not set to an instance of an object.
30-01-2023 13:36:23:DBManager:connection_data:Object reference not set to an instance of an object.
30-01-2023 13:36:23:DBManager:connection_data:Object reference not set to an instance of an object.
30-01-2023 13:36:23:DBManager:connection_data:Object reference not set to an instance of an object.
30-01-2023 13:36:23:DBManager:connection_data:Object reference not set to an instance of an object.
30-01-2023 13:36:23:DBManager:connection_data:Object reference not set to an instance of an object.
30-01-2023 13:36:23:DBManager:connection_data:Object reference not set to an instance of an object.
30-01-2023 13:36:23:DBManager:connection_data:Object reference not set to an instance of an object.
30-01-2023 13:36:23:DBManager:connection_data:Object reference not set to an instance of an object.
30-01-2023 13:36:23:DBManager:connection_data:Object reference not set to an instance of an object.
30-01-2023 13:36:23:DBManager:connection_data:Object reference not set to an instance of an object.
30-01-2023 13:36:23:DBManager:connection_data:Object reference not set to an instance of an object.
30-01-2023 13:36:23:DBManager:connection_data:Object reference not set to an instance of an object.
30-01-2023 13:36:23:DBManager:connection_data:Object reference not set to an instance of an object.
30-01-2023 13:36:23:DBManager:connection_data:Object reference not set to an instance of an object.
30-01-2023 13:36:23:DBManager:connection_data:Object reference not set to an instance of an object.
30-01-2023 13:36:23:DBManager:connection_data:Object reference not set to an instance of an object.
30-01-2023 13:36:23:DBManager:connection_data:Object reference not set to an instance of an object.
30-01-2023 13:36:23:DBManager:connection_data:Object reference not set to an instance of an object.
30-01-2023 13:36:23:DBManager:connection_data:Object reference not set to an instance of an object.
30-01-2023 13:36:23:DBManager:connection_data:Object reference not set to an instance of an object.
30-01-2023 13:36:23:DBManager:connection_data:Object reference not set to an instance of an object.
30-01-2023 13:36:36:DBManager:connection_data:Object reference not set to an instance of an object.
30-01-2023 13:36:36:DBManager:connection_data:Object reference not set to an instance of an object.
30-01-2023 13:36:36:DBManager:connection_data:Object reference not set to an instance of an object.
30-01-2023 13:36:36:DBManager:connection_data:Object reference not set to an instance of an object.
30-01-2023 13:36:36:DBManager:connection_data:Object reference not set to an instance of an object.
30-01-2023 13:36:36:DBManager:connection_data:Object reference not set to an instance of an object.
30-01-2023 13:36:36:DBManager:connection_data:Object reference not set to an instance of an object.
30-01-2023 13:36:36:DBManager:connection_data:Object reference not set to an instance of an object.
30-01-2023 13:36:36:DBManager:connection_data:Object reference not set to an instance of an object.
30-01-2023 13:36:36:DBManager:connection_data:Object reference not set to an instance of an object.
30-01-2023 13:36:36:DBManager:connection_data:Object reference not set to an instance of an object.
30-01-2023 13:36:36:DBManager:connection_data:Object reference not set to an instance of an object.
30-01-2023 13:36:36:DBManager:connection_data:Object reference not set to an instance of an object.
30-01-2023 13:36:36:DBManager:connection_data:Object reference not set to an instance of an object.
30-01-2023 13:36:36:DBManager:connection_data:Object reference not set to an instance of an object.
30-01-2023 13:36:36:DBManager:connection_data:Object reference not set to an instance of an object.
30-01-2023 13:36:36:DBManager:connection_data:Object reference not set to an instance of an object.
30-01-2023 13:36:36:DBManager:connection_data:Object reference not set to an instance of an object.
30-01-2023 13:36:36:DBManager:connection_data:Object reference not set to an instance of an object.
30-01-2023 13:36:36:DBManager:connection_data:Object reference not set to an instance of an object.
30-01-2023 13:36:36:DBManager:connection_data:Object reference not set to an instance of an object.
30-01-2023 13:36:36:DBManager:connection_data:Object reference not set to an instance of an object.
30-01-2023 13:36:36:DBManager:connection_data:Object reference not set to an instance of an object.
30-01-2023 13:36:36:DBManager:connection_data:Object reference not set to an instance of an object.
30-01-2023 13:36:36:DBManager:connection_data:Object reference not set to an instance of an object.
30-01-2023 13:36:36:DBManager:connection_data:Object reference not set to an instance of an object.
30-01-2023 13:36:36:DBManager:connection_data:Object reference not set to an instance of an object.
30-01-2023 13:36:36:DBManager:connection_data:Object reference not set to an instance of an object.
30-01-2023 13:36:36:DBManager:connection_data:Object reference not set to an instance of an object.
30-01-2023 13:36:36:DBManager:connection_data:Object reference not set to an instance of an object.
30-01-2023 13:36:36:DBManager:connection_data:Object reference not set to an instance of an object.
30-01-2023 13:36:36:DBManager:connection_data:Object reference not set to an instance of an object.
30-01-2023 13:36:36:DBManager:connection_data:Object reference not set to an instance of an object.
30-01-2023 13:36:36:DBManager:connection_data:Object reference not set to an instance of an object.
30-01-2023 13:36:36:DBManager:connection_data:Object reference not set to an instance of an object.
30-01-2023 13:36:36:DBManager:connection_data:Object reference not set to an instance of an object.
30-01-2023 13:36:36:DBManager:connection_data:Object reference not set to an instance of an object.
30-01-2023 13:36:36:DBManager:connection_data:Object reference not set to an instance of an object.
30-01-2023 13:36:36:DBManager:connection_data:Object reference not set to an instance of an object.
30-01-2023 13:36:36:DBManager:connection_data:Object reference not set to an instance of an object.
30-01-2023 13:36:36:DBManager:connection_data:Object reference not set to an instance of an object.
30-01-2023 13:36:36:DBManager:connection_data:Object reference not set to an instance of an object.
30-01-2023 13:36:36:DBManager:connection_data:Object reference not set to an instance of an object.
30-01-2023 13:36:36:DBManager:connection_data:Object reference not set to an instance of an object.
30-01-2023 13:36:36:DBManager:connection_data:Object reference not set to an instance of an object.
30-01-2023 13:36:36:DBManager:connection_data:Object reference not set to an instance of an object.
30-01-2023 13:36:36:DBManager:connection_data:Object reference not set to an instance of an object.
30-01-2023 13:36:36:DBManager:connection_data:Object reference not set to an instance of an object.
30-01-2023 13:36:36:DBManager:connection_data:Object reference not set to an instance of an object.
30-01-2023 13:36:36:DBManager:connection_data:Object reference not set to an instance of an object.
30-01-2023 13:36:36:DBManager:connection_data:Object reference not set to an instance of an object.
30-01-2023 13:36:36:DBManager:connection_data:Object reference not set to an instance of an object.
30-01-2023 13:36:36:DBManager:connection_data:Object reference not set to an instance of an object.
30-01-2023 13:36:36:DBManager:connection_data:Object reference not set to an instance of an object.
30-01-2023 13:36:36:DBManager:connection_data:Object reference not set to an instance of an object.
30-01-2023 13:36:36:DBManager:connection_data:Object reference not set to an instance of an object.
30-01-2023 13:36:36:DBManager:connection_data:Object reference not set to an instance of an object.
30-01-2023 13:36:36:DBManager:connection_data:Object reference not set to an instance of an object.
30-01-2023 13:36:36:DBManager:connection_data:Object reference not set to an instance of an object.
30-01-2023 13:36:36:DBManager:connection_data:Object reference not set to an instance of an object.
30-01-2023 13:36:36:DBManager:connection_data:Object reference not set to an instance of an object.
30-01-2023 13:36:36:DBManager:connection_data:Object reference not set to an instance of an object.
30-01-2023 13:36:36:DBManager:connection_data:Object reference not set to an instance of an object.
30-01-2023 13:36:36:DBManager:connection_data:Object reference not set to an instance of an object.
30-01-2023 13:36:36:DBManager:connection_data:Object reference not set to an instance of an object.
30-01-2023 13:36:36:DBManager:connection_data:Object reference not set to an instance of an object.
30-01-2023 13:36:36:DBManager:connection_data:Object reference not set to an instance of an object.
30-01-2023 13:36:36:DBManager:connection_data:Object reference not set to an instance of an object.
30-01-2023 13:36:36:DBManager:connection_data:Object reference not set to an instance of an object.
30-01-2023 13:36:36:DBManager:connection_data:Object reference not set to an instance of an object.
30-01-2023 13:36:36:DBManager:connection_data:Object reference not set to an instance of an object.
30-01-2023 13:36:36:DBManager:connection_data:Object reference not set to an instance of an object.
30-01-2023 13:36:36:DBManager:connection_data:Object reference not set to an instance of an object.
30-01-2023 13:36:36:DBManager:connection_data:Object reference not set to an instance of an object.
30-01-2023 13:36:36:DBManager:connection_data:Object reference not set to an instance of an object.
30-01-2023 13:36:36:DBManager:connection_data:Object reference not set to an instance of an object.
30-01-2023 13:36:36:DBManager:connection_data:Object reference not set to an instance of an object.
30-01-2023 13:36:36:DBManager:connection_data:Object reference not set to an instance of an object.
30-01-2023 13:36:36:DBManager:connection_data:Object reference not set to an instance of an object.
30-01-2023 13:36:36:DBManager:connection_data:Object reference not set to an instance of an object.
30-01-2023 13:36:36:DBManager:connection_data:Object reference not set to an instance of an object.
30-01-2023 13:36:36:DBManager:connection_data:Object reference not set to an instance of an object.
30-01-2023 13:36:36:DBManager:connection_data:Object reference not set to an instance of an object.
30-01-2023 13:36:36:DBManager:connection_data:Object reference not set to an instance of an object.
30-01-2023 13:36:36:DBManager:connection_data:Object reference not set to an instance of an object.
30-01-2023 13:36:36:DBManager:connection_data:Object reference not set to an instance of an object.
30-01-2023 13:36:44:DBManager:connection_data:Object reference not set to an instance of an object.
30-01-2023 13:36:44:DBManager:connection_data:Object reference not set to an instance of an object.
30-01-2023 13:36:44:DBManager:connection_data:Object reference not set to an instance of an object.
30-01-2023 13:36:44:DBManager:connection_data:Object reference not set to an instance of an object.
30-01-2023 13:36:44:DBManager:connection_data:Object reference not set to an instance of an object.
30-01-2023 13:36:44:DBManager:connection_data:Object reference not set to an instance of an object.
30-01-2023 13:36:44:DBManager:connection_data:Object reference not set to an instance of an object.
30-01-2023 13:36:44:DBManager:connection_data:Object reference not set to an instance of an object.
30-01-2023 13:36:44:DBManager:connection_data:Object reference not set to an instance of an object.
30-01-2023 13:36:44:DBManager:connection_data:Object reference not set to an instance of an object.
30-01-2023 13:36:44:DBManager:connection_data:Object reference not set to an instance of an object.
30-01-2023 13:36:44:DBManager:connection_data:Object reference not set to an instance of an object.
30-01-2023 13:36:44:DBManager:connection_data:Object reference not set to an instance of an object.
30-01-2023 13:36:44:DBManager:connection_data:Object reference not set to an instance of an object.
30-01-2023 13:36:44:DBManager:connection_data:Object reference not set to an instance of an object.
30-01-2023 13:36:44:DBManager:connection_data:Object reference not set to an instance of an object.
30-01-2023 13:36:44:DBManager:connection_data:Object reference not set to an instance of an object.
30-01-2023 13:36:44:DBManager:connection_data:Object reference not set to an instance of an object.
30-01-2023 13:36:44:DBManager:connection_data:Object reference not set to an instance of an object.
30-01-2023 13:36:44:DBManager:connection_data:Object reference not set to an instance of an object.
30-01-2023 13:36:44:DBManager:connection_data:Object reference not set to an instance of an object.
30-01-2023 13:36:44:DBManager:connection_data:Object reference not set to an instance of an object.
30-01-2023 13:36:44:DBManager:connection_data:Object reference not set to an instance of an object.
30-01-2023 13:36:44:DBManager:connection_data:Object reference not set to an instance of an object.
30-01-2023 13:36:44:DBManager:connection_data:Object reference not set to an instance of an object.
30-01-2023 13:36:44:DBManager:connection_data:Object reference not set to an instance of an object.
30-01-2023 13:36:44:DBManager:connection_data:Object reference not set to an instance of an object.
30-01-2023 13:36:44:DBManager:connection_data:Object reference not set to an instance of an object.
30-01-2023 13:36:44:DBManager:connection_data:Object reference not set to an instance of an object.
30-01-2023 13:36:44:DBManager:connection_data:Object reference not set to an instance of an object.
30-01-2023 13:36:44:DBManager:connection_data:Object reference not set to an instance of an object.
30-01-2023 13:36:44:DBManager:connection_data:Object reference not set to an instance of an object.
30-01-2023 13:36:44:DBManager:connection_data:Object reference not set to an instance of an object.
30-01-2023 13:36:44:DBManager:connection_data:Object reference not set to an instance of an object.
30-01-2023 13:36:44:DBManager:connection_data:Object reference not set to an instance of an object.
30-01-2023 13:36:44:DBManager:connection_data:Object reference not set to an instance of an object.
30-01-2023 13:36:44:DBManager:connection_data:Object reference not set to an instance of an object.
30-01-2023 13:36:44:DBManager:connection_data:Object reference not set to an instance of an object.
30-01-2023 13:36:44:DBManager:connection_data:Object reference not set to an instance of an object.
30-01-2023 13:36:44:DBManager:connection_data:Object reference not set to an instance of an object.
30-01-2023 13:36:44:DBManager:connection_data:Object reference not set to an instance of an object.
30-01-2023 13:36:44:DBManager:connection_data:Object reference not set to an instance of an object.
30-01-2023 13:36:44:DBManager:connection_data:Object reference not set to an instance of an object.
30-01-2023 13:36:44:DBManager:connection_data:Object reference not set to an instance of an object.
30-01-2023 13:36:44:DBManager:connection_data:Object reference not set to an instance of an object.
30-01-2023 13:36:44:DBManager:connection_data:Object reference not set to an instance of an object.
30-01-2023 13:36:44:DBManager:connection_data:Object reference not set to an instance of an object.
30-01-2023 13:36:44:DBManager:connection_data:Object reference not set to an instance of an object.
30-01-2023 13:36:44:DBManager:connection_data:Object reference not set to an instance of an object.
30-01-2023 13:36:44:DBManager:connection_data:Object reference not set to an instance of an object.
30-01-2023 13:36:44:DBManager:connection_data:Object reference not set to an instance of an object.
30-01-2023 13:36:44:DBManager:connection_data:Object reference not set to an instance of an object.
30-01-2023 13:36:44:DBManager:connection_data:Object reference not set to an instance of an object.
30-01-2023 13:36:44:DBManager:connection_data:Object reference not set to an instance of an object.
30-01-2023 13:36:44:DBManager:connection_data:Object reference not set to an instance of an object.
30-01-2023 13:36:44:DBManager:connection_data:Object reference not set to an instance of an object.
30-01-2023 13:36:44:DBManager:connection_data:Object reference not set to an instance of an object.
30-01-2023 13:36:44:DBManager:connection_data:Object reference not set to an instance of an object.
30-01-2023 13:36:44:DBManager:connection_data:Object reference not set to an instance of an object.
30-01-2023 13:36:44:DBManager:connection_data:Object reference not set to an instance of an object.
30-01-2023 13:36:44:DBManager:connection_data:Object reference not set to an instance of an object.
30-01-2023 13:36:44:DBManager:connection_data:Object reference not set to an instance of an object.
30-01-2023 13:36:44:DBManager:connection_data:Object reference not set to an instance of an object.
30-01-2023 13:36:44:DBManager:connection_data:Object reference not set to an instance of an object.
30-01-2023 13:36:44:DBManager:connection_data:Object reference not set to an instance of an object.
30-01-2023 13:36:44:DBManager:connection_data:Object reference not set to an instance of an object.
30-01-2023 13:36:44:DBManager:connection_data:Object reference not set to an instance of an object.
30-01-2023 13:36:44:DBManager:connection_data:Object reference not set to an instance of an object.
30-01-2023 13:36:44:DBManager:connection_data:Object reference not set to an instance of an object.
30-01-2023 13:36:44:DBManager:connection_data:Object reference not set to an instance of an object.
30-01-2023 13:36:44:DBManager:connection_data:Object reference not set to an instance of an object.
30-01-2023 13:36:44:DBManager:connection_data:Object reference not set to an instance of an object.
30-01-2023 13:36:44:DBManager:connection_data:Object reference not set to an instance of an object.
30-01-2023 13:36:44:DBManager:connection_data:Object reference not set to an instance of an object.
30-01-2023 13:36:44:DBManager:connection_data:Object reference not set to an instance of an object.
30-01-2023 13:36:44:DBManager:connection_data:Object reference not set to an instance of an object.
30-01-2023 13:36:44:DBManager:connection_data:Object reference not set to an instance of an object.
30-01-2023 13:36:44:DBManager:connection_data:Object reference not set to an instance of an object.
30-01-2023 13:36:44:DBManager:connection_data:Object reference not set to an instance of an object.
30-01-2023 13:36:44:DBManager:connection_data:Object reference not set to an instance of an object.
30-01-2023 13:36:44:DBManager:connection_data:Object reference not set to an instance of an object.
30-01-2023 13:36:44:DBManager:connection_data:Object reference not set to an instance of an object.
30-01-2023 13:36:44:DBManager:connection_data:Object reference not set to an instance of an object.
30-01-2023 13:36:44:DBManager:connection_data:Object reference not set to an instance of an object.
30-01-2023 13:36:44:DBManager:connection_data:Object reference not set to an instance of an object.
30-01-2023 13:36:44:DBManager:connection_data:Object reference not set to an instance of an object.
30-01-2023 15:12:56:DBManager:connection_data:Object reference not set to an instance of an object.
30-01-2023 15:12:56:DBManager:connection_data:Object reference not set to an instance of an object.
30/01/2023 3:12:57 PM:POS_WS:CallMethod():Object reference not set to an instance of an object.
30-01-2023 15:15:08:DBManager:connection_data:Object reference not set to an instance of an object.
30-01-2023 15:15:08:DBManager:connection_data:Object reference not set to an instance of an object.
30-01-2023 15:15:09:DBManager:connection_data:Object reference not set to an instance of an object.
30-01-2023 15:15:09:DBManager:connection_data:Object reference not set to an instance of an object.
30-01-2023 15:15:24:DBManager:connection_data:Object reference not set to an instance of an object.
30-01-2023 15:15:24:DBManager:connection_data:Object reference not set to an instance of an object.
30-01-2023 15:15:24:DBManager:connection_data:Object reference not set to an instance of an object.
30-01-2023 15:15:24:DBManager:connection_data:Object reference not set to an instance of an object.
30-01-2023 15:16:30:DBManager:connection_data:Object reference not set to an instance of an object.
30-01-2023 15:16:30:DBManager:connection_data:Object reference not set to an instance of an object.
30-01-2023 15:16:30:DBManager:connection_data:Object reference not set to an instance of an object.
30/01/2023 3:16:30 PM:SignIn:btnLogIn_Click:test
30-01-2023 15:17:57:DBManager:connection_data:Object reference not set to an instance of an object.
30-01-2023 15:17:57:DBManager:connection_data:Object reference not set to an instance of an object.
30-01-2023 15:18:11:DBManager:connection_data:Object reference not set to an instance of an object.
30-01-2023 15:18:11:DBManager:connection_data:Object reference not set to an instance of an object.
30-01-2023 15:18:18:DBManager:connection_data:Object reference not set to an instance of an object.
30-01-2023 15:18:18:DBManager:connection_data:Object reference not set to an instance of an object.
30-01-2023 15:18:24:DBManager:connection_data:Object reference not set to an instance of an object.
30-01-2023 15:18:24:DBManager:connection_data:Object reference not set to an instance of an object.
30/01/2023 3:27:47 PM:POS_WS:CallMethod():The request channel timed out while waiting for a reply after 00:01:00. Increase the timeout value passed to the call to Request or increase the SendTimeout value on the Binding. The time allotted to this operation may have been a portion of a longer timeout.
30-01-2023 15:36:23:DBManager:connection_data:Object reference not set to an instance of an object.
30-01-2023 15:36:23:DBManager:connection_data:Object reference not set to an instance of an object.
30-01-2023 15:36:30:DBManager:connection_data:Object reference not set to an instance of an object.
30-01-2023 15:36:30:DBManager:connection_data:Object reference not set to an instance of an object.
30-01-2023 15:36:33:DBManager:connection_data:Object reference not set to an instance of an object.
30-01-2023 15:36:33:DBManager:connection_data:Object reference not set to an instance of an object.
30-01-2023 15:36:38:DBManager:connection_data:Object reference not set to an instance of an object.
30-01-2023 15:36:38:DBManager:connection_data:Object reference not set to an instance of an object.
30-01-2023 15:36:39:DBManager:connection_data:Object reference not set to an instance of an object.
30-01-2023 15:36:39:DBManager:connection_data:Object reference not set to an instance of an object.
30-01-2023 15:36:49:DBManager:connection_data:Object reference not set to an instance of an object.
30-01-2023 15:36:49:DBManager:connection_data:Object reference not set to an instance of an object.
30/01/2023 3:39:22 PM:POS_WS:CallMethod():The request channel timed out while waiting for a reply after 00:01:00. Increase the timeout value passed to the call to Request or increase the SendTimeout value on the Binding. The time allotted to this operation may have been a portion of a longer timeout.
30-01-2023 15:41:25:DBManager:connection_data:Object reference not set to an instance of an object.
30-01-2023 15:41:25:DBManager:connection_data:Object reference not set to an instance of an object.
30-01-2023 15:42:35:DBManager:connection_data:Object reference not set to an instance of an object.
30-01-2023 15:42:35:DBManager:connection_data:Object reference not set to an instance of an object.
30/01/2023 3:42:40 PM:POS_WS:CallMethod():The request channel timed out while waiting for a reply after 00:00:59.9589914. Increase the timeout value passed to the call to Request or increase the SendTimeout value on the Binding. The time allotted to this operation may have been a portion of a longer timeout.
30-01-2023 15:42:47:DBManager:connection_data:Object reference not set to an instance of an object.
30-01-2023 15:42:47:DBManager:connection_data:Object reference not set to an instance of an object.
30-01-2023 15:42:47:DBManager:connection_data:Object reference not set to an instance of an object.
30-01-2023 15:42:47:DBManager:connection_data:Object reference not set to an instance of an object.
30/01/2023 3:44:21 PM:POS_WS:CallMethod():The request channel timed out while waiting for a reply after 00:00:59.9730015. Increase the timeout value passed to the call to Request or increase the SendTimeout value on the Binding. The time allotted to this operation may have been a portion of a longer timeout.
30-01-2023 15:44:26:DBManager:connection_data:Object reference not set to an instance of an object.
30-01-2023 15:44:26:DBManager:connection_data:Object reference not set to an instance of an object.
30-01-2023 15:44:26:DBManager:connection_data:Object reference not set to an instance of an object.
30-01-2023 15:44:26:DBManager:connection_data:Object reference not set to an instance of an object.
30-01-2023 15:45:07:DBManager:connection_data:Object reference not set to an instance of an object.
30-01-2023 15:45:08:DBManager:connection_data:Object reference not set to an instance of an object.
30-01-2023 15:45:08:DBManager:connection_data:Object reference not set to an instance of an object.
30/01/2023 3:45:08 PM:SignIn:btnLogIn_Click:test
30-01-2023 15:45:40:DBManager:connection_data:Object reference not set to an instance of an object.
30-01-2023 15:45:40:DBManager:connection_data:Object reference not set to an instance of an object.
30-01-2023 15:45:50:DBManager:connection_data:Object reference not set to an instance of an object.
30-01-2023 15:45:50:DBManager:connection_data:Object reference not set to an instance of an object.
30/01/2023 3:47:42 PM:POS_WS:CallMethod():The request channel timed out while waiting for a reply after 00:01:00. Increase the timeout value passed to the call to Request or increase the SendTimeout value on the Binding. The time allotted to this operation may have been a portion of a longer timeout.
30-01-2023 15:49:38:DBManager:connection_data:Object reference not set to an instance of an object.
30-01-2023 15:49:38:DBManager:connection_data:Object reference not set to an instance of an object.
30-01-2023 15:49:40:DBManager:connection_data:Object reference not set to an instance of an object.
30-01-2023 15:49:40:DBManager:connection_data:Object reference not set to an instance of an object.
