25-04-2023 11:54:53:DBManager:connection_data:Object reference not set to an instance of an object.
25-04-2023 11:54:53:DBManager:connection_data:Object reference not set to an instance of an object.
25-04-2023 11:54:53:DBManager:connection_data:Object reference not set to an instance of an object.
25/04/2023 11:54:53 AM:SignIn:btnLogIn_Click:test
25-04-2023 11:56:18:DBManager:connection_data:Object reference not set to an instance of an object.
25-04-2023 11:56:18:DBManager:connection_data:Object reference not set to an instance of an object.
25-04-2023 11:56:18:DBManager:connection_data:Object reference not set to an instance of an object.
25/04/2023 11:56:18 AM:SignIn:btnLogIn_Click:test
25-04-2023 12:04:32:DBManager:connection_data:Object reference not set to an instance of an object.
25-04-2023 12:04:32:DBManager:connection_data:Object reference not set to an instance of an object.
25-04-2023 12:04:32:DBManager:connection_data:Object reference not set to an instance of an object.
25/04/2023 12:04:32 PM:SignIn:btnLogIn_Click:test
25/04/2023 12:04:32 PM:SignIn:btnLogIn_Click4:
25/04/2023 12:04:32 PM:SignIn:btnLogIn_Click5:
25/04/2023 12:04:32 PM:SignIn:btnLogIn_Click7:
25/04/2023 12:04:32 PM:SignIn:btnLogIn_Click8:
25/04/2023 12:04:32 PM:ClsDataccess:Getdatatable:The ConnectionString property has not been initialized.
25-04-2023 12:04:32:DBManager:connection_data:Object reference not set to an instance of an object.
25-04-2023 12:04:32:DBManager:connection_data:Object reference not set to an instance of an object.
25-04-2023 12:04:32:DBManager:connection_data:Object reference not set to an instance of an object.
25-04-2023 12:04:32:DBManager:connection_data:Object reference not set to an instance of an object.
25-04-2023 12:04:32:DBManager:connection_data:Object reference not set to an instance of an object.
25-04-2023 12:04:32:DBManager:connection_data:Object reference not set to an instance of an object.
25-04-2023 12:04:32:DBManager:connection_data:Object reference not set to an instance of an object.
25-04-2023 12:04:32:DBManager:connection_data:Object reference not set to an instance of an object.
25-04-2023 12:04:32:DBManager:connection_data:Object reference not set to an instance of an object.
25-04-2023 12:04:32:DBManager:connection_data:Object reference not set to an instance of an object.
25-04-2023 12:04:32:DBManager:connection_data:Object reference not set to an instance of an object.
25-04-2023 12:04:32:DBManager:connection_data:Object reference not set to an instance of an object.
25-04-2023 12:04:32:DBManager:connection_data:Object reference not set to an instance of an object.
25-04-2023 12:04:32:DBManager:connection_data:Object reference not set to an instance of an object.
25-04-2023 12:04:32:DBManager:connection_data:Object reference not set to an instance of an object.
25-04-2023 12:04:32:DBManager:connection_data:Object reference not set to an instance of an object.
25-04-2023 12:04:32:DBManager:connection_data:Object reference not set to an instance of an object.
25-04-2023 12:04:32:DBManager:connection_data:Object reference not set to an instance of an object.
25-04-2023 12:04:32:DBManager:connection_data:Object reference not set to an instance of an object.
25-04-2023 12:04:32:DBManager:connection_data:Object reference not set to an instance of an object.
25-04-2023 12:04:32:DBManager:connection_data:Object reference not set to an instance of an object.
25-04-2023 12:04:32:DBManager:connection_data:Object reference not set to an instance of an object.
25-04-2023 12:04:32:DBManager:connection_data:Object reference not set to an instance of an object.
25-04-2023 12:04:32:DBManager:connection_data:Object reference not set to an instance of an object.
25-04-2023 12:04:32:DBManager:connection_data:Object reference not set to an instance of an object.
25-04-2023 12:04:32:DBManager:connection_data:Object reference not set to an instance of an object.
25-04-2023 12:04:32:DBManager:connection_data:Object reference not set to an instance of an object.
25-04-2023 12:04:32:DBManager:connection_data:Object reference not set to an instance of an object.
25-04-2023 12:04:32:DBManager:connection_data:Object reference not set to an instance of an object.
25-04-2023 12:04:32:DBManager:connection_data:Object reference not set to an instance of an object.
25-04-2023 12:04:32:DBManager:connection_data:Object reference not set to an instance of an object.
25-04-2023 12:04:32:DBManager:connection_data:Object reference not set to an instance of an object.
25-04-2023 12:04:32:DBManager:connection_data:Object reference not set to an instance of an object.
25-04-2023 12:04:32:DBManager:connection_data:Object reference not set to an instance of an object.
25-04-2023 12:04:32:DBManager:connection_data:Object reference not set to an instance of an object.
25-04-2023 12:04:32:DBManager:connection_data:Object reference not set to an instance of an object.
25-04-2023 12:04:32:DBManager:connection_data:Object reference not set to an instance of an object.
25-04-2023 12:04:32:DBManager:connection_data:Object reference not set to an instance of an object.
25-04-2023 12:04:32:DBManager:connection_data:Object reference not set to an instance of an object.
25-04-2023 12:04:32:DBManager:connection_data:Object reference not set to an instance of an object.
25-04-2023 12:04:32:DBManager:connection_data:Object reference not set to an instance of an object.
25-04-2023 12:04:32:DBManager:connection_data:Object reference not set to an instance of an object.
25-04-2023 12:04:32:DBManager:connection_data:Object reference not set to an instance of an object.
25-04-2023 12:04:32:DBManager:connection_data:Object reference not set to an instance of an object.
25-04-2023 12:04:32:DBManager:connection_data:Object reference not set to an instance of an object.
25-04-2023 12:04:32:DBManager:connection_data:Object reference not set to an instance of an object.
25-04-2023 12:04:32:DBManager:connection_data:Object reference not set to an instance of an object.
25-04-2023 12:04:32:DBManager:connection_data:Object reference not set to an instance of an object.
25-04-2023 12:04:32:DBManager:connection_data:Object reference not set to an instance of an object.
25-04-2023 12:04:32:DBManager:connection_data:Object reference not set to an instance of an object.
25-04-2023 12:04:32:DBManager:connection_data:Object reference not set to an instance of an object.
25-04-2023 12:04:32:DBManager:connection_data:Object reference not set to an instance of an object.
25-04-2023 12:04:32:DBManager:connection_data:Object reference not set to an instance of an object.
25-04-2023 12:04:32:DBManager:connection_data:Object reference not set to an instance of an object.
25-04-2023 12:04:32:DBManager:connection_data:Object reference not set to an instance of an object.
25-04-2023 12:04:32:DBManager:connection_data:Object reference not set to an instance of an object.
25-04-2023 12:04:32:DBManager:connection_data:Object reference not set to an instance of an object.
25-04-2023 12:04:32:DBManager:connection_data:Object reference not set to an instance of an object.
25-04-2023 12:04:32:DBManager:connection_data:Object reference not set to an instance of an object.
25-04-2023 12:04:32:DBManager:connection_data:Object reference not set to an instance of an object.
25-04-2023 12:04:32:DBManager:connection_data:Object reference not set to an instance of an object.
25-04-2023 12:04:32:DBManager:connection_data:Object reference not set to an instance of an object.
25-04-2023 12:04:32:DBManager:connection_data:Object reference not set to an instance of an object.
25-04-2023 12:04:32:DBManager:connection_data:Object reference not set to an instance of an object.
25-04-2023 12:04:32:DBManager:connection_data:Object reference not set to an instance of an object.
25-04-2023 12:04:32:DBManager:connection_data:Object reference not set to an instance of an object.
25-04-2023 12:04:32:DBManager:connection_data:Object reference not set to an instance of an object.
25-04-2023 12:04:32:DBManager:connection_data:Object reference not set to an instance of an object.
25-04-2023 12:04:32:DBManager:connection_data:Object reference not set to an instance of an object.
25-04-2023 12:04:32:DBManager:connection_data:Object reference not set to an instance of an object.
25-04-2023 12:04:32:DBManager:connection_data:Object reference not set to an instance of an object.
25-04-2023 12:04:32:DBManager:connection_data:Object reference not set to an instance of an object.
25-04-2023 12:04:32:DBManager:connection_data:Object reference not set to an instance of an object.
25-04-2023 12:04:32:DBManager:connection_data:Object reference not set to an instance of an object.
25-04-2023 12:04:32:DBManager:connection_data:Object reference not set to an instance of an object.
25-04-2023 12:04:32:DBManager:connection_data:Object reference not set to an instance of an object.
25-04-2023 12:04:32:DBManager:connection_data:Object reference not set to an instance of an object.
25-04-2023 15:43:16:DBManager:connection_data:Object reference not set to an instance of an object.
25-04-2023 15:43:16:DBManager:connection_data:Object reference not set to an instance of an object.
25-04-2023 15:43:28:DBManager:connection_data:Object reference not set to an instance of an object.
25-04-2023 15:43:28:DBManager:connection_data:Object reference not set to an instance of an object.
25-04-2023 15:43:55:DBManager:connection_data:Object reference not set to an instance of an object.
25-04-2023 15:43:55:DBManager:connection_data:Object reference not set to an instance of an object.
25/04/2023 3:43:56 PM:POS_WS:CallMethod():Object reference not set to an instance of an object.
25-04-2023 15:43:57:DBManager:connection_data:Object reference not set to an instance of an object.
25-04-2023 15:43:57:DBManager:connection_data:Object reference not set to an instance of an object.
25-04-2023 15:43:57:DBManager:connection_data:Object reference not set to an instance of an object.
25-04-2023 15:43:57:DBManager:connection_data:Object reference not set to an instance of an object.
25-04-2023 15:43:58:POS_WS:getStore():There is no row at position 0.
25-04-2023 15:43:58:POS_WS:getStore():There is no row at position 0.
25-04-2023 15:44:02:DBManager:connection_data:Object reference not set to an instance of an object.
25-04-2023 15:44:02:DBManager:connection_data:Object reference not set to an instance of an object.
25-04-2023 15:44:02:DBManager:connection_data:Object reference not set to an instance of an object.
25-04-2023 15:44:02:DBManager:connection_data:Object reference not set to an instance of an object.
25-04-2023 15:44:02:POS_WS:getStore():There is no row at position 0.
25-04-2023 15:44:31:DBManager:connection_data:Object reference not set to an instance of an object.
25-04-2023 15:44:31:DBManager:connection_data:Object reference not set to an instance of an object.
25-04-2023 15:44:31:DBManager:connection_data:Object reference not set to an instance of an object.
25-04-2023 15:44:31:DBManager:connection_data:Object reference not set to an instance of an object.
25-04-2023 15:46:03:DBManager:connection_data:Object reference not set to an instance of an object.
25-04-2023 15:46:03:DBManager:connection_data:Object reference not set to an instance of an object.
25/04/2023 3:46:03 PM:POS_WS:CallMethod():Object reference not set to an instance of an object.
25-04-2023 15:46:48:DBManager:connection_data:Object reference not set to an instance of an object.
25-04-2023 15:46:48:DBManager:connection_data:Object reference not set to an instance of an object.
25-04-2023 15:46:50:DBManager:connection_data:Object reference not set to an instance of an object.
25-04-2023 15:46:50:DBManager:connection_data:Object reference not set to an instance of an object.
25-04-2023 15:48:29:DBManager:connection_data:Object reference not set to an instance of an object.
25-04-2023 15:48:29:DBManager:connection_data:Object reference not set to an instance of an object.
25/04/2023 3:48:30 PM:POS_WS:CallMethod():Object reference not set to an instance of an object.
25-04-2023 15:51:18:DBManager:connection_data:Object reference not set to an instance of an object.
25-04-2023 15:51:18:DBManager:connection_data:Object reference not set to an instance of an object.
25-04-2023 15:51:19:DBManager:connection_data:Object reference not set to an instance of an object.
25-04-2023 15:51:19:DBManager:connection_data:Object reference not set to an instance of an object.
25-04-2023 15:55:49:DBManager:connection_data:Object reference not set to an instance of an object.
25-04-2023 15:55:49:DBManager:connection_data:Object reference not set to an instance of an object.
25-04-2023 15:55:49:DBManager:connection_data:Object reference not set to an instance of an object.
25-04-2023 15:55:49:DBManager:connection_data:Object reference not set to an instance of an object.
25-04-2023 16:04:20:DBManager:connection_data:Object reference not set to an instance of an object.
25-04-2023 16:04:20:DBManager:connection_data:Object reference not set to an instance of an object.
25-04-2023 16:04:20:DBManager:connection_data:Object reference not set to an instance of an object.
25/04/2023 4:04:20 PM:SignIn:btnLogIn_Click:test
25-04-2023 16:04:28:DBManager:connection_data:Object reference not set to an instance of an object.
25-04-2023 16:04:28:DBManager:connection_data:Object reference not set to an instance of an object.
25-04-2023 16:04:28:DBManager:connection_data:Object reference not set to an instance of an object.
25/04/2023 4:04:28 PM:SignIn:btnLogIn_Click:test
25/04/2023 4:04:28 PM:SignIn:btnLogIn_Click4:
25/04/2023 4:04:28 PM:SignIn:btnLogIn_Click5:
25/04/2023 4:04:28 PM:SignIn:btnLogIn_Click7:
25/04/2023 4:04:28 PM:SignIn:btnLogIn_Click8:
25-04-2023 16:04:28:DBManager:connection_data:Object reference not set to an instance of an object.
25-04-2023 16:04:28:DBManager:connection_data:Object reference not set to an instance of an object.
25-04-2023 16:04:28:DBManager:connection_data:Object reference not set to an instance of an object.
25-04-2023 16:04:28:DBManager:connection_data:Object reference not set to an instance of an object.
25-04-2023 16:04:28:DBManager:connection_data:Object reference not set to an instance of an object.
25-04-2023 16:04:28:DBManager:connection_data:Object reference not set to an instance of an object.
25-04-2023 16:04:28:DBManager:connection_data:Object reference not set to an instance of an object.
25-04-2023 16:04:28:DBManager:connection_data:Object reference not set to an instance of an object.
25-04-2023 16:04:28:DBManager:connection_data:Object reference not set to an instance of an object.
25-04-2023 16:04:28:DBManager:connection_data:Object reference not set to an instance of an object.
25-04-2023 16:04:28:DBManager:connection_data:Object reference not set to an instance of an object.
25-04-2023 16:04:28:DBManager:connection_data:Object reference not set to an instance of an object.
25-04-2023 16:04:28:DBManager:connection_data:Object reference not set to an instance of an object.
25-04-2023 16:04:28:DBManager:connection_data:Object reference not set to an instance of an object.
25-04-2023 16:04:28:DBManager:connection_data:Object reference not set to an instance of an object.
25-04-2023 16:04:28:DBManager:connection_data:Object reference not set to an instance of an object.
25-04-2023 16:04:28:DBManager:connection_data:Object reference not set to an instance of an object.
25-04-2023 16:04:28:DBManager:connection_data:Object reference not set to an instance of an object.
25-04-2023 16:04:28:DBManager:connection_data:Object reference not set to an instance of an object.
25-04-2023 16:04:28:DBManager:connection_data:Object reference not set to an instance of an object.
25-04-2023 16:04:28:DBManager:connection_data:Object reference not set to an instance of an object.
25-04-2023 16:04:28:DBManager:connection_data:Object reference not set to an instance of an object.
25-04-2023 16:04:28:DBManager:connection_data:Object reference not set to an instance of an object.
25-04-2023 16:04:28:DBManager:connection_data:Object reference not set to an instance of an object.
25-04-2023 16:04:28:DBManager:connection_data:Object reference not set to an instance of an object.
25-04-2023 16:04:28:DBManager:connection_data:Object reference not set to an instance of an object.
25-04-2023 16:04:28:DBManager:connection_data:Object reference not set to an instance of an object.
25-04-2023 16:04:28:DBManager:connection_data:Object reference not set to an instance of an object.
25-04-2023 16:04:28:DBManager:connection_data:Object reference not set to an instance of an object.
25-04-2023 16:04:28:DBManager:connection_data:Object reference not set to an instance of an object.
25-04-2023 16:04:28:DBManager:connection_data:Object reference not set to an instance of an object.
25-04-2023 16:04:28:DBManager:connection_data:Object reference not set to an instance of an object.
25-04-2023 16:04:28:DBManager:connection_data:Object reference not set to an instance of an object.
25-04-2023 16:04:28:DBManager:connection_data:Object reference not set to an instance of an object.
25-04-2023 16:04:28:DBManager:connection_data:Object reference not set to an instance of an object.
25-04-2023 16:04:28:DBManager:connection_data:Object reference not set to an instance of an object.
25-04-2023 16:04:28:DBManager:connection_data:Object reference not set to an instance of an object.
25-04-2023 16:04:28:DBManager:connection_data:Object reference not set to an instance of an object.
25-04-2023 16:04:28:DBManager:connection_data:Object reference not set to an instance of an object.
25-04-2023 16:04:28:DBManager:connection_data:Object reference not set to an instance of an object.
25-04-2023 16:04:28:DBManager:connection_data:Object reference not set to an instance of an object.
25-04-2023 16:04:28:DBManager:connection_data:Object reference not set to an instance of an object.
25-04-2023 16:04:28:DBManager:connection_data:Object reference not set to an instance of an object.
25-04-2023 16:04:28:DBManager:connection_data:Object reference not set to an instance of an object.
25-04-2023 16:04:28:DBManager:connection_data:Object reference not set to an instance of an object.
25-04-2023 16:04:28:DBManager:connection_data:Object reference not set to an instance of an object.
25-04-2023 16:04:28:DBManager:connection_data:Object reference not set to an instance of an object.
25-04-2023 16:04:28:DBManager:connection_data:Object reference not set to an instance of an object.
25-04-2023 16:04:28:DBManager:connection_data:Object reference not set to an instance of an object.
25-04-2023 16:04:28:DBManager:connection_data:Object reference not set to an instance of an object.
25-04-2023 16:04:28:DBManager:connection_data:Object reference not set to an instance of an object.
25-04-2023 16:04:28:DBManager:connection_data:Object reference not set to an instance of an object.
25-04-2023 16:04:28:DBManager:connection_data:Object reference not set to an instance of an object.
25-04-2023 16:04:28:DBManager:connection_data:Object reference not set to an instance of an object.
25-04-2023 16:04:28:DBManager:connection_data:Object reference not set to an instance of an object.
25-04-2023 16:04:28:DBManager:connection_data:Object reference not set to an instance of an object.
25-04-2023 16:04:28:DBManager:connection_data:Object reference not set to an instance of an object.
25-04-2023 16:04:28:DBManager:connection_data:Object reference not set to an instance of an object.
25-04-2023 16:04:28:DBManager:connection_data:Object reference not set to an instance of an object.
25-04-2023 16:04:28:DBManager:connection_data:Object reference not set to an instance of an object.
25-04-2023 16:04:28:DBManager:connection_data:Object reference not set to an instance of an object.
25-04-2023 16:04:28:DBManager:connection_data:Object reference not set to an instance of an object.
25-04-2023 16:04:28:DBManager:connection_data:Object reference not set to an instance of an object.
25-04-2023 16:04:28:DBManager:connection_data:Object reference not set to an instance of an object.
25-04-2023 16:04:28:DBManager:connection_data:Object reference not set to an instance of an object.
25-04-2023 16:04:28:DBManager:connection_data:Object reference not set to an instance of an object.
25-04-2023 16:04:28:DBManager:connection_data:Object reference not set to an instance of an object.
25-04-2023 16:04:28:DBManager:connection_data:Object reference not set to an instance of an object.
25-04-2023 16:04:28:DBManager:connection_data:Object reference not set to an instance of an object.
25-04-2023 16:04:28:DBManager:connection_data:Object reference not set to an instance of an object.
25-04-2023 16:04:28:DBManager:connection_data:Object reference not set to an instance of an object.
25-04-2023 16:04:28:DBManager:connection_data:Object reference not set to an instance of an object.
25-04-2023 16:04:28:DBManager:connection_data:Object reference not set to an instance of an object.
25-04-2023 16:04:28:DBManager:connection_data:Object reference not set to an instance of an object.
25-04-2023 16:04:28:DBManager:connection_data:Object reference not set to an instance of an object.
25-04-2023 16:04:28:DBManager:connection_data:Object reference not set to an instance of an object.
25-04-2023 16:04:28:DBManager:connection_data:Object reference not set to an instance of an object.
25-04-2023 16:04:32:DBManager:connection_data:Object reference not set to an instance of an object.
25-04-2023 16:04:32:DBManager:connection_data:Object reference not set to an instance of an object.
25-04-2023 16:04:32:DBManager:connection_data:Object reference not set to an instance of an object.
25/04/2023 4:04:32 PM:SignIn:btnLogIn_Click:test
