11/1/2023 11:07:35 AM:DBManager:connection_data:Object reference not set to an instance of an object.
11/1/2023 11:07:35 AM:DBManager:connection_data:Object reference not set to an instance of an object.
01/11/2023 11:07:35 AM:POS_WS:CallMethod():An endpoint configuration section for contract 'ServiceReference1.POS_WebServiceSoap' could not be loaded because more than one endpoint configuration for that contract was found. Please indicate the preferred endpoint configuration section by name.
01/11/2023 11:07:35 AM:POS_WS:CallMethod():An endpoint configuration section for contract 'ServiceReference1.POS_WebServiceSoap' could not be loaded because more than one endpoint configuration for that contract was found. Please indicate the preferred endpoint configuration section by name.
11/1/2023 11:08:11 AM:DBManager:connection_data:Object reference not set to an instance of an object.
11/1/2023 11:08:11 AM:DBManager:connection_data:Object reference not set to an instance of an object.
01/11/2023 11:08:11 AM:POS_WS:CallMethod():An endpoint configuration section for contract 'ServiceReference1.POS_WebServiceSoap' could not be loaded because more than one endpoint configuration for that contract was found. Please indicate the preferred endpoint configuration section by name.
11/1/2023 11:08:12 AM:DBManager:connection_data:Object reference not set to an instance of an object.
11/1/2023 11:08:12 AM:DBManager:connection_data:Object reference not set to an instance of an object.
01/11/2023 11:08:12 AM:POS_WS:CallMethod():An endpoint configuration section for contract 'ServiceReference1.POS_WebServiceSoap' could not be loaded because more than one endpoint configuration for that contract was found. Please indicate the preferred endpoint configuration section by name.
11/1/2023 11:08:13 AM:DBManager:connection_data:Object reference not set to an instance of an object.
11/1/2023 11:08:13 AM:DBManager:connection_data:Object reference not set to an instance of an object.
01/11/2023 11:08:13 AM:POS_WS:CallMethod():An endpoint configuration section for contract 'ServiceReference1.POS_WebServiceSoap' could not be loaded because more than one endpoint configuration for that contract was found. Please indicate the preferred endpoint configuration section by name.
11/1/2023 11:09:10 AM:DBManager:connection_data:Object reference not set to an instance of an object.
11/1/2023 11:09:10 AM:DBManager:connection_data:Object reference not set to an instance of an object.
01/11/2023 11:09:10 AM:POS_WS:CallMethod():An endpoint configuration section for contract 'ServiceReference1.POS_WebServiceSoap' could not be loaded because more than one endpoint configuration for that contract was found. Please indicate the preferred endpoint configuration section by name.
11/1/2023 11:09:34 AM:DBManager:connection_data:Object reference not set to an instance of an object.
11/1/2023 11:09:34 AM:DBManager:connection_data:Object reference not set to an instance of an object.
01/11/2023 11:09:34 AM:POS_WS:CallMethod():An endpoint configuration section for contract 'ServiceReference1.POS_WebServiceSoap' could not be loaded because more than one endpoint configuration for that contract was found. Please indicate the preferred endpoint configuration section by name.
11/1/2023 11:10:47 AM:DBManager:connection_data:Object reference not set to an instance of an object.
11/1/2023 11:10:47 AM:DBManager:connection_data:Object reference not set to an instance of an object.
01/11/2023 11:10:47 AM:POS_WS:CallMethod():An endpoint configuration section for contract 'ServiceReference1.POS_WebServiceSoap' could not be loaded because more than one endpoint configuration for that contract was found. Please indicate the preferred endpoint configuration section by name.
11/1/2023 11:13:22 AM:DBManager:connection_data:Object reference not set to an instance of an object.
11/1/2023 11:13:22 AM:DBManager:connection_data:Object reference not set to an instance of an object.
01/11/2023 11:13:22 AM:POS_WS:CallMethod():An endpoint configuration section for contract 'ServiceReference1.POS_WebServiceSoap' could not be loaded because more than one endpoint configuration for that contract was found. Please indicate the preferred endpoint configuration section by name.
11/1/2023 11:13:25 AM:DBManager:connection_data:Object reference not set to an instance of an object.
11/1/2023 11:13:25 AM:DBManager:connection_data:Object reference not set to an instance of an object.
01/11/2023 11:13:25 AM:POS_WS:CallMethod():An endpoint configuration section for contract 'ServiceReference1.POS_WebServiceSoap' could not be loaded because more than one endpoint configuration for that contract was found. Please indicate the preferred endpoint configuration section by name.
11/1/2023 11:17:07 AM:DBManager:connection_data:Object reference not set to an instance of an object.
11/1/2023 11:17:07 AM:DBManager:connection_data:Object reference not set to an instance of an object.
01/11/2023 11:17:07 AM:POS_WS:CallMethod():An endpoint configuration section for contract 'ServiceReference1.POS_WebServiceSoap' could not be loaded because more than one endpoint configuration for that contract was found. Please indicate the preferred endpoint configuration section by name.
11/1/2023 11:34:52 AM:DBManager:connection_data:Object reference not set to an instance of an object.
11/1/2023 11:34:52 AM:DBManager:connection_data:Object reference not set to an instance of an object.
01/11/2023 11:34:52 AM:POS_WS:CallMethod():An endpoint configuration section for contract 'ServiceReference1.POS_WebServiceSoap' could not be loaded because more than one endpoint configuration for that contract was found. Please indicate the preferred endpoint configuration section by name.
11/1/2023 11:34:57 AM:DBManager:connection_data:Object reference not set to an instance of an object.
11/1/2023 11:34:57 AM:DBManager:connection_data:Object reference not set to an instance of an object.
01/11/2023 11:34:57 AM:POS_WS:CallMethod():An endpoint configuration section for contract 'ServiceReference1.POS_WebServiceSoap' could not be loaded because more than one endpoint configuration for that contract was found. Please indicate the preferred endpoint configuration section by name.
11/1/2023 11:35:32 AM:DBManager:connection_data:Object reference not set to an instance of an object.
11/1/2023 11:35:32 AM:DBManager:connection_data:Object reference not set to an instance of an object.
01/11/2023 11:35:32 AM:POS_WS:CallMethod():An endpoint configuration section for contract 'ServiceReference1.POS_WebServiceSoap' could not be loaded because more than one endpoint configuration for that contract was found. Please indicate the preferred endpoint configuration section by name.
11/1/2023 11:35:40 AM:DBManager:connection_data:Object reference not set to an instance of an object.
11/1/2023 11:35:40 AM:DBManager:connection_data:Object reference not set to an instance of an object.
01/11/2023 11:35:41 AM:POS_WS:CallMethod():An endpoint configuration section for contract 'ServiceReference1.POS_WebServiceSoap' could not be loaded because more than one endpoint configuration for that contract was found. Please indicate the preferred endpoint configuration section by name.
11/1/2023 11:35:41 AM:DBManager:connection_data:Object reference not set to an instance of an object.
11/1/2023 11:35:41 AM:DBManager:connection_data:Object reference not set to an instance of an object.
01/11/2023 11:35:41 AM:POS_WS:CallMethod():An endpoint configuration section for contract 'ServiceReference1.POS_WebServiceSoap' could not be loaded because more than one endpoint configuration for that contract was found. Please indicate the preferred endpoint configuration section by name.
11/1/2023 11:35:42 AM:DBManager:connection_data:Object reference not set to an instance of an object.
11/1/2023 11:35:42 AM:DBManager:connection_data:Object reference not set to an instance of an object.
01/11/2023 11:35:42 AM:POS_WS:CallMethod():An endpoint configuration section for contract 'ServiceReference1.POS_WebServiceSoap' could not be loaded because more than one endpoint configuration for that contract was found. Please indicate the preferred endpoint configuration section by name.
11/1/2023 11:35:43 AM:DBManager:connection_data:Object reference not set to an instance of an object.
11/1/2023 11:35:43 AM:DBManager:connection_data:Object reference not set to an instance of an object.
01/11/2023 11:35:43 AM:POS_WS:CallMethod():An endpoint configuration section for contract 'ServiceReference1.POS_WebServiceSoap' could not be loaded because more than one endpoint configuration for that contract was found. Please indicate the preferred endpoint configuration section by name.
11/1/2023 11:35:43 AM:DBManager:connection_data:Object reference not set to an instance of an object.
11/1/2023 11:35:43 AM:DBManager:connection_data:Object reference not set to an instance of an object.
01/11/2023 11:35:43 AM:POS_WS:CallMethod():An endpoint configuration section for contract 'ServiceReference1.POS_WebServiceSoap' could not be loaded because more than one endpoint configuration for that contract was found. Please indicate the preferred endpoint configuration section by name.
11/1/2023 11:35:44 AM:DBManager:connection_data:Object reference not set to an instance of an object.
11/1/2023 11:35:44 AM:DBManager:connection_data:Object reference not set to an instance of an object.
01/11/2023 11:35:44 AM:POS_WS:CallMethod():An endpoint configuration section for contract 'ServiceReference1.POS_WebServiceSoap' could not be loaded because more than one endpoint configuration for that contract was found. Please indicate the preferred endpoint configuration section by name.
11/1/2023 11:35:44 AM:DBManager:connection_data:Object reference not set to an instance of an object.
11/1/2023 11:35:44 AM:DBManager:connection_data:Object reference not set to an instance of an object.
01/11/2023 11:35:44 AM:POS_WS:CallMethod():An endpoint configuration section for contract 'ServiceReference1.POS_WebServiceSoap' could not be loaded because more than one endpoint configuration for that contract was found. Please indicate the preferred endpoint configuration section by name.
11/1/2023 11:35:45 AM:DBManager:connection_data:Object reference not set to an instance of an object.
11/1/2023 11:35:45 AM:DBManager:connection_data:Object reference not set to an instance of an object.
01/11/2023 11:35:45 AM:POS_WS:CallMethod():An endpoint configuration section for contract 'ServiceReference1.POS_WebServiceSoap' could not be loaded because more than one endpoint configuration for that contract was found. Please indicate the preferred endpoint configuration section by name.
11/1/2023 11:35:45 AM:DBManager:connection_data:Object reference not set to an instance of an object.
11/1/2023 11:35:45 AM:DBManager:connection_data:Object reference not set to an instance of an object.
01/11/2023 11:35:46 AM:POS_WS:CallMethod():An endpoint configuration section for contract 'ServiceReference1.POS_WebServiceSoap' could not be loaded because more than one endpoint configuration for that contract was found. Please indicate the preferred endpoint configuration section by name.
11/1/2023 11:35:46 AM:DBManager:connection_data:Object reference not set to an instance of an object.
11/1/2023 11:35:46 AM:DBManager:connection_data:Object reference not set to an instance of an object.
01/11/2023 11:35:46 AM:POS_WS:CallMethod():An endpoint configuration section for contract 'ServiceReference1.POS_WebServiceSoap' could not be loaded because more than one endpoint configuration for that contract was found. Please indicate the preferred endpoint configuration section by name.
11/1/2023 11:41:31 AM:DBManager:connection_data:Object reference not set to an instance of an object.
11/1/2023 11:41:31 AM:DBManager:connection_data:Object reference not set to an instance of an object.
11/1/2023 11:41:32 AM:DBManager:connection_data:Object reference not set to an instance of an object.
11/1/2023 11:41:32 AM:DBManager:connection_data:Object reference not set to an instance of an object.
11/1/2023 11:41:35 AM:DBManager:connection_data:Object reference not set to an instance of an object.
11/1/2023 11:41:35 AM:DBManager:connection_data:Object reference not set to an instance of an object.
11/1/2023 11:41:35 AM:DBManager:connection_data:Object reference not set to an instance of an object.
11/1/2023 11:41:35 AM:DBManager:connection_data:Object reference not set to an instance of an object.
11/1/2023 12:44:39 PM:DBManager:connection_data:Object reference not set to an instance of an object.
11/1/2023 12:44:39 PM:DBManager:connection_data:Object reference not set to an instance of an object.
11/1/2023 12:44:39 PM:DBManager:connection_data:Object reference not set to an instance of an object.
11/1/2023 12:44:39 PM:DBManager:connection_data:Object reference not set to an instance of an object.
11/1/2023 12:44:40 PM:DBManager:connection_data:Object reference not set to an instance of an object.
11/1/2023 12:44:40 PM:DBManager:connection_data:Object reference not set to an instance of an object.
11/1/2023 12:44:40 PM:DBManager:connection_data:Object reference not set to an instance of an object.
11/1/2023 12:44:40 PM:DBManager:connection_data:Object reference not set to an instance of an object.
11/1/2023 12:46:53 PM:DBManager:connection_data:Object reference not set to an instance of an object.
11/1/2023 12:46:53 PM:DBManager:connection_data:Object reference not set to an instance of an object.
11/1/2023 12:46:54 PM:DBManager:connection_data:Object reference not set to an instance of an object.
11/1/2023 12:46:54 PM:DBManager:connection_data:Object reference not set to an instance of an object.
11/1/2023 12:48:25 PM:DBManager:connection_data:Object reference not set to an instance of an object.
11/1/2023 12:48:25 PM:DBManager:connection_data:Object reference not set to an instance of an object.
11/1/2023 12:48:25 PM:DBManager:connection_data:Object reference not set to an instance of an object.
11/1/2023 12:48:25 PM:DBManager:connection_data:Object reference not set to an instance of an object.
11/1/2023 12:48:26 PM:DBManager:connection_data:Object reference not set to an instance of an object.
11/1/2023 12:48:26 PM:DBManager:connection_data:Object reference not set to an instance of an object.
11/1/2023 12:48:26 PM:DBManager:connection_data:Object reference not set to an instance of an object.
11/1/2023 12:48:26 PM:DBManager:connection_data:Object reference not set to an instance of an object.
11/1/2023 12:48:26 PM:DBManager:connection_data:Object reference not set to an instance of an object.
11/1/2023 12:48:26 PM:DBManager:connection_data:Object reference not set to an instance of an object.
11/1/2023 12:48:26 PM:DBManager:connection_data:Object reference not set to an instance of an object.
11/1/2023 12:48:26 PM:DBManager:connection_data:Object reference not set to an instance of an object.
11/1/2023 12:48:27 PM:DBManager:connection_data:Object reference not set to an instance of an object.
11/1/2023 12:48:27 PM:DBManager:connection_data:Object reference not set to an instance of an object.
11/1/2023 12:48:27 PM:DBManager:connection_data:Object reference not set to an instance of an object.
11/1/2023 12:48:27 PM:DBManager:connection_data:Object reference not set to an instance of an object.
11/1/2023 12:48:27 PM:DBManager:connection_data:Object reference not set to an instance of an object.
11/1/2023 12:48:27 PM:DBManager:connection_data:Object reference not set to an instance of an object.
11/1/2023 12:48:27 PM:DBManager:connection_data:Object reference not set to an instance of an object.
11/1/2023 12:48:27 PM:DBManager:connection_data:Object reference not set to an instance of an object.
11/1/2023 12:48:28 PM:DBManager:connection_data:Object reference not set to an instance of an object.
11/1/2023 12:48:28 PM:DBManager:connection_data:Object reference not set to an instance of an object.
11/1/2023 12:48:28 PM:DBManager:connection_data:Object reference not set to an instance of an object.
11/1/2023 12:48:28 PM:DBManager:connection_data:Object reference not set to an instance of an object.
11/1/2023 12:48:28 PM:DBManager:connection_data:Object reference not set to an instance of an object.
11/1/2023 12:48:28 PM:DBManager:connection_data:Object reference not set to an instance of an object.
11/1/2023 12:48:28 PM:DBManager:connection_data:Object reference not set to an instance of an object.
11/1/2023 12:48:28 PM:DBManager:connection_data:Object reference not set to an instance of an object.
11/1/2023 12:48:28 PM:DBManager:connection_data:Object reference not set to an instance of an object.
11/1/2023 12:48:28 PM:DBManager:connection_data:Object reference not set to an instance of an object.
11/1/2023 12:48:28 PM:DBManager:connection_data:Object reference not set to an instance of an object.
11/1/2023 12:48:28 PM:DBManager:connection_data:Object reference not set to an instance of an object.
11/1/2023 12:48:45 PM:DBManager:connection_data:Object reference not set to an instance of an object.
11/1/2023 12:48:45 PM:DBManager:connection_data:Object reference not set to an instance of an object.
11/1/2023 12:48:45 PM:DBManager:connection_data:Object reference not set to an instance of an object.
11/1/2023 12:48:45 PM:DBManager:connection_data:Object reference not set to an instance of an object.
11/1/2023 12:50:05 PM:DBManager:connection_data:Object reference not set to an instance of an object.
11/1/2023 12:50:05 PM:DBManager:connection_data:Object reference not set to an instance of an object.
11/1/2023 12:50:06 PM:DBManager:connection_data:Object reference not set to an instance of an object.
11/1/2023 12:50:06 PM:DBManager:connection_data:Object reference not set to an instance of an object.
11/1/2023 12:50:09 PM:DBManager:connection_data:Object reference not set to an instance of an object.
11/1/2023 12:50:09 PM:DBManager:connection_data:Object reference not set to an instance of an object.
11/1/2023 12:50:09 PM:DBManager:connection_data:Object reference not set to an instance of an object.
11/1/2023 12:50:09 PM:DBManager:connection_data:Object reference not set to an instance of an object.
11/1/2023 12:50:09 PM:DBManager:connection_data:Object reference not set to an instance of an object.
11/1/2023 12:50:09 PM:DBManager:connection_data:Object reference not set to an instance of an object.
11/1/2023 12:50:09 PM:DBManager:connection_data:Object reference not set to an instance of an object.
11/1/2023 12:50:09 PM:DBManager:connection_data:Object reference not set to an instance of an object.
11/1/2023 12:50:10 PM:DBManager:connection_data:Object reference not set to an instance of an object.
11/1/2023 12:50:10 PM:DBManager:connection_data:Object reference not set to an instance of an object.
11/1/2023 12:50:10 PM:DBManager:connection_data:Object reference not set to an instance of an object.
11/1/2023 12:50:10 PM:DBManager:connection_data:Object reference not set to an instance of an object.
11/1/2023 12:50:10 PM:DBManager:connection_data:Object reference not set to an instance of an object.
11/1/2023 12:50:10 PM:DBManager:connection_data:Object reference not set to an instance of an object.
11/1/2023 12:50:10 PM:DBManager:connection_data:Object reference not set to an instance of an object.
11/1/2023 12:50:10 PM:DBManager:connection_data:Object reference not set to an instance of an object.
11/1/2023 12:58:14 PM:DBManager:connection_data:Object reference not set to an instance of an object.
11/1/2023 12:58:14 PM:DBManager:connection_data:Object reference not set to an instance of an object.
11/1/2023 12:58:14 PM:DBManager:connection_data:Object reference not set to an instance of an object.
11/1/2023 12:58:14 PM:DBManager:connection_data:Object reference not set to an instance of an object.
11/1/2023 1:02:39 PM:DBManager:connection_data:Object reference not set to an instance of an object.
11/1/2023 1:02:39 PM:DBManager:connection_data:Object reference not set to an instance of an object.
11/1/2023 1:02:39 PM:DBManager:connection_data:Object reference not set to an instance of an object.
11/1/2023 1:02:39 PM:DBManager:connection_data:Object reference not set to an instance of an object.
11/1/2023 1:02:51 PM:DBManager:connection_data:Object reference not set to an instance of an object.
11/1/2023 1:02:51 PM:DBManager:connection_data:Object reference not set to an instance of an object.
11/1/2023 1:02:51 PM:DBManager:connection_data:Object reference not set to an instance of an object.
11/1/2023 1:02:51 PM:DBManager:connection_data:Object reference not set to an instance of an object.
11/1/2023 1:03:24 PM:DBManager:connection_data:Object reference not set to an instance of an object.
11/1/2023 1:03:24 PM:DBManager:connection_data:Object reference not set to an instance of an object.
11/1/2023 1:03:24 PM:DBManager:connection_data:Object reference not set to an instance of an object.
11/1/2023 1:03:24 PM:DBManager:connection_data:Object reference not set to an instance of an object.
11/1/2023 1:03:55 PM:DBManager:connection_data:Object reference not set to an instance of an object.
11/1/2023 1:03:55 PM:DBManager:connection_data:Object reference not set to an instance of an object.
11/1/2023 1:03:55 PM:DBManager:connection_data:Object reference not set to an instance of an object.
11/1/2023 1:03:55 PM:DBManager:connection_data:Object reference not set to an instance of an object.
11/1/2023 2:40:33 PM:DBManager:connection_data:Object reference not set to an instance of an object.
11/1/2023 2:40:33 PM:DBManager:connection_data:Object reference not set to an instance of an object.
01/11/2023 2:40:33 PM:POS_WS:CallMethod():An endpoint configuration section for contract 'ServiceReference1.POS_WebServiceSoap' could not be loaded because more than one endpoint configuration for that contract was found. Please indicate the preferred endpoint configuration section by name.
11/1/2023 2:40:45 PM:DBManager:connection_data:Object reference not set to an instance of an object.
11/1/2023 2:40:45 PM:DBManager:connection_data:Object reference not set to an instance of an object.
01/11/2023 2:40:45 PM:POS_WS:CallMethod():An endpoint configuration section for contract 'ServiceReference1.POS_WebServiceSoap' could not be loaded because more than one endpoint configuration for that contract was found. Please indicate the preferred endpoint configuration section by name.
11/1/2023 2:40:49 PM:DBManager:connection_data:Object reference not set to an instance of an object.
11/1/2023 2:40:49 PM:DBManager:connection_data:Object reference not set to an instance of an object.
01/11/2023 2:40:49 PM:POS_WS:CallMethod():An endpoint configuration section for contract 'ServiceReference1.POS_WebServiceSoap' could not be loaded because more than one endpoint configuration for that contract was found. Please indicate the preferred endpoint configuration section by name.
11/1/2023 2:40:53 PM:DBManager:connection_data:Object reference not set to an instance of an object.
11/1/2023 2:40:53 PM:DBManager:connection_data:Object reference not set to an instance of an object.
01/11/2023 2:40:53 PM:POS_WS:CallMethod():An endpoint configuration section for contract 'ServiceReference1.POS_WebServiceSoap' could not be loaded because more than one endpoint configuration for that contract was found. Please indicate the preferred endpoint configuration section by name.
11/1/2023 2:40:53 PM:DBManager:connection_data:Object reference not set to an instance of an object.
11/1/2023 2:40:53 PM:DBManager:connection_data:Object reference not set to an instance of an object.
01/11/2023 2:40:53 PM:POS_WS:CallMethod():An endpoint configuration section for contract 'ServiceReference1.POS_WebServiceSoap' could not be loaded because more than one endpoint configuration for that contract was found. Please indicate the preferred endpoint configuration section by name.
11/1/2023 2:40:53 PM:DBManager:connection_data:Object reference not set to an instance of an object.
11/1/2023 2:40:53 PM:DBManager:connection_data:Object reference not set to an instance of an object.
01/11/2023 2:40:53 PM:POS_WS:CallMethod():An endpoint configuration section for contract 'ServiceReference1.POS_WebServiceSoap' could not be loaded because more than one endpoint configuration for that contract was found. Please indicate the preferred endpoint configuration section by name.
11/1/2023 2:40:54 PM:DBManager:connection_data:Object reference not set to an instance of an object.
11/1/2023 2:40:54 PM:DBManager:connection_data:Object reference not set to an instance of an object.
01/11/2023 2:40:54 PM:POS_WS:CallMethod():An endpoint configuration section for contract 'ServiceReference1.POS_WebServiceSoap' could not be loaded because more than one endpoint configuration for that contract was found. Please indicate the preferred endpoint configuration section by name.
11/1/2023 2:40:54 PM:DBManager:connection_data:Object reference not set to an instance of an object.
11/1/2023 2:40:54 PM:DBManager:connection_data:Object reference not set to an instance of an object.
01/11/2023 2:40:54 PM:POS_WS:CallMethod():An endpoint configuration section for contract 'ServiceReference1.POS_WebServiceSoap' could not be loaded because more than one endpoint configuration for that contract was found. Please indicate the preferred endpoint configuration section by name.
11/1/2023 2:40:54 PM:DBManager:connection_data:Object reference not set to an instance of an object.
11/1/2023 2:40:54 PM:DBManager:connection_data:Object reference not set to an instance of an object.
01/11/2023 2:40:54 PM:POS_WS:CallMethod():An endpoint configuration section for contract 'ServiceReference1.POS_WebServiceSoap' could not be loaded because more than one endpoint configuration for that contract was found. Please indicate the preferred endpoint configuration section by name.
11/1/2023 2:40:54 PM:DBManager:connection_data:Object reference not set to an instance of an object.
11/1/2023 2:40:54 PM:DBManager:connection_data:Object reference not set to an instance of an object.
01/11/2023 2:40:54 PM:POS_WS:CallMethod():An endpoint configuration section for contract 'ServiceReference1.POS_WebServiceSoap' could not be loaded because more than one endpoint configuration for that contract was found. Please indicate the preferred endpoint configuration section by name.
11/1/2023 2:40:54 PM:DBManager:connection_data:Object reference not set to an instance of an object.
11/1/2023 2:40:54 PM:DBManager:connection_data:Object reference not set to an instance of an object.
01/11/2023 2:40:54 PM:POS_WS:CallMethod():An endpoint configuration section for contract 'ServiceReference1.POS_WebServiceSoap' could not be loaded because more than one endpoint configuration for that contract was found. Please indicate the preferred endpoint configuration section by name.
11/1/2023 2:40:54 PM:DBManager:connection_data:Object reference not set to an instance of an object.
11/1/2023 2:40:54 PM:DBManager:connection_data:Object reference not set to an instance of an object.
01/11/2023 2:40:54 PM:POS_WS:CallMethod():An endpoint configuration section for contract 'ServiceReference1.POS_WebServiceSoap' could not be loaded because more than one endpoint configuration for that contract was found. Please indicate the preferred endpoint configuration section by name.
11/1/2023 2:40:55 PM:DBManager:connection_data:Object reference not set to an instance of an object.
11/1/2023 2:40:55 PM:DBManager:connection_data:Object reference not set to an instance of an object.
11/1/2023 2:40:55 PM:DBManager:connection_data:Object reference not set to an instance of an object.
11/1/2023 2:40:55 PM:DBManager:connection_data:Object reference not set to an instance of an object.
01/11/2023 2:40:55 PM:POS_WS:CallMethod():An endpoint configuration section for contract 'ServiceReference1.POS_WebServiceSoap' could not be loaded because more than one endpoint configuration for that contract was found. Please indicate the preferred endpoint configuration section by name.
11/1/2023 2:40:55 PM:DBManager:connection_data:Object reference not set to an instance of an object.
11/1/2023 2:40:55 PM:DBManager:connection_data:Object reference not set to an instance of an object.
01/11/2023 2:40:55 PM:POS_WS:CallMethod():An endpoint configuration section for contract 'ServiceReference1.POS_WebServiceSoap' could not be loaded because more than one endpoint configuration for that contract was found. Please indicate the preferred endpoint configuration section by name.
01/11/2023 2:40:55 PM:POS_WS:CallMethod():An endpoint configuration section for contract 'ServiceReference1.POS_WebServiceSoap' could not be loaded because more than one endpoint configuration for that contract was found. Please indicate the preferred endpoint configuration section by name.
11/1/2023 2:40:55 PM:DBManager:connection_data:Object reference not set to an instance of an object.
11/1/2023 2:40:55 PM:DBManager:connection_data:Object reference not set to an instance of an object.
11/1/2023 2:40:55 PM:DBManager:connection_data:Object reference not set to an instance of an object.
11/1/2023 2:40:55 PM:DBManager:connection_data:Object reference not set to an instance of an object.
11/1/2023 2:40:55 PM:DBManager:connection_data:Object reference not set to an instance of an object.
11/1/2023 2:40:55 PM:DBManager:connection_data:Object reference not set to an instance of an object.
01/11/2023 2:40:55 PM:POS_WS:CallMethod():An endpoint configuration section for contract 'ServiceReference1.POS_WebServiceSoap' could not be loaded because more than one endpoint configuration for that contract was found. Please indicate the preferred endpoint configuration section by name.
01/11/2023 2:40:55 PM:POS_WS:CallMethod():An endpoint configuration section for contract 'ServiceReference1.POS_WebServiceSoap' could not be loaded because more than one endpoint configuration for that contract was found. Please indicate the preferred endpoint configuration section by name.
11/1/2023 2:40:55 PM:DBManager:connection_data:Object reference not set to an instance of an object.
11/1/2023 2:40:55 PM:DBManager:connection_data:Object reference not set to an instance of an object.
01/11/2023 2:40:55 PM:POS_WS:CallMethod():An endpoint configuration section for contract 'ServiceReference1.POS_WebServiceSoap' could not be loaded because more than one endpoint configuration for that contract was found. Please indicate the preferred endpoint configuration section by name.
11/1/2023 2:40:55 PM:DBManager:connection_data:Object reference not set to an instance of an object.
11/1/2023 2:40:55 PM:DBManager:connection_data:Object reference not set to an instance of an object.
01/11/2023 2:40:55 PM:POS_WS:CallMethod():An endpoint configuration section for contract 'ServiceReference1.POS_WebServiceSoap' could not be loaded because more than one endpoint configuration for that contract was found. Please indicate the preferred endpoint configuration section by name.
11/1/2023 2:40:55 PM:DBManager:connection_data:Object reference not set to an instance of an object.
11/1/2023 2:40:55 PM:DBManager:connection_data:Object reference not set to an instance of an object.
01/11/2023 2:40:55 PM:POS_WS:CallMethod():An endpoint configuration section for contract 'ServiceReference1.POS_WebServiceSoap' could not be loaded because more than one endpoint configuration for that contract was found. Please indicate the preferred endpoint configuration section by name.
01/11/2023 2:40:55 PM:POS_WS:CallMethod():An endpoint configuration section for contract 'ServiceReference1.POS_WebServiceSoap' could not be loaded because more than one endpoint configuration for that contract was found. Please indicate the preferred endpoint configuration section by name.
11/1/2023 2:40:55 PM:DBManager:connection_data:Object reference not set to an instance of an object.
11/1/2023 2:40:55 PM:DBManager:connection_data:Object reference not set to an instance of an object.
01/11/2023 2:40:55 PM:POS_WS:CallMethod():An endpoint configuration section for contract 'ServiceReference1.POS_WebServiceSoap' could not be loaded because more than one endpoint configuration for that contract was found. Please indicate the preferred endpoint configuration section by name.
11/1/2023 2:40:56 PM:DBManager:connection_data:Object reference not set to an instance of an object.
11/1/2023 2:40:56 PM:DBManager:connection_data:Object reference not set to an instance of an object.
01/11/2023 2:40:56 PM:POS_WS:CallMethod():An endpoint configuration section for contract 'ServiceReference1.POS_WebServiceSoap' could not be loaded because more than one endpoint configuration for that contract was found. Please indicate the preferred endpoint configuration section by name.
11/1/2023 2:40:56 PM:DBManager:connection_data:Object reference not set to an instance of an object.
11/1/2023 2:40:56 PM:DBManager:connection_data:Object reference not set to an instance of an object.
01/11/2023 2:40:56 PM:POS_WS:CallMethod():An endpoint configuration section for contract 'ServiceReference1.POS_WebServiceSoap' could not be loaded because more than one endpoint configuration for that contract was found. Please indicate the preferred endpoint configuration section by name.
11/1/2023 2:40:56 PM:DBManager:connection_data:Object reference not set to an instance of an object.
11/1/2023 2:40:56 PM:DBManager:connection_data:Object reference not set to an instance of an object.
01/11/2023 2:40:56 PM:POS_WS:CallMethod():An endpoint configuration section for contract 'ServiceReference1.POS_WebServiceSoap' could not be loaded because more than one endpoint configuration for that contract was found. Please indicate the preferred endpoint configuration section by name.
11/1/2023 2:41:12 PM:DBManager:connection_data:Object reference not set to an instance of an object.
11/1/2023 2:41:12 PM:DBManager:connection_data:Object reference not set to an instance of an object.
01/11/2023 2:41:12 PM:POS_WS:CallMethod():An endpoint configuration section for contract 'ServiceReference1.POS_WebServiceSoap' could not be loaded because more than one endpoint configuration for that contract was found. Please indicate the preferred endpoint configuration section by name.
11/1/2023 2:41:13 PM:DBManager:connection_data:Object reference not set to an instance of an object.
11/1/2023 2:41:13 PM:DBManager:connection_data:Object reference not set to an instance of an object.
01/11/2023 2:41:14 PM:POS_WS:CallMethod():An endpoint configuration section for contract 'ServiceReference1.POS_WebServiceSoap' could not be loaded because more than one endpoint configuration for that contract was found. Please indicate the preferred endpoint configuration section by name.
11/1/2023 2:41:42 PM:DBManager:connection_data:Object reference not set to an instance of an object.
11/1/2023 2:41:42 PM:DBManager:connection_data:Object reference not set to an instance of an object.
01/11/2023 2:41:42 PM:POS_WS:CallMethod():An endpoint configuration section for contract 'ServiceReference1.POS_WebServiceSoap' could not be loaded because more than one endpoint configuration for that contract was found. Please indicate the preferred endpoint configuration section by name.
11/1/2023 2:41:44 PM:DBManager:connection_data:Object reference not set to an instance of an object.
11/1/2023 2:41:44 PM:DBManager:connection_data:Object reference not set to an instance of an object.
01/11/2023 2:41:44 PM:POS_WS:CallMethod():An endpoint configuration section for contract 'ServiceReference1.POS_WebServiceSoap' could not be loaded because more than one endpoint configuration for that contract was found. Please indicate the preferred endpoint configuration section by name.
11/1/2023 2:41:45 PM:DBManager:connection_data:Object reference not set to an instance of an object.
11/1/2023 2:41:45 PM:DBManager:connection_data:Object reference not set to an instance of an object.
01/11/2023 2:41:45 PM:POS_WS:CallMethod():An endpoint configuration section for contract 'ServiceReference1.POS_WebServiceSoap' could not be loaded because more than one endpoint configuration for that contract was found. Please indicate the preferred endpoint configuration section by name.
11/1/2023 2:41:45 PM:DBManager:connection_data:Object reference not set to an instance of an object.
11/1/2023 2:41:45 PM:DBManager:connection_data:Object reference not set to an instance of an object.
01/11/2023 2:41:45 PM:POS_WS:CallMethod():An endpoint configuration section for contract 'ServiceReference1.POS_WebServiceSoap' could not be loaded because more than one endpoint configuration for that contract was found. Please indicate the preferred endpoint configuration section by name.
11/1/2023 2:41:46 PM:DBManager:connection_data:Object reference not set to an instance of an object.
11/1/2023 2:41:46 PM:DBManager:connection_data:Object reference not set to an instance of an object.
01/11/2023 2:41:46 PM:POS_WS:CallMethod():An endpoint configuration section for contract 'ServiceReference1.POS_WebServiceSoap' could not be loaded because more than one endpoint configuration for that contract was found. Please indicate the preferred endpoint configuration section by name.
11/1/2023 2:41:46 PM:DBManager:connection_data:Object reference not set to an instance of an object.
11/1/2023 2:41:46 PM:DBManager:connection_data:Object reference not set to an instance of an object.
01/11/2023 2:41:46 PM:POS_WS:CallMethod():An endpoint configuration section for contract 'ServiceReference1.POS_WebServiceSoap' could not be loaded because more than one endpoint configuration for that contract was found. Please indicate the preferred endpoint configuration section by name.
11/1/2023 2:41:51 PM:DBManager:connection_data:Object reference not set to an instance of an object.
11/1/2023 2:41:51 PM:DBManager:connection_data:Object reference not set to an instance of an object.
01/11/2023 2:41:51 PM:POS_WS:CallMethod():An endpoint configuration section for contract 'ServiceReference1.POS_WebServiceSoap' could not be loaded because more than one endpoint configuration for that contract was found. Please indicate the preferred endpoint configuration section by name.
11/1/2023 2:41:54 PM:DBManager:connection_data:Object reference not set to an instance of an object.
11/1/2023 2:41:54 PM:DBManager:connection_data:Object reference not set to an instance of an object.
01/11/2023 2:41:54 PM:POS_WS:CallMethod():An endpoint configuration section for contract 'ServiceReference1.POS_WebServiceSoap' could not be loaded because more than one endpoint configuration for that contract was found. Please indicate the preferred endpoint configuration section by name.
11/1/2023 2:41:56 PM:DBManager:connection_data:Object reference not set to an instance of an object.
11/1/2023 2:41:56 PM:DBManager:connection_data:Object reference not set to an instance of an object.
01/11/2023 2:41:56 PM:POS_WS:CallMethod():An endpoint configuration section for contract 'ServiceReference1.POS_WebServiceSoap' could not be loaded because more than one endpoint configuration for that contract was found. Please indicate the preferred endpoint configuration section by name.
11/1/2023 3:31:53 PM:DBManager:connection_data:Object reference not set to an instance of an object.
11/1/2023 3:31:53 PM:DBManager:connection_data:Object reference not set to an instance of an object.
01/11/2023 3:31:54 PM:POS_WS:CallMethod():An endpoint configuration section for contract 'ServiceReference1.POS_WebServiceSoap' could not be loaded because more than one endpoint configuration for that contract was found. Please indicate the preferred endpoint configuration section by name.
11/1/2023 3:31:55 PM:DBManager:connection_data:Object reference not set to an instance of an object.
11/1/2023 3:31:55 PM:DBManager:connection_data:Object reference not set to an instance of an object.
01/11/2023 3:31:55 PM:POS_WS:CallMethod():An endpoint configuration section for contract 'ServiceReference1.POS_WebServiceSoap' could not be loaded because more than one endpoint configuration for that contract was found. Please indicate the preferred endpoint configuration section by name.
11/1/2023 3:31:57 PM:DBManager:connection_data:Object reference not set to an instance of an object.
11/1/2023 3:31:57 PM:DBManager:connection_data:Object reference not set to an instance of an object.
01/11/2023 3:31:57 PM:POS_WS:CallMethod():An endpoint configuration section for contract 'ServiceReference1.POS_WebServiceSoap' could not be loaded because more than one endpoint configuration for that contract was found. Please indicate the preferred endpoint configuration section by name.
11/1/2023 3:32:05 PM:DBManager:connection_data:Object reference not set to an instance of an object.
11/1/2023 3:32:05 PM:DBManager:connection_data:Object reference not set to an instance of an object.
01/11/2023 3:32:05 PM:POS_WS:CallMethod():An endpoint configuration section for contract 'ServiceReference1.POS_WebServiceSoap' could not be loaded because more than one endpoint configuration for that contract was found. Please indicate the preferred endpoint configuration section by name.
11/1/2023 6:26:43 PM:DBManager:connection_data:Object reference not set to an instance of an object.
11/1/2023 6:26:43 PM:DBManager:connection_data:Object reference not set to an instance of an object.
11/1/2023 6:26:44 PM:DBManager:connection_data:Object reference not set to an instance of an object.
11/1/2023 6:26:44 PM:DBManager:connection_data:Object reference not set to an instance of an object.
11/1/2023 6:26:44 PM:DBManager:connection_data:Object reference not set to an instance of an object.
11/1/2023 6:26:44 PM:DBManager:connection_data:Object reference not set to an instance of an object.
11/1/2023 6:26:44 PM:DBManager:connection_data:Object reference not set to an instance of an object.
11/1/2023 6:26:44 PM:DBManager:connection_data:Object reference not set to an instance of an object.
11/1/2023 6:26:44 PM:DBManager:connection_data:Object reference not set to an instance of an object.
11/1/2023 6:26:44 PM:DBManager:connection_data:Object reference not set to an instance of an object.
11/1/2023 6:26:44 PM:DBManager:connection_data:Object reference not set to an instance of an object.
11/1/2023 6:26:44 PM:DBManager:connection_data:Object reference not set to an instance of an object.
11/1/2023 6:26:44 PM:DBManager:connection_data:Object reference not set to an instance of an object.
11/1/2023 6:26:44 PM:DBManager:connection_data:Object reference not set to an instance of an object.
11/1/2023 6:26:44 PM:DBManager:connection_data:Object reference not set to an instance of an object.
11/1/2023 6:26:44 PM:DBManager:connection_data:Object reference not set to an instance of an object.
11/1/2023 6:26:44 PM:DBManager:connection_data:Object reference not set to an instance of an object.
11/1/2023 6:26:44 PM:DBManager:connection_data:Object reference not set to an instance of an object.
11/1/2023 6:26:44 PM:DBManager:connection_data:Object reference not set to an instance of an object.
11/1/2023 6:26:44 PM:DBManager:connection_data:Object reference not set to an instance of an object.
11/1/2023 6:26:44 PM:DBManager:connection_data:Object reference not set to an instance of an object.
11/1/2023 6:26:44 PM:DBManager:connection_data:Object reference not set to an instance of an object.
11/1/2023 6:26:44 PM:DBManager:connection_data:Object reference not set to an instance of an object.
11/1/2023 6:26:44 PM:DBManager:connection_data:Object reference not set to an instance of an object.
11/1/2023 6:26:44 PM:DBManager:connection_data:Object reference not set to an instance of an object.
11/1/2023 6:26:44 PM:DBManager:connection_data:Object reference not set to an instance of an object.
11/1/2023 6:26:44 PM:DBManager:connection_data:Object reference not set to an instance of an object.
11/1/2023 6:26:44 PM:DBManager:connection_data:Object reference not set to an instance of an object.
11/1/2023 6:26:44 PM:DBManager:connection_data:Object reference not set to an instance of an object.
11/1/2023 6:26:44 PM:DBManager:connection_data:Object reference not set to an instance of an object.
11/1/2023 6:26:44 PM:DBManager:connection_data:Object reference not set to an instance of an object.
11/1/2023 6:26:44 PM:DBManager:connection_data:Object reference not set to an instance of an object.
11/1/2023 6:26:44 PM:DBManager:connection_data:Object reference not set to an instance of an object.
11/1/2023 6:26:44 PM:DBManager:connection_data:Object reference not set to an instance of an object.
11/1/2023 6:26:44 PM:DBManager:connection_data:Object reference not set to an instance of an object.
11/1/2023 6:26:44 PM:DBManager:connection_data:Object reference not set to an instance of an object.
11/1/2023 6:26:44 PM:DBManager:connection_data:Object reference not set to an instance of an object.
11/1/2023 6:26:44 PM:DBManager:connection_data:Object reference not set to an instance of an object.
11/1/2023 6:26:44 PM:DBManager:connection_data:Object reference not set to an instance of an object.
11/1/2023 6:26:44 PM:DBManager:connection_data:Object reference not set to an instance of an object.
11/1/2023 6:26:44 PM:DBManager:connection_data:Object reference not set to an instance of an object.
11/1/2023 6:26:44 PM:DBManager:connection_data:Object reference not set to an instance of an object.
11/1/2023 6:26:44 PM:DBManager:connection_data:Object reference not set to an instance of an object.
11/1/2023 6:26:44 PM:DBManager:connection_data:Object reference not set to an instance of an object.
11/1/2023 6:26:44 PM:DBManager:connection_data:Object reference not set to an instance of an object.
11/1/2023 6:26:44 PM:DBManager:connection_data:Object reference not set to an instance of an object.
11/1/2023 6:26:44 PM:DBManager:connection_data:Object reference not set to an instance of an object.
11/1/2023 6:26:44 PM:DBManager:connection_data:Object reference not set to an instance of an object.
11/1/2023 6:26:44 PM:DBManager:connection_data:Object reference not set to an instance of an object.
11/1/2023 6:26:44 PM:DBManager:connection_data:Object reference not set to an instance of an object.
11/1/2023 6:26:44 PM:DBManager:connection_data:Object reference not set to an instance of an object.
11/1/2023 6:26:44 PM:DBManager:connection_data:Object reference not set to an instance of an object.
11/1/2023 6:26:44 PM:DBManager:connection_data:Object reference not set to an instance of an object.
11/1/2023 6:26:44 PM:DBManager:connection_data:Object reference not set to an instance of an object.
11/1/2023 6:26:44 PM:DBManager:connection_data:Object reference not set to an instance of an object.
11/1/2023 6:26:44 PM:DBManager:connection_data:Object reference not set to an instance of an object.
11/1/2023 6:26:44 PM:DBManager:connection_data:Object reference not set to an instance of an object.
11/1/2023 6:26:44 PM:DBManager:connection_data:Object reference not set to an instance of an object.
11/1/2023 6:26:44 PM:DBManager:connection_data:Object reference not set to an instance of an object.
11/1/2023 6:26:44 PM:DBManager:connection_data:Object reference not set to an instance of an object.
11/1/2023 6:26:44 PM:DBManager:connection_data:Object reference not set to an instance of an object.
11/1/2023 6:26:44 PM:DBManager:connection_data:Object reference not set to an instance of an object.
11/1/2023 6:26:44 PM:DBManager:connection_data:Object reference not set to an instance of an object.
11/1/2023 6:26:44 PM:DBManager:connection_data:Object reference not set to an instance of an object.
11/1/2023 6:26:44 PM:DBManager:connection_data:Object reference not set to an instance of an object.
11/1/2023 6:26:44 PM:DBManager:connection_data:Object reference not set to an instance of an object.
11/1/2023 6:26:44 PM:DBManager:connection_data:Object reference not set to an instance of an object.
11/1/2023 6:26:44 PM:DBManager:connection_data:Object reference not set to an instance of an object.
11/1/2023 6:26:44 PM:DBManager:connection_data:Object reference not set to an instance of an object.
11/1/2023 6:26:44 PM:DBManager:connection_data:Object reference not set to an instance of an object.
11/1/2023 6:26:44 PM:DBManager:connection_data:Object reference not set to an instance of an object.
11/1/2023 6:26:44 PM:DBManager:connection_data:Object reference not set to an instance of an object.
11/1/2023 6:26:44 PM:DBManager:connection_data:Object reference not set to an instance of an object.
11/1/2023 6:26:44 PM:DBManager:connection_data:Object reference not set to an instance of an object.
11/1/2023 6:26:44 PM:DBManager:connection_data:Object reference not set to an instance of an object.
11/1/2023 6:26:44 PM:DBManager:connection_data:Object reference not set to an instance of an object.
11/1/2023 6:26:44 PM:DBManager:connection_data:Object reference not set to an instance of an object.
11/1/2023 6:26:44 PM:DBManager:connection_data:Object reference not set to an instance of an object.
11/1/2023 6:26:44 PM:DBManager:connection_data:Object reference not set to an instance of an object.
11/1/2023 6:26:44 PM:DBManager:connection_data:Object reference not set to an instance of an object.
11/1/2023 6:26:44 PM:DBManager:connection_data:Object reference not set to an instance of an object.
11/1/2023 6:26:44 PM:DBManager:connection_data:Object reference not set to an instance of an object.
11/1/2023 6:26:44 PM:DBManager:connection_data:Object reference not set to an instance of an object.
11/1/2023 6:26:44 PM:DBManager:connection_data:Object reference not set to an instance of an object.
11/1/2023 6:26:44 PM:DBManager:connection_data:Object reference not set to an instance of an object.
11/1/2023 6:26:44 PM:DBManager:connection_data:Object reference not set to an instance of an object.
01/11/2023 6:26:44 PM:MasterPage:Page_Init:Thread was being aborted.
11/1/2023 6:26:44 PM:DBManager:connection_data:Object reference not set to an instance of an object.
11/1/2023 6:26:44 PM:DBManager:connection_data:Object reference not set to an instance of an object.
11/1/2023 6:26:44 PM:DBManager:connection_data:Object reference not set to an instance of an object.
01/11/2023 6:26:44 PM:SignIn:btnLogIn_Click:test
11/1/2023 6:26:47 PM:DBManager:connection_data:Object reference not set to an instance of an object.
11/1/2023 6:26:47 PM:DBManager:connection_data:Object reference not set to an instance of an object.
01/11/2023 6:26:47 PM:POS_WS:CallMethod():An endpoint configuration section for contract 'ServiceReference1.POS_WebServiceSoap' could not be loaded because more than one endpoint configuration for that contract was found. Please indicate the preferred endpoint configuration section by name.
11/1/2023 6:26:53 PM:DBManager:connection_data:Object reference not set to an instance of an object.
11/1/2023 6:26:53 PM:DBManager:connection_data:Object reference not set to an instance of an object.
01/11/2023 6:26:53 PM:POS_WS:CallMethod():An endpoint configuration section for contract 'ServiceReference1.POS_WebServiceSoap' could not be loaded because more than one endpoint configuration for that contract was found. Please indicate the preferred endpoint configuration section by name.
11/1/2023 6:26:53 PM:DBManager:connection_data:Object reference not set to an instance of an object.
11/1/2023 6:26:53 PM:DBManager:connection_data:Object reference not set to an instance of an object.
01/11/2023 6:26:53 PM:POS_WS:CallMethod():An endpoint configuration section for contract 'ServiceReference1.POS_WebServiceSoap' could not be loaded because more than one endpoint configuration for that contract was found. Please indicate the preferred endpoint configuration section by name.
11/1/2023 6:26:54 PM:DBManager:connection_data:Object reference not set to an instance of an object.
11/1/2023 6:26:54 PM:DBManager:connection_data:Object reference not set to an instance of an object.
01/11/2023 6:26:54 PM:POS_WS:CallMethod():An endpoint configuration section for contract 'ServiceReference1.POS_WebServiceSoap' could not be loaded because more than one endpoint configuration for that contract was found. Please indicate the preferred endpoint configuration section by name.
11/1/2023 6:26:54 PM:DBManager:connection_data:Object reference not set to an instance of an object.
11/1/2023 6:26:54 PM:DBManager:connection_data:Object reference not set to an instance of an object.
01/11/2023 6:26:54 PM:POS_WS:CallMethod():An endpoint configuration section for contract 'ServiceReference1.POS_WebServiceSoap' could not be loaded because more than one endpoint configuration for that contract was found. Please indicate the preferred endpoint configuration section by name.
11/1/2023 6:26:55 PM:DBManager:connection_data:Object reference not set to an instance of an object.
11/1/2023 6:26:55 PM:DBManager:connection_data:Object reference not set to an instance of an object.
01/11/2023 6:26:55 PM:POS_WS:CallMethod():An endpoint configuration section for contract 'ServiceReference1.POS_WebServiceSoap' could not be loaded because more than one endpoint configuration for that contract was found. Please indicate the preferred endpoint configuration section by name.
11/1/2023 6:26:55 PM:DBManager:connection_data:Object reference not set to an instance of an object.
11/1/2023 6:26:55 PM:DBManager:connection_data:Object reference not set to an instance of an object.
01/11/2023 6:26:55 PM:POS_WS:CallMethod():An endpoint configuration section for contract 'ServiceReference1.POS_WebServiceSoap' could not be loaded because more than one endpoint configuration for that contract was found. Please indicate the preferred endpoint configuration section by name.
11/1/2023 6:26:55 PM:DBManager:connection_data:Object reference not set to an instance of an object.
11/1/2023 6:26:55 PM:DBManager:connection_data:Object reference not set to an instance of an object.
01/11/2023 6:26:55 PM:POS_WS:CallMethod():An endpoint configuration section for contract 'ServiceReference1.POS_WebServiceSoap' could not be loaded because more than one endpoint configuration for that contract was found. Please indicate the preferred endpoint configuration section by name.
11/1/2023 6:26:55 PM:DBManager:connection_data:Object reference not set to an instance of an object.
11/1/2023 6:26:55 PM:DBManager:connection_data:Object reference not set to an instance of an object.
01/11/2023 6:26:55 PM:POS_WS:CallMethod():An endpoint configuration section for contract 'ServiceReference1.POS_WebServiceSoap' could not be loaded because more than one endpoint configuration for that contract was found. Please indicate the preferred endpoint configuration section by name.
11/1/2023 6:26:56 PM:DBManager:connection_data:Object reference not set to an instance of an object.
11/1/2023 6:26:56 PM:DBManager:connection_data:Object reference not set to an instance of an object.
01/11/2023 6:26:56 PM:POS_WS:CallMethod():An endpoint configuration section for contract 'ServiceReference1.POS_WebServiceSoap' could not be loaded because more than one endpoint configuration for that contract was found. Please indicate the preferred endpoint configuration section by name.
11/1/2023 6:26:56 PM:DBManager:connection_data:Object reference not set to an instance of an object.
11/1/2023 6:26:56 PM:DBManager:connection_data:Object reference not set to an instance of an object.
01/11/2023 6:26:56 PM:POS_WS:CallMethod():An endpoint configuration section for contract 'ServiceReference1.POS_WebServiceSoap' could not be loaded because more than one endpoint configuration for that contract was found. Please indicate the preferred endpoint configuration section by name.
11/1/2023 6:26:56 PM:DBManager:connection_data:Object reference not set to an instance of an object.
11/1/2023 6:26:56 PM:DBManager:connection_data:Object reference not set to an instance of an object.
01/11/2023 6:26:56 PM:POS_WS:CallMethod():An endpoint configuration section for contract 'ServiceReference1.POS_WebServiceSoap' could not be loaded because more than one endpoint configuration for that contract was found. Please indicate the preferred endpoint configuration section by name.
11/1/2023 6:26:57 PM:DBManager:connection_data:Object reference not set to an instance of an object.
11/1/2023 6:26:57 PM:DBManager:connection_data:Object reference not set to an instance of an object.
01/11/2023 6:26:57 PM:POS_WS:CallMethod():An endpoint configuration section for contract 'ServiceReference1.POS_WebServiceSoap' could not be loaded because more than one endpoint configuration for that contract was found. Please indicate the preferred endpoint configuration section by name.
11/1/2023 6:26:57 PM:DBManager:connection_data:Object reference not set to an instance of an object.
11/1/2023 6:26:57 PM:DBManager:connection_data:Object reference not set to an instance of an object.
01/11/2023 6:26:57 PM:POS_WS:CallMethod():An endpoint configuration section for contract 'ServiceReference1.POS_WebServiceSoap' could not be loaded because more than one endpoint configuration for that contract was found. Please indicate the preferred endpoint configuration section by name.
11/1/2023 6:26:57 PM:DBManager:connection_data:Object reference not set to an instance of an object.
11/1/2023 6:26:57 PM:DBManager:connection_data:Object reference not set to an instance of an object.
01/11/2023 6:26:57 PM:POS_WS:CallMethod():An endpoint configuration section for contract 'ServiceReference1.POS_WebServiceSoap' could not be loaded because more than one endpoint configuration for that contract was found. Please indicate the preferred endpoint configuration section by name.
11/1/2023 6:26:57 PM:DBManager:connection_data:Object reference not set to an instance of an object.
11/1/2023 6:26:57 PM:DBManager:connection_data:Object reference not set to an instance of an object.
01/11/2023 6:26:58 PM:POS_WS:CallMethod():An endpoint configuration section for contract 'ServiceReference1.POS_WebServiceSoap' could not be loaded because more than one endpoint configuration for that contract was found. Please indicate the preferred endpoint configuration section by name.
11/1/2023 6:26:58 PM:DBManager:connection_data:Object reference not set to an instance of an object.
11/1/2023 6:26:58 PM:DBManager:connection_data:Object reference not set to an instance of an object.
01/11/2023 6:26:58 PM:POS_WS:CallMethod():An endpoint configuration section for contract 'ServiceReference1.POS_WebServiceSoap' could not be loaded because more than one endpoint configuration for that contract was found. Please indicate the preferred endpoint configuration section by name.
11/1/2023 6:26:58 PM:DBManager:connection_data:Object reference not set to an instance of an object.
11/1/2023 6:26:58 PM:DBManager:connection_data:Object reference not set to an instance of an object.
01/11/2023 6:26:58 PM:POS_WS:CallMethod():An endpoint configuration section for contract 'ServiceReference1.POS_WebServiceSoap' could not be loaded because more than one endpoint configuration for that contract was found. Please indicate the preferred endpoint configuration section by name.
11/1/2023 6:26:58 PM:DBManager:connection_data:Object reference not set to an instance of an object.
11/1/2023 6:26:58 PM:DBManager:connection_data:Object reference not set to an instance of an object.
01/11/2023 6:26:58 PM:POS_WS:CallMethod():An endpoint configuration section for contract 'ServiceReference1.POS_WebServiceSoap' could not be loaded because more than one endpoint configuration for that contract was found. Please indicate the preferred endpoint configuration section by name.
11/1/2023 6:26:58 PM:DBManager:connection_data:Object reference not set to an instance of an object.
11/1/2023 6:26:58 PM:DBManager:connection_data:Object reference not set to an instance of an object.
01/11/2023 6:26:58 PM:POS_WS:CallMethod():An endpoint configuration section for contract 'ServiceReference1.POS_WebServiceSoap' could not be loaded because more than one endpoint configuration for that contract was found. Please indicate the preferred endpoint configuration section by name.
11/1/2023 6:26:59 PM:DBManager:connection_data:Object reference not set to an instance of an object.
11/1/2023 6:26:59 PM:DBManager:connection_data:Object reference not set to an instance of an object.
01/11/2023 6:26:59 PM:POS_WS:CallMethod():An endpoint configuration section for contract 'ServiceReference1.POS_WebServiceSoap' could not be loaded because more than one endpoint configuration for that contract was found. Please indicate the preferred endpoint configuration section by name.
11/1/2023 6:26:59 PM:DBManager:connection_data:Object reference not set to an instance of an object.
11/1/2023 6:26:59 PM:DBManager:connection_data:Object reference not set to an instance of an object.
01/11/2023 6:26:59 PM:POS_WS:CallMethod():An endpoint configuration section for contract 'ServiceReference1.POS_WebServiceSoap' could not be loaded because more than one endpoint configuration for that contract was found. Please indicate the preferred endpoint configuration section by name.
11/1/2023 6:27:38 PM:DBManager:connection_data:Object reference not set to an instance of an object.
11/1/2023 6:27:38 PM:DBManager:connection_data:Object reference not set to an instance of an object.
01/11/2023 6:27:38 PM:POS_WS:CallMethod():An endpoint configuration section for contract 'ServiceReference1.POS_WebServiceSoap' could not be loaded because more than one endpoint configuration for that contract was found. Please indicate the preferred endpoint configuration section by name.
11/1/2023 6:28:38 PM:DBManager:connection_data:Object reference not set to an instance of an object.
11/1/2023 6:28:38 PM:DBManager:connection_data:Object reference not set to an instance of an object.
01/11/2023 6:28:38 PM:POS_WS:CallMethod():An endpoint configuration section for contract 'ServiceReference1.POS_WebServiceSoap' could not be loaded because more than one endpoint configuration for that contract was found. Please indicate the preferred endpoint configuration section by name.
11/1/2023 6:28:59 PM:DBManager:connection_data:Object reference not set to an instance of an object.
11/1/2023 6:28:59 PM:DBManager:connection_data:Object reference not set to an instance of an object.
01/11/2023 6:28:59 PM:POS_WS:CallMethod():An endpoint configuration section for contract 'ServiceReference1.POS_WebServiceSoap' could not be loaded because more than one endpoint configuration for that contract was found. Please indicate the preferred endpoint configuration section by name.
11/1/2023 6:29:07 PM:DBManager:connection_data:Object reference not set to an instance of an object.
11/1/2023 6:29:07 PM:DBManager:connection_data:Object reference not set to an instance of an object.
01/11/2023 6:29:07 PM:POS_WS:CallMethod():An endpoint configuration section for contract 'ServiceReference1.POS_WebServiceSoap' could not be loaded because more than one endpoint configuration for that contract was found. Please indicate the preferred endpoint configuration section by name.
11/1/2023 6:29:09 PM:DBManager:connection_data:Object reference not set to an instance of an object.
11/1/2023 6:29:09 PM:DBManager:connection_data:Object reference not set to an instance of an object.
01/11/2023 6:29:09 PM:POS_WS:CallMethod():An endpoint configuration section for contract 'ServiceReference1.POS_WebServiceSoap' could not be loaded because more than one endpoint configuration for that contract was found. Please indicate the preferred endpoint configuration section by name.
11/1/2023 6:29:10 PM:DBManager:connection_data:Object reference not set to an instance of an object.
11/1/2023 6:29:10 PM:DBManager:connection_data:Object reference not set to an instance of an object.
01/11/2023 6:29:10 PM:POS_WS:CallMethod():An endpoint configuration section for contract 'ServiceReference1.POS_WebServiceSoap' could not be loaded because more than one endpoint configuration for that contract was found. Please indicate the preferred endpoint configuration section by name.
11/1/2023 6:29:11 PM:DBManager:connection_data:Object reference not set to an instance of an object.
11/1/2023 6:29:11 PM:DBManager:connection_data:Object reference not set to an instance of an object.
01/11/2023 6:29:11 PM:POS_WS:CallMethod():An endpoint configuration section for contract 'ServiceReference1.POS_WebServiceSoap' could not be loaded because more than one endpoint configuration for that contract was found. Please indicate the preferred endpoint configuration section by name.
11/1/2023 6:29:12 PM:DBManager:connection_data:Object reference not set to an instance of an object.
11/1/2023 6:29:12 PM:DBManager:connection_data:Object reference not set to an instance of an object.
01/11/2023 6:29:12 PM:POS_WS:CallMethod():An endpoint configuration section for contract 'ServiceReference1.POS_WebServiceSoap' could not be loaded because more than one endpoint configuration for that contract was found. Please indicate the preferred endpoint configuration section by name.
11/1/2023 6:29:12 PM:DBManager:connection_data:Object reference not set to an instance of an object.
11/1/2023 6:29:12 PM:DBManager:connection_data:Object reference not set to an instance of an object.
01/11/2023 6:29:12 PM:POS_WS:CallMethod():An endpoint configuration section for contract 'ServiceReference1.POS_WebServiceSoap' could not be loaded because more than one endpoint configuration for that contract was found. Please indicate the preferred endpoint configuration section by name.
11/1/2023 6:29:13 PM:DBManager:connection_data:Object reference not set to an instance of an object.
11/1/2023 6:29:13 PM:DBManager:connection_data:Object reference not set to an instance of an object.
01/11/2023 6:29:13 PM:POS_WS:CallMethod():An endpoint configuration section for contract 'ServiceReference1.POS_WebServiceSoap' could not be loaded because more than one endpoint configuration for that contract was found. Please indicate the preferred endpoint configuration section by name.
11/1/2023 6:29:14 PM:DBManager:connection_data:Object reference not set to an instance of an object.
11/1/2023 6:29:14 PM:DBManager:connection_data:Object reference not set to an instance of an object.
01/11/2023 6:29:14 PM:POS_WS:CallMethod():An endpoint configuration section for contract 'ServiceReference1.POS_WebServiceSoap' could not be loaded because more than one endpoint configuration for that contract was found. Please indicate the preferred endpoint configuration section by name.
11/1/2023 6:29:15 PM:DBManager:connection_data:Object reference not set to an instance of an object.
11/1/2023 6:29:15 PM:DBManager:connection_data:Object reference not set to an instance of an object.
01/11/2023 6:29:15 PM:POS_WS:CallMethod():An endpoint configuration section for contract 'ServiceReference1.POS_WebServiceSoap' could not be loaded because more than one endpoint configuration for that contract was found. Please indicate the preferred endpoint configuration section by name.
11/1/2023 6:29:15 PM:DBManager:connection_data:Object reference not set to an instance of an object.
11/1/2023 6:29:15 PM:DBManager:connection_data:Object reference not set to an instance of an object.
01/11/2023 6:29:15 PM:POS_WS:CallMethod():An endpoint configuration section for contract 'ServiceReference1.POS_WebServiceSoap' could not be loaded because more than one endpoint configuration for that contract was found. Please indicate the preferred endpoint configuration section by name.
11/1/2023 6:29:16 PM:DBManager:connection_data:Object reference not set to an instance of an object.
11/1/2023 6:29:16 PM:DBManager:connection_data:Object reference not set to an instance of an object.
01/11/2023 6:29:16 PM:POS_WS:CallMethod():An endpoint configuration section for contract 'ServiceReference1.POS_WebServiceSoap' could not be loaded because more than one endpoint configuration for that contract was found. Please indicate the preferred endpoint configuration section by name.
11/1/2023 6:29:16 PM:DBManager:connection_data:Object reference not set to an instance of an object.
11/1/2023 6:29:16 PM:DBManager:connection_data:Object reference not set to an instance of an object.
01/11/2023 6:29:16 PM:POS_WS:CallMethod():An endpoint configuration section for contract 'ServiceReference1.POS_WebServiceSoap' could not be loaded because more than one endpoint configuration for that contract was found. Please indicate the preferred endpoint configuration section by name.
11/1/2023 6:29:17 PM:DBManager:connection_data:Object reference not set to an instance of an object.
11/1/2023 6:29:17 PM:DBManager:connection_data:Object reference not set to an instance of an object.
01/11/2023 6:29:17 PM:POS_WS:CallMethod():An endpoint configuration section for contract 'ServiceReference1.POS_WebServiceSoap' could not be loaded because more than one endpoint configuration for that contract was found. Please indicate the preferred endpoint configuration section by name.
11/1/2023 6:29:17 PM:DBManager:connection_data:Object reference not set to an instance of an object.
11/1/2023 6:29:17 PM:DBManager:connection_data:Object reference not set to an instance of an object.
01/11/2023 6:29:17 PM:POS_WS:CallMethod():An endpoint configuration section for contract 'ServiceReference1.POS_WebServiceSoap' could not be loaded because more than one endpoint configuration for that contract was found. Please indicate the preferred endpoint configuration section by name.
11/1/2023 6:29:49 PM:DBManager:connection_data:Object reference not set to an instance of an object.
11/1/2023 6:29:49 PM:DBManager:connection_data:Object reference not set to an instance of an object.
11/1/2023 6:29:50 PM:DBManager:connection_data:Object reference not set to an instance of an object.
11/1/2023 6:29:50 PM:DBManager:connection_data:Object reference not set to an instance of an object.
11/1/2023 6:42:34 PM:DBManager:connection_data:Object reference not set to an instance of an object.
11/1/2023 6:42:34 PM:DBManager:connection_data:Object reference not set to an instance of an object.
11/1/2023 6:42:34 PM:DBManager:connection_data:Object reference not set to an instance of an object.
11/1/2023 6:42:34 PM:DBManager:connection_data:Object reference not set to an instance of an object.
