10/16/2024 10:05:05 AM:DBManager:connection_data:Object reference not set to an instance of an object.
10/16/2024 10:05:05 AM:DBManager:connection_data:Object reference not set to an instance of an object.
10/16/2024 10:05:05 AM:DBManager:connection_data:Object reference not set to an instance of an object.
10/16/2024 10:05:05 AM:DBManager:connection_data:Object reference not set to an instance of an object.
10/16/2024 10:05:05 AM:DBManager:connection_data:Object reference not set to an instance of an object.
10/16/2024 10:05:05 AM:DBManager:connection_data:Object reference not set to an instance of an object.
10/16/2024 10:05:05 AM:DBManager:connection_data:Object reference not set to an instance of an object.
10/16/2024 10:05:05 AM:DBManager:connection_data:Object reference not set to an instance of an object.
10/16/2024 10:05:05 AM:DBManager:connection_data:Object reference not set to an instance of an object.
10/16/2024 10:05:05 AM:DBManager:connection_data:Object reference not set to an instance of an object.
10/16/2024 10:05:05 AM:DBManager:connection_data:Object reference not set to an instance of an object.
10/16/2024 10:05:05 AM:DBManager:connection_data:Object reference not set to an instance of an object.
10/16/2024 10:05:05 AM:DBManager:connection_data:Object reference not set to an instance of an object.
10/16/2024 10:05:05 AM:DBManager:connection_data:Object reference not set to an instance of an object.
10/16/2024 10:05:05 AM:DBManager:connection_data:Object reference not set to an instance of an object.
10/16/2024 10:05:05 AM:DBManager:connection_data:Object reference not set to an instance of an object.
10/16/2024 10:05:05 AM:DBManager:connection_data:Object reference not set to an instance of an object.
10/16/2024 10:05:05 AM:DBManager:connection_data:Object reference not set to an instance of an object.
10/16/2024 10:05:05 AM:DBManager:connection_data:Object reference not set to an instance of an object.
10/16/2024 10:05:05 AM:DBManager:connection_data:Object reference not set to an instance of an object.
10/16/2024 10:05:05 AM:DBManager:connection_data:Object reference not set to an instance of an object.
10/16/2024 10:05:05 AM:DBManager:connection_data:Object reference not set to an instance of an object.
10/16/2024 10:05:05 AM:DBManager:connection_data:Object reference not set to an instance of an object.
10/16/2024 10:05:05 AM:DBManager:connection_data:Object reference not set to an instance of an object.
10/16/2024 10:05:05 AM:DBManager:connection_data:Object reference not set to an instance of an object.
10/16/2024 10:05:05 AM:DBManager:connection_data:Object reference not set to an instance of an object.
10/16/2024 10:05:05 AM:DBManager:connection_data:Object reference not set to an instance of an object.
10/16/2024 10:05:05 AM:DBManager:connection_data:Object reference not set to an instance of an object.
10/16/2024 10:05:05 AM:DBManager:connection_data:Object reference not set to an instance of an object.
10/16/2024 10:05:05 AM:DBManager:connection_data:Object reference not set to an instance of an object.
10/16/2024 10:05:05 AM:DBManager:connection_data:Object reference not set to an instance of an object.
10/16/2024 10:05:05 AM:DBManager:connection_data:Object reference not set to an instance of an object.
10/16/2024 10:05:05 AM:DBManager:connection_data:Object reference not set to an instance of an object.
10/16/2024 10:05:05 AM:DBManager:connection_data:Object reference not set to an instance of an object.
10/16/2024 10:05:05 AM:DBManager:connection_data:Object reference not set to an instance of an object.
10/16/2024 10:05:05 AM:DBManager:connection_data:Object reference not set to an instance of an object.
10/16/2024 10:05:05 AM:DBManager:connection_data:Object reference not set to an instance of an object.
10/16/2024 10:05:05 AM:DBManager:connection_data:Object reference not set to an instance of an object.
10/16/2024 10:05:05 AM:DBManager:connection_data:Object reference not set to an instance of an object.
10/16/2024 10:05:05 AM:DBManager:connection_data:Object reference not set to an instance of an object.
10/16/2024 10:05:05 AM:DBManager:connection_data:Object reference not set to an instance of an object.
10/16/2024 10:05:05 AM:DBManager:connection_data:Object reference not set to an instance of an object.
10/16/2024 10:05:05 AM:DBManager:connection_data:Object reference not set to an instance of an object.
10/16/2024 10:05:05 AM:DBManager:connection_data:Object reference not set to an instance of an object.
10/16/2024 10:05:05 AM:DBManager:connection_data:Object reference not set to an instance of an object.
10/16/2024 10:05:05 AM:DBManager:connection_data:Object reference not set to an instance of an object.
10/16/2024 10:05:05 AM:DBManager:connection_data:Object reference not set to an instance of an object.
10/16/2024 10:05:05 AM:DBManager:connection_data:Object reference not set to an instance of an object.
10/16/2024 10:05:05 AM:DBManager:connection_data:Object reference not set to an instance of an object.
10/16/2024 10:05:05 AM:DBManager:connection_data:Object reference not set to an instance of an object.
10/16/2024 10:05:05 AM:DBManager:connection_data:Object reference not set to an instance of an object.
10/16/2024 10:05:05 AM:DBManager:connection_data:Object reference not set to an instance of an object.
10/16/2024 10:05:05 AM:DBManager:connection_data:Object reference not set to an instance of an object.
10/16/2024 10:05:05 AM:DBManager:connection_data:Object reference not set to an instance of an object.
10/16/2024 10:05:05 AM:DBManager:connection_data:Object reference not set to an instance of an object.
10/16/2024 10:05:05 AM:DBManager:connection_data:Object reference not set to an instance of an object.
10/16/2024 10:05:05 AM:DBManager:connection_data:Object reference not set to an instance of an object.
10/16/2024 10:05:05 AM:DBManager:connection_data:Object reference not set to an instance of an object.
10/16/2024 10:05:05 AM:DBManager:connection_data:Object reference not set to an instance of an object.
10/16/2024 10:05:05 AM:DBManager:connection_data:Object reference not set to an instance of an object.
10/16/2024 10:05:05 AM:DBManager:connection_data:Object reference not set to an instance of an object.
10/16/2024 10:05:05 AM:DBManager:connection_data:Object reference not set to an instance of an object.
10/16/2024 10:05:05 AM:DBManager:connection_data:Object reference not set to an instance of an object.
10/16/2024 10:05:05 AM:DBManager:connection_data:Object reference not set to an instance of an object.
10/16/2024 10:05:05 AM:DBManager:connection_data:Object reference not set to an instance of an object.
10/16/2024 10:05:05 AM:DBManager:connection_data:Object reference not set to an instance of an object.
10/16/2024 10:05:05 AM:DBManager:connection_data:Object reference not set to an instance of an object.
10/16/2024 10:05:05 AM:DBManager:connection_data:Object reference not set to an instance of an object.
10/16/2024 10:05:05 AM:DBManager:connection_data:Object reference not set to an instance of an object.
10/16/2024 10:05:05 AM:DBManager:connection_data:Object reference not set to an instance of an object.
10/16/2024 10:05:05 AM:DBManager:connection_data:Object reference not set to an instance of an object.
10/16/2024 10:05:05 AM:DBManager:connection_data:Object reference not set to an instance of an object.
10/16/2024 10:05:05 AM:DBManager:connection_data:Object reference not set to an instance of an object.
10/16/2024 10:05:05 AM:DBManager:connection_data:Object reference not set to an instance of an object.
10/16/2024 10:05:05 AM:DBManager:connection_data:Object reference not set to an instance of an object.
10/16/2024 10:05:05 AM:DBManager:connection_data:Object reference not set to an instance of an object.
10/16/2024 10:05:05 AM:DBManager:connection_data:Object reference not set to an instance of an object.
10/16/2024 10:05:05 AM:DBManager:connection_data:Object reference not set to an instance of an object.
10/16/2024 10:05:05 AM:DBManager:connection_data:Object reference not set to an instance of an object.
10/16/2024 10:05:05 AM:DBManager:connection_data:Object reference not set to an instance of an object.
10/16/2024 10:05:05 AM:DBManager:connection_data:Object reference not set to an instance of an object.
10/16/2024 10:05:05 AM:DBManager:connection_data:Object reference not set to an instance of an object.
10/16/2024 10:05:05 AM:DBManager:connection_data:Object reference not set to an instance of an object.
16/10/2024 10:05:06 AM:MasterPage:Page_Init:Thread was being aborted.
10/16/2024 10:05:06 AM:DBManager:connection_data:Object reference not set to an instance of an object.
10/16/2024 10:05:06 AM:DBManager:connection_data:Object reference not set to an instance of an object.
10/16/2024 10:05:06 AM:DBManager:connection_data:Object reference not set to an instance of an object.
16/10/2024 10:05:06 AM:SignIn:btnLogIn_Click:test
10/16/2024 10:06:00 AM:DBManager:connection_data:Object reference not set to an instance of an object.
10/16/2024 10:06:00 AM:DBManager:connection_data:Object reference not set to an instance of an object.
10/16/2024 10:06:00 AM:DBManager:connection_data:Object reference not set to an instance of an object.
16/10/2024 10:06:00 AM:SignIn:btnLogIn_Click:test
16/10/2024 10:06:02 AM:SignIn:btnLogIn_Click4:
16/10/2024 10:06:02 AM:SignIn:btnLogIn_Click5:
16/10/2024 10:06:02 AM:SignIn:btnLogIn_Click7:
16/10/2024 10:06:02 AM:SignIn:btnLogIn_Click8:
16/10/2024 10:06:03 AM:ClsDataccess:Getdatatable:The ConnectionString property has not been initialized.
10/16/2024 10:06:04 AM:DBManager:connection_data:Object reference not set to an instance of an object.
10/16/2024 10:06:04 AM:DBManager:connection_data:Object reference not set to an instance of an object.
10/16/2024 10:06:04 AM:DBManager:connection_data:Object reference not set to an instance of an object.
10/16/2024 10:06:04 AM:DBManager:connection_data:Object reference not set to an instance of an object.
10/16/2024 10:06:04 AM:DBManager:connection_data:Object reference not set to an instance of an object.
10/16/2024 10:06:04 AM:DBManager:connection_data:Object reference not set to an instance of an object.
10/16/2024 10:06:04 AM:DBManager:connection_data:Object reference not set to an instance of an object.
10/16/2024 10:06:04 AM:DBManager:connection_data:Object reference not set to an instance of an object.
10/16/2024 10:06:04 AM:DBManager:connection_data:Object reference not set to an instance of an object.
10/16/2024 10:06:04 AM:DBManager:connection_data:Object reference not set to an instance of an object.
10/16/2024 10:06:04 AM:DBManager:connection_data:Object reference not set to an instance of an object.
10/16/2024 10:06:04 AM:DBManager:connection_data:Object reference not set to an instance of an object.
10/16/2024 10:06:04 AM:DBManager:connection_data:Object reference not set to an instance of an object.
10/16/2024 10:06:04 AM:DBManager:connection_data:Object reference not set to an instance of an object.
10/16/2024 10:06:04 AM:DBManager:connection_data:Object reference not set to an instance of an object.
10/16/2024 10:06:04 AM:DBManager:connection_data:Object reference not set to an instance of an object.
10/16/2024 10:06:04 AM:DBManager:connection_data:Object reference not set to an instance of an object.
10/16/2024 10:06:04 AM:DBManager:connection_data:Object reference not set to an instance of an object.
10/16/2024 10:06:04 AM:DBManager:connection_data:Object reference not set to an instance of an object.
10/16/2024 10:06:04 AM:DBManager:connection_data:Object reference not set to an instance of an object.
10/16/2024 10:06:04 AM:DBManager:connection_data:Object reference not set to an instance of an object.
10/16/2024 10:06:04 AM:DBManager:connection_data:Object reference not set to an instance of an object.
10/16/2024 10:06:04 AM:DBManager:connection_data:Object reference not set to an instance of an object.
10/16/2024 10:06:04 AM:DBManager:connection_data:Object reference not set to an instance of an object.
10/16/2024 10:06:04 AM:DBManager:connection_data:Object reference not set to an instance of an object.
10/16/2024 10:06:04 AM:DBManager:connection_data:Object reference not set to an instance of an object.
10/16/2024 10:06:04 AM:DBManager:connection_data:Object reference not set to an instance of an object.
10/16/2024 10:06:04 AM:DBManager:connection_data:Object reference not set to an instance of an object.
10/16/2024 10:06:04 AM:DBManager:connection_data:Object reference not set to an instance of an object.
10/16/2024 10:06:04 AM:DBManager:connection_data:Object reference not set to an instance of an object.
10/16/2024 10:06:04 AM:DBManager:connection_data:Object reference not set to an instance of an object.
10/16/2024 10:06:04 AM:DBManager:connection_data:Object reference not set to an instance of an object.
10/16/2024 10:06:04 AM:DBManager:connection_data:Object reference not set to an instance of an object.
10/16/2024 10:06:04 AM:DBManager:connection_data:Object reference not set to an instance of an object.
10/16/2024 10:06:04 AM:DBManager:connection_data:Object reference not set to an instance of an object.
10/16/2024 10:06:04 AM:DBManager:connection_data:Object reference not set to an instance of an object.
10/16/2024 10:06:04 AM:DBManager:connection_data:Object reference not set to an instance of an object.
10/16/2024 10:06:04 AM:DBManager:connection_data:Object reference not set to an instance of an object.
10/16/2024 10:06:04 AM:DBManager:connection_data:Object reference not set to an instance of an object.
10/16/2024 10:06:04 AM:DBManager:connection_data:Object reference not set to an instance of an object.
10/16/2024 10:06:04 AM:DBManager:connection_data:Object reference not set to an instance of an object.
10/16/2024 10:06:04 AM:DBManager:connection_data:Object reference not set to an instance of an object.
10/16/2024 10:06:04 AM:DBManager:connection_data:Object reference not set to an instance of an object.
10/16/2024 10:06:04 AM:DBManager:connection_data:Object reference not set to an instance of an object.
10/16/2024 10:06:04 AM:DBManager:connection_data:Object reference not set to an instance of an object.
10/16/2024 10:06:04 AM:DBManager:connection_data:Object reference not set to an instance of an object.
10/16/2024 10:06:04 AM:DBManager:connection_data:Object reference not set to an instance of an object.
10/16/2024 10:06:04 AM:DBManager:connection_data:Object reference not set to an instance of an object.
10/16/2024 10:06:04 AM:DBManager:connection_data:Object reference not set to an instance of an object.
10/16/2024 10:06:04 AM:DBManager:connection_data:Object reference not set to an instance of an object.
10/16/2024 10:06:04 AM:DBManager:connection_data:Object reference not set to an instance of an object.
10/16/2024 10:06:04 AM:DBManager:connection_data:Object reference not set to an instance of an object.
10/16/2024 10:06:04 AM:DBManager:connection_data:Object reference not set to an instance of an object.
10/16/2024 10:06:04 AM:DBManager:connection_data:Object reference not set to an instance of an object.
10/16/2024 10:06:04 AM:DBManager:connection_data:Object reference not set to an instance of an object.
10/16/2024 10:06:04 AM:DBManager:connection_data:Object reference not set to an instance of an object.
10/16/2024 10:06:04 AM:DBManager:connection_data:Object reference not set to an instance of an object.
10/16/2024 10:06:04 AM:DBManager:connection_data:Object reference not set to an instance of an object.
10/16/2024 10:06:04 AM:DBManager:connection_data:Object reference not set to an instance of an object.
10/16/2024 10:06:04 AM:DBManager:connection_data:Object reference not set to an instance of an object.
10/16/2024 10:06:04 AM:DBManager:connection_data:Object reference not set to an instance of an object.
10/16/2024 10:06:04 AM:DBManager:connection_data:Object reference not set to an instance of an object.
10/16/2024 10:06:04 AM:DBManager:connection_data:Object reference not set to an instance of an object.
10/16/2024 10:06:04 AM:DBManager:connection_data:Object reference not set to an instance of an object.
10/16/2024 10:06:04 AM:DBManager:connection_data:Object reference not set to an instance of an object.
10/16/2024 10:06:04 AM:DBManager:connection_data:Object reference not set to an instance of an object.
10/16/2024 10:06:04 AM:DBManager:connection_data:Object reference not set to an instance of an object.
10/16/2024 10:06:04 AM:DBManager:connection_data:Object reference not set to an instance of an object.
10/16/2024 10:06:04 AM:DBManager:connection_data:Object reference not set to an instance of an object.
10/16/2024 10:06:04 AM:DBManager:connection_data:Object reference not set to an instance of an object.
10/16/2024 10:06:04 AM:DBManager:connection_data:Object reference not set to an instance of an object.
10/16/2024 10:06:04 AM:DBManager:connection_data:Object reference not set to an instance of an object.
10/16/2024 10:06:04 AM:DBManager:connection_data:Object reference not set to an instance of an object.
10/16/2024 10:06:04 AM:DBManager:connection_data:Object reference not set to an instance of an object.
10/16/2024 10:06:04 AM:DBManager:connection_data:Object reference not set to an instance of an object.
10/16/2024 10:06:04 AM:DBManager:connection_data:Object reference not set to an instance of an object.
10/16/2024 10:06:04 AM:DBManager:connection_data:Object reference not set to an instance of an object.
10/16/2024 10:06:06 AM:DBManager:connection_data:Object reference not set to an instance of an object.
10/16/2024 10:06:06 AM:DBManager:connection_data:Object reference not set to an instance of an object.
10/16/2024 10:06:06 AM:DBManager:connection_data:Object reference not set to an instance of an object.
10/16/2024 10:06:06 AM:DBManager:connection_data:Object reference not set to an instance of an object.
10/16/2024 10:06:06 AM:DBManager:connection_data:Object reference not set to an instance of an object.
10/16/2024 10:06:06 AM:DBManager:connection_data:Object reference not set to an instance of an object.
10/16/2024 10:06:06 AM:DBManager:connection_data:Object reference not set to an instance of an object.
10/16/2024 10:06:06 AM:DBManager:connection_data:Object reference not set to an instance of an object.
10/16/2024 10:06:06 AM:DBManager:connection_data:Object reference not set to an instance of an object.
10/16/2024 10:06:06 AM:DBManager:connection_data:Object reference not set to an instance of an object.
10/16/2024 10:06:06 AM:DBManager:connection_data:Object reference not set to an instance of an object.
10/16/2024 10:06:06 AM:DBManager:connection_data:Object reference not set to an instance of an object.
10/16/2024 10:06:06 AM:DBManager:connection_data:Object reference not set to an instance of an object.
10/16/2024 10:06:06 AM:DBManager:connection_data:Object reference not set to an instance of an object.
10/16/2024 10:06:07 AM:DBManager:connection_data:Object reference not set to an instance of an object.
10/16/2024 10:06:07 AM:DBManager:connection_data:Object reference not set to an instance of an object.
10/16/2024 10:06:07 AM:DBManager:connection_data:Object reference not set to an instance of an object.
10/16/2024 10:06:07 AM:DBManager:connection_data:Object reference not set to an instance of an object.
10/16/2024 10:06:07 AM:DBManager:connection_data:Object reference not set to an instance of an object.
10/16/2024 10:06:07 AM:DBManager:connection_data:Object reference not set to an instance of an object.
10/16/2024 10:06:07 AM:DBManager:connection_data:Object reference not set to an instance of an object.
10/16/2024 10:06:07 AM:DBManager:connection_data:Object reference not set to an instance of an object.
10/16/2024 10:06:07 AM:DBManager:connection_data:Object reference not set to an instance of an object.
10/16/2024 10:06:07 AM:DBManager:connection_data:Object reference not set to an instance of an object.
10/16/2024 10:06:07 AM:DBManager:connection_data:Object reference not set to an instance of an object.
10/16/2024 10:06:07 AM:DBManager:connection_data:Object reference not set to an instance of an object.
10/16/2024 10:06:07 AM:DBManager:connection_data:Object reference not set to an instance of an object.
10/16/2024 10:06:07 AM:DBManager:connection_data:Object reference not set to an instance of an object.
10/16/2024 10:06:07 AM:DBManager:connection_data:Object reference not set to an instance of an object.
10/16/2024 10:06:07 AM:DBManager:connection_data:Object reference not set to an instance of an object.
10/16/2024 10:06:07 AM:DBManager:connection_data:Object reference not set to an instance of an object.
10/16/2024 10:06:07 AM:DBManager:connection_data:Object reference not set to an instance of an object.
10/16/2024 10:06:07 AM:DBManager:connection_data:Object reference not set to an instance of an object.
10/16/2024 10:06:07 AM:DBManager:connection_data:Object reference not set to an instance of an object.
10/16/2024 10:06:07 AM:DBManager:connection_data:Object reference not set to an instance of an object.
10/16/2024 10:06:07 AM:DBManager:connection_data:Object reference not set to an instance of an object.
10/16/2024 10:06:07 AM:DBManager:connection_data:Object reference not set to an instance of an object.
10/16/2024 10:06:07 AM:DBManager:connection_data:Object reference not set to an instance of an object.
10/16/2024 10:06:07 AM:DBManager:connection_data:Object reference not set to an instance of an object.
10/16/2024 10:06:07 AM:DBManager:connection_data:Object reference not set to an instance of an object.
10/16/2024 10:06:07 AM:DBManager:connection_data:Object reference not set to an instance of an object.
10/16/2024 10:06:07 AM:DBManager:connection_data:Object reference not set to an instance of an object.
10/16/2024 10:06:07 AM:DBManager:connection_data:Object reference not set to an instance of an object.
10/16/2024 10:06:07 AM:DBManager:connection_data:Object reference not set to an instance of an object.
10/16/2024 10:06:07 AM:DBManager:connection_data:Object reference not set to an instance of an object.
10/16/2024 10:06:07 AM:DBManager:connection_data:Object reference not set to an instance of an object.
10/16/2024 10:06:07 AM:DBManager:connection_data:Object reference not set to an instance of an object.
10/16/2024 10:06:07 AM:DBManager:connection_data:Object reference not set to an instance of an object.
10/16/2024 10:06:07 AM:DBManager:connection_data:Object reference not set to an instance of an object.
10/16/2024 10:06:07 AM:DBManager:connection_data:Object reference not set to an instance of an object.
10/16/2024 10:06:07 AM:DBManager:connection_data:Object reference not set to an instance of an object.
10/16/2024 10:06:07 AM:DBManager:connection_data:Object reference not set to an instance of an object.
10/16/2024 10:06:07 AM:DBManager:connection_data:Object reference not set to an instance of an object.
10/16/2024 10:06:07 AM:DBManager:connection_data:Object reference not set to an instance of an object.
10/16/2024 10:06:07 AM:DBManager:connection_data:Object reference not set to an instance of an object.
10/16/2024 10:06:07 AM:DBManager:connection_data:Object reference not set to an instance of an object.
10/16/2024 10:06:07 AM:DBManager:connection_data:Object reference not set to an instance of an object.
10/16/2024 10:06:07 AM:DBManager:connection_data:Object reference not set to an instance of an object.
10/16/2024 10:06:07 AM:DBManager:connection_data:Object reference not set to an instance of an object.
10/16/2024 10:06:07 AM:DBManager:connection_data:Object reference not set to an instance of an object.
10/16/2024 10:06:07 AM:DBManager:connection_data:Object reference not set to an instance of an object.
10/16/2024 10:06:07 AM:DBManager:connection_data:Object reference not set to an instance of an object.
10/16/2024 10:06:07 AM:DBManager:connection_data:Object reference not set to an instance of an object.
10/16/2024 10:06:07 AM:DBManager:connection_data:Object reference not set to an instance of an object.
10/16/2024 10:06:07 AM:DBManager:connection_data:Object reference not set to an instance of an object.
10/16/2024 10:06:07 AM:DBManager:connection_data:Object reference not set to an instance of an object.
10/16/2024 10:06:07 AM:DBManager:connection_data:Object reference not set to an instance of an object.
10/16/2024 10:06:07 AM:DBManager:connection_data:Object reference not set to an instance of an object.
10/16/2024 10:06:07 AM:DBManager:connection_data:Object reference not set to an instance of an object.
10/16/2024 10:06:07 AM:DBManager:connection_data:Object reference not set to an instance of an object.
10/16/2024 10:06:07 AM:DBManager:connection_data:Object reference not set to an instance of an object.
10/16/2024 10:06:07 AM:DBManager:connection_data:Object reference not set to an instance of an object.
10/16/2024 10:06:07 AM:DBManager:connection_data:Object reference not set to an instance of an object.
10/16/2024 10:06:07 AM:DBManager:connection_data:Object reference not set to an instance of an object.
10/16/2024 10:06:07 AM:DBManager:connection_data:Object reference not set to an instance of an object.
10/16/2024 10:06:07 AM:DBManager:connection_data:Object reference not set to an instance of an object.
10/16/2024 10:06:07 AM:DBManager:connection_data:Object reference not set to an instance of an object.
10/16/2024 10:27:55 AM:DBManager:connection_data:Object reference not set to an instance of an object.
10/16/2024 10:27:55 AM:DBManager:connection_data:Object reference not set to an instance of an object.
10/16/2024 10:27:55 AM:DBManager:connection_data:Object reference not set to an instance of an object.
16/10/2024 10:27:55 AM:SignIn:btnLogIn_Click:test
10/16/2024 10:28:03 AM:DBManager:connection_data:Object reference not set to an instance of an object.
10/16/2024 10:28:03 AM:DBManager:connection_data:Object reference not set to an instance of an object.
10/16/2024 10:28:03 AM:DBManager:connection_data:Object reference not set to an instance of an object.
16/10/2024 10:28:03 AM:SignIn:btnLogIn_Click:test
16/10/2024 10:28:04 AM:SignIn:btnLogIn_Click4:
16/10/2024 10:28:04 AM:SignIn:btnLogIn_Click5:
16/10/2024 10:28:04 AM:SignIn:btnLogIn_Click7:
16/10/2024 10:28:05 AM:SignIn:btnLogIn_Click8:
16/10/2024 10:28:05 AM:ClsDataccess:Getdatatable:The ConnectionString property has not been initialized.
10/16/2024 10:28:05 AM:DBManager:connection_data:Object reference not set to an instance of an object.
10/16/2024 10:28:05 AM:DBManager:connection_data:Object reference not set to an instance of an object.
10/16/2024 10:28:05 AM:DBManager:connection_data:Object reference not set to an instance of an object.
10/16/2024 10:28:05 AM:DBManager:connection_data:Object reference not set to an instance of an object.
10/16/2024 10:28:05 AM:DBManager:connection_data:Object reference not set to an instance of an object.
10/16/2024 10:28:05 AM:DBManager:connection_data:Object reference not set to an instance of an object.
10/16/2024 10:28:05 AM:DBManager:connection_data:Object reference not set to an instance of an object.
10/16/2024 10:28:05 AM:DBManager:connection_data:Object reference not set to an instance of an object.
10/16/2024 10:28:05 AM:DBManager:connection_data:Object reference not set to an instance of an object.
10/16/2024 10:28:05 AM:DBManager:connection_data:Object reference not set to an instance of an object.
10/16/2024 10:28:05 AM:DBManager:connection_data:Object reference not set to an instance of an object.
10/16/2024 10:28:05 AM:DBManager:connection_data:Object reference not set to an instance of an object.
10/16/2024 10:28:05 AM:DBManager:connection_data:Object reference not set to an instance of an object.
10/16/2024 10:28:05 AM:DBManager:connection_data:Object reference not set to an instance of an object.
10/16/2024 10:28:05 AM:DBManager:connection_data:Object reference not set to an instance of an object.
10/16/2024 10:28:05 AM:DBManager:connection_data:Object reference not set to an instance of an object.
10/16/2024 10:28:05 AM:DBManager:connection_data:Object reference not set to an instance of an object.
10/16/2024 10:28:05 AM:DBManager:connection_data:Object reference not set to an instance of an object.
10/16/2024 10:28:05 AM:DBManager:connection_data:Object reference not set to an instance of an object.
10/16/2024 10:28:05 AM:DBManager:connection_data:Object reference not set to an instance of an object.
10/16/2024 10:28:05 AM:DBManager:connection_data:Object reference not set to an instance of an object.
10/16/2024 10:28:05 AM:DBManager:connection_data:Object reference not set to an instance of an object.
10/16/2024 10:28:05 AM:DBManager:connection_data:Object reference not set to an instance of an object.
10/16/2024 10:28:05 AM:DBManager:connection_data:Object reference not set to an instance of an object.
10/16/2024 10:28:05 AM:DBManager:connection_data:Object reference not set to an instance of an object.
10/16/2024 10:28:05 AM:DBManager:connection_data:Object reference not set to an instance of an object.
10/16/2024 10:28:05 AM:DBManager:connection_data:Object reference not set to an instance of an object.
10/16/2024 10:28:05 AM:DBManager:connection_data:Object reference not set to an instance of an object.
10/16/2024 10:28:05 AM:DBManager:connection_data:Object reference not set to an instance of an object.
10/16/2024 10:28:05 AM:DBManager:connection_data:Object reference not set to an instance of an object.
10/16/2024 10:28:05 AM:DBManager:connection_data:Object reference not set to an instance of an object.
10/16/2024 10:28:05 AM:DBManager:connection_data:Object reference not set to an instance of an object.
10/16/2024 10:28:05 AM:DBManager:connection_data:Object reference not set to an instance of an object.
10/16/2024 10:28:05 AM:DBManager:connection_data:Object reference not set to an instance of an object.
10/16/2024 10:28:05 AM:DBManager:connection_data:Object reference not set to an instance of an object.
10/16/2024 10:28:05 AM:DBManager:connection_data:Object reference not set to an instance of an object.
10/16/2024 10:28:05 AM:DBManager:connection_data:Object reference not set to an instance of an object.
10/16/2024 10:28:05 AM:DBManager:connection_data:Object reference not set to an instance of an object.
10/16/2024 10:28:06 AM:DBManager:connection_data:Object reference not set to an instance of an object.
10/16/2024 10:28:06 AM:DBManager:connection_data:Object reference not set to an instance of an object.
10/16/2024 10:28:06 AM:DBManager:connection_data:Object reference not set to an instance of an object.
10/16/2024 10:28:06 AM:DBManager:connection_data:Object reference not set to an instance of an object.
10/16/2024 10:28:06 AM:DBManager:connection_data:Object reference not set to an instance of an object.
10/16/2024 10:28:06 AM:DBManager:connection_data:Object reference not set to an instance of an object.
10/16/2024 10:28:06 AM:DBManager:connection_data:Object reference not set to an instance of an object.
10/16/2024 10:28:06 AM:DBManager:connection_data:Object reference not set to an instance of an object.
10/16/2024 10:28:06 AM:DBManager:connection_data:Object reference not set to an instance of an object.
10/16/2024 10:28:06 AM:DBManager:connection_data:Object reference not set to an instance of an object.
10/16/2024 10:28:06 AM:DBManager:connection_data:Object reference not set to an instance of an object.
10/16/2024 10:28:06 AM:DBManager:connection_data:Object reference not set to an instance of an object.
10/16/2024 10:28:06 AM:DBManager:connection_data:Object reference not set to an instance of an object.
10/16/2024 10:28:06 AM:DBManager:connection_data:Object reference not set to an instance of an object.
10/16/2024 10:28:06 AM:DBManager:connection_data:Object reference not set to an instance of an object.
10/16/2024 10:28:06 AM:DBManager:connection_data:Object reference not set to an instance of an object.
10/16/2024 10:28:06 AM:DBManager:connection_data:Object reference not set to an instance of an object.
10/16/2024 10:28:06 AM:DBManager:connection_data:Object reference not set to an instance of an object.
10/16/2024 10:28:06 AM:DBManager:connection_data:Object reference not set to an instance of an object.
10/16/2024 10:28:06 AM:DBManager:connection_data:Object reference not set to an instance of an object.
10/16/2024 10:28:06 AM:DBManager:connection_data:Object reference not set to an instance of an object.
10/16/2024 10:28:06 AM:DBManager:connection_data:Object reference not set to an instance of an object.
10/16/2024 10:28:06 AM:DBManager:connection_data:Object reference not set to an instance of an object.
10/16/2024 10:28:06 AM:DBManager:connection_data:Object reference not set to an instance of an object.
10/16/2024 10:28:06 AM:DBManager:connection_data:Object reference not set to an instance of an object.
10/16/2024 10:28:06 AM:DBManager:connection_data:Object reference not set to an instance of an object.
10/16/2024 10:28:06 AM:DBManager:connection_data:Object reference not set to an instance of an object.
10/16/2024 10:28:06 AM:DBManager:connection_data:Object reference not set to an instance of an object.
10/16/2024 10:28:06 AM:DBManager:connection_data:Object reference not set to an instance of an object.
10/16/2024 10:28:06 AM:DBManager:connection_data:Object reference not set to an instance of an object.
10/16/2024 10:28:06 AM:DBManager:connection_data:Object reference not set to an instance of an object.
10/16/2024 10:28:06 AM:DBManager:connection_data:Object reference not set to an instance of an object.
10/16/2024 10:28:06 AM:DBManager:connection_data:Object reference not set to an instance of an object.
10/16/2024 10:28:06 AM:DBManager:connection_data:Object reference not set to an instance of an object.
10/16/2024 10:28:06 AM:DBManager:connection_data:Object reference not set to an instance of an object.
10/16/2024 10:28:06 AM:DBManager:connection_data:Object reference not set to an instance of an object.
10/16/2024 10:28:06 AM:DBManager:connection_data:Object reference not set to an instance of an object.
10/16/2024 10:28:06 AM:DBManager:connection_data:Object reference not set to an instance of an object.
10/16/2024 10:28:06 AM:DBManager:connection_data:Object reference not set to an instance of an object.
10/16/2024 10:28:08 AM:DBManager:connection_data:Object reference not set to an instance of an object.
10/16/2024 10:28:08 AM:DBManager:connection_data:Object reference not set to an instance of an object.
10/16/2024 10:28:08 AM:DBManager:connection_data:Object reference not set to an instance of an object.
10/16/2024 10:28:08 AM:DBManager:connection_data:Object reference not set to an instance of an object.
10/16/2024 10:28:08 AM:DBManager:connection_data:Object reference not set to an instance of an object.
10/16/2024 10:28:08 AM:DBManager:connection_data:Object reference not set to an instance of an object.
10/16/2024 10:28:08 AM:DBManager:connection_data:Object reference not set to an instance of an object.
10/16/2024 10:28:08 AM:DBManager:connection_data:Object reference not set to an instance of an object.
10/16/2024 10:28:08 AM:DBManager:connection_data:Object reference not set to an instance of an object.
10/16/2024 10:28:08 AM:DBManager:connection_data:Object reference not set to an instance of an object.
10/16/2024 10:28:08 AM:DBManager:connection_data:Object reference not set to an instance of an object.
10/16/2024 10:28:08 AM:DBManager:connection_data:Object reference not set to an instance of an object.
10/16/2024 10:28:08 AM:DBManager:connection_data:Object reference not set to an instance of an object.
10/16/2024 10:28:08 AM:DBManager:connection_data:Object reference not set to an instance of an object.
10/16/2024 10:28:08 AM:DBManager:connection_data:Object reference not set to an instance of an object.
10/16/2024 10:28:08 AM:DBManager:connection_data:Object reference not set to an instance of an object.
10/16/2024 10:28:08 AM:DBManager:connection_data:Object reference not set to an instance of an object.
10/16/2024 10:28:08 AM:DBManager:connection_data:Object reference not set to an instance of an object.
10/16/2024 10:28:08 AM:DBManager:connection_data:Object reference not set to an instance of an object.
10/16/2024 10:28:08 AM:DBManager:connection_data:Object reference not set to an instance of an object.
10/16/2024 10:28:08 AM:DBManager:connection_data:Object reference not set to an instance of an object.
10/16/2024 10:28:08 AM:DBManager:connection_data:Object reference not set to an instance of an object.
10/16/2024 10:28:08 AM:DBManager:connection_data:Object reference not set to an instance of an object.
10/16/2024 10:28:08 AM:DBManager:connection_data:Object reference not set to an instance of an object.
10/16/2024 10:28:08 AM:DBManager:connection_data:Object reference not set to an instance of an object.
10/16/2024 10:28:08 AM:DBManager:connection_data:Object reference not set to an instance of an object.
10/16/2024 10:28:08 AM:DBManager:connection_data:Object reference not set to an instance of an object.
10/16/2024 10:28:08 AM:DBManager:connection_data:Object reference not set to an instance of an object.
10/16/2024 10:28:08 AM:DBManager:connection_data:Object reference not set to an instance of an object.
10/16/2024 10:28:08 AM:DBManager:connection_data:Object reference not set to an instance of an object.
10/16/2024 10:28:08 AM:DBManager:connection_data:Object reference not set to an instance of an object.
10/16/2024 10:28:08 AM:DBManager:connection_data:Object reference not set to an instance of an object.
10/16/2024 10:28:08 AM:DBManager:connection_data:Object reference not set to an instance of an object.
10/16/2024 10:28:08 AM:DBManager:connection_data:Object reference not set to an instance of an object.
10/16/2024 10:28:08 AM:DBManager:connection_data:Object reference not set to an instance of an object.
10/16/2024 10:28:08 AM:DBManager:connection_data:Object reference not set to an instance of an object.
10/16/2024 10:28:08 AM:DBManager:connection_data:Object reference not set to an instance of an object.
10/16/2024 10:28:08 AM:DBManager:connection_data:Object reference not set to an instance of an object.
10/16/2024 10:28:08 AM:DBManager:connection_data:Object reference not set to an instance of an object.
10/16/2024 10:28:08 AM:DBManager:connection_data:Object reference not set to an instance of an object.
10/16/2024 10:28:08 AM:DBManager:connection_data:Object reference not set to an instance of an object.
10/16/2024 10:28:08 AM:DBManager:connection_data:Object reference not set to an instance of an object.
10/16/2024 10:28:08 AM:DBManager:connection_data:Object reference not set to an instance of an object.
10/16/2024 10:28:08 AM:DBManager:connection_data:Object reference not set to an instance of an object.
10/16/2024 10:28:08 AM:DBManager:connection_data:Object reference not set to an instance of an object.
10/16/2024 10:28:08 AM:DBManager:connection_data:Object reference not set to an instance of an object.
10/16/2024 10:28:08 AM:DBManager:connection_data:Object reference not set to an instance of an object.
10/16/2024 10:28:08 AM:DBManager:connection_data:Object reference not set to an instance of an object.
10/16/2024 10:28:08 AM:DBManager:connection_data:Object reference not set to an instance of an object.
10/16/2024 10:28:08 AM:DBManager:connection_data:Object reference not set to an instance of an object.
10/16/2024 10:28:08 AM:DBManager:connection_data:Object reference not set to an instance of an object.
10/16/2024 10:28:08 AM:DBManager:connection_data:Object reference not set to an instance of an object.
10/16/2024 10:28:08 AM:DBManager:connection_data:Object reference not set to an instance of an object.
10/16/2024 10:28:08 AM:DBManager:connection_data:Object reference not set to an instance of an object.
10/16/2024 10:28:08 AM:DBManager:connection_data:Object reference not set to an instance of an object.
10/16/2024 10:28:08 AM:DBManager:connection_data:Object reference not set to an instance of an object.
10/16/2024 10:28:08 AM:DBManager:connection_data:Object reference not set to an instance of an object.
10/16/2024 10:28:08 AM:DBManager:connection_data:Object reference not set to an instance of an object.
10/16/2024 10:28:08 AM:DBManager:connection_data:Object reference not set to an instance of an object.
10/16/2024 10:28:08 AM:DBManager:connection_data:Object reference not set to an instance of an object.
10/16/2024 10:28:08 AM:DBManager:connection_data:Object reference not set to an instance of an object.
10/16/2024 10:28:08 AM:DBManager:connection_data:Object reference not set to an instance of an object.
10/16/2024 10:28:08 AM:DBManager:connection_data:Object reference not set to an instance of an object.
10/16/2024 10:28:08 AM:DBManager:connection_data:Object reference not set to an instance of an object.
10/16/2024 10:28:08 AM:DBManager:connection_data:Object reference not set to an instance of an object.
10/16/2024 10:28:08 AM:DBManager:connection_data:Object reference not set to an instance of an object.
10/16/2024 10:28:08 AM:DBManager:connection_data:Object reference not set to an instance of an object.
10/16/2024 10:28:08 AM:DBManager:connection_data:Object reference not set to an instance of an object.
10/16/2024 10:28:08 AM:DBManager:connection_data:Object reference not set to an instance of an object.
10/16/2024 10:28:08 AM:DBManager:connection_data:Object reference not set to an instance of an object.
10/16/2024 10:28:08 AM:DBManager:connection_data:Object reference not set to an instance of an object.
10/16/2024 10:28:08 AM:DBManager:connection_data:Object reference not set to an instance of an object.
10/16/2024 10:28:08 AM:DBManager:connection_data:Object reference not set to an instance of an object.
10/16/2024 10:28:08 AM:DBManager:connection_data:Object reference not set to an instance of an object.
10/16/2024 10:28:08 AM:DBManager:connection_data:Object reference not set to an instance of an object.
10/16/2024 10:28:08 AM:DBManager:connection_data:Object reference not set to an instance of an object.
10/16/2024 10:28:08 AM:DBManager:connection_data:Object reference not set to an instance of an object.
10/16/2024 10:28:11 AM:DBManager:connection_data:Object reference not set to an instance of an object.
10/16/2024 10:28:11 AM:DBManager:connection_data:Object reference not set to an instance of an object.
10/16/2024 10:28:11 AM:DBManager:connection_data:Object reference not set to an instance of an object.
10/16/2024 10:28:11 AM:DBManager:connection_data:Object reference not set to an instance of an object.
10/16/2024 10:28:11 AM:DBManager:connection_data:Object reference not set to an instance of an object.
10/16/2024 10:28:11 AM:DBManager:connection_data:Object reference not set to an instance of an object.
16/10/2024 10:28:20 AM:Location_List:rdLocaton_ItemDataBoundObject reference not set to an instance of an object.
16/10/2024 10:28:24 AM:Location_List:rdLocaton_ItemDataBoundObject reference not set to an instance of an object.
10/16/2024 10:28:36 AM:DBManager:connection_data:Object reference not set to an instance of an object.
10/16/2024 10:28:36 AM:DBManager:connection_data:Object reference not set to an instance of an object.
10/16/2024 10:28:36 AM:DBManager:connection_data:Object reference not set to an instance of an object.
10/16/2024 10:28:36 AM:DBManager:connection_data:Object reference not set to an instance of an object.
10/16/2024 10:28:36 AM:DBManager:connection_data:Object reference not set to an instance of an object.
10/16/2024 10:28:36 AM:DBManager:connection_data:Object reference not set to an instance of an object.
10/16/2024 10:28:37 AM:DBManager:connection_data:Object reference not set to an instance of an object.
10/16/2024 10:28:37 AM:DBManager:connection_data:Object reference not set to an instance of an object.
10/16/2024 10:28:37 AM:DBManager:connection_data:Object reference not set to an instance of an object.
10/16/2024 10:28:37 AM:DBManager:connection_data:Object reference not set to an instance of an object.
10/16/2024 10:28:37 AM:DBManager:connection_data:Object reference not set to an instance of an object.
10/16/2024 10:28:37 AM:DBManager:connection_data:Object reference not set to an instance of an object.
10/16/2024 10:28:37 AM:DBManager:connection_data:Object reference not set to an instance of an object.
10/16/2024 10:28:37 AM:DBManager:connection_data:Object reference not set to an instance of an object.
10/16/2024 10:28:37 AM:DBManager:connection_data:Object reference not set to an instance of an object.
10/16/2024 10:28:37 AM:DBManager:connection_data:Object reference not set to an instance of an object.
10/16/2024 10:28:37 AM:DBManager:connection_data:Object reference not set to an instance of an object.
10/16/2024 10:28:37 AM:DBManager:connection_data:Object reference not set to an instance of an object.
10/16/2024 10:28:37 AM:DBManager:connection_data:Object reference not set to an instance of an object.
10/16/2024 10:28:37 AM:DBManager:connection_data:Object reference not set to an instance of an object.
10/16/2024 10:28:37 AM:DBManager:connection_data:Object reference not set to an instance of an object.
10/16/2024 10:28:37 AM:DBManager:connection_data:Object reference not set to an instance of an object.
10/16/2024 10:28:37 AM:DBManager:connection_data:Object reference not set to an instance of an object.
10/16/2024 10:28:37 AM:DBManager:connection_data:Object reference not set to an instance of an object.
10/16/2024 10:28:37 AM:DBManager:connection_data:Object reference not set to an instance of an object.
10/16/2024 10:28:37 AM:DBManager:connection_data:Object reference not set to an instance of an object.
10/16/2024 10:28:37 AM:DBManager:connection_data:Object reference not set to an instance of an object.
10/16/2024 10:28:37 AM:DBManager:connection_data:Object reference not set to an instance of an object.
10/16/2024 10:28:37 AM:DBManager:connection_data:Object reference not set to an instance of an object.
10/16/2024 10:28:37 AM:DBManager:connection_data:Object reference not set to an instance of an object.
10/16/2024 10:28:37 AM:DBManager:connection_data:Object reference not set to an instance of an object.
10/16/2024 10:28:37 AM:DBManager:connection_data:Object reference not set to an instance of an object.
10/16/2024 10:28:37 AM:DBManager:connection_data:Object reference not set to an instance of an object.
10/16/2024 10:28:37 AM:DBManager:connection_data:Object reference not set to an instance of an object.
10/16/2024 10:28:37 AM:DBManager:connection_data:Object reference not set to an instance of an object.
10/16/2024 10:28:37 AM:DBManager:connection_data:Object reference not set to an instance of an object.
10/16/2024 10:28:37 AM:DBManager:connection_data:Object reference not set to an instance of an object.
10/16/2024 10:28:37 AM:DBManager:connection_data:Object reference not set to an instance of an object.
10/16/2024 10:28:37 AM:DBManager:connection_data:Object reference not set to an instance of an object.
10/16/2024 10:28:37 AM:DBManager:connection_data:Object reference not set to an instance of an object.
10/16/2024 10:28:37 AM:DBManager:connection_data:Object reference not set to an instance of an object.
10/16/2024 10:28:37 AM:DBManager:connection_data:Object reference not set to an instance of an object.
10/16/2024 10:28:37 AM:DBManager:connection_data:Object reference not set to an instance of an object.
10/16/2024 10:28:37 AM:DBManager:connection_data:Object reference not set to an instance of an object.
10/16/2024 10:28:37 AM:DBManager:connection_data:Object reference not set to an instance of an object.
10/16/2024 10:28:37 AM:DBManager:connection_data:Object reference not set to an instance of an object.
10/16/2024 10:28:37 AM:DBManager:connection_data:Object reference not set to an instance of an object.
10/16/2024 10:28:37 AM:DBManager:connection_data:Object reference not set to an instance of an object.
10/16/2024 10:28:37 AM:DBManager:connection_data:Object reference not set to an instance of an object.
10/16/2024 10:28:37 AM:DBManager:connection_data:Object reference not set to an instance of an object.
10/16/2024 10:28:37 AM:DBManager:connection_data:Object reference not set to an instance of an object.
10/16/2024 10:28:37 AM:DBManager:connection_data:Object reference not set to an instance of an object.
10/16/2024 10:28:37 AM:DBManager:connection_data:Object reference not set to an instance of an object.
10/16/2024 10:28:37 AM:DBManager:connection_data:Object reference not set to an instance of an object.
10/16/2024 10:28:37 AM:DBManager:connection_data:Object reference not set to an instance of an object.
10/16/2024 10:28:37 AM:DBManager:connection_data:Object reference not set to an instance of an object.
10/16/2024 10:28:37 AM:DBManager:connection_data:Object reference not set to an instance of an object.
10/16/2024 10:28:37 AM:DBManager:connection_data:Object reference not set to an instance of an object.
10/16/2024 10:28:37 AM:DBManager:connection_data:Object reference not set to an instance of an object.
10/16/2024 10:28:37 AM:DBManager:connection_data:Object reference not set to an instance of an object.
10/16/2024 10:28:37 AM:DBManager:connection_data:Object reference not set to an instance of an object.
10/16/2024 10:28:37 AM:DBManager:connection_data:Object reference not set to an instance of an object.
10/16/2024 10:28:37 AM:DBManager:connection_data:Object reference not set to an instance of an object.
10/16/2024 10:28:37 AM:DBManager:connection_data:Object reference not set to an instance of an object.
10/16/2024 10:28:37 AM:DBManager:connection_data:Object reference not set to an instance of an object.
10/16/2024 10:28:37 AM:DBManager:connection_data:Object reference not set to an instance of an object.
10/16/2024 10:28:37 AM:DBManager:connection_data:Object reference not set to an instance of an object.
10/16/2024 10:28:37 AM:DBManager:connection_data:Object reference not set to an instance of an object.
10/16/2024 10:28:37 AM:DBManager:connection_data:Object reference not set to an instance of an object.
10/16/2024 10:28:37 AM:DBManager:connection_data:Object reference not set to an instance of an object.
10/16/2024 10:28:37 AM:DBManager:connection_data:Object reference not set to an instance of an object.
10/16/2024 10:28:37 AM:DBManager:connection_data:Object reference not set to an instance of an object.
10/16/2024 10:28:37 AM:DBManager:connection_data:Object reference not set to an instance of an object.
10/16/2024 10:28:37 AM:DBManager:connection_data:Object reference not set to an instance of an object.
10/16/2024 10:28:37 AM:DBManager:connection_data:Object reference not set to an instance of an object.
10/16/2024 10:28:37 AM:DBManager:connection_data:Object reference not set to an instance of an object.
10/16/2024 10:28:37 AM:DBManager:connection_data:Object reference not set to an instance of an object.
10/16/2024 10:28:37 AM:DBManager:connection_data:Object reference not set to an instance of an object.
10/16/2024 10:28:37 AM:DBManager:connection_data:Object reference not set to an instance of an object.
10/16/2024 10:28:37 AM:DBManager:connection_data:Object reference not set to an instance of an object.
10/16/2024 10:28:37 AM:DBManager:connection_data:Object reference not set to an instance of an object.
10/16/2024 10:28:37 AM:DBManager:connection_data:Object reference not set to an instance of an object.
10/16/2024 10:28:37 AM:DBManager:connection_data:Object reference not set to an instance of an object.
10/16/2024 10:28:37 AM:DBManager:connection_data:Object reference not set to an instance of an object.
10/16/2024 10:28:37 AM:DBManager:connection_data:Object reference not set to an instance of an object.
10/16/2024 10:28:37 AM:DBManager:connection_data:Object reference not set to an instance of an object.
10/16/2024 10:28:37 AM:DBManager:connection_data:Object reference not set to an instance of an object.
10/16/2024 10:28:37 AM:DBManager:connection_data:Object reference not set to an instance of an object.
10/16/2024 10:28:37 AM:DBManager:connection_data:Object reference not set to an instance of an object.
10/16/2024 10:33:24 AM:DBManager:connection_data:Object reference not set to an instance of an object.
10/16/2024 10:33:24 AM:DBManager:connection_data:Object reference not set to an instance of an object.
10/16/2024 10:33:24 AM:DBManager:connection_data:Object reference not set to an instance of an object.
16/10/2024 10:33:24 AM:SignIn:btnLogIn_Click:test
10/16/2024 10:33:40 AM:DBManager:connection_data:Object reference not set to an instance of an object.
10/16/2024 10:33:40 AM:DBManager:connection_data:Object reference not set to an instance of an object.
10/16/2024 10:33:40 AM:DBManager:connection_data:Object reference not set to an instance of an object.
16/10/2024 10:33:40 AM:SignIn:btnLogIn_Click:test
16/10/2024 10:33:40 AM:SignIn:btnLogIn_Click4:
16/10/2024 10:33:41 AM:SignIn:btnLogIn_Click5:
16/10/2024 10:33:41 AM:SignIn:btnLogIn_Click7:
16/10/2024 10:33:42 AM:SignIn:btnLogIn_Click8:
16/10/2024 10:33:42 AM:ClsDataccess:Getdatatable:The ConnectionString property has not been initialized.
10/16/2024 10:33:42 AM:DBManager:connection_data:Object reference not set to an instance of an object.
10/16/2024 10:33:42 AM:DBManager:connection_data:Object reference not set to an instance of an object.
10/16/2024 10:33:42 AM:DBManager:connection_data:Object reference not set to an instance of an object.
10/16/2024 10:33:42 AM:DBManager:connection_data:Object reference not set to an instance of an object.
10/16/2024 10:33:42 AM:DBManager:connection_data:Object reference not set to an instance of an object.
10/16/2024 10:33:42 AM:DBManager:connection_data:Object reference not set to an instance of an object.
10/16/2024 10:33:42 AM:DBManager:connection_data:Object reference not set to an instance of an object.
10/16/2024 10:33:42 AM:DBManager:connection_data:Object reference not set to an instance of an object.
10/16/2024 10:33:42 AM:DBManager:connection_data:Object reference not set to an instance of an object.
10/16/2024 10:33:42 AM:DBManager:connection_data:Object reference not set to an instance of an object.
10/16/2024 10:33:42 AM:DBManager:connection_data:Object reference not set to an instance of an object.
10/16/2024 10:33:42 AM:DBManager:connection_data:Object reference not set to an instance of an object.
10/16/2024 10:33:42 AM:DBManager:connection_data:Object reference not set to an instance of an object.
10/16/2024 10:33:42 AM:DBManager:connection_data:Object reference not set to an instance of an object.
10/16/2024 10:33:42 AM:DBManager:connection_data:Object reference not set to an instance of an object.
10/16/2024 10:33:42 AM:DBManager:connection_data:Object reference not set to an instance of an object.
10/16/2024 10:33:42 AM:DBManager:connection_data:Object reference not set to an instance of an object.
10/16/2024 10:33:42 AM:DBManager:connection_data:Object reference not set to an instance of an object.
10/16/2024 10:33:42 AM:DBManager:connection_data:Object reference not set to an instance of an object.
10/16/2024 10:33:42 AM:DBManager:connection_data:Object reference not set to an instance of an object.
10/16/2024 10:33:42 AM:DBManager:connection_data:Object reference not set to an instance of an object.
10/16/2024 10:33:42 AM:DBManager:connection_data:Object reference not set to an instance of an object.
10/16/2024 10:33:42 AM:DBManager:connection_data:Object reference not set to an instance of an object.
10/16/2024 10:33:42 AM:DBManager:connection_data:Object reference not set to an instance of an object.
10/16/2024 10:33:42 AM:DBManager:connection_data:Object reference not set to an instance of an object.
10/16/2024 10:33:42 AM:DBManager:connection_data:Object reference not set to an instance of an object.
10/16/2024 10:33:42 AM:DBManager:connection_data:Object reference not set to an instance of an object.
10/16/2024 10:33:42 AM:DBManager:connection_data:Object reference not set to an instance of an object.
10/16/2024 10:33:42 AM:DBManager:connection_data:Object reference not set to an instance of an object.
10/16/2024 10:33:42 AM:DBManager:connection_data:Object reference not set to an instance of an object.
10/16/2024 10:33:42 AM:DBManager:connection_data:Object reference not set to an instance of an object.
10/16/2024 10:33:42 AM:DBManager:connection_data:Object reference not set to an instance of an object.
10/16/2024 10:33:42 AM:DBManager:connection_data:Object reference not set to an instance of an object.
10/16/2024 10:33:42 AM:DBManager:connection_data:Object reference not set to an instance of an object.
10/16/2024 10:33:42 AM:DBManager:connection_data:Object reference not set to an instance of an object.
10/16/2024 10:33:42 AM:DBManager:connection_data:Object reference not set to an instance of an object.
10/16/2024 10:33:43 AM:DBManager:connection_data:Object reference not set to an instance of an object.
10/16/2024 10:33:43 AM:DBManager:connection_data:Object reference not set to an instance of an object.
10/16/2024 10:33:43 AM:DBManager:connection_data:Object reference not set to an instance of an object.
10/16/2024 10:33:43 AM:DBManager:connection_data:Object reference not set to an instance of an object.
10/16/2024 10:33:43 AM:DBManager:connection_data:Object reference not set to an instance of an object.
10/16/2024 10:33:43 AM:DBManager:connection_data:Object reference not set to an instance of an object.
10/16/2024 10:33:43 AM:DBManager:connection_data:Object reference not set to an instance of an object.
10/16/2024 10:33:43 AM:DBManager:connection_data:Object reference not set to an instance of an object.
10/16/2024 10:33:43 AM:DBManager:connection_data:Object reference not set to an instance of an object.
10/16/2024 10:33:43 AM:DBManager:connection_data:Object reference not set to an instance of an object.
10/16/2024 10:33:43 AM:DBManager:connection_data:Object reference not set to an instance of an object.
10/16/2024 10:33:43 AM:DBManager:connection_data:Object reference not set to an instance of an object.
10/16/2024 10:33:43 AM:DBManager:connection_data:Object reference not set to an instance of an object.
10/16/2024 10:33:43 AM:DBManager:connection_data:Object reference not set to an instance of an object.
10/16/2024 10:33:43 AM:DBManager:connection_data:Object reference not set to an instance of an object.
10/16/2024 10:33:43 AM:DBManager:connection_data:Object reference not set to an instance of an object.
10/16/2024 10:33:43 AM:DBManager:connection_data:Object reference not set to an instance of an object.
10/16/2024 10:33:43 AM:DBManager:connection_data:Object reference not set to an instance of an object.
10/16/2024 10:33:43 AM:DBManager:connection_data:Object reference not set to an instance of an object.
10/16/2024 10:33:43 AM:DBManager:connection_data:Object reference not set to an instance of an object.
10/16/2024 10:33:43 AM:DBManager:connection_data:Object reference not set to an instance of an object.
10/16/2024 10:33:43 AM:DBManager:connection_data:Object reference not set to an instance of an object.
10/16/2024 10:33:43 AM:DBManager:connection_data:Object reference not set to an instance of an object.
10/16/2024 10:33:43 AM:DBManager:connection_data:Object reference not set to an instance of an object.
10/16/2024 10:33:43 AM:DBManager:connection_data:Object reference not set to an instance of an object.
10/16/2024 10:33:43 AM:DBManager:connection_data:Object reference not set to an instance of an object.
10/16/2024 10:33:43 AM:DBManager:connection_data:Object reference not set to an instance of an object.
10/16/2024 10:33:43 AM:DBManager:connection_data:Object reference not set to an instance of an object.
10/16/2024 10:33:43 AM:DBManager:connection_data:Object reference not set to an instance of an object.
10/16/2024 10:33:43 AM:DBManager:connection_data:Object reference not set to an instance of an object.
10/16/2024 10:33:43 AM:DBManager:connection_data:Object reference not set to an instance of an object.
10/16/2024 10:33:43 AM:DBManager:connection_data:Object reference not set to an instance of an object.
10/16/2024 10:33:43 AM:DBManager:connection_data:Object reference not set to an instance of an object.
10/16/2024 10:33:43 AM:DBManager:connection_data:Object reference not set to an instance of an object.
10/16/2024 10:33:43 AM:DBManager:connection_data:Object reference not set to an instance of an object.
10/16/2024 10:33:43 AM:DBManager:connection_data:Object reference not set to an instance of an object.
10/16/2024 10:33:43 AM:DBManager:connection_data:Object reference not set to an instance of an object.
10/16/2024 10:33:43 AM:DBManager:connection_data:Object reference not set to an instance of an object.
10/16/2024 10:33:43 AM:DBManager:connection_data:Object reference not set to an instance of an object.
10/16/2024 10:33:43 AM:DBManager:connection_data:Object reference not set to an instance of an object.
10/16/2024 10:33:43 AM:DBManager:connection_data:Object reference not set to an instance of an object.
10/16/2024 10:33:45 AM:DBManager:connection_data:Object reference not set to an instance of an object.
10/16/2024 10:33:45 AM:DBManager:connection_data:Object reference not set to an instance of an object.
10/16/2024 10:33:45 AM:DBManager:connection_data:Object reference not set to an instance of an object.
10/16/2024 10:33:45 AM:DBManager:connection_data:Object reference not set to an instance of an object.
10/16/2024 10:33:45 AM:DBManager:connection_data:Object reference not set to an instance of an object.
10/16/2024 10:33:45 AM:DBManager:connection_data:Object reference not set to an instance of an object.
10/16/2024 10:33:45 AM:DBManager:connection_data:Object reference not set to an instance of an object.
10/16/2024 10:33:45 AM:DBManager:connection_data:Object reference not set to an instance of an object.
10/16/2024 10:33:45 AM:DBManager:connection_data:Object reference not set to an instance of an object.
10/16/2024 10:33:45 AM:DBManager:connection_data:Object reference not set to an instance of an object.
10/16/2024 10:33:45 AM:DBManager:connection_data:Object reference not set to an instance of an object.
10/16/2024 10:33:45 AM:DBManager:connection_data:Object reference not set to an instance of an object.
10/16/2024 10:33:45 AM:DBManager:connection_data:Object reference not set to an instance of an object.
10/16/2024 10:33:45 AM:DBManager:connection_data:Object reference not set to an instance of an object.
10/16/2024 10:33:45 AM:DBManager:connection_data:Object reference not set to an instance of an object.
10/16/2024 10:33:45 AM:DBManager:connection_data:Object reference not set to an instance of an object.
10/16/2024 10:33:45 AM:DBManager:connection_data:Object reference not set to an instance of an object.
10/16/2024 10:33:45 AM:DBManager:connection_data:Object reference not set to an instance of an object.
10/16/2024 10:33:45 AM:DBManager:connection_data:Object reference not set to an instance of an object.
10/16/2024 10:33:45 AM:DBManager:connection_data:Object reference not set to an instance of an object.
10/16/2024 10:33:45 AM:DBManager:connection_data:Object reference not set to an instance of an object.
10/16/2024 10:33:45 AM:DBManager:connection_data:Object reference not set to an instance of an object.
10/16/2024 10:33:45 AM:DBManager:connection_data:Object reference not set to an instance of an object.
10/16/2024 10:33:45 AM:DBManager:connection_data:Object reference not set to an instance of an object.
10/16/2024 10:33:45 AM:DBManager:connection_data:Object reference not set to an instance of an object.
10/16/2024 10:33:45 AM:DBManager:connection_data:Object reference not set to an instance of an object.
10/16/2024 10:33:45 AM:DBManager:connection_data:Object reference not set to an instance of an object.
10/16/2024 10:33:45 AM:DBManager:connection_data:Object reference not set to an instance of an object.
10/16/2024 10:33:45 AM:DBManager:connection_data:Object reference not set to an instance of an object.
10/16/2024 10:33:45 AM:DBManager:connection_data:Object reference not set to an instance of an object.
10/16/2024 10:33:45 AM:DBManager:connection_data:Object reference not set to an instance of an object.
10/16/2024 10:33:45 AM:DBManager:connection_data:Object reference not set to an instance of an object.
10/16/2024 10:33:45 AM:DBManager:connection_data:Object reference not set to an instance of an object.
10/16/2024 10:33:45 AM:DBManager:connection_data:Object reference not set to an instance of an object.
10/16/2024 10:33:45 AM:DBManager:connection_data:Object reference not set to an instance of an object.
10/16/2024 10:33:45 AM:DBManager:connection_data:Object reference not set to an instance of an object.
10/16/2024 10:33:45 AM:DBManager:connection_data:Object reference not set to an instance of an object.
10/16/2024 10:33:45 AM:DBManager:connection_data:Object reference not set to an instance of an object.
10/16/2024 10:33:45 AM:DBManager:connection_data:Object reference not set to an instance of an object.
10/16/2024 10:33:45 AM:DBManager:connection_data:Object reference not set to an instance of an object.
10/16/2024 10:33:45 AM:DBManager:connection_data:Object reference not set to an instance of an object.
10/16/2024 10:33:45 AM:DBManager:connection_data:Object reference not set to an instance of an object.
10/16/2024 10:33:45 AM:DBManager:connection_data:Object reference not set to an instance of an object.
10/16/2024 10:33:45 AM:DBManager:connection_data:Object reference not set to an instance of an object.
10/16/2024 10:33:45 AM:DBManager:connection_data:Object reference not set to an instance of an object.
10/16/2024 10:33:45 AM:DBManager:connection_data:Object reference not set to an instance of an object.
10/16/2024 10:33:45 AM:DBManager:connection_data:Object reference not set to an instance of an object.
10/16/2024 10:33:45 AM:DBManager:connection_data:Object reference not set to an instance of an object.
10/16/2024 10:33:45 AM:DBManager:connection_data:Object reference not set to an instance of an object.
10/16/2024 10:33:45 AM:DBManager:connection_data:Object reference not set to an instance of an object.
10/16/2024 10:33:45 AM:DBManager:connection_data:Object reference not set to an instance of an object.
10/16/2024 10:33:45 AM:DBManager:connection_data:Object reference not set to an instance of an object.
10/16/2024 10:33:45 AM:DBManager:connection_data:Object reference not set to an instance of an object.
10/16/2024 10:33:45 AM:DBManager:connection_data:Object reference not set to an instance of an object.
10/16/2024 10:33:45 AM:DBManager:connection_data:Object reference not set to an instance of an object.
10/16/2024 10:33:45 AM:DBManager:connection_data:Object reference not set to an instance of an object.
10/16/2024 10:33:45 AM:DBManager:connection_data:Object reference not set to an instance of an object.
10/16/2024 10:33:45 AM:DBManager:connection_data:Object reference not set to an instance of an object.
10/16/2024 10:33:45 AM:DBManager:connection_data:Object reference not set to an instance of an object.
10/16/2024 10:33:45 AM:DBManager:connection_data:Object reference not set to an instance of an object.
10/16/2024 10:33:45 AM:DBManager:connection_data:Object reference not set to an instance of an object.
10/16/2024 10:33:45 AM:DBManager:connection_data:Object reference not set to an instance of an object.
10/16/2024 10:33:45 AM:DBManager:connection_data:Object reference not set to an instance of an object.
10/16/2024 10:33:45 AM:DBManager:connection_data:Object reference not set to an instance of an object.
10/16/2024 10:33:45 AM:DBManager:connection_data:Object reference not set to an instance of an object.
10/16/2024 10:33:45 AM:DBManager:connection_data:Object reference not set to an instance of an object.
10/16/2024 10:33:45 AM:DBManager:connection_data:Object reference not set to an instance of an object.
10/16/2024 10:33:45 AM:DBManager:connection_data:Object reference not set to an instance of an object.
10/16/2024 10:33:45 AM:DBManager:connection_data:Object reference not set to an instance of an object.
10/16/2024 10:33:45 AM:DBManager:connection_data:Object reference not set to an instance of an object.
10/16/2024 10:33:45 AM:DBManager:connection_data:Object reference not set to an instance of an object.
10/16/2024 10:33:45 AM:DBManager:connection_data:Object reference not set to an instance of an object.
10/16/2024 10:33:45 AM:DBManager:connection_data:Object reference not set to an instance of an object.
10/16/2024 10:33:45 AM:DBManager:connection_data:Object reference not set to an instance of an object.
10/16/2024 10:33:45 AM:DBManager:connection_data:Object reference not set to an instance of an object.
10/16/2024 10:33:45 AM:DBManager:connection_data:Object reference not set to an instance of an object.
10/16/2024 10:33:45 AM:DBManager:connection_data:Object reference not set to an instance of an object.
10/16/2024 10:33:53 AM:DBManager:connection_data:Object reference not set to an instance of an object.
10/16/2024 10:33:53 AM:DBManager:connection_data:Object reference not set to an instance of an object.
10/16/2024 10:33:53 AM:DBManager:connection_data:Object reference not set to an instance of an object.
10/16/2024 10:33:53 AM:DBManager:connection_data:Object reference not set to an instance of an object.
10/16/2024 10:33:53 AM:DBManager:connection_data:Object reference not set to an instance of an object.
10/16/2024 10:33:53 AM:DBManager:connection_data:Object reference not set to an instance of an object.
10/16/2024 10:34:17 AM:DBManager:connection_data:Object reference not set to an instance of an object.
10/16/2024 10:34:17 AM:DBManager:connection_data:Object reference not set to an instance of an object.
10/16/2024 10:34:17 AM:DBManager:connection_data:Object reference not set to an instance of an object.
10/16/2024 10:34:17 AM:DBManager:connection_data:Object reference not set to an instance of an object.
16/10/2024 10:34:17 AM:Location_List:rdLocaton_ItemDataBoundObject reference not set to an instance of an object.
10/16/2024 10:34:17 AM:DBManager:connection_data:Object reference not set to an instance of an object.
10/16/2024 10:34:17 AM:DBManager:connection_data:Object reference not set to an instance of an object.
16/10/2024 10:34:17 AM:Location_List:rdLocaton_ItemDataBoundObject reference not set to an instance of an object.
16/10/2024 10:34:19 AM:Location_List:rdLocaton_ItemDataBoundObject reference not set to an instance of an object.
16/10/2024 10:34:20 AM:Location_List:rdLocaton_ItemDataBoundObject reference not set to an instance of an object.
10/16/2024 10:34:23 AM:DBManager:connection_data:Object reference not set to an instance of an object.
10/16/2024 10:34:23 AM:DBManager:connection_data:Object reference not set to an instance of an object.
10/16/2024 10:34:23 AM:DBManager:connection_data:Object reference not set to an instance of an object.
10/16/2024 10:34:23 AM:DBManager:connection_data:Object reference not set to an instance of an object.
10/16/2024 10:34:23 AM:DBManager:connection_data:Object reference not set to an instance of an object.
10/16/2024 10:34:23 AM:DBManager:connection_data:Object reference not set to an instance of an object.
10/16/2024 10:34:23 AM:DBManager:connection_data:Object reference not set to an instance of an object.
10/16/2024 10:34:23 AM:DBManager:connection_data:Object reference not set to an instance of an object.
10/16/2024 10:34:23 AM:DBManager:connection_data:Object reference not set to an instance of an object.
10/16/2024 10:34:23 AM:DBManager:connection_data:Object reference not set to an instance of an object.
10/16/2024 10:34:23 AM:DBManager:connection_data:Object reference not set to an instance of an object.
10/16/2024 10:34:23 AM:DBManager:connection_data:Object reference not set to an instance of an object.
10/16/2024 10:34:23 AM:DBManager:connection_data:Object reference not set to an instance of an object.
10/16/2024 10:34:23 AM:DBManager:connection_data:Object reference not set to an instance of an object.
10/16/2024 10:34:23 AM:DBManager:connection_data:Object reference not set to an instance of an object.
10/16/2024 10:34:23 AM:DBManager:connection_data:Object reference not set to an instance of an object.
10/16/2024 10:34:23 AM:DBManager:connection_data:Object reference not set to an instance of an object.
10/16/2024 10:34:23 AM:DBManager:connection_data:Object reference not set to an instance of an object.
10/16/2024 10:34:23 AM:DBManager:connection_data:Object reference not set to an instance of an object.
10/16/2024 10:34:23 AM:DBManager:connection_data:Object reference not set to an instance of an object.
10/16/2024 10:34:23 AM:DBManager:connection_data:Object reference not set to an instance of an object.
10/16/2024 10:34:23 AM:DBManager:connection_data:Object reference not set to an instance of an object.
10/16/2024 10:34:23 AM:DBManager:connection_data:Object reference not set to an instance of an object.
10/16/2024 10:34:23 AM:DBManager:connection_data:Object reference not set to an instance of an object.
10/16/2024 10:34:23 AM:DBManager:connection_data:Object reference not set to an instance of an object.
10/16/2024 10:34:23 AM:DBManager:connection_data:Object reference not set to an instance of an object.
10/16/2024 10:34:23 AM:DBManager:connection_data:Object reference not set to an instance of an object.
10/16/2024 10:34:23 AM:DBManager:connection_data:Object reference not set to an instance of an object.
10/16/2024 10:34:23 AM:DBManager:connection_data:Object reference not set to an instance of an object.
10/16/2024 10:34:23 AM:DBManager:connection_data:Object reference not set to an instance of an object.
10/16/2024 10:34:23 AM:DBManager:connection_data:Object reference not set to an instance of an object.
10/16/2024 10:34:23 AM:DBManager:connection_data:Object reference not set to an instance of an object.
10/16/2024 10:34:23 AM:DBManager:connection_data:Object reference not set to an instance of an object.
10/16/2024 10:34:23 AM:DBManager:connection_data:Object reference not set to an instance of an object.
10/16/2024 10:34:23 AM:DBManager:connection_data:Object reference not set to an instance of an object.
10/16/2024 10:34:23 AM:DBManager:connection_data:Object reference not set to an instance of an object.
10/16/2024 10:34:23 AM:DBManager:connection_data:Object reference not set to an instance of an object.
10/16/2024 10:34:23 AM:DBManager:connection_data:Object reference not set to an instance of an object.
10/16/2024 10:34:23 AM:DBManager:connection_data:Object reference not set to an instance of an object.
10/16/2024 10:34:23 AM:DBManager:connection_data:Object reference not set to an instance of an object.
10/16/2024 10:34:23 AM:DBManager:connection_data:Object reference not set to an instance of an object.
10/16/2024 10:34:23 AM:DBManager:connection_data:Object reference not set to an instance of an object.
10/16/2024 10:34:23 AM:DBManager:connection_data:Object reference not set to an instance of an object.
10/16/2024 10:34:23 AM:DBManager:connection_data:Object reference not set to an instance of an object.
10/16/2024 10:34:23 AM:DBManager:connection_data:Object reference not set to an instance of an object.
10/16/2024 10:34:23 AM:DBManager:connection_data:Object reference not set to an instance of an object.
10/16/2024 10:34:23 AM:DBManager:connection_data:Object reference not set to an instance of an object.
10/16/2024 10:34:23 AM:DBManager:connection_data:Object reference not set to an instance of an object.
10/16/2024 10:34:24 AM:DBManager:connection_data:Object reference not set to an instance of an object.
10/16/2024 10:34:24 AM:DBManager:connection_data:Object reference not set to an instance of an object.
10/16/2024 10:34:24 AM:DBManager:connection_data:Object reference not set to an instance of an object.
10/16/2024 10:34:24 AM:DBManager:connection_data:Object reference not set to an instance of an object.
10/16/2024 10:34:24 AM:DBManager:connection_data:Object reference not set to an instance of an object.
10/16/2024 10:34:24 AM:DBManager:connection_data:Object reference not set to an instance of an object.
10/16/2024 10:34:24 AM:DBManager:connection_data:Object reference not set to an instance of an object.
10/16/2024 10:34:24 AM:DBManager:connection_data:Object reference not set to an instance of an object.
10/16/2024 10:34:24 AM:DBManager:connection_data:Object reference not set to an instance of an object.
10/16/2024 10:34:24 AM:DBManager:connection_data:Object reference not set to an instance of an object.
10/16/2024 10:34:24 AM:DBManager:connection_data:Object reference not set to an instance of an object.
10/16/2024 10:34:24 AM:DBManager:connection_data:Object reference not set to an instance of an object.
10/16/2024 10:34:24 AM:DBManager:connection_data:Object reference not set to an instance of an object.
10/16/2024 10:34:24 AM:DBManager:connection_data:Object reference not set to an instance of an object.
10/16/2024 10:34:24 AM:DBManager:connection_data:Object reference not set to an instance of an object.
10/16/2024 10:34:24 AM:DBManager:connection_data:Object reference not set to an instance of an object.
10/16/2024 10:34:24 AM:DBManager:connection_data:Object reference not set to an instance of an object.
10/16/2024 10:34:24 AM:DBManager:connection_data:Object reference not set to an instance of an object.
10/16/2024 10:34:24 AM:DBManager:connection_data:Object reference not set to an instance of an object.
10/16/2024 10:34:24 AM:DBManager:connection_data:Object reference not set to an instance of an object.
10/16/2024 10:34:24 AM:DBManager:connection_data:Object reference not set to an instance of an object.
10/16/2024 10:34:24 AM:DBManager:connection_data:Object reference not set to an instance of an object.
10/16/2024 10:34:24 AM:DBManager:connection_data:Object reference not set to an instance of an object.
10/16/2024 10:34:24 AM:DBManager:connection_data:Object reference not set to an instance of an object.
10/16/2024 10:34:24 AM:DBManager:connection_data:Object reference not set to an instance of an object.
10/16/2024 10:34:24 AM:DBManager:connection_data:Object reference not set to an instance of an object.
10/16/2024 10:34:24 AM:DBManager:connection_data:Object reference not set to an instance of an object.
10/16/2024 10:34:24 AM:DBManager:connection_data:Object reference not set to an instance of an object.
10/16/2024 10:34:24 AM:DBManager:connection_data:Object reference not set to an instance of an object.
10/16/2024 10:34:24 AM:DBManager:connection_data:Object reference not set to an instance of an object.
10/16/2024 10:34:24 AM:DBManager:connection_data:Object reference not set to an instance of an object.
10/16/2024 10:34:24 AM:DBManager:connection_data:Object reference not set to an instance of an object.
10/16/2024 10:34:24 AM:DBManager:connection_data:Object reference not set to an instance of an object.
10/16/2024 10:34:24 AM:DBManager:connection_data:Object reference not set to an instance of an object.
10/16/2024 10:34:24 AM:DBManager:connection_data:Object reference not set to an instance of an object.
10/16/2024 10:34:24 AM:DBManager:connection_data:Object reference not set to an instance of an object.
10/16/2024 10:34:24 AM:DBManager:connection_data:Object reference not set to an instance of an object.
10/16/2024 10:34:24 AM:DBManager:connection_data:Object reference not set to an instance of an object.
10/16/2024 10:34:24 AM:DBManager:connection_data:Object reference not set to an instance of an object.
10/16/2024 10:34:24 AM:DBManager:connection_data:Object reference not set to an instance of an object.
10/16/2024 10:34:24 AM:DBManager:connection_data:Object reference not set to an instance of an object.
