11/15/2024 7:23:33 PM:DBManager:connection_data:Object reference not set to an instance of an object.
11/15/2024 7:23:33 PM:DBManager:connection_data:Object reference not set to an instance of an object.
15/11/2024 7:23:53 PM:Send_mail_APK:Send_mail_function:Login failed for user 'sa'.
11/15/2024 7:24:35 PM:DBManager:connection_data:Object reference not set to an instance of an object.
11/15/2024 7:24:35 PM:DBManager:connection_data:Object reference not set to an instance of an object.
11/15/2024 7:24:35 PM:DBManager:connection_data:Object reference not set to an instance of an object.
15/11/2024 7:24:35 PM:SignIn:btnLogIn_Click:test
11/15/2024 7:25:05 PM:DBManager:connection_data:Object reference not set to an instance of an object.
11/15/2024 7:25:05 PM:DBManager:connection_data:Object reference not set to an instance of an object.
15/11/2024 7:25:12 PM:Send_mail_APK:page_load:System.Configuration.ConfigurationErrorsException: Unrecognized attribute 'connectionstring'. Note that attribute names are case-sensitive. (D:\Working\POS\web.config line 10)
   at System.Configuration.BaseConfigurationRecord.EvaluateOne(String[] keys, SectionInput input, Boolean isTrusted, FactoryRecord factoryRecord, SectionRecord sectionRecord, Object parentResult)
   at System.Configuration.BaseConfigurationRecord.Evaluate(FactoryRecord factoryRecord, SectionRecord sectionRecord, Object parentResult, Boolean getLkg, Boolean getRuntimeObject, Object& result, Object& resultRuntimeObject)
   at System.Configuration.BaseConfigurationRecord.GetSectionRecursive(String configKey, Boolean getLkg, Boolean checkPermission, Boolean getRuntimeObject, Boolean requestIsHere, Object& result, Object& resultRuntimeObject)
   at System.Configuration.BaseConfigurationRecord.GetSection(String configKey)
   at System.Web.HttpContext.GetSection(String sectionName)
   at System.Web.Configuration.HttpConfigurationSystem.GetSection(String sectionName)
   at System.Web.Configuration.HttpConfigurationSystem.System.Configuration.Internal.IInternalConfigSystem.GetSection(String configKey)
   at System.Configuration.ConfigurationManager.get_ConnectionStrings()
   at send_mail_APK.send_mail() in D:\Working\POS\send_mail_APK.aspx.vb:line 29
   at send_mail_APK.Page_Load(Object sender, EventArgs e) in D:\Working\POS\send_mail_APK.aspx.vb:line 20
11/15/2024 7:25:17 PM:DBManager:connection_data:Object reference not set to an instance of an object.
11/15/2024 7:25:17 PM:DBManager:connection_data:Object reference not set to an instance of an object.
15/11/2024 7:25:47 PM:Send_mail_APK:page_load:System.Configuration.ConfigurationErrorsException: Unrecognized attribute 'connectionstring'. Note that attribute names are case-sensitive. (D:\Working\POS\web.config line 10)
   at System.Configuration.BaseConfigurationRecord.EvaluateOne(String[] keys, SectionInput input, Boolean isTrusted, FactoryRecord factoryRecord, SectionRecord sectionRecord, Object parentResult)
   at System.Configuration.BaseConfigurationRecord.Evaluate(FactoryRecord factoryRecord, SectionRecord sectionRecord, Object parentResult, Boolean getLkg, Boolean getRuntimeObject, Object& result, Object& resultRuntimeObject)
   at System.Configuration.BaseConfigurationRecord.GetSectionRecursive(String configKey, Boolean getLkg, Boolean checkPermission, Boolean getRuntimeObject, Boolean requestIsHere, Object& result, Object& resultRuntimeObject)
   at System.Configuration.BaseConfigurationRecord.GetSection(String configKey)
   at System.Web.HttpContext.GetSection(String sectionName)
   at System.Web.Configuration.HttpConfigurationSystem.GetSection(String sectionName)
   at System.Web.Configuration.HttpConfigurationSystem.System.Configuration.Internal.IInternalConfigSystem.GetSection(String configKey)
   at System.Configuration.ConfigurationManager.get_ConnectionStrings()
   at send_mail_APK.send_mail() in D:\Working\POS\send_mail_APK.aspx.vb:line 29
   at send_mail_APK.Page_Load(Object sender, EventArgs e) in D:\Working\POS\send_mail_APK.aspx.vb:line 20
11/15/2024 7:26:20 PM:DBManager:connection_data:Object reference not set to an instance of an object.
11/15/2024 7:26:20 PM:DBManager:connection_data:Object reference not set to an instance of an object.
11/15/2024 7:26:20 PM:DBManager:connection_data:Object reference not set to an instance of an object.
11/15/2024 7:26:20 PM:DBManager:connection_data:Object reference not set to an instance of an object.
11/15/2024 7:26:59 PM:DBManager:connection_data:Object reference not set to an instance of an object.
11/15/2024 7:26:59 PM:DBManager:connection_data:Object reference not set to an instance of an object.
15/11/2024 7:27:03 PM:Send_mail_APK:Send_mail_function:An expression of non-boolean type specified in a context where a condition is expected, near 'is_table'.
Incorrect syntax near 'day'.
15/11/2024 7:27:07 PM:Send_mail_APK:Send_mail_function:An expression of non-boolean type specified in a context where a condition is expected, near 'is_table'.
Incorrect syntax near 'day'.
15/11/2024 7:27:23 PM:Send_mail_APK:Send_mail_function:Timeout expired.  The timeout period elapsed prior to obtaining a connection from the pool.  This may have occurred because all pooled connections were in use and max pool size was reached.
15/11/2024 7:27:31 PM:Send_mail_APK:Send_mail_function:A network-related or instance-specific error occurred while establishing a connection to SQL Server. The server was not found or was not accessible. Verify that the instance name is correct and that SQL Server is configured to allow remote connections. (provider: Named Pipes Provider, error: 40 - Could not open a connection to SQL Server)
15/11/2024 7:27:53 PM:Send_mail_APK:Send_mail_function:An expression of non-boolean type specified in a context where a condition is expected, near 'is_table'.
Incorrect syntax near 'day'.
15/11/2024 7:27:53 PM:Send_mail_APK:Send_mail_function:A network-related or instance-specific error occurred while establishing a connection to SQL Server. The server was not found or was not accessible. Verify that the instance name is correct and that SQL Server is configured to allow remote connections. (provider: Named Pipes Provider, error: 40 - Could not open a connection to SQL Server)
15/11/2024 7:27:53 PM:Send_mail_APK:Send_mail_function:Connection Timeout Expired.  The timeout period elapsed while attempting to consume the pre-login handshake acknowledgement.  This could be because the pre-login handshake failed or the server was unable to respond back in time.  The duration spent while attempting to connect to this server was - [Pre-Login] initialization=18315; handshake=0; 
15/11/2024 7:28:08 PM:Send_mail_APK:Send_mail_function:Timeout expired.  The timeout period elapsed prior to obtaining a connection from the pool.  This may have occurred because all pooled connections were in use and max pool size was reached.
15/11/2024 7:28:08 PM:Send_mail_APK:Send_mail_function:Timeout expired.  The timeout period elapsed prior to obtaining a connection from the pool.  This may have occurred because all pooled connections were in use and max pool size was reached.
15/11/2024 7:28:09 PM:Send_mail_APK:Send_mail_function:A network-related or instance-specific error occurred while establishing a connection to SQL Server. The server was not found or was not accessible. Verify that the instance name is correct and that SQL Server is configured to allow remote connections. (provider: SQL Network Interfaces, error: 26 - Error Locating Server/Instance Specified)
11/15/2024 7:28:27 PM:DBManager:connection_data:Object reference not set to an instance of an object.
11/15/2024 7:28:27 PM:DBManager:connection_data:Object reference not set to an instance of an object.
15/11/2024 7:29:54 PM:Send_mail_APK:Send_mail_function:An expression of non-boolean type specified in a context where a condition is expected, near 'is_table'.
Incorrect syntax near 'day'.
11/15/2024 7:29:57 PM:DBManager:connection_data:Object reference not set to an instance of an object.
11/15/2024 7:29:57 PM:DBManager:connection_data:Object reference not set to an instance of an object.
11/15/2024 7:30:03 PM:DBManager:connection_data:Object reference not set to an instance of an object.
11/15/2024 7:30:03 PM:DBManager:connection_data:Object reference not set to an instance of an object.
11/15/2024 7:30:06 PM:DBManager:connection_data:Object reference not set to an instance of an object.
11/15/2024 7:30:06 PM:DBManager:connection_data:Object reference not set to an instance of an object.
11/15/2024 7:30:12 PM:DBManager:connection_data:Object reference not set to an instance of an object.
11/15/2024 7:30:12 PM:DBManager:connection_data:Object reference not set to an instance of an object.
11/15/2024 7:30:22 PM:DBManager:connection_data:Object reference not set to an instance of an object.
11/15/2024 7:30:22 PM:DBManager:connection_data:Object reference not set to an instance of an object.
15/11/2024 7:30:22 PM:Send_mail_APK:Send_mail_function:A network-related or instance-specific error occurred while establishing a connection to SQL Server. The server was not found or was not accessible. Verify that the instance name is correct and that SQL Server is configured to allow remote connections. (provider: Named Pipes Provider, error: 40 - Could not open a connection to SQL Server)
15/11/2024 7:30:39 PM:Send_mail_APK:Send_mail_function:A network-related or instance-specific error occurred while establishing a connection to SQL Server. The server was not found or was not accessible. Verify that the instance name is correct and that SQL Server is configured to allow remote connections. (provider: SQL Network Interfaces, error: 26 - Error Locating Server/Instance Specified)
15/11/2024 7:39:58 PM:Send_mail_APK:Send_mail_function:An expression of non-boolean type specified in a context where a condition is expected, near 'is_table'.
Incorrect syntax near 'day'.
11/15/2024 7:40:05 PM:DBManager:connection_data:Object reference not set to an instance of an object.
11/15/2024 7:40:05 PM:DBManager:connection_data:Object reference not set to an instance of an object.
15/11/2024 7:40:27 PM:Send_mail_APK:Send_mail_function:A network-related or instance-specific error occurred while establishing a connection to SQL Server. The server was not found or was not accessible. Verify that the instance name is correct and that SQL Server is configured to allow remote connections. (provider: Named Pipes Provider, error: 40 - Could not open a connection to SQL Server)
15/11/2024 7:40:45 PM:Send_mail_APK:Send_mail_function:A network-related or instance-specific error occurred while establishing a connection to SQL Server. The server was not found or was not accessible. Verify that the instance name is correct and that SQL Server is configured to allow remote connections. (provider: SQL Network Interfaces, error: 26 - Error Locating Server/Instance Specified)
15/11/2024 7:50:26 PM:Send_mail_APK:Send_mail_function:An expression of non-boolean type specified in a context where a condition is expected, near 'is_table'.
Incorrect syntax near 'day'.
11/15/2024 7:50:35 PM:DBManager:connection_data:Object reference not set to an instance of an object.
11/15/2024 7:50:35 PM:DBManager:connection_data:Object reference not set to an instance of an object.
11/15/2024 7:50:46 PM:DBManager:connection_data:Object reference not set to an instance of an object.
11/15/2024 7:50:46 PM:DBManager:connection_data:Object reference not set to an instance of an object.
11/15/2024 7:50:46 PM:DBManager:connection_data:Object reference not set to an instance of an object.
15/11/2024 7:50:55 PM:Send_mail_APK:Send_mail_function:A network-related or instance-specific error occurred while establishing a connection to SQL Server. The server was not found or was not accessible. Verify that the instance name is correct and that SQL Server is configured to allow remote connections. (provider: Named Pipes Provider, error: 40 - Could not open a connection to SQL Server)
11/15/2024 7:50:56 PM:DBManager:connection_data:Object reference not set to an instance of an object.
11/15/2024 7:50:56 PM:DBManager:connection_data:Object reference not set to an instance of an object.
15/11/2024 7:51:14 PM:Send_mail_APK:Send_mail_function:A network-related or instance-specific error occurred while establishing a connection to SQL Server. The server was not found or was not accessible. Verify that the instance name is correct and that SQL Server is configured to allow remote connections. (provider: SQL Network Interfaces, error: 26 - Error Locating Server/Instance Specified)
15/11/2024 7:58:54 PM:Send_mail_APK:Send_mail_function:Unclosed quotation mark after the character string '0'.
Incorrect syntax near '0'.
15/11/2024 7:59:23 PM:Send_mail_APK:Send_mail_function:A network-related or instance-specific error occurred while establishing a connection to SQL Server. The server was not found or was not accessible. Verify that the instance name is correct and that SQL Server is configured to allow remote connections. (provider: Named Pipes Provider, error: 40 - Could not open a connection to SQL Server)
15/11/2024 7:59:40 PM:Send_mail_APK:Send_mail_function:A network-related or instance-specific error occurred while establishing a connection to SQL Server. The server was not found or was not accessible. Verify that the instance name is correct and that SQL Server is configured to allow remote connections. (provider: SQL Network Interfaces, error: 26 - Error Locating Server/Instance Specified)
15/11/2024 7:59:41 PM:SignIn:btnLogIn_Click:test
11/15/2024 8:01:54 PM:DBManager:connection_data:Object reference not set to an instance of an object.
11/15/2024 8:01:54 PM:DBManager:connection_data:Object reference not set to an instance of an object.
15/11/2024 8:02:45 PM:Send_mail_APK:Send_mail_function:A network-related or instance-specific error occurred while establishing a connection to SQL Server. The server was not found or was not accessible. Verify that the instance name is correct and that SQL Server is configured to allow remote connections. (provider: Named Pipes Provider, error: 40 - Could not open a connection to SQL Server)
11/15/2024 8:03:00 PM:DBManager:connection_data:Object reference not set to an instance of an object.
11/15/2024 8:03:00 PM:DBManager:connection_data:Object reference not set to an instance of an object.
15/11/2024 8:03:03 PM:Send_mail_APK:Send_mail_function:A network-related or instance-specific error occurred while establishing a connection to SQL Server. The server was not found or was not accessible. Verify that the instance name is correct and that SQL Server is configured to allow remote connections. (provider: SQL Network Interfaces, error: 26 - Error Locating Server/Instance Specified)
15/11/2024 8:04:53 PM:Send_mail_APK:Send_mail_function:A network-related or instance-specific error occurred while establishing a connection to SQL Server. The server was not found or was not accessible. Verify that the instance name is correct and that SQL Server is configured to allow remote connections. (provider: Named Pipes Provider, error: 40 - Could not open a connection to SQL Server)
