3/27/2025 9:26:38 AM:DBManager:connection_data:Object reference not set to an instance of an object.
3/27/2025 9:26:38 AM:DBManager:connection_data:Object reference not set to an instance of an object.
3/27/2025 9:26:39 AM:DBManager:connection_data:Object reference not set to an instance of an object.
3/27/2025 9:26:39 AM:DBManager:connection_data:Object reference not set to an instance of an object.
3/27/2025 9:26:54 AM:DBManager:connection_data:Object reference not set to an instance of an object.
3/27/2025 9:26:54 AM:DBManager:connection_data:Object reference not set to an instance of an object.
27/03/2025 9:26:54 AM:POS_WS:CallMethod():Object reference not set to an instance of an object.
3/27/2025 9:27:03 AM:DBManager:connection_data:Object reference not set to an instance of an object.
3/27/2025 9:27:03 AM:DBManager:connection_data:Object reference not set to an instance of an object.
3/27/2025 9:27:03 AM:DBManager:connection_data:Object reference not set to an instance of an object.
27/03/2025 9:27:03 AM:SignIn:btnLogIn_Click:test
3/27/2025 9:27:35 AM:DBManager:connection_data:Object reference not set to an instance of an object.
3/27/2025 9:27:36 AM:DBManager:connection_data:Object reference not set to an instance of an object.
3/27/2025 9:28:44 AM:DBManager:connection_data:Object reference not set to an instance of an object.
3/27/2025 9:28:45 AM:DBManager:connection_data:Object reference not set to an instance of an object.
3/27/2025 9:28:46 AM:DBManager:connection_data:Object reference not set to an instance of an object.
3/27/2025 9:28:47 AM:DBManager:connection_data:Object reference not set to an instance of an object.
27/03/2025 9:28:47 AM:POS_WS:CallMethod():The request channel timed out while waiting for a reply after 00:00:59.9990051. Increase the timeout value passed to the call to Request or increase the SendTimeout value on the Binding. The time allotted to this operation may have been a portion of a longer timeout.
27/03/2025 9:28:48 AM:POS_WS:CallMethod():Conversion from string "Company Description" to type 'Integer' is not valid.
3/27/2025 9:28:57 AM:DBManager:connection_data:Object reference not set to an instance of an object.
3/27/2025 9:28:57 AM:DBManager:connection_data:Object reference not set to an instance of an object.
27/03/2025 9:28:57 AM:POS_WS:CallMethod():Conversion from string "Company Description" to type 'Integer' is not valid.
3/27/2025 9:29:09 AM:DBManager:connection_data:Object reference not set to an instance of an object.
3/27/2025 9:29:09 AM:DBManager:connection_data:Object reference not set to an instance of an object.
27/03/2025 9:29:09 AM:POS_WS:CallMethod():Conversion from string "Company Description" to type 'Integer' is not valid.
3/27/2025 9:29:17 AM:DBManager:connection_data:Object reference not set to an instance of an object.
3/27/2025 9:29:17 AM:DBManager:connection_data:Object reference not set to an instance of an object.
27/03/2025 9:29:17 AM:POS_WS:CallMethod():Conversion from string "Company Description" to type 'Integer' is not valid.
3/27/2025 9:30:00 AM:DBManager:connection_data:Object reference not set to an instance of an object.
3/27/2025 9:30:00 AM:DBManager:connection_data:Object reference not set to an instance of an object.
27/03/2025 9:30:03 AM:POS_WS:CallMethod():Conversion from string "Company Description" to type 'Integer' is not valid.
3/27/2025 9:30:05 AM:DBManager:connection_data:Object reference not set to an instance of an object.
3/27/2025 9:30:05 AM:DBManager:connection_data:Object reference not set to an instance of an object.
3/27/2025 9:32:14 AM:DBManager:connection_data:Object reference not set to an instance of an object.
27/03/2025 9:32:16 AM:POS_WS:CallMethod():Conversion from string "Company Description" to type 'Integer' is not valid.
3/27/2025 9:32:16 AM:DBManager:connection_data:Object reference not set to an instance of an object.
27/03/2025 9:32:17 AM:POS_WS:CallMethod():Conversion from string "Main venue description" to type 'Integer' is not valid.
3/27/2025 9:32:20 AM:DBManager:connection_data:Object reference not set to an instance of an object.
3/27/2025 9:32:20 AM:DBManager:connection_data:Object reference not set to an instance of an object.
27/03/2025 9:32:20 AM:POS_WS:CallMethod():Conversion from string "Main venue description" to type 'Integer' is not valid.
3/27/2025 9:32:56 AM:DBManager:connection_data:Object reference not set to an instance of an object.
3/27/2025 9:32:56 AM:DBManager:connection_data:Object reference not set to an instance of an object.
3/27/2025 9:33:57 AM:DBManager:connection_data:Object reference not set to an instance of an object.
3/27/2025 9:33:57 AM:DBManager:connection_data:Object reference not set to an instance of an object.
3/27/2025 9:33:57 AM:DBManager:connection_data:Object reference not set to an instance of an object.
27/03/2025 9:33:57 AM:POS_WS:CallMethod():Conversion from string "Main venue description" to type 'Integer' is not valid.
3/27/2025 9:33:57 AM:DBManager:connection_data:Object reference not set to an instance of an object.
27/03/2025 9:34:01 AM:POS_WS:CallMethod():Conversion from string "Main venue description" to type 'Integer' is not valid.
27/03/2025 9:34:03 AM:POS_WS:CallMethod():Conversion from string "Main venue description" to type 'Integer' is not valid.
3/27/2025 9:34:07 AM:DBManager:connection_data:Object reference not set to an instance of an object.
3/27/2025 9:34:07 AM:DBManager:connection_data:Object reference not set to an instance of an object.
27/03/2025 9:35:19 AM:POS_WS:CallMethod():Conversion from string "Main venue description" to type 'Integer' is not valid.
3/27/2025 9:35:19 AM:DBManager:connection_data:Object reference not set to an instance of an object.
3/27/2025 9:35:20 AM:DBManager:connection_data:Object reference not set to an instance of an object.
27/03/2025 9:37:46 AM:POS_WS:CallMethod():Conversion from string "Main venue description" to type 'Integer' is not valid.
3/27/2025 9:41:07 AM:DBManager:connection_data:Object reference not set to an instance of an object.
3/27/2025 9:41:07 AM:DBManager:connection_data:Object reference not set to an instance of an object.
27/03/2025 9:41:07 AM:POS_WS:CallMethod():An endpoint configuration section for contract 'ServiceReference1.POS_WebServiceSoap' could not be loaded because more than one endpoint configuration for that contract was found. Please indicate the preferred endpoint configuration section by name.
3/27/2025 9:41:38 AM:DBManager:connection_data:Object reference not set to an instance of an object.
3/27/2025 9:41:38 AM:DBManager:connection_data:Object reference not set to an instance of an object.
3/27/2025 9:42:08 AM:DBManager:connection_data:Object reference not set to an instance of an object.
3/27/2025 9:42:08 AM:DBManager:connection_data:Object reference not set to an instance of an object.
27/03/2025 9:42:56 AM:POS_WS:CallMethod():Conversion from string "Main venue description" to type 'Integer' is not valid.
27/03/2025 9:42:56 AM:POS_WS:CallMethod():Object reference not set to an instance of an object.
3/27/2025 9:43:10 AM:DBManager:connection_data:Object reference not set to an instance of an object.
3/27/2025 9:43:10 AM:DBManager:connection_data:Object reference not set to an instance of an object.
27/03/2025 9:44:46 AM:POS_WS:CallMethod():Conversion from string "Main venue description" to type 'Integer' is not valid.
3/27/2025 9:59:30 AM:DBManager:connection_data:Object reference not set to an instance of an object.
3/27/2025 9:59:30 AM:DBManager:connection_data:Object reference not set to an instance of an object.
3/27/2025 10:00:05 AM:DBManager:connection_data:Object reference not set to an instance of an object.
3/27/2025 10:00:05 AM:DBManager:connection_data:Object reference not set to an instance of an object.
27/03/2025 10:00:06 AM:POS_WS:CallMethod():An endpoint configuration section for contract 'ServiceReference1.POS_WebServiceSoap' could not be loaded because more than one endpoint configuration for that contract was found. Please indicate the preferred endpoint configuration section by name.
27/03/2025 10:00:11 AM:POS_WS:CallMethod():An endpoint configuration section for contract 'ServiceReference1.POS_WebServiceSoap' could not be loaded because more than one endpoint configuration for that contract was found. Please indicate the preferred endpoint configuration section by name.
3/27/2025 10:00:15 AM:DBManager:connection_data:Object reference not set to an instance of an object.
3/27/2025 10:00:15 AM:DBManager:connection_data:Object reference not set to an instance of an object.
27/03/2025 10:00:15 AM:POS_WS:CallMethod():An endpoint configuration section for contract 'ServiceReference1.POS_WebServiceSoap' could not be loaded because more than one endpoint configuration for that contract was found. Please indicate the preferred endpoint configuration section by name.
3/27/2025 10:00:44 AM:DBManager:connection_data:Object reference not set to an instance of an object.
3/27/2025 10:00:44 AM:DBManager:connection_data:Object reference not set to an instance of an object.
3/27/2025 10:01:10 AM:DBManager:connection_data:Object reference not set to an instance of an object.
3/27/2025 10:01:10 AM:DBManager:connection_data:Object reference not set to an instance of an object.
3/27/2025 10:01:40 AM:DBManager:connection_data:Object reference not set to an instance of an object.
3/27/2025 10:01:40 AM:DBManager:connection_data:Object reference not set to an instance of an object.
3/27/2025 10:01:40 AM:DBManager:connection_data:Object reference not set to an instance of an object.
27/03/2025 10:01:40 AM:SignIn:btnLogIn_Click:test
3/27/2025 10:02:04 AM:DBManager:connection_data:Object reference not set to an instance of an object.
3/27/2025 10:02:04 AM:DBManager:connection_data:Object reference not set to an instance of an object.
3/27/2025 10:02:06 AM:DBManager:connection_data:Object reference not set to an instance of an object.
3/27/2025 10:02:06 AM:DBManager:connection_data:Object reference not set to an instance of an object.
3/27/2025 10:04:45 AM:DBManager:connection_data:Object reference not set to an instance of an object.
3/27/2025 10:04:45 AM:DBManager:connection_data:Object reference not set to an instance of an object.
3/27/2025 10:05:38 AM:DBManager:connection_data:Object reference not set to an instance of an object.
3/27/2025 10:05:38 AM:DBManager:connection_data:Object reference not set to an instance of an object.
3/27/2025 10:05:38 AM:DBManager:connection_data:Object reference not set to an instance of an object.
3/27/2025 10:05:38 AM:DBManager:connection_data:Object reference not set to an instance of an object.
3/27/2025 10:05:40 AM:DBManager:connection_data:Object reference not set to an instance of an object.
3/27/2025 10:05:40 AM:DBManager:connection_data:Object reference not set to an instance of an object.
3/27/2025 10:05:40 AM:DBManager:connection_data:Object reference not set to an instance of an object.
3/27/2025 10:05:40 AM:DBManager:connection_data:Object reference not set to an instance of an object.
3/27/2025 10:05:40 AM:DBManager:connection_data:Object reference not set to an instance of an object.
3/27/2025 10:05:40 AM:DBManager:connection_data:Object reference not set to an instance of an object.
3/27/2025 10:05:44 AM:DBManager:connection_data:Object reference not set to an instance of an object.
3/27/2025 10:05:44 AM:DBManager:connection_data:Object reference not set to an instance of an object.
3/27/2025 10:05:55 AM:DBManager:connection_data:Object reference not set to an instance of an object.
3/27/2025 10:05:55 AM:DBManager:connection_data:Object reference not set to an instance of an object.
3/27/2025 10:09:00 AM:DBManager:connection_data:Object reference not set to an instance of an object.
3/27/2025 10:09:00 AM:DBManager:connection_data:Object reference not set to an instance of an object.
3/27/2025 10:09:05 AM:DBManager:connection_data:Object reference not set to an instance of an object.
3/27/2025 10:09:05 AM:DBManager:connection_data:Object reference not set to an instance of an object.
3/27/2025 10:09:05 AM:DBManager:connection_data:Object reference not set to an instance of an object.
3/27/2025 10:09:05 AM:DBManager:connection_data:Object reference not set to an instance of an object.
3/27/2025 10:09:05 AM:DBManager:connection_data:Object reference not set to an instance of an object.
3/27/2025 10:09:05 AM:DBManager:connection_data:Object reference not set to an instance of an object.
3/27/2025 10:09:11 AM:DBManager:connection_data:Object reference not set to an instance of an object.
3/27/2025 10:09:11 AM:DBManager:connection_data:Object reference not set to an instance of an object.
3/27/2025 10:09:12 AM:DBManager:connection_data:Object reference not set to an instance of an object.
3/27/2025 10:09:12 AM:DBManager:connection_data:Object reference not set to an instance of an object.
3/27/2025 10:11:34 AM:DBManager:connection_data:Object reference not set to an instance of an object.
3/27/2025 10:11:34 AM:DBManager:connection_data:Object reference not set to an instance of an object.
3/27/2025 10:11:35 AM:DBManager:connection_data:Object reference not set to an instance of an object.
3/27/2025 10:11:35 AM:DBManager:connection_data:Object reference not set to an instance of an object.
3/27/2025 2:14:36 PM:DBManager:connection_data:Object reference not set to an instance of an object.
3/27/2025 2:14:36 PM:DBManager:connection_data:Object reference not set to an instance of an object.
3/27/2025 2:14:36 PM:DBManager:connection_data:Object reference not set to an instance of an object.
27/03/2025 2:14:36 PM:SignIn:btnLogIn_Click:test
3/27/2025 2:14:43 PM:DBManager:connection_data:Object reference not set to an instance of an object.
3/27/2025 2:14:43 PM:DBManager:connection_data:Object reference not set to an instance of an object.
3/27/2025 2:14:43 PM:DBManager:connection_data:Object reference not set to an instance of an object.
27/03/2025 2:14:43 PM:SignIn:btnLogIn_Click:test
27/03/2025 2:15:06 PM:SignIn:btnLogIn_Click:A network-related or instance-specific error occurred while establishing a connection to SQL Server. The server was not found or was not accessible. Verify that the instance name is correct and that SQL Server is configured to allow remote connections. (provider: SQL Network Interfaces, error: 26 - Error Locating Server/Instance Specified)
3/27/2025 2:15:09 PM:DBManager:connection_data:Object reference not set to an instance of an object.
3/27/2025 2:15:09 PM:DBManager:connection_data:Object reference not set to an instance of an object.
3/27/2025 2:15:09 PM:DBManager:connection_data:Object reference not set to an instance of an object.
27/03/2025 2:15:09 PM:SignIn:btnLogIn_Click:test
27/03/2025 2:15:15 PM:SignIn:btnLogIn_Click:A network-related or instance-specific error occurred while establishing a connection to SQL Server. The server was not found or was not accessible. Verify that the instance name is correct and that SQL Server is configured to allow remote connections. (provider: SQL Network Interfaces, error: 26 - Error Locating Server/Instance Specified)
3/27/2025 2:15:17 PM:DBManager:connection_data:Object reference not set to an instance of an object.
3/27/2025 2:15:17 PM:DBManager:connection_data:Object reference not set to an instance of an object.
3/27/2025 2:15:17 PM:DBManager:connection_data:Object reference not set to an instance of an object.
27/03/2025 2:15:17 PM:SignIn:btnLogIn_Click:test
27/03/2025 2:19:32 PM:SignIn:btnLogIn_Click:A network-related or instance-specific error occurred while establishing a connection to SQL Server. The server was not found or was not accessible. Verify that the instance name is correct and that SQL Server is configured to allow remote connections. (provider: SQL Network Interfaces, error: 26 - Error Locating Server/Instance Specified)
3/27/2025 2:19:36 PM:DBManager:connection_data:Object reference not set to an instance of an object.
3/27/2025 2:19:36 PM:DBManager:connection_data:Object reference not set to an instance of an object.
3/27/2025 2:19:36 PM:DBManager:connection_data:Object reference not set to an instance of an object.
27/03/2025 2:19:36 PM:SignIn:btnLogIn_Click:test
27/03/2025 2:19:48 PM:SignIn:btnLogIn_Click:A network-related or instance-specific error occurred while establishing a connection to SQL Server. The server was not found or was not accessible. Verify that the instance name is correct and that SQL Server is configured to allow remote connections. (provider: SQL Network Interfaces, error: 26 - Error Locating Server/Instance Specified)
3/27/2025 2:19:53 PM:DBManager:connection_data:Object reference not set to an instance of an object.
3/27/2025 2:19:53 PM:DBManager:connection_data:Object reference not set to an instance of an object.
3/27/2025 2:19:53 PM:DBManager:connection_data:Object reference not set to an instance of an object.
27/03/2025 2:19:53 PM:SignIn:btnLogIn_Click:test
27/03/2025 2:21:38 PM:SignIn:btnLogIn_Click:A network-related or instance-specific error occurred while establishing a connection to SQL Server. The server was not found or was not accessible. Verify that the instance name is correct and that SQL Server is configured to allow remote connections. (provider: SQL Network Interfaces, error: 26 - Error Locating Server/Instance Specified)
3/27/2025 2:21:38 PM:DBManager:connection_data:Object reference not set to an instance of an object.
3/27/2025 2:21:38 PM:DBManager:connection_data:Object reference not set to an instance of an object.
3/27/2025 2:21:38 PM:DBManager:connection_data:Object reference not set to an instance of an object.
27/03/2025 2:21:38 PM:SignIn:btnLogIn_Click:test
27/03/2025 2:21:39 PM:SignIn:btnLogIn_Click:A network-related or instance-specific error occurred while establishing a connection to SQL Server. The server was not found or was not accessible. Verify that the instance name is correct and that SQL Server is configured to allow remote connections. (provider: SQL Network Interfaces, error: 26 - Error Locating Server/Instance Specified)
3/27/2025 2:44:53 PM:DBManager:connection_data:Object reference not set to an instance of an object.
3/27/2025 2:44:53 PM:DBManager:connection_data:Object reference not set to an instance of an object.
3/27/2025 2:44:53 PM:DBManager:connection_data:Object reference not set to an instance of an object.
27/03/2025 2:44:53 PM:SignIn:btnLogIn_Click:test
27/03/2025 2:44:58 PM:SignIn:btnLogIn_Click:A network-related or instance-specific error occurred while establishing a connection to SQL Server. The server was not found or was not accessible. Verify that the instance name is correct and that SQL Server is configured to allow remote connections. (provider: SQL Network Interfaces, error: 26 - Error Locating Server/Instance Specified)
3/27/2025 2:45:07 PM:DBManager:connection_data:Object reference not set to an instance of an object.
3/27/2025 2:45:07 PM:DBManager:connection_data:Object reference not set to an instance of an object.
3/27/2025 2:45:07 PM:DBManager:connection_data:Object reference not set to an instance of an object.
27/03/2025 2:45:07 PM:SignIn:btnLogIn_Click:test
27/03/2025 2:45:11 PM:SignIn:btnLogIn_Click:A network-related or instance-specific error occurred while establishing a connection to SQL Server. The server was not found or was not accessible. Verify that the instance name is correct and that SQL Server is configured to allow remote connections. (provider: SQL Network Interfaces, error: 26 - Error Locating Server/Instance Specified)
3/27/2025 3:51:31 PM:DBManager:connection_data:Object reference not set to an instance of an object.
3/27/2025 3:51:31 PM:DBManager:connection_data:Object reference not set to an instance of an object.
3/27/2025 3:51:31 PM:DBManager:connection_data:Object reference not set to an instance of an object.
27/03/2025 3:51:31 PM:SignIn:btnLogIn_Click:test
3/27/2025 4:14:21 PM:DBManager:connection_data:Object reference not set to an instance of an object.
3/27/2025 4:14:24 PM:DBManager:connection_data:Object reference not set to an instance of an object.
27/03/2025 4:14:25 PM:POS_WS:CallMethod():An endpoint configuration section for contract 'ServiceReference1.POS_WebServiceSoap' could not be loaded because more than one endpoint configuration for that contract was found. Please indicate the preferred endpoint configuration section by name.
3/27/2025 4:15:00 PM:DBManager:connection_data:Object reference not set to an instance of an object.
3/27/2025 4:15:03 PM:DBManager:connection_data:Object reference not set to an instance of an object.
3/27/2025 4:15:06 PM:DBManager:connection_data:Object reference not set to an instance of an object.
3/27/2025 4:15:06 PM:DBManager:connection_data:Object reference not set to an instance of an object.
3/27/2025 4:15:09 PM:POS_WS:getStore():The entry 'POSControllerConnectionString' has already been added. (D:\Working\POS\web.config line 12)
3/27/2025 4:15:53 PM:DBManager:connection_data:Object reference not set to an instance of an object.
3/27/2025 4:15:53 PM:DBManager:connection_data:Object reference not set to an instance of an object.
3/27/2025 4:15:55 PM:DBManager:connection_data:Object reference not set to an instance of an object.
3/27/2025 4:15:55 PM:DBManager:connection_data:Object reference not set to an instance of an object.
3/27/2025 4:15:56 PM:DBManager:connection_data:Object reference not set to an instance of an object.
3/27/2025 4:15:56 PM:DBManager:connection_data:Object reference not set to an instance of an object.
3/27/2025 4:15:56 PM:DBManager:connection_data:Object reference not set to an instance of an object.
3/27/2025 4:15:59 PM:POS_WS:getStore():The entry 'POSControllerConnectionString' has already been added. (D:\Working\POS\web.config line 12)
3/27/2025 4:15:59 PM:POS_WS:getStore():The entry 'POSControllerConnectionString' has already been added. (D:\Working\POS\web.config line 12)
3/27/2025 4:16:07 PM:DBManager:connection_data:Object reference not set to an instance of an object.
3/27/2025 4:16:07 PM:DBManager:connection_data:Object reference not set to an instance of an object.
3/27/2025 4:16:07 PM:DBManager:connection_data:Object reference not set to an instance of an object.
3/27/2025 4:16:07 PM:DBManager:connection_data:Object reference not set to an instance of an object.
3/27/2025 4:16:08 PM:POS_WS:getStore():The entry 'POSControllerConnectionString' has already been added. (D:\Working\POS\web.config line 12)
3/27/2025 4:16:18 PM:DBManager:connection_data:Object reference not set to an instance of an object.
3/27/2025 4:16:18 PM:DBManager:connection_data:Object reference not set to an instance of an object.
27/03/2025 4:16:26 PM:POS_WS:CallMethod():Object reference not set to an instance of an object.
3/27/2025 4:16:26 PM:DBManager:connection_data:Object reference not set to an instance of an object.
3/27/2025 4:16:27 PM:DBManager:connection_data:Object reference not set to an instance of an object.
3/27/2025 4:16:27 PM:DBManager:connection_data:Object reference not set to an instance of an object.
3/27/2025 4:16:27 PM:DBManager:connection_data:Object reference not set to an instance of an object.
3/27/2025 4:16:29 PM:POS_WS:getStore():The entry 'POSControllerConnectionString' has already been added. (D:\Working\POS\web.config line 12)
3/27/2025 4:16:37 PM:DBManager:connection_data:Object reference not set to an instance of an object.
3/27/2025 4:16:37 PM:DBManager:connection_data:Object reference not set to an instance of an object.
27/03/2025 4:16:38 PM:POS_WS:CallMethod():Object reference not set to an instance of an object.
3/27/2025 4:16:45 PM:DBManager:connection_data:Object reference not set to an instance of an object.
3/27/2025 4:16:45 PM:DBManager:connection_data:Object reference not set to an instance of an object.
3/27/2025 4:16:46 PM:DBManager:connection_data:Object reference not set to an instance of an object.
3/27/2025 4:16:46 PM:DBManager:connection_data:Object reference not set to an instance of an object.
3/27/2025 4:16:48 PM:POS_WS:getStore():The entry 'POSControllerConnectionString' has already been added. (D:\Working\POS\web.config line 12)
3/27/2025 4:16:56 PM:DBManager:connection_data:Object reference not set to an instance of an object.
3/27/2025 4:16:56 PM:DBManager:connection_data:Object reference not set to an instance of an object.
3/27/2025 4:16:56 PM:DBManager:connection_data:Object reference not set to an instance of an object.
3/27/2025 4:16:56 PM:DBManager:connection_data:Object reference not set to an instance of an object.
3/27/2025 4:17:00 PM:POS_WS:getStore():The entry 'POSControllerConnectionString' has already been added. (D:\Working\POS\web.config line 12)
3/27/2025 4:17:40 PM:DBManager:connection_data:Object reference not set to an instance of an object.
3/27/2025 4:17:40 PM:DBManager:connection_data:Object reference not set to an instance of an object.
3/27/2025 4:17:40 PM:DBManager:connection_data:Object reference not set to an instance of an object.
3/27/2025 4:17:40 PM:DBManager:connection_data:Object reference not set to an instance of an object.
3/27/2025 4:17:40 PM:DBManager:connection_data:Object reference not set to an instance of an object.
27/03/2025 4:17:41 PM:SignIn:btnLogIn_Click:test
3/27/2025 4:17:47 PM:DBManager:connection_data:Object reference not set to an instance of an object.
3/27/2025 4:17:47 PM:DBManager:connection_data:Object reference not set to an instance of an object.
3/27/2025 4:17:49 PM:POS_WS:getStore():The entry 'POSControllerConnectionString' has already been added. (D:\Working\POS\web.config line 12)
3/27/2025 4:19:00 PM:DBManager:connection_data:Object reference not set to an instance of an object.
3/27/2025 4:19:00 PM:DBManager:connection_data:Object reference not set to an instance of an object.
3/27/2025 4:19:00 PM:DBManager:connection_data:Object reference not set to an instance of an object.
3/27/2025 4:19:00 PM:DBManager:connection_data:Object reference not set to an instance of an object.
27/03/2025 4:19:00 PM:POS_WS:CallMethod():An endpoint configuration section for contract 'ServiceReference1.POS_WebServiceSoap' could not be loaded because more than one endpoint configuration for that contract was found. Please indicate the preferred endpoint configuration section by name.
3/27/2025 4:19:07 PM:DBManager:connection_data:Object reference not set to an instance of an object.
3/27/2025 4:19:07 PM:DBManager:connection_data:Object reference not set to an instance of an object.
27/03/2025 4:19:07 PM:POS_WS:CallMethod():An endpoint configuration section for contract 'ServiceReference1.POS_WebServiceSoap' could not be loaded because more than one endpoint configuration for that contract was found. Please indicate the preferred endpoint configuration section by name.
3/27/2025 4:19:35 PM:DBManager:connection_data:Object reference not set to an instance of an object.
3/27/2025 4:19:35 PM:DBManager:connection_data:Object reference not set to an instance of an object.
3/27/2025 4:19:37 PM:DBManager:connection_data:Object reference not set to an instance of an object.
3/27/2025 4:19:37 PM:DBManager:connection_data:Object reference not set to an instance of an object.
3/27/2025 4:19:40 PM:POS_WS:getStore():A network-related or instance-specific error occurred while establishing a connection to SQL Server. The server was not found or was not accessible. Verify that the instance name is correct and that SQL Server is configured to allow remote connections. (provider: SQL Network Interfaces, error: 26 - Error Locating Server/Instance Specified)
3/27/2025 4:20:21 PM:DBManager:connection_data:Object reference not set to an instance of an object.
3/27/2025 4:20:21 PM:DBManager:connection_data:Object reference not set to an instance of an object.
27/03/2025 4:20:21 PM:POS_WS:CallMethod():An endpoint configuration section for contract 'ServiceReference1.POS_WebServiceSoap' could not be loaded because more than one endpoint configuration for that contract was found. Please indicate the preferred endpoint configuration section by name.
3/27/2025 4:20:44 PM:DBManager:connection_data:Object reference not set to an instance of an object.
3/27/2025 4:20:44 PM:DBManager:connection_data:Object reference not set to an instance of an object.
3/27/2025 4:20:45 PM:DBManager:connection_data:Object reference not set to an instance of an object.
3/27/2025 4:20:45 PM:DBManager:connection_data:Object reference not set to an instance of an object.
3/27/2025 4:20:47 PM:DBManager:connection_data:Object reference not set to an instance of an object.
3/27/2025 4:20:47 PM:DBManager:connection_data:Object reference not set to an instance of an object.
3/27/2025 4:20:47 PM:DBManager:connection_data:Object reference not set to an instance of an object.
3/27/2025 4:20:47 PM:DBManager:connection_data:Object reference not set to an instance of an object.
3/27/2025 4:21:37 PM:DBManager:connection_data:Object reference not set to an instance of an object.
3/27/2025 4:21:37 PM:DBManager:connection_data:Object reference not set to an instance of an object.
3/27/2025 4:21:37 PM:DBManager:connection_data:Object reference not set to an instance of an object.
3/27/2025 4:21:37 PM:DBManager:connection_data:Object reference not set to an instance of an object.
3/27/2025 4:22:58 PM:DBManager:connection_data:Object reference not set to an instance of an object.
3/27/2025 4:22:58 PM:DBManager:connection_data:Object reference not set to an instance of an object.
27/03/2025 4:22:58 PM:POS_WS:CallMethod():Object reference not set to an instance of an object.
3/27/2025 4:23:17 PM:DBManager:connection_data:Object reference not set to an instance of an object.
3/27/2025 4:23:17 PM:DBManager:connection_data:Object reference not set to an instance of an object.
27/03/2025 4:23:17 PM:POS_WS:CallMethod():Object reference not set to an instance of an object.
3/27/2025 4:23:41 PM:DBManager:connection_data:Object reference not set to an instance of an object.
3/27/2025 4:23:41 PM:DBManager:connection_data:Object reference not set to an instance of an object.
27/03/2025 4:32:45 PM:POS_WS:CallMethod():Object reference not set to an instance of an object.
3/27/2025 5:14:19 PM:DBManager:connection_data:Object reference not set to an instance of an object.
3/27/2025 5:14:19 PM:DBManager:connection_data:Object reference not set to an instance of an object.
27/03/2025 5:14:19 PM:POS_WS:CallMethod():Object reference not set to an instance of an object.
3/27/2025 5:15:10 PM:DBManager:connection_data:Object reference not set to an instance of an object.
3/27/2025 5:15:10 PM:DBManager:connection_data:Object reference not set to an instance of an object.
3/27/2025 5:15:10 PM:DBManager:connection_data:Object reference not set to an instance of an object.
27/03/2025 5:15:10 PM:SignIn:btnLogIn_Click:test
3/27/2025 5:15:52 PM:DBManager:connection_data:Object reference not set to an instance of an object.
3/27/2025 5:15:55 PM:DBManager:connection_data:Object reference not set to an instance of an object.
3/27/2025 5:16:36 PM:DBManager:connection_data:Object reference not set to an instance of an object.
3/27/2025 5:16:36 PM:DBManager:connection_data:Object reference not set to an instance of an object.
27/03/2025 5:16:42 PM:POS_WS:CallMethod():Object reference not set to an instance of an object.
27/03/2025 5:17:04 PM:POS_WS:CallMethod():Object reference not set to an instance of an object.
3/27/2025 5:17:10 PM:DBManager:connection_data:Object reference not set to an instance of an object.
3/27/2025 5:17:10 PM:DBManager:connection_data:Object reference not set to an instance of an object.
27/03/2025 5:18:01 PM:POS_WS:CallMethod():Object reference not set to an instance of an object.
3/27/2025 5:18:04 PM:DBManager:connection_data:Object reference not set to an instance of an object.
3/27/2025 5:18:04 PM:DBManager:connection_data:Object reference not set to an instance of an object.
27/03/2025 5:20:03 PM:POS_WS:CallMethod():Object reference not set to an instance of an object.
3/27/2025 6:09:18 PM:DBManager:connection_data:Object reference not set to an instance of an object.
3/27/2025 6:09:18 PM:DBManager:connection_data:Object reference not set to an instance of an object.
27/03/2025 6:10:19 PM:POS_WS:CallMethod():The request channel timed out while waiting for a reply after 00:00:59.9969485. Increase the timeout value passed to the call to Request or increase the SendTimeout value on the Binding. The time allotted to this operation may have been a portion of a longer timeout.
3/27/2025 6:10:36 PM:DBManager:connection_data:Object reference not set to an instance of an object.
3/27/2025 6:10:36 PM:DBManager:connection_data:Object reference not set to an instance of an object.
3/27/2025 6:29:04 PM:DBManager:connection_data:Object reference not set to an instance of an object.
3/27/2025 6:29:05 PM:DBManager:connection_data:Object reference not set to an instance of an object.
27/03/2025 6:29:05 PM:POS_WS:CallMethod():An endpoint configuration section for contract 'ServiceReference1.POS_WebServiceSoap' could not be loaded because more than one endpoint configuration for that contract was found. Please indicate the preferred endpoint configuration section by name.
3/27/2025 6:34:22 PM:DBManager:connection_data:Object reference not set to an instance of an object.
3/27/2025 6:34:22 PM:DBManager:connection_data:Object reference not set to an instance of an object.
3/27/2025 6:34:23 PM:DBManager:connection_data:Object reference not set to an instance of an object.
3/27/2025 6:34:23 PM:DBManager:connection_data:Object reference not set to an instance of an object.
3/27/2025 6:46:56 PM:DBManager:connection_data:Object reference not set to an instance of an object.
3/27/2025 6:46:57 PM:DBManager:connection_data:Object reference not set to an instance of an object.
27/03/2025 6:50:19 PM:POS_WS:CallMethod():Object reference not set to an instance of an object.
3/27/2025 6:50:48 PM:DBManager:connection_data:Object reference not set to an instance of an object.
3/27/2025 6:50:52 PM:DBManager:connection_data:Object reference not set to an instance of an object.
3/27/2025 6:51:25 PM:DBManager:connection_data:Object reference not set to an instance of an object.
3/27/2025 6:51:29 PM:DBManager:connection_data:Object reference not set to an instance of an object.
27/03/2025 6:52:34 PM:POS_WS:CallMethod():The request channel timed out while waiting for a reply after 00:00:59.9970741. Increase the timeout value passed to the call to Request or increase the SendTimeout value on the Binding. The time allotted to this operation may have been a portion of a longer timeout.
3/27/2025 6:52:40 PM:DBManager:connection_data:Object reference not set to an instance of an object.
3/27/2025 6:52:42 PM:DBManager:connection_data:Object reference not set to an instance of an object.
3/27/2025 6:52:47 PM:DBManager:connection_data:Object reference not set to an instance of an object.
3/27/2025 6:52:49 PM:DBManager:connection_data:Object reference not set to an instance of an object.
3/27/2025 6:53:25 PM:DBManager:connection_data:Object reference not set to an instance of an object.
3/27/2025 6:53:25 PM:DBManager:connection_data:Object reference not set to an instance of an object.
3/27/2025 6:53:26 PM:DBManager:connection_data:Object reference not set to an instance of an object.
3/27/2025 6:53:27 PM:DBManager:connection_data:Object reference not set to an instance of an object.
27/03/2025 7:00:30 PM:POS_WS:CallMethod():The request channel timed out while waiting for a reply after 00:00:59.9990031. Increase the timeout value passed to the call to Request or increase the SendTimeout value on the Binding. The time allotted to this operation may have been a portion of a longer timeout.
3/27/2025 7:00:35 PM:DBManager:connection_data:Object reference not set to an instance of an object.
3/27/2025 7:00:36 PM:DBManager:connection_data:Object reference not set to an instance of an object.
3/27/2025 7:00:38 PM:DBManager:connection_data:Object reference not set to an instance of an object.
3/27/2025 7:00:38 PM:DBManager:connection_data:Object reference not set to an instance of an object.
3/27/2025 7:03:08 PM:DBManager:connection_data:Object reference not set to an instance of an object.
3/27/2025 7:03:08 PM:DBManager:connection_data:Object reference not set to an instance of an object.
3/27/2025 7:03:08 PM:DBManager:connection_data:Object reference not set to an instance of an object.
3/27/2025 7:03:08 PM:DBManager:connection_data:Object reference not set to an instance of an object.
3/27/2025 7:03:08 PM:POS_WS:getStore():Error converting data type nvarchar to numeric.
3/27/2025 7:04:42 PM:DBManager:connection_data:Object reference not set to an instance of an object.
3/27/2025 7:04:42 PM:DBManager:connection_data:Object reference not set to an instance of an object.
3/27/2025 7:04:48 PM:DBManager:connection_data:Object reference not set to an instance of an object.
3/27/2025 7:04:48 PM:DBManager:connection_data:Object reference not set to an instance of an object.
3/27/2025 7:05:24 PM:DBManager:connection_data:Object reference not set to an instance of an object.
3/27/2025 7:05:24 PM:DBManager:connection_data:Object reference not set to an instance of an object.
3/27/2025 7:05:53 PM:DBManager:connection_data:Object reference not set to an instance of an object.
3/27/2025 7:05:53 PM:DBManager:connection_data:Object reference not set to an instance of an object.
3/27/2025 7:06:37 PM:DBManager:connection_data:Object reference not set to an instance of an object.
3/27/2025 7:06:37 PM:DBManager:connection_data:Object reference not set to an instance of an object.
3/27/2025 7:06:40 PM:DBManager:connection_data:Object reference not set to an instance of an object.
3/27/2025 7:06:40 PM:DBManager:connection_data:Object reference not set to an instance of an object.
3/27/2025 7:07:21 PM:DBManager:connection_data:Object reference not set to an instance of an object.
3/27/2025 7:07:21 PM:DBManager:connection_data:Object reference not set to an instance of an object.
3/27/2025 7:07:22 PM:DBManager:connection_data:Object reference not set to an instance of an object.
3/27/2025 7:07:22 PM:DBManager:connection_data:Object reference not set to an instance of an object.
3/27/2025 7:07:30 PM:DBManager:connection_data:Object reference not set to an instance of an object.
3/27/2025 7:07:30 PM:DBManager:connection_data:Object reference not set to an instance of an object.
3/27/2025 7:07:41 PM:DBManager:connection_data:Object reference not set to an instance of an object.
3/27/2025 7:07:41 PM:DBManager:connection_data:Object reference not set to an instance of an object.
3/27/2025 7:07:50 PM:DBManager:connection_data:Object reference not set to an instance of an object.
3/27/2025 7:07:50 PM:DBManager:connection_data:Object reference not set to an instance of an object.
3/27/2025 7:07:52 PM:DBManager:connection_data:Object reference not set to an instance of an object.
3/27/2025 7:07:52 PM:DBManager:connection_data:Object reference not set to an instance of an object.
27/03/2025 7:09:00 PM:POS_WS:CallMethod():The request channel timed out while waiting for a reply after 00:01:00. Increase the timeout value passed to the call to Request or increase the SendTimeout value on the Binding. The time allotted to this operation may have been a portion of a longer timeout.
27/03/2025 7:09:00 PM:POS_WS:CallMethod():The request channel timed out while waiting for a reply after 00:01:00. Increase the timeout value passed to the call to Request or increase the SendTimeout value on the Binding. The time allotted to this operation may have been a portion of a longer timeout.
3/27/2025 7:09:04 PM:DBManager:connection_data:Object reference not set to an instance of an object.
3/27/2025 7:09:04 PM:DBManager:connection_data:Object reference not set to an instance of an object.
3/27/2025 7:09:06 PM:DBManager:connection_data:Object reference not set to an instance of an object.
3/27/2025 7:09:06 PM:DBManager:connection_data:Object reference not set to an instance of an object.
3/27/2025 7:24:32 PM:DBManager:connection_data:Object reference not set to an instance of an object.
3/27/2025 7:24:32 PM:DBManager:connection_data:Object reference not set to an instance of an object.
3/27/2025 7:24:42 PM:DBManager:connection_data:Object reference not set to an instance of an object.
3/27/2025 7:24:42 PM:DBManager:connection_data:Object reference not set to an instance of an object.
3/27/2025 7:25:07 PM:DBManager:connection_data:Object reference not set to an instance of an object.
3/27/2025 7:25:07 PM:DBManager:connection_data:Object reference not set to an instance of an object.
3/27/2025 7:29:27 PM:DBManager:connection_data:Object reference not set to an instance of an object.
3/27/2025 7:29:27 PM:DBManager:connection_data:Object reference not set to an instance of an object.
3/27/2025 7:35:06 PM:DBManager:connection_data:Object reference not set to an instance of an object.
3/27/2025 7:35:06 PM:DBManager:connection_data:Object reference not set to an instance of an object.
27/03/2025 7:35:06 PM:POS_WS:CallMethod():An endpoint configuration section for contract 'ServiceReference1.POS_WebServiceSoap' could not be loaded because more than one endpoint configuration for that contract was found. Please indicate the preferred endpoint configuration section by name.
3/27/2025 7:35:37 PM:DBManager:connection_data:Object reference not set to an instance of an object.
3/27/2025 7:35:37 PM:DBManager:connection_data:Object reference not set to an instance of an object.
3/27/2025 7:35:38 PM:DBManager:connection_data:Object reference not set to an instance of an object.
3/27/2025 7:35:38 PM:DBManager:connection_data:Object reference not set to an instance of an object.
3/27/2025 7:40:55 PM:DBManager:connection_data:Object reference not set to an instance of an object.
3/27/2025 7:40:57 PM:DBManager:connection_data:Object reference not set to an instance of an object.
3/27/2025 7:41:00 PM:DBManager:connection_data:Object reference not set to an instance of an object.
3/27/2025 7:41:00 PM:DBManager:connection_data:Object reference not set to an instance of an object.
27/03/2025 7:41:19 PM:POS_WS:CallMethod():The content type text/html; charset=utf-8 of the response message does not match the content type of the binding (text/xml; charset=utf-8). If using a custom encoder, be sure that the IsContentTypeSupported method is implemented properly. The first 1024 bytes of the response were: '<!DOCTYPE html>
<html>
    <head>
        <title>An operation was attempted on something that is not a socket</title>
        <meta name="viewport" content="width=device-width" />
        <style>
         body {font-family:"Verdana";font-weight:normal;font-size: .7em;color:black;} 
         p {font-family:"Verdana";font-weight:normal;color:black;margin-top: -5px}
         b {font-family:"Verdana";font-weight:bold;color:black;margin-top: -5px}
         H1 { font-family:"Verdana";font-weight:normal;font-size:18pt;color:red }
         H2 { font-family:"Verdana";font-weight:normal;font-size:14pt;color:maroon }
         pre {font-family:"Consolas","Lucida Console",Monospace;font-size:11pt;margin:0;padding:0.5em;line-height:14pt}
         .marker {font-weight: bold; color: black;text-decoration: none;}
         .version {color: gray;}
         .error {margin-bottom: 10px;}
         .expandable { text-decoration:underline; font-weight:bold; color:navy; cursor:pointer; }
         @media screen and (ma'.
3/27/2025 7:41:25 PM:DBManager:connection_data:Object reference not set to an instance of an object.
3/27/2025 7:41:25 PM:DBManager:connection_data:Object reference not set to an instance of an object.
3/27/2025 7:41:28 PM:DBManager:connection_data:Object reference not set to an instance of an object.
3/27/2025 7:41:28 PM:DBManager:connection_data:Object reference not set to an instance of an object.
27/03/2025 7:41:54 PM:POS_WS:CallMethod():The content type text/html; charset=utf-8 of the response message does not match the content type of the binding (text/xml; charset=utf-8). If using a custom encoder, be sure that the IsContentTypeSupported method is implemented properly. The first 1024 bytes of the response were: '<!DOCTYPE html>
<html>
    <head>
        <title>An operation was attempted on something that is not a socket</title>
        <meta name="viewport" content="width=device-width" />
        <style>
         body {font-family:"Verdana";font-weight:normal;font-size: .7em;color:black;} 
         p {font-family:"Verdana";font-weight:normal;color:black;margin-top: -5px}
         b {font-family:"Verdana";font-weight:bold;color:black;margin-top: -5px}
         H1 { font-family:"Verdana";font-weight:normal;font-size:18pt;color:red }
         H2 { font-family:"Verdana";font-weight:normal;font-size:14pt;color:maroon }
         pre {font-family:"Consolas","Lucida Console",Monospace;font-size:11pt;margin:0;padding:0.5em;line-height:14pt}
         .marker {font-weight: bold; color: black;text-decoration: none;}
         .version {color: gray;}
         .error {margin-bottom: 10px;}
         .expandable { text-decoration:underline; font-weight:bold; color:navy; cursor:pointer; }
         @media screen and (ma'.
3/27/2025 7:42:07 PM:DBManager:connection_data:Object reference not set to an instance of an object.
3/27/2025 7:42:07 PM:DBManager:connection_data:Object reference not set to an instance of an object.
3/27/2025 7:42:09 PM:DBManager:connection_data:Object reference not set to an instance of an object.
3/27/2025 7:42:09 PM:DBManager:connection_data:Object reference not set to an instance of an object.
27/03/2025 7:42:16 PM:POS_WS:CallMethod():The content type text/html; charset=utf-8 of the response message does not match the content type of the binding (text/xml; charset=utf-8). If using a custom encoder, be sure that the IsContentTypeSupported method is implemented properly. The first 1024 bytes of the response were: '<!DOCTYPE html>
<html>
    <head>
        <title>An operation was attempted on something that is not a socket</title>
        <meta name="viewport" content="width=device-width" />
        <style>
         body {font-family:"Verdana";font-weight:normal;font-size: .7em;color:black;} 
         p {font-family:"Verdana";font-weight:normal;color:black;margin-top: -5px}
         b {font-family:"Verdana";font-weight:bold;color:black;margin-top: -5px}
         H1 { font-family:"Verdana";font-weight:normal;font-size:18pt;color:red }
         H2 { font-family:"Verdana";font-weight:normal;font-size:14pt;color:maroon }
         pre {font-family:"Consolas","Lucida Console",Monospace;font-size:11pt;margin:0;padding:0.5em;line-height:14pt}
         .marker {font-weight: bold; color: black;text-decoration: none;}
         .version {color: gray;}
         .error {margin-bottom: 10px;}
         .expandable { text-decoration:underline; font-weight:bold; color:navy; cursor:pointer; }
         @media screen and (ma'.
3/27/2025 7:42:24 PM:DBManager:connection_data:Object reference not set to an instance of an object.
3/27/2025 7:42:24 PM:DBManager:connection_data:Object reference not set to an instance of an object.
3/27/2025 7:42:38 PM:DBManager:connection_data:Object reference not set to an instance of an object.
3/27/2025 7:42:38 PM:DBManager:connection_data:Object reference not set to an instance of an object.
3/27/2025 7:43:50 PM:DBManager:connection_data:Object reference not set to an instance of an object.
3/27/2025 7:43:50 PM:DBManager:connection_data:Object reference not set to an instance of an object.
27/03/2025 7:43:50 PM:POS_WS:CallMethod():An endpoint configuration section for contract 'ServiceReference1.POS_WebServiceSoap' could not be loaded because more than one endpoint configuration for that contract was found. Please indicate the preferred endpoint configuration section by name.
3/27/2025 7:44:32 PM:DBManager:connection_data:Object reference not set to an instance of an object.
3/27/2025 7:44:32 PM:DBManager:connection_data:Object reference not set to an instance of an object.
27/03/2025 7:44:32 PM:POS_WS:CallMethod():An endpoint configuration section for contract 'ServiceReference1.POS_WebServiceSoap' could not be loaded because more than one endpoint configuration for that contract was found. Please indicate the preferred endpoint configuration section by name.
3/27/2025 7:44:36 PM:DBManager:connection_data:Object reference not set to an instance of an object.
3/27/2025 7:44:36 PM:DBManager:connection_data:Object reference not set to an instance of an object.
27/03/2025 7:44:36 PM:POS_WS:CallMethod():An endpoint configuration section for contract 'ServiceReference1.POS_WebServiceSoap' could not be loaded because more than one endpoint configuration for that contract was found. Please indicate the preferred endpoint configuration section by name.
3/27/2025 7:44:42 PM:DBManager:connection_data:Object reference not set to an instance of an object.
3/27/2025 7:44:42 PM:DBManager:connection_data:Object reference not set to an instance of an object.
27/03/2025 7:44:43 PM:POS_WS:CallMethod():An endpoint configuration section for contract 'ServiceReference1.POS_WebServiceSoap' could not be loaded because more than one endpoint configuration for that contract was found. Please indicate the preferred endpoint configuration section by name.
3/27/2025 7:45:15 PM:DBManager:connection_data:Object reference not set to an instance of an object.
3/27/2025 7:45:15 PM:DBManager:connection_data:Object reference not set to an instance of an object.
3/27/2025 7:45:15 PM:DBManager:connection_data:Object reference not set to an instance of an object.
3/27/2025 7:45:15 PM:DBManager:connection_data:Object reference not set to an instance of an object.
27/03/2025 7:45:31 PM:POS_WS:CallMethod():There was no endpoint listening at http://localhost:60313//POS_WebService.asmx that could accept the message. This is often caused by an incorrect address or SOAP action. See InnerException, if present, for more details.
3/27/2025 7:45:34 PM:DBManager:connection_data:Object reference not set to an instance of an object.
3/27/2025 7:45:34 PM:DBManager:connection_data:Object reference not set to an instance of an object.
3/27/2025 7:46:19 PM:DBManager:connection_data:Object reference not set to an instance of an object.
3/27/2025 7:46:19 PM:DBManager:connection_data:Object reference not set to an instance of an object.
27/03/2025 7:46:19 PM:POS_WS:CallMethod():An endpoint configuration section for contract 'ServiceReference1.POS_WebServiceSoap' could not be loaded because more than one endpoint configuration for that contract was found. Please indicate the preferred endpoint configuration section by name.
3/27/2025 7:46:43 PM:DBManager:connection_data:Object reference not set to an instance of an object.
3/27/2025 7:46:43 PM:DBManager:connection_data:Object reference not set to an instance of an object.
27/03/2025 7:46:48 PM:POS_WS:CallMethod():Object reference not set to an instance of an object.
3/27/2025 7:47:01 PM:DBManager:connection_data:Object reference not set to an instance of an object.
3/27/2025 7:47:01 PM:DBManager:connection_data:Object reference not set to an instance of an object.
3/27/2025 7:47:07 PM:DBManager:connection_data:Object reference not set to an instance of an object.
3/27/2025 7:47:07 PM:DBManager:connection_data:Object reference not set to an instance of an object.
3/27/2025 7:47:40 PM:DBManager:connection_data:Object reference not set to an instance of an object.
3/27/2025 7:47:40 PM:DBManager:connection_data:Object reference not set to an instance of an object.
3/27/2025 7:47:44 PM:DBManager:connection_data:Object reference not set to an instance of an object.
3/27/2025 7:47:44 PM:DBManager:connection_data:Object reference not set to an instance of an object.
3/27/2025 7:54:30 PM:DBManager:connection_data:Object reference not set to an instance of an object.
3/27/2025 7:54:30 PM:DBManager:connection_data:Object reference not set to an instance of an object.
3/27/2025 7:55:03 PM:DBManager:connection_data:Object reference not set to an instance of an object.
3/27/2025 7:55:03 PM:DBManager:connection_data:Object reference not set to an instance of an object.
3/27/2025 7:56:44 PM:DBManager:connection_data:Object reference not set to an instance of an object.
3/27/2025 7:56:44 PM:DBManager:connection_data:Object reference not set to an instance of an object.
3/27/2025 7:56:46 PM:DBManager:connection_data:Object reference not set to an instance of an object.
3/27/2025 7:56:46 PM:DBManager:connection_data:Object reference not set to an instance of an object.
3/27/2025 7:57:41 PM:DBManager:connection_data:Object reference not set to an instance of an object.
3/27/2025 7:57:42 PM:DBManager:connection_data:Object reference not set to an instance of an object.
3/27/2025 7:57:45 PM:DBManager:connection_data:Object reference not set to an instance of an object.
3/27/2025 7:57:45 PM:DBManager:connection_data:Object reference not set to an instance of an object.
27/03/2025 8:03:11 PM:POS_WS:CallMethod():The request channel timed out while waiting for a reply after 00:00:59.9989779. Increase the timeout value passed to the call to Request or increase the SendTimeout value on the Binding. The time allotted to this operation may have been a portion of a longer timeout.
3/27/2025 8:03:16 PM:DBManager:connection_data:Object reference not set to an instance of an object.
3/27/2025 8:03:16 PM:DBManager:connection_data:Object reference not set to an instance of an object.
3/27/2025 8:03:19 PM:DBManager:connection_data:Object reference not set to an instance of an object.
3/27/2025 8:03:19 PM:DBManager:connection_data:Object reference not set to an instance of an object.
27/03/2025 8:05:17 PM:POS_WS:CallMethod():The request channel timed out while waiting for a reply after 00:01:00. Increase the timeout value passed to the call to Request or increase the SendTimeout value on the Binding. The time allotted to this operation may have been a portion of a longer timeout.
3/27/2025 8:07:48 PM:DBManager:connection_data:Object reference not set to an instance of an object.
3/27/2025 8:07:48 PM:DBManager:connection_data:Object reference not set to an instance of an object.
3/27/2025 8:07:50 PM:DBManager:connection_data:Object reference not set to an instance of an object.
3/27/2025 8:07:50 PM:DBManager:connection_data:Object reference not set to an instance of an object.
3/27/2025 8:08:16 PM:DBManager:connection_data:Object reference not set to an instance of an object.
3/27/2025 8:08:16 PM:DBManager:connection_data:Object reference not set to an instance of an object.
3/27/2025 8:08:16 PM:DBManager:connection_data:Object reference not set to an instance of an object.
27/03/2025 8:08:16 PM:SignIn:btnLogIn_Click:test
3/27/2025 8:08:19 PM:DBManager:connection_data:Object reference not set to an instance of an object.
3/27/2025 8:08:19 PM:DBManager:connection_data:Object reference not set to an instance of an object.
3/27/2025 8:08:22 PM:DBManager:connection_data:Object reference not set to an instance of an object.
3/27/2025 8:08:22 PM:DBManager:connection_data:Object reference not set to an instance of an object.
3/27/2025 8:08:28 PM:DBManager:connection_data:Object reference not set to an instance of an object.
3/27/2025 8:08:28 PM:DBManager:connection_data:Object reference not set to an instance of an object.
3/27/2025 8:08:32 PM:DBManager:connection_data:Object reference not set to an instance of an object.
3/27/2025 8:08:32 PM:DBManager:connection_data:Object reference not set to an instance of an object.
3/27/2025 8:09:07 PM:DBManager:connection_data:Object reference not set to an instance of an object.
3/27/2025 8:09:07 PM:DBManager:connection_data:Object reference not set to an instance of an object.
3/27/2025 8:09:13 PM:DBManager:connection_data:Object reference not set to an instance of an object.
3/27/2025 8:09:13 PM:DBManager:connection_data:Object reference not set to an instance of an object.
3/27/2025 8:18:24 PM:DBManager:connection_data:Object reference not set to an instance of an object.
3/27/2025 8:18:24 PM:DBManager:connection_data:Object reference not set to an instance of an object.
3/27/2025 8:18:50 PM:DBManager:connection_data:Object reference not set to an instance of an object.
3/27/2025 8:18:50 PM:DBManager:connection_data:Object reference not set to an instance of an object.
3/27/2025 8:18:51 PM:DBManager:connection_data:Object reference not set to an instance of an object.
3/27/2025 8:18:51 PM:DBManager:connection_data:Object reference not set to an instance of an object.
3/27/2025 8:18:51 PM:DBManager:connection_data:Object reference not set to an instance of an object.
3/27/2025 8:18:51 PM:DBManager:connection_data:Object reference not set to an instance of an object.
3/27/2025 8:18:51 PM:POS_WS:getStore():Error converting data type nvarchar to numeric.
3/27/2025 8:18:54 PM:DBManager:connection_data:Object reference not set to an instance of an object.
3/27/2025 8:18:54 PM:DBManager:connection_data:Object reference not set to an instance of an object.
3/27/2025 8:19:10 PM:DBManager:connection_data:Object reference not set to an instance of an object.
3/27/2025 8:19:10 PM:DBManager:connection_data:Object reference not set to an instance of an object.
3/27/2025 8:28:44 PM:DBManager:connection_data:Object reference not set to an instance of an object.
3/27/2025 8:28:45 PM:DBManager:connection_data:Object reference not set to an instance of an object.
27/03/2025 8:30:20 PM:POS_WS:CallMethod():The request channel timed out while waiting for a reply after 00:00:59.9990119. Increase the timeout value passed to the call to Request or increase the SendTimeout value on the Binding. The time allotted to this operation may have been a portion of a longer timeout.
3/27/2025 8:30:53 PM:DBManager:connection_data:Object reference not set to an instance of an object.
3/27/2025 8:30:53 PM:DBManager:connection_data:Object reference not set to an instance of an object.
3/27/2025 8:30:54 PM:DBManager:connection_data:Object reference not set to an instance of an object.
3/27/2025 8:30:54 PM:DBManager:connection_data:Object reference not set to an instance of an object.
3/27/2025 8:30:54 PM:DBManager:connection_data:Object reference not set to an instance of an object.
3/27/2025 8:30:54 PM:DBManager:connection_data:Object reference not set to an instance of an object.
3/27/2025 8:31:41 PM:DBManager:connection_data:Object reference not set to an instance of an object.
3/27/2025 8:31:41 PM:DBManager:connection_data:Object reference not set to an instance of an object.
27/03/2025 8:31:42 PM:POS_WS:CallMethod():Object reference not set to an instance of an object.
3/27/2025 8:31:49 PM:DBManager:connection_data:Object reference not set to an instance of an object.
3/27/2025 8:31:49 PM:DBManager:connection_data:Object reference not set to an instance of an object.
3/27/2025 8:31:56 PM:DBManager:connection_data:Object reference not set to an instance of an object.
3/27/2025 8:31:56 PM:DBManager:connection_data:Object reference not set to an instance of an object.
27/03/2025 8:35:05 PM:POS_WS:CallMethod():The request channel timed out while waiting for a reply after 00:01:00. Increase the timeout value passed to the call to Request or increase the SendTimeout value on the Binding. The time allotted to this operation may have been a portion of a longer timeout.
3/27/2025 8:35:08 PM:DBManager:connection_data:Object reference not set to an instance of an object.
3/27/2025 8:35:08 PM:DBManager:connection_data:Object reference not set to an instance of an object.
3/27/2025 8:35:10 PM:DBManager:connection_data:Object reference not set to an instance of an object.
3/27/2025 8:35:10 PM:DBManager:connection_data:Object reference not set to an instance of an object.
3/27/2025 8:46:56 PM:DBManager:connection_data:Object reference not set to an instance of an object.
3/27/2025 8:46:56 PM:DBManager:connection_data:Object reference not set to an instance of an object.
3/27/2025 8:47:15 PM:DBManager:connection_data:Object reference not set to an instance of an object.
3/27/2025 8:47:16 PM:DBManager:connection_data:Object reference not set to an instance of an object.
3/27/2025 8:47:18 PM:DBManager:connection_data:Object reference not set to an instance of an object.
3/27/2025 8:47:18 PM:DBManager:connection_data:Object reference not set to an instance of an object.
3/27/2025 8:47:18 PM:DBManager:connection_data:Object reference not set to an instance of an object.
3/27/2025 8:47:18 PM:DBManager:connection_data:Object reference not set to an instance of an object.
3/27/2025 8:47:41 PM:DBManager:connection_data:Object reference not set to an instance of an object.
3/27/2025 8:47:41 PM:DBManager:connection_data:Object reference not set to an instance of an object.
3/27/2025 8:47:44 PM:DBManager:connection_data:Object reference not set to an instance of an object.
3/27/2025 8:47:44 PM:DBManager:connection_data:Object reference not set to an instance of an object.
3/27/2025 8:55:10 PM:DBManager:connection_data:Object reference not set to an instance of an object.
3/27/2025 8:55:10 PM:DBManager:connection_data:Object reference not set to an instance of an object.
3/27/2025 8:55:48 PM:DBManager:connection_data:Object reference not set to an instance of an object.
3/27/2025 8:55:48 PM:DBManager:connection_data:Object reference not set to an instance of an object.
3/27/2025 9:34:35 PM:DBManager:connection_data:Object reference not set to an instance of an object.
3/27/2025 9:34:35 PM:DBManager:connection_data:Object reference not set to an instance of an object.
3/27/2025 9:34:35 PM:DBManager:connection_data:Object reference not set to an instance of an object.
3/27/2025 9:34:35 PM:DBManager:connection_data:Object reference not set to an instance of an object.
3/27/2025 9:35:09 PM:DBManager:connection_data:Object reference not set to an instance of an object.
3/27/2025 9:35:09 PM:DBManager:connection_data:Object reference not set to an instance of an object.
3/27/2025 9:35:09 PM:DBManager:connection_data:Object reference not set to an instance of an object.
3/27/2025 9:35:09 PM:DBManager:connection_data:Object reference not set to an instance of an object.
3/27/2025 9:47:39 PM:DBManager:connection_data:Object reference not set to an instance of an object.
3/27/2025 9:47:39 PM:DBManager:connection_data:Object reference not set to an instance of an object.
27/03/2025 9:47:39 PM:POS_WS:CallMethod():There is a problem with the XML that was received from the network. See inner exception for more details.
3/27/2025 9:47:39 PM:DBManager:connection_data:Object reference not set to an instance of an object.
3/27/2025 9:47:39 PM:DBManager:connection_data:Object reference not set to an instance of an object.
27/03/2025 9:47:39 PM:POS_WS:CallMethod():There is a problem with the XML that was received from the network. See inner exception for more details.
3/27/2025 9:47:39 PM:DBManager:connection_data:Object reference not set to an instance of an object.
3/27/2025 9:47:39 PM:DBManager:connection_data:Object reference not set to an instance of an object.
27/03/2025 9:47:39 PM:POS_WS:CallMethod():There is a problem with the XML that was received from the network. See inner exception for more details.
3/27/2025 9:50:28 PM:DBManager:connection_data:Object reference not set to an instance of an object.
3/27/2025 9:50:28 PM:DBManager:connection_data:Object reference not set to an instance of an object.
3/27/2025 9:50:28 PM:DBManager:connection_data:Object reference not set to an instance of an object.
3/27/2025 9:50:28 PM:DBManager:connection_data:Object reference not set to an instance of an object.
3/27/2025 9:50:28 PM:DBManager:connection_data:Object reference not set to an instance of an object.
3/27/2025 9:50:28 PM:DBManager:connection_data:Object reference not set to an instance of an object.
3/27/2025 9:50:28 PM:DBManager:connection_data:Object reference not set to an instance of an object.
3/27/2025 9:50:28 PM:DBManager:connection_data:Object reference not set to an instance of an object.
3/27/2025 9:50:28 PM:DBManager:connection_data:Object reference not set to an instance of an object.
3/27/2025 9:50:28 PM:DBManager:connection_data:Object reference not set to an instance of an object.
3/27/2025 9:50:28 PM:DBManager:connection_data:Object reference not set to an instance of an object.
3/27/2025 9:50:28 PM:DBManager:connection_data:Object reference not set to an instance of an object.
3/27/2025 9:52:46 PM:DBManager:connection_data:Object reference not set to an instance of an object.
3/27/2025 9:52:46 PM:DBManager:connection_data:Object reference not set to an instance of an object.
3/27/2025 9:52:46 PM:DBManager:connection_data:Object reference not set to an instance of an object.
3/27/2025 9:52:46 PM:DBManager:connection_data:Object reference not set to an instance of an object.
3/27/2025 9:53:00 PM:DBManager:connection_data:Object reference not set to an instance of an object.
3/27/2025 9:53:00 PM:DBManager:connection_data:Object reference not set to an instance of an object.
3/27/2025 9:53:00 PM:DBManager:connection_data:Object reference not set to an instance of an object.
3/27/2025 9:53:00 PM:DBManager:connection_data:Object reference not set to an instance of an object.
3/27/2025 11:35:46 PM:DBManager:connection_data:Object reference not set to an instance of an object.
3/27/2025 11:35:46 PM:DBManager:connection_data:Object reference not set to an instance of an object.
27/03/2025 11:35:46 PM:POS_WS:CallMethod():An endpoint configuration section for contract 'ServiceReference1.POS_WebServiceSoap' could not be loaded because more than one endpoint configuration for that contract was found. Please indicate the preferred endpoint configuration section by name.
3/27/2025 11:35:47 PM:DBManager:connection_data:Object reference not set to an instance of an object.
3/27/2025 11:35:47 PM:DBManager:connection_data:Object reference not set to an instance of an object.
27/03/2025 11:35:47 PM:POS_WS:CallMethod():An endpoint configuration section for contract 'ServiceReference1.POS_WebServiceSoap' could not be loaded because more than one endpoint configuration for that contract was found. Please indicate the preferred endpoint configuration section by name.
3/27/2025 11:35:57 PM:DBManager:connection_data:Object reference not set to an instance of an object.
3/27/2025 11:35:57 PM:DBManager:connection_data:Object reference not set to an instance of an object.
27/03/2025 11:35:57 PM:POS_WS:CallMethod():An endpoint configuration section for contract 'ServiceReference1.POS_WebServiceSoap' could not be loaded because more than one endpoint configuration for that contract was found. Please indicate the preferred endpoint configuration section by name.
3/27/2025 11:36:02 PM:DBManager:connection_data:Object reference not set to an instance of an object.
3/27/2025 11:36:02 PM:DBManager:connection_data:Object reference not set to an instance of an object.
27/03/2025 11:36:02 PM:POS_WS:CallMethod():An endpoint configuration section for contract 'ServiceReference1.POS_WebServiceSoap' could not be loaded because more than one endpoint configuration for that contract was found. Please indicate the preferred endpoint configuration section by name.
3/27/2025 11:36:18 PM:DBManager:connection_data:Object reference not set to an instance of an object.
3/27/2025 11:36:18 PM:DBManager:connection_data:Object reference not set to an instance of an object.
3/27/2025 11:36:19 PM:DBManager:connection_data:Object reference not set to an instance of an object.
3/27/2025 11:36:19 PM:DBManager:connection_data:Object reference not set to an instance of an object.
3/27/2025 11:37:02 PM:DBManager:connection_data:Object reference not set to an instance of an object.
3/27/2025 11:37:02 PM:DBManager:connection_data:Object reference not set to an instance of an object.
3/27/2025 11:37:02 PM:DBManager:connection_data:Object reference not set to an instance of an object.
3/27/2025 11:37:02 PM:DBManager:connection_data:Object reference not set to an instance of an object.
3/27/2025 11:40:41 PM:DBManager:connection_data:Object reference not set to an instance of an object.
3/27/2025 11:40:41 PM:DBManager:connection_data:Object reference not set to an instance of an object.
3/27/2025 11:40:41 PM:DBManager:connection_data:Object reference not set to an instance of an object.
3/27/2025 11:40:42 PM:DBManager:connection_data:Object reference not set to an instance of an object.
3/27/2025 11:40:42 PM:DBManager:connection_data:Object reference not set to an instance of an object.
27/03/2025 11:40:43 PM:POS_WS:CallMethod():Object reference not set to an instance of an object.
27/03/2025 11:40:43 PM:SignIn:btnLogIn_Click:test
3/27/2025 11:40:53 PM:DBManager:connection_data:Object reference not set to an instance of an object.
3/27/2025 11:40:53 PM:DBManager:connection_data:Object reference not set to an instance of an object.
27/03/2025 11:40:56 PM:POS_WS:CallMethod():Object reference not set to an instance of an object.
3/27/2025 11:41:48 PM:DBManager:connection_data:Object reference not set to an instance of an object.
3/27/2025 11:41:48 PM:DBManager:connection_data:Object reference not set to an instance of an object.
27/03/2025 11:42:18 PM:POS_WS:CallMethod():Object reference not set to an instance of an object.
3/27/2025 11:42:24 PM:DBManager:connection_data:Object reference not set to an instance of an object.
3/27/2025 11:42:24 PM:DBManager:connection_data:Object reference not set to an instance of an object.
3/27/2025 11:44:42 PM:DBManager:connection_data:Object reference not set to an instance of an object.
3/27/2025 11:44:42 PM:DBManager:connection_data:Object reference not set to an instance of an object.
27/03/2025 11:44:46 PM:POS_WS:CallMethod():Object reference not set to an instance of an object.
3/27/2025 11:44:49 PM:DBManager:connection_data:Object reference not set to an instance of an object.
3/27/2025 11:44:49 PM:DBManager:connection_data:Object reference not set to an instance of an object.
3/27/2025 11:46:04 PM:DBManager:connection_data:Object reference not set to an instance of an object.
3/27/2025 11:46:04 PM:DBManager:connection_data:Object reference not set to an instance of an object.
3/27/2025 11:46:10 PM:DBManager:connection_data:Object reference not set to an instance of an object.
3/27/2025 11:46:10 PM:DBManager:connection_data:Object reference not set to an instance of an object.
3/27/2025 11:46:30 PM:DBManager:connection_data:Object reference not set to an instance of an object.
3/27/2025 11:46:30 PM:DBManager:connection_data:Object reference not set to an instance of an object.
3/27/2025 11:46:34 PM:DBManager:connection_data:Object reference not set to an instance of an object.
3/27/2025 11:46:34 PM:DBManager:connection_data:Object reference not set to an instance of an object.
27/03/2025 11:50:34 PM:POS_WS:CallMethod():The request channel timed out while waiting for a reply after 00:01:00. Increase the timeout value passed to the call to Request or increase the SendTimeout value on the Binding. The time allotted to this operation may have been a portion of a longer timeout.
