11/19/2024 5:24:28 PM:DBManager:connection_data:Object reference not set to an instance of an object.
11/19/2024 5:24:28 PM:DBManager:connection_data:Object reference not set to an instance of an object.
11/19/2024 5:24:28 PM:DBManager:connection_data:Object reference not set to an instance of an object.
11/19/2024 5:24:28 PM:DBManager:connection_data:Object reference not set to an instance of an object.
11/19/2024 5:24:28 PM:DBManager:connection_data:Object reference not set to an instance of an object.
11/19/2024 5:24:28 PM:DBManager:connection_data:Object reference not set to an instance of an object.
11/19/2024 5:24:28 PM:DBManager:connection_data:Object reference not set to an instance of an object.
11/19/2024 5:24:28 PM:DBManager:connection_data:Object reference not set to an instance of an object.
11/19/2024 5:24:28 PM:DBManager:connection_data:Object reference not set to an instance of an object.
11/19/2024 5:24:28 PM:DBManager:connection_data:Object reference not set to an instance of an object.
11/19/2024 5:24:28 PM:DBManager:connection_data:Object reference not set to an instance of an object.
11/19/2024 5:24:28 PM:DBManager:connection_data:Object reference not set to an instance of an object.
11/19/2024 5:24:28 PM:DBManager:connection_data:Object reference not set to an instance of an object.
11/19/2024 5:24:28 PM:DBManager:connection_data:Object reference not set to an instance of an object.
11/19/2024 5:24:28 PM:DBManager:connection_data:Object reference not set to an instance of an object.
11/19/2024 5:24:28 PM:DBManager:connection_data:Object reference not set to an instance of an object.
11/19/2024 5:24:28 PM:DBManager:connection_data:Object reference not set to an instance of an object.
11/19/2024 5:24:28 PM:DBManager:connection_data:Object reference not set to an instance of an object.
11/19/2024 5:24:28 PM:DBManager:connection_data:Object reference not set to an instance of an object.
11/19/2024 5:24:28 PM:DBManager:connection_data:Object reference not set to an instance of an object.
11/19/2024 5:24:28 PM:DBManager:connection_data:Object reference not set to an instance of an object.
11/19/2024 5:24:28 PM:DBManager:connection_data:Object reference not set to an instance of an object.
11/19/2024 5:24:28 PM:DBManager:connection_data:Object reference not set to an instance of an object.
11/19/2024 5:24:28 PM:DBManager:connection_data:Object reference not set to an instance of an object.
11/19/2024 5:24:28 PM:DBManager:connection_data:Object reference not set to an instance of an object.
11/19/2024 5:24:28 PM:DBManager:connection_data:Object reference not set to an instance of an object.
11/19/2024 5:24:28 PM:DBManager:connection_data:Object reference not set to an instance of an object.
11/19/2024 5:24:28 PM:DBManager:connection_data:Object reference not set to an instance of an object.
11/19/2024 5:24:28 PM:DBManager:connection_data:Object reference not set to an instance of an object.
11/19/2024 5:24:28 PM:DBManager:connection_data:Object reference not set to an instance of an object.
11/19/2024 5:24:28 PM:DBManager:connection_data:Object reference not set to an instance of an object.
11/19/2024 5:24:28 PM:DBManager:connection_data:Object reference not set to an instance of an object.
11/19/2024 5:24:28 PM:DBManager:connection_data:Object reference not set to an instance of an object.
11/19/2024 5:24:28 PM:DBManager:connection_data:Object reference not set to an instance of an object.
11/19/2024 5:24:28 PM:DBManager:connection_data:Object reference not set to an instance of an object.
11/19/2024 5:24:28 PM:DBManager:connection_data:Object reference not set to an instance of an object.
11/19/2024 5:24:28 PM:DBManager:connection_data:Object reference not set to an instance of an object.
11/19/2024 5:24:28 PM:DBManager:connection_data:Object reference not set to an instance of an object.
11/19/2024 5:24:28 PM:DBManager:connection_data:Object reference not set to an instance of an object.
11/19/2024 5:24:28 PM:DBManager:connection_data:Object reference not set to an instance of an object.
11/19/2024 5:24:28 PM:DBManager:connection_data:Object reference not set to an instance of an object.
11/19/2024 5:24:28 PM:DBManager:connection_data:Object reference not set to an instance of an object.
11/19/2024 5:24:28 PM:DBManager:connection_data:Object reference not set to an instance of an object.
11/19/2024 5:24:28 PM:DBManager:connection_data:Object reference not set to an instance of an object.
11/19/2024 5:24:28 PM:DBManager:connection_data:Object reference not set to an instance of an object.
11/19/2024 5:24:28 PM:DBManager:connection_data:Object reference not set to an instance of an object.
11/19/2024 5:24:29 PM:DBManager:connection_data:Object reference not set to an instance of an object.
11/19/2024 5:24:29 PM:DBManager:connection_data:Object reference not set to an instance of an object.
11/19/2024 5:24:29 PM:DBManager:connection_data:Object reference not set to an instance of an object.
11/19/2024 5:24:29 PM:DBManager:connection_data:Object reference not set to an instance of an object.
11/19/2024 5:24:29 PM:DBManager:connection_data:Object reference not set to an instance of an object.
11/19/2024 5:24:29 PM:DBManager:connection_data:Object reference not set to an instance of an object.
11/19/2024 5:24:29 PM:DBManager:connection_data:Object reference not set to an instance of an object.
11/19/2024 5:24:29 PM:DBManager:connection_data:Object reference not set to an instance of an object.
11/19/2024 5:24:29 PM:DBManager:connection_data:Object reference not set to an instance of an object.
11/19/2024 5:24:29 PM:DBManager:connection_data:Object reference not set to an instance of an object.
11/19/2024 5:24:29 PM:DBManager:connection_data:Object reference not set to an instance of an object.
11/19/2024 5:24:29 PM:DBManager:connection_data:Object reference not set to an instance of an object.
11/19/2024 5:24:29 PM:DBManager:connection_data:Object reference not set to an instance of an object.
11/19/2024 5:24:29 PM:DBManager:connection_data:Object reference not set to an instance of an object.
11/19/2024 5:24:29 PM:DBManager:connection_data:Object reference not set to an instance of an object.
11/19/2024 5:24:29 PM:DBManager:connection_data:Object reference not set to an instance of an object.
11/19/2024 5:24:29 PM:DBManager:connection_data:Object reference not set to an instance of an object.
11/19/2024 5:24:29 PM:DBManager:connection_data:Object reference not set to an instance of an object.
11/19/2024 5:24:29 PM:DBManager:connection_data:Object reference not set to an instance of an object.
11/19/2024 5:24:29 PM:DBManager:connection_data:Object reference not set to an instance of an object.
11/19/2024 5:24:29 PM:DBManager:connection_data:Object reference not set to an instance of an object.
11/19/2024 5:24:29 PM:DBManager:connection_data:Object reference not set to an instance of an object.
11/19/2024 5:24:29 PM:DBManager:connection_data:Object reference not set to an instance of an object.
11/19/2024 5:24:29 PM:DBManager:connection_data:Object reference not set to an instance of an object.
11/19/2024 5:24:29 PM:DBManager:connection_data:Object reference not set to an instance of an object.
11/19/2024 5:24:29 PM:DBManager:connection_data:Object reference not set to an instance of an object.
11/19/2024 5:24:29 PM:DBManager:connection_data:Object reference not set to an instance of an object.
11/19/2024 5:24:29 PM:DBManager:connection_data:Object reference not set to an instance of an object.
11/19/2024 5:24:29 PM:DBManager:connection_data:Object reference not set to an instance of an object.
11/19/2024 5:24:29 PM:DBManager:connection_data:Object reference not set to an instance of an object.
11/19/2024 5:24:29 PM:DBManager:connection_data:Object reference not set to an instance of an object.
11/19/2024 5:24:29 PM:DBManager:connection_data:Object reference not set to an instance of an object.
11/19/2024 5:24:29 PM:DBManager:connection_data:Object reference not set to an instance of an object.
11/19/2024 5:24:29 PM:DBManager:connection_data:Object reference not set to an instance of an object.
11/19/2024 5:24:29 PM:DBManager:connection_data:Object reference not set to an instance of an object.
11/19/2024 5:24:29 PM:DBManager:connection_data:Object reference not set to an instance of an object.
11/19/2024 5:24:29 PM:DBManager:connection_data:Object reference not set to an instance of an object.
11/19/2024 5:24:29 PM:DBManager:connection_data:Object reference not set to an instance of an object.
11/19/2024 5:24:29 PM:DBManager:connection_data:Object reference not set to an instance of an object.
11/19/2024 5:24:29 PM:DBManager:connection_data:Object reference not set to an instance of an object.
19/11/2024 5:24:30 PM:MasterPage:Page_Init:Thread was being aborted.
11/19/2024 5:24:30 PM:DBManager:connection_data:Object reference not set to an instance of an object.
11/19/2024 5:24:30 PM:DBManager:connection_data:Object reference not set to an instance of an object.
11/19/2024 5:24:30 PM:DBManager:connection_data:Object reference not set to an instance of an object.
19/11/2024 5:24:30 PM:SignIn:btnLogIn_Click:test
11/19/2024 5:26:03 PM:DBManager:connection_data:Object reference not set to an instance of an object.
11/19/2024 5:26:03 PM:DBManager:connection_data:Object reference not set to an instance of an object.
11/19/2024 5:26:05 PM:DBManager:connection_data:Object reference not set to an instance of an object.
11/19/2024 5:26:05 PM:DBManager:connection_data:Object reference not set to an instance of an object.
19/11/2024 5:26:07 PM:POS_WS:CallMethod65():0 :: Incorrect syntax near 'Bottle'.
Incorrect syntax near 'Single'.
insert into #table1(tsales_id,sales_id,product_id,cmp_id,sales_total_amount,sales_discount,quntity,login_id,
										Tran_Type,mac_id,venue_id,price,sales_net_amount,sales_tax_amount,sales_actual_price,created_date,modify_date,mode,value,
										machine_id,location_id,Size,Unit,Condiment_id,Size_id,Size_Name,department_id,custom_condiment,Tsale_discount_mode_type , 
										Tsale_discount_name , table_created_machine_id , machine_current_id  , table_close_machine_id , Condiment_Price , 
										Voucher_Code  , ref_id,tax_id, shift_name,Tax_name ,Is_Condiment ,ParentId_CondimentasProduct ,Condiment_ProductCond,
										condiment_with_condiment,tref_id,tran_uuid,Is_return,Original_table_UUID,Transfered_Table_UUID , IsPayByWeight , Is_PkgProduct 
										, Item_UUID,Parent_Item_UUID,sales_tax_amount2 , tax_id2 , Tax_name2 ,table_uuid , IS_KIOSK_DISPENSE,price_level_id,price_id) values(0,0,153,2,24.00,0.00,1,11,'I',1,1,24.00,24.00,4.00,24.00,'19-11-2024 16:58:49','19-11-2024 16:58:49',0,0.0,25,3,1.00,'Qty'','',104,'Bottle',7,''','0'','0'','25'','25'','25'',''',''','1'','3'','Breakfast'','20% VAT'','0'','1'','0'','0'','1'','1753144a-78a4-4e37-b7be-30d576506630'','0'',''',''','0'','0'','a9a68796-b73f-4bcf-8111-8a62dddefe1c'',''',0.00,0,''','0'','0'','1'','104' )
insert into T_Sales (sales_id,product_id,cmp_id,sales_total_amount,sales_discount,quntity,login_id,mac_id,venue_id,
								price,sales_net_amount,sales_tax_amount,sales_actual_price,created_date,modify_date,mode,value,machine_id,location_id,Size,
								Unit,Condiment_id,Size_id,Size_Name,department_id,custom_condiment,Tsale_discount_mode_type , Tsale_discount_name , 
								table_created_machine_id , machine_current_id  , table_close_machine_id , Condiment_Price , Voucher_Code  , ref_id,tax_id,
								shift_name,Tax_name ,Is_Condiment ,ParentId_CondimentasProduct ,Condiment_ProductCond ,condiment_with_condiment,tref_id,
								tran_uuid,table_uuid,Is_return ,Original_table_UUID,Transfered_Table_UUID , IsPayByWeight , Is_PkgProduct , Item_UUID,Parent_Item_UUID,
								sales_tax_amount2 , tax_id2 , Tax_name2 , IS_KIOSK_DISPENSE,price_level_id,price_id)
								select  342909,pri.Ingredient_id,t.cmp_id,0,sales_discount,quntity,t.login_id,t.mac_id,t.venue_id,
								0,0 ,0,0,
								convert(varchar(20),Convert(datetime,t.created_date,103) ,120) as created_date ,
								convert( varchar(20),Convert(datetime,t.modify_date,103) ,120) as modify_date,mode,value,t.machine_id,location_id,t.Size,t.Unit,
								Condiment_id,s.Size_id,s.Name,t.department_id, dbo.RemoveNonASCII(custom_condiment),Tsale_discount_mode_type , 
								Tsale_discount_name ,  
								case table_created_machine_id when '' then 0 else cast(table_created_machine_id as numeric(18,0)) end, 
								case table_created_machine_id when '' then 0 else cast(machine_current_id as numeric(18,0)) end  ,
								table_close_machine_id , Condiment_Price , Voucher_Code  , ref_id ,t.tax_id,shift_name,Tax_name ,t.Is_Condiment ,
								 1020142 ,Condiment_ProductCond ,condiment_with_condiment,tref_id ,tran_uuid ,table_uuid ,Is_return ,Original_table_UUID,
								Transfered_Table_UUID , IsPayByWeight , Is_PkgProduct , '',t.Item_UUID, sales_tax_amount2 , tax_id2 , Tax_name2, IS_KIOSK_DISPENSE,price_level_id,price_id
								from #table1 t 
								inner join M_Product_Ingredient pri on pri.product_id = t.product_id
								inner join M_Product mp on mp.product_id = pri.product_id and mp.Is_Condiment = 0
								left outer join M_Size s on s.Size_id = pri.Size_id
								left outer join M_Unit u on u.Unit_Id= mp.Unit_id
ch2365
28
11
insert into #table1(tsales_id,sales_id,product_id,cmp_id,sales_total_amount,sales_discount,quntity,login_id,
										Tran_Type,mac_id,venue_id,price,sales_net_amount,sales_tax_amount,sales_actual_price,created_date,modify_date,mode,value,
										machine_id,location_id,Size,Unit,Condiment_id,Size_id,Size_Name,department_id,custom_condiment,Tsale_discount_mode_type , 
										Tsale_discount_name , table_created_machine_id , machine_current_id  , table_close_machine_id , Condiment_Price , 
										Voucher_Code  , ref_id,tax_id, shift_name,Tax_name ,Is_Condiment ,ParentId_CondimentasProduct ,Condiment_ProductCond,
										condiment_with_condiment,tref_id,tran_uuid,Is_return,Original_table_UUID,Transfered_Table_UUID , IsPayByWeight , Is_PkgProduct 
										, Item_UUID,Parent_Item_UUID,sales_tax_amount2 , tax_id2 , Tax_name2 ,table_uuid , IS_KIOSK_DISPENSE,price_level_id,price_id) values(0,0,159,2,3.70,0.00,1,11,'I',1,1,3.70,3.70,0.62,3.70,'19-11-2024 16:58:51','19-11-2024 16:58:51',0,0.0,25,3,25.00,'Ml'','',109,'Single',22,''','0'','0'','25'','25'','25'',''',''','1'','3'','Breakfast'','20% VAT'','0'','2'','0'','0'','2'','1753144a-78a4-4e37-b7be-30d576506630'','0'',''',''','0'','0'','37411ded-b59e-472e-bee8-03cd4a6d48b2'',''',0.00,0,''','0'','0'','1'','109' )
insert into T_Sales (sales_id,product_id,cmp_id,sales_total_amount,sales_discount,quntity,login_id,mac_id,venue_id,
								price,sales_net_amount,sales_tax_amount,sales_actual_price,created_date,modify_date,mode,value,machine_id,location_id,Size,
								Unit,Condiment_id,Size_id,Size_Name,department_id,custom_condiment,Tsale_discount_mode_type , Tsale_discount_name , 
								table_created_machine_id , machine_current_id  , table_close_machine_id , Condiment_Price , Voucher_Code  , ref_id,tax_id,
								shift_name,Tax_name ,Is_Condiment ,ParentId_CondimentasProduct ,Condiment_ProductCond ,condiment_with_condiment,tref_id,
								tran_uuid,table_uuid,Is_return ,Original_table_UUID,Transfered_Table_UUID , IsPayByWeight , Is_PkgProduct , Item_UUID,Parent_Item_UUID,
								sales_tax_amount2 , tax_id2 , Tax_name2 , IS_KIOSK_DISPENSE,price_level_id,price_id)
								select  342909,pri.Ingredient_id,t.cmp_id,0,sales_discount,quntity,t.login_id,t.mac_id,t.venue_id,
								0,0 ,0,0,
								convert(varchar(20),Convert(datetime,t.created_date,103) ,120) as created_date ,
								convert( varchar(20),Convert(datetime,t.modify_date,103) ,120) as modify_date,mode,value,t.machine_id,location_id,t.Size,t.Unit,
								Condiment_id,s.Size_id,s.Name,t.department_id, dbo.RemoveNonASCII(custom_condiment),Tsale_discount_mode_type , 
								Tsale_discount_name ,  
								case table_created_machine_id when '' then 0 else cast(table_created_machine_id as numeric(18,0)) end, 
								case table_created_machine_id when '' then 0 else cast(machine_current_id as numeric(18,0)) end  ,
								table_close_machine_id , Condiment_Price , Voucher_Code  , ref_id ,t.tax_id,shift_name,Tax_name ,t.Is_Condiment ,
								 1020142 ,Condiment_ProductCond ,condiment_with_condiment,tref_id ,tran_uuid ,table_uuid ,Is_return ,Original_table_UUID,
								Transfered_Table_UUID , IsPayByWeight , Is_PkgProduct , '',t.Item_UUID, sales_tax_amount2 , tax_id2 , Tax_name2, IS_KIOSK_DISPENSE,price_level_id,price_id
								from #table1 t 
								inner join M_Product_Ingredient pri on pri.product_id = t.product_id
								inner join M_Product mp on mp.product_id = pri.product_id and mp.Is_Condiment = 0
								left outer join M_Size s on s.Size_id = pri.Size_id
								left outer join M_Unit u on u.Unit_Id= mp.Unit_id
ch2365
28
11/19/2024 5:27:24 PM:DBManager:connection_data:Object reference not set to an instance of an object.
11/19/2024 5:27:24 PM:DBManager:connection_data:Object reference not set to an instance of an object.
11/19/2024 5:27:24 PM:DBManager:connection_data:Object reference not set to an instance of an object.
11/19/2024 5:27:24 PM:DBManager:connection_data:Object reference not set to an instance of an object.
19/11/2024 5:28:41 PM:POS_WS:CallMethod():The request channel timed out while waiting for a reply after 00:01:00. Increase the timeout value passed to the call to Request or increase the SendTimeout value on the Binding. The time allotted to this operation may have been a portion of a longer timeout.
11/19/2024 5:31:38 PM:DBManager:connection_data:Object reference not set to an instance of an object.
11/19/2024 5:31:38 PM:DBManager:connection_data:Object reference not set to an instance of an object.
11/19/2024 5:31:40 PM:DBManager:connection_data:Object reference not set to an instance of an object.
11/19/2024 5:31:40 PM:DBManager:connection_data:Object reference not set to an instance of an object.
19/11/2024 5:31:42 PM:POS_WS:CallMethod65():0 :: Incorrect syntax near 'Bottle'.
Incorrect syntax near 'Single'.
insert into #table1(tsales_id,sales_id,product_id,cmp_id,sales_total_amount,sales_discount,quntity,login_id,
										Tran_Type,mac_id,venue_id,price,sales_net_amount,sales_tax_amount,sales_actual_price,created_date,modify_date,mode,value,
										machine_id,location_id,Size,Unit,Condiment_id,Size_id,Size_Name,department_id,custom_condiment,Tsale_discount_mode_type , 
										Tsale_discount_name , table_created_machine_id , machine_current_id  , table_close_machine_id , Condiment_Price , 
										Voucher_Code  , ref_id,tax_id, shift_name,Tax_name ,Is_Condiment ,ParentId_CondimentasProduct ,Condiment_ProductCond,
										condiment_with_condiment,tref_id,tran_uuid,Is_return,Original_table_UUID,Transfered_Table_UUID , IsPayByWeight , Is_PkgProduct 
										, Item_UUID,Parent_Item_UUID,sales_tax_amount2 , tax_id2 , Tax_name2 ,table_uuid , IS_KIOSK_DISPENSE,price_level_id,price_id) values(0,0,153,2,24.00,0.00,1,11,'I',1,1,24.00,24.00,4.00,24.00,'19-11-2024 16:58:49','19-11-2024 16:58:49',0,0.0,25,3,1.00,'Qty'','',104,'Bottle',7,''','0'','0'','25'','25'','25'',''',''','1'','3'','Breakfast'','20% VAT'','0'','1'','0'','0'','1'','1753144a-78a4-4e37-b7be-30d576506630'','0'',''',''','0'','0'','a9a68796-b73f-4bcf-8111-8a62dddefe1c'',''',0.00,0,''','0'','0'','1'','104' )
insert into T_Sales (sales_id,product_id,cmp_id,sales_total_amount,sales_discount,quntity,login_id,mac_id,venue_id,
								price,sales_net_amount,sales_tax_amount,sales_actual_price,created_date,modify_date,mode,value,machine_id,location_id,Size,
								Unit,Condiment_id,Size_id,Size_Name,department_id,custom_condiment,Tsale_discount_mode_type , Tsale_discount_name , 
								table_created_machine_id , machine_current_id  , table_close_machine_id , Condiment_Price , Voucher_Code  , ref_id,tax_id,
								shift_name,Tax_name ,Is_Condiment ,ParentId_CondimentasProduct ,Condiment_ProductCond ,condiment_with_condiment,tref_id,
								tran_uuid,table_uuid,Is_return ,Original_table_UUID,Transfered_Table_UUID , IsPayByWeight , Is_PkgProduct , Item_UUID,Parent_Item_UUID,
								sales_tax_amount2 , tax_id2 , Tax_name2 , IS_KIOSK_DISPENSE,price_level_id,price_id)
								select  342909,pri.Ingredient_id,t.cmp_id,0,sales_discount,quntity,t.login_id,t.mac_id,t.venue_id,
								0,0 ,0,0,
								convert(varchar(20),Convert(datetime,t.created_date,103) ,120) as created_date ,
								convert( varchar(20),Convert(datetime,t.modify_date,103) ,120) as modify_date,mode,value,t.machine_id,location_id,t.Size,t.Unit,
								Condiment_id,s.Size_id,s.Name,t.department_id, dbo.RemoveNonASCII(custom_condiment),Tsale_discount_mode_type , 
								Tsale_discount_name ,  
								case table_created_machine_id when '' then 0 else cast(table_created_machine_id as numeric(18,0)) end, 
								case table_created_machine_id when '' then 0 else cast(machine_current_id as numeric(18,0)) end  ,
								table_close_machine_id , Condiment_Price , Voucher_Code  , ref_id ,t.tax_id,shift_name,Tax_name ,t.Is_Condiment ,
								 1020177 ,Condiment_ProductCond ,condiment_with_condiment,tref_id ,tran_uuid ,table_uuid ,Is_return ,Original_table_UUID,
								Transfered_Table_UUID , IsPayByWeight , Is_PkgProduct , '',t.Item_UUID, sales_tax_amount2 , tax_id2 , Tax_name2, IS_KIOSK_DISPENSE,price_level_id,price_id
								from #table1 t 
								inner join M_Product_Ingredient pri on pri.product_id = t.product_id
								inner join M_Product mp on mp.product_id = pri.product_id and mp.Is_Condiment = 0
								left outer join M_Size s on s.Size_id = pri.Size_id
								left outer join M_Unit u on u.Unit_Id= mp.Unit_id
ch2365
28
11
insert into #table1(tsales_id,sales_id,product_id,cmp_id,sales_total_amount,sales_discount,quntity,login_id,
										Tran_Type,mac_id,venue_id,price,sales_net_amount,sales_tax_amount,sales_actual_price,created_date,modify_date,mode,value,
										machine_id,location_id,Size,Unit,Condiment_id,Size_id,Size_Name,department_id,custom_condiment,Tsale_discount_mode_type , 
										Tsale_discount_name , table_created_machine_id , machine_current_id  , table_close_machine_id , Condiment_Price , 
										Voucher_Code  , ref_id,tax_id, shift_name,Tax_name ,Is_Condiment ,ParentId_CondimentasProduct ,Condiment_ProductCond,
										condiment_with_condiment,tref_id,tran_uuid,Is_return,Original_table_UUID,Transfered_Table_UUID , IsPayByWeight , Is_PkgProduct 
										, Item_UUID,Parent_Item_UUID,sales_tax_amount2 , tax_id2 , Tax_name2 ,table_uuid , IS_KIOSK_DISPENSE,price_level_id,price_id) values(0,0,159,2,3.70,0.00,1,11,'I',1,1,3.70,3.70,0.62,3.70,'19-11-2024 16:58:51','19-11-2024 16:58:51',0,0.0,25,3,25.00,'Ml'','',109,'Single',22,''','0'','0'','25'','25'','25'',''',''','1'','3'','Breakfast'','20% VAT'','0'','2'','0'','0'','2'','1753144a-78a4-4e37-b7be-30d576506630'','0'',''',''','0'','0'','37411ded-b59e-472e-bee8-03cd4a6d48b2'',''',0.00,0,''','0'','0'','1'','109' )
insert into T_Sales (sales_id,product_id,cmp_id,sales_total_amount,sales_discount,quntity,login_id,mac_id,venue_id,
								price,sales_net_amount,sales_tax_amount,sales_actual_price,created_date,modify_date,mode,value,machine_id,location_id,Size,
								Unit,Condiment_id,Size_id,Size_Name,department_id,custom_condiment,Tsale_discount_mode_type , Tsale_discount_name , 
								table_created_machine_id , machine_current_id  , table_close_machine_id , Condiment_Price , Voucher_Code  , ref_id,tax_id,
								shift_name,Tax_name ,Is_Condiment ,ParentId_CondimentasProduct ,Condiment_ProductCond ,condiment_with_condiment,tref_id,
								tran_uuid,table_uuid,Is_return ,Original_table_UUID,Transfered_Table_UUID , IsPayByWeight , Is_PkgProduct , Item_UUID,Parent_Item_UUID,
								sales_tax_amount2 , tax_id2 , Tax_name2 , IS_KIOSK_DISPENSE,price_level_id,price_id)
								select  342909,pri.Ingredient_id,t.cmp_id,0,sales_discount,quntity,t.login_id,t.mac_id,t.venue_id,
								0,0 ,0,0,
								convert(varchar(20),Convert(datetime,t.created_date,103) ,120) as created_date ,
								convert( varchar(20),Convert(datetime,t.modify_date,103) ,120) as modify_date,mode,value,t.machine_id,location_id,t.Size,t.Unit,
								Condiment_id,s.Size_id,s.Name,t.department_id, dbo.RemoveNonASCII(custom_condiment),Tsale_discount_mode_type , 
								Tsale_discount_name ,  
								case table_created_machine_id when '' then 0 else cast(table_created_machine_id as numeric(18,0)) end, 
								case table_created_machine_id when '' then 0 else cast(machine_current_id as numeric(18,0)) end  ,
								table_close_machine_id , Condiment_Price , Voucher_Code  , ref_id ,t.tax_id,shift_name,Tax_name ,t.Is_Condiment ,
								 1020177 ,Condiment_ProductCond ,condiment_with_condiment,tref_id ,tran_uuid ,table_uuid ,Is_return ,Original_table_UUID,
								Transfered_Table_UUID , IsPayByWeight , Is_PkgProduct , '',t.Item_UUID, sales_tax_amount2 , tax_id2 , Tax_name2, IS_KIOSK_DISPENSE,price_level_id,price_id
								from #table1 t 
								inner join M_Product_Ingredient pri on pri.product_id = t.product_id
								inner join M_Product mp on mp.product_id = pri.product_id and mp.Is_Condiment = 0
								left outer join M_Size s on s.Size_id = pri.Size_id
								left outer join M_Unit u on u.Unit_Id= mp.Unit_id
ch2365
28
11/19/2024 5:31:45 PM:DBManager:connection_data:Object reference not set to an instance of an object.
11/19/2024 5:31:45 PM:DBManager:connection_data:Object reference not set to an instance of an object.
11/19/2024 5:32:38 PM:DBManager:connection_data:Object reference not set to an instance of an object.
11/19/2024 5:32:38 PM:DBManager:connection_data:Object reference not set to an instance of an object.
19/11/2024 5:32:40 PM:POS_WS:CallMethod65():0 :: Incorrect syntax near 'Bottle'.
Incorrect syntax near 'Single'.
insert into #table1(tsales_id,sales_id,product_id,cmp_id,sales_total_amount,sales_discount,quntity,login_id,
										Tran_Type,mac_id,venue_id,price,sales_net_amount,sales_tax_amount,sales_actual_price,created_date,modify_date,mode,value,
										machine_id,location_id,Size,Unit,Condiment_id,Size_id,Size_Name,department_id,custom_condiment,Tsale_discount_mode_type , 
										Tsale_discount_name , table_created_machine_id , machine_current_id  , table_close_machine_id , Condiment_Price , 
										Voucher_Code  , ref_id,tax_id, shift_name,Tax_name ,Is_Condiment ,ParentId_CondimentasProduct ,Condiment_ProductCond,
										condiment_with_condiment,tref_id,tran_uuid,Is_return,Original_table_UUID,Transfered_Table_UUID , IsPayByWeight , Is_PkgProduct 
										, Item_UUID,Parent_Item_UUID,sales_tax_amount2 , tax_id2 , Tax_name2 ,table_uuid , IS_KIOSK_DISPENSE,price_level_id,price_id) values(0,0,153,2,24.00,0.00,1,11,'I',1,1,24.00,24.00,4.00,24.00,'19-11-2024 16:58:49','19-11-2024 16:58:49',0,0.0,25,3,1.00,'Qty'','',104,'Bottle',7,''','0'','0'','25'','25'','25'',''',''','1'','3'','Breakfast'','20% VAT'','0'','1'','0'','0'','1'','1753144a-78a4-4e37-b7be-30d576506630'','0'',''',''','0'','0'','a9a68796-b73f-4bcf-8111-8a62dddefe1c'',''',0.00,0,''','0'','0'','1'','104' )
insert into T_Sales (sales_id,product_id,cmp_id,sales_total_amount,sales_discount,quntity,login_id,mac_id,venue_id,
								price,sales_net_amount,sales_tax_amount,sales_actual_price,created_date,modify_date,mode,value,machine_id,location_id,Size,
								Unit,Condiment_id,Size_id,Size_Name,department_id,custom_condiment,Tsale_discount_mode_type , Tsale_discount_name , 
								table_created_machine_id , machine_current_id  , table_close_machine_id , Condiment_Price , Voucher_Code  , ref_id,tax_id,
								shift_name,Tax_name ,Is_Condiment ,ParentId_CondimentasProduct ,Condiment_ProductCond ,condiment_with_condiment,tref_id,
								tran_uuid,table_uuid,Is_return ,Original_table_UUID,Transfered_Table_UUID , IsPayByWeight , Is_PkgProduct , Item_UUID,Parent_Item_UUID,
								sales_tax_amount2 , tax_id2 , Tax_name2 , IS_KIOSK_DISPENSE,price_level_id,price_id)
								select  342909,pri.Ingredient_id,t.cmp_id,0,sales_discount,quntity,t.login_id,t.mac_id,t.venue_id,
								0,0 ,0,0,
								convert(varchar(20),Convert(datetime,t.created_date,103) ,120) as created_date ,
								convert( varchar(20),Convert(datetime,t.modify_date,103) ,120) as modify_date,mode,value,t.machine_id,location_id,t.Size,t.Unit,
								Condiment_id,s.Size_id,s.Name,t.department_id, dbo.RemoveNonASCII(custom_condiment),Tsale_discount_mode_type , 
								Tsale_discount_name ,  
								case table_created_machine_id when '' then 0 else cast(table_created_machine_id as numeric(18,0)) end, 
								case table_created_machine_id when '' then 0 else cast(machine_current_id as numeric(18,0)) end  ,
								table_close_machine_id , Condiment_Price , Voucher_Code  , ref_id ,t.tax_id,shift_name,Tax_name ,t.Is_Condiment ,
								 1020184 ,Condiment_ProductCond ,condiment_with_condiment,tref_id ,tran_uuid ,table_uuid ,Is_return ,Original_table_UUID,
								Transfered_Table_UUID , IsPayByWeight , Is_PkgProduct , '',t.Item_UUID, sales_tax_amount2 , tax_id2 , Tax_name2, IS_KIOSK_DISPENSE,price_level_id,price_id
								from #table1 t 
								inner join M_Product_Ingredient pri on pri.product_id = t.product_id
								inner join M_Product mp on mp.product_id = pri.product_id and mp.Is_Condiment = 0
								left outer join M_Size s on s.Size_id = pri.Size_id
								left outer join M_Unit u on u.Unit_Id= mp.Unit_id
ch2365
28
11
insert into #table1(tsales_id,sales_id,product_id,cmp_id,sales_total_amount,sales_discount,quntity,login_id,
										Tran_Type,mac_id,venue_id,price,sales_net_amount,sales_tax_amount,sales_actual_price,created_date,modify_date,mode,value,
										machine_id,location_id,Size,Unit,Condiment_id,Size_id,Size_Name,department_id,custom_condiment,Tsale_discount_mode_type , 
										Tsale_discount_name , table_created_machine_id , machine_current_id  , table_close_machine_id , Condiment_Price , 
										Voucher_Code  , ref_id,tax_id, shift_name,Tax_name ,Is_Condiment ,ParentId_CondimentasProduct ,Condiment_ProductCond,
										condiment_with_condiment,tref_id,tran_uuid,Is_return,Original_table_UUID,Transfered_Table_UUID , IsPayByWeight , Is_PkgProduct 
										, Item_UUID,Parent_Item_UUID,sales_tax_amount2 , tax_id2 , Tax_name2 ,table_uuid , IS_KIOSK_DISPENSE,price_level_id,price_id) values(0,0,159,2,3.70,0.00,1,11,'I',1,1,3.70,3.70,0.62,3.70,'19-11-2024 16:58:51','19-11-2024 16:58:51',0,0.0,25,3,25.00,'Ml'','',109,'Single',22,''','0'','0'','25'','25'','25'',''',''','1'','3'','Breakfast'','20% VAT'','0'','2'','0'','0'','2'','1753144a-78a4-4e37-b7be-30d576506630'','0'',''',''','0'','0'','37411ded-b59e-472e-bee8-03cd4a6d48b2'',''',0.00,0,''','0'','0'','1'','109' )
insert into T_Sales (sales_id,product_id,cmp_id,sales_total_amount,sales_discount,quntity,login_id,mac_id,venue_id,
								price,sales_net_amount,sales_tax_amount,sales_actual_price,created_date,modify_date,mode,value,machine_id,location_id,Size,
								Unit,Condiment_id,Size_id,Size_Name,department_id,custom_condiment,Tsale_discount_mode_type , Tsale_discount_name , 
								table_created_machine_id , machine_current_id  , table_close_machine_id , Condiment_Price , Voucher_Code  , ref_id,tax_id,
								shift_name,Tax_name ,Is_Condiment ,ParentId_CondimentasProduct ,Condiment_ProductCond ,condiment_with_condiment,tref_id,
								tran_uuid,table_uuid,Is_return ,Original_table_UUID,Transfered_Table_UUID , IsPayByWeight , Is_PkgProduct , Item_UUID,Parent_Item_UUID,
								sales_tax_amount2 , tax_id2 , Tax_name2 , IS_KIOSK_DISPENSE,price_level_id,price_id)
								select  342909,pri.Ingredient_id,t.cmp_id,0,sales_discount,quntity,t.login_id,t.mac_id,t.venue_id,
								0,0 ,0,0,
								convert(varchar(20),Convert(datetime,t.created_date,103) ,120) as created_date ,
								convert( varchar(20),Convert(datetime,t.modify_date,103) ,120) as modify_date,mode,value,t.machine_id,location_id,t.Size,t.Unit,
								Condiment_id,s.Size_id,s.Name,t.department_id, dbo.RemoveNonASCII(custom_condiment),Tsale_discount_mode_type , 
								Tsale_discount_name ,  
								case table_created_machine_id when '' then 0 else cast(table_created_machine_id as numeric(18,0)) end, 
								case table_created_machine_id when '' then 0 else cast(machine_current_id as numeric(18,0)) end  ,
								table_close_machine_id , Condiment_Price , Voucher_Code  , ref_id ,t.tax_id,shift_name,Tax_name ,t.Is_Condiment ,
								 1020184 ,Condiment_ProductCond ,condiment_with_condiment,tref_id ,tran_uuid ,table_uuid ,Is_return ,Original_table_UUID,
								Transfered_Table_UUID , IsPayByWeight , Is_PkgProduct , '',t.Item_UUID, sales_tax_amount2 , tax_id2 , Tax_name2, IS_KIOSK_DISPENSE,price_level_id,price_id
								from #table1 t 
								inner join M_Product_Ingredient pri on pri.product_id = t.product_id
								inner join M_Product mp on mp.product_id = pri.product_id and mp.Is_Condiment = 0
								left outer join M_Size s on s.Size_id = pri.Size_id
								left outer join M_Unit u on u.Unit_Id= mp.Unit_id
ch2365
28
11/19/2024 5:33:59 PM:DBManager:connection_data:Object reference not set to an instance of an object.
11/19/2024 5:33:59 PM:DBManager:connection_data:Object reference not set to an instance of an object.
11/19/2024 5:34:06 PM:DBManager:connection_data:Object reference not set to an instance of an object.
11/19/2024 5:34:06 PM:DBManager:connection_data:Object reference not set to an instance of an object.
11/19/2024 5:40:02 PM:DBManager:connection_data:Object reference not set to an instance of an object.
11/19/2024 5:40:02 PM:DBManager:connection_data:Object reference not set to an instance of an object.
11/19/2024 5:40:02 PM:DBManager:connection_data:Object reference not set to an instance of an object.
11/19/2024 5:40:03 PM:DBManager:connection_data:Object reference not set to an instance of an object.
19/11/2024 5:40:09 PM:POS_WS:CallMethod():The request channel timed out while waiting for a reply after 00:01:00. Increase the timeout value passed to the call to Request or increase the SendTimeout value on the Binding. The time allotted to this operation may have been a portion of a longer timeout.
11/19/2024 7:45:39 PM:DBManager:connection_data:Object reference not set to an instance of an object.
11/19/2024 7:45:39 PM:DBManager:connection_data:Object reference not set to an instance of an object.
11/19/2024 7:45:39 PM:DBManager:connection_data:Object reference not set to an instance of an object.
19/11/2024 7:45:41 PM:POS_WS:CallMethod65():0 :: Incorrect syntax near 'Bottle'.
Incorrect syntax near 'Single'.
insert into #table1(tsales_id,sales_id,product_id,cmp_id,sales_total_amount,sales_discount,quntity,login_id,
										Tran_Type,mac_id,venue_id,price,sales_net_amount,sales_tax_amount,sales_actual_price,created_date,modify_date,mode,value,
										machine_id,location_id,Size,Unit,Condiment_id,Size_id,Size_Name,department_id,custom_condiment,Tsale_discount_mode_type , 
										Tsale_discount_name , table_created_machine_id , machine_current_id  , table_close_machine_id , Condiment_Price , 
										Voucher_Code  , ref_id,tax_id, shift_name,Tax_name ,Is_Condiment ,ParentId_CondimentasProduct ,Condiment_ProductCond,
										condiment_with_condiment,tref_id,tran_uuid,Is_return,Original_table_UUID,Transfered_Table_UUID , IsPayByWeight , Is_PkgProduct 
										, Item_UUID,Parent_Item_UUID,sales_tax_amount2 , tax_id2 , Tax_name2 ,table_uuid , IS_KIOSK_DISPENSE,price_level_id,price_id) values(0,0,153,2,24.00,0.00,1,11,'I',1,1,24.00,24.00,4.00,24.00,'19-11-2024 16:58:49','19-11-2024 16:58:49',0,0.0,25,3,1.00,'Qty'','',104,'Bottle',7,''','0'','0'','25'','25'','25'',''',''','1'','3'','Breakfast'','20% VAT'','0'','1'','0'','0'','1'','1753144a-78a4-4e37-b7be-30d576506630'','0'',''',''','0'','0'','a9a68796-b73f-4bcf-8111-8a62dddefe1c'',''',0.00,0,''','0'','0'','1'','104' )
insert into T_Sales (sales_id,product_id,cmp_id,sales_total_amount,sales_discount,quntity,login_id,mac_id,venue_id,
								price,sales_net_amount,sales_tax_amount,sales_actual_price,created_date,modify_date,mode,value,machine_id,location_id,Size,
								Unit,Condiment_id,Size_id,Size_Name,department_id,custom_condiment,Tsale_discount_mode_type , Tsale_discount_name , 
								table_created_machine_id , machine_current_id  , table_close_machine_id , Condiment_Price , Voucher_Code  , ref_id,tax_id,
								shift_name,Tax_name ,Is_Condiment ,ParentId_CondimentasProduct ,Condiment_ProductCond ,condiment_with_condiment,tref_id,
								tran_uuid,table_uuid,Is_return ,Original_table_UUID,Transfered_Table_UUID , IsPayByWeight , Is_PkgProduct , Item_UUID,Parent_Item_UUID,
								sales_tax_amount2 , tax_id2 , Tax_name2 , IS_KIOSK_DISPENSE,price_level_id,price_id)
								select  342909,pri.Ingredient_id,t.cmp_id,0,sales_discount,quntity,t.login_id,t.mac_id,t.venue_id,
								0,0 ,0,0,
								convert(varchar(20),Convert(datetime,t.created_date,103) ,120) as created_date ,
								convert( varchar(20),Convert(datetime,t.modify_date,103) ,120) as modify_date,mode,value,t.machine_id,location_id,t.Size,t.Unit,
								Condiment_id,s.Size_id,s.Name,t.department_id, dbo.RemoveNonASCII(custom_condiment),Tsale_discount_mode_type , 
								Tsale_discount_name ,  
								case table_created_machine_id when '' then 0 else cast(table_created_machine_id as numeric(18,0)) end, 
								case table_created_machine_id when '' then 0 else cast(machine_current_id as numeric(18,0)) end  ,
								table_close_machine_id , Condiment_Price , Voucher_Code  , ref_id ,t.tax_id,shift_name,Tax_name ,t.Is_Condiment ,
								 1020359 ,Condiment_ProductCond ,condiment_with_condiment,tref_id ,tran_uuid ,table_uuid ,Is_return ,Original_table_UUID,
								Transfered_Table_UUID , IsPayByWeight , Is_PkgProduct , '',t.Item_UUID, sales_tax_amount2 , tax_id2 , Tax_name2, IS_KIOSK_DISPENSE,price_level_id,price_id
								from #table1 t 
								inner join M_Product_Ingredient pri on pri.product_id = t.product_id
								inner join M_Product mp on mp.product_id = pri.product_id and mp.Is_Condiment = 0
								left outer join M_Size s on s.Size_id = pri.Size_id
								left outer join M_Unit u on u.Unit_Id= mp.Unit_id
ch2365
28
11
insert into #table1(tsales_id,sales_id,product_id,cmp_id,sales_total_amount,sales_discount,quntity,login_id,
										Tran_Type,mac_id,venue_id,price,sales_net_amount,sales_tax_amount,sales_actual_price,created_date,modify_date,mode,value,
										machine_id,location_id,Size,Unit,Condiment_id,Size_id,Size_Name,department_id,custom_condiment,Tsale_discount_mode_type , 
										Tsale_discount_name , table_created_machine_id , machine_current_id  , table_close_machine_id , Condiment_Price , 
										Voucher_Code  , ref_id,tax_id, shift_name,Tax_name ,Is_Condiment ,ParentId_CondimentasProduct ,Condiment_ProductCond,
										condiment_with_condiment,tref_id,tran_uuid,Is_return,Original_table_UUID,Transfered_Table_UUID , IsPayByWeight , Is_PkgProduct 
										, Item_UUID,Parent_Item_UUID,sales_tax_amount2 , tax_id2 , Tax_name2 ,table_uuid , IS_KIOSK_DISPENSE,price_level_id,price_id) values(0,0,159,2,3.70,0.00,1,11,'I',1,1,3.70,3.70,0.62,3.70,'19-11-2024 16:58:51','19-11-2024 16:58:51',0,0.0,25,3,25.00,'Ml'','',109,'Single',22,''','0'','0'','25'','25'','25'',''',''','1'','3'','Breakfast'','20% VAT'','0'','2'','0'','0'','2'','1753144a-78a4-4e37-b7be-30d576506630'','0'',''',''','0'','0'','37411ded-b59e-472e-bee8-03cd4a6d48b2'',''',0.00,0,''','0'','0'','1'','109' )
insert into T_Sales (sales_id,product_id,cmp_id,sales_total_amount,sales_discount,quntity,login_id,mac_id,venue_id,
								price,sales_net_amount,sales_tax_amount,sales_actual_price,created_date,modify_date,mode,value,machine_id,location_id,Size,
								Unit,Condiment_id,Size_id,Size_Name,department_id,custom_condiment,Tsale_discount_mode_type , Tsale_discount_name , 
								table_created_machine_id , machine_current_id  , table_close_machine_id , Condiment_Price , Voucher_Code  , ref_id,tax_id,
								shift_name,Tax_name ,Is_Condiment ,ParentId_CondimentasProduct ,Condiment_ProductCond ,condiment_with_condiment,tref_id,
								tran_uuid,table_uuid,Is_return ,Original_table_UUID,Transfered_Table_UUID , IsPayByWeight , Is_PkgProduct , Item_UUID,Parent_Item_UUID,
								sales_tax_amount2 , tax_id2 , Tax_name2 , IS_KIOSK_DISPENSE,price_level_id,price_id)
								select  342909,pri.Ingredient_id,t.cmp_id,0,sales_discount,quntity,t.login_id,t.mac_id,t.venue_id,
								0,0 ,0,0,
								convert(varchar(20),Convert(datetime,t.created_date,103) ,120) as created_date ,
								convert( varchar(20),Convert(datetime,t.modify_date,103) ,120) as modify_date,mode,value,t.machine_id,location_id,t.Size,t.Unit,
								Condiment_id,s.Size_id,s.Name,t.department_id, dbo.RemoveNonASCII(custom_condiment),Tsale_discount_mode_type , 
								Tsale_discount_name ,  
								case table_created_machine_id when '' then 0 else cast(table_created_machine_id as numeric(18,0)) end, 
								case table_created_machine_id when '' then 0 else cast(machine_current_id as numeric(18,0)) end  ,
								table_close_machine_id , Condiment_Price , Voucher_Code  , ref_id ,t.tax_id,shift_name,Tax_name ,t.Is_Condiment ,
								 1020359 ,Condiment_ProductCond ,condiment_with_condiment,tref_id ,tran_uuid ,table_uuid ,Is_return ,Original_table_UUID,
								Transfered_Table_UUID , IsPayByWeight , Is_PkgProduct , '',t.Item_UUID, sales_tax_amount2 , tax_id2 , Tax_name2, IS_KIOSK_DISPENSE,price_level_id,price_id
								from #table1 t 
								inner join M_Product_Ingredient pri on pri.product_id = t.product_id
								inner join M_Product mp on mp.product_id = pri.product_id and mp.Is_Condiment = 0
								left outer join M_Size s on s.Size_id = pri.Size_id
								left outer join M_Unit u on u.Unit_Id= mp.Unit_id
ch2365
28
19/11/2024 7:45:42 PM:POS_WS:CallMethod65():0 :: Incorrect syntax near 'Bottle'.
Incorrect syntax near 'Single'.
insert into #table1(tsales_id,sales_id,product_id,cmp_id,sales_total_amount,sales_discount,quntity,login_id,
										Tran_Type,mac_id,venue_id,price,sales_net_amount,sales_tax_amount,sales_actual_price,created_date,modify_date,mode,value,
										machine_id,location_id,Size,Unit,Condiment_id,Size_id,Size_Name,department_id,custom_condiment,Tsale_discount_mode_type , 
										Tsale_discount_name , table_created_machine_id , machine_current_id  , table_close_machine_id , Condiment_Price , 
										Voucher_Code  , ref_id,tax_id, shift_name,Tax_name ,Is_Condiment ,ParentId_CondimentasProduct ,Condiment_ProductCond,
										condiment_with_condiment,tref_id,tran_uuid,Is_return,Original_table_UUID,Transfered_Table_UUID , IsPayByWeight , Is_PkgProduct 
										, Item_UUID,Parent_Item_UUID,sales_tax_amount2 , tax_id2 , Tax_name2 ,table_uuid , IS_KIOSK_DISPENSE,price_level_id,price_id) values(0,0,153,2,24.00,0.00,1,11,'I',1,1,24.00,24.00,4.00,24.00,'19-11-2024 16:58:49','19-11-2024 16:58:49',0,0.0,25,3,1.00,'Qty'','',104,'Bottle',7,''','0'','0'','25'','25'','25'',''',''','1'','3'','Breakfast'','20% VAT'','0'','1'','0'','0'','1'','1753144a-78a4-4e37-b7be-30d576506630'','0'',''',''','0'','0'','a9a68796-b73f-4bcf-8111-8a62dddefe1c'',''',0.00,0,''','0'','0'','1'','104' )
insert into T_Sales (sales_id,product_id,cmp_id,sales_total_amount,sales_discount,quntity,login_id,mac_id,venue_id,
								price,sales_net_amount,sales_tax_amount,sales_actual_price,created_date,modify_date,mode,value,machine_id,location_id,Size,
								Unit,Condiment_id,Size_id,Size_Name,department_id,custom_condiment,Tsale_discount_mode_type , Tsale_discount_name , 
								table_created_machine_id , machine_current_id  , table_close_machine_id , Condiment_Price , Voucher_Code  , ref_id,tax_id,
								shift_name,Tax_name ,Is_Condiment ,ParentId_CondimentasProduct ,Condiment_ProductCond ,condiment_with_condiment,tref_id,
								tran_uuid,table_uuid,Is_return ,Original_table_UUID,Transfered_Table_UUID , IsPayByWeight , Is_PkgProduct , Item_UUID,Parent_Item_UUID,
								sales_tax_amount2 , tax_id2 , Tax_name2 , IS_KIOSK_DISPENSE,price_level_id,price_id)
								select  342909,pri.Ingredient_id,t.cmp_id,0,sales_discount,quntity,t.login_id,t.mac_id,t.venue_id,
								0,0 ,0,0,
								convert(varchar(20),Convert(datetime,t.created_date,103) ,120) as created_date ,
								convert( varchar(20),Convert(datetime,t.modify_date,103) ,120) as modify_date,mode,value,t.machine_id,location_id,t.Size,t.Unit,
								Condiment_id,s.Size_id,s.Name,t.department_id, dbo.RemoveNonASCII(custom_condiment),Tsale_discount_mode_type , 
								Tsale_discount_name ,  
								case table_created_machine_id when '' then 0 else cast(table_created_machine_id as numeric(18,0)) end, 
								case table_created_machine_id when '' then 0 else cast(machine_current_id as numeric(18,0)) end  ,
								table_close_machine_id , Condiment_Price , Voucher_Code  , ref_id ,t.tax_id,shift_name,Tax_name ,t.Is_Condiment ,
								 1020360 ,Condiment_ProductCond ,condiment_with_condiment,tref_id ,tran_uuid ,table_uuid ,Is_return ,Original_table_UUID,
								Transfered_Table_UUID , IsPayByWeight , Is_PkgProduct , '',t.Item_UUID, sales_tax_amount2 , tax_id2 , Tax_name2, IS_KIOSK_DISPENSE,price_level_id,price_id
								from #table1 t 
								inner join M_Product_Ingredient pri on pri.product_id = t.product_id
								inner join M_Product mp on mp.product_id = pri.product_id and mp.Is_Condiment = 0
								left outer join M_Size s on s.Size_id = pri.Size_id
								left outer join M_Unit u on u.Unit_Id= mp.Unit_id
ch2365
28
11
insert into #table1(tsales_id,sales_id,product_id,cmp_id,sales_total_amount,sales_discount,quntity,login_id,
										Tran_Type,mac_id,venue_id,price,sales_net_amount,sales_tax_amount,sales_actual_price,created_date,modify_date,mode,value,
										machine_id,location_id,Size,Unit,Condiment_id,Size_id,Size_Name,department_id,custom_condiment,Tsale_discount_mode_type , 
										Tsale_discount_name , table_created_machine_id , machine_current_id  , table_close_machine_id , Condiment_Price , 
										Voucher_Code  , ref_id,tax_id, shift_name,Tax_name ,Is_Condiment ,ParentId_CondimentasProduct ,Condiment_ProductCond,
										condiment_with_condiment,tref_id,tran_uuid,Is_return,Original_table_UUID,Transfered_Table_UUID , IsPayByWeight , Is_PkgProduct 
										, Item_UUID,Parent_Item_UUID,sales_tax_amount2 , tax_id2 , Tax_name2 ,table_uuid , IS_KIOSK_DISPENSE,price_level_id,price_id) values(0,0,159,2,3.70,0.00,1,11,'I',1,1,3.70,3.70,0.62,3.70,'19-11-2024 16:58:51','19-11-2024 16:58:51',0,0.0,25,3,25.00,'Ml'','',109,'Single',22,''','0'','0'','25'','25'','25'',''',''','1'','3'','Breakfast'','20% VAT'','0'','2'','0'','0'','2'','1753144a-78a4-4e37-b7be-30d576506630'','0'',''',''','0'','0'','37411ded-b59e-472e-bee8-03cd4a6d48b2'',''',0.00,0,''','0'','0'','1'','109' )
insert into T_Sales (sales_id,product_id,cmp_id,sales_total_amount,sales_discount,quntity,login_id,mac_id,venue_id,
								price,sales_net_amount,sales_tax_amount,sales_actual_price,created_date,modify_date,mode,value,machine_id,location_id,Size,
								Unit,Condiment_id,Size_id,Size_Name,department_id,custom_condiment,Tsale_discount_mode_type , Tsale_discount_name , 
								table_created_machine_id , machine_current_id  , table_close_machine_id , Condiment_Price , Voucher_Code  , ref_id,tax_id,
								shift_name,Tax_name ,Is_Condiment ,ParentId_CondimentasProduct ,Condiment_ProductCond ,condiment_with_condiment,tref_id,
								tran_uuid,table_uuid,Is_return ,Original_table_UUID,Transfered_Table_UUID , IsPayByWeight , Is_PkgProduct , Item_UUID,Parent_Item_UUID,
								sales_tax_amount2 , tax_id2 , Tax_name2 , IS_KIOSK_DISPENSE,price_level_id,price_id)
								select  342909,pri.Ingredient_id,t.cmp_id,0,sales_discount,quntity,t.login_id,t.mac_id,t.venue_id,
								0,0 ,0,0,
								convert(varchar(20),Convert(datetime,t.created_date,103) ,120) as created_date ,
								convert( varchar(20),Convert(datetime,t.modify_date,103) ,120) as modify_date,mode,value,t.machine_id,location_id,t.Size,t.Unit,
								Condiment_id,s.Size_id,s.Name,t.department_id, dbo.RemoveNonASCII(custom_condiment),Tsale_discount_mode_type , 
								Tsale_discount_name ,  
								case table_created_machine_id when '' then 0 else cast(table_created_machine_id as numeric(18,0)) end, 
								case table_created_machine_id when '' then 0 else cast(machine_current_id as numeric(18,0)) end  ,
								table_close_machine_id , Condiment_Price , Voucher_Code  , ref_id ,t.tax_id,shift_name,Tax_name ,t.Is_Condiment ,
								 1020360 ,Condiment_ProductCond ,condiment_with_condiment,tref_id ,tran_uuid ,table_uuid ,Is_return ,Original_table_UUID,
								Transfered_Table_UUID , IsPayByWeight , Is_PkgProduct , '',t.Item_UUID, sales_tax_amount2 , tax_id2 , Tax_name2, IS_KIOSK_DISPENSE,price_level_id,price_id
								from #table1 t 
								inner join M_Product_Ingredient pri on pri.product_id = t.product_id
								inner join M_Product mp on mp.product_id = pri.product_id and mp.Is_Condiment = 0
								left outer join M_Size s on s.Size_id = pri.Size_id
								left outer join M_Unit u on u.Unit_Id= mp.Unit_id
ch2365
28
