3/19/2024 5:10:43 PM:DBManager:connection_data:Object reference not set to an instance of an object.
3/19/2024 5:10:43 PM:DBManager:connection_data:Object reference not set to an instance of an object.
3/19/2024 5:10:43 PM:DBManager:connection_data:Object reference not set to an instance of an object.
3/19/2024 5:10:47 PM:DBManager:connection_data:Object reference not set to an instance of an object.
3/19/2024 5:10:47 PM:DBManager:connection_data:Object reference not set to an instance of an object.
3/19/2024 5:10:47 PM:DBManager:connection_data:Object reference not set to an instance of an object.
3/19/2024 5:10:55 PM:DBManager:connection_data:Object reference not set to an instance of an object.
3/19/2024 5:10:55 PM:DBManager:connection_data:Object reference not set to an instance of an object.
3/19/2024 5:10:55 PM:DBManager:connection_data:Object reference not set to an instance of an object.
3/19/2024 5:10:58 PM:DBManager:connection_data:Object reference not set to an instance of an object.
3/19/2024 5:10:58 PM:DBManager:connection_data:Object reference not set to an instance of an object.
3/19/2024 5:10:58 PM:DBManager:connection_data:Object reference not set to an instance of an object.
3/19/2024 5:10:58 PM:DBManager:connection_data:Object reference not set to an instance of an object.
3/19/2024 5:10:58 PM:DBManager:connection_data:Object reference not set to an instance of an object.
3/19/2024 5:10:58 PM:DBManager:connection_data:Object reference not set to an instance of an object.
3/19/2024 5:10:58 PM:DBManager:connection_data:Object reference not set to an instance of an object.
3/19/2024 5:10:58 PM:DBManager:connection_data:Object reference not set to an instance of an object.
3/19/2024 5:10:58 PM:DBManager:connection_data:Object reference not set to an instance of an object.
3/19/2024 5:10:58 PM:DBManager:connection_data:Object reference not set to an instance of an object.
3/19/2024 5:10:58 PM:DBManager:connection_data:Object reference not set to an instance of an object.
3/19/2024 5:10:58 PM:DBManager:connection_data:Object reference not set to an instance of an object.
3/19/2024 5:10:58 PM:DBManager:connection_data:Object reference not set to an instance of an object.
3/19/2024 5:10:58 PM:DBManager:connection_data:Object reference not set to an instance of an object.
3/19/2024 5:10:58 PM:DBManager:connection_data:Object reference not set to an instance of an object.
3/19/2024 5:10:58 PM:DBManager:connection_data:Object reference not set to an instance of an object.
3/19/2024 5:10:58 PM:DBManager:connection_data:Object reference not set to an instance of an object.
3/19/2024 5:10:58 PM:DBManager:connection_data:Object reference not set to an instance of an object.
3/19/2024 5:10:58 PM:DBManager:connection_data:Object reference not set to an instance of an object.
3/19/2024 5:10:58 PM:DBManager:connection_data:Object reference not set to an instance of an object.
3/19/2024 5:10:58 PM:DBManager:connection_data:Object reference not set to an instance of an object.
3/19/2024 5:10:58 PM:DBManager:connection_data:Object reference not set to an instance of an object.
3/19/2024 5:10:58 PM:DBManager:connection_data:Object reference not set to an instance of an object.
3/19/2024 5:10:58 PM:DBManager:connection_data:Object reference not set to an instance of an object.
3/19/2024 5:10:58 PM:DBManager:connection_data:Object reference not set to an instance of an object.
3/19/2024 5:10:58 PM:DBManager:connection_data:Object reference not set to an instance of an object.
3/19/2024 5:10:58 PM:DBManager:connection_data:Object reference not set to an instance of an object.
3/19/2024 5:10:58 PM:DBManager:connection_data:Object reference not set to an instance of an object.
3/19/2024 5:10:58 PM:DBManager:connection_data:Object reference not set to an instance of an object.
3/19/2024 5:10:58 PM:DBManager:connection_data:Object reference not set to an instance of an object.
3/19/2024 5:10:58 PM:DBManager:connection_data:Object reference not set to an instance of an object.
3/19/2024 5:10:58 PM:DBManager:connection_data:Object reference not set to an instance of an object.
3/19/2024 5:10:58 PM:DBManager:connection_data:Object reference not set to an instance of an object.
3/19/2024 5:10:58 PM:DBManager:connection_data:Object reference not set to an instance of an object.
3/19/2024 5:10:58 PM:DBManager:connection_data:Object reference not set to an instance of an object.
3/19/2024 5:10:58 PM:DBManager:connection_data:Object reference not set to an instance of an object.
3/19/2024 5:10:58 PM:DBManager:connection_data:Object reference not set to an instance of an object.
3/19/2024 5:10:58 PM:DBManager:connection_data:Object reference not set to an instance of an object.
3/19/2024 5:10:58 PM:DBManager:connection_data:Object reference not set to an instance of an object.
3/19/2024 5:10:58 PM:DBManager:connection_data:Object reference not set to an instance of an object.
3/19/2024 5:10:58 PM:DBManager:connection_data:Object reference not set to an instance of an object.
3/19/2024 5:10:58 PM:DBManager:connection_data:Object reference not set to an instance of an object.
3/19/2024 5:10:58 PM:DBManager:connection_data:Object reference not set to an instance of an object.
3/19/2024 5:10:58 PM:DBManager:connection_data:Object reference not set to an instance of an object.
3/19/2024 5:10:58 PM:DBManager:connection_data:Object reference not set to an instance of an object.
3/19/2024 5:10:58 PM:DBManager:connection_data:Object reference not set to an instance of an object.
3/19/2024 5:10:58 PM:DBManager:connection_data:Object reference not set to an instance of an object.
3/19/2024 5:10:58 PM:DBManager:connection_data:Object reference not set to an instance of an object.
3/19/2024 5:10:58 PM:DBManager:connection_data:Object reference not set to an instance of an object.
3/19/2024 5:10:58 PM:DBManager:connection_data:Object reference not set to an instance of an object.
3/19/2024 5:10:58 PM:DBManager:connection_data:Object reference not set to an instance of an object.
3/19/2024 5:10:58 PM:DBManager:connection_data:Object reference not set to an instance of an object.
3/19/2024 5:10:58 PM:DBManager:connection_data:Object reference not set to an instance of an object.
3/19/2024 5:10:58 PM:DBManager:connection_data:Object reference not set to an instance of an object.
3/19/2024 5:10:58 PM:DBManager:connection_data:Object reference not set to an instance of an object.
3/19/2024 5:10:58 PM:DBManager:connection_data:Object reference not set to an instance of an object.
3/19/2024 5:10:58 PM:DBManager:connection_data:Object reference not set to an instance of an object.
3/19/2024 5:10:58 PM:DBManager:connection_data:Object reference not set to an instance of an object.
3/19/2024 5:10:58 PM:DBManager:connection_data:Object reference not set to an instance of an object.
3/19/2024 5:10:58 PM:DBManager:connection_data:Object reference not set to an instance of an object.
3/19/2024 5:10:58 PM:DBManager:connection_data:Object reference not set to an instance of an object.
3/19/2024 5:10:58 PM:DBManager:connection_data:Object reference not set to an instance of an object.
3/19/2024 5:10:58 PM:DBManager:connection_data:Object reference not set to an instance of an object.
3/19/2024 5:10:58 PM:DBManager:connection_data:Object reference not set to an instance of an object.
3/19/2024 5:10:58 PM:DBManager:connection_data:Object reference not set to an instance of an object.
3/19/2024 5:10:58 PM:DBManager:connection_data:Object reference not set to an instance of an object.
3/19/2024 5:10:58 PM:DBManager:connection_data:Object reference not set to an instance of an object.
3/19/2024 5:10:58 PM:DBManager:connection_data:Object reference not set to an instance of an object.
3/19/2024 5:10:58 PM:DBManager:connection_data:Object reference not set to an instance of an object.
3/19/2024 5:10:58 PM:DBManager:connection_data:Object reference not set to an instance of an object.
3/19/2024 5:10:58 PM:DBManager:connection_data:Object reference not set to an instance of an object.
3/19/2024 5:10:58 PM:DBManager:connection_data:Object reference not set to an instance of an object.
3/19/2024 5:10:58 PM:DBManager:connection_data:Object reference not set to an instance of an object.
3/19/2024 5:10:58 PM:DBManager:connection_data:Object reference not set to an instance of an object.
3/19/2024 5:10:58 PM:DBManager:connection_data:Object reference not set to an instance of an object.
3/19/2024 5:10:58 PM:DBManager:connection_data:Object reference not set to an instance of an object.
3/19/2024 5:10:58 PM:DBManager:connection_data:Object reference not set to an instance of an object.
3/19/2024 5:10:58 PM:DBManager:connection_data:Object reference not set to an instance of an object.
3/19/2024 5:10:58 PM:DBManager:connection_data:Object reference not set to an instance of an object.
3/19/2024 5:10:58 PM:DBManager:connection_data:Object reference not set to an instance of an object.
3/19/2024 5:10:58 PM:DBManager:connection_data:Object reference not set to an instance of an object.
3/19/2024 5:10:58 PM:DBManager:connection_data:Object reference not set to an instance of an object.
3/19/2024 5:10:58 PM:DBManager:connection_data:Object reference not set to an instance of an object.
3/19/2024 5:10:58 PM:DBManager:connection_data:Object reference not set to an instance of an object.
3/19/2024 5:10:58 PM:DBManager:connection_data:Object reference not set to an instance of an object.
3/19/2024 5:10:58 PM:DBManager:connection_data:Object reference not set to an instance of an object.
3/19/2024 5:10:58 PM:DBManager:connection_data:Object reference not set to an instance of an object.
3/19/2024 5:10:58 PM:DBManager:connection_data:Object reference not set to an instance of an object.
3/19/2024 5:10:58 PM:DBManager:connection_data:Object reference not set to an instance of an object.
3/19/2024 5:10:58 PM:DBManager:connection_data:Object reference not set to an instance of an object.
3/19/2024 5:10:58 PM:DBManager:connection_data:Object reference not set to an instance of an object.
3/19/2024 5:10:58 PM:DBManager:connection_data:Object reference not set to an instance of an object.
3/19/2024 5:10:58 PM:DBManager:connection_data:Object reference not set to an instance of an object.
3/19/2024 5:10:58 PM:DBManager:connection_data:Object reference not set to an instance of an object.
3/19/2024 5:10:58 PM:DBManager:connection_data:Object reference not set to an instance of an object.
3/19/2024 5:10:58 PM:DBManager:connection_data:Object reference not set to an instance of an object.
3/19/2024 5:10:58 PM:DBManager:connection_data:Object reference not set to an instance of an object.
3/19/2024 5:10:58 PM:DBManager:connection_data:Object reference not set to an instance of an object.
3/19/2024 5:10:58 PM:DBManager:connection_data:Object reference not set to an instance of an object.
3/19/2024 5:10:58 PM:DBManager:connection_data:Object reference not set to an instance of an object.
3/19/2024 5:10:58 PM:DBManager:connection_data:Object reference not set to an instance of an object.
3/19/2024 5:10:58 PM:DBManager:connection_data:Object reference not set to an instance of an object.
3/19/2024 5:10:58 PM:DBManager:connection_data:Object reference not set to an instance of an object.
3/19/2024 5:10:58 PM:DBManager:connection_data:Object reference not set to an instance of an object.
19/03/2024 5:10:58 PM:SignIn:btnLogIn_Click:test
19/03/2024 5:10:58 PM:SignIn:btnLogIn_Click:test
19/03/2024 5:10:58 PM:MasterPage:Page_Init:Thread was being aborted.
19/03/2024 5:10:58 PM:MasterPage:Page_Init:Thread was being aborted.
3/19/2024 5:11:05 PM:DBManager:connection_data:Object reference not set to an instance of an object.
3/19/2024 5:11:05 PM:DBManager:connection_data:Object reference not set to an instance of an object.
3/19/2024 5:11:05 PM:DBManager:connection_data:Object reference not set to an instance of an object.
19/03/2024 5:11:05 PM:SignIn:btnLogIn_Click:test
19/03/2024 5:11:05 PM:SignIn:btnLogIn_Click4:
19/03/2024 5:11:05 PM:SignIn:btnLogIn_Click5:
19/03/2024 5:11:05 PM:SignIn:btnLogIn_Click7:
19/03/2024 5:11:05 PM:SignIn:btnLogIn_Click8:
19/03/2024 5:11:06 PM:ClsDataccess:Getdatatable:The ConnectionString property has not been initialized.
3/19/2024 5:11:06 PM:DBManager:connection_data:Object reference not set to an instance of an object.
3/19/2024 5:11:06 PM:DBManager:connection_data:Object reference not set to an instance of an object.
3/19/2024 5:11:06 PM:DBManager:connection_data:Object reference not set to an instance of an object.
3/19/2024 5:11:06 PM:DBManager:connection_data:Object reference not set to an instance of an object.
3/19/2024 5:11:06 PM:DBManager:connection_data:Object reference not set to an instance of an object.
3/19/2024 5:11:06 PM:DBManager:connection_data:Object reference not set to an instance of an object.
3/19/2024 5:11:06 PM:DBManager:connection_data:Object reference not set to an instance of an object.
3/19/2024 5:11:06 PM:DBManager:connection_data:Object reference not set to an instance of an object.
3/19/2024 5:11:06 PM:DBManager:connection_data:Object reference not set to an instance of an object.
3/19/2024 5:11:06 PM:DBManager:connection_data:Object reference not set to an instance of an object.
3/19/2024 5:11:06 PM:DBManager:connection_data:Object reference not set to an instance of an object.
3/19/2024 5:11:06 PM:DBManager:connection_data:Object reference not set to an instance of an object.
3/19/2024 5:11:06 PM:DBManager:connection_data:Object reference not set to an instance of an object.
3/19/2024 5:11:06 PM:DBManager:connection_data:Object reference not set to an instance of an object.
3/19/2024 5:11:06 PM:DBManager:connection_data:Object reference not set to an instance of an object.
3/19/2024 5:11:06 PM:DBManager:connection_data:Object reference not set to an instance of an object.
3/19/2024 5:11:06 PM:DBManager:connection_data:Object reference not set to an instance of an object.
3/19/2024 5:11:06 PM:DBManager:connection_data:Object reference not set to an instance of an object.
3/19/2024 5:11:06 PM:DBManager:connection_data:Object reference not set to an instance of an object.
3/19/2024 5:11:06 PM:DBManager:connection_data:Object reference not set to an instance of an object.
3/19/2024 5:11:06 PM:DBManager:connection_data:Object reference not set to an instance of an object.
3/19/2024 5:11:06 PM:DBManager:connection_data:Object reference not set to an instance of an object.
3/19/2024 5:11:06 PM:DBManager:connection_data:Object reference not set to an instance of an object.
3/19/2024 5:11:06 PM:DBManager:connection_data:Object reference not set to an instance of an object.
3/19/2024 5:11:06 PM:DBManager:connection_data:Object reference not set to an instance of an object.
3/19/2024 5:11:06 PM:DBManager:connection_data:Object reference not set to an instance of an object.
3/19/2024 5:11:06 PM:DBManager:connection_data:Object reference not set to an instance of an object.
3/19/2024 5:11:06 PM:DBManager:connection_data:Object reference not set to an instance of an object.
3/19/2024 5:11:06 PM:DBManager:connection_data:Object reference not set to an instance of an object.
3/19/2024 5:11:06 PM:DBManager:connection_data:Object reference not set to an instance of an object.
3/19/2024 5:11:06 PM:DBManager:connection_data:Object reference not set to an instance of an object.
3/19/2024 5:11:06 PM:DBManager:connection_data:Object reference not set to an instance of an object.
3/19/2024 5:11:06 PM:DBManager:connection_data:Object reference not set to an instance of an object.
3/19/2024 5:11:06 PM:DBManager:connection_data:Object reference not set to an instance of an object.
3/19/2024 5:11:06 PM:DBManager:connection_data:Object reference not set to an instance of an object.
3/19/2024 5:11:06 PM:DBManager:connection_data:Object reference not set to an instance of an object.
3/19/2024 5:11:06 PM:DBManager:connection_data:Object reference not set to an instance of an object.
3/19/2024 5:11:06 PM:DBManager:connection_data:Object reference not set to an instance of an object.
3/19/2024 5:11:06 PM:DBManager:connection_data:Object reference not set to an instance of an object.
3/19/2024 5:11:06 PM:DBManager:connection_data:Object reference not set to an instance of an object.
3/19/2024 5:11:06 PM:DBManager:connection_data:Object reference not set to an instance of an object.
3/19/2024 5:11:06 PM:DBManager:connection_data:Object reference not set to an instance of an object.
3/19/2024 5:11:06 PM:DBManager:connection_data:Object reference not set to an instance of an object.
3/19/2024 5:11:06 PM:DBManager:connection_data:Object reference not set to an instance of an object.
3/19/2024 5:11:06 PM:DBManager:connection_data:Object reference not set to an instance of an object.
3/19/2024 5:11:06 PM:DBManager:connection_data:Object reference not set to an instance of an object.
3/19/2024 5:11:06 PM:DBManager:connection_data:Object reference not set to an instance of an object.
3/19/2024 5:11:06 PM:DBManager:connection_data:Object reference not set to an instance of an object.
3/19/2024 5:11:06 PM:DBManager:connection_data:Object reference not set to an instance of an object.
3/19/2024 5:11:06 PM:DBManager:connection_data:Object reference not set to an instance of an object.
3/19/2024 5:11:06 PM:DBManager:connection_data:Object reference not set to an instance of an object.
3/19/2024 5:11:06 PM:DBManager:connection_data:Object reference not set to an instance of an object.
3/19/2024 5:11:06 PM:DBManager:connection_data:Object reference not set to an instance of an object.
3/19/2024 5:11:06 PM:DBManager:connection_data:Object reference not set to an instance of an object.
3/19/2024 5:11:06 PM:DBManager:connection_data:Object reference not set to an instance of an object.
3/19/2024 5:11:06 PM:DBManager:connection_data:Object reference not set to an instance of an object.
3/19/2024 5:11:06 PM:DBManager:connection_data:Object reference not set to an instance of an object.
3/19/2024 5:11:06 PM:DBManager:connection_data:Object reference not set to an instance of an object.
3/19/2024 5:11:06 PM:DBManager:connection_data:Object reference not set to an instance of an object.
3/19/2024 5:11:06 PM:DBManager:connection_data:Object reference not set to an instance of an object.
3/19/2024 5:11:06 PM:DBManager:connection_data:Object reference not set to an instance of an object.
3/19/2024 5:11:06 PM:DBManager:connection_data:Object reference not set to an instance of an object.
3/19/2024 5:11:06 PM:DBManager:connection_data:Object reference not set to an instance of an object.
3/19/2024 5:11:06 PM:DBManager:connection_data:Object reference not set to an instance of an object.
3/19/2024 5:11:06 PM:DBManager:connection_data:Object reference not set to an instance of an object.
3/19/2024 5:11:06 PM:DBManager:connection_data:Object reference not set to an instance of an object.
3/19/2024 5:11:06 PM:DBManager:connection_data:Object reference not set to an instance of an object.
3/19/2024 5:11:06 PM:DBManager:connection_data:Object reference not set to an instance of an object.
3/19/2024 5:11:06 PM:DBManager:connection_data:Object reference not set to an instance of an object.
3/19/2024 5:11:06 PM:DBManager:connection_data:Object reference not set to an instance of an object.
3/19/2024 5:11:06 PM:DBManager:connection_data:Object reference not set to an instance of an object.
3/19/2024 5:11:06 PM:DBManager:connection_data:Object reference not set to an instance of an object.
3/19/2024 5:11:06 PM:DBManager:connection_data:Object reference not set to an instance of an object.
3/19/2024 5:11:06 PM:DBManager:connection_data:Object reference not set to an instance of an object.
3/19/2024 5:11:06 PM:DBManager:connection_data:Object reference not set to an instance of an object.
3/19/2024 5:11:06 PM:DBManager:connection_data:Object reference not set to an instance of an object.
3/19/2024 5:11:06 PM:DBManager:connection_data:Object reference not set to an instance of an object.
19/03/2024 5:11:06 PM:Page_Load:BindChartData:Invalid column name 'Bar_Equipment'.
Invalid column name 'Bar_Equipment'.
Invalid column name 'Bar_Equipment'.
Invalid column name 'Bar_Equipment'.
Invalid column name 'Beverage'.
Invalid column name 'kimchi100'.
Invalid column name 'kimchi26'.
Invalid column name 'kimchi27'.
Invalid column name 'kimchi28'.
Invalid column name 'kimchi29'.
Invalid column name 'kimchi30'.
Invalid column name 'kimchi31'.
Invalid column name 'kimchi33'.
Invalid column name 'kimchi34'.
Invalid column name 'kimchi35'.
Invalid column name 'kimchi36'.
Invalid column name 'kimchi37'.
Invalid column name 'kimchi38'.
Invalid column name 'kimchi39'.
Invalid column name 'kimchi40'.
Invalid column name 'kimchi41'.
Invalid column name 'kimchi43'.
Invalid column name 'kimchi44'.
Invalid column name 'kimchi45'.
Invalid column name 'kimchi46'.
Invalid column name 'kimchi48'.
Invalid column name 'kimchi49'.
Invalid column name 'kimchi50'.
Invalid column name 'kimchi51'.
Invalid column name 'kimchi52'.
Invalid column name 'kimchi53'.
Invalid column name 'kimchi54'.
Invalid column name 'kimchi55'.
Invalid column name 'kimchi57'.
Invalid column name 'kimchi58'.
Invalid column name 'kimchi59'.
Invalid column name 'kimchi60'.
Invalid column name 'kimchi61'.
Invalid column name 'kimchi62'.
Invalid column name 'kimchi63'.
Invalid column name 'kimchi64'.
Invalid column name 'kimchi65'.
Invalid column name 'kimchi66'.
Invalid column name 'kimchi66'.
Invalid column name 'kimchi67'.
Invalid column name 'kimchi69'.
Invalid column name 'kimchi70'.
Invalid column name 'kimchi87'.
Invalid column name 'rrr_rt'.
Invalid column name 'rrr_rt2'.
Invalid column name 'rrr_rt2'.
Invalid column name 'rrr_rt2'.
Invalid column name 'rrr_rt28'.
Invalid column name 'rrr_rt28'.
Invalid column name 'rrr_rtt28'.
Invalid column name 'rrr_rtt28'.
Invalid column name 'rrr_rtt288'.
Invalid column name 'shushi'.
Invalid column name 'shushi'.
Invalid column name 'shushi2'.
Invalid column name 'start1'.
Invalid column name 'start3'.
19/03/2024 5:11:06 PM:Page_Load:BindPieChartData:Invalid column name 'kimchi26'.
Invalid column name 'kimchi27'.
Invalid column name 'kimchi28'.
Invalid column name 'kimchi29'.
Invalid column name 'kimchi30'.
Invalid column name 'kimchi31'.
Invalid column name 'kimchi33'.
Invalid column name 'kimchi34'.
Invalid column name 'kimchi35'.
Invalid column name 'kimchi36'.
Invalid column name 'kimchi37'.
Invalid column name 'kimchi38'.
Invalid column name 'kimchi40'.
Invalid column name 'kimchi66'.
Invalid column name 'kimchi67'.
Invalid column name 'kimchi66'.
Invalid column name 'kimchi69'.
Invalid column name 'Bar_Equipment'.
Invalid column name 'kimchi70'.
Invalid column name 'kimchi87'.
Invalid column name 'rrr_rt'.
Invalid column name 'start1'.
Invalid column name 'start3'.
Invalid column name 'kimchi100'.
Invalid column name 'shushi2'.
Invalid column name 'shushi'.
Invalid column name 'rrr_rt2'.
Invalid column name 'rrr_rt2'.
Invalid column name 'rrr_rt2'.
Invalid column name 'rrr_rt28'.
Invalid column name 'rrr_rt28'.
Invalid column name 'rrr_rtt28'.
Invalid column name 'rrr_rtt28'.
Invalid column name 'rrr_rtt288'.
The conversion of a varchar data type to a datetime data type resulted in an out-of-range value.
The conversion of a varchar data type to a datetime data type resulted in an out-of-range value.
The conversion of a varchar data type to a datetime data type resulted in an out-of-range value.
The conversion of a varchar data type to a datetime data type resulted in an out-of-range value.
The conversion of a varchar data type to a datetime data type resulted in an out-of-range value.
The conversion of a varchar data type to a datetime data type resulted in an out-of-range value.
Invalid column name 'shushi'.
Invalid column name 'Beverage'.
The conversion of a varchar data type to a datetime data type resulted in an out-of-range value.
Invalid column name 'kimchi48'.
Invalid column name 'kimchi49'.
Invalid column name 'kimchi50'.
Invalid column name 'kimchi51'.
Invalid column name 'kimchi52'.
Invalid column name 'kimchi53'.
Invalid column name 'kimchi54'.
Invalid column name 'kimchi55'.
Invalid column name 'kimchi57'.
Invalid column name 'kimchi58'.
Invalid column name 'kimchi59'.
Invalid column name 'kimchi60'.
Invalid column name 'kimchi61'.
Invalid column name 'kimchi62'.
Invalid column name 'kimchi63'.
Invalid column name 'kimchi64'.
Invalid column name 'kimchi65'.
Invalid column name 'kimchi39'.
Invalid column name 'kimchi41'.
Invalid column name 'kimchi43'.
Invalid column name 'kimchi44'.
Invalid column name 'kimchi45'.
Invalid column name 'kimchi46'.
Invalid column name 'Bar_Equipment'.
Invalid column name 'Bar_Equipment'.
Invalid column name 'Bar_Equipment'.
update #ChartData 
				set value = isnull((select sum( cast(isnull(kimchi27,0) as numeric(18,2))) from Till_Summary_Detail where Sales_date >= '18/03/2024' AND Sales_date <='24/03/2024'),0)
    
				from #ChartData c where c.Category = 'kimchi27'
111
update #ChartData 
				set value = isnull((select sum( cast(isnull(kimchi28,0) as numeric(18,2))) from Till_Summary_Detail where Sales_date >= '18/03/2024' AND Sales_date <='24/03/2024'),0)
    
				from #ChartData c where c.Category = 'kimchi28'
111
update #ChartData 
				set value = isnull((select sum( cast(isnull(kimchi29,0) as numeric(18,2))) from Till_Summary_Detail where Sales_date >= '18/03/2024' AND Sales_date <='24/03/2024'),0)
    
				from #ChartData c where c.Category = 'kimchi29'
111
update #ChartData 
				set value = isnull((select sum( cast(isnull(kimchi30,0) as numeric(18,2))) from Till_Summary_Detail where Sales_date >= '18/03/2024' AND Sales_date <='24/03/2024'),0)
    
				from #ChartData c where c.Category = 'kimchi30'
111
update #ChartData 
				set value = isnull((select sum( cast(isnull(kimchi31,0) as numeric(18,2))) from Till_Summary_Detail where Sales_date >= '18/03/2024' AND Sales_date <='24/03/2024'),0)
    
				from #ChartData c where c.Category = 'kimchi31'
111
update #ChartData 
				set value = isnull((select sum( cast(isnull(kimchi33,0) as numeric(18,2))) from Till_Summary_Detail where Sales_date >= '18/03/2024' AND Sales_date <='24/03/2024'),0)
    
				from #ChartData c where c.Category = 'kimchi33'
111
update #ChartData 
				set value = isnull((select sum( cast(isnull(kimchi34,0) as numeric(18,2))) from Till_Summary_Detail where Sales_date >= '18/03/2024' AND Sales_date <='24/03/2024'),0)
    
				from #ChartData c where c.Category = 'kimchi34'
111
update #ChartData 
				set value = isnull((select sum( cast(isnull(kimchi35,0) as numeric(18,2))) from Till_Summary_Detail where Sales_date >= '18/03/2024' AND Sales_date <='24/03/2024'),0)
    
				from #ChartData c where c.Category = 'kimchi35'
111
update #ChartData 
				set value = isnull((select sum( cast(isnull(kimchi36,0) as numeric(18,2))) from Till_Summary_Detail where Sales_date >= '18/03/2024' AND Sales_date <='24/03/2024'),0)
    
				from #ChartData c where c.Category = 'kimchi36'
111
update #ChartData 
				set value = isnull((select sum( cast(isnull(kimchi37,0) as numeric(18,2))) from Till_Summary_Detail where Sales_date >= '18/03/2024' AND Sales_date <='24/03/2024'),0)
    
				from #ChartData c where c.Category = 'kimchi37'
111
update #ChartData 
				set value = isnull((select sum( cast(isnull(kimchi38,0) as numeric(18,2))) from Till_Summary_Detail where Sales_date >= '18/03/2024' AND Sales_date <='24/03/2024'),0)
    
				from #ChartData c where c.Category = 'kimchi38'
111
update #ChartData 
				set value = isnull((select sum( cast(isnull(kimchi40,0) as numeric(18,2))) from Till_Summary_Detail where Sales_date >= '18/03/2024' AND Sales_date <='24/03/2024'),0)
    
				from #ChartData c where c.Category = 'kimchi40'
111
update #ChartData 
				set value = isnull((select sum( cast(isnull(kimchi66,0) as numeric(18,2))) from Till_Summary_Detail where Sales_date >= '18/03/2024' AND Sales_date <='24/03/2024'),0)
    
				from #ChartData c where c.Category = 'kimchi66'
111
update #ChartData 
				set value = isnull((select sum( cast(isnull(kimchi67,0) as numeric(18,2))) from Till_Summary_Detail where Sales_date >= '18/03/2024' AND Sales_date <='24/03/2024'),0)
    
				from #ChartData c where c.Category = 'kimchi67'
111
update #ChartData 
				set value = isnull((select sum( cast(isnull(kimchi66,0) as numeric(18,2))) from Till_Summary_Detail where Sales_date >= '18/03/2024' AND Sales_date <='24/03/2024'),0)
    
				from #ChartData c where c.Category = 'kimchi66'
111
update #ChartData 
				set value = isnull((select sum( cast(isnull(kimchi69,0) as numeric(18,2))) from Till_Summary_Detail where Sales_date >= '18/03/2024' AND Sales_date <='24/03/2024'),0)
    
				from #ChartData c where c.Category = 'kimchi69'
111
update #ChartData 
				set value = isnull((select sum( cast(isnull(Bar_Equipment,0) as numeric(18,2))) from Till_Summary_Detail where Sales_date >= '18/03/2024' AND Sales_date <='24/03/2024'),0)
    
				from #ChartData c where c.Category = 'Bar Equipment'
111
update #ChartData 
				set value = isnull((select sum( cast(isnull(kimchi70,0) as numeric(18,2))) from Till_Summary_Detail where Sales_date >= '18/03/2024' AND Sales_date <='24/03/2024'),0)
    
				from #ChartData c where c.Category = 'kimchi70'
111
update #ChartData 
				set value = isnull((select sum( cast(isnull(kimchi87,0) as numeric(18,2))) from Till_Summary_Detail where Sales_date >= '18/03/2024' AND Sales_date <='24/03/2024'),0)
    
				from #ChartData c where c.Category = 'kimchi87'
111
update #ChartData 
				set value = isnull((select sum( cast(isnull(rrr_rt,0) as numeric(18,2))) from Till_Summary_Detail where Sales_date >= '18/03/2024' AND Sales_date <='24/03/2024'),0)
    
				from #ChartData c where c.Category = 'rrr rt'
111
update #ChartData 
				set value = isnull((select sum( cast(isnull(start1,0) as numeric(18,2))) from Till_Summary_Detail where Sales_date >= '18/03/2024' AND Sales_date <='24/03/2024'),0)
    
				from #ChartData c where c.Category = 'start1'
111
update #ChartData 
				set value = isnull((select sum( cast(isnull(start3,0) as numeric(18,2))) from Till_Summary_Detail where Sales_date >= '18/03/2024' AND Sales_date <='24/03/2024'),0)
    
				from #ChartData c where c.Category = 'start3'
111
update #ChartData 
				set value = isnull((select sum( cast(isnull(kimchi100,0) as numeric(18,2))) from Till_Summary_Detail where Sales_date >= '18/03/2024' AND Sales_date <='24/03/2024'),0)
    
				from #ChartData c where c.Category = 'kimchi100'
111
update #ChartData 
				set value = isnull((select sum( cast(isnull(shushi2,0) as numeric(18,2))) from Till_Summary_Detail where Sales_date >= '18/03/2024' AND Sales_date <='24/03/2024'),0)
    
				from #ChartData c where c.Category = 'shushi2'
111
update #ChartData 
				set value = isnull((select sum( cast(isnull(shushi,0) as numeric(18,2))) from Till_Summary_Detail where Sales_date >= '18/03/2024' AND Sales_date <='24/03/2024'),0)
    
				from #ChartData c where c.Category = 'shushi'
111
update #ChartData 
				set value = isnull((select sum( cast(isnull(rrr_rt2,0) as numeric(18,2))) from Till_Summary_Detail where Sales_date >= '18/03/2024' AND Sales_date <='24/03/2024'),0)
    
				from #ChartData c where c.Category = 'rrr rt2'
111
update #ChartData 
				set value = isnull((select sum( cast(isnull(rrr_rt2,0) as numeric(18,2))) from Till_Summary_Detail where Sales_date >= '18/03/2024' AND Sales_date <='24/03/2024'),0)
    
				from #ChartData c where c.Category = 'rrr rt2'
111
update #ChartData 
				set value = isnull((select sum( cast(isnull(rrr_rt2,0) as numeric(18,2))) from Till_Summary_Detail where Sales_date >= '18/03/2024' AND Sales_date <='24/03/2024'),0)
    
				from #ChartData c where c.Category = 'rrr rt2'
111
update #ChartData 
				set value = isnull((select sum( cast(isnull(rrr_rt28,0) as numeric(18,2))) from Till_Summary_Detail where Sales_date >= '18/03/2024' AND Sales_date <='24/03/2024'),0)
    
				from #ChartData c where c.Category = 'rrr rt28'
111
update #ChartData 
				set value = isnull((select sum( cast(isnull(rrr_rt28,0) as numeric(18,2))) from Till_Summary_Detail where Sales_date >= '18/03/2024' AND Sales_date <='24/03/2024'),0)
    
				from #ChartData c where c.Category = 'rrr rt28'
111
update #ChartData 
				set value = isnull((select sum( cast(isnull(rrr_rtt28,0) as numeric(18,2))) from Till_Summary_Detail where Sales_date >= '18/03/2024' AND Sales_date <='24/03/2024'),0)
    
				from #ChartData c where c.Category = 'rrr rtt28'
111
update #ChartData 
				set value = isnull((select sum( cast(isnull(rrr_rtt28,0) as numeric(18,2))) from Till_Summary_Detail where Sales_date >= '18/03/2024' AND Sales_date <='24/03/2024'),0)
    
				from #ChartData c where c.Category = 'rrr rtt28'
111
update #ChartData 
				set value = isnull((select sum( cast(isnull(rrr_rtt288,0) as numeric(18,2))) from Till_Summary_Detail where Sales_date >= '18/03/2024' AND Sales_date <='24/03/2024'),0)
    
				from #ChartData c where c.Category = 'rrr rtt288'
111
update #ChartData 
				set value = isnull((select sum( cast(isnull(rrr_rtt2808,0) as numeric(18,2))) from Till_Summary_Detail where Sales_date >= '18/03/2024' AND Sales_date <='24/03/2024'),0)
    
				from #ChartData c where c.Category = 'rrr rtt2808'
111
The statement has been terminated.
update #ChartData 
				set value = isnull((select sum( cast(isnull(rrr_rtt2808,0) as numeric(18,2))) from Till_Summary_Detail where Sales_date >= '18/03/2024' AND Sales_date <='24/03/2024'),0)
    
				from #ChartData c where c.Category = 'rrr rtt2808'
111
The statement has been terminated.
update #ChartData 
				set value = isnull((select sum( cast(isnull(rrr_rtt2808,0) as numeric(18,2))) from Till_Summary_Detail where Sales_date >= '18/03/2024' AND Sales_date <='24/03/2024'),0)
    
				from #ChartData c where c.Category = 'rrr rtt2808'
111
The statement has been terminated.
update #ChartData 
				set value = isnull((select sum( cast(isnull(shushi55,0) as numeric(18,2))) from Till_Summary_Detail where Sales_date >= '18/03/2024' AND Sales_date <='24/03/2024'),0)
    
				from #ChartData c where c.Category = 'shushi55'
111
The statement has been terminated.
update #ChartData 
				set value = isnull((select sum( cast(isnull(shushi_57,0) as numeric(18,2))) from Till_Summary_Detail where Sales_date >= '18/03/2024' AND Sales_date <='24/03/2024'),0)
    
				from #ChartData c where c.Category = 'shushi 57'
111
The statement has been terminated.
update #ChartData 
				set value = isnull((select sum( cast(isnull(shushi_58,0) as numeric(18,2))) from Till_Summary_Detail where Sales_date >= '18/03/2024' AND Sales_date <='24/03/2024'),0)
    
				from #ChartData c where c.Category = 'shushi 58'
111
The statement has been terminated.
update #ChartData 
				set value = isnull((select sum( cast(isnull(shushi,0) as numeric(18,2))) from Till_Summary_Detail where Sales_date >= '18/03/2024' AND Sales_date <='24/03/2024'),0)
    
				from #ChartData c where c.Category = 'shushi'
111
update #ChartData 
				set value = isnull((select sum( cast(isnull(Beverage,0) as numeric(18,2))) from Till_Summary_Detail where Sales_date >= '18/03/2024' AND Sales_date <='24/03/2024'),0)
    
				from #ChartData c where c.Category = 'Beverage'
111
update #ChartData 
				set value = isnull((select sum( cast(isnull(Food,0) as numeric(18,2))) from Till_Summary_Detail where Sales_date >= '18/03/2024' AND Sales_date <='24/03/2024'),0)
    
				from #ChartData c where c.Category = 'Food'
111
The statement has been terminated.
update #ChartData 
				set value = isnull((select sum( cast(isnull(kimchi48,0) as numeric(18,2))) from Till_Summary_Detail where Sales_date >= '18/03/2024' AND Sales_date <='24/03/2024'),0)
    
				from #ChartData c where c.Category = 'kimchi48'
111
update #ChartData 
				set value = isnull((select sum( cast(isnull(kimchi49,0) as numeric(18,2))) from Till_Summary_Detail where Sales_date >= '18/03/2024' AND Sales_date <='24/03/2024'),0)
    
				from #ChartData c where c.Category = 'kimchi49'
111
update #ChartData 
				set value = isnull((select sum( cast(isnull(kimchi50,0) as numeric(18,2))) from Till_Summary_Detail where Sales_date >= '18/03/2024' AND Sales_date <='24/03/2024'),0)
    
				from #ChartData c where c.Category = 'kimchi50'
111
update #ChartData 
				set value = isnull((select sum( cast(isnull(kimchi51,0) as numeric(18,2))) from Till_Summary_Detail where Sales_date >= '18/03/2024' AND Sales_date <='24/03/2024'),0)
    
				from #ChartData c where c.Category = 'kimchi51'
111
update #ChartData 
				set value = isnull((select sum( cast(isnull(kimchi52,0) as numeric(18,2))) from Till_Summary_Detail where Sales_date >= '18/03/2024' AND Sales_date <='24/03/2024'),0)
    
				from #ChartData c where c.Category = 'kimchi52'
111
update #ChartData 
				set value = isnull((select sum( cast(isnull(kimchi53,0) as numeric(18,2))) from Till_Summary_Detail where Sales_date >= '18/03/2024' AND Sales_date <='24/03/2024'),0)
    
				from #ChartData c where c.Category = 'kimchi53'
111
update #ChartData 
				set value = isnull((select sum( cast(isnull(kimchi54,0) as numeric(18,2))) from Till_Summary_Detail where Sales_date >= '18/03/2024' AND Sales_date <='24/03/2024'),0)
    
				from #ChartData c where c.Category = 'kimchi54'
111
update #ChartData 
				set value = isnull((select sum( cast(isnull(kimchi55,0) as numeric(18,2))) from Till_Summary_Detail where Sales_date >= '18/03/2024' AND Sales_date <='24/03/2024'),0)
    
				from #ChartData c where c.Category = 'kimchi55'
111
update #ChartData 
				set value = isnull((select sum( cast(isnull(kimchi57,0) as numeric(18,2))) from Till_Summary_Detail where Sales_date >= '18/03/2024' AND Sales_date <='24/03/2024'),0)
    
				from #ChartData c where c.Category = 'kimchi57'
111
update #ChartData 
				set value = isnull((select sum( cast(isnull(kimchi58,0) as numeric(18,2))) from Till_Summary_Detail where Sales_date >= '18/03/2024' AND Sales_date <='24/03/2024'),0)
    
				from #ChartData c where c.Category = 'kimchi58'
111
update #ChartData 
				set value = isnull((select sum( cast(isnull(kimchi59,0) as numeric(18,2))) from Till_Summary_Detail where Sales_date >= '18/03/2024' AND Sales_date <='24/03/2024'),0)
    
				from #ChartData c where c.Category = 'kimchi59'
111
update #ChartData 
				set value = isnull((select sum( cast(isnull(kimchi60,0) as numeric(18,2))) from Till_Summary_Detail where Sales_date >= '18/03/2024' AND Sales_date <='24/03/2024'),0)
    
				from #ChartData c where c.Category = 'kimchi60'
111
update #ChartData 
				set value = isnull((select sum( cast(isnull(kimchi61,0) as numeric(18,2))) from Till_Summary_Detail where Sales_date >= '18/03/2024' AND Sales_date <='24/03/2024'),0)
    
				from #ChartData c where c.Category = 'kimchi61'
111
update #ChartData 
				set value = isnull((select sum( cast(isnull(kimchi62,0) as numeric(18,2))) from Till_Summary_Detail where Sales_date >= '18/03/2024' AND Sales_date <='24/03/2024'),0)
    
				from #ChartData c where c.Category = 'kimchi62'
111
update #ChartData 
				set value = isnull((select sum( cast(isnull(kimchi63,0) as numeric(18,2))) from Till_Summary_Detail where Sales_date >= '18/03/2024' AND Sales_date <='24/03/2024'),0)
    
				from #ChartData c where c.Category = 'kimchi63'
111
update #ChartData 
				set value = isnull((select sum( cast(isnull(kimchi64,0) as numeric(18,2))) from Till_Summary_Detail where Sales_date >= '18/03/2024' AND Sales_date <='24/03/2024'),0)
    
				from #ChartData c where c.Category = 'kimchi64'
111
update #ChartData 
				set value = isnull((select sum( cast(isnull(kimchi65,0) as numeric(18,2))) from Till_Summary_Detail where Sales_date >= '18/03/2024' AND Sales_date <='24/03/2024'),0)
    
				from #ChartData c where c.Category = 'kimchi65'
111
update #ChartData 
				set value = isnull((select sum( cast(isnull(kimchi39,0) as numeric(18,2))) from Till_Summary_Detail where Sales_date >= '18/03/2024' AND Sales_date <='24/03/2024'),0)
    
				from #ChartData c where c.Category = 'kimchi39'
111
update #ChartData 
				set value = isnull((select sum( cast(isnull(kimchi41,0) as numeric(18,2))) from Till_Summary_Detail where Sales_date >= '18/03/2024' AND Sales_date <='24/03/2024'),0)
    
				from #ChartData c where c.Category = 'kimchi41'
111
update #ChartData 
				set value = isnull((select sum( cast(isnull(kimchi43,0) as numeric(18,2))) from Till_Summary_Detail where Sales_date >= '18/03/2024' AND Sales_date <='24/03/2024'),0)
    
				from #ChartData c where c.Category = 'kimchi43'
111
update #ChartData 
				set value = isnull((select sum( cast(isnull(kimchi44,0) as numeric(18,2))) from Till_Summary_Detail where Sales_date >= '18/03/2024' AND Sales_date <='24/03/2024'),0)
    
				from #ChartData c where c.Category = 'kimchi44'
111
update #ChartData 
				set value = isnull((select sum( cast(isnull(kimchi45,0) as numeric(18,2))) from Till_Summary_Detail where Sales_date >= '18/03/2024' AND Sales_date <='24/03/2024'),0)
    
				from #ChartData c where c.Category = 'kimchi45'
111
update #ChartData 
				set value = isnull((select sum( cast(isnull(kimchi46,0) as numeric(18,2))) from Till_Summary_Detail where Sales_date >= '18/03/2024' AND Sales_date <='24/03/2024'),0)
    
				from #ChartData c where c.Category = 'kimchi46'
111
update #ChartData 
				set value = isnull((select sum( cast(isnull(Bar_Equipment,0) as numeric(18,2))) from Till_Summary_Detail where Sales_date >= '18/03/2024' AND Sales_date <='24/03/2024'),0)
    
				from #ChartData c where c.Category = 'Bar Equipment'
111
update #ChartData 
				set value = isnull((select sum( cast(isnull(Bar_Equipment,0) as numeric(18,2))) from Till_Summary_Detail where Sales_date >= '18/03/2024' AND Sales_date <='24/03/2024'),0)
    
				from #ChartData c where c.Category = 'Bar Equipment'
111
update #ChartData 
				set value = isnull((select sum( cast(isnull(Bar_Equipment,0) as numeric(18,2))) from Till_Summary_Detail where Sales_date >= '18/03/2024' AND Sales_date <='24/03/2024'),0)
    
				from #ChartData c where c.Category = 'Bar Equipment'
111
3/19/2024 5:11:09 PM:DBManager:connection_data:Object reference not set to an instance of an object.
3/19/2024 5:11:09 PM:DBManager:connection_data:Object reference not set to an instance of an object.
3/19/2024 5:11:09 PM:DBManager:connection_data:Object reference not set to an instance of an object.
3/19/2024 5:11:09 PM:DBManager:connection_data:Object reference not set to an instance of an object.
3/19/2024 5:11:09 PM:DBManager:connection_data:Object reference not set to an instance of an object.
3/19/2024 5:11:09 PM:DBManager:connection_data:Object reference not set to an instance of an object.
3/19/2024 5:11:09 PM:DBManager:connection_data:Object reference not set to an instance of an object.
3/19/2024 5:11:09 PM:DBManager:connection_data:Object reference not set to an instance of an object.
3/19/2024 5:11:09 PM:DBManager:connection_data:Object reference not set to an instance of an object.
3/19/2024 5:11:09 PM:DBManager:connection_data:Object reference not set to an instance of an object.
3/19/2024 5:11:09 PM:DBManager:connection_data:Object reference not set to an instance of an object.
3/19/2024 5:11:09 PM:DBManager:connection_data:Object reference not set to an instance of an object.
3/19/2024 5:11:09 PM:DBManager:connection_data:Object reference not set to an instance of an object.
3/19/2024 5:11:09 PM:DBManager:connection_data:Object reference not set to an instance of an object.
3/19/2024 5:11:09 PM:DBManager:connection_data:Object reference not set to an instance of an object.
3/19/2024 5:11:09 PM:DBManager:connection_data:Object reference not set to an instance of an object.
3/19/2024 5:11:09 PM:DBManager:connection_data:Object reference not set to an instance of an object.
3/19/2024 5:11:09 PM:DBManager:connection_data:Object reference not set to an instance of an object.
3/19/2024 5:11:09 PM:DBManager:connection_data:Object reference not set to an instance of an object.
3/19/2024 5:11:09 PM:DBManager:connection_data:Object reference not set to an instance of an object.
3/19/2024 5:11:09 PM:DBManager:connection_data:Object reference not set to an instance of an object.
3/19/2024 5:11:09 PM:DBManager:connection_data:Object reference not set to an instance of an object.
3/19/2024 5:11:09 PM:DBManager:connection_data:Object reference not set to an instance of an object.
3/19/2024 5:11:09 PM:DBManager:connection_data:Object reference not set to an instance of an object.
3/19/2024 5:11:09 PM:DBManager:connection_data:Object reference not set to an instance of an object.
3/19/2024 5:11:09 PM:DBManager:connection_data:Object reference not set to an instance of an object.
3/19/2024 5:11:09 PM:DBManager:connection_data:Object reference not set to an instance of an object.
3/19/2024 5:11:09 PM:DBManager:connection_data:Object reference not set to an instance of an object.
3/19/2024 5:11:09 PM:DBManager:connection_data:Object reference not set to an instance of an object.
3/19/2024 5:11:09 PM:DBManager:connection_data:Object reference not set to an instance of an object.
3/19/2024 5:11:09 PM:DBManager:connection_data:Object reference not set to an instance of an object.
3/19/2024 5:11:09 PM:DBManager:connection_data:Object reference not set to an instance of an object.
3/19/2024 5:11:09 PM:DBManager:connection_data:Object reference not set to an instance of an object.
3/19/2024 5:11:09 PM:DBManager:connection_data:Object reference not set to an instance of an object.
3/19/2024 5:11:09 PM:DBManager:connection_data:Object reference not set to an instance of an object.
3/19/2024 5:11:09 PM:DBManager:connection_data:Object reference not set to an instance of an object.
3/19/2024 5:11:09 PM:DBManager:connection_data:Object reference not set to an instance of an object.
3/19/2024 5:11:09 PM:DBManager:connection_data:Object reference not set to an instance of an object.
3/19/2024 5:11:09 PM:DBManager:connection_data:Object reference not set to an instance of an object.
3/19/2024 5:11:09 PM:DBManager:connection_data:Object reference not set to an instance of an object.
3/19/2024 5:11:09 PM:DBManager:connection_data:Object reference not set to an instance of an object.
3/19/2024 5:11:09 PM:DBManager:connection_data:Object reference not set to an instance of an object.
3/19/2024 5:11:09 PM:DBManager:connection_data:Object reference not set to an instance of an object.
3/19/2024 5:11:09 PM:DBManager:connection_data:Object reference not set to an instance of an object.
3/19/2024 5:11:09 PM:DBManager:connection_data:Object reference not set to an instance of an object.
3/19/2024 5:11:09 PM:DBManager:connection_data:Object reference not set to an instance of an object.
3/19/2024 5:11:09 PM:DBManager:connection_data:Object reference not set to an instance of an object.
3/19/2024 5:11:09 PM:DBManager:connection_data:Object reference not set to an instance of an object.
3/19/2024 5:11:09 PM:DBManager:connection_data:Object reference not set to an instance of an object.
3/19/2024 5:11:09 PM:DBManager:connection_data:Object reference not set to an instance of an object.
3/19/2024 5:11:09 PM:DBManager:connection_data:Object reference not set to an instance of an object.
3/19/2024 5:11:09 PM:DBManager:connection_data:Object reference not set to an instance of an object.
3/19/2024 5:11:09 PM:DBManager:connection_data:Object reference not set to an instance of an object.
3/19/2024 5:11:09 PM:DBManager:connection_data:Object reference not set to an instance of an object.
3/19/2024 5:11:09 PM:DBManager:connection_data:Object reference not set to an instance of an object.
3/19/2024 5:11:09 PM:DBManager:connection_data:Object reference not set to an instance of an object.
3/19/2024 5:11:09 PM:DBManager:connection_data:Object reference not set to an instance of an object.
3/19/2024 5:11:09 PM:DBManager:connection_data:Object reference not set to an instance of an object.
3/19/2024 5:11:09 PM:DBManager:connection_data:Object reference not set to an instance of an object.
3/19/2024 5:11:09 PM:DBManager:connection_data:Object reference not set to an instance of an object.
3/19/2024 5:11:09 PM:DBManager:connection_data:Object reference not set to an instance of an object.
3/19/2024 5:11:09 PM:DBManager:connection_data:Object reference not set to an instance of an object.
3/19/2024 5:11:09 PM:DBManager:connection_data:Object reference not set to an instance of an object.
3/19/2024 5:11:09 PM:DBManager:connection_data:Object reference not set to an instance of an object.
3/19/2024 5:11:09 PM:DBManager:connection_data:Object reference not set to an instance of an object.
3/19/2024 5:11:09 PM:DBManager:connection_data:Object reference not set to an instance of an object.
3/19/2024 5:11:09 PM:DBManager:connection_data:Object reference not set to an instance of an object.
3/19/2024 5:11:09 PM:DBManager:connection_data:Object reference not set to an instance of an object.
3/19/2024 5:11:09 PM:DBManager:connection_data:Object reference not set to an instance of an object.
3/19/2024 5:11:09 PM:DBManager:connection_data:Object reference not set to an instance of an object.
3/19/2024 5:11:09 PM:DBManager:connection_data:Object reference not set to an instance of an object.
3/19/2024 5:11:09 PM:DBManager:connection_data:Object reference not set to an instance of an object.
3/19/2024 5:11:09 PM:DBManager:connection_data:Object reference not set to an instance of an object.
3/19/2024 5:11:09 PM:DBManager:connection_data:Object reference not set to an instance of an object.
3/19/2024 5:11:09 PM:DBManager:connection_data:Object reference not set to an instance of an object.
3/19/2024 5:11:09 PM:DBManager:connection_data:Object reference not set to an instance of an object.
3/19/2024 5:11:09 PM:DBManager:connection_data:Object reference not set to an instance of an object.
3/19/2024 5:11:09 PM:Page_Load:BindChartData:Invalid column name 'Bar_Equipment'.
Invalid column name 'Bar_Equipment'.
Invalid column name 'Bar_Equipment'.
Invalid column name 'Bar_Equipment'.
Invalid column name 'Beverage'.
Invalid column name 'kimchi100'.
Invalid column name 'kimchi26'.
Invalid column name 'kimchi27'.
Invalid column name 'kimchi28'.
Invalid column name 'kimchi29'.
Invalid column name 'kimchi30'.
Invalid column name 'kimchi31'.
Invalid column name 'kimchi33'.
Invalid column name 'kimchi34'.
Invalid column name 'kimchi35'.
Invalid column name 'kimchi36'.
Invalid column name 'kimchi37'.
Invalid column name 'kimchi38'.
Invalid column name 'kimchi39'.
Invalid column name 'kimchi40'.
Invalid column name 'kimchi41'.
Invalid column name 'kimchi43'.
Invalid column name 'kimchi44'.
Invalid column name 'kimchi45'.
Invalid column name 'kimchi46'.
Invalid column name 'kimchi48'.
Invalid column name 'kimchi49'.
Invalid column name 'kimchi50'.
Invalid column name 'kimchi51'.
Invalid column name 'kimchi52'.
Invalid column name 'kimchi53'.
Invalid column name 'kimchi54'.
Invalid column name 'kimchi55'.
Invalid column name 'kimchi57'.
Invalid column name 'kimchi58'.
Invalid column name 'kimchi59'.
Invalid column name 'kimchi60'.
Invalid column name 'kimchi61'.
Invalid column name 'kimchi62'.
Invalid column name 'kimchi63'.
Invalid column name 'kimchi64'.
Invalid column name 'kimchi65'.
Invalid column name 'kimchi66'.
Invalid column name 'kimchi66'.
Invalid column name 'kimchi67'.
Invalid column name 'kimchi69'.
Invalid column name 'kimchi70'.
Invalid column name 'kimchi87'.
Invalid column name 'rrr_rt'.
Invalid column name 'rrr_rt2'.
Invalid column name 'rrr_rt2'.
Invalid column name 'rrr_rt2'.
Invalid column name 'rrr_rt28'.
Invalid column name 'rrr_rt28'.
Invalid column name 'rrr_rtt28'.
Invalid column name 'rrr_rtt28'.
Invalid column name 'rrr_rtt288'.
Invalid column name 'shushi'.
Invalid column name 'shushi'.
Invalid column name 'shushi2'.
Invalid column name 'start1'.
Invalid column name 'start3'.
