1/12/2025 8:11:19 PM:DBManager:connection_data:Object reference not set to an instance of an object.
1/12/2025 8:11:19 PM:DBManager:connection_data:Object reference not set to an instance of an object.
1/12/2025 8:11:19 PM:DBManager:connection_data:Object reference not set to an instance of an object.
1/12/2025 8:11:19 PM:DBManager:connection_data:Object reference not set to an instance of an object.
1/12/2025 8:11:19 PM:DBManager:connection_data:Object reference not set to an instance of an object.
1/12/2025 8:11:19 PM:DBManager:connection_data:Object reference not set to an instance of an object.
1/12/2025 8:11:19 PM:DBManager:connection_data:Object reference not set to an instance of an object.
1/12/2025 8:11:19 PM:DBManager:connection_data:Object reference not set to an instance of an object.
1/12/2025 8:11:20 PM:DBManager:connection_data:Object reference not set to an instance of an object.
1/12/2025 8:11:20 PM:DBManager:connection_data:Object reference not set to an instance of an object.
1/12/2025 8:11:20 PM:DBManager:connection_data:Object reference not set to an instance of an object.
1/12/2025 8:11:20 PM:DBManager:connection_data:Object reference not set to an instance of an object.
1/12/2025 8:11:20 PM:DBManager:connection_data:Object reference not set to an instance of an object.
1/12/2025 8:11:20 PM:DBManager:connection_data:Object reference not set to an instance of an object.
1/12/2025 8:11:20 PM:DBManager:connection_data:Object reference not set to an instance of an object.
1/12/2025 8:11:20 PM:DBManager:connection_data:Object reference not set to an instance of an object.
1/12/2025 8:11:20 PM:DBManager:connection_data:Object reference not set to an instance of an object.
1/12/2025 8:11:20 PM:DBManager:connection_data:Object reference not set to an instance of an object.
1/12/2025 8:11:20 PM:DBManager:connection_data:Object reference not set to an instance of an object.
1/12/2025 8:11:21 PM:DBManager:connection_data:Object reference not set to an instance of an object.
1/12/2025 8:11:21 PM:DBManager:connection_data:Object reference not set to an instance of an object.
1/12/2025 8:11:21 PM:DBManager:connection_data:Object reference not set to an instance of an object.
1/12/2025 8:11:21 PM:DBManager:connection_data:Object reference not set to an instance of an object.
1/12/2025 8:11:21 PM:DBManager:connection_data:Object reference not set to an instance of an object.
1/12/2025 8:11:21 PM:DBManager:connection_data:Object reference not set to an instance of an object.
1/12/2025 8:11:21 PM:DBManager:connection_data:Object reference not set to an instance of an object.
1/12/2025 8:11:21 PM:DBManager:connection_data:Object reference not set to an instance of an object.
1/12/2025 8:11:21 PM:DBManager:connection_data:Object reference not set to an instance of an object.
1/12/2025 8:11:21 PM:DBManager:connection_data:Object reference not set to an instance of an object.
1/12/2025 8:11:21 PM:DBManager:connection_data:Object reference not set to an instance of an object.
1/12/2025 8:11:21 PM:DBManager:connection_data:Object reference not set to an instance of an object.
1/12/2025 8:11:21 PM:DBManager:connection_data:Object reference not set to an instance of an object.
1/12/2025 8:11:21 PM:DBManager:connection_data:Object reference not set to an instance of an object.
1/12/2025 8:11:21 PM:DBManager:connection_data:Object reference not set to an instance of an object.
1/12/2025 8:11:21 PM:DBManager:connection_data:Object reference not set to an instance of an object.
1/12/2025 8:11:21 PM:DBManager:connection_data:Object reference not set to an instance of an object.
1/12/2025 8:11:21 PM:DBManager:connection_data:Object reference not set to an instance of an object.
1/12/2025 8:11:21 PM:DBManager:connection_data:Object reference not set to an instance of an object.
1/12/2025 8:11:21 PM:DBManager:connection_data:Object reference not set to an instance of an object.
1/12/2025 8:11:21 PM:DBManager:connection_data:Object reference not set to an instance of an object.
1/12/2025 8:11:21 PM:DBManager:connection_data:Object reference not set to an instance of an object.
1/12/2025 8:11:21 PM:DBManager:connection_data:Object reference not set to an instance of an object.
1/12/2025 8:11:21 PM:DBManager:connection_data:Object reference not set to an instance of an object.
1/12/2025 8:11:21 PM:DBManager:connection_data:Object reference not set to an instance of an object.
1/12/2025 8:11:21 PM:DBManager:connection_data:Object reference not set to an instance of an object.
1/12/2025 8:11:21 PM:DBManager:connection_data:Object reference not set to an instance of an object.
1/12/2025 8:11:21 PM:DBManager:connection_data:Object reference not set to an instance of an object.
1/12/2025 8:11:21 PM:DBManager:connection_data:Object reference not set to an instance of an object.
1/12/2025 8:11:21 PM:DBManager:connection_data:Object reference not set to an instance of an object.
1/12/2025 8:11:21 PM:DBManager:connection_data:Object reference not set to an instance of an object.
1/12/2025 8:11:21 PM:DBManager:connection_data:Object reference not set to an instance of an object.
1/12/2025 8:11:21 PM:DBManager:connection_data:Object reference not set to an instance of an object.
1/12/2025 8:11:21 PM:DBManager:connection_data:Object reference not set to an instance of an object.
1/12/2025 8:11:21 PM:DBManager:connection_data:Object reference not set to an instance of an object.
1/12/2025 8:11:21 PM:DBManager:connection_data:Object reference not set to an instance of an object.
1/12/2025 8:11:21 PM:DBManager:connection_data:Object reference not set to an instance of an object.
1/12/2025 8:11:21 PM:DBManager:connection_data:Object reference not set to an instance of an object.
1/12/2025 8:11:21 PM:DBManager:connection_data:Object reference not set to an instance of an object.
1/12/2025 8:11:21 PM:DBManager:connection_data:Object reference not set to an instance of an object.
1/12/2025 8:11:21 PM:DBManager:connection_data:Object reference not set to an instance of an object.
1/12/2025 8:11:21 PM:DBManager:connection_data:Object reference not set to an instance of an object.
1/12/2025 8:11:21 PM:DBManager:connection_data:Object reference not set to an instance of an object.
1/12/2025 8:11:21 PM:DBManager:connection_data:Object reference not set to an instance of an object.
1/12/2025 8:11:21 PM:DBManager:connection_data:Object reference not set to an instance of an object.
1/12/2025 8:11:21 PM:DBManager:connection_data:Object reference not set to an instance of an object.
1/12/2025 8:11:21 PM:DBManager:connection_data:Object reference not set to an instance of an object.
1/12/2025 8:11:21 PM:DBManager:connection_data:Object reference not set to an instance of an object.
1/12/2025 8:11:21 PM:DBManager:connection_data:Object reference not set to an instance of an object.
1/12/2025 8:11:21 PM:DBManager:connection_data:Object reference not set to an instance of an object.
1/12/2025 8:11:21 PM:DBManager:connection_data:Object reference not set to an instance of an object.
1/12/2025 8:11:21 PM:DBManager:connection_data:Object reference not set to an instance of an object.
1/12/2025 8:11:21 PM:DBManager:connection_data:Object reference not set to an instance of an object.
1/12/2025 8:11:21 PM:DBManager:connection_data:Object reference not set to an instance of an object.
1/12/2025 8:11:21 PM:DBManager:connection_data:Object reference not set to an instance of an object.
1/12/2025 8:11:21 PM:DBManager:connection_data:Object reference not set to an instance of an object.
1/12/2025 8:11:21 PM:DBManager:connection_data:Object reference not set to an instance of an object.
1/12/2025 8:11:21 PM:DBManager:connection_data:Object reference not set to an instance of an object.
1/12/2025 8:11:21 PM:DBManager:connection_data:Object reference not set to an instance of an object.
1/12/2025 8:11:21 PM:DBManager:connection_data:Object reference not set to an instance of an object.
1/12/2025 8:11:21 PM:DBManager:connection_data:Object reference not set to an instance of an object.
1/12/2025 8:11:21 PM:DBManager:connection_data:Object reference not set to an instance of an object.
1/12/2025 8:11:21 PM:DBManager:connection_data:Object reference not set to an instance of an object.
1/12/2025 8:11:21 PM:DBManager:connection_data:Object reference not set to an instance of an object.
1/12/2025 8:11:21 PM:DBManager:connection_data:Object reference not set to an instance of an object.
1/12/2025 8:11:21 PM:DBManager:connection_data:Object reference not set to an instance of an object.
1/12/2025 8:11:21 PM:DBManager:connection_data:Object reference not set to an instance of an object.
12/01/2025 8:11:22 PM:MasterPage:Page_Init:Thread was being aborted.
1/12/2025 8:11:23 PM:DBManager:connection_data:Object reference not set to an instance of an object.
1/12/2025 8:11:23 PM:DBManager:connection_data:Object reference not set to an instance of an object.
1/12/2025 8:11:23 PM:DBManager:connection_data:Object reference not set to an instance of an object.
12/01/2025 8:11:23 PM:SignIn:btnLogIn_Click:test
1/12/2025 8:12:49 PM:DBManager:connection_data:Object reference not set to an instance of an object.
1/12/2025 8:12:49 PM:DBManager:connection_data:Object reference not set to an instance of an object.
1/12/2025 8:12:49 PM:DBManager:connection_data:Object reference not set to an instance of an object.
12/01/2025 8:12:49 PM:SignIn:btnLogIn_Click:test
1/12/2025 8:13:58 PM:DBManager:connection_data:Object reference not set to an instance of an object.
1/12/2025 8:13:58 PM:DBManager:connection_data:Object reference not set to an instance of an object.
1/12/2025 8:13:58 PM:DBManager:connection_data:Object reference not set to an instance of an object.
12/01/2025 8:13:58 PM:SignIn:btnLogIn_Click:test
1/12/2025 8:14:16 PM:DBManager:connection_data:Object reference not set to an instance of an object.
1/12/2025 8:14:16 PM:DBManager:connection_data:Object reference not set to an instance of an object.
1/12/2025 8:14:17 PM:DBManager:connection_data:Object reference not set to an instance of an object.
1/12/2025 8:14:17 PM:DBManager:connection_data:Object reference not set to an instance of an object.
1/12/2025 8:14:17 PM:DBManager:connection_data:Object reference not set to an instance of an object.
1/12/2025 8:14:17 PM:DBManager:connection_data:Object reference not set to an instance of an object.
1/12/2025 8:14:17 PM:DBManager:connection_data:Object reference not set to an instance of an object.
1/12/2025 8:14:17 PM:DBManager:connection_data:Object reference not set to an instance of an object.
1/12/2025 8:14:17 PM:DBManager:connection_data:Object reference not set to an instance of an object.
1/12/2025 8:14:17 PM:DBManager:connection_data:Object reference not set to an instance of an object.
1/12/2025 8:14:17 PM:DBManager:connection_data:Object reference not set to an instance of an object.
1/12/2025 8:14:17 PM:DBManager:connection_data:Object reference not set to an instance of an object.
1/12/2025 8:14:17 PM:DBManager:connection_data:Object reference not set to an instance of an object.
1/12/2025 8:14:17 PM:DBManager:connection_data:Object reference not set to an instance of an object.
1/12/2025 8:14:17 PM:DBManager:connection_data:Object reference not set to an instance of an object.
1/12/2025 8:14:17 PM:DBManager:connection_data:Object reference not set to an instance of an object.
1/12/2025 8:14:17 PM:DBManager:connection_data:Object reference not set to an instance of an object.
1/12/2025 8:14:17 PM:DBManager:connection_data:Object reference not set to an instance of an object.
12/01/2025 8:14:28 PM:SignIn:btnLogIn_Click4:
12/01/2025 8:14:28 PM:SignIn:btnLogIn_Click5:
12/01/2025 8:14:28 PM:SignIn:btnLogIn_Click7:
12/01/2025 8:14:30 PM:SignIn:btnLogIn_Click8:
12/01/2025 8:14:30 PM:SignIn:btnLogIn_Click:test
12/01/2025 8:14:55 PM:SignIn:btnLogIn_Click4:
12/01/2025 8:15:02 PM:SignIn:btnLogIn_Click5:
12/01/2025 8:15:12 PM:SignIn:btnLogIn_Click7:
12/01/2025 8:15:57 PM:SignIn:btnLogIn_Click8:
12/01/2025 8:15:58 PM:SignIn:btnLogIn_Click:test
12/01/2025 8:16:09 PM:SignIn:btnLogIn_Click4:
12/01/2025 8:16:11 PM:SignIn:btnLogIn_Click5:
12/01/2025 8:16:11 PM:SignIn:btnLogIn_Click7:
12/01/2025 8:16:11 PM:SignIn:btnLogIn_Click8:
12/01/2025 8:16:11 PM:SignIn:btnLogIn_Click:test
12/01/2025 8:16:43 PM:SignIn:btnLogIn_Click4:
12/01/2025 8:17:05 PM:SignIn:btnLogIn_Click5:
12/01/2025 8:17:43 PM:SignIn:btnLogIn_Click7:
12/01/2025 8:22:16 PM:SignIn:btnLogIn_Click8:
12/01/2025 8:22:17 PM:SignIn:btnLogIn_Click:test
12/01/2025 8:22:17 PM:SignIn:btnLogIn_Click4:
12/01/2025 8:22:17 PM:SignIn:btnLogIn_Click5:
12/01/2025 8:22:17 PM:SignIn:btnLogIn_Click7:
12/01/2025 8:22:17 PM:SignIn:btnLogIn_Click8:
12/01/2025 8:22:18 PM:SignIn:btnLogIn_Click:test
12/01/2025 8:22:19 PM:SignIn:btnLogIn_Click4:
12/01/2025 8:22:19 PM:SignIn:btnLogIn_Click5:
12/01/2025 8:22:19 PM:SignIn:btnLogIn_Click7:
12/01/2025 8:22:19 PM:SignIn:btnLogIn_Click8:
12/01/2025 8:22:19 PM:SignIn:btnLogIn_Click:test
12/01/2025 8:22:20 PM:SignIn:btnLogIn_Click4:
12/01/2025 8:22:20 PM:SignIn:btnLogIn_Click5:
12/01/2025 8:22:20 PM:SignIn:btnLogIn_Click7:
12/01/2025 8:22:20 PM:SignIn:btnLogIn_Click8:
12/01/2025 8:22:21 PM:SignIn:btnLogIn_Click:test
12/01/2025 8:22:22 PM:SignIn:btnLogIn_Click4:
12/01/2025 8:22:22 PM:SignIn:btnLogIn_Click5:
12/01/2025 8:22:26 PM:SignIn:btnLogIn_Click7:
12/01/2025 8:22:26 PM:SignIn:btnLogIn_Click8:
1/12/2025 8:22:28 PM:DBManager:connection_data:Object reference not set to an instance of an object.
1/12/2025 8:22:28 PM:DBManager:connection_data:Object reference not set to an instance of an object.
1/12/2025 8:22:28 PM:DBManager:connection_data:Object reference not set to an instance of an object.
12/01/2025 8:22:28 PM:SignIn:btnLogIn_Click:test
12/01/2025 8:22:51 PM:SignIn:btnLogIn_Click4:
12/01/2025 8:22:53 PM:SignIn:btnLogIn_Click5:
12/01/2025 8:22:53 PM:SignIn:btnLogIn_Click7:
12/01/2025 8:22:54 PM:SignIn:btnLogIn_Click8:
1/12/2025 8:23:40 PM:DBManager:connection_data:Object reference not set to an instance of an object.
1/12/2025 8:23:40 PM:DBManager:connection_data:Object reference not set to an instance of an object.
1/12/2025 8:23:40 PM:DBManager:connection_data:Object reference not set to an instance of an object.
12/01/2025 8:23:40 PM:SignIn:btnLogIn_Click:test
12/01/2025 8:24:05 PM:SignIn:btnLogIn_Click4:
12/01/2025 8:24:07 PM:SignIn:btnLogIn_Click5:
12/01/2025 8:24:17 PM:SignIn:btnLogIn_Click7:
12/01/2025 8:24:18 PM:SignIn:btnLogIn_Click8:
1/12/2025 8:24:20 PM:DBManager:connection_data:Object reference not set to an instance of an object.
1/12/2025 8:24:20 PM:DBManager:connection_data:Object reference not set to an instance of an object.
1/12/2025 8:24:20 PM:DBManager:connection_data:Object reference not set to an instance of an object.
12/01/2025 8:24:20 PM:SignIn:btnLogIn_Click:test
12/01/2025 8:24:27 PM:SignIn:btnLogIn_Click:Timeout expired.  The timeout period elapsed prior to obtaining a connection from the pool.  This may have occurred because all pooled connections were in use and max pool size was reached.
1/12/2025 8:24:33 PM:DBManager:connection_data:Object reference not set to an instance of an object.
1/12/2025 8:24:33 PM:DBManager:connection_data:Object reference not set to an instance of an object.
1/12/2025 8:24:33 PM:DBManager:connection_data:Object reference not set to an instance of an object.
12/01/2025 8:24:33 PM:SignIn:btnLogIn_Click:test
12/01/2025 8:24:36 PM:SignIn:btnLogIn_Click4:
12/01/2025 8:24:36 PM:SignIn:btnLogIn_Click5:
12/01/2025 8:25:13 PM:SignIn:btnLogIn_Click7:
