12/1/2024 12:19:27 AM:DBManager:connection_data:Object reference not set to an instance of an object.
12/1/2024 12:19:27 AM:DBManager:connection_data:Object reference not set to an instance of an object.
12/1/2024 12:19:27 AM:DBManager:connection_data:Object reference not set to an instance of an object.
12/1/2024 12:19:27 AM:DBManager:connection_data:Object reference not set to an instance of an object.
12/1/2024 12:19:27 AM:DBManager:connection_data:Object reference not set to an instance of an object.
12/1/2024 12:19:27 AM:DBManager:connection_data:Object reference not set to an instance of an object.
12/1/2024 12:19:27 AM:DBManager:connection_data:Object reference not set to an instance of an object.
12/1/2024 12:19:27 AM:DBManager:connection_data:Object reference not set to an instance of an object.
12/1/2024 12:19:27 AM:DBManager:connection_data:Object reference not set to an instance of an object.
12/1/2024 12:19:27 AM:DBManager:connection_data:Object reference not set to an instance of an object.
12/1/2024 12:19:27 AM:DBManager:connection_data:Object reference not set to an instance of an object.
12/1/2024 12:19:27 AM:DBManager:connection_data:Object reference not set to an instance of an object.
12/1/2024 12:19:27 AM:DBManager:connection_data:Object reference not set to an instance of an object.
12/1/2024 12:19:27 AM:DBManager:connection_data:Object reference not set to an instance of an object.
12/1/2024 12:19:27 AM:DBManager:connection_data:Object reference not set to an instance of an object.
12/1/2024 12:19:27 AM:DBManager:connection_data:Object reference not set to an instance of an object.
12/1/2024 12:19:27 AM:DBManager:connection_data:Object reference not set to an instance of an object.
12/1/2024 12:19:27 AM:DBManager:connection_data:Object reference not set to an instance of an object.
12/1/2024 12:19:27 AM:DBManager:connection_data:Object reference not set to an instance of an object.
12/1/2024 12:19:27 AM:DBManager:connection_data:Object reference not set to an instance of an object.
12/1/2024 12:19:27 AM:DBManager:connection_data:Object reference not set to an instance of an object.
12/1/2024 12:19:27 AM:DBManager:connection_data:Object reference not set to an instance of an object.
12/1/2024 12:19:27 AM:DBManager:connection_data:Object reference not set to an instance of an object.
12/1/2024 12:19:27 AM:DBManager:connection_data:Object reference not set to an instance of an object.
12/1/2024 12:19:27 AM:DBManager:connection_data:Object reference not set to an instance of an object.
12/1/2024 12:19:27 AM:DBManager:connection_data:Object reference not set to an instance of an object.
12/1/2024 12:19:27 AM:DBManager:connection_data:Object reference not set to an instance of an object.
12/1/2024 12:19:27 AM:DBManager:connection_data:Object reference not set to an instance of an object.
12/1/2024 12:19:27 AM:DBManager:connection_data:Object reference not set to an instance of an object.
12/1/2024 12:19:27 AM:DBManager:connection_data:Object reference not set to an instance of an object.
12/1/2024 12:19:27 AM:DBManager:connection_data:Object reference not set to an instance of an object.
12/1/2024 12:19:27 AM:DBManager:connection_data:Object reference not set to an instance of an object.
12/1/2024 12:19:27 AM:DBManager:connection_data:Object reference not set to an instance of an object.
12/1/2024 12:19:27 AM:DBManager:connection_data:Object reference not set to an instance of an object.
12/1/2024 12:19:27 AM:DBManager:connection_data:Object reference not set to an instance of an object.
12/1/2024 12:19:27 AM:DBManager:connection_data:Object reference not set to an instance of an object.
12/1/2024 12:19:27 AM:DBManager:connection_data:Object reference not set to an instance of an object.
12/1/2024 12:19:27 AM:DBManager:connection_data:Object reference not set to an instance of an object.
12/1/2024 12:19:27 AM:DBManager:connection_data:Object reference not set to an instance of an object.
12/1/2024 12:19:27 AM:DBManager:connection_data:Object reference not set to an instance of an object.
12/1/2024 12:19:27 AM:DBManager:connection_data:Object reference not set to an instance of an object.
12/1/2024 12:19:27 AM:DBManager:connection_data:Object reference not set to an instance of an object.
12/1/2024 12:19:27 AM:DBManager:connection_data:Object reference not set to an instance of an object.
12/1/2024 12:19:27 AM:DBManager:connection_data:Object reference not set to an instance of an object.
12/1/2024 12:19:27 AM:DBManager:connection_data:Object reference not set to an instance of an object.
12/1/2024 12:19:27 AM:DBManager:connection_data:Object reference not set to an instance of an object.
12/1/2024 12:19:27 AM:DBManager:connection_data:Object reference not set to an instance of an object.
12/1/2024 12:19:27 AM:DBManager:connection_data:Object reference not set to an instance of an object.
12/1/2024 12:19:27 AM:DBManager:connection_data:Object reference not set to an instance of an object.
12/1/2024 12:19:27 AM:DBManager:connection_data:Object reference not set to an instance of an object.
12/1/2024 12:19:27 AM:DBManager:connection_data:Object reference not set to an instance of an object.
12/1/2024 12:19:27 AM:DBManager:connection_data:Object reference not set to an instance of an object.
12/1/2024 12:19:27 AM:DBManager:connection_data:Object reference not set to an instance of an object.
12/1/2024 12:19:27 AM:DBManager:connection_data:Object reference not set to an instance of an object.
12/1/2024 12:19:27 AM:DBManager:connection_data:Object reference not set to an instance of an object.
12/1/2024 12:19:27 AM:DBManager:connection_data:Object reference not set to an instance of an object.
12/1/2024 12:19:27 AM:DBManager:connection_data:Object reference not set to an instance of an object.
12/1/2024 12:19:27 AM:DBManager:connection_data:Object reference not set to an instance of an object.
12/1/2024 12:19:27 AM:DBManager:connection_data:Object reference not set to an instance of an object.
12/1/2024 12:19:27 AM:DBManager:connection_data:Object reference not set to an instance of an object.
12/1/2024 12:19:27 AM:DBManager:connection_data:Object reference not set to an instance of an object.
12/1/2024 12:19:27 AM:DBManager:connection_data:Object reference not set to an instance of an object.
12/1/2024 12:19:27 AM:DBManager:connection_data:Object reference not set to an instance of an object.
12/1/2024 12:19:27 AM:DBManager:connection_data:Object reference not set to an instance of an object.
12/1/2024 12:19:27 AM:DBManager:connection_data:Object reference not set to an instance of an object.
12/1/2024 12:19:27 AM:DBManager:connection_data:Object reference not set to an instance of an object.
12/1/2024 12:19:27 AM:DBManager:connection_data:Object reference not set to an instance of an object.
12/1/2024 12:19:27 AM:DBManager:connection_data:Object reference not set to an instance of an object.
12/1/2024 12:19:27 AM:DBManager:connection_data:Object reference not set to an instance of an object.
12/1/2024 12:19:27 AM:DBManager:connection_data:Object reference not set to an instance of an object.
12/1/2024 12:19:27 AM:DBManager:connection_data:Object reference not set to an instance of an object.
12/1/2024 12:19:27 AM:DBManager:connection_data:Object reference not set to an instance of an object.
12/1/2024 12:19:27 AM:DBManager:connection_data:Object reference not set to an instance of an object.
12/1/2024 12:19:27 AM:DBManager:connection_data:Object reference not set to an instance of an object.
12/1/2024 12:19:27 AM:DBManager:connection_data:Object reference not set to an instance of an object.
12/1/2024 12:19:27 AM:DBManager:connection_data:Object reference not set to an instance of an object.
12/1/2024 12:19:27 AM:DBManager:connection_data:Object reference not set to an instance of an object.
12/1/2024 12:19:27 AM:DBManager:connection_data:Object reference not set to an instance of an object.
12/1/2024 12:19:27 AM:DBManager:connection_data:Object reference not set to an instance of an object.
12/1/2024 12:19:27 AM:DBManager:connection_data:Object reference not set to an instance of an object.
01/12/2024 12:19:27 AM:MasterPage:Page_Init:Thread was being aborted.
12/1/2024 12:19:27 AM:DBManager:connection_data:Object reference not set to an instance of an object.
12/1/2024 12:19:27 AM:DBManager:connection_data:Object reference not set to an instance of an object.
12/1/2024 12:19:27 AM:DBManager:connection_data:Object reference not set to an instance of an object.
01/12/2024 12:19:27 AM:SignIn:btnLogIn_Click:test
12/1/2024 12:19:31 AM:DBManager:connection_data:Object reference not set to an instance of an object.
12/1/2024 12:19:31 AM:DBManager:connection_data:Object reference not set to an instance of an object.
12/1/2024 12:19:31 AM:DBManager:connection_data:Object reference not set to an instance of an object.
01/12/2024 12:19:31 AM:SignIn:btnLogIn_Click:test
01/12/2024 12:19:31 AM:SignIn:btnLogIn_Click4:
01/12/2024 12:19:31 AM:SignIn:btnLogIn_Click5:
01/12/2024 12:19:31 AM:SignIn:btnLogIn_Click7:
12/1/2024 12:19:34 AM:DBManager:connection_data:Object reference not set to an instance of an object.
12/1/2024 12:19:34 AM:DBManager:connection_data:Object reference not set to an instance of an object.
12/1/2024 12:19:34 AM:DBManager:connection_data:Object reference not set to an instance of an object.
12/1/2024 12:19:34 AM:DBManager:connection_data:Object reference not set to an instance of an object.
12/1/2024 12:19:34 AM:DBManager:connection_data:Object reference not set to an instance of an object.
12/1/2024 12:19:34 AM:DBManager:connection_data:Object reference not set to an instance of an object.
12/1/2024 12:19:34 AM:DBManager:connection_data:Object reference not set to an instance of an object.
12/1/2024 12:19:34 AM:DBManager:connection_data:Object reference not set to an instance of an object.
12/1/2024 12:19:34 AM:DBManager:connection_data:Object reference not set to an instance of an object.
12/1/2024 12:19:35 AM:DBManager:connection_data:Object reference not set to an instance of an object.
12/1/2024 12:19:35 AM:DBManager:connection_data:Object reference not set to an instance of an object.
12/1/2024 12:19:35 AM:DBManager:connection_data:Object reference not set to an instance of an object.
12/1/2024 12:19:35 AM:DBManager:connection_data:Object reference not set to an instance of an object.
12/1/2024 12:19:35 AM:DBManager:connection_data:Object reference not set to an instance of an object.
12/1/2024 12:19:35 AM:DBManager:connection_data:Object reference not set to an instance of an object.
12/1/2024 12:19:35 AM:DBManager:connection_data:Object reference not set to an instance of an object.
12/1/2024 12:19:35 AM:DBManager:connection_data:Object reference not set to an instance of an object.
12/1/2024 12:19:35 AM:DBManager:connection_data:Object reference not set to an instance of an object.
01/12/2024 12:19:43 AM:SignIn:btnLogIn_Click:Cannot open database "POS_MSITest3_30112024232242" requested by the login. The login failed.
Login failed for user 'sa'.
01/12/2024 12:19:43 AM:SignIn:btnLogIn_Click:test
01/12/2024 12:19:43 AM:SignIn:btnLogIn_Click4:
01/12/2024 12:19:43 AM:SignIn:btnLogIn_Click5:
01/12/2024 12:19:43 AM:SignIn:btnLogIn_Click7:
01/12/2024 12:19:43 AM:SignIn:btnLogIn_Click:Cannot open database "POS_MSITest3_30112024232242" requested by the login. The login failed.
Login failed for user 'sa'.
01/12/2024 12:19:43 AM:SignIn:btnLogIn_Click:test
01/12/2024 12:19:43 AM:SignIn:btnLogIn_Click4:
01/12/2024 12:19:43 AM:SignIn:btnLogIn_Click5:
01/12/2024 12:19:43 AM:SignIn:btnLogIn_Click7:
01/12/2024 12:19:43 AM:SignIn:btnLogIn_Click:Cannot open database "POS_MSITest3_30112024232242" requested by the login. The login failed.
Login failed for user 'sa'.
01/12/2024 12:19:43 AM:SignIn:btnLogIn_Click:test
01/12/2024 12:19:43 AM:SignIn:btnLogIn_Click4:
01/12/2024 12:19:43 AM:SignIn:btnLogIn_Click5:
01/12/2024 12:19:43 AM:SignIn:btnLogIn_Click7:
01/12/2024 12:19:44 AM:SignIn:btnLogIn_Click:Cannot open database "POS_MSITest3_30112024232242" requested by the login. The login failed.
Login failed for user 'sa'.
01/12/2024 12:19:44 AM:SignIn:btnLogIn_Click:test
01/12/2024 12:19:44 AM:SignIn:btnLogIn_Click4:
01/12/2024 12:19:44 AM:SignIn:btnLogIn_Click5:
01/12/2024 12:19:44 AM:SignIn:btnLogIn_Click7:
01/12/2024 12:19:44 AM:SignIn:btnLogIn_Click:Cannot open database "POS_MSITest3_30112024232242" requested by the login. The login failed.
Login failed for user 'sa'.
01/12/2024 12:19:44 AM:SignIn:btnLogIn_Click:test
01/12/2024 12:19:44 AM:SignIn:btnLogIn_Click4:
01/12/2024 12:19:44 AM:SignIn:btnLogIn_Click5:
01/12/2024 12:19:44 AM:SignIn:btnLogIn_Click7:
01/12/2024 12:19:44 AM:SignIn:btnLogIn_Click:Cannot open database "POS_MSITest3_30112024232242" requested by the login. The login failed.
Login failed for user 'sa'.
01/12/2024 12:19:45 AM:SignIn:btnLogIn_Click:test
01/12/2024 12:19:45 AM:SignIn:btnLogIn_Click4:
01/12/2024 12:19:45 AM:SignIn:btnLogIn_Click5:
01/12/2024 12:19:45 AM:SignIn:btnLogIn_Click7:
01/12/2024 12:19:45 AM:SignIn:btnLogIn_Click:Cannot open database "POS_MSITest3_30112024232242" requested by the login. The login failed.
Login failed for user 'sa'.
