12/9/2024 12:17:55 PM:DBManager:connection_data:Object reference not set to an instance of an object.
12/9/2024 12:17:55 PM:DBManager:connection_data:Object reference not set to an instance of an object.
12/9/2024 12:17:56 PM:DBManager:connection_data:Object reference not set to an instance of an object.
12/9/2024 12:17:56 PM:DBManager:connection_data:Object reference not set to an instance of an object.
12/9/2024 12:17:56 PM:DBManager:connection_data:Object reference not set to an instance of an object.
12/9/2024 12:17:56 PM:DBManager:connection_data:Object reference not set to an instance of an object.
12/9/2024 12:17:57 PM:DBManager:connection_data:Object reference not set to an instance of an object.
12/9/2024 12:18:37 PM:DBManager:connection_data:Object reference not set to an instance of an object.
12/9/2024 12:18:37 PM:DBManager:connection_data:Object reference not set to an instance of an object.
12/9/2024 12:18:37 PM:DBManager:connection_data:Object reference not set to an instance of an object.
12/9/2024 12:18:38 PM:DBManager:connection_data:Object reference not set to an instance of an object.
12/9/2024 12:18:38 PM:DBManager:connection_data:Object reference not set to an instance of an object.
12/9/2024 12:18:38 PM:DBManager:connection_data:Object reference not set to an instance of an object.
12/9/2024 12:18:38 PM:DBManager:connection_data:Object reference not set to an instance of an object.
12/9/2024 12:18:39 PM:DBManager:connection_data:Object reference not set to an instance of an object.
12/9/2024 12:18:39 PM:DBManager:connection_data:Object reference not set to an instance of an object.
12/9/2024 12:18:39 PM:DBManager:connection_data:Object reference not set to an instance of an object.
12/9/2024 12:18:39 PM:DBManager:connection_data:Object reference not set to an instance of an object.
12/9/2024 12:18:40 PM:DBManager:connection_data:Object reference not set to an instance of an object.
12/9/2024 12:18:40 PM:DBManager:connection_data:Object reference not set to an instance of an object.
12/9/2024 12:18:41 PM:DBManager:connection_data:Object reference not set to an instance of an object.
12/9/2024 12:18:41 PM:DBManager:connection_data:Object reference not set to an instance of an object.
12/9/2024 12:18:41 PM:DBManager:connection_data:Object reference not set to an instance of an object.
12/9/2024 12:18:41 PM:DBManager:connection_data:Object reference not set to an instance of an object.
12/9/2024 12:18:41 PM:DBManager:connection_data:Object reference not set to an instance of an object.
12/9/2024 12:18:42 PM:DBManager:connection_data:Object reference not set to an instance of an object.
12/9/2024 12:18:42 PM:DBManager:connection_data:Object reference not set to an instance of an object.
12/9/2024 12:18:42 PM:DBManager:connection_data:Object reference not set to an instance of an object.
12/9/2024 12:18:42 PM:DBManager:connection_data:Object reference not set to an instance of an object.
12/9/2024 12:18:43 PM:DBManager:connection_data:Object reference not set to an instance of an object.
12/9/2024 12:18:43 PM:DBManager:connection_data:Object reference not set to an instance of an object.
12/9/2024 12:18:43 PM:DBManager:connection_data:Object reference not set to an instance of an object.
12/9/2024 12:18:43 PM:DBManager:connection_data:Object reference not set to an instance of an object.
12/9/2024 12:18:43 PM:DBManager:connection_data:Object reference not set to an instance of an object.
12/9/2024 12:18:44 PM:DBManager:connection_data:Object reference not set to an instance of an object.
12/9/2024 12:18:44 PM:DBManager:connection_data:Object reference not set to an instance of an object.
12/9/2024 12:18:44 PM:DBManager:connection_data:Object reference not set to an instance of an object.
12/9/2024 12:18:44 PM:DBManager:connection_data:Object reference not set to an instance of an object.
12/9/2024 12:18:45 PM:DBManager:connection_data:Object reference not set to an instance of an object.
12/9/2024 12:18:45 PM:DBManager:connection_data:Object reference not set to an instance of an object.
12/9/2024 12:18:46 PM:DBManager:connection_data:Object reference not set to an instance of an object.
12/9/2024 12:18:47 PM:DBManager:connection_data:Object reference not set to an instance of an object.
12/9/2024 12:18:47 PM:DBManager:connection_data:Object reference not set to an instance of an object.
12/9/2024 12:18:47 PM:DBManager:connection_data:Object reference not set to an instance of an object.
12/9/2024 12:18:53 PM:DBManager:connection_data:Object reference not set to an instance of an object.
12/9/2024 12:18:54 PM:DBManager:connection_data:Object reference not set to an instance of an object.
12/9/2024 12:18:54 PM:DBManager:connection_data:Object reference not set to an instance of an object.
12/9/2024 12:18:54 PM:DBManager:connection_data:Object reference not set to an instance of an object.
12/9/2024 12:18:54 PM:DBManager:connection_data:Object reference not set to an instance of an object.
12/9/2024 12:18:55 PM:DBManager:connection_data:Object reference not set to an instance of an object.
12/9/2024 12:18:55 PM:DBManager:connection_data:Object reference not set to an instance of an object.
12/9/2024 12:18:55 PM:DBManager:connection_data:Object reference not set to an instance of an object.
12/9/2024 12:18:55 PM:DBManager:connection_data:Object reference not set to an instance of an object.
12/9/2024 12:18:55 PM:DBManager:connection_data:Object reference not set to an instance of an object.
12/9/2024 12:18:55 PM:DBManager:connection_data:Object reference not set to an instance of an object.
12/9/2024 12:18:56 PM:DBManager:connection_data:Object reference not set to an instance of an object.
12/9/2024 12:18:56 PM:DBManager:connection_data:Object reference not set to an instance of an object.
12/9/2024 12:18:56 PM:DBManager:connection_data:Object reference not set to an instance of an object.
12/9/2024 12:18:56 PM:DBManager:connection_data:Object reference not set to an instance of an object.
12/9/2024 12:18:57 PM:DBManager:connection_data:Object reference not set to an instance of an object.
12/9/2024 12:18:57 PM:DBManager:connection_data:Object reference not set to an instance of an object.
12/9/2024 12:18:57 PM:DBManager:connection_data:Object reference not set to an instance of an object.
12/9/2024 12:18:57 PM:DBManager:connection_data:Object reference not set to an instance of an object.
12/9/2024 12:18:57 PM:DBManager:connection_data:Object reference not set to an instance of an object.
12/9/2024 12:18:58 PM:DBManager:connection_data:Object reference not set to an instance of an object.
12/9/2024 12:18:58 PM:DBManager:connection_data:Object reference not set to an instance of an object.
12/9/2024 12:18:58 PM:DBManager:connection_data:Object reference not set to an instance of an object.
12/9/2024 12:19:44 PM:DBManager:connection_data:Object reference not set to an instance of an object.
12/9/2024 12:19:44 PM:DBManager:connection_data:Object reference not set to an instance of an object.
12/9/2024 12:19:45 PM:DBManager:connection_data:Object reference not set to an instance of an object.
12/9/2024 12:19:45 PM:DBManager:connection_data:Object reference not set to an instance of an object.
12/9/2024 12:19:45 PM:DBManager:connection_data:Object reference not set to an instance of an object.
12/9/2024 12:19:45 PM:DBManager:connection_data:Object reference not set to an instance of an object.
12/9/2024 12:19:46 PM:DBManager:connection_data:Object reference not set to an instance of an object.
12/9/2024 12:19:46 PM:DBManager:connection_data:Object reference not set to an instance of an object.
12/9/2024 12:19:46 PM:DBManager:connection_data:Object reference not set to an instance of an object.
12/9/2024 12:19:46 PM:DBManager:connection_data:Object reference not set to an instance of an object.
12/9/2024 12:19:46 PM:DBManager:connection_data:Object reference not set to an instance of an object.
12/9/2024 12:19:47 PM:DBManager:connection_data:Object reference not set to an instance of an object.
12/9/2024 12:19:47 PM:DBManager:connection_data:Object reference not set to an instance of an object.
12/9/2024 12:19:47 PM:DBManager:connection_data:Object reference not set to an instance of an object.
12/9/2024 12:19:54 PM:DBManager:connection_data:Object reference not set to an instance of an object.
12/9/2024 12:19:55 PM:DBManager:connection_data:Object reference not set to an instance of an object.
09/12/2024 12:19:55 PM:MasterPage:Page_Init:Thread was being aborted.
12/9/2024 12:25:31 PM:DBManager:connection_data:Object reference not set to an instance of an object.
12/9/2024 12:25:31 PM:DBManager:connection_data:Object reference not set to an instance of an object.
12/9/2024 12:25:32 PM:DBManager:connection_data:Object reference not set to an instance of an object.
09/12/2024 12:25:32 PM:SignIn:btnLogIn_Click:test
12/9/2024 12:27:28 PM:DBManager:connection_data:Object reference not set to an instance of an object.
12/9/2024 12:27:29 PM:DBManager:connection_data:Object reference not set to an instance of an object.
12/9/2024 12:27:29 PM:DBManager:connection_data:Object reference not set to an instance of an object.
09/12/2024 12:27:29 PM:SignIn:btnLogIn_Click:test
12/9/2024 12:29:33 PM:DBManager:connection_data:Object reference not set to an instance of an object.
12/9/2024 12:29:34 PM:DBManager:connection_data:Object reference not set to an instance of an object.
12/9/2024 12:29:34 PM:DBManager:connection_data:Object reference not set to an instance of an object.
09/12/2024 12:29:34 PM:SignIn:btnLogIn_Click:test
09/12/2024 12:29:37 PM:SignIn:btnLogIn_Click4:
09/12/2024 12:29:37 PM:SignIn:btnLogIn_Click5:
12/9/2024 12:31:08 PM:DBManager:connection_data:Object reference not set to an instance of an object.
12/9/2024 12:31:15 PM:DBManager:connection_data:Object reference not set to an instance of an object.
12/9/2024 12:31:15 PM:DBManager:connection_data:Object reference not set to an instance of an object.
12/9/2024 12:31:15 PM:DBManager:connection_data:Object reference not set to an instance of an object.
12/9/2024 12:31:16 PM:DBManager:connection_data:Object reference not set to an instance of an object.
12/9/2024 12:31:16 PM:DBManager:connection_data:Object reference not set to an instance of an object.
12/9/2024 12:31:16 PM:DBManager:connection_data:Object reference not set to an instance of an object.
12/9/2024 12:31:17 PM:DBManager:connection_data:Object reference not set to an instance of an object.
12/9/2024 12:31:17 PM:DBManager:connection_data:Object reference not set to an instance of an object.
12/9/2024 12:31:17 PM:DBManager:connection_data:Object reference not set to an instance of an object.
12/9/2024 12:31:17 PM:DBManager:connection_data:Object reference not set to an instance of an object.
12/9/2024 12:31:17 PM:DBManager:connection_data:Object reference not set to an instance of an object.
12/9/2024 12:31:18 PM:DBManager:connection_data:Object reference not set to an instance of an object.
12/9/2024 12:31:18 PM:DBManager:connection_data:Object reference not set to an instance of an object.
12/9/2024 12:31:18 PM:DBManager:connection_data:Object reference not set to an instance of an object.
09/12/2024 12:31:18 PM:SignIn:btnLogIn_Click:test
12/9/2024 12:31:18 PM:DBManager:connection_data:Object reference not set to an instance of an object.
12/9/2024 12:31:18 PM:DBManager:connection_data:Object reference not set to an instance of an object.
12/9/2024 12:31:18 PM:DBManager:connection_data:Object reference not set to an instance of an object.
12/9/2024 12:31:19 PM:DBManager:connection_data:Object reference not set to an instance of an object.
09/12/2024 12:31:20 PM:SignIn:btnLogIn_Click4:
09/12/2024 12:31:20 PM:SignIn:btnLogIn_Click5:
09/12/2024 12:31:20 PM:SignIn:btnLogIn_Click:test
09/12/2024 12:32:07 PM:SignIn:btnLogIn_Click4:
09/12/2024 12:32:07 PM:SignIn:btnLogIn_Click5:
09/12/2024 12:32:08 PM:SignIn:btnLogIn_Click:test
09/12/2024 12:32:10 PM:SignIn:btnLogIn_Click4:
09/12/2024 12:32:10 PM:SignIn:btnLogIn_Click5:
09/12/2024 12:32:10 PM:SignIn:btnLogIn_Click:test
09/12/2024 12:32:27 PM:SignIn:btnLogIn_Click4:
09/12/2024 12:32:27 PM:SignIn:btnLogIn_Click5:
09/12/2024 12:32:28 PM:SignIn:btnLogIn_Click:test
09/12/2024 12:32:50 PM:SignIn:btnLogIn_Click4:
09/12/2024 12:32:50 PM:SignIn:btnLogIn_Click5:
09/12/2024 12:32:50 PM:SignIn:btnLogIn_Click:test
09/12/2024 12:33:14 PM:SignIn:btnLogIn_Click:Connection Timeout Expired.  The timeout period elapsed while attempting to consume the pre-login handshake acknowledgement.  This could be because the pre-login handshake failed or the server was unable to respond back in time.  The duration spent while attempting to connect to this server was - [Pre-Login] initialization=23892; handshake=24047; 
09/12/2024 12:33:15 PM:SignIn:btnLogIn_Click:test
09/12/2024 12:33:15 PM:SignIn:btnLogIn_Click:Connection Timeout Expired.  The timeout period elapsed while attempting to consume the pre-login handshake acknowledgement.  This could be because the pre-login handshake failed or the server was unable to respond back in time.  The duration spent while attempting to connect to this server was - [Pre-Login] initialization=23892; handshake=24047; 
09/12/2024 12:33:15 PM:SignIn:btnLogIn_Click:test
09/12/2024 12:33:15 PM:SignIn:btnLogIn_Click:Connection Timeout Expired.  The timeout period elapsed while attempting to consume the pre-login handshake acknowledgement.  This could be because the pre-login handshake failed or the server was unable to respond back in time.  The duration spent while attempting to connect to this server was - [Pre-Login] initialization=23892; handshake=24047; 
09/12/2024 12:33:16 PM:SignIn:btnLogIn_Click:test
09/12/2024 12:33:17 PM:SignIn:btnLogIn_Click:Connection Timeout Expired.  The timeout period elapsed while attempting to consume the pre-login handshake acknowledgement.  This could be because the pre-login handshake failed or the server was unable to respond back in time.  The duration spent while attempting to connect to this server was - [Pre-Login] initialization=23892; handshake=24047; 
12/9/2024 12:33:33 PM:DBManager:connection_data:Object reference not set to an instance of an object.
12/9/2024 12:33:34 PM:DBManager:connection_data:Object reference not set to an instance of an object.
12/9/2024 12:33:34 PM:DBManager:connection_data:Object reference not set to an instance of an object.
09/12/2024 12:33:34 PM:SignIn:btnLogIn_Click:test
09/12/2024 12:33:36 PM:SignIn:btnLogIn_Click4:
09/12/2024 12:33:36 PM:SignIn:btnLogIn_Click5:
12/9/2024 12:33:56 PM:DBManager:connection_data:Object reference not set to an instance of an object.
12/9/2024 12:33:56 PM:DBManager:connection_data:Object reference not set to an instance of an object.
12/9/2024 12:33:56 PM:DBManager:connection_data:Object reference not set to an instance of an object.
09/12/2024 12:33:56 PM:SignIn:btnLogIn_Click:test
09/12/2024 12:33:59 PM:SignIn:btnLogIn_Click4:
09/12/2024 12:33:59 PM:SignIn:btnLogIn_Click5:
12/9/2024 12:34:12 PM:DBManager:connection_data:Object reference not set to an instance of an object.
12/9/2024 12:34:12 PM:DBManager:connection_data:Object reference not set to an instance of an object.
12/9/2024 12:34:13 PM:DBManager:connection_data:Object reference not set to an instance of an object.
09/12/2024 12:34:13 PM:SignIn:btnLogIn_Click:test
09/12/2024 12:34:14 PM:SignIn:btnLogIn_Click4:
09/12/2024 12:34:15 PM:SignIn:btnLogIn_Click5:
12/9/2024 12:34:38 PM:DBManager:connection_data:Object reference not set to an instance of an object.
12/9/2024 12:34:38 PM:DBManager:connection_data:Object reference not set to an instance of an object.
12/9/2024 12:34:39 PM:DBManager:connection_data:Object reference not set to an instance of an object.
09/12/2024 12:34:39 PM:SignIn:btnLogIn_Click:test
09/12/2024 12:34:40 PM:SignIn:btnLogIn_Click4:
09/12/2024 12:34:41 PM:SignIn:btnLogIn_Click5:
12/9/2024 12:35:04 PM:DBManager:connection_data:Object reference not set to an instance of an object.
12/9/2024 12:35:04 PM:DBManager:connection_data:Object reference not set to an instance of an object.
12/9/2024 12:35:04 PM:DBManager:connection_data:Object reference not set to an instance of an object.
09/12/2024 12:35:04 PM:SignIn:btnLogIn_Click:test
09/12/2024 12:35:06 PM:SignIn:btnLogIn_Click4:
09/12/2024 12:35:06 PM:SignIn:btnLogIn_Click5:
09/12/2024 12:35:06 PM:SignIn:btnLogIn_Click7:
09/12/2024 12:35:07 PM:SignIn:btnLogIn_Click8:
09/12/2024 12:35:08 PM:ClsDataccess:Getdatatable:The ConnectionString property has not been initialized.
12/9/2024 12:35:25 PM:DBManager:connection_data:Object reference not set to an instance of an object.
12/9/2024 12:35:26 PM:DBManager:connection_data:Object reference not set to an instance of an object.
12/9/2024 12:35:26 PM:DBManager:connection_data:Object reference not set to an instance of an object.
12/9/2024 12:35:26 PM:DBManager:connection_data:Object reference not set to an instance of an object.
12/9/2024 12:35:26 PM:DBManager:connection_data:Object reference not set to an instance of an object.
12/9/2024 12:35:26 PM:DBManager:connection_data:Object reference not set to an instance of an object.
12/9/2024 12:35:27 PM:DBManager:connection_data:Object reference not set to an instance of an object.
12/9/2024 12:35:28 PM:DBManager:connection_data:Object reference not set to an instance of an object.
12/9/2024 12:35:28 PM:DBManager:connection_data:Object reference not set to an instance of an object.
12/9/2024 12:35:28 PM:DBManager:connection_data:Object reference not set to an instance of an object.
12/9/2024 12:35:29 PM:DBManager:connection_data:Object reference not set to an instance of an object.
12/9/2024 12:35:29 PM:DBManager:connection_data:Object reference not set to an instance of an object.
12/9/2024 12:35:29 PM:DBManager:connection_data:Object reference not set to an instance of an object.
12/9/2024 12:35:30 PM:DBManager:connection_data:Object reference not set to an instance of an object.
12/9/2024 12:35:30 PM:DBManager:connection_data:Object reference not set to an instance of an object.
12/9/2024 12:35:30 PM:DBManager:connection_data:Object reference not set to an instance of an object.
12/9/2024 12:35:31 PM:DBManager:connection_data:Object reference not set to an instance of an object.
12/9/2024 12:35:31 PM:DBManager:connection_data:Object reference not set to an instance of an object.
12/9/2024 12:35:32 PM:DBManager:connection_data:Object reference not set to an instance of an object.
12/9/2024 12:35:32 PM:DBManager:connection_data:Object reference not set to an instance of an object.
12/9/2024 12:35:33 PM:DBManager:connection_data:Object reference not set to an instance of an object.
12/9/2024 12:35:33 PM:DBManager:connection_data:Object reference not set to an instance of an object.
12/9/2024 12:35:33 PM:DBManager:connection_data:Object reference not set to an instance of an object.
12/9/2024 12:35:34 PM:DBManager:connection_data:Object reference not set to an instance of an object.
12/9/2024 12:35:34 PM:DBManager:connection_data:Object reference not set to an instance of an object.
12/9/2024 12:35:46 PM:DBManager:connection_data:Object reference not set to an instance of an object.
12/9/2024 12:35:47 PM:DBManager:connection_data:Object reference not set to an instance of an object.
12/9/2024 12:35:47 PM:DBManager:connection_data:Object reference not set to an instance of an object.
12/9/2024 12:35:47 PM:DBManager:connection_data:Object reference not set to an instance of an object.
12/9/2024 12:35:47 PM:DBManager:connection_data:Object reference not set to an instance of an object.
12/9/2024 12:35:47 PM:DBManager:connection_data:Object reference not set to an instance of an object.
12/9/2024 12:35:48 PM:DBManager:connection_data:Object reference not set to an instance of an object.
12/9/2024 12:35:48 PM:DBManager:connection_data:Object reference not set to an instance of an object.
12/9/2024 12:35:48 PM:DBManager:connection_data:Object reference not set to an instance of an object.
12/9/2024 12:35:48 PM:DBManager:connection_data:Object reference not set to an instance of an object.
12/9/2024 12:35:48 PM:DBManager:connection_data:Object reference not set to an instance of an object.
12/9/2024 12:35:48 PM:DBManager:connection_data:Object reference not set to an instance of an object.
12/9/2024 12:35:49 PM:DBManager:connection_data:Object reference not set to an instance of an object.
12/9/2024 12:35:49 PM:DBManager:connection_data:Object reference not set to an instance of an object.
12/9/2024 12:35:49 PM:DBManager:connection_data:Object reference not set to an instance of an object.
12/9/2024 12:35:49 PM:DBManager:connection_data:Object reference not set to an instance of an object.
12/9/2024 12:35:50 PM:DBManager:connection_data:Object reference not set to an instance of an object.
12/9/2024 12:35:51 PM:DBManager:connection_data:Object reference not set to an instance of an object.
12/9/2024 12:35:51 PM:DBManager:connection_data:Object reference not set to an instance of an object.
12/9/2024 12:35:51 PM:DBManager:connection_data:Object reference not set to an instance of an object.
12/9/2024 12:35:51 PM:DBManager:connection_data:Object reference not set to an instance of an object.
12/9/2024 12:35:51 PM:DBManager:connection_data:Object reference not set to an instance of an object.
12/9/2024 12:35:52 PM:DBManager:connection_data:Object reference not set to an instance of an object.
12/9/2024 12:35:52 PM:DBManager:connection_data:Object reference not set to an instance of an object.
12/9/2024 12:35:52 PM:DBManager:connection_data:Object reference not set to an instance of an object.
12/9/2024 12:35:52 PM:DBManager:connection_data:Object reference not set to an instance of an object.
12/9/2024 12:35:53 PM:DBManager:connection_data:Object reference not set to an instance of an object.
12/9/2024 12:35:53 PM:DBManager:connection_data:Object reference not set to an instance of an object.
12/9/2024 12:35:53 PM:DBManager:connection_data:Object reference not set to an instance of an object.
12/9/2024 12:35:53 PM:DBManager:connection_data:Object reference not set to an instance of an object.
12/9/2024 12:35:54 PM:DBManager:connection_data:Object reference not set to an instance of an object.
12/9/2024 12:35:54 PM:DBManager:connection_data:Object reference not set to an instance of an object.
12/9/2024 12:35:54 PM:DBManager:connection_data:Object reference not set to an instance of an object.
12/9/2024 12:35:54 PM:DBManager:connection_data:Object reference not set to an instance of an object.
12/9/2024 12:35:55 PM:DBManager:connection_data:Object reference not set to an instance of an object.
12/9/2024 12:35:55 PM:DBManager:connection_data:Object reference not set to an instance of an object.
12/9/2024 12:35:55 PM:DBManager:connection_data:Object reference not set to an instance of an object.
12/9/2024 12:35:55 PM:DBManager:connection_data:Object reference not set to an instance of an object.
12/9/2024 12:35:56 PM:DBManager:connection_data:Object reference not set to an instance of an object.
12/9/2024 12:35:56 PM:DBManager:connection_data:Object reference not set to an instance of an object.
12/9/2024 12:35:56 PM:DBManager:connection_data:Object reference not set to an instance of an object.
12/9/2024 12:35:56 PM:DBManager:connection_data:Object reference not set to an instance of an object.
12/9/2024 12:35:57 PM:DBManager:connection_data:Object reference not set to an instance of an object.
12/9/2024 12:35:57 PM:DBManager:connection_data:Object reference not set to an instance of an object.
12/9/2024 12:35:57 PM:DBManager:connection_data:Object reference not set to an instance of an object.
12/9/2024 12:36:01 PM:DBManager:connection_data:Object reference not set to an instance of an object.
12/9/2024 12:36:01 PM:DBManager:connection_data:Object reference not set to an instance of an object.
12/9/2024 12:36:02 PM:DBManager:connection_data:Object reference not set to an instance of an object.
12/9/2024 12:36:02 PM:DBManager:connection_data:Object reference not set to an instance of an object.
12/9/2024 12:36:02 PM:DBManager:connection_data:Object reference not set to an instance of an object.
12/9/2024 12:36:02 PM:DBManager:connection_data:Object reference not set to an instance of an object.
12/9/2024 12:36:02 PM:DBManager:connection_data:Object reference not set to an instance of an object.
12/9/2024 12:36:37 PM:DBManager:connection_data:Object reference not set to an instance of an object.
12/9/2024 12:36:37 PM:DBManager:connection_data:Object reference not set to an instance of an object.
12/9/2024 12:36:37 PM:DBManager:connection_data:Object reference not set to an instance of an object.
12/9/2024 12:36:37 PM:DBManager:connection_data:Object reference not set to an instance of an object.
12/9/2024 12:36:38 PM:DBManager:connection_data:Object reference not set to an instance of an object.
12/9/2024 12:36:38 PM:DBManager:connection_data:Object reference not set to an instance of an object.
12/9/2024 12:36:38 PM:DBManager:connection_data:Object reference not set to an instance of an object.
12/9/2024 12:36:39 PM:DBManager:connection_data:Object reference not set to an instance of an object.
12/9/2024 12:36:39 PM:DBManager:connection_data:Object reference not set to an instance of an object.
12/9/2024 12:36:39 PM:DBManager:connection_data:Object reference not set to an instance of an object.
12/9/2024 12:36:39 PM:DBManager:connection_data:Object reference not set to an instance of an object.
12/9/2024 12:36:39 PM:DBManager:connection_data:Object reference not set to an instance of an object.
12/9/2024 12:36:40 PM:DBManager:connection_data:Object reference not set to an instance of an object.
12/9/2024 12:36:40 PM:DBManager:connection_data:Object reference not set to an instance of an object.
12/9/2024 12:36:41 PM:DBManager:connection_data:Object reference not set to an instance of an object.
12/9/2024 12:36:41 PM:DBManager:connection_data:Object reference not set to an instance of an object.
12/9/2024 12:36:41 PM:DBManager:connection_data:Object reference not set to an instance of an object.
12/9/2024 12:36:41 PM:DBManager:connection_data:Object reference not set to an instance of an object.
12/9/2024 12:36:41 PM:DBManager:connection_data:Object reference not set to an instance of an object.
12/9/2024 12:36:42 PM:DBManager:connection_data:Object reference not set to an instance of an object.
12/9/2024 12:36:42 PM:DBManager:connection_data:Object reference not set to an instance of an object.
12/9/2024 12:36:42 PM:DBManager:connection_data:Object reference not set to an instance of an object.
12/9/2024 12:36:56 PM:DBManager:connection_data:Object reference not set to an instance of an object.
12/9/2024 12:36:56 PM:DBManager:connection_data:Object reference not set to an instance of an object.
12/9/2024 12:36:57 PM:DBManager:connection_data:Object reference not set to an instance of an object.
12/9/2024 12:36:57 PM:DBManager:connection_data:Object reference not set to an instance of an object.
12/9/2024 12:36:57 PM:DBManager:connection_data:Object reference not set to an instance of an object.
12/9/2024 12:36:57 PM:DBManager:connection_data:Object reference not set to an instance of an object.
12/9/2024 12:36:58 PM:DBManager:connection_data:Object reference not set to an instance of an object.
12/9/2024 12:36:58 PM:DBManager:connection_data:Object reference not set to an instance of an object.
12/9/2024 12:36:58 PM:DBManager:connection_data:Object reference not set to an instance of an object.
12/9/2024 12:36:59 PM:DBManager:connection_data:Object reference not set to an instance of an object.
12/9/2024 12:36:59 PM:DBManager:connection_data:Object reference not set to an instance of an object.
12/9/2024 12:36:59 PM:DBManager:connection_data:Object reference not set to an instance of an object.
12/9/2024 12:36:59 PM:DBManager:connection_data:Object reference not set to an instance of an object.
09/12/2024 12:37:00 PM:Location_List:rdLocaton_ItemDataBoundObject reference not set to an instance of an object.
12/9/2024 12:37:00 PM:DBManager:connection_data:Object reference not set to an instance of an object.
12/9/2024 12:37:00 PM:DBManager:connection_data:Object reference not set to an instance of an object.
12/9/2024 12:37:12 PM:DBManager:connection_data:Object reference not set to an instance of an object.
09/12/2024 12:37:12 PM:Location_List:rdLocaton_ItemDataBoundObject reference not set to an instance of an object.
12/9/2024 12:37:14 PM:DBManager:connection_data:Object reference not set to an instance of an object.
12/9/2024 12:37:20 PM:DBManager:connection_data:Object reference not set to an instance of an object.
12/9/2024 12:37:58 PM:DBManager:connection_data:Object reference not set to an instance of an object.
12/9/2024 12:37:59 PM:DBManager:connection_data:Object reference not set to an instance of an object.
12/9/2024 12:37:59 PM:DBManager:connection_data:Object reference not set to an instance of an object.
12/9/2024 12:38:00 PM:DBManager:connection_data:Object reference not set to an instance of an object.
12/9/2024 12:38:30 PM:DBManager:connection_data:Object reference not set to an instance of an object.
12/9/2024 12:38:30 PM:DBManager:connection_data:Object reference not set to an instance of an object.
12/9/2024 12:38:31 PM:DBManager:connection_data:Object reference not set to an instance of an object.
12/9/2024 12:38:31 PM:DBManager:connection_data:Object reference not set to an instance of an object.
12/9/2024 12:38:31 PM:DBManager:connection_data:Object reference not set to an instance of an object.
12/9/2024 12:38:51 PM:DBManager:connection_data:Object reference not set to an instance of an object.
12/9/2024 12:38:52 PM:DBManager:connection_data:Object reference not set to an instance of an object.
12/9/2024 12:38:53 PM:DBManager:connection_data:Object reference not set to an instance of an object.
12/9/2024 12:38:53 PM:DBManager:connection_data:Object reference not set to an instance of an object.
12/9/2024 12:38:54 PM:DBManager:connection_data:Object reference not set to an instance of an object.
12/9/2024 12:38:54 PM:DBManager:connection_data:Object reference not set to an instance of an object.
12/9/2024 12:38:55 PM:DBManager:connection_data:Object reference not set to an instance of an object.
12/9/2024 12:40:00 PM:DBManager:connection_data:Object reference not set to an instance of an object.
12/9/2024 12:40:04 PM:DBManager:connection_data:Object reference not set to an instance of an object.
12/9/2024 12:40:12 PM:DBManager:connection_data:Object reference not set to an instance of an object.
12/9/2024 12:40:12 PM:DBManager:connection_data:Object reference not set to an instance of an object.
12/9/2024 12:40:13 PM:DBManager:connection_data:Object reference not set to an instance of an object.
12/9/2024 12:40:13 PM:DBManager:connection_data:Object reference not set to an instance of an object.
12/9/2024 12:40:14 PM:DBManager:connection_data:Object reference not set to an instance of an object.
12/9/2024 12:40:15 PM:DBManager:connection_data:Object reference not set to an instance of an object.
12/9/2024 12:40:16 PM:DBManager:connection_data:Object reference not set to an instance of an object.
12/9/2024 12:40:16 PM:DBManager:connection_data:Object reference not set to an instance of an object.
12/9/2024 12:40:17 PM:DBManager:connection_data:Object reference not set to an instance of an object.
12/9/2024 12:40:18 PM:DBManager:connection_data:Object reference not set to an instance of an object.
12/9/2024 12:40:18 PM:DBManager:connection_data:Object reference not set to an instance of an object.
12/9/2024 12:40:24 PM:DBManager:connection_data:Object reference not set to an instance of an object.
12/9/2024 12:40:24 PM:DBManager:connection_data:Object reference not set to an instance of an object.
12/9/2024 12:40:25 PM:DBManager:connection_data:Object reference not set to an instance of an object.
12/9/2024 12:40:31 PM:DBManager:connection_data:Object reference not set to an instance of an object.
12/9/2024 12:40:32 PM:DBManager:connection_data:Object reference not set to an instance of an object.
12/9/2024 12:40:33 PM:DBManager:connection_data:Object reference not set to an instance of an object.
12/9/2024 12:40:33 PM:DBManager:connection_data:Object reference not set to an instance of an object.
12/9/2024 12:41:21 PM:DBManager:connection_data:Object reference not set to an instance of an object.
12/9/2024 12:41:24 PM:DBManager:connection_data:Object reference not set to an instance of an object.
12/9/2024 12:41:24 PM:DBManager:connection_data:Object reference not set to an instance of an object.
12/9/2024 12:41:24 PM:DBManager:connection_data:Object reference not set to an instance of an object.
12/9/2024 12:41:24 PM:DBManager:connection_data:Object reference not set to an instance of an object.
12/9/2024 12:41:24 PM:DBManager:connection_data:Object reference not set to an instance of an object.
12/9/2024 12:41:24 PM:DBManager:connection_data:Object reference not set to an instance of an object.
12/9/2024 12:41:25 PM:DBManager:connection_data:Object reference not set to an instance of an object.
12/9/2024 12:41:25 PM:DBManager:connection_data:Object reference not set to an instance of an object.
12/9/2024 12:41:25 PM:DBManager:connection_data:Object reference not set to an instance of an object.
12/9/2024 12:41:25 PM:DBManager:connection_data:Object reference not set to an instance of an object.
12/9/2024 12:41:25 PM:DBManager:connection_data:Object reference not set to an instance of an object.
09/12/2024 12:41:29 PM:Location_List:rdLocaton_ItemDataBoundObject reference not set to an instance of an object.
09/12/2024 12:41:29 PM:Location_List:rdLocaton_ItemDataBoundObject reference not set to an instance of an object.
12/9/2024 12:52:41 PM:DBManager:connection_data:Object reference not set to an instance of an object.
12/9/2024 12:52:44 PM:DBManager:connection_data:Object reference not set to an instance of an object.
12/9/2024 12:52:48 PM:DBManager:connection_data:Object reference not set to an instance of an object.
12/9/2024 12:52:50 PM:DBManager:connection_data:Object reference not set to an instance of an object.
12/9/2024 12:52:56 PM:DBManager:connection_data:Object reference not set to an instance of an object.
12/9/2024 12:52:56 PM:DBManager:connection_data:Object reference not set to an instance of an object.
12/9/2024 12:52:56 PM:DBManager:connection_data:Object reference not set to an instance of an object.
12/9/2024 12:52:56 PM:DBManager:connection_data:Object reference not set to an instance of an object.
12/9/2024 12:52:57 PM:DBManager:connection_data:Object reference not set to an instance of an object.
12/9/2024 12:52:57 PM:DBManager:connection_data:Object reference not set to an instance of an object.
12/9/2024 12:52:57 PM:DBManager:connection_data:Object reference not set to an instance of an object.
12/9/2024 12:52:57 PM:DBManager:connection_data:Object reference not set to an instance of an object.
09/12/2024 12:52:58 PM:Location_List:rdLocaton_ItemDataBoundObject reference not set to an instance of an object.
09/12/2024 12:52:58 PM:Location_List:rdLocaton_ItemDataBoundObject reference not set to an instance of an object.
12/9/2024 12:55:38 PM:DBManager:connection_data:Object reference not set to an instance of an object.
12/9/2024 12:55:39 PM:DBManager:connection_data:Object reference not set to an instance of an object.
12/9/2024 12:55:39 PM:DBManager:connection_data:Object reference not set to an instance of an object.
12/9/2024 12:55:40 PM:DBManager:connection_data:Object reference not set to an instance of an object.
12/9/2024 12:55:41 PM:DBManager:connection_data:Object reference not set to an instance of an object.
12/9/2024 12:55:41 PM:DBManager:connection_data:Object reference not set to an instance of an object.
12/9/2024 12:55:41 PM:DBManager:connection_data:Object reference not set to an instance of an object.
12/9/2024 12:55:42 PM:DBManager:connection_data:Object reference not set to an instance of an object.
12/9/2024 12:55:42 PM:DBManager:connection_data:Object reference not set to an instance of an object.
12/9/2024 12:55:43 PM:DBManager:connection_data:Object reference not set to an instance of an object.
12/9/2024 12:58:01 PM:DBManager:connection_data:Object reference not set to an instance of an object.
12/9/2024 12:58:22 PM:DBManager:connection_data:Object reference not set to an instance of an object.
12/9/2024 12:58:22 PM:DBManager:connection_data:Object reference not set to an instance of an object.
12/9/2024 12:58:24 PM:DBManager:connection_data:Object reference not set to an instance of an object.
09/12/2024 12:58:26 PM:SignIn:btnLogIn_Click:test
09/12/2024 12:58:26 PM:MasterPage:Page_Init:Thread was being aborted.
09/12/2024 12:58:27 PM:MasterPage:Page_Init:Thread was being aborted.
09/12/2024 12:58:27 PM:MasterPage:Page_Init:Thread was being aborted.
12/9/2024 2:50:43 PM:DBManager:connection_data:Object reference not set to an instance of an object.
12/9/2024 2:50:43 PM:DBManager:connection_data:Object reference not set to an instance of an object.
12/9/2024 2:50:43 PM:DBManager:connection_data:Object reference not set to an instance of an object.
09/12/2024 2:50:43 PM:SignIn:btnLogIn_Click:test
09/12/2024 2:50:44 PM:SignIn:btnLogIn_Click4:
09/12/2024 2:50:45 PM:SignIn:btnLogIn_Click5:
09/12/2024 2:50:45 PM:SignIn:btnLogIn_Click7:
09/12/2024 2:50:46 PM:SignIn:btnLogIn_Click8:
09/12/2024 2:50:47 PM:ClsDataccess:Getdatatable:The ConnectionString property has not been initialized.
12/9/2024 2:50:49 PM:DBManager:connection_data:Object reference not set to an instance of an object.
12/9/2024 2:50:50 PM:DBManager:connection_data:Object reference not set to an instance of an object.
12/9/2024 2:50:50 PM:DBManager:connection_data:Object reference not set to an instance of an object.
12/9/2024 2:50:50 PM:DBManager:connection_data:Object reference not set to an instance of an object.
12/9/2024 2:50:50 PM:DBManager:connection_data:Object reference not set to an instance of an object.
12/9/2024 2:50:50 PM:DBManager:connection_data:Object reference not set to an instance of an object.
12/9/2024 2:50:51 PM:DBManager:connection_data:Object reference not set to an instance of an object.
12/9/2024 2:50:51 PM:DBManager:connection_data:Object reference not set to an instance of an object.
12/9/2024 2:50:51 PM:DBManager:connection_data:Object reference not set to an instance of an object.
12/9/2024 2:50:51 PM:DBManager:connection_data:Object reference not set to an instance of an object.
12/9/2024 2:50:51 PM:DBManager:connection_data:Object reference not set to an instance of an object.
12/9/2024 2:50:52 PM:DBManager:connection_data:Object reference not set to an instance of an object.
12/9/2024 2:50:52 PM:DBManager:connection_data:Object reference not set to an instance of an object.
12/9/2024 2:50:52 PM:DBManager:connection_data:Object reference not set to an instance of an object.
12/9/2024 2:50:52 PM:DBManager:connection_data:Object reference not set to an instance of an object.
12/9/2024 2:50:52 PM:DBManager:connection_data:Object reference not set to an instance of an object.
12/9/2024 2:50:52 PM:DBManager:connection_data:Object reference not set to an instance of an object.
12/9/2024 2:50:53 PM:DBManager:connection_data:Object reference not set to an instance of an object.
12/9/2024 2:50:53 PM:DBManager:connection_data:Object reference not set to an instance of an object.
12/9/2024 2:50:53 PM:DBManager:connection_data:Object reference not set to an instance of an object.
12/9/2024 2:50:53 PM:DBManager:connection_data:Object reference not set to an instance of an object.
12/9/2024 2:50:53 PM:DBManager:connection_data:Object reference not set to an instance of an object.
12/9/2024 2:50:53 PM:DBManager:connection_data:Object reference not set to an instance of an object.
12/9/2024 2:50:54 PM:DBManager:connection_data:Object reference not set to an instance of an object.
12/9/2024 2:50:54 PM:DBManager:connection_data:Object reference not set to an instance of an object.
12/9/2024 2:50:54 PM:DBManager:connection_data:Object reference not set to an instance of an object.
12/9/2024 2:50:54 PM:DBManager:connection_data:Object reference not set to an instance of an object.
12/9/2024 2:50:54 PM:DBManager:connection_data:Object reference not set to an instance of an object.
12/9/2024 2:50:54 PM:DBManager:connection_data:Object reference not set to an instance of an object.
12/9/2024 2:50:55 PM:DBManager:connection_data:Object reference not set to an instance of an object.
12/9/2024 2:50:55 PM:DBManager:connection_data:Object reference not set to an instance of an object.
12/9/2024 2:50:55 PM:DBManager:connection_data:Object reference not set to an instance of an object.
12/9/2024 2:50:55 PM:DBManager:connection_data:Object reference not set to an instance of an object.
12/9/2024 2:50:55 PM:DBManager:connection_data:Object reference not set to an instance of an object.
12/9/2024 2:50:55 PM:DBManager:connection_data:Object reference not set to an instance of an object.
12/9/2024 2:50:58 PM:DBManager:connection_data:Object reference not set to an instance of an object.
12/9/2024 2:50:58 PM:DBManager:connection_data:Object reference not set to an instance of an object.
12/9/2024 2:50:58 PM:DBManager:connection_data:Object reference not set to an instance of an object.
12/9/2024 2:50:58 PM:DBManager:connection_data:Object reference not set to an instance of an object.
12/9/2024 2:50:58 PM:DBManager:connection_data:Object reference not set to an instance of an object.
12/9/2024 2:50:58 PM:DBManager:connection_data:Object reference not set to an instance of an object.
12/9/2024 2:50:58 PM:DBManager:connection_data:Object reference not set to an instance of an object.
12/9/2024 2:50:58 PM:DBManager:connection_data:Object reference not set to an instance of an object.
12/9/2024 2:50:58 PM:DBManager:connection_data:Object reference not set to an instance of an object.
12/9/2024 2:50:58 PM:DBManager:connection_data:Object reference not set to an instance of an object.
12/9/2024 2:50:58 PM:DBManager:connection_data:Object reference not set to an instance of an object.
12/9/2024 2:50:58 PM:DBManager:connection_data:Object reference not set to an instance of an object.
12/9/2024 2:50:58 PM:DBManager:connection_data:Object reference not set to an instance of an object.
12/9/2024 2:50:58 PM:DBManager:connection_data:Object reference not set to an instance of an object.
12/9/2024 2:50:58 PM:DBManager:connection_data:Object reference not set to an instance of an object.
12/9/2024 2:50:58 PM:DBManager:connection_data:Object reference not set to an instance of an object.
12/9/2024 2:50:58 PM:DBManager:connection_data:Object reference not set to an instance of an object.
12/9/2024 2:50:58 PM:DBManager:connection_data:Object reference not set to an instance of an object.
12/9/2024 2:50:58 PM:DBManager:connection_data:Object reference not set to an instance of an object.
12/9/2024 2:50:58 PM:DBManager:connection_data:Object reference not set to an instance of an object.
12/9/2024 2:50:58 PM:DBManager:connection_data:Object reference not set to an instance of an object.
12/9/2024 2:50:58 PM:DBManager:connection_data:Object reference not set to an instance of an object.
12/9/2024 2:50:58 PM:DBManager:connection_data:Object reference not set to an instance of an object.
12/9/2024 2:50:58 PM:DBManager:connection_data:Object reference not set to an instance of an object.
12/9/2024 2:50:58 PM:DBManager:connection_data:Object reference not set to an instance of an object.
12/9/2024 2:50:58 PM:DBManager:connection_data:Object reference not set to an instance of an object.
12/9/2024 2:50:58 PM:DBManager:connection_data:Object reference not set to an instance of an object.
12/9/2024 2:50:58 PM:DBManager:connection_data:Object reference not set to an instance of an object.
12/9/2024 2:50:58 PM:DBManager:connection_data:Object reference not set to an instance of an object.
12/9/2024 2:50:58 PM:DBManager:connection_data:Object reference not set to an instance of an object.
12/9/2024 2:50:58 PM:DBManager:connection_data:Object reference not set to an instance of an object.
12/9/2024 2:50:58 PM:DBManager:connection_data:Object reference not set to an instance of an object.
12/9/2024 2:50:58 PM:DBManager:connection_data:Object reference not set to an instance of an object.
12/9/2024 2:50:58 PM:DBManager:connection_data:Object reference not set to an instance of an object.
12/9/2024 2:50:58 PM:DBManager:connection_data:Object reference not set to an instance of an object.
12/9/2024 2:50:58 PM:DBManager:connection_data:Object reference not set to an instance of an object.
12/9/2024 2:50:58 PM:DBManager:connection_data:Object reference not set to an instance of an object.
12/9/2024 2:50:58 PM:DBManager:connection_data:Object reference not set to an instance of an object.
12/9/2024 2:50:58 PM:DBManager:connection_data:Object reference not set to an instance of an object.
12/9/2024 2:50:58 PM:DBManager:connection_data:Object reference not set to an instance of an object.
12/9/2024 2:50:58 PM:DBManager:connection_data:Object reference not set to an instance of an object.
12/9/2024 2:50:58 PM:DBManager:connection_data:Object reference not set to an instance of an object.
12/9/2024 2:51:04 PM:DBManager:connection_data:Object reference not set to an instance of an object.
12/9/2024 2:51:04 PM:DBManager:connection_data:Object reference not set to an instance of an object.
12/9/2024 2:51:04 PM:DBManager:connection_data:Object reference not set to an instance of an object.
12/9/2024 2:51:04 PM:DBManager:connection_data:Object reference not set to an instance of an object.
12/9/2024 2:51:04 PM:DBManager:connection_data:Object reference not set to an instance of an object.
12/9/2024 2:51:04 PM:DBManager:connection_data:Object reference not set to an instance of an object.
12/9/2024 2:51:04 PM:DBManager:connection_data:Object reference not set to an instance of an object.
12/9/2024 2:51:04 PM:DBManager:connection_data:Object reference not set to an instance of an object.
12/9/2024 2:51:04 PM:DBManager:connection_data:Object reference not set to an instance of an object.
12/9/2024 2:51:04 PM:DBManager:connection_data:Object reference not set to an instance of an object.
12/9/2024 2:51:04 PM:DBManager:connection_data:Object reference not set to an instance of an object.
12/9/2024 2:51:04 PM:DBManager:connection_data:Object reference not set to an instance of an object.
12/9/2024 2:51:04 PM:DBManager:connection_data:Object reference not set to an instance of an object.
12/9/2024 2:51:04 PM:DBManager:connection_data:Object reference not set to an instance of an object.
12/9/2024 2:51:04 PM:DBManager:connection_data:Object reference not set to an instance of an object.
12/9/2024 2:51:04 PM:DBManager:connection_data:Object reference not set to an instance of an object.
12/9/2024 2:51:04 PM:DBManager:connection_data:Object reference not set to an instance of an object.
12/9/2024 2:51:04 PM:DBManager:connection_data:Object reference not set to an instance of an object.
12/9/2024 2:51:04 PM:DBManager:connection_data:Object reference not set to an instance of an object.
12/9/2024 2:51:04 PM:DBManager:connection_data:Object reference not set to an instance of an object.
12/9/2024 2:51:04 PM:DBManager:connection_data:Object reference not set to an instance of an object.
12/9/2024 2:51:04 PM:DBManager:connection_data:Object reference not set to an instance of an object.
12/9/2024 2:51:04 PM:DBManager:connection_data:Object reference not set to an instance of an object.
12/9/2024 2:51:04 PM:DBManager:connection_data:Object reference not set to an instance of an object.
12/9/2024 2:51:04 PM:DBManager:connection_data:Object reference not set to an instance of an object.
12/9/2024 2:51:04 PM:DBManager:connection_data:Object reference not set to an instance of an object.
12/9/2024 2:51:04 PM:DBManager:connection_data:Object reference not set to an instance of an object.
12/9/2024 2:51:04 PM:DBManager:connection_data:Object reference not set to an instance of an object.
12/9/2024 2:51:04 PM:DBManager:connection_data:Object reference not set to an instance of an object.
12/9/2024 2:51:04 PM:DBManager:connection_data:Object reference not set to an instance of an object.
12/9/2024 2:51:04 PM:DBManager:connection_data:Object reference not set to an instance of an object.
12/9/2024 2:51:04 PM:DBManager:connection_data:Object reference not set to an instance of an object.
12/9/2024 2:51:04 PM:DBManager:connection_data:Object reference not set to an instance of an object.
12/9/2024 2:51:04 PM:DBManager:connection_data:Object reference not set to an instance of an object.
12/9/2024 2:51:04 PM:DBManager:connection_data:Object reference not set to an instance of an object.
12/9/2024 2:51:04 PM:DBManager:connection_data:Object reference not set to an instance of an object.
12/9/2024 2:51:04 PM:DBManager:connection_data:Object reference not set to an instance of an object.
12/9/2024 2:51:04 PM:DBManager:connection_data:Object reference not set to an instance of an object.
12/9/2024 2:51:04 PM:DBManager:connection_data:Object reference not set to an instance of an object.
12/9/2024 2:51:04 PM:DBManager:connection_data:Object reference not set to an instance of an object.
12/9/2024 2:51:04 PM:DBManager:connection_data:Object reference not set to an instance of an object.
12/9/2024 2:51:04 PM:DBManager:connection_data:Object reference not set to an instance of an object.
12/9/2024 2:51:04 PM:DBManager:connection_data:Object reference not set to an instance of an object.
12/9/2024 2:51:04 PM:DBManager:connection_data:Object reference not set to an instance of an object.
12/9/2024 2:51:04 PM:DBManager:connection_data:Object reference not set to an instance of an object.
12/9/2024 2:51:04 PM:DBManager:connection_data:Object reference not set to an instance of an object.
12/9/2024 2:51:04 PM:DBManager:connection_data:Object reference not set to an instance of an object.
12/9/2024 2:51:04 PM:DBManager:connection_data:Object reference not set to an instance of an object.
12/9/2024 2:51:04 PM:DBManager:connection_data:Object reference not set to an instance of an object.
12/9/2024 2:51:04 PM:DBManager:connection_data:Object reference not set to an instance of an object.
12/9/2024 2:51:04 PM:DBManager:connection_data:Object reference not set to an instance of an object.
12/9/2024 2:51:04 PM:DBManager:connection_data:Object reference not set to an instance of an object.
12/9/2024 2:51:04 PM:DBManager:connection_data:Object reference not set to an instance of an object.
12/9/2024 2:51:04 PM:DBManager:connection_data:Object reference not set to an instance of an object.
12/9/2024 2:51:04 PM:DBManager:connection_data:Object reference not set to an instance of an object.
12/9/2024 2:51:04 PM:DBManager:connection_data:Object reference not set to an instance of an object.
12/9/2024 2:51:04 PM:DBManager:connection_data:Object reference not set to an instance of an object.
12/9/2024 2:51:04 PM:DBManager:connection_data:Object reference not set to an instance of an object.
12/9/2024 2:51:04 PM:DBManager:connection_data:Object reference not set to an instance of an object.
12/9/2024 2:51:04 PM:DBManager:connection_data:Object reference not set to an instance of an object.
12/9/2024 2:51:04 PM:DBManager:connection_data:Object reference not set to an instance of an object.
12/9/2024 2:51:04 PM:DBManager:connection_data:Object reference not set to an instance of an object.
12/9/2024 2:51:04 PM:DBManager:connection_data:Object reference not set to an instance of an object.
12/9/2024 2:51:04 PM:DBManager:connection_data:Object reference not set to an instance of an object.
12/9/2024 2:51:04 PM:DBManager:connection_data:Object reference not set to an instance of an object.
12/9/2024 2:51:04 PM:DBManager:connection_data:Object reference not set to an instance of an object.
12/9/2024 2:51:04 PM:DBManager:connection_data:Object reference not set to an instance of an object.
12/9/2024 2:51:04 PM:DBManager:connection_data:Object reference not set to an instance of an object.
12/9/2024 2:51:04 PM:DBManager:connection_data:Object reference not set to an instance of an object.
12/9/2024 2:51:04 PM:DBManager:connection_data:Object reference not set to an instance of an object.
12/9/2024 2:51:04 PM:DBManager:connection_data:Object reference not set to an instance of an object.
12/9/2024 2:51:04 PM:DBManager:connection_data:Object reference not set to an instance of an object.
12/9/2024 2:51:04 PM:DBManager:connection_data:Object reference not set to an instance of an object.
12/9/2024 2:51:04 PM:DBManager:connection_data:Object reference not set to an instance of an object.
12/9/2024 2:51:04 PM:DBManager:connection_data:Object reference not set to an instance of an object.
12/9/2024 2:51:04 PM:DBManager:connection_data:Object reference not set to an instance of an object.
12/9/2024 2:51:04 PM:DBManager:connection_data:Object reference not set to an instance of an object.
12/9/2024 2:51:04 PM:DBManager:connection_data:Object reference not set to an instance of an object.
12/9/2024 2:51:04 PM:DBManager:connection_data:Object reference not set to an instance of an object.
12/9/2024 2:51:04 PM:DBManager:connection_data:Object reference not set to an instance of an object.
12/9/2024 2:51:22 PM:DBManager:connection_data:Object reference not set to an instance of an object.
12/9/2024 2:51:22 PM:DBManager:connection_data:Object reference not set to an instance of an object.
12/9/2024 2:51:22 PM:DBManager:connection_data:Object reference not set to an instance of an object.
12/9/2024 2:51:22 PM:DBManager:connection_data:Object reference not set to an instance of an object.
12/9/2024 2:51:22 PM:DBManager:connection_data:Object reference not set to an instance of an object.
12/9/2024 2:51:22 PM:DBManager:connection_data:Object reference not set to an instance of an object.
12/9/2024 2:51:22 PM:DBManager:connection_data:Object reference not set to an instance of an object.
12/9/2024 2:51:22 PM:DBManager:connection_data:Object reference not set to an instance of an object.
12/9/2024 2:51:22 PM:DBManager:connection_data:Object reference not set to an instance of an object.
12/9/2024 2:51:22 PM:DBManager:connection_data:Object reference not set to an instance of an object.
12/9/2024 2:51:22 PM:DBManager:connection_data:Object reference not set to an instance of an object.
12/9/2024 2:51:22 PM:DBManager:connection_data:Object reference not set to an instance of an object.
12/9/2024 2:51:22 PM:DBManager:connection_data:Object reference not set to an instance of an object.
12/9/2024 2:51:22 PM:DBManager:connection_data:Object reference not set to an instance of an object.
12/9/2024 2:51:22 PM:DBManager:connection_data:Object reference not set to an instance of an object.
12/9/2024 2:51:22 PM:DBManager:connection_data:Object reference not set to an instance of an object.
12/9/2024 2:51:22 PM:DBManager:connection_data:Object reference not set to an instance of an object.
12/9/2024 2:51:22 PM:DBManager:connection_data:Object reference not set to an instance of an object.
12/9/2024 2:51:22 PM:DBManager:connection_data:Object reference not set to an instance of an object.
12/9/2024 2:51:22 PM:DBManager:connection_data:Object reference not set to an instance of an object.
12/9/2024 2:51:22 PM:DBManager:connection_data:Object reference not set to an instance of an object.
12/9/2024 2:51:22 PM:DBManager:connection_data:Object reference not set to an instance of an object.
12/9/2024 2:51:22 PM:DBManager:connection_data:Object reference not set to an instance of an object.
12/9/2024 2:51:22 PM:DBManager:connection_data:Object reference not set to an instance of an object.
12/9/2024 2:51:22 PM:DBManager:connection_data:Object reference not set to an instance of an object.
12/9/2024 2:51:22 PM:DBManager:connection_data:Object reference not set to an instance of an object.
12/9/2024 2:51:22 PM:DBManager:connection_data:Object reference not set to an instance of an object.
12/9/2024 2:51:22 PM:DBManager:connection_data:Object reference not set to an instance of an object.
12/9/2024 2:51:22 PM:DBManager:connection_data:Object reference not set to an instance of an object.
12/9/2024 2:51:22 PM:DBManager:connection_data:Object reference not set to an instance of an object.
12/9/2024 2:51:22 PM:DBManager:connection_data:Object reference not set to an instance of an object.
12/9/2024 2:51:22 PM:DBManager:connection_data:Object reference not set to an instance of an object.
12/9/2024 2:51:22 PM:DBManager:connection_data:Object reference not set to an instance of an object.
12/9/2024 2:51:22 PM:DBManager:connection_data:Object reference not set to an instance of an object.
12/9/2024 2:51:22 PM:DBManager:connection_data:Object reference not set to an instance of an object.
12/9/2024 2:51:22 PM:DBManager:connection_data:Object reference not set to an instance of an object.
12/9/2024 2:51:22 PM:DBManager:connection_data:Object reference not set to an instance of an object.
12/9/2024 2:51:22 PM:DBManager:connection_data:Object reference not set to an instance of an object.
12/9/2024 2:51:22 PM:DBManager:connection_data:Object reference not set to an instance of an object.
12/9/2024 2:51:22 PM:DBManager:connection_data:Object reference not set to an instance of an object.
12/9/2024 2:51:22 PM:DBManager:connection_data:Object reference not set to an instance of an object.
12/9/2024 2:51:22 PM:DBManager:connection_data:Object reference not set to an instance of an object.
12/9/2024 2:51:22 PM:DBManager:connection_data:Object reference not set to an instance of an object.
12/9/2024 2:51:22 PM:DBManager:connection_data:Object reference not set to an instance of an object.
12/9/2024 2:51:22 PM:DBManager:connection_data:Object reference not set to an instance of an object.
12/9/2024 2:51:22 PM:DBManager:connection_data:Object reference not set to an instance of an object.
12/9/2024 2:51:22 PM:DBManager:connection_data:Object reference not set to an instance of an object.
12/9/2024 2:51:22 PM:DBManager:connection_data:Object reference not set to an instance of an object.
12/9/2024 2:51:22 PM:DBManager:connection_data:Object reference not set to an instance of an object.
12/9/2024 2:51:22 PM:DBManager:connection_data:Object reference not set to an instance of an object.
12/9/2024 2:51:22 PM:DBManager:connection_data:Object reference not set to an instance of an object.
12/9/2024 2:51:22 PM:DBManager:connection_data:Object reference not set to an instance of an object.
12/9/2024 2:51:22 PM:DBManager:connection_data:Object reference not set to an instance of an object.
12/9/2024 2:51:22 PM:DBManager:connection_data:Object reference not set to an instance of an object.
12/9/2024 2:51:22 PM:DBManager:connection_data:Object reference not set to an instance of an object.
12/9/2024 2:51:22 PM:DBManager:connection_data:Object reference not set to an instance of an object.
12/9/2024 2:51:22 PM:DBManager:connection_data:Object reference not set to an instance of an object.
12/9/2024 2:51:22 PM:DBManager:connection_data:Object reference not set to an instance of an object.
12/9/2024 2:51:22 PM:DBManager:connection_data:Object reference not set to an instance of an object.
12/9/2024 2:51:22 PM:DBManager:connection_data:Object reference not set to an instance of an object.
12/9/2024 2:51:22 PM:DBManager:connection_data:Object reference not set to an instance of an object.
12/9/2024 2:51:22 PM:DBManager:connection_data:Object reference not set to an instance of an object.
12/9/2024 2:51:22 PM:DBManager:connection_data:Object reference not set to an instance of an object.
12/9/2024 2:51:22 PM:DBManager:connection_data:Object reference not set to an instance of an object.
12/9/2024 2:51:22 PM:DBManager:connection_data:Object reference not set to an instance of an object.
12/9/2024 2:51:22 PM:DBManager:connection_data:Object reference not set to an instance of an object.
12/9/2024 2:51:22 PM:DBManager:connection_data:Object reference not set to an instance of an object.
12/9/2024 2:51:22 PM:DBManager:connection_data:Object reference not set to an instance of an object.
12/9/2024 2:51:22 PM:DBManager:connection_data:Object reference not set to an instance of an object.
12/9/2024 2:51:22 PM:DBManager:connection_data:Object reference not set to an instance of an object.
12/9/2024 2:51:22 PM:DBManager:connection_data:Object reference not set to an instance of an object.
12/9/2024 2:51:22 PM:DBManager:connection_data:Object reference not set to an instance of an object.
12/9/2024 2:51:22 PM:DBManager:connection_data:Object reference not set to an instance of an object.
12/9/2024 2:51:22 PM:DBManager:connection_data:Object reference not set to an instance of an object.
12/9/2024 2:51:22 PM:DBManager:connection_data:Object reference not set to an instance of an object.
12/9/2024 2:51:22 PM:DBManager:connection_data:Object reference not set to an instance of an object.
12/9/2024 2:51:22 PM:DBManager:connection_data:Object reference not set to an instance of an object.
12/9/2024 2:51:22 PM:DBManager:connection_data:Object reference not set to an instance of an object.
12/9/2024 2:51:22 PM:DBManager:connection_data:Object reference not set to an instance of an object.
12/9/2024 2:51:22 PM:DBManager:connection_data:Object reference not set to an instance of an object.
12/9/2024 2:51:25 PM:DBManager:connection_data:Object reference not set to an instance of an object.
12/9/2024 2:51:25 PM:DBManager:connection_data:Object reference not set to an instance of an object.
12/9/2024 2:51:25 PM:DBManager:connection_data:Object reference not set to an instance of an object.
12/9/2024 2:51:25 PM:DBManager:connection_data:Object reference not set to an instance of an object.
12/9/2024 2:51:25 PM:DBManager:connection_data:Object reference not set to an instance of an object.
12/9/2024 2:51:25 PM:DBManager:connection_data:Object reference not set to an instance of an object.
12/9/2024 2:51:25 PM:DBManager:connection_data:Object reference not set to an instance of an object.
12/9/2024 2:51:25 PM:DBManager:connection_data:Object reference not set to an instance of an object.
12/9/2024 2:51:25 PM:DBManager:connection_data:Object reference not set to an instance of an object.
12/9/2024 2:51:25 PM:DBManager:connection_data:Object reference not set to an instance of an object.
12/9/2024 2:51:25 PM:DBManager:connection_data:Object reference not set to an instance of an object.
12/9/2024 2:51:25 PM:DBManager:connection_data:Object reference not set to an instance of an object.
12/9/2024 2:51:25 PM:DBManager:connection_data:Object reference not set to an instance of an object.
12/9/2024 2:51:25 PM:DBManager:connection_data:Object reference not set to an instance of an object.
12/9/2024 2:51:25 PM:DBManager:connection_data:Object reference not set to an instance of an object.
12/9/2024 2:51:25 PM:DBManager:connection_data:Object reference not set to an instance of an object.
12/9/2024 2:51:25 PM:DBManager:connection_data:Object reference not set to an instance of an object.
12/9/2024 2:51:25 PM:DBManager:connection_data:Object reference not set to an instance of an object.
12/9/2024 2:51:25 PM:DBManager:connection_data:Object reference not set to an instance of an object.
12/9/2024 2:51:25 PM:DBManager:connection_data:Object reference not set to an instance of an object.
12/9/2024 2:51:25 PM:DBManager:connection_data:Object reference not set to an instance of an object.
12/9/2024 2:51:25 PM:DBManager:connection_data:Object reference not set to an instance of an object.
12/9/2024 2:51:25 PM:DBManager:connection_data:Object reference not set to an instance of an object.
12/9/2024 2:51:25 PM:DBManager:connection_data:Object reference not set to an instance of an object.
12/9/2024 2:51:25 PM:DBManager:connection_data:Object reference not set to an instance of an object.
12/9/2024 2:51:25 PM:DBManager:connection_data:Object reference not set to an instance of an object.
12/9/2024 2:51:25 PM:DBManager:connection_data:Object reference not set to an instance of an object.
12/9/2024 2:51:25 PM:DBManager:connection_data:Object reference not set to an instance of an object.
12/9/2024 2:51:25 PM:DBManager:connection_data:Object reference not set to an instance of an object.
12/9/2024 2:51:25 PM:DBManager:connection_data:Object reference not set to an instance of an object.
12/9/2024 2:51:25 PM:DBManager:connection_data:Object reference not set to an instance of an object.
12/9/2024 2:51:25 PM:DBManager:connection_data:Object reference not set to an instance of an object.
12/9/2024 2:51:25 PM:DBManager:connection_data:Object reference not set to an instance of an object.
12/9/2024 2:51:25 PM:DBManager:connection_data:Object reference not set to an instance of an object.
12/9/2024 2:51:25 PM:DBManager:connection_data:Object reference not set to an instance of an object.
12/9/2024 2:51:25 PM:DBManager:connection_data:Object reference not set to an instance of an object.
12/9/2024 2:51:25 PM:DBManager:connection_data:Object reference not set to an instance of an object.
12/9/2024 2:51:25 PM:DBManager:connection_data:Object reference not set to an instance of an object.
12/9/2024 2:51:25 PM:DBManager:connection_data:Object reference not set to an instance of an object.
12/9/2024 2:51:25 PM:DBManager:connection_data:Object reference not set to an instance of an object.
12/9/2024 2:51:25 PM:DBManager:connection_data:Object reference not set to an instance of an object.
12/9/2024 2:51:25 PM:DBManager:connection_data:Object reference not set to an instance of an object.
12/9/2024 2:51:25 PM:DBManager:connection_data:Object reference not set to an instance of an object.
12/9/2024 2:51:25 PM:DBManager:connection_data:Object reference not set to an instance of an object.
12/9/2024 2:51:25 PM:DBManager:connection_data:Object reference not set to an instance of an object.
12/9/2024 2:51:25 PM:DBManager:connection_data:Object reference not set to an instance of an object.
12/9/2024 2:51:25 PM:DBManager:connection_data:Object reference not set to an instance of an object.
12/9/2024 2:51:25 PM:DBManager:connection_data:Object reference not set to an instance of an object.
12/9/2024 2:51:25 PM:DBManager:connection_data:Object reference not set to an instance of an object.
12/9/2024 2:51:25 PM:DBManager:connection_data:Object reference not set to an instance of an object.
12/9/2024 2:51:25 PM:DBManager:connection_data:Object reference not set to an instance of an object.
12/9/2024 2:51:25 PM:DBManager:connection_data:Object reference not set to an instance of an object.
12/9/2024 2:51:25 PM:DBManager:connection_data:Object reference not set to an instance of an object.
12/9/2024 2:51:25 PM:DBManager:connection_data:Object reference not set to an instance of an object.
12/9/2024 2:51:25 PM:DBManager:connection_data:Object reference not set to an instance of an object.
12/9/2024 2:51:25 PM:DBManager:connection_data:Object reference not set to an instance of an object.
12/9/2024 2:51:25 PM:DBManager:connection_data:Object reference not set to an instance of an object.
12/9/2024 2:51:25 PM:DBManager:connection_data:Object reference not set to an instance of an object.
12/9/2024 2:51:25 PM:DBManager:connection_data:Object reference not set to an instance of an object.
12/9/2024 2:51:25 PM:DBManager:connection_data:Object reference not set to an instance of an object.
12/9/2024 2:51:25 PM:DBManager:connection_data:Object reference not set to an instance of an object.
12/9/2024 2:51:25 PM:DBManager:connection_data:Object reference not set to an instance of an object.
12/9/2024 2:51:25 PM:DBManager:connection_data:Object reference not set to an instance of an object.
12/9/2024 2:51:25 PM:DBManager:connection_data:Object reference not set to an instance of an object.
12/9/2024 2:51:25 PM:DBManager:connection_data:Object reference not set to an instance of an object.
12/9/2024 2:51:25 PM:DBManager:connection_data:Object reference not set to an instance of an object.
12/9/2024 2:51:25 PM:DBManager:connection_data:Object reference not set to an instance of an object.
12/9/2024 2:51:25 PM:DBManager:connection_data:Object reference not set to an instance of an object.
12/9/2024 2:51:25 PM:DBManager:connection_data:Object reference not set to an instance of an object.
12/9/2024 2:51:25 PM:DBManager:connection_data:Object reference not set to an instance of an object.
12/9/2024 2:51:25 PM:DBManager:connection_data:Object reference not set to an instance of an object.
12/9/2024 2:51:25 PM:DBManager:connection_data:Object reference not set to an instance of an object.
12/9/2024 2:51:25 PM:DBManager:connection_data:Object reference not set to an instance of an object.
12/9/2024 2:51:25 PM:DBManager:connection_data:Object reference not set to an instance of an object.
12/9/2024 2:51:25 PM:DBManager:connection_data:Object reference not set to an instance of an object.
12/9/2024 2:51:25 PM:DBManager:connection_data:Object reference not set to an instance of an object.
12/9/2024 2:51:25 PM:DBManager:connection_data:Object reference not set to an instance of an object.
12/9/2024 2:51:25 PM:DBManager:connection_data:Object reference not set to an instance of an object.
12/9/2024 2:51:25 PM:DBManager:connection_data:Object reference not set to an instance of an object.
12/9/2024 2:51:25 PM:DBManager:connection_data:Object reference not set to an instance of an object.
12/9/2024 2:54:57 PM:DBManager:connection_data:Object reference not set to an instance of an object.
12/9/2024 2:54:57 PM:DBManager:connection_data:Object reference not set to an instance of an object.
12/9/2024 2:54:57 PM:DBManager:connection_data:Object reference not set to an instance of an object.
12/9/2024 2:54:57 PM:DBManager:connection_data:Object reference not set to an instance of an object.
12/9/2024 2:54:57 PM:DBManager:connection_data:Object reference not set to an instance of an object.
12/9/2024 2:54:57 PM:DBManager:connection_data:Object reference not set to an instance of an object.
12/9/2024 2:54:57 PM:DBManager:connection_data:Object reference not set to an instance of an object.
12/9/2024 2:54:57 PM:DBManager:connection_data:Object reference not set to an instance of an object.
12/9/2024 2:54:57 PM:DBManager:connection_data:Object reference not set to an instance of an object.
12/9/2024 2:54:57 PM:DBManager:connection_data:Object reference not set to an instance of an object.
12/9/2024 2:54:57 PM:DBManager:connection_data:Object reference not set to an instance of an object.
12/9/2024 2:54:57 PM:DBManager:connection_data:Object reference not set to an instance of an object.
12/9/2024 2:54:57 PM:DBManager:connection_data:Object reference not set to an instance of an object.
12/9/2024 2:54:57 PM:DBManager:connection_data:Object reference not set to an instance of an object.
12/9/2024 2:54:57 PM:DBManager:connection_data:Object reference not set to an instance of an object.
12/9/2024 2:54:57 PM:DBManager:connection_data:Object reference not set to an instance of an object.
12/9/2024 2:54:57 PM:DBManager:connection_data:Object reference not set to an instance of an object.
12/9/2024 2:54:57 PM:DBManager:connection_data:Object reference not set to an instance of an object.
12/9/2024 2:54:57 PM:DBManager:connection_data:Object reference not set to an instance of an object.
12/9/2024 2:54:57 PM:DBManager:connection_data:Object reference not set to an instance of an object.
12/9/2024 2:54:57 PM:DBManager:connection_data:Object reference not set to an instance of an object.
12/9/2024 2:54:57 PM:DBManager:connection_data:Object reference not set to an instance of an object.
12/9/2024 2:54:57 PM:DBManager:connection_data:Object reference not set to an instance of an object.
12/9/2024 2:54:57 PM:DBManager:connection_data:Object reference not set to an instance of an object.
12/9/2024 2:54:57 PM:DBManager:connection_data:Object reference not set to an instance of an object.
12/9/2024 2:54:57 PM:DBManager:connection_data:Object reference not set to an instance of an object.
12/9/2024 2:54:57 PM:DBManager:connection_data:Object reference not set to an instance of an object.
12/9/2024 2:54:57 PM:DBManager:connection_data:Object reference not set to an instance of an object.
12/9/2024 2:54:57 PM:DBManager:connection_data:Object reference not set to an instance of an object.
12/9/2024 2:54:57 PM:DBManager:connection_data:Object reference not set to an instance of an object.
12/9/2024 2:54:57 PM:DBManager:connection_data:Object reference not set to an instance of an object.
12/9/2024 2:54:57 PM:DBManager:connection_data:Object reference not set to an instance of an object.
12/9/2024 2:54:57 PM:DBManager:connection_data:Object reference not set to an instance of an object.
12/9/2024 2:54:57 PM:DBManager:connection_data:Object reference not set to an instance of an object.
12/9/2024 2:54:57 PM:DBManager:connection_data:Object reference not set to an instance of an object.
12/9/2024 2:54:57 PM:DBManager:connection_data:Object reference not set to an instance of an object.
12/9/2024 2:54:57 PM:DBManager:connection_data:Object reference not set to an instance of an object.
12/9/2024 2:54:57 PM:DBManager:connection_data:Object reference not set to an instance of an object.
12/9/2024 2:54:57 PM:DBManager:connection_data:Object reference not set to an instance of an object.
12/9/2024 2:54:57 PM:DBManager:connection_data:Object reference not set to an instance of an object.
12/9/2024 2:54:57 PM:DBManager:connection_data:Object reference not set to an instance of an object.
12/9/2024 2:54:57 PM:DBManager:connection_data:Object reference not set to an instance of an object.
12/9/2024 2:54:57 PM:DBManager:connection_data:Object reference not set to an instance of an object.
12/9/2024 2:54:57 PM:DBManager:connection_data:Object reference not set to an instance of an object.
12/9/2024 2:54:57 PM:DBManager:connection_data:Object reference not set to an instance of an object.
12/9/2024 2:54:57 PM:DBManager:connection_data:Object reference not set to an instance of an object.
12/9/2024 2:54:57 PM:DBManager:connection_data:Object reference not set to an instance of an object.
12/9/2024 2:54:57 PM:DBManager:connection_data:Object reference not set to an instance of an object.
12/9/2024 2:54:57 PM:DBManager:connection_data:Object reference not set to an instance of an object.
12/9/2024 2:54:57 PM:DBManager:connection_data:Object reference not set to an instance of an object.
12/9/2024 2:54:57 PM:DBManager:connection_data:Object reference not set to an instance of an object.
12/9/2024 2:54:57 PM:DBManager:connection_data:Object reference not set to an instance of an object.
12/9/2024 2:54:57 PM:DBManager:connection_data:Object reference not set to an instance of an object.
12/9/2024 2:54:57 PM:DBManager:connection_data:Object reference not set to an instance of an object.
12/9/2024 2:54:57 PM:DBManager:connection_data:Object reference not set to an instance of an object.
12/9/2024 2:54:57 PM:DBManager:connection_data:Object reference not set to an instance of an object.
12/9/2024 2:54:57 PM:DBManager:connection_data:Object reference not set to an instance of an object.
12/9/2024 2:54:57 PM:DBManager:connection_data:Object reference not set to an instance of an object.
12/9/2024 2:54:57 PM:DBManager:connection_data:Object reference not set to an instance of an object.
12/9/2024 2:54:57 PM:DBManager:connection_data:Object reference not set to an instance of an object.
12/9/2024 2:54:57 PM:DBManager:connection_data:Object reference not set to an instance of an object.
12/9/2024 2:54:57 PM:DBManager:connection_data:Object reference not set to an instance of an object.
12/9/2024 2:54:57 PM:DBManager:connection_data:Object reference not set to an instance of an object.
12/9/2024 2:54:57 PM:DBManager:connection_data:Object reference not set to an instance of an object.
12/9/2024 2:54:57 PM:DBManager:connection_data:Object reference not set to an instance of an object.
12/9/2024 2:54:57 PM:DBManager:connection_data:Object reference not set to an instance of an object.
12/9/2024 2:54:57 PM:DBManager:connection_data:Object reference not set to an instance of an object.
12/9/2024 2:54:57 PM:DBManager:connection_data:Object reference not set to an instance of an object.
12/9/2024 2:54:57 PM:DBManager:connection_data:Object reference not set to an instance of an object.
12/9/2024 2:54:57 PM:DBManager:connection_data:Object reference not set to an instance of an object.
12/9/2024 2:54:57 PM:DBManager:connection_data:Object reference not set to an instance of an object.
12/9/2024 2:54:57 PM:DBManager:connection_data:Object reference not set to an instance of an object.
12/9/2024 2:54:57 PM:DBManager:connection_data:Object reference not set to an instance of an object.
12/9/2024 2:54:57 PM:DBManager:connection_data:Object reference not set to an instance of an object.
12/9/2024 2:54:57 PM:DBManager:connection_data:Object reference not set to an instance of an object.
12/9/2024 2:54:57 PM:DBManager:connection_data:Object reference not set to an instance of an object.
12/9/2024 2:54:57 PM:DBManager:connection_data:Object reference not set to an instance of an object.
12/9/2024 2:54:57 PM:DBManager:connection_data:Object reference not set to an instance of an object.
12/9/2024 2:54:57 PM:DBManager:connection_data:Object reference not set to an instance of an object.
12/9/2024 2:54:57 PM:DBManager:connection_data:Object reference not set to an instance of an object.
12/9/2024 2:54:59 PM:DBManager:connection_data:Object reference not set to an instance of an object.
12/9/2024 2:54:59 PM:DBManager:connection_data:Object reference not set to an instance of an object.
12/9/2024 2:54:59 PM:DBManager:connection_data:Object reference not set to an instance of an object.
12/9/2024 2:54:59 PM:DBManager:connection_data:Object reference not set to an instance of an object.
12/9/2024 2:54:59 PM:DBManager:connection_data:Object reference not set to an instance of an object.
12/9/2024 2:54:59 PM:DBManager:connection_data:Object reference not set to an instance of an object.
12/9/2024 2:54:59 PM:DBManager:connection_data:Object reference not set to an instance of an object.
12/9/2024 2:54:59 PM:DBManager:connection_data:Object reference not set to an instance of an object.
12/9/2024 2:54:59 PM:DBManager:connection_data:Object reference not set to an instance of an object.
12/9/2024 2:54:59 PM:DBManager:connection_data:Object reference not set to an instance of an object.
12/9/2024 2:54:59 PM:DBManager:connection_data:Object reference not set to an instance of an object.
12/9/2024 2:54:59 PM:DBManager:connection_data:Object reference not set to an instance of an object.
12/9/2024 2:54:59 PM:DBManager:connection_data:Object reference not set to an instance of an object.
12/9/2024 2:54:59 PM:DBManager:connection_data:Object reference not set to an instance of an object.
12/9/2024 2:54:59 PM:DBManager:connection_data:Object reference not set to an instance of an object.
12/9/2024 2:54:59 PM:DBManager:connection_data:Object reference not set to an instance of an object.
12/9/2024 2:54:59 PM:DBManager:connection_data:Object reference not set to an instance of an object.
12/9/2024 2:54:59 PM:DBManager:connection_data:Object reference not set to an instance of an object.
12/9/2024 2:54:59 PM:DBManager:connection_data:Object reference not set to an instance of an object.
12/9/2024 2:54:59 PM:DBManager:connection_data:Object reference not set to an instance of an object.
12/9/2024 2:54:59 PM:DBManager:connection_data:Object reference not set to an instance of an object.
12/9/2024 2:54:59 PM:DBManager:connection_data:Object reference not set to an instance of an object.
12/9/2024 2:54:59 PM:DBManager:connection_data:Object reference not set to an instance of an object.
12/9/2024 2:54:59 PM:DBManager:connection_data:Object reference not set to an instance of an object.
12/9/2024 2:54:59 PM:DBManager:connection_data:Object reference not set to an instance of an object.
12/9/2024 2:54:59 PM:DBManager:connection_data:Object reference not set to an instance of an object.
12/9/2024 2:54:59 PM:DBManager:connection_data:Object reference not set to an instance of an object.
12/9/2024 2:54:59 PM:DBManager:connection_data:Object reference not set to an instance of an object.
12/9/2024 2:54:59 PM:DBManager:connection_data:Object reference not set to an instance of an object.
12/9/2024 2:54:59 PM:DBManager:connection_data:Object reference not set to an instance of an object.
12/9/2024 2:54:59 PM:DBManager:connection_data:Object reference not set to an instance of an object.
12/9/2024 2:54:59 PM:DBManager:connection_data:Object reference not set to an instance of an object.
12/9/2024 2:54:59 PM:DBManager:connection_data:Object reference not set to an instance of an object.
12/9/2024 2:54:59 PM:DBManager:connection_data:Object reference not set to an instance of an object.
12/9/2024 2:54:59 PM:DBManager:connection_data:Object reference not set to an instance of an object.
12/9/2024 2:54:59 PM:DBManager:connection_data:Object reference not set to an instance of an object.
12/9/2024 2:54:59 PM:DBManager:connection_data:Object reference not set to an instance of an object.
12/9/2024 2:54:59 PM:DBManager:connection_data:Object reference not set to an instance of an object.
12/9/2024 2:54:59 PM:DBManager:connection_data:Object reference not set to an instance of an object.
12/9/2024 2:54:59 PM:DBManager:connection_data:Object reference not set to an instance of an object.
12/9/2024 2:54:59 PM:DBManager:connection_data:Object reference not set to an instance of an object.
12/9/2024 2:54:59 PM:DBManager:connection_data:Object reference not set to an instance of an object.
12/9/2024 2:54:59 PM:DBManager:connection_data:Object reference not set to an instance of an object.
12/9/2024 2:54:59 PM:DBManager:connection_data:Object reference not set to an instance of an object.
12/9/2024 2:54:59 PM:DBManager:connection_data:Object reference not set to an instance of an object.
12/9/2024 2:54:59 PM:DBManager:connection_data:Object reference not set to an instance of an object.
12/9/2024 2:54:59 PM:DBManager:connection_data:Object reference not set to an instance of an object.
12/9/2024 2:54:59 PM:DBManager:connection_data:Object reference not set to an instance of an object.
12/9/2024 2:54:59 PM:DBManager:connection_data:Object reference not set to an instance of an object.
12/9/2024 2:54:59 PM:DBManager:connection_data:Object reference not set to an instance of an object.
12/9/2024 2:54:59 PM:DBManager:connection_data:Object reference not set to an instance of an object.
12/9/2024 2:54:59 PM:DBManager:connection_data:Object reference not set to an instance of an object.
12/9/2024 2:54:59 PM:DBManager:connection_data:Object reference not set to an instance of an object.
12/9/2024 2:54:59 PM:DBManager:connection_data:Object reference not set to an instance of an object.
12/9/2024 2:54:59 PM:DBManager:connection_data:Object reference not set to an instance of an object.
12/9/2024 2:54:59 PM:DBManager:connection_data:Object reference not set to an instance of an object.
12/9/2024 2:54:59 PM:DBManager:connection_data:Object reference not set to an instance of an object.
12/9/2024 2:54:59 PM:DBManager:connection_data:Object reference not set to an instance of an object.
12/9/2024 2:54:59 PM:DBManager:connection_data:Object reference not set to an instance of an object.
12/9/2024 2:54:59 PM:DBManager:connection_data:Object reference not set to an instance of an object.
12/9/2024 2:54:59 PM:DBManager:connection_data:Object reference not set to an instance of an object.
12/9/2024 2:54:59 PM:DBManager:connection_data:Object reference not set to an instance of an object.
12/9/2024 2:54:59 PM:DBManager:connection_data:Object reference not set to an instance of an object.
12/9/2024 2:54:59 PM:DBManager:connection_data:Object reference not set to an instance of an object.
12/9/2024 2:54:59 PM:DBManager:connection_data:Object reference not set to an instance of an object.
12/9/2024 2:54:59 PM:DBManager:connection_data:Object reference not set to an instance of an object.
12/9/2024 2:54:59 PM:DBManager:connection_data:Object reference not set to an instance of an object.
12/9/2024 2:54:59 PM:DBManager:connection_data:Object reference not set to an instance of an object.
12/9/2024 2:54:59 PM:DBManager:connection_data:Object reference not set to an instance of an object.
12/9/2024 2:54:59 PM:DBManager:connection_data:Object reference not set to an instance of an object.
12/9/2024 2:54:59 PM:DBManager:connection_data:Object reference not set to an instance of an object.
12/9/2024 2:54:59 PM:DBManager:connection_data:Object reference not set to an instance of an object.
12/9/2024 2:54:59 PM:DBManager:connection_data:Object reference not set to an instance of an object.
12/9/2024 2:54:59 PM:DBManager:connection_data:Object reference not set to an instance of an object.
12/9/2024 2:54:59 PM:DBManager:connection_data:Object reference not set to an instance of an object.
12/9/2024 2:54:59 PM:DBManager:connection_data:Object reference not set to an instance of an object.
12/9/2024 2:54:59 PM:DBManager:connection_data:Object reference not set to an instance of an object.
12/9/2024 2:54:59 PM:DBManager:connection_data:Object reference not set to an instance of an object.
12/9/2024 2:54:59 PM:DBManager:connection_data:Object reference not set to an instance of an object.
12/9/2024 2:54:59 PM:DBManager:connection_data:Object reference not set to an instance of an object.
12/9/2024 5:36:59 PM:DBManager:connection_data:Object reference not set to an instance of an object.
12/9/2024 5:36:59 PM:DBManager:connection_data:Object reference not set to an instance of an object.
12/9/2024 5:36:59 PM:DBManager:connection_data:Object reference not set to an instance of an object.
12/9/2024 5:36:59 PM:DBManager:connection_data:Object reference not set to an instance of an object.
12/9/2024 5:36:59 PM:DBManager:connection_data:Object reference not set to an instance of an object.
12/9/2024 5:36:59 PM:DBManager:connection_data:Object reference not set to an instance of an object.
12/9/2024 5:36:59 PM:DBManager:connection_data:Object reference not set to an instance of an object.
12/9/2024 5:36:59 PM:DBManager:connection_data:Object reference not set to an instance of an object.
12/9/2024 5:36:59 PM:DBManager:connection_data:Object reference not set to an instance of an object.
12/9/2024 5:36:59 PM:DBManager:connection_data:Object reference not set to an instance of an object.
12/9/2024 5:36:59 PM:DBManager:connection_data:Object reference not set to an instance of an object.
12/9/2024 5:36:59 PM:DBManager:connection_data:Object reference not set to an instance of an object.
12/9/2024 5:36:59 PM:DBManager:connection_data:Object reference not set to an instance of an object.
12/9/2024 5:36:59 PM:DBManager:connection_data:Object reference not set to an instance of an object.
12/9/2024 5:36:59 PM:DBManager:connection_data:Object reference not set to an instance of an object.
12/9/2024 5:36:59 PM:DBManager:connection_data:Object reference not set to an instance of an object.
12/9/2024 5:36:59 PM:DBManager:connection_data:Object reference not set to an instance of an object.
12/9/2024 5:36:59 PM:DBManager:connection_data:Object reference not set to an instance of an object.
12/9/2024 5:36:59 PM:DBManager:connection_data:Object reference not set to an instance of an object.
12/9/2024 5:36:59 PM:DBManager:connection_data:Object reference not set to an instance of an object.
12/9/2024 5:36:59 PM:DBManager:connection_data:Object reference not set to an instance of an object.
12/9/2024 5:36:59 PM:DBManager:connection_data:Object reference not set to an instance of an object.
12/9/2024 5:36:59 PM:DBManager:connection_data:Object reference not set to an instance of an object.
12/9/2024 5:36:59 PM:DBManager:connection_data:Object reference not set to an instance of an object.
12/9/2024 5:36:59 PM:DBManager:connection_data:Object reference not set to an instance of an object.
12/9/2024 5:36:59 PM:DBManager:connection_data:Object reference not set to an instance of an object.
12/9/2024 5:36:59 PM:DBManager:connection_data:Object reference not set to an instance of an object.
12/9/2024 5:36:59 PM:DBManager:connection_data:Object reference not set to an instance of an object.
12/9/2024 5:36:59 PM:DBManager:connection_data:Object reference not set to an instance of an object.
12/9/2024 5:36:59 PM:DBManager:connection_data:Object reference not set to an instance of an object.
12/9/2024 5:36:59 PM:DBManager:connection_data:Object reference not set to an instance of an object.
12/9/2024 5:36:59 PM:DBManager:connection_data:Object reference not set to an instance of an object.
12/9/2024 5:36:59 PM:DBManager:connection_data:Object reference not set to an instance of an object.
12/9/2024 5:36:59 PM:DBManager:connection_data:Object reference not set to an instance of an object.
12/9/2024 5:36:59 PM:DBManager:connection_data:Object reference not set to an instance of an object.
12/9/2024 5:36:59 PM:DBManager:connection_data:Object reference not set to an instance of an object.
12/9/2024 5:36:59 PM:DBManager:connection_data:Object reference not set to an instance of an object.
12/9/2024 5:36:59 PM:DBManager:connection_data:Object reference not set to an instance of an object.
12/9/2024 5:36:59 PM:DBManager:connection_data:Object reference not set to an instance of an object.
12/9/2024 5:36:59 PM:DBManager:connection_data:Object reference not set to an instance of an object.
12/9/2024 5:36:59 PM:DBManager:connection_data:Object reference not set to an instance of an object.
12/9/2024 5:36:59 PM:DBManager:connection_data:Object reference not set to an instance of an object.
12/9/2024 5:36:59 PM:DBManager:connection_data:Object reference not set to an instance of an object.
12/9/2024 5:36:59 PM:DBManager:connection_data:Object reference not set to an instance of an object.
12/9/2024 5:36:59 PM:DBManager:connection_data:Object reference not set to an instance of an object.
12/9/2024 5:36:59 PM:DBManager:connection_data:Object reference not set to an instance of an object.
12/9/2024 5:36:59 PM:DBManager:connection_data:Object reference not set to an instance of an object.
12/9/2024 5:36:59 PM:DBManager:connection_data:Object reference not set to an instance of an object.
12/9/2024 5:36:59 PM:DBManager:connection_data:Object reference not set to an instance of an object.
12/9/2024 5:36:59 PM:DBManager:connection_data:Object reference not set to an instance of an object.
12/9/2024 5:36:59 PM:DBManager:connection_data:Object reference not set to an instance of an object.
12/9/2024 5:36:59 PM:DBManager:connection_data:Object reference not set to an instance of an object.
12/9/2024 5:36:59 PM:DBManager:connection_data:Object reference not set to an instance of an object.
12/9/2024 5:36:59 PM:DBManager:connection_data:Object reference not set to an instance of an object.
12/9/2024 5:36:59 PM:DBManager:connection_data:Object reference not set to an instance of an object.
12/9/2024 5:36:59 PM:DBManager:connection_data:Object reference not set to an instance of an object.
12/9/2024 5:36:59 PM:DBManager:connection_data:Object reference not set to an instance of an object.
12/9/2024 5:36:59 PM:DBManager:connection_data:Object reference not set to an instance of an object.
12/9/2024 5:36:59 PM:DBManager:connection_data:Object reference not set to an instance of an object.
12/9/2024 5:36:59 PM:DBManager:connection_data:Object reference not set to an instance of an object.
12/9/2024 5:36:59 PM:DBManager:connection_data:Object reference not set to an instance of an object.
12/9/2024 5:36:59 PM:DBManager:connection_data:Object reference not set to an instance of an object.
12/9/2024 5:36:59 PM:DBManager:connection_data:Object reference not set to an instance of an object.
12/9/2024 5:36:59 PM:DBManager:connection_data:Object reference not set to an instance of an object.
12/9/2024 5:36:59 PM:DBManager:connection_data:Object reference not set to an instance of an object.
12/9/2024 5:36:59 PM:DBManager:connection_data:Object reference not set to an instance of an object.
12/9/2024 5:36:59 PM:DBManager:connection_data:Object reference not set to an instance of an object.
12/9/2024 5:36:59 PM:DBManager:connection_data:Object reference not set to an instance of an object.
12/9/2024 5:36:59 PM:DBManager:connection_data:Object reference not set to an instance of an object.
12/9/2024 5:36:59 PM:DBManager:connection_data:Object reference not set to an instance of an object.
12/9/2024 5:36:59 PM:DBManager:connection_data:Object reference not set to an instance of an object.
12/9/2024 5:36:59 PM:DBManager:connection_data:Object reference not set to an instance of an object.
12/9/2024 5:36:59 PM:DBManager:connection_data:Object reference not set to an instance of an object.
12/9/2024 5:36:59 PM:DBManager:connection_data:Object reference not set to an instance of an object.
12/9/2024 5:36:59 PM:DBManager:connection_data:Object reference not set to an instance of an object.
12/9/2024 5:36:59 PM:DBManager:connection_data:Object reference not set to an instance of an object.
12/9/2024 5:36:59 PM:DBManager:connection_data:Object reference not set to an instance of an object.
12/9/2024 5:36:59 PM:DBManager:connection_data:Object reference not set to an instance of an object.
12/9/2024 5:36:59 PM:DBManager:connection_data:Object reference not set to an instance of an object.
12/9/2024 5:36:59 PM:DBManager:connection_data:Object reference not set to an instance of an object.
09/12/2024 5:36:59 PM:MasterPage:Page_Init:Thread was being aborted.
12/9/2024 5:36:59 PM:DBManager:connection_data:Object reference not set to an instance of an object.
12/9/2024 5:36:59 PM:DBManager:connection_data:Object reference not set to an instance of an object.
12/9/2024 5:36:59 PM:DBManager:connection_data:Object reference not set to an instance of an object.
09/12/2024 5:36:59 PM:SignIn:btnLogIn_Click:test
