3/13/2024 10:30:57 AM:DBManager:connection_data:Object reference not set to an instance of an object.
3/13/2024 10:30:57 AM:DBManager:connection_data:Object reference not set to an instance of an object.
3/13/2024 10:30:57 AM:DBManager:connection_data:Object reference not set to an instance of an object.
3/13/2024 10:30:57 AM:DBManager:connection_data:Object reference not set to an instance of an object.
3/13/2024 10:30:57 AM:DBManager:connection_data:Object reference not set to an instance of an object.
3/13/2024 10:30:57 AM:DBManager:connection_data:Object reference not set to an instance of an object.
3/13/2024 10:30:57 AM:DBManager:connection_data:Object reference not set to an instance of an object.
3/13/2024 10:30:57 AM:DBManager:connection_data:Object reference not set to an instance of an object.
3/13/2024 10:30:57 AM:DBManager:connection_data:Object reference not set to an instance of an object.
3/13/2024 10:30:57 AM:DBManager:connection_data:Object reference not set to an instance of an object.
3/13/2024 10:30:57 AM:DBManager:connection_data:Object reference not set to an instance of an object.
3/13/2024 10:30:57 AM:DBManager:connection_data:Object reference not set to an instance of an object.
3/13/2024 10:30:57 AM:DBManager:connection_data:Object reference not set to an instance of an object.
3/13/2024 10:30:57 AM:DBManager:connection_data:Object reference not set to an instance of an object.
3/13/2024 10:30:57 AM:DBManager:connection_data:Object reference not set to an instance of an object.
3/13/2024 10:30:57 AM:DBManager:connection_data:Object reference not set to an instance of an object.
3/13/2024 10:30:57 AM:DBManager:connection_data:Object reference not set to an instance of an object.
3/13/2024 10:30:57 AM:DBManager:connection_data:Object reference not set to an instance of an object.
3/13/2024 10:30:57 AM:DBManager:connection_data:Object reference not set to an instance of an object.
3/13/2024 10:30:57 AM:DBManager:connection_data:Object reference not set to an instance of an object.
3/13/2024 10:30:57 AM:DBManager:connection_data:Object reference not set to an instance of an object.
3/13/2024 10:30:57 AM:DBManager:connection_data:Object reference not set to an instance of an object.
3/13/2024 10:30:57 AM:DBManager:connection_data:Object reference not set to an instance of an object.
3/13/2024 10:30:57 AM:DBManager:connection_data:Object reference not set to an instance of an object.
3/13/2024 10:30:57 AM:DBManager:connection_data:Object reference not set to an instance of an object.
3/13/2024 10:30:57 AM:DBManager:connection_data:Object reference not set to an instance of an object.
3/13/2024 10:30:57 AM:DBManager:connection_data:Object reference not set to an instance of an object.
3/13/2024 10:30:57 AM:DBManager:connection_data:Object reference not set to an instance of an object.
3/13/2024 10:30:57 AM:DBManager:connection_data:Object reference not set to an instance of an object.
3/13/2024 10:30:57 AM:DBManager:connection_data:Object reference not set to an instance of an object.
3/13/2024 10:30:57 AM:DBManager:connection_data:Object reference not set to an instance of an object.
3/13/2024 10:30:57 AM:DBManager:connection_data:Object reference not set to an instance of an object.
3/13/2024 10:30:57 AM:DBManager:connection_data:Object reference not set to an instance of an object.
3/13/2024 10:30:57 AM:DBManager:connection_data:Object reference not set to an instance of an object.
3/13/2024 10:30:57 AM:DBManager:connection_data:Object reference not set to an instance of an object.
3/13/2024 10:30:57 AM:DBManager:connection_data:Object reference not set to an instance of an object.
3/13/2024 10:30:57 AM:DBManager:connection_data:Object reference not set to an instance of an object.
3/13/2024 10:30:57 AM:DBManager:connection_data:Object reference not set to an instance of an object.
3/13/2024 10:30:57 AM:DBManager:connection_data:Object reference not set to an instance of an object.
3/13/2024 10:30:57 AM:DBManager:connection_data:Object reference not set to an instance of an object.
3/13/2024 10:30:57 AM:DBManager:connection_data:Object reference not set to an instance of an object.
3/13/2024 10:30:57 AM:DBManager:connection_data:Object reference not set to an instance of an object.
3/13/2024 10:30:57 AM:DBManager:connection_data:Object reference not set to an instance of an object.
3/13/2024 10:30:57 AM:DBManager:connection_data:Object reference not set to an instance of an object.
3/13/2024 10:30:57 AM:DBManager:connection_data:Object reference not set to an instance of an object.
3/13/2024 10:30:57 AM:DBManager:connection_data:Object reference not set to an instance of an object.
3/13/2024 10:30:57 AM:DBManager:connection_data:Object reference not set to an instance of an object.
3/13/2024 10:30:57 AM:DBManager:connection_data:Object reference not set to an instance of an object.
3/13/2024 10:30:57 AM:DBManager:connection_data:Object reference not set to an instance of an object.
3/13/2024 10:30:57 AM:DBManager:connection_data:Object reference not set to an instance of an object.
3/13/2024 10:30:57 AM:DBManager:connection_data:Object reference not set to an instance of an object.
3/13/2024 10:30:57 AM:DBManager:connection_data:Object reference not set to an instance of an object.
3/13/2024 10:30:57 AM:DBManager:connection_data:Object reference not set to an instance of an object.
3/13/2024 10:30:57 AM:DBManager:connection_data:Object reference not set to an instance of an object.
3/13/2024 10:30:57 AM:DBManager:connection_data:Object reference not set to an instance of an object.
3/13/2024 10:30:57 AM:DBManager:connection_data:Object reference not set to an instance of an object.
3/13/2024 10:30:57 AM:DBManager:connection_data:Object reference not set to an instance of an object.
3/13/2024 10:30:57 AM:DBManager:connection_data:Object reference not set to an instance of an object.
3/13/2024 10:30:57 AM:DBManager:connection_data:Object reference not set to an instance of an object.
3/13/2024 10:30:57 AM:DBManager:connection_data:Object reference not set to an instance of an object.
3/13/2024 10:30:57 AM:DBManager:connection_data:Object reference not set to an instance of an object.
3/13/2024 10:30:57 AM:DBManager:connection_data:Object reference not set to an instance of an object.
3/13/2024 10:30:57 AM:DBManager:connection_data:Object reference not set to an instance of an object.
3/13/2024 10:30:57 AM:DBManager:connection_data:Object reference not set to an instance of an object.
3/13/2024 10:30:57 AM:DBManager:connection_data:Object reference not set to an instance of an object.
3/13/2024 10:30:57 AM:DBManager:connection_data:Object reference not set to an instance of an object.
3/13/2024 10:30:57 AM:DBManager:connection_data:Object reference not set to an instance of an object.
3/13/2024 10:30:57 AM:DBManager:connection_data:Object reference not set to an instance of an object.
3/13/2024 10:30:57 AM:DBManager:connection_data:Object reference not set to an instance of an object.
3/13/2024 10:30:57 AM:DBManager:connection_data:Object reference not set to an instance of an object.
3/13/2024 10:30:57 AM:DBManager:connection_data:Object reference not set to an instance of an object.
3/13/2024 10:30:57 AM:DBManager:connection_data:Object reference not set to an instance of an object.
3/13/2024 10:30:57 AM:DBManager:connection_data:Object reference not set to an instance of an object.
3/13/2024 10:30:57 AM:DBManager:connection_data:Object reference not set to an instance of an object.
3/13/2024 10:30:57 AM:DBManager:connection_data:Object reference not set to an instance of an object.
3/13/2024 10:30:57 AM:DBManager:connection_data:Object reference not set to an instance of an object.
3/13/2024 10:30:57 AM:DBManager:connection_data:Object reference not set to an instance of an object.
3/13/2024 10:30:57 AM:DBManager:connection_data:Object reference not set to an instance of an object.
3/13/2024 10:30:57 AM:DBManager:connection_data:Object reference not set to an instance of an object.
3/13/2024 10:30:57 AM:DBManager:connection_data:Object reference not set to an instance of an object.
13/03/2024 10:30:57 AM:MasterPage:Page_Init:Thread was being aborted.
3/13/2024 10:30:57 AM:DBManager:connection_data:Object reference not set to an instance of an object.
3/13/2024 10:30:57 AM:DBManager:connection_data:Object reference not set to an instance of an object.
3/13/2024 10:30:57 AM:DBManager:connection_data:Object reference not set to an instance of an object.
13/03/2024 10:30:57 AM:SignIn:btnLogIn_Click:test
3/13/2024 10:33:25 AM:DBManager:connection_data:Object reference not set to an instance of an object.
3/13/2024 10:33:25 AM:DBManager:connection_data:Object reference not set to an instance of an object.
3/13/2024 10:33:25 AM:DBManager:connection_data:Object reference not set to an instance of an object.
13/03/2024 10:33:25 AM:SignIn:btnLogIn_Click:test
13/03/2024 10:33:25 AM:SignIn:btnLogIn_Click4:
13/03/2024 10:33:25 AM:SignIn:btnLogIn_Click5:
13/03/2024 10:33:25 AM:SignIn:btnLogIn_Click7:
13/03/2024 10:33:25 AM:SignIn:btnLogIn_Click8:
13/03/2024 10:33:25 AM:ClsDataccess:Getdatatable:The ConnectionString property has not been initialized.
3/13/2024 10:33:25 AM:DBManager:connection_data:Object reference not set to an instance of an object.
3/13/2024 10:33:25 AM:DBManager:connection_data:Object reference not set to an instance of an object.
3/13/2024 10:33:25 AM:DBManager:connection_data:Object reference not set to an instance of an object.
3/13/2024 10:33:25 AM:DBManager:connection_data:Object reference not set to an instance of an object.
3/13/2024 10:33:25 AM:DBManager:connection_data:Object reference not set to an instance of an object.
3/13/2024 10:33:25 AM:DBManager:connection_data:Object reference not set to an instance of an object.
3/13/2024 10:33:25 AM:DBManager:connection_data:Object reference not set to an instance of an object.
3/13/2024 10:33:25 AM:DBManager:connection_data:Object reference not set to an instance of an object.
3/13/2024 10:33:25 AM:DBManager:connection_data:Object reference not set to an instance of an object.
3/13/2024 10:33:25 AM:DBManager:connection_data:Object reference not set to an instance of an object.
3/13/2024 10:33:25 AM:DBManager:connection_data:Object reference not set to an instance of an object.
3/13/2024 10:33:25 AM:DBManager:connection_data:Object reference not set to an instance of an object.
3/13/2024 10:33:25 AM:DBManager:connection_data:Object reference not set to an instance of an object.
3/13/2024 10:33:25 AM:DBManager:connection_data:Object reference not set to an instance of an object.
3/13/2024 10:33:25 AM:DBManager:connection_data:Object reference not set to an instance of an object.
3/13/2024 10:33:25 AM:DBManager:connection_data:Object reference not set to an instance of an object.
3/13/2024 10:33:25 AM:DBManager:connection_data:Object reference not set to an instance of an object.
3/13/2024 10:33:25 AM:DBManager:connection_data:Object reference not set to an instance of an object.
3/13/2024 10:33:25 AM:DBManager:connection_data:Object reference not set to an instance of an object.
3/13/2024 10:33:25 AM:DBManager:connection_data:Object reference not set to an instance of an object.
3/13/2024 10:33:25 AM:DBManager:connection_data:Object reference not set to an instance of an object.
3/13/2024 10:33:25 AM:DBManager:connection_data:Object reference not set to an instance of an object.
3/13/2024 10:33:25 AM:DBManager:connection_data:Object reference not set to an instance of an object.
3/13/2024 10:33:25 AM:DBManager:connection_data:Object reference not set to an instance of an object.
3/13/2024 10:33:25 AM:DBManager:connection_data:Object reference not set to an instance of an object.
3/13/2024 10:33:25 AM:DBManager:connection_data:Object reference not set to an instance of an object.
3/13/2024 10:33:25 AM:DBManager:connection_data:Object reference not set to an instance of an object.
3/13/2024 10:33:25 AM:DBManager:connection_data:Object reference not set to an instance of an object.
3/13/2024 10:33:25 AM:DBManager:connection_data:Object reference not set to an instance of an object.
3/13/2024 10:33:25 AM:DBManager:connection_data:Object reference not set to an instance of an object.
3/13/2024 10:33:25 AM:DBManager:connection_data:Object reference not set to an instance of an object.
3/13/2024 10:33:25 AM:DBManager:connection_data:Object reference not set to an instance of an object.
3/13/2024 10:33:25 AM:DBManager:connection_data:Object reference not set to an instance of an object.
3/13/2024 10:33:25 AM:DBManager:connection_data:Object reference not set to an instance of an object.
3/13/2024 10:33:25 AM:DBManager:connection_data:Object reference not set to an instance of an object.
3/13/2024 10:33:25 AM:DBManager:connection_data:Object reference not set to an instance of an object.
3/13/2024 10:33:25 AM:DBManager:connection_data:Object reference not set to an instance of an object.
3/13/2024 10:33:25 AM:DBManager:connection_data:Object reference not set to an instance of an object.
3/13/2024 10:33:25 AM:DBManager:connection_data:Object reference not set to an instance of an object.
3/13/2024 10:33:25 AM:DBManager:connection_data:Object reference not set to an instance of an object.
3/13/2024 10:33:25 AM:DBManager:connection_data:Object reference not set to an instance of an object.
3/13/2024 10:33:25 AM:DBManager:connection_data:Object reference not set to an instance of an object.
3/13/2024 10:33:25 AM:DBManager:connection_data:Object reference not set to an instance of an object.
3/13/2024 10:33:25 AM:DBManager:connection_data:Object reference not set to an instance of an object.
3/13/2024 10:33:25 AM:DBManager:connection_data:Object reference not set to an instance of an object.
3/13/2024 10:33:25 AM:DBManager:connection_data:Object reference not set to an instance of an object.
3/13/2024 10:33:25 AM:DBManager:connection_data:Object reference not set to an instance of an object.
3/13/2024 10:33:25 AM:DBManager:connection_data:Object reference not set to an instance of an object.
3/13/2024 10:33:25 AM:DBManager:connection_data:Object reference not set to an instance of an object.
3/13/2024 10:33:25 AM:DBManager:connection_data:Object reference not set to an instance of an object.
3/13/2024 10:33:25 AM:DBManager:connection_data:Object reference not set to an instance of an object.
3/13/2024 10:33:25 AM:DBManager:connection_data:Object reference not set to an instance of an object.
3/13/2024 10:33:25 AM:DBManager:connection_data:Object reference not set to an instance of an object.
3/13/2024 10:33:25 AM:DBManager:connection_data:Object reference not set to an instance of an object.
3/13/2024 10:33:25 AM:DBManager:connection_data:Object reference not set to an instance of an object.
3/13/2024 10:33:25 AM:DBManager:connection_data:Object reference not set to an instance of an object.
3/13/2024 10:33:25 AM:DBManager:connection_data:Object reference not set to an instance of an object.
3/13/2024 10:33:25 AM:DBManager:connection_data:Object reference not set to an instance of an object.
3/13/2024 10:33:25 AM:DBManager:connection_data:Object reference not set to an instance of an object.
3/13/2024 10:33:25 AM:DBManager:connection_data:Object reference not set to an instance of an object.
3/13/2024 10:33:25 AM:DBManager:connection_data:Object reference not set to an instance of an object.
3/13/2024 10:33:25 AM:DBManager:connection_data:Object reference not set to an instance of an object.
3/13/2024 10:33:25 AM:DBManager:connection_data:Object reference not set to an instance of an object.
3/13/2024 10:33:25 AM:DBManager:connection_data:Object reference not set to an instance of an object.
3/13/2024 10:33:25 AM:DBManager:connection_data:Object reference not set to an instance of an object.
3/13/2024 10:33:25 AM:DBManager:connection_data:Object reference not set to an instance of an object.
3/13/2024 10:33:25 AM:DBManager:connection_data:Object reference not set to an instance of an object.
3/13/2024 10:33:25 AM:DBManager:connection_data:Object reference not set to an instance of an object.
3/13/2024 10:33:25 AM:DBManager:connection_data:Object reference not set to an instance of an object.
3/13/2024 10:33:25 AM:DBManager:connection_data:Object reference not set to an instance of an object.
3/13/2024 10:33:25 AM:DBManager:connection_data:Object reference not set to an instance of an object.
3/13/2024 10:33:25 AM:DBManager:connection_data:Object reference not set to an instance of an object.
3/13/2024 10:33:25 AM:DBManager:connection_data:Object reference not set to an instance of an object.
3/13/2024 10:33:25 AM:DBManager:connection_data:Object reference not set to an instance of an object.
3/13/2024 10:33:25 AM:DBManager:connection_data:Object reference not set to an instance of an object.
3/13/2024 10:33:25 AM:DBManager:connection_data:Object reference not set to an instance of an object.
3/13/2024 10:33:25 AM:DBManager:connection_data:Object reference not set to an instance of an object.
13/03/2024 10:33:25 AM:Page_Load:BindChartData:Invalid column name 'Beverage'.
Invalid column name 'Jamie_Drinks'.
Invalid column name 'Matt_Cocktails'.
13/03/2024 10:33:26 AM:Page_Load:BindPieChartData:Invalid column name 'Beverage'.
Invalid column name 'Matt_Cocktails'.
Invalid column name 'Jamie_Drinks'.
update #ChartData 
				set value = isnull((select sum( cast(isnull(Food,0) as numeric(18,2))) from Till_Summary_Detail where Sales_date >= '2024-03-11 ' AND Sales_date <='2024-03-17 '),0)
    
				from #ChartData c where c.Category = 'Food'
111
update #ChartData 
				set value = isnull((select sum( cast(isnull(Other,0) as numeric(18,2))) from Till_Summary_Detail where Sales_date >= '2024-03-11 ' AND Sales_date <='2024-03-17 '),0)
    
				from #ChartData c where c.Category = 'Other'
111
update #ChartData 
				set value = isnull((select sum( cast(isnull(Matt_Cocktails,0) as numeric(18,2))) from Till_Summary_Detail where Sales_date >= '2024-03-11 ' AND Sales_date <='2024-03-17 '),0)
    
				from #ChartData c where c.Category = 'Matt Cocktails'
111
update #ChartData 
				set value = isnull((select sum( cast(isnull(Jamie_Drinks,0) as numeric(18,2))) from Till_Summary_Detail where Sales_date >= '2024-03-11 ' AND Sales_date <='2024-03-17 '),0)
    
				from #ChartData c where c.Category = 'Jamie Drinks'
111
3/13/2024 10:33:28 AM:DBManager:connection_data:Object reference not set to an instance of an object.
3/13/2024 10:33:28 AM:DBManager:connection_data:Object reference not set to an instance of an object.
3/13/2024 10:33:28 AM:DBManager:connection_data:Object reference not set to an instance of an object.
3/13/2024 10:33:28 AM:DBManager:connection_data:Object reference not set to an instance of an object.
3/13/2024 10:33:28 AM:DBManager:connection_data:Object reference not set to an instance of an object.
3/13/2024 10:33:28 AM:DBManager:connection_data:Object reference not set to an instance of an object.
3/13/2024 10:33:28 AM:DBManager:connection_data:Object reference not set to an instance of an object.
3/13/2024 10:33:28 AM:DBManager:connection_data:Object reference not set to an instance of an object.
3/13/2024 10:33:28 AM:DBManager:connection_data:Object reference not set to an instance of an object.
3/13/2024 10:33:28 AM:DBManager:connection_data:Object reference not set to an instance of an object.
3/13/2024 10:33:28 AM:DBManager:connection_data:Object reference not set to an instance of an object.
3/13/2024 10:33:28 AM:DBManager:connection_data:Object reference not set to an instance of an object.
3/13/2024 10:33:28 AM:DBManager:connection_data:Object reference not set to an instance of an object.
3/13/2024 10:33:28 AM:DBManager:connection_data:Object reference not set to an instance of an object.
3/13/2024 10:33:28 AM:DBManager:connection_data:Object reference not set to an instance of an object.
3/13/2024 10:33:28 AM:DBManager:connection_data:Object reference not set to an instance of an object.
3/13/2024 10:33:28 AM:DBManager:connection_data:Object reference not set to an instance of an object.
3/13/2024 10:33:28 AM:DBManager:connection_data:Object reference not set to an instance of an object.
3/13/2024 10:33:28 AM:DBManager:connection_data:Object reference not set to an instance of an object.
3/13/2024 10:33:28 AM:DBManager:connection_data:Object reference not set to an instance of an object.
3/13/2024 10:33:28 AM:DBManager:connection_data:Object reference not set to an instance of an object.
3/13/2024 10:33:28 AM:DBManager:connection_data:Object reference not set to an instance of an object.
3/13/2024 10:33:28 AM:DBManager:connection_data:Object reference not set to an instance of an object.
3/13/2024 10:33:28 AM:DBManager:connection_data:Object reference not set to an instance of an object.
3/13/2024 10:33:28 AM:DBManager:connection_data:Object reference not set to an instance of an object.
3/13/2024 10:33:28 AM:DBManager:connection_data:Object reference not set to an instance of an object.
3/13/2024 10:33:28 AM:DBManager:connection_data:Object reference not set to an instance of an object.
3/13/2024 10:33:28 AM:DBManager:connection_data:Object reference not set to an instance of an object.
3/13/2024 10:33:28 AM:DBManager:connection_data:Object reference not set to an instance of an object.
3/13/2024 10:33:28 AM:DBManager:connection_data:Object reference not set to an instance of an object.
3/13/2024 10:33:28 AM:DBManager:connection_data:Object reference not set to an instance of an object.
3/13/2024 10:33:28 AM:DBManager:connection_data:Object reference not set to an instance of an object.
3/13/2024 10:33:28 AM:DBManager:connection_data:Object reference not set to an instance of an object.
3/13/2024 10:33:28 AM:DBManager:connection_data:Object reference not set to an instance of an object.
3/13/2024 10:33:28 AM:DBManager:connection_data:Object reference not set to an instance of an object.
3/13/2024 10:33:28 AM:DBManager:connection_data:Object reference not set to an instance of an object.
3/13/2024 10:33:28 AM:DBManager:connection_data:Object reference not set to an instance of an object.
3/13/2024 10:33:28 AM:DBManager:connection_data:Object reference not set to an instance of an object.
3/13/2024 10:33:28 AM:DBManager:connection_data:Object reference not set to an instance of an object.
3/13/2024 10:33:28 AM:DBManager:connection_data:Object reference not set to an instance of an object.
3/13/2024 10:33:28 AM:DBManager:connection_data:Object reference not set to an instance of an object.
3/13/2024 10:33:28 AM:DBManager:connection_data:Object reference not set to an instance of an object.
3/13/2024 10:33:28 AM:DBManager:connection_data:Object reference not set to an instance of an object.
3/13/2024 10:33:28 AM:DBManager:connection_data:Object reference not set to an instance of an object.
3/13/2024 10:33:28 AM:DBManager:connection_data:Object reference not set to an instance of an object.
3/13/2024 10:33:28 AM:DBManager:connection_data:Object reference not set to an instance of an object.
3/13/2024 10:33:28 AM:DBManager:connection_data:Object reference not set to an instance of an object.
3/13/2024 10:33:28 AM:DBManager:connection_data:Object reference not set to an instance of an object.
3/13/2024 10:33:28 AM:DBManager:connection_data:Object reference not set to an instance of an object.
3/13/2024 10:33:28 AM:DBManager:connection_data:Object reference not set to an instance of an object.
3/13/2024 10:33:28 AM:DBManager:connection_data:Object reference not set to an instance of an object.
3/13/2024 10:33:28 AM:DBManager:connection_data:Object reference not set to an instance of an object.
3/13/2024 10:33:28 AM:DBManager:connection_data:Object reference not set to an instance of an object.
3/13/2024 10:33:28 AM:DBManager:connection_data:Object reference not set to an instance of an object.
3/13/2024 10:33:28 AM:DBManager:connection_data:Object reference not set to an instance of an object.
3/13/2024 10:33:28 AM:DBManager:connection_data:Object reference not set to an instance of an object.
3/13/2024 10:33:28 AM:DBManager:connection_data:Object reference not set to an instance of an object.
3/13/2024 10:33:28 AM:DBManager:connection_data:Object reference not set to an instance of an object.
3/13/2024 10:33:28 AM:DBManager:connection_data:Object reference not set to an instance of an object.
3/13/2024 10:33:28 AM:DBManager:connection_data:Object reference not set to an instance of an object.
3/13/2024 10:33:28 AM:DBManager:connection_data:Object reference not set to an instance of an object.
3/13/2024 10:33:28 AM:DBManager:connection_data:Object reference not set to an instance of an object.
3/13/2024 10:33:28 AM:DBManager:connection_data:Object reference not set to an instance of an object.
3/13/2024 10:33:28 AM:DBManager:connection_data:Object reference not set to an instance of an object.
3/13/2024 10:33:28 AM:DBManager:connection_data:Object reference not set to an instance of an object.
3/13/2024 10:33:28 AM:DBManager:connection_data:Object reference not set to an instance of an object.
3/13/2024 10:33:28 AM:DBManager:connection_data:Object reference not set to an instance of an object.
3/13/2024 10:33:28 AM:DBManager:connection_data:Object reference not set to an instance of an object.
3/13/2024 10:33:28 AM:DBManager:connection_data:Object reference not set to an instance of an object.
3/13/2024 10:33:28 AM:DBManager:connection_data:Object reference not set to an instance of an object.
3/13/2024 10:33:28 AM:DBManager:connection_data:Object reference not set to an instance of an object.
3/13/2024 10:33:28 AM:DBManager:connection_data:Object reference not set to an instance of an object.
3/13/2024 10:33:28 AM:DBManager:connection_data:Object reference not set to an instance of an object.
3/13/2024 10:33:28 AM:DBManager:connection_data:Object reference not set to an instance of an object.
3/13/2024 10:33:28 AM:DBManager:connection_data:Object reference not set to an instance of an object.
3/13/2024 10:33:28 AM:DBManager:connection_data:Object reference not set to an instance of an object.
3/13/2024 10:33:28 AM:DBManager:connection_data:Object reference not set to an instance of an object.
3/13/2024 10:33:28 AM:Page_Load:BindChartData:Invalid column name 'Beverage'.
Invalid column name 'Jamie_Drinks'.
Invalid column name 'Matt_Cocktails'.
3/13/2024 10:34:24 AM:DBManager:connection_data:Object reference not set to an instance of an object.
3/13/2024 10:34:24 AM:DBManager:connection_data:Object reference not set to an instance of an object.
3/13/2024 10:34:24 AM:DBManager:connection_data:Object reference not set to an instance of an object.
3/13/2024 10:34:24 AM:DBManager:connection_data:Object reference not set to an instance of an object.
3/13/2024 10:34:24 AM:DBManager:connection_data:Object reference not set to an instance of an object.
3/13/2024 10:34:24 AM:DBManager:connection_data:Object reference not set to an instance of an object.
13/03/2024 10:34:24 AM:Location_List:rdLocaton_ItemDataBoundObject reference not set to an instance of an object.
13/03/2024 10:34:24 AM:Location_List:rdLocaton_ItemDataBoundObject reference not set to an instance of an object.
3/13/2024 11:13:57 AM:DBManager:connection_data:Object reference not set to an instance of an object.
3/13/2024 11:13:57 AM:DBManager:connection_data:Object reference not set to an instance of an object.
3/13/2024 11:13:57 AM:DBManager:connection_data:Object reference not set to an instance of an object.
13/03/2024 11:13:57 AM:SignIn:btnLogIn_Click:test
3/13/2024 11:14:36 AM:DBManager:connection_data:Object reference not set to an instance of an object.
3/13/2024 11:14:36 AM:DBManager:connection_data:Object reference not set to an instance of an object.
3/13/2024 11:14:36 AM:DBManager:connection_data:Object reference not set to an instance of an object.
3/13/2024 11:14:36 AM:DBManager:connection_data:Object reference not set to an instance of an object.
3/13/2024 11:14:36 AM:DBManager:connection_data:Object reference not set to an instance of an object.
3/13/2024 11:14:36 AM:DBManager:connection_data:Object reference not set to an instance of an object.
13/03/2024 11:14:36 AM:MasterPage:Page_Init:Thread was being aborted.
3/13/2024 11:14:36 AM:DBManager:connection_data:Object reference not set to an instance of an object.
3/13/2024 11:14:36 AM:DBManager:connection_data:Object reference not set to an instance of an object.
3/13/2024 11:14:36 AM:DBManager:connection_data:Object reference not set to an instance of an object.
13/03/2024 11:14:36 AM:SignIn:btnLogIn_Click:test
3/13/2024 11:14:43 AM:DBManager:connection_data:Object reference not set to an instance of an object.
3/13/2024 11:14:43 AM:DBManager:connection_data:Object reference not set to an instance of an object.
3/13/2024 11:14:43 AM:DBManager:connection_data:Object reference not set to an instance of an object.
13/03/2024 11:14:43 AM:SignIn:btnLogIn_Click:test
13/03/2024 11:14:43 AM:SignIn:btnLogIn_Click4:
13/03/2024 11:14:43 AM:SignIn:btnLogIn_Click5:
13/03/2024 11:14:43 AM:SignIn:btnLogIn_Click7:
13/03/2024 11:14:43 AM:SignIn:btnLogIn_Click8:
13/03/2024 11:14:43 AM:ClsDataccess:Getdatatable:The ConnectionString property has not been initialized.
3/13/2024 11:14:43 AM:DBManager:connection_data:Object reference not set to an instance of an object.
3/13/2024 11:14:43 AM:DBManager:connection_data:Object reference not set to an instance of an object.
3/13/2024 11:14:44 AM:DBManager:connection_data:Object reference not set to an instance of an object.
3/13/2024 11:14:44 AM:DBManager:connection_data:Object reference not set to an instance of an object.
3/13/2024 11:14:44 AM:DBManager:connection_data:Object reference not set to an instance of an object.
3/13/2024 11:14:44 AM:DBManager:connection_data:Object reference not set to an instance of an object.
3/13/2024 11:14:44 AM:DBManager:connection_data:Object reference not set to an instance of an object.
3/13/2024 11:14:44 AM:DBManager:connection_data:Object reference not set to an instance of an object.
3/13/2024 11:14:44 AM:DBManager:connection_data:Object reference not set to an instance of an object.
3/13/2024 11:14:44 AM:DBManager:connection_data:Object reference not set to an instance of an object.
3/13/2024 11:14:44 AM:DBManager:connection_data:Object reference not set to an instance of an object.
3/13/2024 11:14:44 AM:DBManager:connection_data:Object reference not set to an instance of an object.
3/13/2024 11:14:44 AM:DBManager:connection_data:Object reference not set to an instance of an object.
3/13/2024 11:14:44 AM:DBManager:connection_data:Object reference not set to an instance of an object.
3/13/2024 11:14:44 AM:DBManager:connection_data:Object reference not set to an instance of an object.
3/13/2024 11:14:44 AM:DBManager:connection_data:Object reference not set to an instance of an object.
3/13/2024 11:14:44 AM:DBManager:connection_data:Object reference not set to an instance of an object.
3/13/2024 11:14:44 AM:DBManager:connection_data:Object reference not set to an instance of an object.
3/13/2024 11:14:44 AM:DBManager:connection_data:Object reference not set to an instance of an object.
3/13/2024 11:14:44 AM:DBManager:connection_data:Object reference not set to an instance of an object.
3/13/2024 11:14:44 AM:DBManager:connection_data:Object reference not set to an instance of an object.
3/13/2024 11:14:44 AM:DBManager:connection_data:Object reference not set to an instance of an object.
3/13/2024 11:14:44 AM:DBManager:connection_data:Object reference not set to an instance of an object.
3/13/2024 11:14:44 AM:DBManager:connection_data:Object reference not set to an instance of an object.
3/13/2024 11:14:44 AM:DBManager:connection_data:Object reference not set to an instance of an object.
3/13/2024 11:14:44 AM:DBManager:connection_data:Object reference not set to an instance of an object.
3/13/2024 11:14:44 AM:DBManager:connection_data:Object reference not set to an instance of an object.
3/13/2024 11:14:44 AM:DBManager:connection_data:Object reference not set to an instance of an object.
3/13/2024 11:14:44 AM:DBManager:connection_data:Object reference not set to an instance of an object.
3/13/2024 11:14:44 AM:DBManager:connection_data:Object reference not set to an instance of an object.
3/13/2024 11:14:44 AM:DBManager:connection_data:Object reference not set to an instance of an object.
3/13/2024 11:14:44 AM:DBManager:connection_data:Object reference not set to an instance of an object.
3/13/2024 11:14:44 AM:DBManager:connection_data:Object reference not set to an instance of an object.
3/13/2024 11:14:44 AM:DBManager:connection_data:Object reference not set to an instance of an object.
3/13/2024 11:14:44 AM:DBManager:connection_data:Object reference not set to an instance of an object.
3/13/2024 11:14:44 AM:DBManager:connection_data:Object reference not set to an instance of an object.
3/13/2024 11:14:44 AM:DBManager:connection_data:Object reference not set to an instance of an object.
3/13/2024 11:14:44 AM:DBManager:connection_data:Object reference not set to an instance of an object.
3/13/2024 11:14:44 AM:DBManager:connection_data:Object reference not set to an instance of an object.
3/13/2024 11:14:44 AM:DBManager:connection_data:Object reference not set to an instance of an object.
3/13/2024 11:14:44 AM:DBManager:connection_data:Object reference not set to an instance of an object.
3/13/2024 11:14:44 AM:DBManager:connection_data:Object reference not set to an instance of an object.
3/13/2024 11:14:44 AM:DBManager:connection_data:Object reference not set to an instance of an object.
3/13/2024 11:14:44 AM:DBManager:connection_data:Object reference not set to an instance of an object.
3/13/2024 11:14:44 AM:DBManager:connection_data:Object reference not set to an instance of an object.
3/13/2024 11:14:44 AM:DBManager:connection_data:Object reference not set to an instance of an object.
3/13/2024 11:14:44 AM:DBManager:connection_data:Object reference not set to an instance of an object.
3/13/2024 11:14:44 AM:DBManager:connection_data:Object reference not set to an instance of an object.
3/13/2024 11:14:44 AM:DBManager:connection_data:Object reference not set to an instance of an object.
3/13/2024 11:14:44 AM:DBManager:connection_data:Object reference not set to an instance of an object.
3/13/2024 11:14:44 AM:DBManager:connection_data:Object reference not set to an instance of an object.
3/13/2024 11:14:44 AM:DBManager:connection_data:Object reference not set to an instance of an object.
3/13/2024 11:14:44 AM:DBManager:connection_data:Object reference not set to an instance of an object.
3/13/2024 11:14:44 AM:DBManager:connection_data:Object reference not set to an instance of an object.
3/13/2024 11:14:44 AM:DBManager:connection_data:Object reference not set to an instance of an object.
3/13/2024 11:14:44 AM:DBManager:connection_data:Object reference not set to an instance of an object.
3/13/2024 11:14:44 AM:DBManager:connection_data:Object reference not set to an instance of an object.
3/13/2024 11:14:44 AM:DBManager:connection_data:Object reference not set to an instance of an object.
3/13/2024 11:14:44 AM:DBManager:connection_data:Object reference not set to an instance of an object.
3/13/2024 11:14:44 AM:DBManager:connection_data:Object reference not set to an instance of an object.
3/13/2024 11:14:44 AM:DBManager:connection_data:Object reference not set to an instance of an object.
3/13/2024 11:14:44 AM:DBManager:connection_data:Object reference not set to an instance of an object.
3/13/2024 11:14:44 AM:DBManager:connection_data:Object reference not set to an instance of an object.
3/13/2024 11:14:44 AM:DBManager:connection_data:Object reference not set to an instance of an object.
3/13/2024 11:14:44 AM:DBManager:connection_data:Object reference not set to an instance of an object.
3/13/2024 11:14:44 AM:DBManager:connection_data:Object reference not set to an instance of an object.
3/13/2024 11:14:44 AM:DBManager:connection_data:Object reference not set to an instance of an object.
3/13/2024 11:14:44 AM:DBManager:connection_data:Object reference not set to an instance of an object.
3/13/2024 11:14:44 AM:DBManager:connection_data:Object reference not set to an instance of an object.
3/13/2024 11:14:44 AM:DBManager:connection_data:Object reference not set to an instance of an object.
3/13/2024 11:14:44 AM:DBManager:connection_data:Object reference not set to an instance of an object.
3/13/2024 11:14:44 AM:DBManager:connection_data:Object reference not set to an instance of an object.
3/13/2024 11:14:44 AM:DBManager:connection_data:Object reference not set to an instance of an object.
3/13/2024 11:14:44 AM:DBManager:connection_data:Object reference not set to an instance of an object.
3/13/2024 11:14:44 AM:DBManager:connection_data:Object reference not set to an instance of an object.
3/13/2024 11:14:44 AM:DBManager:connection_data:Object reference not set to an instance of an object.
3/13/2024 11:14:44 AM:DBManager:connection_data:Object reference not set to an instance of an object.
3/13/2024 11:14:47 AM:DBManager:connection_data:Object reference not set to an instance of an object.
3/13/2024 11:14:47 AM:DBManager:connection_data:Object reference not set to an instance of an object.
3/13/2024 11:14:47 AM:DBManager:connection_data:Object reference not set to an instance of an object.
3/13/2024 11:14:47 AM:DBManager:connection_data:Object reference not set to an instance of an object.
3/13/2024 11:14:47 AM:DBManager:connection_data:Object reference not set to an instance of an object.
3/13/2024 11:14:47 AM:DBManager:connection_data:Object reference not set to an instance of an object.
3/13/2024 11:14:47 AM:DBManager:connection_data:Object reference not set to an instance of an object.
3/13/2024 11:14:47 AM:DBManager:connection_data:Object reference not set to an instance of an object.
3/13/2024 11:14:47 AM:DBManager:connection_data:Object reference not set to an instance of an object.
3/13/2024 11:14:47 AM:DBManager:connection_data:Object reference not set to an instance of an object.
3/13/2024 11:14:47 AM:DBManager:connection_data:Object reference not set to an instance of an object.
3/13/2024 11:14:47 AM:DBManager:connection_data:Object reference not set to an instance of an object.
3/13/2024 11:14:47 AM:DBManager:connection_data:Object reference not set to an instance of an object.
3/13/2024 11:14:47 AM:DBManager:connection_data:Object reference not set to an instance of an object.
3/13/2024 11:14:47 AM:DBManager:connection_data:Object reference not set to an instance of an object.
3/13/2024 11:14:47 AM:DBManager:connection_data:Object reference not set to an instance of an object.
3/13/2024 11:14:47 AM:DBManager:connection_data:Object reference not set to an instance of an object.
3/13/2024 11:14:47 AM:DBManager:connection_data:Object reference not set to an instance of an object.
3/13/2024 11:14:47 AM:DBManager:connection_data:Object reference not set to an instance of an object.
3/13/2024 11:14:47 AM:DBManager:connection_data:Object reference not set to an instance of an object.
3/13/2024 11:14:47 AM:DBManager:connection_data:Object reference not set to an instance of an object.
3/13/2024 11:14:47 AM:DBManager:connection_data:Object reference not set to an instance of an object.
3/13/2024 11:14:47 AM:DBManager:connection_data:Object reference not set to an instance of an object.
3/13/2024 11:14:47 AM:DBManager:connection_data:Object reference not set to an instance of an object.
3/13/2024 11:14:47 AM:DBManager:connection_data:Object reference not set to an instance of an object.
3/13/2024 11:14:47 AM:DBManager:connection_data:Object reference not set to an instance of an object.
3/13/2024 11:14:47 AM:DBManager:connection_data:Object reference not set to an instance of an object.
3/13/2024 11:14:47 AM:DBManager:connection_data:Object reference not set to an instance of an object.
3/13/2024 11:14:47 AM:DBManager:connection_data:Object reference not set to an instance of an object.
3/13/2024 11:14:47 AM:DBManager:connection_data:Object reference not set to an instance of an object.
3/13/2024 11:14:47 AM:DBManager:connection_data:Object reference not set to an instance of an object.
3/13/2024 11:14:47 AM:DBManager:connection_data:Object reference not set to an instance of an object.
3/13/2024 11:14:47 AM:DBManager:connection_data:Object reference not set to an instance of an object.
3/13/2024 11:14:47 AM:DBManager:connection_data:Object reference not set to an instance of an object.
3/13/2024 11:14:47 AM:DBManager:connection_data:Object reference not set to an instance of an object.
3/13/2024 11:14:47 AM:DBManager:connection_data:Object reference not set to an instance of an object.
3/13/2024 11:14:47 AM:DBManager:connection_data:Object reference not set to an instance of an object.
3/13/2024 11:14:47 AM:DBManager:connection_data:Object reference not set to an instance of an object.
3/13/2024 11:14:47 AM:DBManager:connection_data:Object reference not set to an instance of an object.
3/13/2024 11:14:47 AM:DBManager:connection_data:Object reference not set to an instance of an object.
3/13/2024 11:14:47 AM:DBManager:connection_data:Object reference not set to an instance of an object.
3/13/2024 11:14:47 AM:DBManager:connection_data:Object reference not set to an instance of an object.
3/13/2024 11:14:47 AM:DBManager:connection_data:Object reference not set to an instance of an object.
3/13/2024 11:14:47 AM:DBManager:connection_data:Object reference not set to an instance of an object.
3/13/2024 11:14:47 AM:DBManager:connection_data:Object reference not set to an instance of an object.
3/13/2024 11:14:47 AM:DBManager:connection_data:Object reference not set to an instance of an object.
3/13/2024 11:14:47 AM:DBManager:connection_data:Object reference not set to an instance of an object.
3/13/2024 11:14:47 AM:DBManager:connection_data:Object reference not set to an instance of an object.
3/13/2024 11:14:47 AM:DBManager:connection_data:Object reference not set to an instance of an object.
3/13/2024 11:14:47 AM:DBManager:connection_data:Object reference not set to an instance of an object.
3/13/2024 11:14:47 AM:DBManager:connection_data:Object reference not set to an instance of an object.
3/13/2024 11:14:47 AM:DBManager:connection_data:Object reference not set to an instance of an object.
3/13/2024 11:14:47 AM:DBManager:connection_data:Object reference not set to an instance of an object.
3/13/2024 11:14:47 AM:DBManager:connection_data:Object reference not set to an instance of an object.
3/13/2024 11:14:47 AM:DBManager:connection_data:Object reference not set to an instance of an object.
3/13/2024 11:14:47 AM:DBManager:connection_data:Object reference not set to an instance of an object.
3/13/2024 11:14:47 AM:DBManager:connection_data:Object reference not set to an instance of an object.
3/13/2024 11:14:47 AM:DBManager:connection_data:Object reference not set to an instance of an object.
3/13/2024 11:14:47 AM:DBManager:connection_data:Object reference not set to an instance of an object.
3/13/2024 11:14:47 AM:DBManager:connection_data:Object reference not set to an instance of an object.
3/13/2024 11:14:47 AM:DBManager:connection_data:Object reference not set to an instance of an object.
3/13/2024 11:14:47 AM:DBManager:connection_data:Object reference not set to an instance of an object.
3/13/2024 11:14:47 AM:DBManager:connection_data:Object reference not set to an instance of an object.
3/13/2024 11:14:47 AM:DBManager:connection_data:Object reference not set to an instance of an object.
3/13/2024 11:14:47 AM:DBManager:connection_data:Object reference not set to an instance of an object.
3/13/2024 11:14:47 AM:DBManager:connection_data:Object reference not set to an instance of an object.
3/13/2024 11:14:47 AM:DBManager:connection_data:Object reference not set to an instance of an object.
3/13/2024 11:14:47 AM:DBManager:connection_data:Object reference not set to an instance of an object.
3/13/2024 11:14:47 AM:DBManager:connection_data:Object reference not set to an instance of an object.
3/13/2024 11:14:47 AM:DBManager:connection_data:Object reference not set to an instance of an object.
3/13/2024 11:14:47 AM:DBManager:connection_data:Object reference not set to an instance of an object.
3/13/2024 11:14:47 AM:DBManager:connection_data:Object reference not set to an instance of an object.
3/13/2024 11:14:47 AM:DBManager:connection_data:Object reference not set to an instance of an object.
3/13/2024 11:14:47 AM:DBManager:connection_data:Object reference not set to an instance of an object.
3/13/2024 11:14:47 AM:DBManager:connection_data:Object reference not set to an instance of an object.
3/13/2024 11:14:47 AM:DBManager:connection_data:Object reference not set to an instance of an object.
3/13/2024 11:14:47 AM:DBManager:connection_data:Object reference not set to an instance of an object.
3/13/2024 11:14:49 AM:DBManager:connection_data:Object reference not set to an instance of an object.
3/13/2024 11:14:49 AM:DBManager:connection_data:Object reference not set to an instance of an object.
3/13/2024 11:14:49 AM:DBManager:connection_data:Object reference not set to an instance of an object.
3/13/2024 11:14:49 AM:DBManager:connection_data:Object reference not set to an instance of an object.
3/13/2024 11:14:49 AM:DBManager:connection_data:Object reference not set to an instance of an object.
3/13/2024 11:14:49 AM:DBManager:connection_data:Object reference not set to an instance of an object.
13/03/2024 11:14:50 AM:Location_List:rdLocaton_ItemDataBoundObject reference not set to an instance of an object.
13/03/2024 11:14:50 AM:Location_List:rdLocaton_ItemDataBoundObject reference not set to an instance of an object.
3/13/2024 11:37:30 AM:DBManager:connection_data:Object reference not set to an instance of an object.
3/13/2024 11:37:30 AM:DBManager:connection_data:Object reference not set to an instance of an object.
3/13/2024 11:37:30 AM:DBManager:connection_data:Object reference not set to an instance of an object.
3/13/2024 11:37:30 AM:DBManager:connection_data:Object reference not set to an instance of an object.
3/13/2024 11:37:30 AM:DBManager:connection_data:Object reference not set to an instance of an object.
3/13/2024 11:37:30 AM:DBManager:connection_data:Object reference not set to an instance of an object.
13/03/2024 11:37:30 AM:MasterPage:Page_Init:Thread was being aborted.
3/13/2024 11:37:30 AM:DBManager:connection_data:Object reference not set to an instance of an object.
3/13/2024 11:37:30 AM:DBManager:connection_data:Object reference not set to an instance of an object.
3/13/2024 11:37:30 AM:DBManager:connection_data:Object reference not set to an instance of an object.
13/03/2024 11:37:30 AM:SignIn:btnLogIn_Click:test
3/13/2024 11:37:40 AM:DBManager:connection_data:Object reference not set to an instance of an object.
3/13/2024 11:37:40 AM:DBManager:connection_data:Object reference not set to an instance of an object.
3/13/2024 11:37:40 AM:DBManager:connection_data:Object reference not set to an instance of an object.
13/03/2024 11:37:40 AM:SignIn:btnLogIn_Click:test
13/03/2024 11:37:40 AM:SignIn:btnLogIn_Click4:
13/03/2024 11:37:40 AM:SignIn:btnLogIn_Click5:
13/03/2024 11:37:40 AM:SignIn:btnLogIn_Click7:
13/03/2024 11:37:40 AM:SignIn:btnLogIn_Click8:
13/03/2024 11:37:40 AM:ClsDataccess:Getdatatable:The ConnectionString property has not been initialized.
3/13/2024 11:37:40 AM:DBManager:connection_data:Object reference not set to an instance of an object.
3/13/2024 11:37:40 AM:DBManager:connection_data:Object reference not set to an instance of an object.
3/13/2024 11:37:40 AM:DBManager:connection_data:Object reference not set to an instance of an object.
3/13/2024 11:37:40 AM:DBManager:connection_data:Object reference not set to an instance of an object.
3/13/2024 11:37:40 AM:DBManager:connection_data:Object reference not set to an instance of an object.
3/13/2024 11:37:40 AM:DBManager:connection_data:Object reference not set to an instance of an object.
3/13/2024 11:37:40 AM:DBManager:connection_data:Object reference not set to an instance of an object.
3/13/2024 11:37:40 AM:DBManager:connection_data:Object reference not set to an instance of an object.
3/13/2024 11:37:40 AM:DBManager:connection_data:Object reference not set to an instance of an object.
3/13/2024 11:37:40 AM:DBManager:connection_data:Object reference not set to an instance of an object.
3/13/2024 11:37:40 AM:DBManager:connection_data:Object reference not set to an instance of an object.
3/13/2024 11:37:40 AM:DBManager:connection_data:Object reference not set to an instance of an object.
3/13/2024 11:37:40 AM:DBManager:connection_data:Object reference not set to an instance of an object.
3/13/2024 11:37:40 AM:DBManager:connection_data:Object reference not set to an instance of an object.
3/13/2024 11:37:40 AM:DBManager:connection_data:Object reference not set to an instance of an object.
3/13/2024 11:37:40 AM:DBManager:connection_data:Object reference not set to an instance of an object.
3/13/2024 11:37:40 AM:DBManager:connection_data:Object reference not set to an instance of an object.
3/13/2024 11:37:40 AM:DBManager:connection_data:Object reference not set to an instance of an object.
3/13/2024 11:37:40 AM:DBManager:connection_data:Object reference not set to an instance of an object.
3/13/2024 11:37:40 AM:DBManager:connection_data:Object reference not set to an instance of an object.
3/13/2024 11:37:40 AM:DBManager:connection_data:Object reference not set to an instance of an object.
3/13/2024 11:37:40 AM:DBManager:connection_data:Object reference not set to an instance of an object.
3/13/2024 11:37:40 AM:DBManager:connection_data:Object reference not set to an instance of an object.
3/13/2024 11:37:40 AM:DBManager:connection_data:Object reference not set to an instance of an object.
3/13/2024 11:37:40 AM:DBManager:connection_data:Object reference not set to an instance of an object.
3/13/2024 11:37:40 AM:DBManager:connection_data:Object reference not set to an instance of an object.
3/13/2024 11:37:40 AM:DBManager:connection_data:Object reference not set to an instance of an object.
3/13/2024 11:37:40 AM:DBManager:connection_data:Object reference not set to an instance of an object.
3/13/2024 11:37:40 AM:DBManager:connection_data:Object reference not set to an instance of an object.
3/13/2024 11:37:40 AM:DBManager:connection_data:Object reference not set to an instance of an object.
3/13/2024 11:37:40 AM:DBManager:connection_data:Object reference not set to an instance of an object.
3/13/2024 11:37:40 AM:DBManager:connection_data:Object reference not set to an instance of an object.
3/13/2024 11:37:40 AM:DBManager:connection_data:Object reference not set to an instance of an object.
3/13/2024 11:37:40 AM:DBManager:connection_data:Object reference not set to an instance of an object.
3/13/2024 11:37:40 AM:DBManager:connection_data:Object reference not set to an instance of an object.
3/13/2024 11:37:40 AM:DBManager:connection_data:Object reference not set to an instance of an object.
3/13/2024 11:37:40 AM:DBManager:connection_data:Object reference not set to an instance of an object.
3/13/2024 11:37:40 AM:DBManager:connection_data:Object reference not set to an instance of an object.
3/13/2024 11:37:40 AM:DBManager:connection_data:Object reference not set to an instance of an object.
3/13/2024 11:37:40 AM:DBManager:connection_data:Object reference not set to an instance of an object.
3/13/2024 11:37:40 AM:DBManager:connection_data:Object reference not set to an instance of an object.
3/13/2024 11:37:40 AM:DBManager:connection_data:Object reference not set to an instance of an object.
3/13/2024 11:37:40 AM:DBManager:connection_data:Object reference not set to an instance of an object.
3/13/2024 11:37:40 AM:DBManager:connection_data:Object reference not set to an instance of an object.
3/13/2024 11:37:40 AM:DBManager:connection_data:Object reference not set to an instance of an object.
3/13/2024 11:37:40 AM:DBManager:connection_data:Object reference not set to an instance of an object.
3/13/2024 11:37:40 AM:DBManager:connection_data:Object reference not set to an instance of an object.
3/13/2024 11:37:40 AM:DBManager:connection_data:Object reference not set to an instance of an object.
3/13/2024 11:37:40 AM:DBManager:connection_data:Object reference not set to an instance of an object.
3/13/2024 11:37:40 AM:DBManager:connection_data:Object reference not set to an instance of an object.
3/13/2024 11:37:40 AM:DBManager:connection_data:Object reference not set to an instance of an object.
3/13/2024 11:37:40 AM:DBManager:connection_data:Object reference not set to an instance of an object.
3/13/2024 11:37:40 AM:DBManager:connection_data:Object reference not set to an instance of an object.
3/13/2024 11:37:40 AM:DBManager:connection_data:Object reference not set to an instance of an object.
3/13/2024 11:37:40 AM:DBManager:connection_data:Object reference not set to an instance of an object.
3/13/2024 11:37:40 AM:DBManager:connection_data:Object reference not set to an instance of an object.
3/13/2024 11:37:40 AM:DBManager:connection_data:Object reference not set to an instance of an object.
3/13/2024 11:37:40 AM:DBManager:connection_data:Object reference not set to an instance of an object.
3/13/2024 11:37:40 AM:DBManager:connection_data:Object reference not set to an instance of an object.
3/13/2024 11:37:40 AM:DBManager:connection_data:Object reference not set to an instance of an object.
3/13/2024 11:37:40 AM:DBManager:connection_data:Object reference not set to an instance of an object.
3/13/2024 11:37:40 AM:DBManager:connection_data:Object reference not set to an instance of an object.
3/13/2024 11:37:40 AM:DBManager:connection_data:Object reference not set to an instance of an object.
3/13/2024 11:37:40 AM:DBManager:connection_data:Object reference not set to an instance of an object.
3/13/2024 11:37:40 AM:DBManager:connection_data:Object reference not set to an instance of an object.
3/13/2024 11:37:40 AM:DBManager:connection_data:Object reference not set to an instance of an object.
3/13/2024 11:37:40 AM:DBManager:connection_data:Object reference not set to an instance of an object.
3/13/2024 11:37:40 AM:DBManager:connection_data:Object reference not set to an instance of an object.
3/13/2024 11:37:40 AM:DBManager:connection_data:Object reference not set to an instance of an object.
3/13/2024 11:37:40 AM:DBManager:connection_data:Object reference not set to an instance of an object.
3/13/2024 11:37:40 AM:DBManager:connection_data:Object reference not set to an instance of an object.
3/13/2024 11:37:40 AM:DBManager:connection_data:Object reference not set to an instance of an object.
3/13/2024 11:37:40 AM:DBManager:connection_data:Object reference not set to an instance of an object.
3/13/2024 11:37:40 AM:DBManager:connection_data:Object reference not set to an instance of an object.
3/13/2024 11:37:40 AM:DBManager:connection_data:Object reference not set to an instance of an object.
3/13/2024 11:37:40 AM:DBManager:connection_data:Object reference not set to an instance of an object.
3/13/2024 11:37:40 AM:DBManager:connection_data:Object reference not set to an instance of an object.
3/13/2024 11:37:41 AM:DBManager:connection_data:Object reference not set to an instance of an object.
3/13/2024 11:37:41 AM:DBManager:connection_data:Object reference not set to an instance of an object.
3/13/2024 11:37:41 AM:DBManager:connection_data:Object reference not set to an instance of an object.
3/13/2024 11:37:42 AM:DBManager:connection_data:Object reference not set to an instance of an object.
3/13/2024 11:37:42 AM:DBManager:connection_data:Object reference not set to an instance of an object.
3/13/2024 11:37:42 AM:DBManager:connection_data:Object reference not set to an instance of an object.
3/13/2024 11:37:42 AM:DBManager:connection_data:Object reference not set to an instance of an object.
3/13/2024 11:37:42 AM:DBManager:connection_data:Object reference not set to an instance of an object.
3/13/2024 11:37:42 AM:DBManager:connection_data:Object reference not set to an instance of an object.
3/13/2024 11:37:42 AM:DBManager:connection_data:Object reference not set to an instance of an object.
3/13/2024 11:37:42 AM:DBManager:connection_data:Object reference not set to an instance of an object.
3/13/2024 11:37:42 AM:DBManager:connection_data:Object reference not set to an instance of an object.
3/13/2024 11:37:42 AM:DBManager:connection_data:Object reference not set to an instance of an object.
3/13/2024 11:37:42 AM:DBManager:connection_data:Object reference not set to an instance of an object.
3/13/2024 11:37:42 AM:DBManager:connection_data:Object reference not set to an instance of an object.
3/13/2024 11:37:42 AM:DBManager:connection_data:Object reference not set to an instance of an object.
3/13/2024 11:37:42 AM:DBManager:connection_data:Object reference not set to an instance of an object.
3/13/2024 11:37:42 AM:DBManager:connection_data:Object reference not set to an instance of an object.
3/13/2024 11:37:42 AM:DBManager:connection_data:Object reference not set to an instance of an object.
3/13/2024 11:37:42 AM:DBManager:connection_data:Object reference not set to an instance of an object.
3/13/2024 11:37:42 AM:DBManager:connection_data:Object reference not set to an instance of an object.
3/13/2024 11:37:42 AM:DBManager:connection_data:Object reference not set to an instance of an object.
3/13/2024 11:37:42 AM:DBManager:connection_data:Object reference not set to an instance of an object.
3/13/2024 11:37:42 AM:DBManager:connection_data:Object reference not set to an instance of an object.
3/13/2024 11:37:42 AM:DBManager:connection_data:Object reference not set to an instance of an object.
3/13/2024 11:37:42 AM:DBManager:connection_data:Object reference not set to an instance of an object.
3/13/2024 11:37:42 AM:DBManager:connection_data:Object reference not set to an instance of an object.
3/13/2024 11:37:42 AM:DBManager:connection_data:Object reference not set to an instance of an object.
3/13/2024 11:37:42 AM:DBManager:connection_data:Object reference not set to an instance of an object.
3/13/2024 11:37:42 AM:DBManager:connection_data:Object reference not set to an instance of an object.
3/13/2024 11:37:42 AM:DBManager:connection_data:Object reference not set to an instance of an object.
3/13/2024 11:37:42 AM:DBManager:connection_data:Object reference not set to an instance of an object.
3/13/2024 11:37:42 AM:DBManager:connection_data:Object reference not set to an instance of an object.
3/13/2024 11:37:42 AM:DBManager:connection_data:Object reference not set to an instance of an object.
3/13/2024 11:37:42 AM:DBManager:connection_data:Object reference not set to an instance of an object.
3/13/2024 11:37:42 AM:DBManager:connection_data:Object reference not set to an instance of an object.
3/13/2024 11:37:42 AM:DBManager:connection_data:Object reference not set to an instance of an object.
3/13/2024 11:37:42 AM:DBManager:connection_data:Object reference not set to an instance of an object.
3/13/2024 11:37:42 AM:DBManager:connection_data:Object reference not set to an instance of an object.
3/13/2024 11:37:42 AM:DBManager:connection_data:Object reference not set to an instance of an object.
3/13/2024 11:37:42 AM:DBManager:connection_data:Object reference not set to an instance of an object.
3/13/2024 11:37:42 AM:DBManager:connection_data:Object reference not set to an instance of an object.
3/13/2024 11:37:42 AM:DBManager:connection_data:Object reference not set to an instance of an object.
3/13/2024 11:37:42 AM:DBManager:connection_data:Object reference not set to an instance of an object.
3/13/2024 11:37:42 AM:DBManager:connection_data:Object reference not set to an instance of an object.
3/13/2024 11:37:42 AM:DBManager:connection_data:Object reference not set to an instance of an object.
3/13/2024 11:37:42 AM:DBManager:connection_data:Object reference not set to an instance of an object.
3/13/2024 11:37:42 AM:DBManager:connection_data:Object reference not set to an instance of an object.
3/13/2024 11:37:42 AM:DBManager:connection_data:Object reference not set to an instance of an object.
3/13/2024 11:37:42 AM:DBManager:connection_data:Object reference not set to an instance of an object.
3/13/2024 11:37:42 AM:DBManager:connection_data:Object reference not set to an instance of an object.
3/13/2024 11:37:42 AM:DBManager:connection_data:Object reference not set to an instance of an object.
3/13/2024 11:37:42 AM:DBManager:connection_data:Object reference not set to an instance of an object.
3/13/2024 11:37:42 AM:DBManager:connection_data:Object reference not set to an instance of an object.
3/13/2024 11:37:42 AM:DBManager:connection_data:Object reference not set to an instance of an object.
3/13/2024 11:37:42 AM:DBManager:connection_data:Object reference not set to an instance of an object.
3/13/2024 11:37:42 AM:DBManager:connection_data:Object reference not set to an instance of an object.
3/13/2024 11:37:42 AM:DBManager:connection_data:Object reference not set to an instance of an object.
3/13/2024 11:37:42 AM:DBManager:connection_data:Object reference not set to an instance of an object.
3/13/2024 11:37:42 AM:DBManager:connection_data:Object reference not set to an instance of an object.
3/13/2024 11:37:42 AM:DBManager:connection_data:Object reference not set to an instance of an object.
3/13/2024 11:37:42 AM:DBManager:connection_data:Object reference not set to an instance of an object.
3/13/2024 11:37:42 AM:DBManager:connection_data:Object reference not set to an instance of an object.
3/13/2024 11:37:42 AM:DBManager:connection_data:Object reference not set to an instance of an object.
3/13/2024 11:37:42 AM:DBManager:connection_data:Object reference not set to an instance of an object.
3/13/2024 11:37:42 AM:DBManager:connection_data:Object reference not set to an instance of an object.
3/13/2024 11:37:42 AM:DBManager:connection_data:Object reference not set to an instance of an object.
3/13/2024 11:37:42 AM:DBManager:connection_data:Object reference not set to an instance of an object.
3/13/2024 11:37:42 AM:DBManager:connection_data:Object reference not set to an instance of an object.
3/13/2024 11:37:42 AM:DBManager:connection_data:Object reference not set to an instance of an object.
3/13/2024 11:37:42 AM:DBManager:connection_data:Object reference not set to an instance of an object.
3/13/2024 11:37:42 AM:DBManager:connection_data:Object reference not set to an instance of an object.
3/13/2024 11:37:42 AM:DBManager:connection_data:Object reference not set to an instance of an object.
3/13/2024 11:37:42 AM:DBManager:connection_data:Object reference not set to an instance of an object.
3/13/2024 11:37:42 AM:DBManager:connection_data:Object reference not set to an instance of an object.
3/13/2024 11:37:42 AM:DBManager:connection_data:Object reference not set to an instance of an object.
3/13/2024 11:37:42 AM:DBManager:connection_data:Object reference not set to an instance of an object.
3/13/2024 11:37:42 AM:DBManager:connection_data:Object reference not set to an instance of an object.
3/13/2024 11:37:42 AM:DBManager:connection_data:Object reference not set to an instance of an object.
3/13/2024 11:37:42 AM:DBManager:connection_data:Object reference not set to an instance of an object.
13/03/2024 11:37:42 AM:SignIn:btnLogIn_Click:test
13/03/2024 11:37:42 AM:SignIn:btnLogIn_Click4:
13/03/2024 11:37:42 AM:SignIn:btnLogIn_Click5:
13/03/2024 11:37:42 AM:SignIn:btnLogIn_Click7:
13/03/2024 11:37:42 AM:SignIn:btnLogIn_Click8:
13/03/2024 11:37:42 AM:ClsDataccess:Getdatatable:The ConnectionString property has not been initialized.
3/13/2024 11:38:29 AM:DBManager:connection_data:Object reference not set to an instance of an object.
3/13/2024 11:38:29 AM:DBManager:connection_data:Object reference not set to an instance of an object.
3/13/2024 11:38:29 AM:DBManager:connection_data:Object reference not set to an instance of an object.
3/13/2024 11:38:29 AM:DBManager:connection_data:Object reference not set to an instance of an object.
3/13/2024 11:38:29 AM:DBManager:connection_data:Object reference not set to an instance of an object.
3/13/2024 11:38:29 AM:DBManager:connection_data:Object reference not set to an instance of an object.
13/03/2024 11:38:29 AM:Location_List:rdLocaton_ItemDataBoundObject reference not set to an instance of an object.
13/03/2024 11:38:29 AM:Location_List:rdLocaton_ItemDataBoundObject reference not set to an instance of an object.
3/13/2024 12:09:25 PM:DBManager:connection_data:Object reference not set to an instance of an object.
3/13/2024 12:09:25 PM:DBManager:connection_data:Object reference not set to an instance of an object.
3/13/2024 12:09:25 PM:DBManager:connection_data:Object reference not set to an instance of an object.
3/13/2024 12:09:25 PM:DBManager:connection_data:Object reference not set to an instance of an object.
3/13/2024 12:09:25 PM:DBManager:connection_data:Object reference not set to an instance of an object.
3/13/2024 12:09:25 PM:DBManager:connection_data:Object reference not set to an instance of an object.
13/03/2024 12:09:25 PM:MasterPage:Page_Init:Thread was being aborted.
3/13/2024 12:09:25 PM:DBManager:connection_data:Object reference not set to an instance of an object.
3/13/2024 12:09:25 PM:DBManager:connection_data:Object reference not set to an instance of an object.
3/13/2024 12:09:25 PM:DBManager:connection_data:Object reference not set to an instance of an object.
13/03/2024 12:09:25 PM:SignIn:btnLogIn_Click:test
3/13/2024 12:09:35 PM:DBManager:connection_data:Object reference not set to an instance of an object.
3/13/2024 12:09:35 PM:DBManager:connection_data:Object reference not set to an instance of an object.
3/13/2024 12:09:35 PM:DBManager:connection_data:Object reference not set to an instance of an object.
13/03/2024 12:09:35 PM:SignIn:btnLogIn_Click:test
13/03/2024 12:09:35 PM:SignIn:btnLogIn_Click4:
13/03/2024 12:09:35 PM:SignIn:btnLogIn_Click5:
13/03/2024 12:09:35 PM:SignIn:btnLogIn_Click7:
13/03/2024 12:09:35 PM:SignIn:btnLogIn_Click8:
13/03/2024 12:09:35 PM:ClsDataccess:Getdatatable:The ConnectionString property has not been initialized.
3/13/2024 12:09:35 PM:DBManager:connection_data:Object reference not set to an instance of an object.
3/13/2024 12:09:35 PM:DBManager:connection_data:Object reference not set to an instance of an object.
3/13/2024 12:09:35 PM:DBManager:connection_data:Object reference not set to an instance of an object.
3/13/2024 12:09:35 PM:DBManager:connection_data:Object reference not set to an instance of an object.
3/13/2024 12:09:35 PM:DBManager:connection_data:Object reference not set to an instance of an object.
3/13/2024 12:09:35 PM:DBManager:connection_data:Object reference not set to an instance of an object.
3/13/2024 12:09:35 PM:DBManager:connection_data:Object reference not set to an instance of an object.
3/13/2024 12:09:35 PM:DBManager:connection_data:Object reference not set to an instance of an object.
3/13/2024 12:09:35 PM:DBManager:connection_data:Object reference not set to an instance of an object.
3/13/2024 12:09:35 PM:DBManager:connection_data:Object reference not set to an instance of an object.
3/13/2024 12:09:35 PM:DBManager:connection_data:Object reference not set to an instance of an object.
3/13/2024 12:09:35 PM:DBManager:connection_data:Object reference not set to an instance of an object.
3/13/2024 12:09:35 PM:DBManager:connection_data:Object reference not set to an instance of an object.
3/13/2024 12:09:35 PM:DBManager:connection_data:Object reference not set to an instance of an object.
3/13/2024 12:09:35 PM:DBManager:connection_data:Object reference not set to an instance of an object.
3/13/2024 12:09:35 PM:DBManager:connection_data:Object reference not set to an instance of an object.
3/13/2024 12:09:35 PM:DBManager:connection_data:Object reference not set to an instance of an object.
3/13/2024 12:09:35 PM:DBManager:connection_data:Object reference not set to an instance of an object.
3/13/2024 12:09:35 PM:DBManager:connection_data:Object reference not set to an instance of an object.
3/13/2024 12:09:35 PM:DBManager:connection_data:Object reference not set to an instance of an object.
3/13/2024 12:09:35 PM:DBManager:connection_data:Object reference not set to an instance of an object.
3/13/2024 12:09:35 PM:DBManager:connection_data:Object reference not set to an instance of an object.
3/13/2024 12:09:35 PM:DBManager:connection_data:Object reference not set to an instance of an object.
3/13/2024 12:09:35 PM:DBManager:connection_data:Object reference not set to an instance of an object.
3/13/2024 12:09:35 PM:DBManager:connection_data:Object reference not set to an instance of an object.
3/13/2024 12:09:35 PM:DBManager:connection_data:Object reference not set to an instance of an object.
3/13/2024 12:09:35 PM:DBManager:connection_data:Object reference not set to an instance of an object.
3/13/2024 12:09:35 PM:DBManager:connection_data:Object reference not set to an instance of an object.
3/13/2024 12:09:35 PM:DBManager:connection_data:Object reference not set to an instance of an object.
3/13/2024 12:09:35 PM:DBManager:connection_data:Object reference not set to an instance of an object.
3/13/2024 12:09:35 PM:DBManager:connection_data:Object reference not set to an instance of an object.
3/13/2024 12:09:35 PM:DBManager:connection_data:Object reference not set to an instance of an object.
3/13/2024 12:09:35 PM:DBManager:connection_data:Object reference not set to an instance of an object.
3/13/2024 12:09:35 PM:DBManager:connection_data:Object reference not set to an instance of an object.
3/13/2024 12:09:35 PM:DBManager:connection_data:Object reference not set to an instance of an object.
3/13/2024 12:09:35 PM:DBManager:connection_data:Object reference not set to an instance of an object.
3/13/2024 12:09:35 PM:DBManager:connection_data:Object reference not set to an instance of an object.
3/13/2024 12:09:35 PM:DBManager:connection_data:Object reference not set to an instance of an object.
3/13/2024 12:09:35 PM:DBManager:connection_data:Object reference not set to an instance of an object.
3/13/2024 12:09:35 PM:DBManager:connection_data:Object reference not set to an instance of an object.
3/13/2024 12:09:35 PM:DBManager:connection_data:Object reference not set to an instance of an object.
3/13/2024 12:09:35 PM:DBManager:connection_data:Object reference not set to an instance of an object.
3/13/2024 12:09:35 PM:DBManager:connection_data:Object reference not set to an instance of an object.
3/13/2024 12:09:35 PM:DBManager:connection_data:Object reference not set to an instance of an object.
3/13/2024 12:09:35 PM:DBManager:connection_data:Object reference not set to an instance of an object.
3/13/2024 12:09:35 PM:DBManager:connection_data:Object reference not set to an instance of an object.
3/13/2024 12:09:35 PM:DBManager:connection_data:Object reference not set to an instance of an object.
3/13/2024 12:09:35 PM:DBManager:connection_data:Object reference not set to an instance of an object.
3/13/2024 12:09:35 PM:DBManager:connection_data:Object reference not set to an instance of an object.
3/13/2024 12:09:35 PM:DBManager:connection_data:Object reference not set to an instance of an object.
3/13/2024 12:09:35 PM:DBManager:connection_data:Object reference not set to an instance of an object.
3/13/2024 12:09:35 PM:DBManager:connection_data:Object reference not set to an instance of an object.
3/13/2024 12:09:35 PM:DBManager:connection_data:Object reference not set to an instance of an object.
3/13/2024 12:09:35 PM:DBManager:connection_data:Object reference not set to an instance of an object.
3/13/2024 12:09:35 PM:DBManager:connection_data:Object reference not set to an instance of an object.
3/13/2024 12:09:35 PM:DBManager:connection_data:Object reference not set to an instance of an object.
3/13/2024 12:09:35 PM:DBManager:connection_data:Object reference not set to an instance of an object.
3/13/2024 12:09:35 PM:DBManager:connection_data:Object reference not set to an instance of an object.
3/13/2024 12:09:35 PM:DBManager:connection_data:Object reference not set to an instance of an object.
3/13/2024 12:09:35 PM:DBManager:connection_data:Object reference not set to an instance of an object.
3/13/2024 12:09:35 PM:DBManager:connection_data:Object reference not set to an instance of an object.
3/13/2024 12:09:35 PM:DBManager:connection_data:Object reference not set to an instance of an object.
3/13/2024 12:09:35 PM:DBManager:connection_data:Object reference not set to an instance of an object.
3/13/2024 12:09:35 PM:DBManager:connection_data:Object reference not set to an instance of an object.
3/13/2024 12:09:35 PM:DBManager:connection_data:Object reference not set to an instance of an object.
3/13/2024 12:09:35 PM:DBManager:connection_data:Object reference not set to an instance of an object.
3/13/2024 12:09:35 PM:DBManager:connection_data:Object reference not set to an instance of an object.
3/13/2024 12:09:35 PM:DBManager:connection_data:Object reference not set to an instance of an object.
3/13/2024 12:09:35 PM:DBManager:connection_data:Object reference not set to an instance of an object.
3/13/2024 12:09:35 PM:DBManager:connection_data:Object reference not set to an instance of an object.
3/13/2024 12:09:35 PM:DBManager:connection_data:Object reference not set to an instance of an object.
3/13/2024 12:09:35 PM:DBManager:connection_data:Object reference not set to an instance of an object.
3/13/2024 12:09:35 PM:DBManager:connection_data:Object reference not set to an instance of an object.
3/13/2024 12:09:35 PM:DBManager:connection_data:Object reference not set to an instance of an object.
3/13/2024 12:09:35 PM:DBManager:connection_data:Object reference not set to an instance of an object.
3/13/2024 12:09:35 PM:DBManager:connection_data:Object reference not set to an instance of an object.
3/13/2024 12:09:35 PM:DBManager:connection_data:Object reference not set to an instance of an object.
3/13/2024 12:09:41 PM:DBManager:connection_data:Object reference not set to an instance of an object.
3/13/2024 12:09:41 PM:DBManager:connection_data:Object reference not set to an instance of an object.
3/13/2024 12:09:41 PM:DBManager:connection_data:Object reference not set to an instance of an object.
3/13/2024 12:09:41 PM:DBManager:connection_data:Object reference not set to an instance of an object.
3/13/2024 12:09:41 PM:DBManager:connection_data:Object reference not set to an instance of an object.
3/13/2024 12:09:41 PM:DBManager:connection_data:Object reference not set to an instance of an object.
3/13/2024 12:09:41 PM:DBManager:connection_data:Object reference not set to an instance of an object.
3/13/2024 12:09:41 PM:DBManager:connection_data:Object reference not set to an instance of an object.
3/13/2024 12:09:41 PM:DBManager:connection_data:Object reference not set to an instance of an object.
3/13/2024 12:09:41 PM:DBManager:connection_data:Object reference not set to an instance of an object.
3/13/2024 12:09:41 PM:DBManager:connection_data:Object reference not set to an instance of an object.
3/13/2024 12:09:41 PM:DBManager:connection_data:Object reference not set to an instance of an object.
3/13/2024 12:09:41 PM:DBManager:connection_data:Object reference not set to an instance of an object.
3/13/2024 12:09:41 PM:DBManager:connection_data:Object reference not set to an instance of an object.
3/13/2024 12:09:41 PM:DBManager:connection_data:Object reference not set to an instance of an object.
3/13/2024 12:09:41 PM:DBManager:connection_data:Object reference not set to an instance of an object.
3/13/2024 12:09:41 PM:DBManager:connection_data:Object reference not set to an instance of an object.
3/13/2024 12:09:41 PM:DBManager:connection_data:Object reference not set to an instance of an object.
3/13/2024 12:09:41 PM:DBManager:connection_data:Object reference not set to an instance of an object.
3/13/2024 12:09:41 PM:DBManager:connection_data:Object reference not set to an instance of an object.
3/13/2024 12:09:41 PM:DBManager:connection_data:Object reference not set to an instance of an object.
3/13/2024 12:09:41 PM:DBManager:connection_data:Object reference not set to an instance of an object.
3/13/2024 12:09:41 PM:DBManager:connection_data:Object reference not set to an instance of an object.
3/13/2024 12:09:41 PM:DBManager:connection_data:Object reference not set to an instance of an object.
3/13/2024 12:09:41 PM:DBManager:connection_data:Object reference not set to an instance of an object.
3/13/2024 12:09:41 PM:DBManager:connection_data:Object reference not set to an instance of an object.
3/13/2024 12:09:41 PM:DBManager:connection_data:Object reference not set to an instance of an object.
3/13/2024 12:09:41 PM:DBManager:connection_data:Object reference not set to an instance of an object.
3/13/2024 12:09:41 PM:DBManager:connection_data:Object reference not set to an instance of an object.
3/13/2024 12:09:41 PM:DBManager:connection_data:Object reference not set to an instance of an object.
3/13/2024 12:09:41 PM:DBManager:connection_data:Object reference not set to an instance of an object.
3/13/2024 12:09:41 PM:DBManager:connection_data:Object reference not set to an instance of an object.
3/13/2024 12:09:41 PM:DBManager:connection_data:Object reference not set to an instance of an object.
3/13/2024 12:09:41 PM:DBManager:connection_data:Object reference not set to an instance of an object.
3/13/2024 12:09:41 PM:DBManager:connection_data:Object reference not set to an instance of an object.
3/13/2024 12:09:41 PM:DBManager:connection_data:Object reference not set to an instance of an object.
3/13/2024 12:09:41 PM:DBManager:connection_data:Object reference not set to an instance of an object.
3/13/2024 12:09:41 PM:DBManager:connection_data:Object reference not set to an instance of an object.
3/13/2024 12:09:41 PM:DBManager:connection_data:Object reference not set to an instance of an object.
3/13/2024 12:09:41 PM:DBManager:connection_data:Object reference not set to an instance of an object.
3/13/2024 12:09:41 PM:DBManager:connection_data:Object reference not set to an instance of an object.
3/13/2024 12:09:41 PM:DBManager:connection_data:Object reference not set to an instance of an object.
3/13/2024 12:09:41 PM:DBManager:connection_data:Object reference not set to an instance of an object.
3/13/2024 12:09:41 PM:DBManager:connection_data:Object reference not set to an instance of an object.
3/13/2024 12:09:41 PM:DBManager:connection_data:Object reference not set to an instance of an object.
3/13/2024 12:09:41 PM:DBManager:connection_data:Object reference not set to an instance of an object.
3/13/2024 12:09:41 PM:DBManager:connection_data:Object reference not set to an instance of an object.
3/13/2024 12:09:41 PM:DBManager:connection_data:Object reference not set to an instance of an object.
3/13/2024 12:09:41 PM:DBManager:connection_data:Object reference not set to an instance of an object.
3/13/2024 12:09:41 PM:DBManager:connection_data:Object reference not set to an instance of an object.
3/13/2024 12:09:41 PM:DBManager:connection_data:Object reference not set to an instance of an object.
3/13/2024 12:09:41 PM:DBManager:connection_data:Object reference not set to an instance of an object.
3/13/2024 12:09:41 PM:DBManager:connection_data:Object reference not set to an instance of an object.
3/13/2024 12:09:41 PM:DBManager:connection_data:Object reference not set to an instance of an object.
3/13/2024 12:09:41 PM:DBManager:connection_data:Object reference not set to an instance of an object.
3/13/2024 12:09:41 PM:DBManager:connection_data:Object reference not set to an instance of an object.
3/13/2024 12:09:41 PM:DBManager:connection_data:Object reference not set to an instance of an object.
3/13/2024 12:09:41 PM:DBManager:connection_data:Object reference not set to an instance of an object.
3/13/2024 12:09:41 PM:DBManager:connection_data:Object reference not set to an instance of an object.
3/13/2024 12:09:41 PM:DBManager:connection_data:Object reference not set to an instance of an object.
3/13/2024 12:09:41 PM:DBManager:connection_data:Object reference not set to an instance of an object.
3/13/2024 12:09:41 PM:DBManager:connection_data:Object reference not set to an instance of an object.
3/13/2024 12:09:41 PM:DBManager:connection_data:Object reference not set to an instance of an object.
3/13/2024 12:09:41 PM:DBManager:connection_data:Object reference not set to an instance of an object.
3/13/2024 12:09:41 PM:DBManager:connection_data:Object reference not set to an instance of an object.
3/13/2024 12:09:41 PM:DBManager:connection_data:Object reference not set to an instance of an object.
3/13/2024 12:09:41 PM:DBManager:connection_data:Object reference not set to an instance of an object.
3/13/2024 12:09:41 PM:DBManager:connection_data:Object reference not set to an instance of an object.
3/13/2024 12:09:41 PM:DBManager:connection_data:Object reference not set to an instance of an object.
3/13/2024 12:09:41 PM:DBManager:connection_data:Object reference not set to an instance of an object.
3/13/2024 12:09:41 PM:DBManager:connection_data:Object reference not set to an instance of an object.
3/13/2024 12:09:41 PM:DBManager:connection_data:Object reference not set to an instance of an object.
3/13/2024 12:09:41 PM:DBManager:connection_data:Object reference not set to an instance of an object.
3/13/2024 12:09:41 PM:DBManager:connection_data:Object reference not set to an instance of an object.
3/13/2024 12:09:41 PM:DBManager:connection_data:Object reference not set to an instance of an object.
3/13/2024 12:09:41 PM:DBManager:connection_data:Object reference not set to an instance of an object.
3/13/2024 12:09:41 PM:DBManager:connection_data:Object reference not set to an instance of an object.
