27-07-2023 10:59:34:DBManager:connection_data:Object reference not set to an instance of an object.
27-07-2023 10:59:34:DBManager:connection_data:Object reference not set to an instance of an object.
27-07-2023 10:59:34:DBManager:connection_data:Object reference not set to an instance of an object.
27-07-2023 10:59:34:DBManager:connection_data:Object reference not set to an instance of an object.
27-07-2023 10:59:34:DBManager:connection_data:Object reference not set to an instance of an object.
27-07-2023 10:59:34:DBManager:connection_data:Object reference not set to an instance of an object.
27-07-2023 10:59:34:DBManager:connection_data:Object reference not set to an instance of an object.
27-07-2023 10:59:34:DBManager:connection_data:Object reference not set to an instance of an object.
27-07-2023 10:59:34:DBManager:connection_data:Object reference not set to an instance of an object.
27-07-2023 10:59:34:DBManager:connection_data:Object reference not set to an instance of an object.
27-07-2023 10:59:34:DBManager:connection_data:Object reference not set to an instance of an object.
27-07-2023 10:59:34:DBManager:connection_data:Object reference not set to an instance of an object.
27-07-2023 10:59:34:DBManager:connection_data:Object reference not set to an instance of an object.
27-07-2023 10:59:34:DBManager:connection_data:Object reference not set to an instance of an object.
27-07-2023 10:59:34:DBManager:connection_data:Object reference not set to an instance of an object.
27-07-2023 10:59:34:DBManager:connection_data:Object reference not set to an instance of an object.
27-07-2023 10:59:34:DBManager:connection_data:Object reference not set to an instance of an object.
27-07-2023 10:59:34:DBManager:connection_data:Object reference not set to an instance of an object.
27-07-2023 10:59:34:DBManager:connection_data:Object reference not set to an instance of an object.
27-07-2023 10:59:34:DBManager:connection_data:Object reference not set to an instance of an object.
27-07-2023 10:59:34:DBManager:connection_data:Object reference not set to an instance of an object.
27-07-2023 10:59:34:DBManager:connection_data:Object reference not set to an instance of an object.
27-07-2023 10:59:34:DBManager:connection_data:Object reference not set to an instance of an object.
27-07-2023 10:59:34:DBManager:connection_data:Object reference not set to an instance of an object.
27-07-2023 10:59:34:DBManager:connection_data:Object reference not set to an instance of an object.
27-07-2023 10:59:34:DBManager:connection_data:Object reference not set to an instance of an object.
27-07-2023 10:59:34:DBManager:connection_data:Object reference not set to an instance of an object.
27-07-2023 10:59:34:DBManager:connection_data:Object reference not set to an instance of an object.
27-07-2023 10:59:34:DBManager:connection_data:Object reference not set to an instance of an object.
27-07-2023 10:59:34:DBManager:connection_data:Object reference not set to an instance of an object.
27-07-2023 10:59:34:DBManager:connection_data:Object reference not set to an instance of an object.
27-07-2023 10:59:34:DBManager:connection_data:Object reference not set to an instance of an object.
27-07-2023 10:59:34:DBManager:connection_data:Object reference not set to an instance of an object.
27-07-2023 10:59:34:DBManager:connection_data:Object reference not set to an instance of an object.
27-07-2023 10:59:34:DBManager:connection_data:Object reference not set to an instance of an object.
27-07-2023 10:59:34:DBManager:connection_data:Object reference not set to an instance of an object.
27-07-2023 10:59:34:DBManager:connection_data:Object reference not set to an instance of an object.
27-07-2023 10:59:34:DBManager:connection_data:Object reference not set to an instance of an object.
27-07-2023 10:59:34:DBManager:connection_data:Object reference not set to an instance of an object.
27-07-2023 10:59:34:DBManager:connection_data:Object reference not set to an instance of an object.
27-07-2023 10:59:34:DBManager:connection_data:Object reference not set to an instance of an object.
27-07-2023 10:59:34:DBManager:connection_data:Object reference not set to an instance of an object.
27-07-2023 10:59:34:DBManager:connection_data:Object reference not set to an instance of an object.
27-07-2023 10:59:34:DBManager:connection_data:Object reference not set to an instance of an object.
27-07-2023 10:59:34:DBManager:connection_data:Object reference not set to an instance of an object.
27-07-2023 10:59:34:DBManager:connection_data:Object reference not set to an instance of an object.
27-07-2023 10:59:34:DBManager:connection_data:Object reference not set to an instance of an object.
27-07-2023 10:59:34:DBManager:connection_data:Object reference not set to an instance of an object.
27-07-2023 10:59:34:DBManager:connection_data:Object reference not set to an instance of an object.
27-07-2023 10:59:34:DBManager:connection_data:Object reference not set to an instance of an object.
27-07-2023 10:59:34:DBManager:connection_data:Object reference not set to an instance of an object.
27-07-2023 10:59:34:DBManager:connection_data:Object reference not set to an instance of an object.
27-07-2023 10:59:34:DBManager:connection_data:Object reference not set to an instance of an object.
27-07-2023 10:59:34:DBManager:connection_data:Object reference not set to an instance of an object.
27-07-2023 10:59:34:DBManager:connection_data:Object reference not set to an instance of an object.
27-07-2023 10:59:34:DBManager:connection_data:Object reference not set to an instance of an object.
27-07-2023 10:59:34:DBManager:connection_data:Object reference not set to an instance of an object.
27-07-2023 10:59:34:DBManager:connection_data:Object reference not set to an instance of an object.
27-07-2023 10:59:34:DBManager:connection_data:Object reference not set to an instance of an object.
27-07-2023 10:59:34:DBManager:connection_data:Object reference not set to an instance of an object.
27-07-2023 10:59:34:DBManager:connection_data:Object reference not set to an instance of an object.
27-07-2023 10:59:34:DBManager:connection_data:Object reference not set to an instance of an object.
27-07-2023 10:59:34:DBManager:connection_data:Object reference not set to an instance of an object.
27-07-2023 10:59:34:DBManager:connection_data:Object reference not set to an instance of an object.
27-07-2023 10:59:34:DBManager:connection_data:Object reference not set to an instance of an object.
27-07-2023 10:59:34:DBManager:connection_data:Object reference not set to an instance of an object.
27-07-2023 10:59:34:DBManager:connection_data:Object reference not set to an instance of an object.
27-07-2023 10:59:34:DBManager:connection_data:Object reference not set to an instance of an object.
27-07-2023 10:59:34:DBManager:connection_data:Object reference not set to an instance of an object.
27-07-2023 10:59:34:DBManager:connection_data:Object reference not set to an instance of an object.
27-07-2023 10:59:34:DBManager:connection_data:Object reference not set to an instance of an object.
27-07-2023 10:59:34:DBManager:connection_data:Object reference not set to an instance of an object.
27-07-2023 10:59:34:DBManager:connection_data:Object reference not set to an instance of an object.
27-07-2023 10:59:34:DBManager:connection_data:Object reference not set to an instance of an object.
27-07-2023 10:59:34:DBManager:connection_data:Object reference not set to an instance of an object.
27-07-2023 10:59:34:DBManager:connection_data:Object reference not set to an instance of an object.
27-07-2023 10:59:34:DBManager:connection_data:Object reference not set to an instance of an object.
27-07-2023 10:59:34:DBManager:connection_data:Object reference not set to an instance of an object.
27-07-2023 10:59:34:DBManager:connection_data:Object reference not set to an instance of an object.
27-07-2023 10:59:34:DBManager:connection_data:Object reference not set to an instance of an object.
27-07-2023 10:59:34:DBManager:connection_data:Object reference not set to an instance of an object.
27-07-2023 10:59:34:DBManager:connection_data:Object reference not set to an instance of an object.
27-07-2023 10:59:34:DBManager:connection_data:Object reference not set to an instance of an object.
27-07-2023 10:59:34:DBManager:connection_data:Object reference not set to an instance of an object.
27-07-2023 10:59:34:DBManager:connection_data:Object reference not set to an instance of an object.
27-07-2023 10:59:34:DBManager:connection_data:Object reference not set to an instance of an object.
27-07-2023 10:59:34:DBManager:connection_data:Object reference not set to an instance of an object.
27-07-2023 10:59:34:DBManager:connection_data:Object reference not set to an instance of an object.
27-07-2023 10:59:34:DBManager:connection_data:Object reference not set to an instance of an object.
27/07/2023 10:59:34 AM:MasterPage:Page_Init:Thread was being aborted.
27-07-2023 10:59:34:DBManager:connection_data:Object reference not set to an instance of an object.
27-07-2023 10:59:34:DBManager:connection_data:Object reference not set to an instance of an object.
27-07-2023 10:59:34:DBManager:connection_data:Object reference not set to an instance of an object.
27/07/2023 10:59:34 AM:SignIn:btnLogIn_Click:test
27-07-2023 10:59:41:DBManager:connection_data:Object reference not set to an instance of an object.
27-07-2023 10:59:41:DBManager:connection_data:Object reference not set to an instance of an object.
27-07-2023 10:59:41:DBManager:connection_data:Object reference not set to an instance of an object.
27/07/2023 10:59:41 AM:SignIn:btnLogIn_Click:test
27/07/2023 10:59:42 AM:SignIn:btnLogIn_Click4:
27/07/2023 10:59:42 AM:SignIn:btnLogIn_Click5:
27/07/2023 10:59:42 AM:SignIn:btnLogIn_Click7:
27/07/2023 10:59:42 AM:SignIn:btnLogIn_Click8:
27-07-2023 10:59:46:DBManager:connection_data:Object reference not set to an instance of an object.
27-07-2023 10:59:46:DBManager:connection_data:Object reference not set to an instance of an object.
27-07-2023 10:59:46:DBManager:connection_data:Object reference not set to an instance of an object.
27/07/2023 10:59:46 AM:SignIn:btnLogIn_Click:test
27/07/2023 10:59:46 AM:SignIn:btnLogIn_Click4:
27/07/2023 10:59:46 AM:SignIn:btnLogIn_Click5:
27/07/2023 10:59:46 AM:SignIn:btnLogIn_Click7:
27/07/2023 10:59:46 AM:SignIn:btnLogIn_Click8:
27/07/2023 10:59:46 AM:ClsDataccess:Getdatatable:The ConnectionString property has not been initialized.
27-07-2023 10:59:46:DBManager:connection_data:Object reference not set to an instance of an object.
27-07-2023 10:59:46:DBManager:connection_data:Object reference not set to an instance of an object.
27-07-2023 10:59:46:DBManager:connection_data:Object reference not set to an instance of an object.
27-07-2023 10:59:46:DBManager:connection_data:Object reference not set to an instance of an object.
27-07-2023 10:59:46:DBManager:connection_data:Object reference not set to an instance of an object.
27-07-2023 10:59:46:DBManager:connection_data:Object reference not set to an instance of an object.
27-07-2023 10:59:46:DBManager:connection_data:Object reference not set to an instance of an object.
27-07-2023 10:59:46:DBManager:connection_data:Object reference not set to an instance of an object.
27-07-2023 10:59:46:DBManager:connection_data:Object reference not set to an instance of an object.
27-07-2023 10:59:46:DBManager:connection_data:Object reference not set to an instance of an object.
27-07-2023 10:59:46:DBManager:connection_data:Object reference not set to an instance of an object.
27-07-2023 10:59:46:DBManager:connection_data:Object reference not set to an instance of an object.
27-07-2023 10:59:46:DBManager:connection_data:Object reference not set to an instance of an object.
27-07-2023 10:59:46:DBManager:connection_data:Object reference not set to an instance of an object.
27-07-2023 10:59:46:DBManager:connection_data:Object reference not set to an instance of an object.
27-07-2023 10:59:46:DBManager:connection_data:Object reference not set to an instance of an object.
27-07-2023 10:59:46:DBManager:connection_data:Object reference not set to an instance of an object.
27-07-2023 10:59:46:DBManager:connection_data:Object reference not set to an instance of an object.
27-07-2023 10:59:46:DBManager:connection_data:Object reference not set to an instance of an object.
27-07-2023 10:59:46:DBManager:connection_data:Object reference not set to an instance of an object.
27-07-2023 10:59:46:DBManager:connection_data:Object reference not set to an instance of an object.
27-07-2023 10:59:46:DBManager:connection_data:Object reference not set to an instance of an object.
27-07-2023 10:59:46:DBManager:connection_data:Object reference not set to an instance of an object.
27-07-2023 10:59:46:DBManager:connection_data:Object reference not set to an instance of an object.
27-07-2023 10:59:46:DBManager:connection_data:Object reference not set to an instance of an object.
27-07-2023 10:59:46:DBManager:connection_data:Object reference not set to an instance of an object.
27-07-2023 10:59:46:DBManager:connection_data:Object reference not set to an instance of an object.
27-07-2023 10:59:46:DBManager:connection_data:Object reference not set to an instance of an object.
27-07-2023 10:59:46:DBManager:connection_data:Object reference not set to an instance of an object.
27-07-2023 10:59:46:DBManager:connection_data:Object reference not set to an instance of an object.
27-07-2023 10:59:46:DBManager:connection_data:Object reference not set to an instance of an object.
27-07-2023 10:59:46:DBManager:connection_data:Object reference not set to an instance of an object.
27-07-2023 10:59:46:DBManager:connection_data:Object reference not set to an instance of an object.
27-07-2023 10:59:46:DBManager:connection_data:Object reference not set to an instance of an object.
27-07-2023 10:59:46:DBManager:connection_data:Object reference not set to an instance of an object.
27-07-2023 10:59:46:DBManager:connection_data:Object reference not set to an instance of an object.
27-07-2023 10:59:46:DBManager:connection_data:Object reference not set to an instance of an object.
27-07-2023 10:59:46:DBManager:connection_data:Object reference not set to an instance of an object.
27-07-2023 10:59:46:DBManager:connection_data:Object reference not set to an instance of an object.
27-07-2023 10:59:46:DBManager:connection_data:Object reference not set to an instance of an object.
27-07-2023 10:59:46:DBManager:connection_data:Object reference not set to an instance of an object.
27-07-2023 10:59:46:DBManager:connection_data:Object reference not set to an instance of an object.
27-07-2023 10:59:46:DBManager:connection_data:Object reference not set to an instance of an object.
27-07-2023 10:59:46:DBManager:connection_data:Object reference not set to an instance of an object.
27-07-2023 10:59:46:DBManager:connection_data:Object reference not set to an instance of an object.
27-07-2023 10:59:46:DBManager:connection_data:Object reference not set to an instance of an object.
27-07-2023 10:59:46:DBManager:connection_data:Object reference not set to an instance of an object.
27-07-2023 10:59:46:DBManager:connection_data:Object reference not set to an instance of an object.
27-07-2023 10:59:46:DBManager:connection_data:Object reference not set to an instance of an object.
27-07-2023 10:59:46:DBManager:connection_data:Object reference not set to an instance of an object.
27-07-2023 10:59:46:DBManager:connection_data:Object reference not set to an instance of an object.
27-07-2023 10:59:46:DBManager:connection_data:Object reference not set to an instance of an object.
27-07-2023 10:59:46:DBManager:connection_data:Object reference not set to an instance of an object.
27-07-2023 10:59:46:DBManager:connection_data:Object reference not set to an instance of an object.
27-07-2023 10:59:46:DBManager:connection_data:Object reference not set to an instance of an object.
27-07-2023 10:59:46:DBManager:connection_data:Object reference not set to an instance of an object.
27-07-2023 10:59:46:DBManager:connection_data:Object reference not set to an instance of an object.
27-07-2023 10:59:46:DBManager:connection_data:Object reference not set to an instance of an object.
27-07-2023 10:59:46:DBManager:connection_data:Object reference not set to an instance of an object.
27-07-2023 10:59:46:DBManager:connection_data:Object reference not set to an instance of an object.
27-07-2023 10:59:46:DBManager:connection_data:Object reference not set to an instance of an object.
27-07-2023 10:59:46:DBManager:connection_data:Object reference not set to an instance of an object.
27-07-2023 10:59:46:DBManager:connection_data:Object reference not set to an instance of an object.
27-07-2023 10:59:46:DBManager:connection_data:Object reference not set to an instance of an object.
27-07-2023 10:59:46:DBManager:connection_data:Object reference not set to an instance of an object.
27-07-2023 10:59:46:DBManager:connection_data:Object reference not set to an instance of an object.
27-07-2023 10:59:46:DBManager:connection_data:Object reference not set to an instance of an object.
27-07-2023 10:59:46:DBManager:connection_data:Object reference not set to an instance of an object.
27-07-2023 10:59:46:DBManager:connection_data:Object reference not set to an instance of an object.
27-07-2023 10:59:46:DBManager:connection_data:Object reference not set to an instance of an object.
27-07-2023 10:59:46:DBManager:connection_data:Object reference not set to an instance of an object.
27-07-2023 10:59:46:DBManager:connection_data:Object reference not set to an instance of an object.
27-07-2023 10:59:46:DBManager:connection_data:Object reference not set to an instance of an object.
27-07-2023 10:59:46:DBManager:connection_data:Object reference not set to an instance of an object.
27-07-2023 10:59:46:DBManager:connection_data:Object reference not set to an instance of an object.
27-07-2023 10:59:46:DBManager:connection_data:Object reference not set to an instance of an object.
27-07-2023 10:59:46:DBManager:connection_data:Object reference not set to an instance of an object.
27-07-2023 11:00:28:DBManager:connection_data:Object reference not set to an instance of an object.
27-07-2023 11:00:28:DBManager:connection_data:Object reference not set to an instance of an object.
27-07-2023 11:00:28:DBManager:connection_data:Object reference not set to an instance of an object.
27-07-2023 11:00:28:DBManager:connection_data:Object reference not set to an instance of an object.
27-07-2023 11:00:28:DBManager:connection_data:Object reference not set to an instance of an object.
27-07-2023 11:00:28:DBManager:connection_data:Object reference not set to an instance of an object.
27-07-2023 11:00:28:DBManager:connection_data:Object reference not set to an instance of an object.
27-07-2023 11:00:28:DBManager:connection_data:Object reference not set to an instance of an object.
27-07-2023 11:00:28:DBManager:connection_data:Object reference not set to an instance of an object.
27-07-2023 11:00:28:DBManager:connection_data:Object reference not set to an instance of an object.
27-07-2023 11:00:28:DBManager:connection_data:Object reference not set to an instance of an object.
27-07-2023 11:00:28:DBManager:connection_data:Object reference not set to an instance of an object.
27-07-2023 11:00:28:DBManager:connection_data:Object reference not set to an instance of an object.
27-07-2023 11:00:28:DBManager:connection_data:Object reference not set to an instance of an object.
27-07-2023 11:00:28:DBManager:connection_data:Object reference not set to an instance of an object.
27-07-2023 11:00:28:DBManager:connection_data:Object reference not set to an instance of an object.
27-07-2023 11:00:28:DBManager:connection_data:Object reference not set to an instance of an object.
27-07-2023 11:00:28:DBManager:connection_data:Object reference not set to an instance of an object.
27-07-2023 11:00:28:DBManager:connection_data:Object reference not set to an instance of an object.
27-07-2023 11:00:28:DBManager:connection_data:Object reference not set to an instance of an object.
27-07-2023 11:00:28:DBManager:connection_data:Object reference not set to an instance of an object.
27-07-2023 11:00:28:DBManager:connection_data:Object reference not set to an instance of an object.
27-07-2023 11:00:28:DBManager:connection_data:Object reference not set to an instance of an object.
27-07-2023 11:00:28:DBManager:connection_data:Object reference not set to an instance of an object.
27-07-2023 11:00:28:DBManager:connection_data:Object reference not set to an instance of an object.
27-07-2023 11:00:28:DBManager:connection_data:Object reference not set to an instance of an object.
27-07-2023 11:00:28:DBManager:connection_data:Object reference not set to an instance of an object.
27-07-2023 11:00:28:DBManager:connection_data:Object reference not set to an instance of an object.
27-07-2023 11:00:28:DBManager:connection_data:Object reference not set to an instance of an object.
27-07-2023 11:00:28:DBManager:connection_data:Object reference not set to an instance of an object.
27-07-2023 11:00:28:DBManager:connection_data:Object reference not set to an instance of an object.
27-07-2023 11:00:28:DBManager:connection_data:Object reference not set to an instance of an object.
27-07-2023 11:00:28:DBManager:connection_data:Object reference not set to an instance of an object.
27-07-2023 11:00:28:DBManager:connection_data:Object reference not set to an instance of an object.
27-07-2023 11:00:28:DBManager:connection_data:Object reference not set to an instance of an object.
27-07-2023 11:00:28:DBManager:connection_data:Object reference not set to an instance of an object.
27-07-2023 11:00:28:DBManager:connection_data:Object reference not set to an instance of an object.
27-07-2023 11:00:28:DBManager:connection_data:Object reference not set to an instance of an object.
27-07-2023 11:00:28:DBManager:connection_data:Object reference not set to an instance of an object.
27-07-2023 11:00:28:DBManager:connection_data:Object reference not set to an instance of an object.
27-07-2023 11:00:28:DBManager:connection_data:Object reference not set to an instance of an object.
27-07-2023 11:00:28:DBManager:connection_data:Object reference not set to an instance of an object.
27-07-2023 11:00:28:DBManager:connection_data:Object reference not set to an instance of an object.
27-07-2023 11:00:28:DBManager:connection_data:Object reference not set to an instance of an object.
27-07-2023 11:00:28:DBManager:connection_data:Object reference not set to an instance of an object.
27-07-2023 11:00:28:DBManager:connection_data:Object reference not set to an instance of an object.
27-07-2023 11:00:28:DBManager:connection_data:Object reference not set to an instance of an object.
27-07-2023 11:00:28:DBManager:connection_data:Object reference not set to an instance of an object.
27-07-2023 11:00:28:DBManager:connection_data:Object reference not set to an instance of an object.
27-07-2023 11:00:28:DBManager:connection_data:Object reference not set to an instance of an object.
27-07-2023 11:00:28:DBManager:connection_data:Object reference not set to an instance of an object.
27-07-2023 11:00:28:DBManager:connection_data:Object reference not set to an instance of an object.
27-07-2023 11:00:28:DBManager:connection_data:Object reference not set to an instance of an object.
27-07-2023 11:00:28:DBManager:connection_data:Object reference not set to an instance of an object.
27-07-2023 11:00:28:DBManager:connection_data:Object reference not set to an instance of an object.
27-07-2023 11:00:28:DBManager:connection_data:Object reference not set to an instance of an object.
27-07-2023 11:00:28:DBManager:connection_data:Object reference not set to an instance of an object.
27-07-2023 11:00:28:DBManager:connection_data:Object reference not set to an instance of an object.
27-07-2023 11:00:28:DBManager:connection_data:Object reference not set to an instance of an object.
27-07-2023 11:00:28:DBManager:connection_data:Object reference not set to an instance of an object.
27-07-2023 11:00:28:DBManager:connection_data:Object reference not set to an instance of an object.
27-07-2023 11:00:28:DBManager:connection_data:Object reference not set to an instance of an object.
27-07-2023 11:00:28:DBManager:connection_data:Object reference not set to an instance of an object.
27-07-2023 11:00:28:DBManager:connection_data:Object reference not set to an instance of an object.
27-07-2023 11:00:28:DBManager:connection_data:Object reference not set to an instance of an object.
27-07-2023 11:00:28:DBManager:connection_data:Object reference not set to an instance of an object.
27-07-2023 11:00:28:DBManager:connection_data:Object reference not set to an instance of an object.
27-07-2023 11:00:28:DBManager:connection_data:Object reference not set to an instance of an object.
27-07-2023 11:00:28:DBManager:connection_data:Object reference not set to an instance of an object.
27-07-2023 11:00:28:DBManager:connection_data:Object reference not set to an instance of an object.
27-07-2023 11:00:28:DBManager:connection_data:Object reference not set to an instance of an object.
27-07-2023 11:00:28:DBManager:connection_data:Object reference not set to an instance of an object.
27-07-2023 11:00:28:DBManager:connection_data:Object reference not set to an instance of an object.
27-07-2023 11:00:28:DBManager:connection_data:Object reference not set to an instance of an object.
27-07-2023 11:00:28:DBManager:connection_data:Object reference not set to an instance of an object.
27-07-2023 11:00:28:DBManager:connection_data:Object reference not set to an instance of an object.
27-07-2023 11:00:28:DBManager:connection_data:Object reference not set to an instance of an object.
27-07-2023 11:00:28:DBManager:connection_data:Object reference not set to an instance of an object.
27-07-2023 11:00:28:DBManager:connection_data:Object reference not set to an instance of an object.
27-07-2023 11:00:28:DBManager:connection_data:Object reference not set to an instance of an object.
27-07-2023 11:00:28:DBManager:connection_data:Object reference not set to an instance of an object.
27-07-2023 11:00:28:DBManager:connection_data:Object reference not set to an instance of an object.
27-07-2023 11:00:28:DBManager:connection_data:Object reference not set to an instance of an object.
27-07-2023 11:00:28:DBManager:connection_data:Object reference not set to an instance of an object.
27-07-2023 11:00:28:DBManager:connection_data:Object reference not set to an instance of an object.
27-07-2023 11:00:28:DBManager:connection_data:Object reference not set to an instance of an object.
27-07-2023 11:00:28:DBManager:connection_data:Object reference not set to an instance of an object.
27-07-2023 11:00:28:DBManager:connection_data:Object reference not set to an instance of an object.
27/07/2023 11:00:28 AM:ClsSessionManager:CreateSessionDT:Conversion from type 'DataTable' to type 'String' is not valid.
27-07-2023 11:00:51:DBManager:connection_data:Object reference not set to an instance of an object.
27-07-2023 11:00:51:DBManager:connection_data:Object reference not set to an instance of an object.
27-07-2023 11:00:51:DBManager:connection_data:Object reference not set to an instance of an object.
27-07-2023 11:00:51:DBManager:connection_data:Object reference not set to an instance of an object.
27-07-2023 11:00:51:DBManager:connection_data:Object reference not set to an instance of an object.
27-07-2023 11:00:51:DBManager:connection_data:Object reference not set to an instance of an object.
27-07-2023 11:00:51:DBManager:connection_data:Object reference not set to an instance of an object.
27-07-2023 11:00:51:DBManager:connection_data:Object reference not set to an instance of an object.
27-07-2023 11:00:51:DBManager:connection_data:Object reference not set to an instance of an object.
27-07-2023 11:00:51:DBManager:connection_data:Object reference not set to an instance of an object.
27-07-2023 11:00:51:DBManager:connection_data:Object reference not set to an instance of an object.
27-07-2023 11:00:51:DBManager:connection_data:Object reference not set to an instance of an object.
27-07-2023 11:00:51:DBManager:connection_data:Object reference not set to an instance of an object.
27-07-2023 11:00:51:DBManager:connection_data:Object reference not set to an instance of an object.
27-07-2023 11:00:51:DBManager:connection_data:Object reference not set to an instance of an object.
27-07-2023 11:00:51:DBManager:connection_data:Object reference not set to an instance of an object.
27-07-2023 11:00:51:DBManager:connection_data:Object reference not set to an instance of an object.
27-07-2023 11:00:51:DBManager:connection_data:Object reference not set to an instance of an object.
27-07-2023 11:00:51:DBManager:connection_data:Object reference not set to an instance of an object.
27-07-2023 11:00:51:DBManager:connection_data:Object reference not set to an instance of an object.
27-07-2023 11:00:51:DBManager:connection_data:Object reference not set to an instance of an object.
27-07-2023 11:00:51:DBManager:connection_data:Object reference not set to an instance of an object.
27-07-2023 11:00:51:DBManager:connection_data:Object reference not set to an instance of an object.
27-07-2023 11:00:51:DBManager:connection_data:Object reference not set to an instance of an object.
27-07-2023 11:00:51:DBManager:connection_data:Object reference not set to an instance of an object.
27-07-2023 11:00:51:DBManager:connection_data:Object reference not set to an instance of an object.
27-07-2023 11:00:51:DBManager:connection_data:Object reference not set to an instance of an object.
27-07-2023 11:00:51:DBManager:connection_data:Object reference not set to an instance of an object.
27-07-2023 11:00:51:DBManager:connection_data:Object reference not set to an instance of an object.
27-07-2023 11:00:51:DBManager:connection_data:Object reference not set to an instance of an object.
27-07-2023 11:00:51:DBManager:connection_data:Object reference not set to an instance of an object.
27-07-2023 11:00:51:DBManager:connection_data:Object reference not set to an instance of an object.
27-07-2023 11:00:51:DBManager:connection_data:Object reference not set to an instance of an object.
27-07-2023 11:00:51:DBManager:connection_data:Object reference not set to an instance of an object.
27-07-2023 11:00:51:DBManager:connection_data:Object reference not set to an instance of an object.
27-07-2023 11:00:51:DBManager:connection_data:Object reference not set to an instance of an object.
27-07-2023 11:00:51:DBManager:connection_data:Object reference not set to an instance of an object.
27-07-2023 11:00:51:DBManager:connection_data:Object reference not set to an instance of an object.
27-07-2023 11:00:51:DBManager:connection_data:Object reference not set to an instance of an object.
27-07-2023 11:00:51:DBManager:connection_data:Object reference not set to an instance of an object.
27-07-2023 11:00:51:DBManager:connection_data:Object reference not set to an instance of an object.
27-07-2023 11:00:51:DBManager:connection_data:Object reference not set to an instance of an object.
27-07-2023 11:00:51:DBManager:connection_data:Object reference not set to an instance of an object.
27-07-2023 11:00:51:DBManager:connection_data:Object reference not set to an instance of an object.
27-07-2023 11:00:51:DBManager:connection_data:Object reference not set to an instance of an object.
27-07-2023 11:00:51:DBManager:connection_data:Object reference not set to an instance of an object.
27-07-2023 11:00:51:DBManager:connection_data:Object reference not set to an instance of an object.
27-07-2023 11:00:51:DBManager:connection_data:Object reference not set to an instance of an object.
27-07-2023 11:00:51:DBManager:connection_data:Object reference not set to an instance of an object.
27-07-2023 11:00:51:DBManager:connection_data:Object reference not set to an instance of an object.
27-07-2023 11:00:51:DBManager:connection_data:Object reference not set to an instance of an object.
27-07-2023 11:00:51:DBManager:connection_data:Object reference not set to an instance of an object.
27-07-2023 11:00:51:DBManager:connection_data:Object reference not set to an instance of an object.
27-07-2023 11:00:51:DBManager:connection_data:Object reference not set to an instance of an object.
27-07-2023 11:00:51:DBManager:connection_data:Object reference not set to an instance of an object.
27-07-2023 11:00:51:DBManager:connection_data:Object reference not set to an instance of an object.
27-07-2023 11:00:51:DBManager:connection_data:Object reference not set to an instance of an object.
27-07-2023 11:00:51:DBManager:connection_data:Object reference not set to an instance of an object.
27-07-2023 11:00:51:DBManager:connection_data:Object reference not set to an instance of an object.
27-07-2023 11:00:51:DBManager:connection_data:Object reference not set to an instance of an object.
27-07-2023 11:00:52:DBManager:connection_data:Object reference not set to an instance of an object.
27-07-2023 11:00:52:DBManager:connection_data:Object reference not set to an instance of an object.
27-07-2023 11:00:52:DBManager:connection_data:Object reference not set to an instance of an object.
27-07-2023 11:00:52:DBManager:connection_data:Object reference not set to an instance of an object.
27-07-2023 11:00:52:DBManager:connection_data:Object reference not set to an instance of an object.
27-07-2023 11:00:52:DBManager:connection_data:Object reference not set to an instance of an object.
27-07-2023 11:00:52:DBManager:connection_data:Object reference not set to an instance of an object.
27-07-2023 11:00:52:DBManager:connection_data:Object reference not set to an instance of an object.
27-07-2023 11:00:52:DBManager:connection_data:Object reference not set to an instance of an object.
27-07-2023 11:00:52:DBManager:connection_data:Object reference not set to an instance of an object.
27-07-2023 11:00:52:DBManager:connection_data:Object reference not set to an instance of an object.
27-07-2023 11:00:52:DBManager:connection_data:Object reference not set to an instance of an object.
27-07-2023 11:00:52:DBManager:connection_data:Object reference not set to an instance of an object.
27-07-2023 11:00:52:DBManager:connection_data:Object reference not set to an instance of an object.
27-07-2023 11:00:52:DBManager:connection_data:Object reference not set to an instance of an object.
27-07-2023 11:00:52:DBManager:connection_data:Object reference not set to an instance of an object.
27-07-2023 11:00:52:DBManager:connection_data:Object reference not set to an instance of an object.
27-07-2023 11:00:52:DBManager:connection_data:Object reference not set to an instance of an object.
27-07-2023 11:00:52:DBManager:connection_data:Object reference not set to an instance of an object.
27-07-2023 11:00:52:DBManager:connection_data:Object reference not set to an instance of an object.
27-07-2023 11:00:52:DBManager:connection_data:Object reference not set to an instance of an object.
27-07-2023 11:00:52:DBManager:connection_data:Object reference not set to an instance of an object.
27-07-2023 11:00:52:DBManager:connection_data:Object reference not set to an instance of an object.
27-07-2023 11:00:52:DBManager:connection_data:Object reference not set to an instance of an object.
27-07-2023 11:00:52:DBManager:connection_data:Object reference not set to an instance of an object.
27-07-2023 11:00:52:DBManager:connection_data:Object reference not set to an instance of an object.
27-07-2023 11:00:52:DBManager:connection_data:Object reference not set to an instance of an object.
27-07-2023 11:00:52:DBManager:connection_data:Object reference not set to an instance of an object.
27-07-2023 11:00:52:DBManager:connection_data:Object reference not set to an instance of an object.
27-07-2023 11:00:52:DBManager:connection_data:Object reference not set to an instance of an object.
27-07-2023 11:00:52:DBManager:connection_data:Object reference not set to an instance of an object.
27-07-2023 11:00:52:DBManager:connection_data:Object reference not set to an instance of an object.
27-07-2023 11:00:52:DBManager:connection_data:Object reference not set to an instance of an object.
27-07-2023 11:00:52:DBManager:connection_data:Object reference not set to an instance of an object.
27-07-2023 11:00:52:DBManager:connection_data:Object reference not set to an instance of an object.
27-07-2023 11:00:52:DBManager:connection_data:Object reference not set to an instance of an object.
27-07-2023 11:00:52:DBManager:connection_data:Object reference not set to an instance of an object.
27-07-2023 11:00:52:DBManager:connection_data:Object reference not set to an instance of an object.
27-07-2023 11:00:52:DBManager:connection_data:Object reference not set to an instance of an object.
27-07-2023 11:00:52:DBManager:connection_data:Object reference not set to an instance of an object.
27-07-2023 11:00:52:DBManager:connection_data:Object reference not set to an instance of an object.
27-07-2023 11:00:52:DBManager:connection_data:Object reference not set to an instance of an object.
27-07-2023 11:00:52:DBManager:connection_data:Object reference not set to an instance of an object.
27-07-2023 11:00:52:DBManager:connection_data:Object reference not set to an instance of an object.
27-07-2023 11:00:52:DBManager:connection_data:Object reference not set to an instance of an object.
27-07-2023 11:00:52:DBManager:connection_data:Object reference not set to an instance of an object.
27-07-2023 11:00:52:DBManager:connection_data:Object reference not set to an instance of an object.
27-07-2023 11:00:52:DBManager:connection_data:Object reference not set to an instance of an object.
27-07-2023 11:00:52:DBManager:connection_data:Object reference not set to an instance of an object.
27-07-2023 11:00:52:DBManager:connection_data:Object reference not set to an instance of an object.
27-07-2023 11:00:52:DBManager:connection_data:Object reference not set to an instance of an object.
27-07-2023 11:00:52:DBManager:connection_data:Object reference not set to an instance of an object.
27-07-2023 11:00:52:DBManager:connection_data:Object reference not set to an instance of an object.
27-07-2023 11:00:52:DBManager:connection_data:Object reference not set to an instance of an object.
27-07-2023 11:00:52:DBManager:connection_data:Object reference not set to an instance of an object.
27/07/2023 11:00:52 AM:Product_Master:Page_Load:1
27/07/2023 11:00:52 AM:Product_Master:Page_Load:2
27/07/2023 11:00:52 AM:Product_Master:BindGrid:The data source does not support server-side data paging.
27/07/2023 11:00:52 AM:Product_Master:Page_Load:9
27/07/2023 11:00:52 AM:Product_Master:Page_Load:10
27/07/2023 11:00:52 AM:Product_Master:selectIngredientList:Object reference not set to an instance of an object.
27/07/2023 11:00:52 AM:Product_Master:selectCondimentList:Object reference not set to an instance of an object.
27/07/2023 11:00:52 AM:Product_Master:Page_Load:11
27-07-2023 11:01:31:DBManager:connection_data:Object reference not set to an instance of an object.
27-07-2023 11:01:31:DBManager:connection_data:Object reference not set to an instance of an object.
27-07-2023 11:01:31:DBManager:connection_data:Object reference not set to an instance of an object.
27-07-2023 11:01:31:DBManager:connection_data:Object reference not set to an instance of an object.
27-07-2023 11:01:31:DBManager:connection_data:Object reference not set to an instance of an object.
27-07-2023 11:01:31:DBManager:connection_data:Object reference not set to an instance of an object.
27-07-2023 11:01:31:DBManager:connection_data:Object reference not set to an instance of an object.
27-07-2023 11:01:31:DBManager:connection_data:Object reference not set to an instance of an object.
27-07-2023 11:01:31:DBManager:connection_data:Object reference not set to an instance of an object.
27-07-2023 11:01:31:DBManager:connection_data:Object reference not set to an instance of an object.
27-07-2023 11:01:31:DBManager:connection_data:Object reference not set to an instance of an object.
27-07-2023 11:01:31:DBManager:connection_data:Object reference not set to an instance of an object.
27-07-2023 11:01:31:DBManager:connection_data:Object reference not set to an instance of an object.
27-07-2023 11:01:31:DBManager:connection_data:Object reference not set to an instance of an object.
27-07-2023 11:01:31:DBManager:connection_data:Object reference not set to an instance of an object.
27-07-2023 11:01:31:DBManager:connection_data:Object reference not set to an instance of an object.
27-07-2023 11:01:31:DBManager:connection_data:Object reference not set to an instance of an object.
27-07-2023 11:01:31:DBManager:connection_data:Object reference not set to an instance of an object.
27-07-2023 11:01:31:DBManager:connection_data:Object reference not set to an instance of an object.
27-07-2023 11:01:31:DBManager:connection_data:Object reference not set to an instance of an object.
27-07-2023 11:01:31:DBManager:connection_data:Object reference not set to an instance of an object.
27-07-2023 11:01:31:DBManager:connection_data:Object reference not set to an instance of an object.
27-07-2023 11:01:31:DBManager:connection_data:Object reference not set to an instance of an object.
27-07-2023 11:01:31:DBManager:connection_data:Object reference not set to an instance of an object.
27-07-2023 11:01:31:DBManager:connection_data:Object reference not set to an instance of an object.
27-07-2023 11:01:31:DBManager:connection_data:Object reference not set to an instance of an object.
27-07-2023 11:01:31:DBManager:connection_data:Object reference not set to an instance of an object.
27-07-2023 11:01:31:DBManager:connection_data:Object reference not set to an instance of an object.
27-07-2023 11:01:31:DBManager:connection_data:Object reference not set to an instance of an object.
27-07-2023 11:01:31:DBManager:connection_data:Object reference not set to an instance of an object.
27-07-2023 11:01:31:DBManager:connection_data:Object reference not set to an instance of an object.
27-07-2023 11:01:31:DBManager:connection_data:Object reference not set to an instance of an object.
27-07-2023 11:01:31:DBManager:connection_data:Object reference not set to an instance of an object.
27-07-2023 11:01:31:DBManager:connection_data:Object reference not set to an instance of an object.
27-07-2023 11:01:31:DBManager:connection_data:Object reference not set to an instance of an object.
27-07-2023 11:01:31:DBManager:connection_data:Object reference not set to an instance of an object.
27-07-2023 11:01:31:DBManager:connection_data:Object reference not set to an instance of an object.
27-07-2023 11:01:31:DBManager:connection_data:Object reference not set to an instance of an object.
27-07-2023 11:01:31:DBManager:connection_data:Object reference not set to an instance of an object.
27-07-2023 11:01:31:DBManager:connection_data:Object reference not set to an instance of an object.
27-07-2023 11:01:31:DBManager:connection_data:Object reference not set to an instance of an object.
27-07-2023 11:01:31:DBManager:connection_data:Object reference not set to an instance of an object.
27-07-2023 11:01:31:DBManager:connection_data:Object reference not set to an instance of an object.
27-07-2023 11:01:31:DBManager:connection_data:Object reference not set to an instance of an object.
27-07-2023 11:01:31:DBManager:connection_data:Object reference not set to an instance of an object.
27-07-2023 11:01:31:DBManager:connection_data:Object reference not set to an instance of an object.
27-07-2023 11:01:31:DBManager:connection_data:Object reference not set to an instance of an object.
27-07-2023 11:01:31:DBManager:connection_data:Object reference not set to an instance of an object.
27-07-2023 11:01:31:DBManager:connection_data:Object reference not set to an instance of an object.
27-07-2023 11:01:31:DBManager:connection_data:Object reference not set to an instance of an object.
27-07-2023 11:01:31:DBManager:connection_data:Object reference not set to an instance of an object.
27-07-2023 11:01:31:DBManager:connection_data:Object reference not set to an instance of an object.
27-07-2023 11:01:31:DBManager:connection_data:Object reference not set to an instance of an object.
27-07-2023 11:01:31:DBManager:connection_data:Object reference not set to an instance of an object.
27-07-2023 11:01:31:DBManager:connection_data:Object reference not set to an instance of an object.
27-07-2023 11:01:31:DBManager:connection_data:Object reference not set to an instance of an object.
27-07-2023 11:01:31:DBManager:connection_data:Object reference not set to an instance of an object.
27-07-2023 11:01:31:DBManager:connection_data:Object reference not set to an instance of an object.
27-07-2023 11:01:31:DBManager:connection_data:Object reference not set to an instance of an object.
27-07-2023 11:01:31:DBManager:connection_data:Object reference not set to an instance of an object.
27-07-2023 11:01:31:DBManager:connection_data:Object reference not set to an instance of an object.
27-07-2023 11:01:31:DBManager:connection_data:Object reference not set to an instance of an object.
27-07-2023 11:01:31:DBManager:connection_data:Object reference not set to an instance of an object.
27-07-2023 11:01:31:DBManager:connection_data:Object reference not set to an instance of an object.
27-07-2023 11:01:31:DBManager:connection_data:Object reference not set to an instance of an object.
27-07-2023 11:01:31:DBManager:connection_data:Object reference not set to an instance of an object.
27-07-2023 11:01:31:DBManager:connection_data:Object reference not set to an instance of an object.
27-07-2023 11:01:31:DBManager:connection_data:Object reference not set to an instance of an object.
27-07-2023 11:01:31:DBManager:connection_data:Object reference not set to an instance of an object.
27-07-2023 11:01:31:DBManager:connection_data:Object reference not set to an instance of an object.
27-07-2023 11:01:31:DBManager:connection_data:Object reference not set to an instance of an object.
27-07-2023 11:01:31:DBManager:connection_data:Object reference not set to an instance of an object.
27-07-2023 11:01:31:DBManager:connection_data:Object reference not set to an instance of an object.
27-07-2023 11:01:31:DBManager:connection_data:Object reference not set to an instance of an object.
27-07-2023 11:01:31:DBManager:connection_data:Object reference not set to an instance of an object.
27-07-2023 11:01:31:DBManager:connection_data:Object reference not set to an instance of an object.
27-07-2023 11:01:31:DBManager:connection_data:Object reference not set to an instance of an object.
27-07-2023 11:01:31:DBManager:connection_data:Object reference not set to an instance of an object.
27-07-2023 11:01:31:DBManager:connection_data:Object reference not set to an instance of an object.
27-07-2023 11:01:31:DBManager:connection_data:Object reference not set to an instance of an object.
27-07-2023 11:01:31:DBManager:connection_data:Object reference not set to an instance of an object.
27-07-2023 11:01:31:DBManager:connection_data:Object reference not set to an instance of an object.
27-07-2023 11:01:31:DBManager:connection_data:Object reference not set to an instance of an object.
27-07-2023 11:01:31:DBManager:connection_data:Object reference not set to an instance of an object.
27-07-2023 11:01:31:DBManager:connection_data:Object reference not set to an instance of an object.
27-07-2023 11:01:31:DBManager:connection_data:Object reference not set to an instance of an object.
27-07-2023 11:01:31:DBManager:connection_data:Object reference not set to an instance of an object.
27-07-2023 11:01:31:DBManager:connection_data:Object reference not set to an instance of an object.
27-07-2023 11:01:31:DBManager:connection_data:Object reference not set to an instance of an object.
27-07-2023 11:01:31:DBManager:connection_data:Object reference not set to an instance of an object.
27-07-2023 11:01:31:DBManager:connection_data:Object reference not set to an instance of an object.
27-07-2023 11:01:31:DBManager:connection_data:Object reference not set to an instance of an object.
27-07-2023 11:01:31:DBManager:connection_data:Object reference not set to an instance of an object.
27-07-2023 11:01:31:DBManager:connection_data:Object reference not set to an instance of an object.
27-07-2023 11:01:31:DBManager:connection_data:Object reference not set to an instance of an object.
27-07-2023 11:01:31:DBManager:connection_data:Object reference not set to an instance of an object.
27-07-2023 11:01:31:DBManager:connection_data:Object reference not set to an instance of an object.
27-07-2023 11:01:31:DBManager:connection_data:Object reference not set to an instance of an object.
27-07-2023 11:01:31:DBManager:connection_data:Object reference not set to an instance of an object.
27-07-2023 11:01:31:DBManager:connection_data:Object reference not set to an instance of an object.
27-07-2023 11:01:31:DBManager:connection_data:Object reference not set to an instance of an object.
27-07-2023 11:01:31:DBManager:connection_data:Object reference not set to an instance of an object.
27-07-2023 11:01:31:DBManager:connection_data:Object reference not set to an instance of an object.
27-07-2023 11:01:31:DBManager:connection_data:Object reference not set to an instance of an object.
27-07-2023 11:01:31:DBManager:connection_data:Object reference not set to an instance of an object.
27-07-2023 11:01:31:DBManager:connection_data:Object reference not set to an instance of an object.
27-07-2023 11:01:31:DBManager:connection_data:Object reference not set to an instance of an object.
27-07-2023 11:01:31:DBManager:connection_data:Object reference not set to an instance of an object.
27-07-2023 11:01:31:DBManager:connection_data:Object reference not set to an instance of an object.
27-07-2023 11:01:31:DBManager:connection_data:Object reference not set to an instance of an object.
27-07-2023 11:01:31:DBManager:connection_data:Object reference not set to an instance of an object.
27-07-2023 11:01:31:DBManager:connection_data:Object reference not set to an instance of an object.
27-07-2023 11:01:31:DBManager:connection_data:Object reference not set to an instance of an object.
27-07-2023 11:01:31:DBManager:connection_data:Object reference not set to an instance of an object.
27-07-2023 11:01:31:DBManager:connection_data:Object reference not set to an instance of an object.
27/07/2023 11:01:31 AM:Product_Master:Page_Load:1
27-07-2023 11:01:32:DBManager:connection_data:Object reference not set to an instance of an object.
27-07-2023 11:01:32:DBManager:connection_data:Object reference not set to an instance of an object.
27-07-2023 11:01:32:DBManager:connection_data:Object reference not set to an instance of an object.
27-07-2023 11:01:32:DBManager:connection_data:Object reference not set to an instance of an object.
27-07-2023 11:01:32:DBManager:connection_data:Object reference not set to an instance of an object.
27-07-2023 11:01:32:DBManager:connection_data:Object reference not set to an instance of an object.
27-07-2023 11:01:32:DBManager:connection_data:Object reference not set to an instance of an object.
27-07-2023 11:01:32:DBManager:connection_data:Object reference not set to an instance of an object.
27-07-2023 11:01:32:DBManager:connection_data:Object reference not set to an instance of an object.
27-07-2023 11:01:32:DBManager:connection_data:Object reference not set to an instance of an object.
27-07-2023 11:01:32:DBManager:connection_data:Object reference not set to an instance of an object.
27-07-2023 11:01:32:DBManager:connection_data:Object reference not set to an instance of an object.
27-07-2023 11:01:32:DBManager:connection_data:Object reference not set to an instance of an object.
27-07-2023 11:01:32:DBManager:connection_data:Object reference not set to an instance of an object.
27-07-2023 11:01:32:DBManager:connection_data:Object reference not set to an instance of an object.
27-07-2023 11:01:32:DBManager:connection_data:Object reference not set to an instance of an object.
27-07-2023 11:01:32:DBManager:connection_data:Object reference not set to an instance of an object.
27-07-2023 11:01:32:DBManager:connection_data:Object reference not set to an instance of an object.
27-07-2023 11:01:32:DBManager:connection_data:Object reference not set to an instance of an object.
27-07-2023 11:01:32:DBManager:connection_data:Object reference not set to an instance of an object.
27-07-2023 11:01:32:DBManager:connection_data:Object reference not set to an instance of an object.
27-07-2023 11:01:32:DBManager:connection_data:Object reference not set to an instance of an object.
27-07-2023 11:01:32:DBManager:connection_data:Object reference not set to an instance of an object.
27-07-2023 11:01:32:DBManager:connection_data:Object reference not set to an instance of an object.
27-07-2023 11:01:32:DBManager:connection_data:Object reference not set to an instance of an object.
27-07-2023 11:01:32:DBManager:connection_data:Object reference not set to an instance of an object.
27-07-2023 11:01:32:DBManager:connection_data:Object reference not set to an instance of an object.
27-07-2023 11:01:32:DBManager:connection_data:Object reference not set to an instance of an object.
27-07-2023 11:01:32:DBManager:connection_data:Object reference not set to an instance of an object.
27-07-2023 11:01:32:DBManager:connection_data:Object reference not set to an instance of an object.
27-07-2023 11:01:32:DBManager:connection_data:Object reference not set to an instance of an object.
27-07-2023 11:01:32:DBManager:connection_data:Object reference not set to an instance of an object.
27-07-2023 11:01:32:DBManager:connection_data:Object reference not set to an instance of an object.
27-07-2023 11:01:32:DBManager:connection_data:Object reference not set to an instance of an object.
27-07-2023 11:01:32:DBManager:connection_data:Object reference not set to an instance of an object.
27-07-2023 11:01:32:DBManager:connection_data:Object reference not set to an instance of an object.
27-07-2023 11:01:32:DBManager:connection_data:Object reference not set to an instance of an object.
27-07-2023 11:01:32:DBManager:connection_data:Object reference not set to an instance of an object.
27-07-2023 11:01:32:DBManager:connection_data:Object reference not set to an instance of an object.
27-07-2023 11:01:32:DBManager:connection_data:Object reference not set to an instance of an object.
27-07-2023 11:01:32:DBManager:connection_data:Object reference not set to an instance of an object.
27-07-2023 11:01:32:DBManager:connection_data:Object reference not set to an instance of an object.
27-07-2023 11:01:32:DBManager:connection_data:Object reference not set to an instance of an object.
27-07-2023 11:01:32:DBManager:connection_data:Object reference not set to an instance of an object.
27-07-2023 11:01:32:DBManager:connection_data:Object reference not set to an instance of an object.
27-07-2023 11:01:32:DBManager:connection_data:Object reference not set to an instance of an object.
27-07-2023 11:01:32:DBManager:connection_data:Object reference not set to an instance of an object.
27-07-2023 11:01:32:DBManager:connection_data:Object reference not set to an instance of an object.
27-07-2023 11:01:32:DBManager:connection_data:Object reference not set to an instance of an object.
27-07-2023 11:01:32:DBManager:connection_data:Object reference not set to an instance of an object.
27-07-2023 11:01:32:DBManager:connection_data:Object reference not set to an instance of an object.
27-07-2023 11:01:32:DBManager:connection_data:Object reference not set to an instance of an object.
27-07-2023 11:01:32:DBManager:connection_data:Object reference not set to an instance of an object.
27-07-2023 11:01:32:DBManager:connection_data:Object reference not set to an instance of an object.
27-07-2023 11:01:32:DBManager:connection_data:Object reference not set to an instance of an object.
27-07-2023 11:01:32:DBManager:connection_data:Object reference not set to an instance of an object.
27-07-2023 11:01:32:DBManager:connection_data:Object reference not set to an instance of an object.
27-07-2023 11:01:32:DBManager:connection_data:Object reference not set to an instance of an object.
27-07-2023 11:01:32:DBManager:connection_data:Object reference not set to an instance of an object.
27-07-2023 11:01:32:DBManager:connection_data:Object reference not set to an instance of an object.
27-07-2023 11:01:32:DBManager:connection_data:Object reference not set to an instance of an object.
27-07-2023 11:01:32:DBManager:connection_data:Object reference not set to an instance of an object.
27-07-2023 11:01:32:DBManager:connection_data:Object reference not set to an instance of an object.
27-07-2023 11:01:32:DBManager:connection_data:Object reference not set to an instance of an object.
27-07-2023 11:01:32:DBManager:connection_data:Object reference not set to an instance of an object.
27-07-2023 11:01:32:DBManager:connection_data:Object reference not set to an instance of an object.
27-07-2023 11:01:32:DBManager:connection_data:Object reference not set to an instance of an object.
27-07-2023 11:01:32:DBManager:connection_data:Object reference not set to an instance of an object.
27-07-2023 11:01:32:DBManager:connection_data:Object reference not set to an instance of an object.
27-07-2023 11:01:32:DBManager:connection_data:Object reference not set to an instance of an object.
27-07-2023 11:01:32:DBManager:connection_data:Object reference not set to an instance of an object.
27-07-2023 11:01:32:DBManager:connection_data:Object reference not set to an instance of an object.
27-07-2023 11:01:32:DBManager:connection_data:Object reference not set to an instance of an object.
27-07-2023 11:01:32:DBManager:connection_data:Object reference not set to an instance of an object.
27-07-2023 11:01:32:DBManager:connection_data:Object reference not set to an instance of an object.
27-07-2023 11:01:32:DBManager:connection_data:Object reference not set to an instance of an object.
27-07-2023 11:01:32:DBManager:connection_data:Object reference not set to an instance of an object.
27-07-2023 11:01:32:DBManager:connection_data:Object reference not set to an instance of an object.
27-07-2023 11:01:32:DBManager:connection_data:Object reference not set to an instance of an object.
27-07-2023 11:01:32:DBManager:connection_data:Object reference not set to an instance of an object.
27-07-2023 11:01:32:DBManager:connection_data:Object reference not set to an instance of an object.
27-07-2023 11:01:32:DBManager:connection_data:Object reference not set to an instance of an object.
27-07-2023 11:01:32:DBManager:connection_data:Object reference not set to an instance of an object.
27-07-2023 11:01:32:DBManager:connection_data:Object reference not set to an instance of an object.
27-07-2023 11:01:32:DBManager:connection_data:Object reference not set to an instance of an object.
27-07-2023 11:01:32:DBManager:connection_data:Object reference not set to an instance of an object.
27-07-2023 11:01:32:DBManager:connection_data:Object reference not set to an instance of an object.
27-07-2023 11:01:32:DBManager:connection_data:Object reference not set to an instance of an object.
27-07-2023 11:01:39:DBManager:connection_data:Object reference not set to an instance of an object.
27-07-2023 11:01:39:DBManager:connection_data:Object reference not set to an instance of an object.
27-07-2023 11:01:39:DBManager:connection_data:Object reference not set to an instance of an object.
27-07-2023 11:01:39:DBManager:connection_data:Object reference not set to an instance of an object.
27-07-2023 11:01:39:DBManager:connection_data:Object reference not set to an instance of an object.
27-07-2023 11:01:39:DBManager:connection_data:Object reference not set to an instance of an object.
27-07-2023 11:01:39:DBManager:connection_data:Object reference not set to an instance of an object.
27-07-2023 11:01:39:DBManager:connection_data:Object reference not set to an instance of an object.
27-07-2023 11:01:39:DBManager:connection_data:Object reference not set to an instance of an object.
27-07-2023 11:01:39:DBManager:connection_data:Object reference not set to an instance of an object.
27-07-2023 11:01:39:DBManager:connection_data:Object reference not set to an instance of an object.
27-07-2023 11:01:39:DBManager:connection_data:Object reference not set to an instance of an object.
27-07-2023 11:01:39:DBManager:connection_data:Object reference not set to an instance of an object.
27-07-2023 11:01:39:DBManager:connection_data:Object reference not set to an instance of an object.
27-07-2023 11:01:39:DBManager:connection_data:Object reference not set to an instance of an object.
27-07-2023 11:01:39:DBManager:connection_data:Object reference not set to an instance of an object.
27-07-2023 11:01:39:DBManager:connection_data:Object reference not set to an instance of an object.
27-07-2023 11:01:39:DBManager:connection_data:Object reference not set to an instance of an object.
27-07-2023 11:01:39:DBManager:connection_data:Object reference not set to an instance of an object.
27-07-2023 11:01:39:DBManager:connection_data:Object reference not set to an instance of an object.
27-07-2023 11:01:39:DBManager:connection_data:Object reference not set to an instance of an object.
27-07-2023 11:01:39:DBManager:connection_data:Object reference not set to an instance of an object.
27-07-2023 11:01:39:DBManager:connection_data:Object reference not set to an instance of an object.
27-07-2023 11:01:39:DBManager:connection_data:Object reference not set to an instance of an object.
27-07-2023 11:01:39:DBManager:connection_data:Object reference not set to an instance of an object.
27-07-2023 11:01:39:DBManager:connection_data:Object reference not set to an instance of an object.
27-07-2023 11:01:39:DBManager:connection_data:Object reference not set to an instance of an object.
27-07-2023 11:01:39:DBManager:connection_data:Object reference not set to an instance of an object.
27-07-2023 11:01:39:DBManager:connection_data:Object reference not set to an instance of an object.
27-07-2023 11:01:39:DBManager:connection_data:Object reference not set to an instance of an object.
27-07-2023 11:01:39:DBManager:connection_data:Object reference not set to an instance of an object.
27-07-2023 11:01:39:DBManager:connection_data:Object reference not set to an instance of an object.
27-07-2023 11:01:39:DBManager:connection_data:Object reference not set to an instance of an object.
27-07-2023 11:01:39:DBManager:connection_data:Object reference not set to an instance of an object.
27-07-2023 11:01:39:DBManager:connection_data:Object reference not set to an instance of an object.
27-07-2023 11:01:39:DBManager:connection_data:Object reference not set to an instance of an object.
27-07-2023 11:01:39:DBManager:connection_data:Object reference not set to an instance of an object.
27-07-2023 11:01:39:DBManager:connection_data:Object reference not set to an instance of an object.
27-07-2023 11:01:39:DBManager:connection_data:Object reference not set to an instance of an object.
27-07-2023 11:01:39:DBManager:connection_data:Object reference not set to an instance of an object.
27-07-2023 11:01:39:DBManager:connection_data:Object reference not set to an instance of an object.
27-07-2023 11:01:39:DBManager:connection_data:Object reference not set to an instance of an object.
27-07-2023 11:01:39:DBManager:connection_data:Object reference not set to an instance of an object.
27-07-2023 11:01:39:DBManager:connection_data:Object reference not set to an instance of an object.
27-07-2023 11:01:39:DBManager:connection_data:Object reference not set to an instance of an object.
27-07-2023 11:01:39:DBManager:connection_data:Object reference not set to an instance of an object.
27-07-2023 11:01:39:DBManager:connection_data:Object reference not set to an instance of an object.
27-07-2023 11:01:39:DBManager:connection_data:Object reference not set to an instance of an object.
27-07-2023 11:01:39:DBManager:connection_data:Object reference not set to an instance of an object.
27-07-2023 11:01:39:DBManager:connection_data:Object reference not set to an instance of an object.
27-07-2023 11:01:39:DBManager:connection_data:Object reference not set to an instance of an object.
27-07-2023 11:01:39:DBManager:connection_data:Object reference not set to an instance of an object.
27-07-2023 11:01:39:DBManager:connection_data:Object reference not set to an instance of an object.
27-07-2023 11:01:39:DBManager:connection_data:Object reference not set to an instance of an object.
27-07-2023 11:01:39:DBManager:connection_data:Object reference not set to an instance of an object.
27-07-2023 11:01:39:DBManager:connection_data:Object reference not set to an instance of an object.
27-07-2023 11:01:39:DBManager:connection_data:Object reference not set to an instance of an object.
27-07-2023 11:01:39:DBManager:connection_data:Object reference not set to an instance of an object.
27-07-2023 11:01:39:DBManager:connection_data:Object reference not set to an instance of an object.
27-07-2023 11:01:39:DBManager:connection_data:Object reference not set to an instance of an object.
27-07-2023 11:01:39:DBManager:connection_data:Object reference not set to an instance of an object.
27-07-2023 11:01:39:DBManager:connection_data:Object reference not set to an instance of an object.
27-07-2023 11:01:39:DBManager:connection_data:Object reference not set to an instance of an object.
27-07-2023 11:01:39:DBManager:connection_data:Object reference not set to an instance of an object.
27-07-2023 11:01:39:DBManager:connection_data:Object reference not set to an instance of an object.
27-07-2023 11:01:39:DBManager:connection_data:Object reference not set to an instance of an object.
27-07-2023 11:01:39:DBManager:connection_data:Object reference not set to an instance of an object.
27-07-2023 11:01:39:DBManager:connection_data:Object reference not set to an instance of an object.
27-07-2023 11:01:39:DBManager:connection_data:Object reference not set to an instance of an object.
27-07-2023 11:01:39:DBManager:connection_data:Object reference not set to an instance of an object.
27-07-2023 11:01:39:DBManager:connection_data:Object reference not set to an instance of an object.
27-07-2023 11:01:39:DBManager:connection_data:Object reference not set to an instance of an object.
27-07-2023 11:01:39:DBManager:connection_data:Object reference not set to an instance of an object.
27-07-2023 11:01:39:DBManager:connection_data:Object reference not set to an instance of an object.
27-07-2023 11:01:39:DBManager:connection_data:Object reference not set to an instance of an object.
27-07-2023 11:01:39:DBManager:connection_data:Object reference not set to an instance of an object.
27-07-2023 11:01:39:DBManager:connection_data:Object reference not set to an instance of an object.
27-07-2023 11:01:39:DBManager:connection_data:Object reference not set to an instance of an object.
27-07-2023 11:01:39:DBManager:connection_data:Object reference not set to an instance of an object.
27-07-2023 11:01:39:DBManager:connection_data:Object reference not set to an instance of an object.
27-07-2023 11:01:39:DBManager:connection_data:Object reference not set to an instance of an object.
27-07-2023 11:01:39:DBManager:connection_data:Object reference not set to an instance of an object.
27-07-2023 11:01:39:DBManager:connection_data:Object reference not set to an instance of an object.
27-07-2023 11:01:39:DBManager:connection_data:Object reference not set to an instance of an object.
27-07-2023 11:01:39:DBManager:connection_data:Object reference not set to an instance of an object.
27-07-2023 11:01:39:DBManager:connection_data:Object reference not set to an instance of an object.
27-07-2023 11:01:39:DBManager:connection_data:Object reference not set to an instance of an object.
27-07-2023 11:01:39:DBManager:connection_data:Object reference not set to an instance of an object.
27-07-2023 11:01:39:DBManager:connection_data:Object reference not set to an instance of an object.
27-07-2023 11:01:39:DBManager:connection_data:Object reference not set to an instance of an object.
27-07-2023 11:01:39:DBManager:connection_data:Object reference not set to an instance of an object.
27-07-2023 11:01:39:DBManager:connection_data:Object reference not set to an instance of an object.
27-07-2023 11:01:39:DBManager:connection_data:Object reference not set to an instance of an object.
27-07-2023 11:01:39:DBManager:connection_data:Object reference not set to an instance of an object.
27-07-2023 11:01:39:DBManager:connection_data:Object reference not set to an instance of an object.
27-07-2023 11:01:39:DBManager:connection_data:Object reference not set to an instance of an object.
27-07-2023 11:01:39:DBManager:connection_data:Object reference not set to an instance of an object.
27-07-2023 11:01:39:DBManager:connection_data:Object reference not set to an instance of an object.
27-07-2023 11:01:39:DBManager:connection_data:Object reference not set to an instance of an object.
27-07-2023 11:01:39:DBManager:connection_data:Object reference not set to an instance of an object.
27-07-2023 11:01:39:DBManager:connection_data:Object reference not set to an instance of an object.
27-07-2023 11:01:39:DBManager:connection_data:Object reference not set to an instance of an object.
27-07-2023 11:01:39:DBManager:connection_data:Object reference not set to an instance of an object.
27-07-2023 11:01:39:DBManager:connection_data:Object reference not set to an instance of an object.
27-07-2023 11:01:39:DBManager:connection_data:Object reference not set to an instance of an object.
27-07-2023 11:01:39:DBManager:connection_data:Object reference not set to an instance of an object.
27-07-2023 11:01:39:DBManager:connection_data:Object reference not set to an instance of an object.
27-07-2023 11:01:39:DBManager:connection_data:Object reference not set to an instance of an object.
27-07-2023 11:01:39:DBManager:connection_data:Object reference not set to an instance of an object.
27-07-2023 11:01:39:DBManager:connection_data:Object reference not set to an instance of an object.
27-07-2023 11:01:39:DBManager:connection_data:Object reference not set to an instance of an object.
27-07-2023 11:01:39:DBManager:connection_data:Object reference not set to an instance of an object.
27-07-2023 11:01:39:DBManager:connection_data:Object reference not set to an instance of an object.
27-07-2023 11:01:39:DBManager:connection_data:Object reference not set to an instance of an object.
27-07-2023 11:01:39:DBManager:connection_data:Object reference not set to an instance of an object.
27/07/2023 11:01:39 AM:Product_Master:Page_Load:1
27/07/2023 11:01:39 AM:Product_Master:Page_Load:2
27/07/2023 11:01:39 AM:Product_Master:BindGrid:The data source does not support server-side data paging.
27/07/2023 11:01:39 AM:Product_Master:Page_Load:9
27/07/2023 11:01:39 AM:Product_Master:Page_Load:10
27/07/2023 11:01:39 AM:Product_Master:selectIngredientList:Object reference not set to an instance of an object.
27/07/2023 11:01:39 AM:Product_Master:selectCondimentList:Object reference not set to an instance of an object.
27/07/2023 11:01:39 AM:Product_Master:Page_Load:11
27-07-2023 16:56:22:DBManager:connection_data:Object reference not set to an instance of an object.
27-07-2023 16:56:22:DBManager:connection_data:Object reference not set to an instance of an object.
27-07-2023 16:56:22:DBManager:connection_data:Object reference not set to an instance of an object.
27/07/2023 4:56:22 PM:SignIn:btnLogIn_Click:test
27-07-2023 17:02:47:DBManager:connection_data:Object reference not set to an instance of an object.
27-07-2023 17:02:47:DBManager:connection_data:Object reference not set to an instance of an object.
27-07-2023 17:02:47:DBManager:connection_data:Object reference not set to an instance of an object.
27/07/2023 5:02:47 PM:SignIn:btnLogIn_Click:test
27/07/2023 5:02:47 PM:SignIn:btnLogIn_Click4:
27/07/2023 5:02:47 PM:SignIn:btnLogIn_Click5:
27/07/2023 5:02:47 PM:SignIn:btnLogIn_Click7:
27/07/2023 5:02:47 PM:SignIn:btnLogIn_Click8:
27/07/2023 5:02:47 PM:ClsDataccess:Getdatatable:The ConnectionString property has not been initialized.
27-07-2023 17:02:47:DBManager:connection_data:Object reference not set to an instance of an object.
27-07-2023 17:02:47:DBManager:connection_data:Object reference not set to an instance of an object.
27-07-2023 17:02:47:DBManager:connection_data:Object reference not set to an instance of an object.
27-07-2023 17:02:47:DBManager:connection_data:Object reference not set to an instance of an object.
27-07-2023 17:02:47:DBManager:connection_data:Object reference not set to an instance of an object.
27-07-2023 17:02:47:DBManager:connection_data:Object reference not set to an instance of an object.
27-07-2023 17:02:47:DBManager:connection_data:Object reference not set to an instance of an object.
27-07-2023 17:02:47:DBManager:connection_data:Object reference not set to an instance of an object.
27-07-2023 17:02:47:DBManager:connection_data:Object reference not set to an instance of an object.
27-07-2023 17:02:47:DBManager:connection_data:Object reference not set to an instance of an object.
27-07-2023 17:02:47:DBManager:connection_data:Object reference not set to an instance of an object.
27-07-2023 17:02:47:DBManager:connection_data:Object reference not set to an instance of an object.
27-07-2023 17:02:47:DBManager:connection_data:Object reference not set to an instance of an object.
27-07-2023 17:02:47:DBManager:connection_data:Object reference not set to an instance of an object.
27-07-2023 17:02:47:DBManager:connection_data:Object reference not set to an instance of an object.
27-07-2023 17:02:47:DBManager:connection_data:Object reference not set to an instance of an object.
27-07-2023 17:02:47:DBManager:connection_data:Object reference not set to an instance of an object.
27-07-2023 17:02:47:DBManager:connection_data:Object reference not set to an instance of an object.
27-07-2023 17:02:47:DBManager:connection_data:Object reference not set to an instance of an object.
27-07-2023 17:02:47:DBManager:connection_data:Object reference not set to an instance of an object.
27-07-2023 17:02:47:DBManager:connection_data:Object reference not set to an instance of an object.
27-07-2023 17:02:47:DBManager:connection_data:Object reference not set to an instance of an object.
27-07-2023 17:02:47:DBManager:connection_data:Object reference not set to an instance of an object.
27-07-2023 17:02:47:DBManager:connection_data:Object reference not set to an instance of an object.
27-07-2023 17:02:47:DBManager:connection_data:Object reference not set to an instance of an object.
27-07-2023 17:02:47:DBManager:connection_data:Object reference not set to an instance of an object.
27-07-2023 17:02:47:DBManager:connection_data:Object reference not set to an instance of an object.
27-07-2023 17:02:47:DBManager:connection_data:Object reference not set to an instance of an object.
27-07-2023 17:02:47:DBManager:connection_data:Object reference not set to an instance of an object.
27-07-2023 17:02:47:DBManager:connection_data:Object reference not set to an instance of an object.
27-07-2023 17:02:47:DBManager:connection_data:Object reference not set to an instance of an object.
27-07-2023 17:02:47:DBManager:connection_data:Object reference not set to an instance of an object.
27-07-2023 17:02:47:DBManager:connection_data:Object reference not set to an instance of an object.
27-07-2023 17:02:47:DBManager:connection_data:Object reference not set to an instance of an object.
27-07-2023 17:02:47:DBManager:connection_data:Object reference not set to an instance of an object.
27-07-2023 17:02:47:DBManager:connection_data:Object reference not set to an instance of an object.
27-07-2023 17:02:47:DBManager:connection_data:Object reference not set to an instance of an object.
27-07-2023 17:02:47:DBManager:connection_data:Object reference not set to an instance of an object.
27-07-2023 17:02:47:DBManager:connection_data:Object reference not set to an instance of an object.
27-07-2023 17:02:47:DBManager:connection_data:Object reference not set to an instance of an object.
27-07-2023 17:02:47:DBManager:connection_data:Object reference not set to an instance of an object.
27-07-2023 17:02:47:DBManager:connection_data:Object reference not set to an instance of an object.
27-07-2023 17:02:47:DBManager:connection_data:Object reference not set to an instance of an object.
27-07-2023 17:02:47:DBManager:connection_data:Object reference not set to an instance of an object.
27-07-2023 17:02:47:DBManager:connection_data:Object reference not set to an instance of an object.
27-07-2023 17:02:47:DBManager:connection_data:Object reference not set to an instance of an object.
27-07-2023 17:02:47:DBManager:connection_data:Object reference not set to an instance of an object.
27-07-2023 17:02:47:DBManager:connection_data:Object reference not set to an instance of an object.
27-07-2023 17:02:47:DBManager:connection_data:Object reference not set to an instance of an object.
27-07-2023 17:02:47:DBManager:connection_data:Object reference not set to an instance of an object.
27-07-2023 17:02:47:DBManager:connection_data:Object reference not set to an instance of an object.
27-07-2023 17:02:47:DBManager:connection_data:Object reference not set to an instance of an object.
27-07-2023 17:02:47:DBManager:connection_data:Object reference not set to an instance of an object.
27-07-2023 17:02:47:DBManager:connection_data:Object reference not set to an instance of an object.
27-07-2023 17:02:47:DBManager:connection_data:Object reference not set to an instance of an object.
27-07-2023 17:02:47:DBManager:connection_data:Object reference not set to an instance of an object.
27-07-2023 17:02:47:DBManager:connection_data:Object reference not set to an instance of an object.
27-07-2023 17:02:47:DBManager:connection_data:Object reference not set to an instance of an object.
27-07-2023 17:02:47:DBManager:connection_data:Object reference not set to an instance of an object.
27-07-2023 17:02:47:DBManager:connection_data:Object reference not set to an instance of an object.
27-07-2023 17:02:47:DBManager:connection_data:Object reference not set to an instance of an object.
27-07-2023 17:02:47:DBManager:connection_data:Object reference not set to an instance of an object.
27-07-2023 17:02:47:DBManager:connection_data:Object reference not set to an instance of an object.
27-07-2023 17:02:47:DBManager:connection_data:Object reference not set to an instance of an object.
27-07-2023 17:02:47:DBManager:connection_data:Object reference not set to an instance of an object.
27-07-2023 17:02:47:DBManager:connection_data:Object reference not set to an instance of an object.
27-07-2023 17:02:47:DBManager:connection_data:Object reference not set to an instance of an object.
27-07-2023 17:02:47:DBManager:connection_data:Object reference not set to an instance of an object.
27-07-2023 17:02:47:DBManager:connection_data:Object reference not set to an instance of an object.
27-07-2023 17:02:47:DBManager:connection_data:Object reference not set to an instance of an object.
27-07-2023 17:02:47:DBManager:connection_data:Object reference not set to an instance of an object.
27-07-2023 17:02:47:DBManager:connection_data:Object reference not set to an instance of an object.
27-07-2023 17:02:47:DBManager:connection_data:Object reference not set to an instance of an object.
27-07-2023 17:02:47:DBManager:connection_data:Object reference not set to an instance of an object.
27-07-2023 17:02:47:DBManager:connection_data:Object reference not set to an instance of an object.
27-07-2023 17:02:47:DBManager:connection_data:Object reference not set to an instance of an object.
27-07-2023 17:02:47:DBManager:connection_data:Object reference not set to an instance of an object.
27-07-2023 17:02:58:DBManager:connection_data:Object reference not set to an instance of an object.
27-07-2023 17:02:58:DBManager:connection_data:Object reference not set to an instance of an object.
27-07-2023 17:02:58:DBManager:connection_data:Object reference not set to an instance of an object.
27-07-2023 17:08:31:DBManager:connection_data:Object reference not set to an instance of an object.
27-07-2023 17:08:31:DBManager:connection_data:Object reference not set to an instance of an object.
27-07-2023 17:08:31:DBManager:connection_data:Object reference not set to an instance of an object.
27-07-2023 17:08:50:DBManager:connection_data:Object reference not set to an instance of an object.
27-07-2023 17:08:50:DBManager:connection_data:Object reference not set to an instance of an object.
27-07-2023 17:08:50:DBManager:connection_data:Object reference not set to an instance of an object.
