10/30/2023 10:20:25 AM:DBManager:connection_data:Object reference not set to an instance of an object.
10/30/2023 10:20:25 AM:DBManager:connection_data:Object reference not set to an instance of an object.
10/30/2023 10:20:25 AM:DBManager:connection_data:Object reference not set to an instance of an object.
10/30/2023 10:20:25 AM:DBManager:connection_data:Object reference not set to an instance of an object.
10/30/2023 10:20:25 AM:DBManager:connection_data:Object reference not set to an instance of an object.
10/30/2023 10:20:25 AM:DBManager:connection_data:Object reference not set to an instance of an object.
10/30/2023 10:20:25 AM:DBManager:connection_data:Object reference not set to an instance of an object.
10/30/2023 10:20:25 AM:DBManager:connection_data:Object reference not set to an instance of an object.
10/30/2023 10:20:25 AM:DBManager:connection_data:Object reference not set to an instance of an object.
10/30/2023 10:20:25 AM:DBManager:connection_data:Object reference not set to an instance of an object.
10/30/2023 10:20:25 AM:DBManager:connection_data:Object reference not set to an instance of an object.
10/30/2023 10:20:25 AM:DBManager:connection_data:Object reference not set to an instance of an object.
10/30/2023 10:20:25 AM:DBManager:connection_data:Object reference not set to an instance of an object.
10/30/2023 10:20:25 AM:DBManager:connection_data:Object reference not set to an instance of an object.
10/30/2023 10:20:25 AM:DBManager:connection_data:Object reference not set to an instance of an object.
10/30/2023 10:20:25 AM:DBManager:connection_data:Object reference not set to an instance of an object.
10/30/2023 10:20:25 AM:DBManager:connection_data:Object reference not set to an instance of an object.
10/30/2023 10:20:25 AM:DBManager:connection_data:Object reference not set to an instance of an object.
10/30/2023 10:20:25 AM:DBManager:connection_data:Object reference not set to an instance of an object.
10/30/2023 10:20:25 AM:DBManager:connection_data:Object reference not set to an instance of an object.
10/30/2023 10:20:25 AM:DBManager:connection_data:Object reference not set to an instance of an object.
10/30/2023 10:20:25 AM:DBManager:connection_data:Object reference not set to an instance of an object.
10/30/2023 10:20:25 AM:DBManager:connection_data:Object reference not set to an instance of an object.
10/30/2023 10:20:25 AM:DBManager:connection_data:Object reference not set to an instance of an object.
10/30/2023 10:20:25 AM:DBManager:connection_data:Object reference not set to an instance of an object.
10/30/2023 10:20:25 AM:DBManager:connection_data:Object reference not set to an instance of an object.
10/30/2023 10:20:25 AM:DBManager:connection_data:Object reference not set to an instance of an object.
10/30/2023 10:20:25 AM:DBManager:connection_data:Object reference not set to an instance of an object.
10/30/2023 10:20:25 AM:DBManager:connection_data:Object reference not set to an instance of an object.
10/30/2023 10:20:25 AM:DBManager:connection_data:Object reference not set to an instance of an object.
10/30/2023 10:20:25 AM:DBManager:connection_data:Object reference not set to an instance of an object.
10/30/2023 10:20:25 AM:DBManager:connection_data:Object reference not set to an instance of an object.
10/30/2023 10:20:25 AM:DBManager:connection_data:Object reference not set to an instance of an object.
10/30/2023 10:20:25 AM:DBManager:connection_data:Object reference not set to an instance of an object.
10/30/2023 10:20:25 AM:DBManager:connection_data:Object reference not set to an instance of an object.
10/30/2023 10:20:25 AM:DBManager:connection_data:Object reference not set to an instance of an object.
10/30/2023 10:20:25 AM:DBManager:connection_data:Object reference not set to an instance of an object.
10/30/2023 10:20:25 AM:DBManager:connection_data:Object reference not set to an instance of an object.
10/30/2023 10:20:25 AM:DBManager:connection_data:Object reference not set to an instance of an object.
10/30/2023 10:20:25 AM:DBManager:connection_data:Object reference not set to an instance of an object.
10/30/2023 10:20:25 AM:DBManager:connection_data:Object reference not set to an instance of an object.
10/30/2023 10:20:25 AM:DBManager:connection_data:Object reference not set to an instance of an object.
10/30/2023 10:20:25 AM:DBManager:connection_data:Object reference not set to an instance of an object.
10/30/2023 10:20:25 AM:DBManager:connection_data:Object reference not set to an instance of an object.
10/30/2023 10:20:25 AM:DBManager:connection_data:Object reference not set to an instance of an object.
10/30/2023 10:20:25 AM:DBManager:connection_data:Object reference not set to an instance of an object.
10/30/2023 10:20:25 AM:DBManager:connection_data:Object reference not set to an instance of an object.
10/30/2023 10:20:25 AM:DBManager:connection_data:Object reference not set to an instance of an object.
10/30/2023 10:20:25 AM:DBManager:connection_data:Object reference not set to an instance of an object.
10/30/2023 10:20:25 AM:DBManager:connection_data:Object reference not set to an instance of an object.
10/30/2023 10:20:25 AM:DBManager:connection_data:Object reference not set to an instance of an object.
10/30/2023 10:20:25 AM:DBManager:connection_data:Object reference not set to an instance of an object.
10/30/2023 10:20:25 AM:DBManager:connection_data:Object reference not set to an instance of an object.
10/30/2023 10:20:25 AM:DBManager:connection_data:Object reference not set to an instance of an object.
10/30/2023 10:20:25 AM:DBManager:connection_data:Object reference not set to an instance of an object.
10/30/2023 10:20:25 AM:DBManager:connection_data:Object reference not set to an instance of an object.
10/30/2023 10:20:25 AM:DBManager:connection_data:Object reference not set to an instance of an object.
10/30/2023 10:20:25 AM:DBManager:connection_data:Object reference not set to an instance of an object.
10/30/2023 10:20:25 AM:DBManager:connection_data:Object reference not set to an instance of an object.
10/30/2023 10:20:25 AM:DBManager:connection_data:Object reference not set to an instance of an object.
10/30/2023 10:20:25 AM:DBManager:connection_data:Object reference not set to an instance of an object.
10/30/2023 10:20:25 AM:DBManager:connection_data:Object reference not set to an instance of an object.
10/30/2023 10:20:25 AM:DBManager:connection_data:Object reference not set to an instance of an object.
10/30/2023 10:20:25 AM:DBManager:connection_data:Object reference not set to an instance of an object.
10/30/2023 10:20:25 AM:DBManager:connection_data:Object reference not set to an instance of an object.
10/30/2023 10:20:25 AM:DBManager:connection_data:Object reference not set to an instance of an object.
10/30/2023 10:20:25 AM:DBManager:connection_data:Object reference not set to an instance of an object.
10/30/2023 10:20:25 AM:DBManager:connection_data:Object reference not set to an instance of an object.
10/30/2023 10:20:25 AM:DBManager:connection_data:Object reference not set to an instance of an object.
10/30/2023 10:20:25 AM:DBManager:connection_data:Object reference not set to an instance of an object.
10/30/2023 10:20:25 AM:DBManager:connection_data:Object reference not set to an instance of an object.
10/30/2023 10:20:25 AM:DBManager:connection_data:Object reference not set to an instance of an object.
10/30/2023 10:20:25 AM:DBManager:connection_data:Object reference not set to an instance of an object.
10/30/2023 10:20:25 AM:DBManager:connection_data:Object reference not set to an instance of an object.
10/30/2023 10:20:25 AM:DBManager:connection_data:Object reference not set to an instance of an object.
10/30/2023 10:20:25 AM:DBManager:connection_data:Object reference not set to an instance of an object.
10/30/2023 10:20:25 AM:DBManager:connection_data:Object reference not set to an instance of an object.
10/30/2023 10:20:25 AM:DBManager:connection_data:Object reference not set to an instance of an object.
10/30/2023 10:20:25 AM:DBManager:connection_data:Object reference not set to an instance of an object.
10/30/2023 10:20:25 AM:DBManager:connection_data:Object reference not set to an instance of an object.
10/30/2023 10:20:25 AM:DBManager:connection_data:Object reference not set to an instance of an object.
10/30/2023 10:20:25 AM:DBManager:connection_data:Object reference not set to an instance of an object.
10/30/2023 10:20:25 AM:DBManager:connection_data:Object reference not set to an instance of an object.
30/10/2023 10:20:25 AM:MasterPage:Page_Init:Thread was being aborted.
10/30/2023 10:20:25 AM:DBManager:connection_data:Object reference not set to an instance of an object.
10/30/2023 10:20:25 AM:DBManager:connection_data:Object reference not set to an instance of an object.
10/30/2023 10:20:25 AM:DBManager:connection_data:Object reference not set to an instance of an object.
30/10/2023 10:20:25 AM:SignIn:btnLogIn_Click:test
10/30/2023 10:20:58 AM:DBManager:connection_data:Object reference not set to an instance of an object.
10/30/2023 10:20:58 AM:DBManager:connection_data:Object reference not set to an instance of an object.
10/30/2023 10:20:58 AM:DBManager:connection_data:Object reference not set to an instance of an object.
30/10/2023 10:20:58 AM:SignIn:btnLogIn_Click:test
30/10/2023 10:20:58 AM:SignIn:btnLogIn_Click4:
30/10/2023 10:20:58 AM:SignIn:btnLogIn_Click5:
30/10/2023 10:20:58 AM:SignIn:btnLogIn_Click7:
30/10/2023 10:20:59 AM:SignIn:btnLogIn_Click8:
30/10/2023 10:20:59 AM:ClsDataccess:Getdatatable:The ConnectionString property has not been initialized.
10/30/2023 10:20:59 AM:DBManager:connection_data:Object reference not set to an instance of an object.
10/30/2023 10:20:59 AM:DBManager:connection_data:Object reference not set to an instance of an object.
10/30/2023 10:20:59 AM:DBManager:connection_data:Object reference not set to an instance of an object.
10/30/2023 10:20:59 AM:DBManager:connection_data:Object reference not set to an instance of an object.
10/30/2023 10:20:59 AM:DBManager:connection_data:Object reference not set to an instance of an object.
10/30/2023 10:20:59 AM:DBManager:connection_data:Object reference not set to an instance of an object.
10/30/2023 10:20:59 AM:DBManager:connection_data:Object reference not set to an instance of an object.
10/30/2023 10:20:59 AM:DBManager:connection_data:Object reference not set to an instance of an object.
10/30/2023 10:20:59 AM:DBManager:connection_data:Object reference not set to an instance of an object.
10/30/2023 10:20:59 AM:DBManager:connection_data:Object reference not set to an instance of an object.
10/30/2023 10:20:59 AM:DBManager:connection_data:Object reference not set to an instance of an object.
10/30/2023 10:20:59 AM:DBManager:connection_data:Object reference not set to an instance of an object.
10/30/2023 10:20:59 AM:DBManager:connection_data:Object reference not set to an instance of an object.
10/30/2023 10:20:59 AM:DBManager:connection_data:Object reference not set to an instance of an object.
10/30/2023 10:20:59 AM:DBManager:connection_data:Object reference not set to an instance of an object.
10/30/2023 10:20:59 AM:DBManager:connection_data:Object reference not set to an instance of an object.
10/30/2023 10:20:59 AM:DBManager:connection_data:Object reference not set to an instance of an object.
10/30/2023 10:20:59 AM:DBManager:connection_data:Object reference not set to an instance of an object.
10/30/2023 10:20:59 AM:DBManager:connection_data:Object reference not set to an instance of an object.
10/30/2023 10:20:59 AM:DBManager:connection_data:Object reference not set to an instance of an object.
10/30/2023 10:20:59 AM:DBManager:connection_data:Object reference not set to an instance of an object.
10/30/2023 10:20:59 AM:DBManager:connection_data:Object reference not set to an instance of an object.
10/30/2023 10:20:59 AM:DBManager:connection_data:Object reference not set to an instance of an object.
10/30/2023 10:20:59 AM:DBManager:connection_data:Object reference not set to an instance of an object.
10/30/2023 10:20:59 AM:DBManager:connection_data:Object reference not set to an instance of an object.
10/30/2023 10:20:59 AM:DBManager:connection_data:Object reference not set to an instance of an object.
10/30/2023 10:20:59 AM:DBManager:connection_data:Object reference not set to an instance of an object.
10/30/2023 10:20:59 AM:DBManager:connection_data:Object reference not set to an instance of an object.
10/30/2023 10:20:59 AM:DBManager:connection_data:Object reference not set to an instance of an object.
10/30/2023 10:20:59 AM:DBManager:connection_data:Object reference not set to an instance of an object.
10/30/2023 10:20:59 AM:DBManager:connection_data:Object reference not set to an instance of an object.
10/30/2023 10:20:59 AM:DBManager:connection_data:Object reference not set to an instance of an object.
10/30/2023 10:20:59 AM:DBManager:connection_data:Object reference not set to an instance of an object.
10/30/2023 10:20:59 AM:DBManager:connection_data:Object reference not set to an instance of an object.
10/30/2023 10:20:59 AM:DBManager:connection_data:Object reference not set to an instance of an object.
10/30/2023 10:20:59 AM:DBManager:connection_data:Object reference not set to an instance of an object.
10/30/2023 10:20:59 AM:DBManager:connection_data:Object reference not set to an instance of an object.
10/30/2023 10:20:59 AM:DBManager:connection_data:Object reference not set to an instance of an object.
10/30/2023 10:20:59 AM:DBManager:connection_data:Object reference not set to an instance of an object.
10/30/2023 10:20:59 AM:DBManager:connection_data:Object reference not set to an instance of an object.
10/30/2023 10:20:59 AM:DBManager:connection_data:Object reference not set to an instance of an object.
10/30/2023 10:20:59 AM:DBManager:connection_data:Object reference not set to an instance of an object.
10/30/2023 10:20:59 AM:DBManager:connection_data:Object reference not set to an instance of an object.
10/30/2023 10:20:59 AM:DBManager:connection_data:Object reference not set to an instance of an object.
10/30/2023 10:20:59 AM:DBManager:connection_data:Object reference not set to an instance of an object.
10/30/2023 10:20:59 AM:DBManager:connection_data:Object reference not set to an instance of an object.
10/30/2023 10:20:59 AM:DBManager:connection_data:Object reference not set to an instance of an object.
10/30/2023 10:20:59 AM:DBManager:connection_data:Object reference not set to an instance of an object.
10/30/2023 10:20:59 AM:DBManager:connection_data:Object reference not set to an instance of an object.
10/30/2023 10:20:59 AM:DBManager:connection_data:Object reference not set to an instance of an object.
10/30/2023 10:20:59 AM:DBManager:connection_data:Object reference not set to an instance of an object.
10/30/2023 10:20:59 AM:DBManager:connection_data:Object reference not set to an instance of an object.
10/30/2023 10:20:59 AM:DBManager:connection_data:Object reference not set to an instance of an object.
10/30/2023 10:20:59 AM:DBManager:connection_data:Object reference not set to an instance of an object.
10/30/2023 10:20:59 AM:DBManager:connection_data:Object reference not set to an instance of an object.
10/30/2023 10:20:59 AM:DBManager:connection_data:Object reference not set to an instance of an object.
10/30/2023 10:20:59 AM:DBManager:connection_data:Object reference not set to an instance of an object.
10/30/2023 10:20:59 AM:DBManager:connection_data:Object reference not set to an instance of an object.
10/30/2023 10:20:59 AM:DBManager:connection_data:Object reference not set to an instance of an object.
10/30/2023 10:20:59 AM:DBManager:connection_data:Object reference not set to an instance of an object.
10/30/2023 10:20:59 AM:DBManager:connection_data:Object reference not set to an instance of an object.
10/30/2023 10:20:59 AM:DBManager:connection_data:Object reference not set to an instance of an object.
10/30/2023 10:20:59 AM:DBManager:connection_data:Object reference not set to an instance of an object.
10/30/2023 10:20:59 AM:DBManager:connection_data:Object reference not set to an instance of an object.
10/30/2023 10:20:59 AM:DBManager:connection_data:Object reference not set to an instance of an object.
10/30/2023 10:20:59 AM:DBManager:connection_data:Object reference not set to an instance of an object.
10/30/2023 10:20:59 AM:DBManager:connection_data:Object reference not set to an instance of an object.
10/30/2023 10:20:59 AM:DBManager:connection_data:Object reference not set to an instance of an object.
10/30/2023 10:20:59 AM:DBManager:connection_data:Object reference not set to an instance of an object.
10/30/2023 10:20:59 AM:DBManager:connection_data:Object reference not set to an instance of an object.
10/30/2023 10:20:59 AM:DBManager:connection_data:Object reference not set to an instance of an object.
10/30/2023 10:20:59 AM:DBManager:connection_data:Object reference not set to an instance of an object.
10/30/2023 10:20:59 AM:DBManager:connection_data:Object reference not set to an instance of an object.
10/30/2023 10:20:59 AM:DBManager:connection_data:Object reference not set to an instance of an object.
10/30/2023 10:20:59 AM:DBManager:connection_data:Object reference not set to an instance of an object.
10/30/2023 10:20:59 AM:DBManager:connection_data:Object reference not set to an instance of an object.
10/30/2023 10:20:59 AM:DBManager:connection_data:Object reference not set to an instance of an object.
10/30/2023 10:21:33 AM:DBManager:connection_data:Object reference not set to an instance of an object.
10/30/2023 10:21:33 AM:DBManager:connection_data:Object reference not set to an instance of an object.
10/30/2023 10:21:33 AM:DBManager:connection_data:Object reference not set to an instance of an object.
10/30/2023 10:21:33 AM:DBManager:connection_data:Object reference not set to an instance of an object.
10/30/2023 10:21:33 AM:DBManager:connection_data:Object reference not set to an instance of an object.
10/30/2023 10:21:33 AM:DBManager:connection_data:Object reference not set to an instance of an object.
30/10/2023 10:21:33 AM:Location_List:rdLocaton_ItemDataBoundObject reference not set to an instance of an object.
30/10/2023 10:21:33 AM:Location_List:rdLocaton_ItemDataBoundObject reference not set to an instance of an object.
10/30/2023 7:04:48 PM:DBManager:connection_data:Object reference not set to an instance of an object.
10/30/2023 7:04:48 PM:DBManager:connection_data:Object reference not set to an instance of an object.
10/30/2023 7:04:48 PM:DBManager:connection_data:Object reference not set to an instance of an object.
10/30/2023 7:04:48 PM:DBManager:connection_data:Object reference not set to an instance of an object.
10/30/2023 7:04:48 PM:DBManager:connection_data:Object reference not set to an instance of an object.
10/30/2023 7:04:48 PM:DBManager:connection_data:Object reference not set to an instance of an object.
10/30/2023 7:04:48 PM:DBManager:connection_data:Object reference not set to an instance of an object.
10/30/2023 7:04:48 PM:DBManager:connection_data:Object reference not set to an instance of an object.
10/30/2023 7:04:48 PM:DBManager:connection_data:Object reference not set to an instance of an object.
10/30/2023 7:04:48 PM:DBManager:connection_data:Object reference not set to an instance of an object.
10/30/2023 7:04:48 PM:DBManager:connection_data:Object reference not set to an instance of an object.
10/30/2023 7:04:48 PM:DBManager:connection_data:Object reference not set to an instance of an object.
10/30/2023 7:04:48 PM:DBManager:connection_data:Object reference not set to an instance of an object.
10/30/2023 7:04:48 PM:DBManager:connection_data:Object reference not set to an instance of an object.
10/30/2023 7:04:48 PM:DBManager:connection_data:Object reference not set to an instance of an object.
10/30/2023 7:04:48 PM:DBManager:connection_data:Object reference not set to an instance of an object.
10/30/2023 7:04:48 PM:DBManager:connection_data:Object reference not set to an instance of an object.
10/30/2023 7:04:48 PM:DBManager:connection_data:Object reference not set to an instance of an object.
10/30/2023 7:04:48 PM:DBManager:connection_data:Object reference not set to an instance of an object.
10/30/2023 7:04:48 PM:DBManager:connection_data:Object reference not set to an instance of an object.
10/30/2023 7:04:48 PM:DBManager:connection_data:Object reference not set to an instance of an object.
10/30/2023 7:04:48 PM:DBManager:connection_data:Object reference not set to an instance of an object.
10/30/2023 7:04:48 PM:DBManager:connection_data:Object reference not set to an instance of an object.
10/30/2023 7:04:48 PM:DBManager:connection_data:Object reference not set to an instance of an object.
10/30/2023 7:04:48 PM:DBManager:connection_data:Object reference not set to an instance of an object.
10/30/2023 7:04:48 PM:DBManager:connection_data:Object reference not set to an instance of an object.
10/30/2023 7:04:48 PM:DBManager:connection_data:Object reference not set to an instance of an object.
10/30/2023 7:04:48 PM:DBManager:connection_data:Object reference not set to an instance of an object.
10/30/2023 7:04:48 PM:DBManager:connection_data:Object reference not set to an instance of an object.
10/30/2023 7:04:48 PM:DBManager:connection_data:Object reference not set to an instance of an object.
10/30/2023 7:04:48 PM:DBManager:connection_data:Object reference not set to an instance of an object.
10/30/2023 7:04:48 PM:DBManager:connection_data:Object reference not set to an instance of an object.
10/30/2023 7:04:48 PM:DBManager:connection_data:Object reference not set to an instance of an object.
10/30/2023 7:04:48 PM:DBManager:connection_data:Object reference not set to an instance of an object.
10/30/2023 7:04:48 PM:DBManager:connection_data:Object reference not set to an instance of an object.
10/30/2023 7:04:48 PM:DBManager:connection_data:Object reference not set to an instance of an object.
10/30/2023 7:04:48 PM:DBManager:connection_data:Object reference not set to an instance of an object.
10/30/2023 7:04:48 PM:DBManager:connection_data:Object reference not set to an instance of an object.
10/30/2023 7:04:48 PM:DBManager:connection_data:Object reference not set to an instance of an object.
10/30/2023 7:04:48 PM:DBManager:connection_data:Object reference not set to an instance of an object.
10/30/2023 7:04:48 PM:DBManager:connection_data:Object reference not set to an instance of an object.
10/30/2023 7:04:48 PM:DBManager:connection_data:Object reference not set to an instance of an object.
10/30/2023 7:04:48 PM:DBManager:connection_data:Object reference not set to an instance of an object.
10/30/2023 7:04:48 PM:DBManager:connection_data:Object reference not set to an instance of an object.
10/30/2023 7:04:48 PM:DBManager:connection_data:Object reference not set to an instance of an object.
10/30/2023 7:04:48 PM:DBManager:connection_data:Object reference not set to an instance of an object.
10/30/2023 7:04:48 PM:DBManager:connection_data:Object reference not set to an instance of an object.
10/30/2023 7:04:48 PM:DBManager:connection_data:Object reference not set to an instance of an object.
10/30/2023 7:04:48 PM:DBManager:connection_data:Object reference not set to an instance of an object.
10/30/2023 7:04:48 PM:DBManager:connection_data:Object reference not set to an instance of an object.
10/30/2023 7:04:48 PM:DBManager:connection_data:Object reference not set to an instance of an object.
10/30/2023 7:04:48 PM:DBManager:connection_data:Object reference not set to an instance of an object.
10/30/2023 7:04:48 PM:DBManager:connection_data:Object reference not set to an instance of an object.
10/30/2023 7:04:48 PM:DBManager:connection_data:Object reference not set to an instance of an object.
10/30/2023 7:04:48 PM:DBManager:connection_data:Object reference not set to an instance of an object.
10/30/2023 7:04:48 PM:DBManager:connection_data:Object reference not set to an instance of an object.
10/30/2023 7:04:48 PM:DBManager:connection_data:Object reference not set to an instance of an object.
10/30/2023 7:04:48 PM:DBManager:connection_data:Object reference not set to an instance of an object.
10/30/2023 7:04:48 PM:DBManager:connection_data:Object reference not set to an instance of an object.
10/30/2023 7:04:48 PM:DBManager:connection_data:Object reference not set to an instance of an object.
10/30/2023 7:04:48 PM:DBManager:connection_data:Object reference not set to an instance of an object.
10/30/2023 7:04:48 PM:DBManager:connection_data:Object reference not set to an instance of an object.
10/30/2023 7:04:48 PM:DBManager:connection_data:Object reference not set to an instance of an object.
10/30/2023 7:04:48 PM:DBManager:connection_data:Object reference not set to an instance of an object.
30/10/2023 7:04:48 PM:MasterPage:Page_Init:Thread was being aborted.
10/30/2023 7:04:48 PM:DBManager:connection_data:Object reference not set to an instance of an object.
10/30/2023 7:04:48 PM:DBManager:connection_data:Object reference not set to an instance of an object.
10/30/2023 7:04:48 PM:DBManager:connection_data:Object reference not set to an instance of an object.
30/10/2023 7:04:48 PM:SignIn:btnLogIn_Click:test
10/30/2023 7:06:42 PM:DBManager:connection_data:Object reference not set to an instance of an object.
10/30/2023 7:06:42 PM:DBManager:connection_data:Object reference not set to an instance of an object.
10/30/2023 7:06:43 PM:DBManager:connection_data:Object reference not set to an instance of an object.
10/30/2023 7:06:43 PM:DBManager:connection_data:Object reference not set to an instance of an object.
10/30/2023 7:10:24 PM:DBManager:connection_data:Object reference not set to an instance of an object.
10/30/2023 7:10:24 PM:DBManager:connection_data:Object reference not set to an instance of an object.
30/10/2023 7:10:24 PM:POS_WS:CallMethod():Object reference not set to an instance of an object.
10/30/2023 7:11:46 PM:DBManager:connection_data:Object reference not set to an instance of an object.
10/30/2023 7:11:46 PM:DBManager:connection_data:Object reference not set to an instance of an object.
10/30/2023 7:11:46 PM:DBManager:connection_data:Object reference not set to an instance of an object.
10/30/2023 7:11:46 PM:DBManager:connection_data:Object reference not set to an instance of an object.
10/30/2023 7:14:32 PM:DBManager:connection_data:Object reference not set to an instance of an object.
10/30/2023 7:14:32 PM:DBManager:connection_data:Object reference not set to an instance of an object.
10/30/2023 7:14:32 PM:DBManager:connection_data:Object reference not set to an instance of an object.
10/30/2023 7:14:32 PM:DBManager:connection_data:Object reference not set to an instance of an object.
10/30/2023 7:14:51 PM:DBManager:connection_data:Object reference not set to an instance of an object.
10/30/2023 7:14:51 PM:DBManager:connection_data:Object reference not set to an instance of an object.
10/30/2023 7:14:51 PM:DBManager:connection_data:Object reference not set to an instance of an object.
10/30/2023 7:14:51 PM:DBManager:connection_data:Object reference not set to an instance of an object.
10/30/2023 7:17:36 PM:DBManager:connection_data:Object reference not set to an instance of an object.
10/30/2023 7:17:36 PM:DBManager:connection_data:Object reference not set to an instance of an object.
10/30/2023 7:17:36 PM:DBManager:connection_data:Object reference not set to an instance of an object.
10/30/2023 7:17:36 PM:DBManager:connection_data:Object reference not set to an instance of an object.
10/30/2023 7:18:16 PM:DBManager:connection_data:Object reference not set to an instance of an object.
10/30/2023 7:18:16 PM:DBManager:connection_data:Object reference not set to an instance of an object.
30/10/2023 7:18:16 PM:POS_WS:CallMethod():Object reference not set to an instance of an object.
10/30/2023 7:20:21 PM:DBManager:connection_data:Object reference not set to an instance of an object.
10/30/2023 7:20:21 PM:DBManager:connection_data:Object reference not set to an instance of an object.
30/10/2023 7:20:21 PM:POS_WS:CallMethod():Object reference not set to an instance of an object.
10/30/2023 7:20:34 PM:DBManager:connection_data:Object reference not set to an instance of an object.
10/30/2023 7:20:34 PM:DBManager:connection_data:Object reference not set to an instance of an object.
30/10/2023 7:20:34 PM:POS_WS:CallMethod():Object reference not set to an instance of an object.
10/30/2023 7:20:39 PM:DBManager:connection_data:Object reference not set to an instance of an object.
10/30/2023 7:20:39 PM:DBManager:connection_data:Object reference not set to an instance of an object.
30/10/2023 7:20:39 PM:POS_WS:CallMethod():Object reference not set to an instance of an object.
10/30/2023 7:20:44 PM:DBManager:connection_data:Object reference not set to an instance of an object.
10/30/2023 7:20:44 PM:DBManager:connection_data:Object reference not set to an instance of an object.
30/10/2023 7:20:44 PM:POS_WS:CallMethod():Object reference not set to an instance of an object.
10/30/2023 7:21:48 PM:DBManager:connection_data:Object reference not set to an instance of an object.
10/30/2023 7:21:48 PM:DBManager:connection_data:Object reference not set to an instance of an object.
30/10/2023 7:21:48 PM:POS_WS:CallMethod():Object reference not set to an instance of an object.
10/30/2023 7:21:55 PM:DBManager:connection_data:Object reference not set to an instance of an object.
10/30/2023 7:21:55 PM:DBManager:connection_data:Object reference not set to an instance of an object.
30/10/2023 7:21:55 PM:POS_WS:CallMethod():Object reference not set to an instance of an object.
10/30/2023 7:22:04 PM:DBManager:connection_data:Object reference not set to an instance of an object.
10/30/2023 7:22:04 PM:DBManager:connection_data:Object reference not set to an instance of an object.
10/30/2023 7:22:05 PM:DBManager:connection_data:Object reference not set to an instance of an object.
10/30/2023 7:22:05 PM:DBManager:connection_data:Object reference not set to an instance of an object.
10/30/2023 7:23:50 PM:DBManager:connection_data:Object reference not set to an instance of an object.
10/30/2023 7:23:50 PM:DBManager:connection_data:Object reference not set to an instance of an object.
10/30/2023 7:23:50 PM:DBManager:connection_data:Object reference not set to an instance of an object.
10/30/2023 7:23:50 PM:DBManager:connection_data:Object reference not set to an instance of an object.
10/30/2023 7:23:54 PM:DBManager:connection_data:Object reference not set to an instance of an object.
10/30/2023 7:23:54 PM:DBManager:connection_data:Object reference not set to an instance of an object.
10/30/2023 7:23:54 PM:DBManager:connection_data:Object reference not set to an instance of an object.
10/30/2023 7:23:54 PM:DBManager:connection_data:Object reference not set to an instance of an object.
10/30/2023 7:24:53 PM:DBManager:connection_data:Object reference not set to an instance of an object.
10/30/2023 7:24:53 PM:DBManager:connection_data:Object reference not set to an instance of an object.
10/30/2023 7:24:53 PM:DBManager:connection_data:Object reference not set to an instance of an object.
10/30/2023 7:24:53 PM:DBManager:connection_data:Object reference not set to an instance of an object.
10/30/2023 7:33:02 PM:DBManager:connection_data:Object reference not set to an instance of an object.
10/30/2023 7:33:02 PM:DBManager:connection_data:Object reference not set to an instance of an object.
10/30/2023 7:33:02 PM:DBManager:connection_data:Object reference not set to an instance of an object.
10/30/2023 7:33:02 PM:DBManager:connection_data:Object reference not set to an instance of an object.
10/30/2023 7:33:03 PM:DBManager:connection_data:Object reference not set to an instance of an object.
10/30/2023 7:33:03 PM:DBManager:connection_data:Object reference not set to an instance of an object.
10/30/2023 7:33:03 PM:DBManager:connection_data:Object reference not set to an instance of an object.
10/30/2023 7:33:03 PM:DBManager:connection_data:Object reference not set to an instance of an object.
10/30/2023 7:33:04 PM:DBManager:connection_data:Object reference not set to an instance of an object.
10/30/2023 7:33:04 PM:DBManager:connection_data:Object reference not set to an instance of an object.
10/30/2023 7:33:04 PM:DBManager:connection_data:Object reference not set to an instance of an object.
10/30/2023 7:33:04 PM:DBManager:connection_data:Object reference not set to an instance of an object.
10/30/2023 7:33:05 PM:DBManager:connection_data:Object reference not set to an instance of an object.
10/30/2023 7:33:05 PM:DBManager:connection_data:Object reference not set to an instance of an object.
10/30/2023 7:33:05 PM:DBManager:connection_data:Object reference not set to an instance of an object.
10/30/2023 7:33:05 PM:DBManager:connection_data:Object reference not set to an instance of an object.
10/30/2023 7:33:06 PM:DBManager:connection_data:Object reference not set to an instance of an object.
10/30/2023 7:33:06 PM:DBManager:connection_data:Object reference not set to an instance of an object.
10/30/2023 7:33:06 PM:DBManager:connection_data:Object reference not set to an instance of an object.
10/30/2023 7:33:06 PM:DBManager:connection_data:Object reference not set to an instance of an object.
10/30/2023 7:33:36 PM:DBManager:connection_data:Object reference not set to an instance of an object.
10/30/2023 7:33:36 PM:DBManager:connection_data:Object reference not set to an instance of an object.
10/30/2023 7:33:36 PM:DBManager:connection_data:Object reference not set to an instance of an object.
10/30/2023 7:33:36 PM:DBManager:connection_data:Object reference not set to an instance of an object.
10/30/2023 7:33:39 PM:DBManager:connection_data:Object reference not set to an instance of an object.
10/30/2023 7:33:39 PM:DBManager:connection_data:Object reference not set to an instance of an object.
10/30/2023 7:33:39 PM:DBManager:connection_data:Object reference not set to an instance of an object.
10/30/2023 7:33:39 PM:DBManager:connection_data:Object reference not set to an instance of an object.
10/30/2023 7:34:40 PM:DBManager:connection_data:Object reference not set to an instance of an object.
10/30/2023 7:34:40 PM:DBManager:connection_data:Object reference not set to an instance of an object.
10/30/2023 7:34:40 PM:DBManager:connection_data:Object reference not set to an instance of an object.
10/30/2023 7:34:40 PM:DBManager:connection_data:Object reference not set to an instance of an object.
10/30/2023 7:34:42 PM:DBManager:connection_data:Object reference not set to an instance of an object.
10/30/2023 7:34:42 PM:DBManager:connection_data:Object reference not set to an instance of an object.
10/30/2023 7:34:42 PM:DBManager:connection_data:Object reference not set to an instance of an object.
10/30/2023 7:34:42 PM:DBManager:connection_data:Object reference not set to an instance of an object.
10/30/2023 7:34:42 PM:DBManager:connection_data:Object reference not set to an instance of an object.
10/30/2023 7:34:42 PM:DBManager:connection_data:Object reference not set to an instance of an object.
10/30/2023 7:34:42 PM:DBManager:connection_data:Object reference not set to an instance of an object.
10/30/2023 7:34:42 PM:DBManager:connection_data:Object reference not set to an instance of an object.
10/30/2023 7:34:43 PM:DBManager:connection_data:Object reference not set to an instance of an object.
10/30/2023 7:34:43 PM:DBManager:connection_data:Object reference not set to an instance of an object.
10/30/2023 7:34:43 PM:DBManager:connection_data:Object reference not set to an instance of an object.
10/30/2023 7:34:43 PM:DBManager:connection_data:Object reference not set to an instance of an object.
10/30/2023 7:34:44 PM:DBManager:connection_data:Object reference not set to an instance of an object.
10/30/2023 7:34:44 PM:DBManager:connection_data:Object reference not set to an instance of an object.
10/30/2023 7:34:44 PM:DBManager:connection_data:Object reference not set to an instance of an object.
10/30/2023 7:34:44 PM:DBManager:connection_data:Object reference not set to an instance of an object.
10/30/2023 7:35:08 PM:DBManager:connection_data:Object reference not set to an instance of an object.
10/30/2023 7:35:08 PM:DBManager:connection_data:Object reference not set to an instance of an object.
10/30/2023 7:35:08 PM:DBManager:connection_data:Object reference not set to an instance of an object.
10/30/2023 7:35:08 PM:DBManager:connection_data:Object reference not set to an instance of an object.
10/30/2023 7:36:20 PM:DBManager:connection_data:Object reference not set to an instance of an object.
10/30/2023 7:36:20 PM:DBManager:connection_data:Object reference not set to an instance of an object.
10/30/2023 7:36:20 PM:DBManager:connection_data:Object reference not set to an instance of an object.
10/30/2023 7:36:20 PM:DBManager:connection_data:Object reference not set to an instance of an object.
10/30/2023 7:36:24 PM:DBManager:connection_data:Object reference not set to an instance of an object.
10/30/2023 7:36:24 PM:DBManager:connection_data:Object reference not set to an instance of an object.
10/30/2023 7:36:24 PM:DBManager:connection_data:Object reference not set to an instance of an object.
10/30/2023 7:36:24 PM:DBManager:connection_data:Object reference not set to an instance of an object.
10/30/2023 7:36:25 PM:DBManager:connection_data:Object reference not set to an instance of an object.
10/30/2023 7:36:25 PM:DBManager:connection_data:Object reference not set to an instance of an object.
10/30/2023 7:36:25 PM:DBManager:connection_data:Object reference not set to an instance of an object.
10/30/2023 7:36:25 PM:DBManager:connection_data:Object reference not set to an instance of an object.
10/30/2023 7:36:26 PM:DBManager:connection_data:Object reference not set to an instance of an object.
10/30/2023 7:36:26 PM:DBManager:connection_data:Object reference not set to an instance of an object.
10/30/2023 7:36:26 PM:DBManager:connection_data:Object reference not set to an instance of an object.
10/30/2023 7:36:26 PM:DBManager:connection_data:Object reference not set to an instance of an object.
