04-04-2023 12:45:00:DBManager:connection_data:Object reference not set to an instance of an object.
04-04-2023 12:45:00:DBManager:connection_data:Object reference not set to an instance of an object.
04-04-2023 12:45:00:DBManager:connection_data:Object reference not set to an instance of an object.
04-04-2023 12:45:00:DBManager:connection_data:Object reference not set to an instance of an object.
04-04-2023 12:45:00:DBManager:connection_data:Object reference not set to an instance of an object.
04-04-2023 12:52:00:DBManager:connection_data:Object reference not set to an instance of an object.
04-04-2023 12:52:00:DBManager:connection_data:Object reference not set to an instance of an object.
04-04-2023 12:52:00:DBManager:connection_data:Object reference not set to an instance of an object.
04/04/2023 12:52:00 PM:SignIn:btnLogIn_Click:test
04-04-2023 12:52:02:DBManager:connection_data:Object reference not set to an instance of an object.
04-04-2023 12:52:02:DBManager:connection_data:Object reference not set to an instance of an object.
04-04-2023 12:52:02:DBManager:connection_data:Object reference not set to an instance of an object.
04/04/2023 12:52:02 PM:SignIn:btnLogIn_Click:test
04/04/2023 12:52:02 PM:SignIn:btnLogIn_Click4:
04/04/2023 12:52:02 PM:SignIn:btnLogIn_Click5:
04/04/2023 12:52:02 PM:SignIn:btnLogIn_Click7:
04/04/2023 12:52:02 PM:SignIn:btnLogIn_Click8:
04/04/2023 12:52:02 PM:ClsDataccess:Getdatatable:The ConnectionString property has not been initialized.
04-04-2023 12:52:02:DBManager:connection_data:Object reference not set to an instance of an object.
04-04-2023 12:52:02:DBManager:connection_data:Object reference not set to an instance of an object.
04-04-2023 12:52:02:DBManager:connection_data:Object reference not set to an instance of an object.
04-04-2023 12:52:02:DBManager:connection_data:Object reference not set to an instance of an object.
04-04-2023 12:52:02:DBManager:connection_data:Object reference not set to an instance of an object.
04-04-2023 12:52:02:DBManager:connection_data:Object reference not set to an instance of an object.
04-04-2023 12:52:02:DBManager:connection_data:Object reference not set to an instance of an object.
04-04-2023 12:52:02:DBManager:connection_data:Object reference not set to an instance of an object.
04-04-2023 12:52:02:DBManager:connection_data:Object reference not set to an instance of an object.
04-04-2023 12:52:02:DBManager:connection_data:Object reference not set to an instance of an object.
04-04-2023 12:52:02:DBManager:connection_data:Object reference not set to an instance of an object.
04-04-2023 12:52:02:DBManager:connection_data:Object reference not set to an instance of an object.
04-04-2023 12:52:02:DBManager:connection_data:Object reference not set to an instance of an object.
04-04-2023 12:52:02:DBManager:connection_data:Object reference not set to an instance of an object.
04-04-2023 12:52:02:DBManager:connection_data:Object reference not set to an instance of an object.
04-04-2023 12:52:02:DBManager:connection_data:Object reference not set to an instance of an object.
04-04-2023 12:52:02:DBManager:connection_data:Object reference not set to an instance of an object.
04-04-2023 12:52:02:DBManager:connection_data:Object reference not set to an instance of an object.
04-04-2023 12:52:02:DBManager:connection_data:Object reference not set to an instance of an object.
04-04-2023 12:52:02:DBManager:connection_data:Object reference not set to an instance of an object.
04-04-2023 12:52:02:DBManager:connection_data:Object reference not set to an instance of an object.
04-04-2023 12:52:02:DBManager:connection_data:Object reference not set to an instance of an object.
04-04-2023 12:52:02:DBManager:connection_data:Object reference not set to an instance of an object.
04-04-2023 12:52:02:DBManager:connection_data:Object reference not set to an instance of an object.
04-04-2023 12:52:02:DBManager:connection_data:Object reference not set to an instance of an object.
04-04-2023 12:52:02:DBManager:connection_data:Object reference not set to an instance of an object.
04-04-2023 12:52:02:DBManager:connection_data:Object reference not set to an instance of an object.
04-04-2023 12:52:02:DBManager:connection_data:Object reference not set to an instance of an object.
04-04-2023 12:52:02:DBManager:connection_data:Object reference not set to an instance of an object.
04-04-2023 12:52:02:DBManager:connection_data:Object reference not set to an instance of an object.
04-04-2023 12:52:02:DBManager:connection_data:Object reference not set to an instance of an object.
04-04-2023 12:52:02:DBManager:connection_data:Object reference not set to an instance of an object.
04-04-2023 12:52:02:DBManager:connection_data:Object reference not set to an instance of an object.
04-04-2023 12:52:02:DBManager:connection_data:Object reference not set to an instance of an object.
04-04-2023 12:52:02:DBManager:connection_data:Object reference not set to an instance of an object.
04-04-2023 12:52:02:DBManager:connection_data:Object reference not set to an instance of an object.
04-04-2023 12:52:02:DBManager:connection_data:Object reference not set to an instance of an object.
04-04-2023 12:52:02:DBManager:connection_data:Object reference not set to an instance of an object.
04-04-2023 12:52:02:DBManager:connection_data:Object reference not set to an instance of an object.
04-04-2023 12:52:02:DBManager:connection_data:Object reference not set to an instance of an object.
04-04-2023 12:52:02:DBManager:connection_data:Object reference not set to an instance of an object.
04-04-2023 12:52:02:DBManager:connection_data:Object reference not set to an instance of an object.
04-04-2023 12:52:02:DBManager:connection_data:Object reference not set to an instance of an object.
04-04-2023 12:52:02:DBManager:connection_data:Object reference not set to an instance of an object.
04-04-2023 12:52:02:DBManager:connection_data:Object reference not set to an instance of an object.
04-04-2023 12:52:02:DBManager:connection_data:Object reference not set to an instance of an object.
04-04-2023 12:52:02:DBManager:connection_data:Object reference not set to an instance of an object.
04-04-2023 12:52:02:DBManager:connection_data:Object reference not set to an instance of an object.
04-04-2023 12:52:02:DBManager:connection_data:Object reference not set to an instance of an object.
04-04-2023 12:52:02:DBManager:connection_data:Object reference not set to an instance of an object.
04-04-2023 12:52:02:DBManager:connection_data:Object reference not set to an instance of an object.
04-04-2023 12:52:02:DBManager:connection_data:Object reference not set to an instance of an object.
04-04-2023 12:52:02:DBManager:connection_data:Object reference not set to an instance of an object.
04-04-2023 12:52:02:DBManager:connection_data:Object reference not set to an instance of an object.
04-04-2023 12:52:02:DBManager:connection_data:Object reference not set to an instance of an object.
04-04-2023 12:52:02:DBManager:connection_data:Object reference not set to an instance of an object.
04-04-2023 12:52:02:DBManager:connection_data:Object reference not set to an instance of an object.
04-04-2023 12:52:02:DBManager:connection_data:Object reference not set to an instance of an object.
04-04-2023 12:52:02:DBManager:connection_data:Object reference not set to an instance of an object.
04-04-2023 12:52:02:DBManager:connection_data:Object reference not set to an instance of an object.
04-04-2023 12:52:02:DBManager:connection_data:Object reference not set to an instance of an object.
04-04-2023 12:52:02:DBManager:connection_data:Object reference not set to an instance of an object.
04-04-2023 12:52:02:DBManager:connection_data:Object reference not set to an instance of an object.
04-04-2023 12:52:02:DBManager:connection_data:Object reference not set to an instance of an object.
04-04-2023 12:52:02:DBManager:connection_data:Object reference not set to an instance of an object.
04-04-2023 12:52:02:DBManager:connection_data:Object reference not set to an instance of an object.
04-04-2023 12:52:02:DBManager:connection_data:Object reference not set to an instance of an object.
04-04-2023 12:52:02:DBManager:connection_data:Object reference not set to an instance of an object.
04-04-2023 12:52:02:DBManager:connection_data:Object reference not set to an instance of an object.
04-04-2023 12:52:02:DBManager:connection_data:Object reference not set to an instance of an object.
04-04-2023 12:52:02:DBManager:connection_data:Object reference not set to an instance of an object.
04-04-2023 12:52:02:DBManager:connection_data:Object reference not set to an instance of an object.
04-04-2023 12:52:02:DBManager:connection_data:Object reference not set to an instance of an object.
04-04-2023 12:52:02:DBManager:connection_data:Object reference not set to an instance of an object.
04-04-2023 12:52:02:DBManager:connection_data:Object reference not set to an instance of an object.
04-04-2023 12:52:02:DBManager:connection_data:Object reference not set to an instance of an object.
04-04-2023 12:52:02:DBManager:connection_data:Object reference not set to an instance of an object.
04-04-2023 12:52:25:DBManager:connection_data:Object reference not set to an instance of an object.
04-04-2023 12:52:25:DBManager:connection_data:Object reference not set to an instance of an object.
04-04-2023 12:52:25:DBManager:connection_data:Object reference not set to an instance of an object.
04/04/2023 12:52:25 PM:SignIn:btnLogIn_Click:test
04-04-2023 12:53:11:DBManager:connection_data:Object reference not set to an instance of an object.
04-04-2023 12:53:11:DBManager:connection_data:Object reference not set to an instance of an object.
04-04-2023 12:53:11:DBManager:connection_data:Object reference not set to an instance of an object.
04-04-2023 12:53:11:DBManager:connection_data:Object reference not set to an instance of an object.
04-04-2023 12:53:11:DBManager:connection_data:Object reference not set to an instance of an object.
04-04-2023 12:53:11:DBManager:connection_data:Object reference not set to an instance of an object.
04-04-2023 12:53:16:DBManager:connection_data:Object reference not set to an instance of an object.
04-04-2023 12:53:16:DBManager:connection_data:Object reference not set to an instance of an object.
04-04-2023 12:53:16:DBManager:connection_data:Object reference not set to an instance of an object.
04-04-2023 12:53:16:DBManager:connection_data:Object reference not set to an instance of an object.
04-04-2023 12:53:16:DBManager:connection_data:Object reference not set to an instance of an object.
04-04-2023 12:53:16:DBManager:connection_data:Object reference not set to an instance of an object.
04-04-2023 12:53:23:DBManager:connection_data:Object reference not set to an instance of an object.
04-04-2023 12:53:23:DBManager:connection_data:Object reference not set to an instance of an object.
04-04-2023 12:53:23:DBManager:connection_data:Object reference not set to an instance of an object.
04-04-2023 12:53:23:DBManager:connection_data:Object reference not set to an instance of an object.
04-04-2023 12:53:23:DBManager:connection_data:Object reference not set to an instance of an object.
04-04-2023 12:53:23:DBManager:connection_data:Object reference not set to an instance of an object.
04-04-2023 12:53:26:DBManager:connection_data:Object reference not set to an instance of an object.
04-04-2023 12:53:26:DBManager:connection_data:Object reference not set to an instance of an object.
04-04-2023 12:53:26:DBManager:connection_data:Object reference not set to an instance of an object.
04-04-2023 12:53:26:DBManager:connection_data:Object reference not set to an instance of an object.
04-04-2023 12:53:26:DBManager:connection_data:Object reference not set to an instance of an object.
04-04-2023 12:53:26:DBManager:connection_data:Object reference not set to an instance of an object.
04-04-2023 12:53:27:DBManager:connection_data:Object reference not set to an instance of an object.
04-04-2023 12:53:27:DBManager:connection_data:Object reference not set to an instance of an object.
04-04-2023 12:53:27:DBManager:connection_data:Object reference not set to an instance of an object.
04-04-2023 12:53:27:DBManager:connection_data:Object reference not set to an instance of an object.
04-04-2023 12:53:27:DBManager:connection_data:Object reference not set to an instance of an object.
04-04-2023 12:53:27:DBManager:connection_data:Object reference not set to an instance of an object.
04-04-2023 12:53:27:DBManager:connection_data:Object reference not set to an instance of an object.
04-04-2023 12:53:27:DBManager:connection_data:Object reference not set to an instance of an object.
04-04-2023 12:53:27:DBManager:connection_data:Object reference not set to an instance of an object.
04-04-2023 12:53:27:DBManager:connection_data:Object reference not set to an instance of an object.
04-04-2023 12:53:27:DBManager:connection_data:Object reference not set to an instance of an object.
04-04-2023 12:53:27:DBManager:connection_data:Object reference not set to an instance of an object.
04-04-2023 12:53:27:DBManager:connection_data:Object reference not set to an instance of an object.
04-04-2023 12:53:27:DBManager:connection_data:Object reference not set to an instance of an object.
04-04-2023 12:53:27:DBManager:connection_data:Object reference not set to an instance of an object.
04-04-2023 12:53:27:DBManager:connection_data:Object reference not set to an instance of an object.
04-04-2023 12:53:27:DBManager:connection_data:Object reference not set to an instance of an object.
04-04-2023 12:53:27:DBManager:connection_data:Object reference not set to an instance of an object.
04-04-2023 12:53:27:DBManager:connection_data:Object reference not set to an instance of an object.
04-04-2023 12:53:27:DBManager:connection_data:Object reference not set to an instance of an object.
04-04-2023 12:53:27:DBManager:connection_data:Object reference not set to an instance of an object.
04-04-2023 12:53:27:DBManager:connection_data:Object reference not set to an instance of an object.
04-04-2023 12:53:27:DBManager:connection_data:Object reference not set to an instance of an object.
04-04-2023 12:53:27:DBManager:connection_data:Object reference not set to an instance of an object.
04-04-2023 12:53:27:DBManager:connection_data:Object reference not set to an instance of an object.
04-04-2023 12:53:27:DBManager:connection_data:Object reference not set to an instance of an object.
04-04-2023 12:53:27:DBManager:connection_data:Object reference not set to an instance of an object.
04-04-2023 12:53:27:DBManager:connection_data:Object reference not set to an instance of an object.
04-04-2023 12:53:27:DBManager:connection_data:Object reference not set to an instance of an object.
04-04-2023 12:53:27:DBManager:connection_data:Object reference not set to an instance of an object.
04-04-2023 12:53:27:DBManager:connection_data:Object reference not set to an instance of an object.
04-04-2023 12:53:27:DBManager:connection_data:Object reference not set to an instance of an object.
04-04-2023 12:53:27:DBManager:connection_data:Object reference not set to an instance of an object.
04-04-2023 12:53:27:DBManager:connection_data:Object reference not set to an instance of an object.
04-04-2023 12:53:27:DBManager:connection_data:Object reference not set to an instance of an object.
04-04-2023 12:53:27:DBManager:connection_data:Object reference not set to an instance of an object.
04-04-2023 12:53:27:DBManager:connection_data:Object reference not set to an instance of an object.
04-04-2023 12:53:27:DBManager:connection_data:Object reference not set to an instance of an object.
04-04-2023 12:53:27:DBManager:connection_data:Object reference not set to an instance of an object.
04-04-2023 12:53:27:DBManager:connection_data:Object reference not set to an instance of an object.
04-04-2023 12:53:27:DBManager:connection_data:Object reference not set to an instance of an object.
04-04-2023 12:53:27:DBManager:connection_data:Object reference not set to an instance of an object.
04-04-2023 12:53:27:DBManager:connection_data:Object reference not set to an instance of an object.
04-04-2023 12:53:27:DBManager:connection_data:Object reference not set to an instance of an object.
04-04-2023 12:53:27:DBManager:connection_data:Object reference not set to an instance of an object.
04-04-2023 12:53:27:DBManager:connection_data:Object reference not set to an instance of an object.
04-04-2023 12:53:27:DBManager:connection_data:Object reference not set to an instance of an object.
04-04-2023 12:53:27:DBManager:connection_data:Object reference not set to an instance of an object.
04-04-2023 12:53:27:DBManager:connection_data:Object reference not set to an instance of an object.
04-04-2023 12:53:27:DBManager:connection_data:Object reference not set to an instance of an object.
04-04-2023 12:53:27:DBManager:connection_data:Object reference not set to an instance of an object.
04-04-2023 12:53:27:DBManager:connection_data:Object reference not set to an instance of an object.
04-04-2023 12:53:27:DBManager:connection_data:Object reference not set to an instance of an object.
04-04-2023 12:53:27:DBManager:connection_data:Object reference not set to an instance of an object.
04-04-2023 12:53:27:DBManager:connection_data:Object reference not set to an instance of an object.
04-04-2023 12:53:27:DBManager:connection_data:Object reference not set to an instance of an object.
04-04-2023 12:53:27:DBManager:connection_data:Object reference not set to an instance of an object.
04-04-2023 12:53:27:DBManager:connection_data:Object reference not set to an instance of an object.
04-04-2023 12:53:27:DBManager:connection_data:Object reference not set to an instance of an object.
04-04-2023 12:53:27:DBManager:connection_data:Object reference not set to an instance of an object.
04-04-2023 12:53:27:DBManager:connection_data:Object reference not set to an instance of an object.
04-04-2023 12:53:27:DBManager:connection_data:Object reference not set to an instance of an object.
04-04-2023 12:53:27:DBManager:connection_data:Object reference not set to an instance of an object.
04-04-2023 12:53:27:DBManager:connection_data:Object reference not set to an instance of an object.
04-04-2023 12:53:27:DBManager:connection_data:Object reference not set to an instance of an object.
04-04-2023 12:53:27:DBManager:connection_data:Object reference not set to an instance of an object.
04-04-2023 12:53:27:DBManager:connection_data:Object reference not set to an instance of an object.
04-04-2023 12:53:27:DBManager:connection_data:Object reference not set to an instance of an object.
04-04-2023 12:53:27:DBManager:connection_data:Object reference not set to an instance of an object.
04-04-2023 12:53:27:DBManager:connection_data:Object reference not set to an instance of an object.
04-04-2023 12:53:27:DBManager:connection_data:Object reference not set to an instance of an object.
04-04-2023 12:53:27:DBManager:connection_data:Object reference not set to an instance of an object.
04-04-2023 12:53:27:DBManager:connection_data:Object reference not set to an instance of an object.
04-04-2023 12:53:27:DBManager:connection_data:Object reference not set to an instance of an object.
04-04-2023 12:53:27:DBManager:connection_data:Object reference not set to an instance of an object.
04-04-2023 12:53:27:DBManager:connection_data:Object reference not set to an instance of an object.
04-04-2023 12:53:27:DBManager:connection_data:Object reference not set to an instance of an object.
04-04-2023 12:53:27:DBManager:connection_data:Object reference not set to an instance of an object.
04-04-2023 12:53:27:DBManager:connection_data:Object reference not set to an instance of an object.
04-04-2023 12:53:27:DBManager:connection_data:Object reference not set to an instance of an object.
04-04-2023 12:53:27:DBManager:connection_data:Object reference not set to an instance of an object.
04-04-2023 12:53:27:DBManager:connection_data:Object reference not set to an instance of an object.
04-04-2023 12:53:27:DBManager:connection_data:Object reference not set to an instance of an object.
04-04-2023 12:53:30:DBManager:connection_data:Object reference not set to an instance of an object.
04-04-2023 12:53:30:DBManager:connection_data:Object reference not set to an instance of an object.
04-04-2023 12:53:30:DBManager:connection_data:Object reference not set to an instance of an object.
04-04-2023 12:53:30:DBManager:connection_data:Object reference not set to an instance of an object.
04-04-2023 12:53:30:DBManager:connection_data:Object reference not set to an instance of an object.
04-04-2023 12:53:30:DBManager:connection_data:Object reference not set to an instance of an object.
04-04-2023 12:53:30:DBManager:connection_data:Object reference not set to an instance of an object.
04-04-2023 12:53:30:DBManager:connection_data:Object reference not set to an instance of an object.
04-04-2023 12:53:30:DBManager:connection_data:Object reference not set to an instance of an object.
04-04-2023 12:53:30:DBManager:connection_data:Object reference not set to an instance of an object.
04-04-2023 12:53:30:DBManager:connection_data:Object reference not set to an instance of an object.
04-04-2023 12:53:30:DBManager:connection_data:Object reference not set to an instance of an object.
04-04-2023 12:53:30:DBManager:connection_data:Object reference not set to an instance of an object.
04-04-2023 12:53:30:DBManager:connection_data:Object reference not set to an instance of an object.
04-04-2023 12:53:30:DBManager:connection_data:Object reference not set to an instance of an object.
04-04-2023 12:53:30:DBManager:connection_data:Object reference not set to an instance of an object.
04-04-2023 12:53:30:DBManager:connection_data:Object reference not set to an instance of an object.
04-04-2023 12:53:30:DBManager:connection_data:Object reference not set to an instance of an object.
04-04-2023 12:53:30:DBManager:connection_data:Object reference not set to an instance of an object.
04-04-2023 12:53:30:DBManager:connection_data:Object reference not set to an instance of an object.
04-04-2023 12:53:30:DBManager:connection_data:Object reference not set to an instance of an object.
04-04-2023 12:53:30:DBManager:connection_data:Object reference not set to an instance of an object.
04-04-2023 12:53:30:DBManager:connection_data:Object reference not set to an instance of an object.
04-04-2023 12:53:30:DBManager:connection_data:Object reference not set to an instance of an object.
04-04-2023 12:53:30:DBManager:connection_data:Object reference not set to an instance of an object.
04-04-2023 12:53:30:DBManager:connection_data:Object reference not set to an instance of an object.
04-04-2023 12:53:30:DBManager:connection_data:Object reference not set to an instance of an object.
04-04-2023 12:53:30:DBManager:connection_data:Object reference not set to an instance of an object.
04-04-2023 12:53:30:DBManager:connection_data:Object reference not set to an instance of an object.
04-04-2023 12:53:30:DBManager:connection_data:Object reference not set to an instance of an object.
04-04-2023 12:53:30:DBManager:connection_data:Object reference not set to an instance of an object.
04-04-2023 12:53:30:DBManager:connection_data:Object reference not set to an instance of an object.
04-04-2023 12:53:30:DBManager:connection_data:Object reference not set to an instance of an object.
04-04-2023 12:53:30:DBManager:connection_data:Object reference not set to an instance of an object.
04-04-2023 12:53:30:DBManager:connection_data:Object reference not set to an instance of an object.
04-04-2023 12:53:30:DBManager:connection_data:Object reference not set to an instance of an object.
04-04-2023 12:53:30:DBManager:connection_data:Object reference not set to an instance of an object.
04-04-2023 12:53:30:DBManager:connection_data:Object reference not set to an instance of an object.
04-04-2023 12:53:30:DBManager:connection_data:Object reference not set to an instance of an object.
04-04-2023 12:53:30:DBManager:connection_data:Object reference not set to an instance of an object.
04-04-2023 12:53:30:DBManager:connection_data:Object reference not set to an instance of an object.
04-04-2023 12:53:30:DBManager:connection_data:Object reference not set to an instance of an object.
04-04-2023 12:53:30:DBManager:connection_data:Object reference not set to an instance of an object.
04-04-2023 12:53:30:DBManager:connection_data:Object reference not set to an instance of an object.
04-04-2023 12:53:30:DBManager:connection_data:Object reference not set to an instance of an object.
04-04-2023 12:53:30:DBManager:connection_data:Object reference not set to an instance of an object.
04-04-2023 12:53:30:DBManager:connection_data:Object reference not set to an instance of an object.
04-04-2023 12:53:30:DBManager:connection_data:Object reference not set to an instance of an object.
04-04-2023 12:53:30:DBManager:connection_data:Object reference not set to an instance of an object.
04-04-2023 12:53:30:DBManager:connection_data:Object reference not set to an instance of an object.
04-04-2023 12:53:30:DBManager:connection_data:Object reference not set to an instance of an object.
04-04-2023 12:53:30:DBManager:connection_data:Object reference not set to an instance of an object.
04-04-2023 12:53:30:DBManager:connection_data:Object reference not set to an instance of an object.
04-04-2023 12:53:30:DBManager:connection_data:Object reference not set to an instance of an object.
04-04-2023 12:53:30:DBManager:connection_data:Object reference not set to an instance of an object.
04-04-2023 12:53:30:DBManager:connection_data:Object reference not set to an instance of an object.
04-04-2023 12:53:30:DBManager:connection_data:Object reference not set to an instance of an object.
04-04-2023 12:53:30:DBManager:connection_data:Object reference not set to an instance of an object.
04-04-2023 12:53:30:DBManager:connection_data:Object reference not set to an instance of an object.
04-04-2023 12:53:30:DBManager:connection_data:Object reference not set to an instance of an object.
04-04-2023 12:53:30:DBManager:connection_data:Object reference not set to an instance of an object.
04-04-2023 12:53:30:DBManager:connection_data:Object reference not set to an instance of an object.
04-04-2023 12:53:30:DBManager:connection_data:Object reference not set to an instance of an object.
04-04-2023 12:53:30:DBManager:connection_data:Object reference not set to an instance of an object.
04-04-2023 12:53:30:DBManager:connection_data:Object reference not set to an instance of an object.
04-04-2023 12:53:30:DBManager:connection_data:Object reference not set to an instance of an object.
04-04-2023 12:53:30:DBManager:connection_data:Object reference not set to an instance of an object.
04-04-2023 12:53:30:DBManager:connection_data:Object reference not set to an instance of an object.
04-04-2023 12:53:30:DBManager:connection_data:Object reference not set to an instance of an object.
04-04-2023 12:53:30:DBManager:connection_data:Object reference not set to an instance of an object.
04-04-2023 12:53:30:DBManager:connection_data:Object reference not set to an instance of an object.
04-04-2023 12:53:30:DBManager:connection_data:Object reference not set to an instance of an object.
04-04-2023 12:53:30:DBManager:connection_data:Object reference not set to an instance of an object.
04-04-2023 12:53:30:DBManager:connection_data:Object reference not set to an instance of an object.
04-04-2023 12:53:30:DBManager:connection_data:Object reference not set to an instance of an object.
04-04-2023 12:53:30:DBManager:connection_data:Object reference not set to an instance of an object.
04-04-2023 12:53:30:DBManager:connection_data:Object reference not set to an instance of an object.
04-04-2023 12:53:30:DBManager:connection_data:Object reference not set to an instance of an object.
04-04-2023 12:53:30:DBManager:connection_data:Object reference not set to an instance of an object.
04-04-2023 12:53:30:DBManager:connection_data:Object reference not set to an instance of an object.
04-04-2023 12:53:30:DBManager:connection_data:Object reference not set to an instance of an object.
04-04-2023 12:53:30:DBManager:connection_data:Object reference not set to an instance of an object.
04-04-2023 12:53:30:DBManager:connection_data:Object reference not set to an instance of an object.
04-04-2023 12:53:32:DBManager:connection_data:Object reference not set to an instance of an object.
04-04-2023 12:53:32:DBManager:connection_data:Object reference not set to an instance of an object.
04-04-2023 12:53:32:DBManager:connection_data:Object reference not set to an instance of an object.
04-04-2023 12:53:32:DBManager:connection_data:Object reference not set to an instance of an object.
04-04-2023 12:53:32:DBManager:connection_data:Object reference not set to an instance of an object.
04-04-2023 12:53:32:DBManager:connection_data:Object reference not set to an instance of an object.
04-04-2023 12:53:32:DBManager:connection_data:Object reference not set to an instance of an object.
04-04-2023 12:53:32:DBManager:connection_data:Object reference not set to an instance of an object.
04-04-2023 12:53:32:DBManager:connection_data:Object reference not set to an instance of an object.
04-04-2023 12:53:32:DBManager:connection_data:Object reference not set to an instance of an object.
04-04-2023 12:53:32:DBManager:connection_data:Object reference not set to an instance of an object.
04-04-2023 12:53:32:DBManager:connection_data:Object reference not set to an instance of an object.
04-04-2023 12:53:32:DBManager:connection_data:Object reference not set to an instance of an object.
04-04-2023 12:53:32:DBManager:connection_data:Object reference not set to an instance of an object.
04-04-2023 12:53:32:DBManager:connection_data:Object reference not set to an instance of an object.
04-04-2023 12:53:32:DBManager:connection_data:Object reference not set to an instance of an object.
04-04-2023 12:53:32:DBManager:connection_data:Object reference not set to an instance of an object.
04-04-2023 12:53:32:DBManager:connection_data:Object reference not set to an instance of an object.
04-04-2023 12:53:32:DBManager:connection_data:Object reference not set to an instance of an object.
04-04-2023 12:53:32:DBManager:connection_data:Object reference not set to an instance of an object.
04-04-2023 12:53:32:DBManager:connection_data:Object reference not set to an instance of an object.
04-04-2023 12:53:32:DBManager:connection_data:Object reference not set to an instance of an object.
04-04-2023 12:53:32:DBManager:connection_data:Object reference not set to an instance of an object.
04-04-2023 12:53:32:DBManager:connection_data:Object reference not set to an instance of an object.
04-04-2023 12:53:32:DBManager:connection_data:Object reference not set to an instance of an object.
04-04-2023 12:53:32:DBManager:connection_data:Object reference not set to an instance of an object.
04-04-2023 12:53:32:DBManager:connection_data:Object reference not set to an instance of an object.
04-04-2023 12:53:32:DBManager:connection_data:Object reference not set to an instance of an object.
04-04-2023 12:53:32:DBManager:connection_data:Object reference not set to an instance of an object.
04-04-2023 12:53:32:DBManager:connection_data:Object reference not set to an instance of an object.
04-04-2023 12:53:32:DBManager:connection_data:Object reference not set to an instance of an object.
04-04-2023 12:53:32:DBManager:connection_data:Object reference not set to an instance of an object.
04-04-2023 12:53:32:DBManager:connection_data:Object reference not set to an instance of an object.
04-04-2023 12:53:32:DBManager:connection_data:Object reference not set to an instance of an object.
04-04-2023 12:53:32:DBManager:connection_data:Object reference not set to an instance of an object.
04-04-2023 12:53:32:DBManager:connection_data:Object reference not set to an instance of an object.
04-04-2023 12:53:32:DBManager:connection_data:Object reference not set to an instance of an object.
04-04-2023 12:53:32:DBManager:connection_data:Object reference not set to an instance of an object.
04-04-2023 12:53:32:DBManager:connection_data:Object reference not set to an instance of an object.
04-04-2023 12:53:32:DBManager:connection_data:Object reference not set to an instance of an object.
04-04-2023 12:53:32:DBManager:connection_data:Object reference not set to an instance of an object.
04-04-2023 12:53:32:DBManager:connection_data:Object reference not set to an instance of an object.
04-04-2023 12:53:32:DBManager:connection_data:Object reference not set to an instance of an object.
04-04-2023 12:53:32:DBManager:connection_data:Object reference not set to an instance of an object.
04-04-2023 12:53:32:DBManager:connection_data:Object reference not set to an instance of an object.
04-04-2023 12:53:32:DBManager:connection_data:Object reference not set to an instance of an object.
04-04-2023 12:53:32:DBManager:connection_data:Object reference not set to an instance of an object.
04-04-2023 12:53:32:DBManager:connection_data:Object reference not set to an instance of an object.
04-04-2023 12:53:32:DBManager:connection_data:Object reference not set to an instance of an object.
04-04-2023 12:53:32:DBManager:connection_data:Object reference not set to an instance of an object.
04-04-2023 12:53:32:DBManager:connection_data:Object reference not set to an instance of an object.
04-04-2023 12:53:32:DBManager:connection_data:Object reference not set to an instance of an object.
04-04-2023 12:53:32:DBManager:connection_data:Object reference not set to an instance of an object.
04-04-2023 12:53:32:DBManager:connection_data:Object reference not set to an instance of an object.
04-04-2023 12:53:32:DBManager:connection_data:Object reference not set to an instance of an object.
04-04-2023 12:53:32:DBManager:connection_data:Object reference not set to an instance of an object.
04-04-2023 12:53:32:DBManager:connection_data:Object reference not set to an instance of an object.
04-04-2023 12:53:32:DBManager:connection_data:Object reference not set to an instance of an object.
04-04-2023 12:53:32:DBManager:connection_data:Object reference not set to an instance of an object.
04-04-2023 12:53:32:DBManager:connection_data:Object reference not set to an instance of an object.
04-04-2023 12:53:32:DBManager:connection_data:Object reference not set to an instance of an object.
04-04-2023 12:53:32:DBManager:connection_data:Object reference not set to an instance of an object.
04-04-2023 12:53:32:DBManager:connection_data:Object reference not set to an instance of an object.
04-04-2023 12:53:32:DBManager:connection_data:Object reference not set to an instance of an object.
04-04-2023 12:53:32:DBManager:connection_data:Object reference not set to an instance of an object.
04-04-2023 12:53:32:DBManager:connection_data:Object reference not set to an instance of an object.
04-04-2023 12:53:32:DBManager:connection_data:Object reference not set to an instance of an object.
04-04-2023 12:53:32:DBManager:connection_data:Object reference not set to an instance of an object.
04-04-2023 12:53:32:DBManager:connection_data:Object reference not set to an instance of an object.
04-04-2023 12:53:32:DBManager:connection_data:Object reference not set to an instance of an object.
04-04-2023 12:53:32:DBManager:connection_data:Object reference not set to an instance of an object.
04-04-2023 12:53:32:DBManager:connection_data:Object reference not set to an instance of an object.
04-04-2023 12:53:32:DBManager:connection_data:Object reference not set to an instance of an object.
04-04-2023 12:53:32:DBManager:connection_data:Object reference not set to an instance of an object.
04-04-2023 12:53:32:DBManager:connection_data:Object reference not set to an instance of an object.
04-04-2023 12:53:32:DBManager:connection_data:Object reference not set to an instance of an object.
04-04-2023 12:53:32:DBManager:connection_data:Object reference not set to an instance of an object.
04-04-2023 12:53:32:DBManager:connection_data:Object reference not set to an instance of an object.
04-04-2023 12:53:32:DBManager:connection_data:Object reference not set to an instance of an object.
04-04-2023 12:53:32:DBManager:connection_data:Object reference not set to an instance of an object.
04-04-2023 12:53:32:DBManager:connection_data:Object reference not set to an instance of an object.
04-04-2023 12:53:32:DBManager:connection_data:Object reference not set to an instance of an object.
04-04-2023 12:53:32:DBManager:connection_data:Object reference not set to an instance of an object.
04-04-2023 12:53:34:DBManager:connection_data:Object reference not set to an instance of an object.
04-04-2023 12:53:34:DBManager:connection_data:Object reference not set to an instance of an object.
04-04-2023 12:53:34:DBManager:connection_data:Object reference not set to an instance of an object.
04-04-2023 12:53:34:DBManager:connection_data:Object reference not set to an instance of an object.
04-04-2023 12:53:34:DBManager:connection_data:Object reference not set to an instance of an object.
04-04-2023 12:53:34:DBManager:connection_data:Object reference not set to an instance of an object.
04-04-2023 12:53:34:DBManager:connection_data:Object reference not set to an instance of an object.
04-04-2023 12:53:34:DBManager:connection_data:Object reference not set to an instance of an object.
04-04-2023 12:53:34:DBManager:connection_data:Object reference not set to an instance of an object.
04-04-2023 12:53:34:DBManager:connection_data:Object reference not set to an instance of an object.
04-04-2023 12:53:34:DBManager:connection_data:Object reference not set to an instance of an object.
04-04-2023 12:53:34:DBManager:connection_data:Object reference not set to an instance of an object.
04-04-2023 12:53:34:DBManager:connection_data:Object reference not set to an instance of an object.
04-04-2023 12:53:34:DBManager:connection_data:Object reference not set to an instance of an object.
04-04-2023 12:53:34:DBManager:connection_data:Object reference not set to an instance of an object.
04-04-2023 12:53:34:DBManager:connection_data:Object reference not set to an instance of an object.
04-04-2023 12:53:34:DBManager:connection_data:Object reference not set to an instance of an object.
04-04-2023 12:53:34:DBManager:connection_data:Object reference not set to an instance of an object.
04-04-2023 12:53:34:DBManager:connection_data:Object reference not set to an instance of an object.
04-04-2023 12:53:34:DBManager:connection_data:Object reference not set to an instance of an object.
04-04-2023 12:53:34:DBManager:connection_data:Object reference not set to an instance of an object.
04-04-2023 12:53:34:DBManager:connection_data:Object reference not set to an instance of an object.
04-04-2023 12:53:34:DBManager:connection_data:Object reference not set to an instance of an object.
04-04-2023 12:53:34:DBManager:connection_data:Object reference not set to an instance of an object.
04-04-2023 12:53:34:DBManager:connection_data:Object reference not set to an instance of an object.
04-04-2023 12:53:34:DBManager:connection_data:Object reference not set to an instance of an object.
04-04-2023 12:53:34:DBManager:connection_data:Object reference not set to an instance of an object.
04-04-2023 12:53:34:DBManager:connection_data:Object reference not set to an instance of an object.
04-04-2023 12:53:34:DBManager:connection_data:Object reference not set to an instance of an object.
04-04-2023 12:53:34:DBManager:connection_data:Object reference not set to an instance of an object.
04-04-2023 12:53:34:DBManager:connection_data:Object reference not set to an instance of an object.
04-04-2023 12:53:34:DBManager:connection_data:Object reference not set to an instance of an object.
04-04-2023 12:53:34:DBManager:connection_data:Object reference not set to an instance of an object.
04-04-2023 12:53:34:DBManager:connection_data:Object reference not set to an instance of an object.
04-04-2023 12:53:34:DBManager:connection_data:Object reference not set to an instance of an object.
04-04-2023 12:53:34:DBManager:connection_data:Object reference not set to an instance of an object.
04-04-2023 12:53:34:DBManager:connection_data:Object reference not set to an instance of an object.
04-04-2023 12:53:34:DBManager:connection_data:Object reference not set to an instance of an object.
04-04-2023 12:53:34:DBManager:connection_data:Object reference not set to an instance of an object.
04-04-2023 12:53:34:DBManager:connection_data:Object reference not set to an instance of an object.
04-04-2023 12:53:34:DBManager:connection_data:Object reference not set to an instance of an object.
04-04-2023 12:53:34:DBManager:connection_data:Object reference not set to an instance of an object.
04-04-2023 12:53:34:DBManager:connection_data:Object reference not set to an instance of an object.
04-04-2023 12:53:34:DBManager:connection_data:Object reference not set to an instance of an object.
04-04-2023 12:53:34:DBManager:connection_data:Object reference not set to an instance of an object.
04-04-2023 12:53:34:DBManager:connection_data:Object reference not set to an instance of an object.
04-04-2023 12:53:34:DBManager:connection_data:Object reference not set to an instance of an object.
04-04-2023 12:53:34:DBManager:connection_data:Object reference not set to an instance of an object.
04-04-2023 12:53:34:DBManager:connection_data:Object reference not set to an instance of an object.
04-04-2023 12:53:34:DBManager:connection_data:Object reference not set to an instance of an object.
04-04-2023 12:53:34:DBManager:connection_data:Object reference not set to an instance of an object.
04-04-2023 12:53:34:DBManager:connection_data:Object reference not set to an instance of an object.
04-04-2023 12:53:34:DBManager:connection_data:Object reference not set to an instance of an object.
04-04-2023 12:53:34:DBManager:connection_data:Object reference not set to an instance of an object.
04-04-2023 12:53:34:DBManager:connection_data:Object reference not set to an instance of an object.
04-04-2023 12:53:34:DBManager:connection_data:Object reference not set to an instance of an object.
04-04-2023 12:53:34:DBManager:connection_data:Object reference not set to an instance of an object.
04-04-2023 12:53:34:DBManager:connection_data:Object reference not set to an instance of an object.
04-04-2023 12:53:34:DBManager:connection_data:Object reference not set to an instance of an object.
04-04-2023 12:53:34:DBManager:connection_data:Object reference not set to an instance of an object.
04-04-2023 12:53:34:DBManager:connection_data:Object reference not set to an instance of an object.
04-04-2023 12:53:34:DBManager:connection_data:Object reference not set to an instance of an object.
04-04-2023 12:53:34:DBManager:connection_data:Object reference not set to an instance of an object.
04-04-2023 12:53:34:DBManager:connection_data:Object reference not set to an instance of an object.
04-04-2023 12:53:34:DBManager:connection_data:Object reference not set to an instance of an object.
04-04-2023 12:53:34:DBManager:connection_data:Object reference not set to an instance of an object.
04-04-2023 12:53:34:DBManager:connection_data:Object reference not set to an instance of an object.
04-04-2023 12:53:34:DBManager:connection_data:Object reference not set to an instance of an object.
04-04-2023 12:53:34:DBManager:connection_data:Object reference not set to an instance of an object.
04-04-2023 12:53:34:DBManager:connection_data:Object reference not set to an instance of an object.
04-04-2023 12:53:34:DBManager:connection_data:Object reference not set to an instance of an object.
04-04-2023 12:53:34:DBManager:connection_data:Object reference not set to an instance of an object.
04-04-2023 12:53:34:DBManager:connection_data:Object reference not set to an instance of an object.
04-04-2023 12:53:34:DBManager:connection_data:Object reference not set to an instance of an object.
04-04-2023 12:53:34:DBManager:connection_data:Object reference not set to an instance of an object.
04-04-2023 12:53:34:DBManager:connection_data:Object reference not set to an instance of an object.
04-04-2023 12:53:34:DBManager:connection_data:Object reference not set to an instance of an object.
04-04-2023 12:53:34:DBManager:connection_data:Object reference not set to an instance of an object.
04-04-2023 12:53:34:DBManager:connection_data:Object reference not set to an instance of an object.
04-04-2023 12:53:34:DBManager:connection_data:Object reference not set to an instance of an object.
04-04-2023 12:53:34:DBManager:connection_data:Object reference not set to an instance of an object.
04-04-2023 12:53:34:DBManager:connection_data:Object reference not set to an instance of an object.
04-04-2023 12:53:34:DBManager:connection_data:Object reference not set to an instance of an object.
04-04-2023 12:53:35:DBManager:connection_data:Object reference not set to an instance of an object.
04-04-2023 12:53:35:DBManager:connection_data:Object reference not set to an instance of an object.
04-04-2023 12:53:35:DBManager:connection_data:Object reference not set to an instance of an object.
04-04-2023 12:53:35:DBManager:connection_data:Object reference not set to an instance of an object.
04-04-2023 12:53:35:DBManager:connection_data:Object reference not set to an instance of an object.
04-04-2023 12:53:35:DBManager:connection_data:Object reference not set to an instance of an object.
04-04-2023 12:53:35:DBManager:connection_data:Object reference not set to an instance of an object.
04-04-2023 12:53:35:DBManager:connection_data:Object reference not set to an instance of an object.
04-04-2023 12:53:35:DBManager:connection_data:Object reference not set to an instance of an object.
04-04-2023 12:53:35:DBManager:connection_data:Object reference not set to an instance of an object.
04-04-2023 12:53:35:DBManager:connection_data:Object reference not set to an instance of an object.
04-04-2023 12:53:35:DBManager:connection_data:Object reference not set to an instance of an object.
04-04-2023 12:53:35:DBManager:connection_data:Object reference not set to an instance of an object.
04-04-2023 12:53:35:DBManager:connection_data:Object reference not set to an instance of an object.
04-04-2023 12:53:35:DBManager:connection_data:Object reference not set to an instance of an object.
04-04-2023 12:53:35:DBManager:connection_data:Object reference not set to an instance of an object.
04-04-2023 12:53:35:DBManager:connection_data:Object reference not set to an instance of an object.
04-04-2023 12:53:35:DBManager:connection_data:Object reference not set to an instance of an object.
04-04-2023 12:53:35:DBManager:connection_data:Object reference not set to an instance of an object.
04-04-2023 12:53:35:DBManager:connection_data:Object reference not set to an instance of an object.
04-04-2023 12:53:35:DBManager:connection_data:Object reference not set to an instance of an object.
04-04-2023 12:53:35:DBManager:connection_data:Object reference not set to an instance of an object.
04-04-2023 12:53:35:DBManager:connection_data:Object reference not set to an instance of an object.
04-04-2023 12:53:35:DBManager:connection_data:Object reference not set to an instance of an object.
04-04-2023 12:53:35:DBManager:connection_data:Object reference not set to an instance of an object.
04-04-2023 12:53:35:DBManager:connection_data:Object reference not set to an instance of an object.
04-04-2023 12:53:35:DBManager:connection_data:Object reference not set to an instance of an object.
04-04-2023 12:53:35:DBManager:connection_data:Object reference not set to an instance of an object.
04-04-2023 12:53:35:DBManager:connection_data:Object reference not set to an instance of an object.
04-04-2023 12:53:35:DBManager:connection_data:Object reference not set to an instance of an object.
04-04-2023 12:53:35:DBManager:connection_data:Object reference not set to an instance of an object.
04-04-2023 12:53:35:DBManager:connection_data:Object reference not set to an instance of an object.
04-04-2023 12:53:35:DBManager:connection_data:Object reference not set to an instance of an object.
04-04-2023 12:53:35:DBManager:connection_data:Object reference not set to an instance of an object.
04-04-2023 12:53:35:DBManager:connection_data:Object reference not set to an instance of an object.
04-04-2023 12:53:35:DBManager:connection_data:Object reference not set to an instance of an object.
04-04-2023 12:53:35:DBManager:connection_data:Object reference not set to an instance of an object.
04-04-2023 12:53:35:DBManager:connection_data:Object reference not set to an instance of an object.
04-04-2023 12:53:35:DBManager:connection_data:Object reference not set to an instance of an object.
04-04-2023 12:53:35:DBManager:connection_data:Object reference not set to an instance of an object.
04-04-2023 12:53:35:DBManager:connection_data:Object reference not set to an instance of an object.
04-04-2023 12:53:35:DBManager:connection_data:Object reference not set to an instance of an object.
04-04-2023 12:53:35:DBManager:connection_data:Object reference not set to an instance of an object.
04-04-2023 12:53:35:DBManager:connection_data:Object reference not set to an instance of an object.
04-04-2023 12:53:35:DBManager:connection_data:Object reference not set to an instance of an object.
04-04-2023 12:53:35:DBManager:connection_data:Object reference not set to an instance of an object.
04-04-2023 12:53:35:DBManager:connection_data:Object reference not set to an instance of an object.
04-04-2023 12:53:35:DBManager:connection_data:Object reference not set to an instance of an object.
04-04-2023 12:53:35:DBManager:connection_data:Object reference not set to an instance of an object.
04-04-2023 12:53:35:DBManager:connection_data:Object reference not set to an instance of an object.
04-04-2023 12:53:35:DBManager:connection_data:Object reference not set to an instance of an object.
04-04-2023 12:53:35:DBManager:connection_data:Object reference not set to an instance of an object.
04-04-2023 12:53:35:DBManager:connection_data:Object reference not set to an instance of an object.
04-04-2023 12:53:35:DBManager:connection_data:Object reference not set to an instance of an object.
04-04-2023 12:53:35:DBManager:connection_data:Object reference not set to an instance of an object.
04-04-2023 12:53:35:DBManager:connection_data:Object reference not set to an instance of an object.
04-04-2023 12:53:35:DBManager:connection_data:Object reference not set to an instance of an object.
04-04-2023 12:53:35:DBManager:connection_data:Object reference not set to an instance of an object.
04-04-2023 12:53:35:DBManager:connection_data:Object reference not set to an instance of an object.
04-04-2023 12:53:35:DBManager:connection_data:Object reference not set to an instance of an object.
04-04-2023 12:53:35:DBManager:connection_data:Object reference not set to an instance of an object.
04-04-2023 12:53:35:DBManager:connection_data:Object reference not set to an instance of an object.
04-04-2023 12:53:35:DBManager:connection_data:Object reference not set to an instance of an object.
04-04-2023 12:53:35:DBManager:connection_data:Object reference not set to an instance of an object.
04-04-2023 12:53:35:DBManager:connection_data:Object reference not set to an instance of an object.
04-04-2023 12:53:35:DBManager:connection_data:Object reference not set to an instance of an object.
04-04-2023 12:53:35:DBManager:connection_data:Object reference not set to an instance of an object.
04-04-2023 12:53:35:DBManager:connection_data:Object reference not set to an instance of an object.
04-04-2023 12:53:35:DBManager:connection_data:Object reference not set to an instance of an object.
04-04-2023 12:53:35:DBManager:connection_data:Object reference not set to an instance of an object.
04-04-2023 12:53:35:DBManager:connection_data:Object reference not set to an instance of an object.
04-04-2023 12:53:35:DBManager:connection_data:Object reference not set to an instance of an object.
04-04-2023 12:53:35:DBManager:connection_data:Object reference not set to an instance of an object.
04-04-2023 12:53:35:DBManager:connection_data:Object reference not set to an instance of an object.
04-04-2023 12:53:35:DBManager:connection_data:Object reference not set to an instance of an object.
04-04-2023 12:53:35:DBManager:connection_data:Object reference not set to an instance of an object.
04-04-2023 12:53:35:DBManager:connection_data:Object reference not set to an instance of an object.
04-04-2023 12:53:35:DBManager:connection_data:Object reference not set to an instance of an object.
04-04-2023 12:53:35:DBManager:connection_data:Object reference not set to an instance of an object.
04-04-2023 12:53:35:DBManager:connection_data:Object reference not set to an instance of an object.
04-04-2023 12:53:35:DBManager:connection_data:Object reference not set to an instance of an object.
04-04-2023 12:53:35:DBManager:connection_data:Object reference not set to an instance of an object.
04-04-2023 12:53:35:DBManager:connection_data:Object reference not set to an instance of an object.
04-04-2023 12:53:36:DBManager:connection_data:Object reference not set to an instance of an object.
04-04-2023 12:53:36:DBManager:connection_data:Object reference not set to an instance of an object.
04-04-2023 12:53:36:DBManager:connection_data:Object reference not set to an instance of an object.
04-04-2023 12:53:36:DBManager:connection_data:Object reference not set to an instance of an object.
04-04-2023 12:53:36:DBManager:connection_data:Object reference not set to an instance of an object.
04-04-2023 12:53:36:DBManager:connection_data:Object reference not set to an instance of an object.
04-04-2023 13:02:02:DBManager:connection_data:Object reference not set to an instance of an object.
04-04-2023 13:02:02:DBManager:connection_data:Object reference not set to an instance of an object.
04-04-2023 13:02:02:DBManager:connection_data:Object reference not set to an instance of an object.
04-04-2023 13:02:02:DBManager:connection_data:Object reference not set to an instance of an object.
04-04-2023 13:02:02:DBManager:connection_data:Object reference not set to an instance of an object.
04-04-2023 13:02:02:DBManager:connection_data:Object reference not set to an instance of an object.
04/04/2023 1:02:02 PM:MasterPage:Page_Init:Thread was being aborted.
04-04-2023 13:02:02:DBManager:connection_data:Object reference not set to an instance of an object.
04-04-2023 13:02:02:DBManager:connection_data:Object reference not set to an instance of an object.
04-04-2023 13:02:02:DBManager:connection_data:Object reference not set to an instance of an object.
04/04/2023 1:02:02 PM:SignIn:btnLogIn_Click:test
04-04-2023 13:02:06:DBManager:connection_data:Object reference not set to an instance of an object.
04-04-2023 13:02:06:DBManager:connection_data:Object reference not set to an instance of an object.
04-04-2023 13:02:06:DBManager:connection_data:Object reference not set to an instance of an object.
04/04/2023 1:02:06 PM:SignIn:btnLogIn_Click:test
04/04/2023 1:02:06 PM:SignIn:btnLogIn_Click4:
04/04/2023 1:02:06 PM:SignIn:btnLogIn_Click5:
04/04/2023 1:02:06 PM:SignIn:btnLogIn_Click7:
04/04/2023 1:02:06 PM:SignIn:btnLogIn_Click8:
04/04/2023 1:02:06 PM:ClsDataccess:Getdatatable:The ConnectionString property has not been initialized.
04-04-2023 13:02:06:DBManager:connection_data:Object reference not set to an instance of an object.
04-04-2023 13:02:06:DBManager:connection_data:Object reference not set to an instance of an object.
04-04-2023 13:02:06:DBManager:connection_data:Object reference not set to an instance of an object.
04-04-2023 13:02:06:DBManager:connection_data:Object reference not set to an instance of an object.
04-04-2023 13:02:06:DBManager:connection_data:Object reference not set to an instance of an object.
04-04-2023 13:02:06:DBManager:connection_data:Object reference not set to an instance of an object.
04-04-2023 13:02:06:DBManager:connection_data:Object reference not set to an instance of an object.
04-04-2023 13:02:06:DBManager:connection_data:Object reference not set to an instance of an object.
04-04-2023 13:02:06:DBManager:connection_data:Object reference not set to an instance of an object.
04-04-2023 13:02:06:DBManager:connection_data:Object reference not set to an instance of an object.
04-04-2023 13:02:06:DBManager:connection_data:Object reference not set to an instance of an object.
04-04-2023 13:02:06:DBManager:connection_data:Object reference not set to an instance of an object.
04-04-2023 13:02:06:DBManager:connection_data:Object reference not set to an instance of an object.
04-04-2023 13:02:06:DBManager:connection_data:Object reference not set to an instance of an object.
04-04-2023 13:02:06:DBManager:connection_data:Object reference not set to an instance of an object.
04-04-2023 13:02:06:DBManager:connection_data:Object reference not set to an instance of an object.
04-04-2023 13:02:06:DBManager:connection_data:Object reference not set to an instance of an object.
04-04-2023 13:02:06:DBManager:connection_data:Object reference not set to an instance of an object.
04-04-2023 13:02:06:DBManager:connection_data:Object reference not set to an instance of an object.
04-04-2023 13:02:06:DBManager:connection_data:Object reference not set to an instance of an object.
04-04-2023 13:02:06:DBManager:connection_data:Object reference not set to an instance of an object.
04-04-2023 13:02:06:DBManager:connection_data:Object reference not set to an instance of an object.
04-04-2023 13:02:06:DBManager:connection_data:Object reference not set to an instance of an object.
04-04-2023 13:02:06:DBManager:connection_data:Object reference not set to an instance of an object.
04-04-2023 13:02:06:DBManager:connection_data:Object reference not set to an instance of an object.
04-04-2023 13:02:06:DBManager:connection_data:Object reference not set to an instance of an object.
04-04-2023 13:02:06:DBManager:connection_data:Object reference not set to an instance of an object.
04-04-2023 13:02:06:DBManager:connection_data:Object reference not set to an instance of an object.
04-04-2023 13:02:06:DBManager:connection_data:Object reference not set to an instance of an object.
04-04-2023 13:02:06:DBManager:connection_data:Object reference not set to an instance of an object.
04-04-2023 13:02:06:DBManager:connection_data:Object reference not set to an instance of an object.
04-04-2023 13:02:06:DBManager:connection_data:Object reference not set to an instance of an object.
04-04-2023 13:02:06:DBManager:connection_data:Object reference not set to an instance of an object.
04-04-2023 13:02:06:DBManager:connection_data:Object reference not set to an instance of an object.
04-04-2023 13:02:06:DBManager:connection_data:Object reference not set to an instance of an object.
04-04-2023 13:02:06:DBManager:connection_data:Object reference not set to an instance of an object.
04-04-2023 13:02:06:DBManager:connection_data:Object reference not set to an instance of an object.
04-04-2023 13:02:06:DBManager:connection_data:Object reference not set to an instance of an object.
04-04-2023 13:02:06:DBManager:connection_data:Object reference not set to an instance of an object.
04-04-2023 13:02:06:DBManager:connection_data:Object reference not set to an instance of an object.
04-04-2023 13:02:06:DBManager:connection_data:Object reference not set to an instance of an object.
04-04-2023 13:02:06:DBManager:connection_data:Object reference not set to an instance of an object.
04-04-2023 13:02:06:DBManager:connection_data:Object reference not set to an instance of an object.
04-04-2023 13:02:06:DBManager:connection_data:Object reference not set to an instance of an object.
04-04-2023 13:02:06:DBManager:connection_data:Object reference not set to an instance of an object.
04-04-2023 13:02:06:DBManager:connection_data:Object reference not set to an instance of an object.
04-04-2023 13:02:06:DBManager:connection_data:Object reference not set to an instance of an object.
04-04-2023 13:02:06:DBManager:connection_data:Object reference not set to an instance of an object.
04-04-2023 13:02:06:DBManager:connection_data:Object reference not set to an instance of an object.
04-04-2023 13:02:06:DBManager:connection_data:Object reference not set to an instance of an object.
04-04-2023 13:02:06:DBManager:connection_data:Object reference not set to an instance of an object.
04-04-2023 13:02:06:DBManager:connection_data:Object reference not set to an instance of an object.
04-04-2023 13:02:06:DBManager:connection_data:Object reference not set to an instance of an object.
04-04-2023 13:02:06:DBManager:connection_data:Object reference not set to an instance of an object.
04-04-2023 13:02:06:DBManager:connection_data:Object reference not set to an instance of an object.
04-04-2023 13:02:06:DBManager:connection_data:Object reference not set to an instance of an object.
04-04-2023 13:02:06:DBManager:connection_data:Object reference not set to an instance of an object.
04-04-2023 13:02:06:DBManager:connection_data:Object reference not set to an instance of an object.
04-04-2023 13:02:06:DBManager:connection_data:Object reference not set to an instance of an object.
04-04-2023 13:02:06:DBManager:connection_data:Object reference not set to an instance of an object.
04-04-2023 13:02:06:DBManager:connection_data:Object reference not set to an instance of an object.
04-04-2023 13:02:06:DBManager:connection_data:Object reference not set to an instance of an object.
04-04-2023 13:02:06:DBManager:connection_data:Object reference not set to an instance of an object.
04-04-2023 13:02:06:DBManager:connection_data:Object reference not set to an instance of an object.
04-04-2023 13:02:06:DBManager:connection_data:Object reference not set to an instance of an object.
04-04-2023 13:02:06:DBManager:connection_data:Object reference not set to an instance of an object.
04-04-2023 13:02:06:DBManager:connection_data:Object reference not set to an instance of an object.
04-04-2023 13:02:06:DBManager:connection_data:Object reference not set to an instance of an object.
04-04-2023 13:02:06:DBManager:connection_data:Object reference not set to an instance of an object.
04-04-2023 13:02:06:DBManager:connection_data:Object reference not set to an instance of an object.
04-04-2023 13:02:06:DBManager:connection_data:Object reference not set to an instance of an object.
04-04-2023 13:02:06:DBManager:connection_data:Object reference not set to an instance of an object.
04-04-2023 13:02:06:DBManager:connection_data:Object reference not set to an instance of an object.
04-04-2023 13:02:06:DBManager:connection_data:Object reference not set to an instance of an object.
04-04-2023 13:02:06:DBManager:connection_data:Object reference not set to an instance of an object.
04-04-2023 13:02:06:DBManager:connection_data:Object reference not set to an instance of an object.
04-04-2023 13:02:06:DBManager:connection_data:Object reference not set to an instance of an object.
04-04-2023 13:02:12:DBManager:connection_data:Object reference not set to an instance of an object.
04-04-2023 13:02:12:DBManager:connection_data:Object reference not set to an instance of an object.
04-04-2023 13:02:12:DBManager:connection_data:Object reference not set to an instance of an object.
04-04-2023 13:02:12:DBManager:connection_data:Object reference not set to an instance of an object.
04-04-2023 13:02:12:DBManager:connection_data:Object reference not set to an instance of an object.
04-04-2023 13:02:12:DBManager:connection_data:Object reference not set to an instance of an object.
04-04-2023 13:02:12:DBManager:connection_data:Object reference not set to an instance of an object.
04-04-2023 13:02:12:DBManager:connection_data:Object reference not set to an instance of an object.
04-04-2023 13:02:12:DBManager:connection_data:Object reference not set to an instance of an object.
04-04-2023 13:02:12:DBManager:connection_data:Object reference not set to an instance of an object.
04-04-2023 13:02:12:DBManager:connection_data:Object reference not set to an instance of an object.
04-04-2023 13:02:12:DBManager:connection_data:Object reference not set to an instance of an object.
04-04-2023 13:02:12:DBManager:connection_data:Object reference not set to an instance of an object.
04-04-2023 13:02:12:DBManager:connection_data:Object reference not set to an instance of an object.
04-04-2023 13:02:12:DBManager:connection_data:Object reference not set to an instance of an object.
04-04-2023 13:02:12:DBManager:connection_data:Object reference not set to an instance of an object.
04-04-2023 13:02:12:DBManager:connection_data:Object reference not set to an instance of an object.
04-04-2023 13:02:12:DBManager:connection_data:Object reference not set to an instance of an object.
04-04-2023 13:02:12:DBManager:connection_data:Object reference not set to an instance of an object.
04-04-2023 13:02:12:DBManager:connection_data:Object reference not set to an instance of an object.
04-04-2023 13:02:12:DBManager:connection_data:Object reference not set to an instance of an object.
04-04-2023 13:02:12:DBManager:connection_data:Object reference not set to an instance of an object.
04-04-2023 13:02:12:DBManager:connection_data:Object reference not set to an instance of an object.
04-04-2023 13:02:12:DBManager:connection_data:Object reference not set to an instance of an object.
04-04-2023 13:02:12:DBManager:connection_data:Object reference not set to an instance of an object.
04-04-2023 13:02:12:DBManager:connection_data:Object reference not set to an instance of an object.
04-04-2023 13:02:12:DBManager:connection_data:Object reference not set to an instance of an object.
04-04-2023 13:02:12:DBManager:connection_data:Object reference not set to an instance of an object.
04-04-2023 13:02:12:DBManager:connection_data:Object reference not set to an instance of an object.
04-04-2023 13:02:12:DBManager:connection_data:Object reference not set to an instance of an object.
04-04-2023 13:02:12:DBManager:connection_data:Object reference not set to an instance of an object.
04-04-2023 13:02:12:DBManager:connection_data:Object reference not set to an instance of an object.
04-04-2023 13:02:12:DBManager:connection_data:Object reference not set to an instance of an object.
04-04-2023 13:02:12:DBManager:connection_data:Object reference not set to an instance of an object.
04-04-2023 13:02:12:DBManager:connection_data:Object reference not set to an instance of an object.
04-04-2023 13:02:12:DBManager:connection_data:Object reference not set to an instance of an object.
04-04-2023 13:02:12:DBManager:connection_data:Object reference not set to an instance of an object.
04-04-2023 13:02:12:DBManager:connection_data:Object reference not set to an instance of an object.
04-04-2023 13:02:12:DBManager:connection_data:Object reference not set to an instance of an object.
04-04-2023 13:02:12:DBManager:connection_data:Object reference not set to an instance of an object.
04-04-2023 13:02:12:DBManager:connection_data:Object reference not set to an instance of an object.
04-04-2023 13:02:12:DBManager:connection_data:Object reference not set to an instance of an object.
04-04-2023 13:02:12:DBManager:connection_data:Object reference not set to an instance of an object.
04-04-2023 13:02:12:DBManager:connection_data:Object reference not set to an instance of an object.
04-04-2023 13:02:12:DBManager:connection_data:Object reference not set to an instance of an object.
04-04-2023 13:02:12:DBManager:connection_data:Object reference not set to an instance of an object.
04-04-2023 13:02:12:DBManager:connection_data:Object reference not set to an instance of an object.
04-04-2023 13:02:12:DBManager:connection_data:Object reference not set to an instance of an object.
04-04-2023 13:02:12:DBManager:connection_data:Object reference not set to an instance of an object.
04-04-2023 13:02:12:DBManager:connection_data:Object reference not set to an instance of an object.
04-04-2023 13:02:12:DBManager:connection_data:Object reference not set to an instance of an object.
04-04-2023 13:02:12:DBManager:connection_data:Object reference not set to an instance of an object.
04-04-2023 13:02:12:DBManager:connection_data:Object reference not set to an instance of an object.
04-04-2023 13:02:12:DBManager:connection_data:Object reference not set to an instance of an object.
04-04-2023 13:02:12:DBManager:connection_data:Object reference not set to an instance of an object.
04-04-2023 13:02:12:DBManager:connection_data:Object reference not set to an instance of an object.
04-04-2023 13:02:12:DBManager:connection_data:Object reference not set to an instance of an object.
04-04-2023 13:02:12:DBManager:connection_data:Object reference not set to an instance of an object.
04-04-2023 13:02:12:DBManager:connection_data:Object reference not set to an instance of an object.
04-04-2023 13:02:12:DBManager:connection_data:Object reference not set to an instance of an object.
04-04-2023 13:02:12:DBManager:connection_data:Object reference not set to an instance of an object.
04-04-2023 13:02:12:DBManager:connection_data:Object reference not set to an instance of an object.
04-04-2023 13:02:12:DBManager:connection_data:Object reference not set to an instance of an object.
04-04-2023 13:02:12:DBManager:connection_data:Object reference not set to an instance of an object.
04-04-2023 13:02:12:DBManager:connection_data:Object reference not set to an instance of an object.
04-04-2023 13:02:12:DBManager:connection_data:Object reference not set to an instance of an object.
04-04-2023 13:02:12:DBManager:connection_data:Object reference not set to an instance of an object.
04-04-2023 13:02:12:DBManager:connection_data:Object reference not set to an instance of an object.
04-04-2023 13:02:12:DBManager:connection_data:Object reference not set to an instance of an object.
04-04-2023 13:02:12:DBManager:connection_data:Object reference not set to an instance of an object.
04-04-2023 13:02:12:DBManager:connection_data:Object reference not set to an instance of an object.
04-04-2023 13:02:12:DBManager:connection_data:Object reference not set to an instance of an object.
04-04-2023 13:02:12:DBManager:connection_data:Object reference not set to an instance of an object.
04-04-2023 13:02:12:DBManager:connection_data:Object reference not set to an instance of an object.
04-04-2023 13:02:12:DBManager:connection_data:Object reference not set to an instance of an object.
04-04-2023 13:02:12:DBManager:connection_data:Object reference not set to an instance of an object.
04-04-2023 13:02:12:DBManager:connection_data:Object reference not set to an instance of an object.
04-04-2023 13:02:23:DBManager:connection_data:Object reference not set to an instance of an object.
04-04-2023 13:02:23:DBManager:connection_data:Object reference not set to an instance of an object.
04-04-2023 13:02:23:DBManager:connection_data:Object reference not set to an instance of an object.
04-04-2023 13:02:23:DBManager:connection_data:Object reference not set to an instance of an object.
04-04-2023 13:02:23:DBManager:connection_data:Object reference not set to an instance of an object.
04-04-2023 13:02:23:DBManager:connection_data:Object reference not set to an instance of an object.
04-04-2023 13:02:26:DBManager:connection_data:Object reference not set to an instance of an object.
04-04-2023 13:02:26:DBManager:connection_data:Object reference not set to an instance of an object.
04-04-2023 13:02:26:DBManager:connection_data:Object reference not set to an instance of an object.
04-04-2023 13:02:26:DBManager:connection_data:Object reference not set to an instance of an object.
04-04-2023 13:02:26:DBManager:connection_data:Object reference not set to an instance of an object.
04-04-2023 13:02:26:DBManager:connection_data:Object reference not set to an instance of an object.
04-04-2023 13:02:26:DBManager:connection_data:Object reference not set to an instance of an object.
04-04-2023 13:02:26:DBManager:connection_data:Object reference not set to an instance of an object.
04-04-2023 13:02:26:DBManager:connection_data:Object reference not set to an instance of an object.
04-04-2023 13:02:26:DBManager:connection_data:Object reference not set to an instance of an object.
04-04-2023 13:02:26:DBManager:connection_data:Object reference not set to an instance of an object.
04-04-2023 13:02:26:DBManager:connection_data:Object reference not set to an instance of an object.
04-04-2023 13:02:26:DBManager:connection_data:Object reference not set to an instance of an object.
04-04-2023 13:02:26:DBManager:connection_data:Object reference not set to an instance of an object.
04-04-2023 13:02:26:DBManager:connection_data:Object reference not set to an instance of an object.
04-04-2023 13:02:26:DBManager:connection_data:Object reference not set to an instance of an object.
04-04-2023 13:02:26:DBManager:connection_data:Object reference not set to an instance of an object.
04-04-2023 13:02:26:DBManager:connection_data:Object reference not set to an instance of an object.
04-04-2023 13:02:26:DBManager:connection_data:Object reference not set to an instance of an object.
04-04-2023 13:02:26:DBManager:connection_data:Object reference not set to an instance of an object.
04-04-2023 13:02:26:DBManager:connection_data:Object reference not set to an instance of an object.
04-04-2023 13:02:26:DBManager:connection_data:Object reference not set to an instance of an object.
04-04-2023 13:02:26:DBManager:connection_data:Object reference not set to an instance of an object.
04-04-2023 13:02:26:DBManager:connection_data:Object reference not set to an instance of an object.
04-04-2023 13:02:26:DBManager:connection_data:Object reference not set to an instance of an object.
04-04-2023 13:02:26:DBManager:connection_data:Object reference not set to an instance of an object.
04-04-2023 13:02:26:DBManager:connection_data:Object reference not set to an instance of an object.
04-04-2023 13:02:26:DBManager:connection_data:Object reference not set to an instance of an object.
04-04-2023 13:02:26:DBManager:connection_data:Object reference not set to an instance of an object.
04-04-2023 13:02:26:DBManager:connection_data:Object reference not set to an instance of an object.
04-04-2023 13:02:26:DBManager:connection_data:Object reference not set to an instance of an object.
04-04-2023 13:02:26:DBManager:connection_data:Object reference not set to an instance of an object.
04-04-2023 13:02:26:DBManager:connection_data:Object reference not set to an instance of an object.
04-04-2023 13:02:26:DBManager:connection_data:Object reference not set to an instance of an object.
04-04-2023 13:02:26:DBManager:connection_data:Object reference not set to an instance of an object.
04-04-2023 13:02:26:DBManager:connection_data:Object reference not set to an instance of an object.
04-04-2023 13:02:26:DBManager:connection_data:Object reference not set to an instance of an object.
04-04-2023 13:02:26:DBManager:connection_data:Object reference not set to an instance of an object.
04-04-2023 13:02:26:DBManager:connection_data:Object reference not set to an instance of an object.
04-04-2023 13:02:26:DBManager:connection_data:Object reference not set to an instance of an object.
04-04-2023 13:02:26:DBManager:connection_data:Object reference not set to an instance of an object.
04-04-2023 13:02:26:DBManager:connection_data:Object reference not set to an instance of an object.
04-04-2023 13:02:26:DBManager:connection_data:Object reference not set to an instance of an object.
04-04-2023 13:02:26:DBManager:connection_data:Object reference not set to an instance of an object.
04-04-2023 13:02:26:DBManager:connection_data:Object reference not set to an instance of an object.
04-04-2023 13:02:26:DBManager:connection_data:Object reference not set to an instance of an object.
04-04-2023 13:02:26:DBManager:connection_data:Object reference not set to an instance of an object.
04-04-2023 13:02:26:DBManager:connection_data:Object reference not set to an instance of an object.
04-04-2023 13:02:26:DBManager:connection_data:Object reference not set to an instance of an object.
04-04-2023 13:02:26:DBManager:connection_data:Object reference not set to an instance of an object.
04-04-2023 13:02:26:DBManager:connection_data:Object reference not set to an instance of an object.
04-04-2023 13:02:26:DBManager:connection_data:Object reference not set to an instance of an object.
04-04-2023 13:02:26:DBManager:connection_data:Object reference not set to an instance of an object.
04-04-2023 13:02:26:DBManager:connection_data:Object reference not set to an instance of an object.
04-04-2023 13:02:26:DBManager:connection_data:Object reference not set to an instance of an object.
04-04-2023 13:02:26:DBManager:connection_data:Object reference not set to an instance of an object.
04-04-2023 13:02:26:DBManager:connection_data:Object reference not set to an instance of an object.
04-04-2023 13:02:26:DBManager:connection_data:Object reference not set to an instance of an object.
04-04-2023 13:02:26:DBManager:connection_data:Object reference not set to an instance of an object.
04-04-2023 13:02:26:DBManager:connection_data:Object reference not set to an instance of an object.
04-04-2023 13:02:26:DBManager:connection_data:Object reference not set to an instance of an object.
04-04-2023 13:02:26:DBManager:connection_data:Object reference not set to an instance of an object.
04-04-2023 13:02:26:DBManager:connection_data:Object reference not set to an instance of an object.
04-04-2023 13:02:26:DBManager:connection_data:Object reference not set to an instance of an object.
04-04-2023 13:02:26:DBManager:connection_data:Object reference not set to an instance of an object.
04-04-2023 13:02:26:DBManager:connection_data:Object reference not set to an instance of an object.
04-04-2023 13:02:26:DBManager:connection_data:Object reference not set to an instance of an object.
04-04-2023 13:02:26:DBManager:connection_data:Object reference not set to an instance of an object.
04-04-2023 13:02:26:DBManager:connection_data:Object reference not set to an instance of an object.
04-04-2023 13:02:26:DBManager:connection_data:Object reference not set to an instance of an object.
04-04-2023 13:02:26:DBManager:connection_data:Object reference not set to an instance of an object.
04-04-2023 13:02:26:DBManager:connection_data:Object reference not set to an instance of an object.
04-04-2023 13:02:26:DBManager:connection_data:Object reference not set to an instance of an object.
04-04-2023 13:02:26:DBManager:connection_data:Object reference not set to an instance of an object.
04-04-2023 13:02:26:DBManager:connection_data:Object reference not set to an instance of an object.
04-04-2023 13:02:26:DBManager:connection_data:Object reference not set to an instance of an object.
04-04-2023 13:02:26:DBManager:connection_data:Object reference not set to an instance of an object.
04-04-2023 13:02:26:DBManager:connection_data:Object reference not set to an instance of an object.
04-04-2023 13:02:26:DBManager:connection_data:Object reference not set to an instance of an object.
04-04-2023 13:02:26:DBManager:connection_data:Object reference not set to an instance of an object.
04-04-2023 13:02:26:DBManager:connection_data:Object reference not set to an instance of an object.
04-04-2023 13:02:26:DBManager:connection_data:Object reference not set to an instance of an object.
04-04-2023 13:02:26:DBManager:connection_data:Object reference not set to an instance of an object.
04-04-2023 13:02:26:DBManager:connection_data:Object reference not set to an instance of an object.
04-04-2023 13:02:26:DBManager:connection_data:Object reference not set to an instance of an object.
04-04-2023 13:02:26:DBManager:connection_data:Object reference not set to an instance of an object.
04-04-2023 13:02:26:DBManager:connection_data:Object reference not set to an instance of an object.
04-04-2023 13:02:26:DBManager:connection_data:Object reference not set to an instance of an object.
04-04-2023 13:02:26:DBManager:connection_data:Object reference not set to an instance of an object.
