11/23/2024 2:54:04 PM:DBManager:connection_data:Object reference not set to an instance of an object.
11/23/2024 2:54:04 PM:DBManager:connection_data:Object reference not set to an instance of an object.
11/23/2024 2:54:04 PM:DBManager:connection_data:Object reference not set to an instance of an object.
11/23/2024 2:54:04 PM:DBManager:connection_data:Object reference not set to an instance of an object.
11/23/2024 2:54:04 PM:DBManager:connection_data:Object reference not set to an instance of an object.
11/23/2024 2:54:04 PM:DBManager:connection_data:Object reference not set to an instance of an object.
11/23/2024 2:54:04 PM:DBManager:connection_data:Object reference not set to an instance of an object.
11/23/2024 2:54:04 PM:DBManager:connection_data:Object reference not set to an instance of an object.
11/23/2024 2:54:04 PM:DBManager:connection_data:Object reference not set to an instance of an object.
11/23/2024 2:54:04 PM:DBManager:connection_data:Object reference not set to an instance of an object.
11/23/2024 2:54:04 PM:DBManager:connection_data:Object reference not set to an instance of an object.
11/23/2024 2:54:04 PM:DBManager:connection_data:Object reference not set to an instance of an object.
11/23/2024 2:54:04 PM:DBManager:connection_data:Object reference not set to an instance of an object.
11/23/2024 2:54:04 PM:DBManager:connection_data:Object reference not set to an instance of an object.
11/23/2024 2:54:04 PM:DBManager:connection_data:Object reference not set to an instance of an object.
11/23/2024 2:54:04 PM:DBManager:connection_data:Object reference not set to an instance of an object.
11/23/2024 2:54:04 PM:DBManager:connection_data:Object reference not set to an instance of an object.
11/23/2024 2:54:04 PM:DBManager:connection_data:Object reference not set to an instance of an object.
11/23/2024 2:54:04 PM:DBManager:connection_data:Object reference not set to an instance of an object.
11/23/2024 2:54:04 PM:DBManager:connection_data:Object reference not set to an instance of an object.
11/23/2024 2:54:04 PM:DBManager:connection_data:Object reference not set to an instance of an object.
11/23/2024 2:54:04 PM:DBManager:connection_data:Object reference not set to an instance of an object.
11/23/2024 2:54:04 PM:DBManager:connection_data:Object reference not set to an instance of an object.
11/23/2024 2:54:04 PM:DBManager:connection_data:Object reference not set to an instance of an object.
11/23/2024 2:54:04 PM:DBManager:connection_data:Object reference not set to an instance of an object.
11/23/2024 2:54:04 PM:DBManager:connection_data:Object reference not set to an instance of an object.
11/23/2024 2:54:04 PM:DBManager:connection_data:Object reference not set to an instance of an object.
11/23/2024 2:54:04 PM:DBManager:connection_data:Object reference not set to an instance of an object.
11/23/2024 2:54:04 PM:DBManager:connection_data:Object reference not set to an instance of an object.
11/23/2024 2:54:04 PM:DBManager:connection_data:Object reference not set to an instance of an object.
11/23/2024 2:54:04 PM:DBManager:connection_data:Object reference not set to an instance of an object.
11/23/2024 2:54:04 PM:DBManager:connection_data:Object reference not set to an instance of an object.
11/23/2024 2:54:04 PM:DBManager:connection_data:Object reference not set to an instance of an object.
11/23/2024 2:54:04 PM:DBManager:connection_data:Object reference not set to an instance of an object.
11/23/2024 2:54:04 PM:DBManager:connection_data:Object reference not set to an instance of an object.
11/23/2024 2:54:04 PM:DBManager:connection_data:Object reference not set to an instance of an object.
11/23/2024 2:54:04 PM:DBManager:connection_data:Object reference not set to an instance of an object.
11/23/2024 2:54:04 PM:DBManager:connection_data:Object reference not set to an instance of an object.
11/23/2024 2:54:04 PM:DBManager:connection_data:Object reference not set to an instance of an object.
11/23/2024 2:54:04 PM:DBManager:connection_data:Object reference not set to an instance of an object.
11/23/2024 2:54:04 PM:DBManager:connection_data:Object reference not set to an instance of an object.
11/23/2024 2:54:04 PM:DBManager:connection_data:Object reference not set to an instance of an object.
11/23/2024 2:54:04 PM:DBManager:connection_data:Object reference not set to an instance of an object.
11/23/2024 2:54:04 PM:DBManager:connection_data:Object reference not set to an instance of an object.
11/23/2024 2:54:04 PM:DBManager:connection_data:Object reference not set to an instance of an object.
11/23/2024 2:54:04 PM:DBManager:connection_data:Object reference not set to an instance of an object.
11/23/2024 2:54:04 PM:DBManager:connection_data:Object reference not set to an instance of an object.
11/23/2024 2:54:04 PM:DBManager:connection_data:Object reference not set to an instance of an object.
11/23/2024 2:54:04 PM:DBManager:connection_data:Object reference not set to an instance of an object.
11/23/2024 2:54:04 PM:DBManager:connection_data:Object reference not set to an instance of an object.
11/23/2024 2:54:04 PM:DBManager:connection_data:Object reference not set to an instance of an object.
11/23/2024 2:54:04 PM:DBManager:connection_data:Object reference not set to an instance of an object.
11/23/2024 2:54:04 PM:DBManager:connection_data:Object reference not set to an instance of an object.
11/23/2024 2:54:04 PM:DBManager:connection_data:Object reference not set to an instance of an object.
11/23/2024 2:54:04 PM:DBManager:connection_data:Object reference not set to an instance of an object.
11/23/2024 2:54:04 PM:DBManager:connection_data:Object reference not set to an instance of an object.
11/23/2024 2:54:04 PM:DBManager:connection_data:Object reference not set to an instance of an object.
11/23/2024 2:54:04 PM:DBManager:connection_data:Object reference not set to an instance of an object.
11/23/2024 2:54:04 PM:DBManager:connection_data:Object reference not set to an instance of an object.
11/23/2024 2:54:04 PM:DBManager:connection_data:Object reference not set to an instance of an object.
11/23/2024 2:54:04 PM:DBManager:connection_data:Object reference not set to an instance of an object.
11/23/2024 2:54:04 PM:DBManager:connection_data:Object reference not set to an instance of an object.
11/23/2024 2:54:04 PM:DBManager:connection_data:Object reference not set to an instance of an object.
11/23/2024 2:54:04 PM:DBManager:connection_data:Object reference not set to an instance of an object.
11/23/2024 2:54:04 PM:DBManager:connection_data:Object reference not set to an instance of an object.
11/23/2024 2:54:04 PM:DBManager:connection_data:Object reference not set to an instance of an object.
11/23/2024 2:54:04 PM:DBManager:connection_data:Object reference not set to an instance of an object.
11/23/2024 2:54:04 PM:DBManager:connection_data:Object reference not set to an instance of an object.
11/23/2024 2:54:04 PM:DBManager:connection_data:Object reference not set to an instance of an object.
11/23/2024 2:54:04 PM:DBManager:connection_data:Object reference not set to an instance of an object.
11/23/2024 2:54:04 PM:DBManager:connection_data:Object reference not set to an instance of an object.
11/23/2024 2:54:04 PM:DBManager:connection_data:Object reference not set to an instance of an object.
11/23/2024 2:54:04 PM:DBManager:connection_data:Object reference not set to an instance of an object.
11/23/2024 2:54:04 PM:DBManager:connection_data:Object reference not set to an instance of an object.
11/23/2024 2:54:04 PM:DBManager:connection_data:Object reference not set to an instance of an object.
11/23/2024 2:54:04 PM:DBManager:connection_data:Object reference not set to an instance of an object.
11/23/2024 2:54:04 PM:DBManager:connection_data:Object reference not set to an instance of an object.
11/23/2024 2:54:04 PM:DBManager:connection_data:Object reference not set to an instance of an object.
11/23/2024 2:54:04 PM:DBManager:connection_data:Object reference not set to an instance of an object.
11/23/2024 2:54:04 PM:DBManager:connection_data:Object reference not set to an instance of an object.
11/23/2024 2:54:04 PM:DBManager:connection_data:Object reference not set to an instance of an object.
11/23/2024 2:54:04 PM:DBManager:connection_data:Object reference not set to an instance of an object.
11/23/2024 2:54:04 PM:DBManager:connection_data:Object reference not set to an instance of an object.
11/23/2024 2:54:04 PM:DBManager:connection_data:Object reference not set to an instance of an object.
11/23/2024 2:54:04 PM:DBManager:connection_data:Object reference not set to an instance of an object.
11/23/2024 2:54:04 PM:DBManager:connection_data:Object reference not set to an instance of an object.
11/23/2024 2:54:04 PM:DBManager:connection_data:Object reference not set to an instance of an object.
11/23/2024 2:54:04 PM:DBManager:connection_data:Object reference not set to an instance of an object.
11/23/2024 2:54:04 PM:DBManager:connection_data:Object reference not set to an instance of an object.
11/23/2024 2:54:04 PM:DBManager:connection_data:Object reference not set to an instance of an object.
11/23/2024 2:54:04 PM:DBManager:connection_data:Object reference not set to an instance of an object.
11/23/2024 2:54:04 PM:DBManager:connection_data:Object reference not set to an instance of an object.
11/23/2024 2:54:04 PM:DBManager:connection_data:Object reference not set to an instance of an object.
11/23/2024 2:54:04 PM:DBManager:connection_data:Object reference not set to an instance of an object.
11/23/2024 2:54:04 PM:DBManager:connection_data:Object reference not set to an instance of an object.
11/23/2024 2:54:04 PM:DBManager:connection_data:Object reference not set to an instance of an object.
11/23/2024 2:54:04 PM:DBManager:connection_data:Object reference not set to an instance of an object.
11/23/2024 2:54:04 PM:DBManager:connection_data:Object reference not set to an instance of an object.
11/23/2024 2:54:04 PM:DBManager:connection_data:Object reference not set to an instance of an object.
11/23/2024 2:54:04 PM:DBManager:connection_data:Object reference not set to an instance of an object.
11/23/2024 2:54:04 PM:DBManager:connection_data:Object reference not set to an instance of an object.
11/23/2024 2:54:04 PM:DBManager:connection_data:Object reference not set to an instance of an object.
11/23/2024 2:54:04 PM:DBManager:connection_data:Object reference not set to an instance of an object.
11/23/2024 2:54:04 PM:DBManager:connection_data:Object reference not set to an instance of an object.
11/23/2024 2:54:04 PM:DBManager:connection_data:Object reference not set to an instance of an object.
11/23/2024 2:54:04 PM:DBManager:connection_data:Object reference not set to an instance of an object.
11/23/2024 2:54:04 PM:DBManager:connection_data:Object reference not set to an instance of an object.
11/23/2024 2:54:04 PM:DBManager:connection_data:Object reference not set to an instance of an object.
11/23/2024 2:54:04 PM:DBManager:connection_data:Object reference not set to an instance of an object.
11/23/2024 2:54:04 PM:DBManager:connection_data:Object reference not set to an instance of an object.
11/23/2024 2:54:04 PM:DBManager:connection_data:Object reference not set to an instance of an object.
11/23/2024 2:54:04 PM:DBManager:connection_data:Object reference not set to an instance of an object.
11/23/2024 2:54:04 PM:DBManager:connection_data:Object reference not set to an instance of an object.
11/23/2024 2:54:04 PM:DBManager:connection_data:Object reference not set to an instance of an object.
11/23/2024 2:54:04 PM:DBManager:connection_data:Object reference not set to an instance of an object.
23/11/2024 2:54:05 PM:MasterPage:Page_Init:Thread was being aborted.
11/23/2024 3:20:03 PM:DBManager:connection_data:Object reference not set to an instance of an object.
11/23/2024 3:20:03 PM:DBManager:connection_data:Object reference not set to an instance of an object.
11/23/2024 3:20:03 PM:DBManager:connection_data:Object reference not set to an instance of an object.
11/23/2024 3:20:03 PM:DBManager:connection_data:Object reference not set to an instance of an object.
11/23/2024 3:20:03 PM:DBManager:connection_data:Object reference not set to an instance of an object.
11/23/2024 3:20:03 PM:DBManager:connection_data:Object reference not set to an instance of an object.
11/23/2024 3:20:03 PM:DBManager:connection_data:Object reference not set to an instance of an object.
11/23/2024 3:20:03 PM:DBManager:connection_data:Object reference not set to an instance of an object.
11/23/2024 3:20:03 PM:DBManager:connection_data:Object reference not set to an instance of an object.
11/23/2024 3:20:03 PM:DBManager:connection_data:Object reference not set to an instance of an object.
11/23/2024 3:20:03 PM:DBManager:connection_data:Object reference not set to an instance of an object.
11/23/2024 3:20:03 PM:DBManager:connection_data:Object reference not set to an instance of an object.
11/23/2024 3:20:03 PM:DBManager:connection_data:Object reference not set to an instance of an object.
11/23/2024 3:20:03 PM:DBManager:connection_data:Object reference not set to an instance of an object.
11/23/2024 3:20:03 PM:DBManager:connection_data:Object reference not set to an instance of an object.
11/23/2024 3:20:03 PM:DBManager:connection_data:Object reference not set to an instance of an object.
11/23/2024 3:20:03 PM:DBManager:connection_data:Object reference not set to an instance of an object.
11/23/2024 3:20:03 PM:DBManager:connection_data:Object reference not set to an instance of an object.
11/23/2024 3:20:03 PM:DBManager:connection_data:Object reference not set to an instance of an object.
11/23/2024 3:20:03 PM:DBManager:connection_data:Object reference not set to an instance of an object.
11/23/2024 3:20:03 PM:DBManager:connection_data:Object reference not set to an instance of an object.
11/23/2024 3:20:03 PM:DBManager:connection_data:Object reference not set to an instance of an object.
11/23/2024 3:20:03 PM:DBManager:connection_data:Object reference not set to an instance of an object.
11/23/2024 3:20:03 PM:DBManager:connection_data:Object reference not set to an instance of an object.
11/23/2024 3:20:03 PM:DBManager:connection_data:Object reference not set to an instance of an object.
11/23/2024 3:20:03 PM:DBManager:connection_data:Object reference not set to an instance of an object.
11/23/2024 3:20:03 PM:DBManager:connection_data:Object reference not set to an instance of an object.
11/23/2024 3:20:03 PM:DBManager:connection_data:Object reference not set to an instance of an object.
11/23/2024 3:20:03 PM:DBManager:connection_data:Object reference not set to an instance of an object.
11/23/2024 3:20:03 PM:DBManager:connection_data:Object reference not set to an instance of an object.
11/23/2024 3:20:03 PM:DBManager:connection_data:Object reference not set to an instance of an object.
11/23/2024 3:20:03 PM:DBManager:connection_data:Object reference not set to an instance of an object.
11/23/2024 3:20:03 PM:DBManager:connection_data:Object reference not set to an instance of an object.
11/23/2024 3:20:03 PM:DBManager:connection_data:Object reference not set to an instance of an object.
11/23/2024 3:20:03 PM:DBManager:connection_data:Object reference not set to an instance of an object.
11/23/2024 3:20:03 PM:DBManager:connection_data:Object reference not set to an instance of an object.
11/23/2024 3:20:03 PM:DBManager:connection_data:Object reference not set to an instance of an object.
11/23/2024 3:20:03 PM:DBManager:connection_data:Object reference not set to an instance of an object.
11/23/2024 3:20:03 PM:DBManager:connection_data:Object reference not set to an instance of an object.
11/23/2024 3:20:03 PM:DBManager:connection_data:Object reference not set to an instance of an object.
11/23/2024 3:20:03 PM:DBManager:connection_data:Object reference not set to an instance of an object.
11/23/2024 3:20:03 PM:DBManager:connection_data:Object reference not set to an instance of an object.
11/23/2024 3:20:03 PM:DBManager:connection_data:Object reference not set to an instance of an object.
11/23/2024 3:20:03 PM:DBManager:connection_data:Object reference not set to an instance of an object.
11/23/2024 3:20:03 PM:DBManager:connection_data:Object reference not set to an instance of an object.
11/23/2024 3:20:03 PM:DBManager:connection_data:Object reference not set to an instance of an object.
11/23/2024 3:20:03 PM:DBManager:connection_data:Object reference not set to an instance of an object.
11/23/2024 3:20:03 PM:DBManager:connection_data:Object reference not set to an instance of an object.
11/23/2024 3:20:03 PM:DBManager:connection_data:Object reference not set to an instance of an object.
11/23/2024 3:20:03 PM:DBManager:connection_data:Object reference not set to an instance of an object.
11/23/2024 3:20:03 PM:DBManager:connection_data:Object reference not set to an instance of an object.
11/23/2024 3:20:03 PM:DBManager:connection_data:Object reference not set to an instance of an object.
11/23/2024 3:20:03 PM:DBManager:connection_data:Object reference not set to an instance of an object.
11/23/2024 3:20:03 PM:DBManager:connection_data:Object reference not set to an instance of an object.
11/23/2024 3:20:03 PM:DBManager:connection_data:Object reference not set to an instance of an object.
11/23/2024 3:20:03 PM:DBManager:connection_data:Object reference not set to an instance of an object.
11/23/2024 3:20:03 PM:DBManager:connection_data:Object reference not set to an instance of an object.
11/23/2024 3:20:03 PM:DBManager:connection_data:Object reference not set to an instance of an object.
11/23/2024 3:20:03 PM:DBManager:connection_data:Object reference not set to an instance of an object.
11/23/2024 3:20:03 PM:DBManager:connection_data:Object reference not set to an instance of an object.
11/23/2024 3:20:03 PM:DBManager:connection_data:Object reference not set to an instance of an object.
11/23/2024 3:20:03 PM:DBManager:connection_data:Object reference not set to an instance of an object.
11/23/2024 3:20:03 PM:DBManager:connection_data:Object reference not set to an instance of an object.
11/23/2024 3:20:03 PM:DBManager:connection_data:Object reference not set to an instance of an object.
11/23/2024 3:20:03 PM:DBManager:connection_data:Object reference not set to an instance of an object.
11/23/2024 3:20:03 PM:DBManager:connection_data:Object reference not set to an instance of an object.
11/23/2024 3:20:03 PM:DBManager:connection_data:Object reference not set to an instance of an object.
11/23/2024 3:20:03 PM:DBManager:connection_data:Object reference not set to an instance of an object.
11/23/2024 3:20:03 PM:DBManager:connection_data:Object reference not set to an instance of an object.
11/23/2024 3:20:03 PM:DBManager:connection_data:Object reference not set to an instance of an object.
11/23/2024 3:20:03 PM:DBManager:connection_data:Object reference not set to an instance of an object.
11/23/2024 3:20:03 PM:DBManager:connection_data:Object reference not set to an instance of an object.
11/23/2024 3:20:03 PM:DBManager:connection_data:Object reference not set to an instance of an object.
11/23/2024 3:20:03 PM:DBManager:connection_data:Object reference not set to an instance of an object.
11/23/2024 3:20:03 PM:DBManager:connection_data:Object reference not set to an instance of an object.
11/23/2024 3:20:03 PM:DBManager:connection_data:Object reference not set to an instance of an object.
11/23/2024 3:20:03 PM:DBManager:connection_data:Object reference not set to an instance of an object.
11/23/2024 3:20:03 PM:DBManager:connection_data:Object reference not set to an instance of an object.
11/23/2024 3:20:03 PM:DBManager:connection_data:Object reference not set to an instance of an object.
11/23/2024 3:20:03 PM:DBManager:connection_data:Object reference not set to an instance of an object.
11/23/2024 3:20:03 PM:DBManager:connection_data:Object reference not set to an instance of an object.
11/23/2024 3:20:03 PM:DBManager:connection_data:Object reference not set to an instance of an object.
11/23/2024 3:20:03 PM:DBManager:connection_data:Object reference not set to an instance of an object.
11/23/2024 3:20:03 PM:DBManager:connection_data:Object reference not set to an instance of an object.
11/23/2024 3:20:03 PM:DBManager:connection_data:Object reference not set to an instance of an object.
11/23/2024 3:20:03 PM:DBManager:connection_data:Object reference not set to an instance of an object.
11/23/2024 3:20:03 PM:DBManager:connection_data:Object reference not set to an instance of an object.
11/23/2024 3:20:03 PM:DBManager:connection_data:Object reference not set to an instance of an object.
11/23/2024 3:20:03 PM:DBManager:connection_data:Object reference not set to an instance of an object.
11/23/2024 3:20:03 PM:DBManager:connection_data:Object reference not set to an instance of an object.
11/23/2024 3:20:03 PM:DBManager:connection_data:Object reference not set to an instance of an object.
11/23/2024 3:20:03 PM:DBManager:connection_data:Object reference not set to an instance of an object.
11/23/2024 3:20:03 PM:DBManager:connection_data:Object reference not set to an instance of an object.
11/23/2024 3:20:03 PM:DBManager:connection_data:Object reference not set to an instance of an object.
11/23/2024 3:20:03 PM:DBManager:connection_data:Object reference not set to an instance of an object.
11/23/2024 3:20:03 PM:DBManager:connection_data:Object reference not set to an instance of an object.
11/23/2024 3:20:03 PM:DBManager:connection_data:Object reference not set to an instance of an object.
11/23/2024 3:20:03 PM:DBManager:connection_data:Object reference not set to an instance of an object.
11/23/2024 3:20:03 PM:DBManager:connection_data:Object reference not set to an instance of an object.
11/23/2024 3:20:03 PM:DBManager:connection_data:Object reference not set to an instance of an object.
11/23/2024 3:20:03 PM:DBManager:connection_data:Object reference not set to an instance of an object.
11/23/2024 3:20:03 PM:DBManager:connection_data:Object reference not set to an instance of an object.
11/23/2024 3:20:03 PM:DBManager:connection_data:Object reference not set to an instance of an object.
11/23/2024 3:20:03 PM:DBManager:connection_data:Object reference not set to an instance of an object.
11/23/2024 3:20:03 PM:DBManager:connection_data:Object reference not set to an instance of an object.
11/23/2024 3:20:03 PM:DBManager:connection_data:Object reference not set to an instance of an object.
11/23/2024 3:20:03 PM:DBManager:connection_data:Object reference not set to an instance of an object.
11/23/2024 3:20:03 PM:DBManager:connection_data:Object reference not set to an instance of an object.
11/23/2024 3:20:03 PM:DBManager:connection_data:Object reference not set to an instance of an object.
11/23/2024 3:20:03 PM:DBManager:connection_data:Object reference not set to an instance of an object.
11/23/2024 3:20:03 PM:DBManager:connection_data:Object reference not set to an instance of an object.
11/23/2024 3:20:03 PM:DBManager:connection_data:Object reference not set to an instance of an object.
11/23/2024 3:20:03 PM:DBManager:connection_data:Object reference not set to an instance of an object.
11/23/2024 3:20:03 PM:DBManager:connection_data:Object reference not set to an instance of an object.
11/23/2024 3:20:03 PM:DBManager:connection_data:Object reference not set to an instance of an object.
23/11/2024 3:20:03 PM:MasterPage:Page_Init:Thread was being aborted.
11/23/2024 3:20:04 PM:DBManager:connection_data:Object reference not set to an instance of an object.
11/23/2024 3:20:04 PM:DBManager:connection_data:Object reference not set to an instance of an object.
11/23/2024 3:20:04 PM:DBManager:connection_data:Object reference not set to an instance of an object.
23/11/2024 3:20:04 PM:SignIn:btnLogIn_Click:test
11/23/2024 3:20:14 PM:DBManager:connection_data:Object reference not set to an instance of an object.
11/23/2024 3:20:14 PM:DBManager:connection_data:Object reference not set to an instance of an object.
11/23/2024 3:20:14 PM:DBManager:connection_data:Object reference not set to an instance of an object.
23/11/2024 3:20:14 PM:SignIn:btnLogIn_Click:test
23/11/2024 3:20:15 PM:SignIn:btnLogIn_Click4:
23/11/2024 3:20:15 PM:SignIn:btnLogIn_Click5:
23/11/2024 3:20:15 PM:SignIn:btnLogIn_Click7:
23/11/2024 3:20:16 PM:SignIn:btnLogIn_Click8:
11/23/2024 3:20:17 PM:DBManager:connection_data:Object reference not set to an instance of an object.
11/23/2024 3:20:17 PM:DBManager:connection_data:Object reference not set to an instance of an object.
11/23/2024 3:20:17 PM:DBManager:connection_data:Object reference not set to an instance of an object.
23/11/2024 3:20:17 PM:ClsDataccess:Getdatatable:The ConnectionString property has not been initialized.
11/23/2024 3:20:17 PM:DBManager:connection_data:Object reference not set to an instance of an object.
11/23/2024 3:20:17 PM:DBManager:connection_data:Object reference not set to an instance of an object.
11/23/2024 3:20:17 PM:DBManager:connection_data:Object reference not set to an instance of an object.
11/23/2024 3:20:18 PM:DBManager:connection_data:Object reference not set to an instance of an object.
11/23/2024 3:20:18 PM:DBManager:connection_data:Object reference not set to an instance of an object.
11/23/2024 3:20:18 PM:DBManager:connection_data:Object reference not set to an instance of an object.
23/11/2024 3:20:18 PM:SignIn:btnLogIn_Click:test
23/11/2024 3:20:19 PM:SignIn:btnLogIn_Click4:
23/11/2024 3:20:19 PM:SignIn:btnLogIn_Click5:
23/11/2024 3:20:19 PM:SignIn:btnLogIn_Click7:
23/11/2024 3:20:19 PM:SignIn:btnLogIn_Click8:
23/11/2024 3:20:20 PM:ClsDataccess:Getdatatable:The ConnectionString property has not been initialized.
23/11/2024 3:20:20 PM:SignIn:btnLogIn_Click:test
11/23/2024 3:20:20 PM:DBManager:connection_data:Object reference not set to an instance of an object.
11/23/2024 3:20:20 PM:DBManager:connection_data:Object reference not set to an instance of an object.
11/23/2024 3:20:20 PM:DBManager:connection_data:Object reference not set to an instance of an object.
11/23/2024 3:20:21 PM:DBManager:connection_data:Object reference not set to an instance of an object.
11/23/2024 3:20:21 PM:DBManager:connection_data:Object reference not set to an instance of an object.
11/23/2024 3:20:21 PM:DBManager:connection_data:Object reference not set to an instance of an object.
11/23/2024 3:20:21 PM:DBManager:connection_data:Object reference not set to an instance of an object.
11/23/2024 3:20:21 PM:DBManager:connection_data:Object reference not set to an instance of an object.
11/23/2024 3:20:21 PM:DBManager:connection_data:Object reference not set to an instance of an object.
11/23/2024 3:20:21 PM:DBManager:connection_data:Object reference not set to an instance of an object.
11/23/2024 3:20:21 PM:DBManager:connection_data:Object reference not set to an instance of an object.
11/23/2024 3:20:21 PM:DBManager:connection_data:Object reference not set to an instance of an object.
11/23/2024 3:20:21 PM:DBManager:connection_data:Object reference not set to an instance of an object.
11/23/2024 3:20:21 PM:DBManager:connection_data:Object reference not set to an instance of an object.
11/23/2024 3:20:21 PM:DBManager:connection_data:Object reference not set to an instance of an object.
11/23/2024 3:20:21 PM:DBManager:connection_data:Object reference not set to an instance of an object.
11/23/2024 3:20:21 PM:DBManager:connection_data:Object reference not set to an instance of an object.
11/23/2024 3:20:21 PM:DBManager:connection_data:Object reference not set to an instance of an object.
11/23/2024 3:20:21 PM:DBManager:connection_data:Object reference not set to an instance of an object.
11/23/2024 3:20:21 PM:DBManager:connection_data:Object reference not set to an instance of an object.
11/23/2024 3:20:21 PM:DBManager:connection_data:Object reference not set to an instance of an object.
11/23/2024 3:20:21 PM:DBManager:connection_data:Object reference not set to an instance of an object.
11/23/2024 3:20:21 PM:DBManager:connection_data:Object reference not set to an instance of an object.
11/23/2024 3:20:21 PM:DBManager:connection_data:Object reference not set to an instance of an object.
11/23/2024 3:20:21 PM:DBManager:connection_data:Object reference not set to an instance of an object.
11/23/2024 3:20:21 PM:DBManager:connection_data:Object reference not set to an instance of an object.
11/23/2024 3:20:21 PM:DBManager:connection_data:Object reference not set to an instance of an object.
11/23/2024 3:20:21 PM:DBManager:connection_data:Object reference not set to an instance of an object.
11/23/2024 3:20:21 PM:DBManager:connection_data:Object reference not set to an instance of an object.
11/23/2024 3:20:21 PM:DBManager:connection_data:Object reference not set to an instance of an object.
11/23/2024 3:20:21 PM:DBManager:connection_data:Object reference not set to an instance of an object.
11/23/2024 3:20:21 PM:DBManager:connection_data:Object reference not set to an instance of an object.
11/23/2024 3:20:21 PM:DBManager:connection_data:Object reference not set to an instance of an object.
11/23/2024 3:20:21 PM:DBManager:connection_data:Object reference not set to an instance of an object.
11/23/2024 3:20:21 PM:DBManager:connection_data:Object reference not set to an instance of an object.
11/23/2024 3:20:21 PM:DBManager:connection_data:Object reference not set to an instance of an object.
11/23/2024 3:20:21 PM:DBManager:connection_data:Object reference not set to an instance of an object.
11/23/2024 3:20:21 PM:DBManager:connection_data:Object reference not set to an instance of an object.
11/23/2024 3:20:21 PM:DBManager:connection_data:Object reference not set to an instance of an object.
11/23/2024 3:20:21 PM:DBManager:connection_data:Object reference not set to an instance of an object.
11/23/2024 3:20:21 PM:DBManager:connection_data:Object reference not set to an instance of an object.
11/23/2024 3:20:21 PM:DBManager:connection_data:Object reference not set to an instance of an object.
11/23/2024 3:20:21 PM:DBManager:connection_data:Object reference not set to an instance of an object.
11/23/2024 3:20:21 PM:DBManager:connection_data:Object reference not set to an instance of an object.
11/23/2024 3:20:21 PM:DBManager:connection_data:Object reference not set to an instance of an object.
11/23/2024 3:20:21 PM:DBManager:connection_data:Object reference not set to an instance of an object.
11/23/2024 3:20:21 PM:DBManager:connection_data:Object reference not set to an instance of an object.
11/23/2024 3:20:21 PM:DBManager:connection_data:Object reference not set to an instance of an object.
11/23/2024 3:20:21 PM:DBManager:connection_data:Object reference not set to an instance of an object.
11/23/2024 3:20:21 PM:DBManager:connection_data:Object reference not set to an instance of an object.
11/23/2024 3:20:21 PM:DBManager:connection_data:Object reference not set to an instance of an object.
11/23/2024 3:20:21 PM:DBManager:connection_data:Object reference not set to an instance of an object.
11/23/2024 3:20:21 PM:DBManager:connection_data:Object reference not set to an instance of an object.
11/23/2024 3:20:21 PM:DBManager:connection_data:Object reference not set to an instance of an object.
11/23/2024 3:20:21 PM:DBManager:connection_data:Object reference not set to an instance of an object.
11/23/2024 3:20:21 PM:DBManager:connection_data:Object reference not set to an instance of an object.
11/23/2024 3:20:21 PM:DBManager:connection_data:Object reference not set to an instance of an object.
11/23/2024 3:20:21 PM:DBManager:connection_data:Object reference not set to an instance of an object.
11/23/2024 3:20:21 PM:DBManager:connection_data:Object reference not set to an instance of an object.
11/23/2024 3:20:21 PM:DBManager:connection_data:Object reference not set to an instance of an object.
11/23/2024 3:20:21 PM:DBManager:connection_data:Object reference not set to an instance of an object.
11/23/2024 3:20:21 PM:DBManager:connection_data:Object reference not set to an instance of an object.
11/23/2024 3:20:21 PM:DBManager:connection_data:Object reference not set to an instance of an object.
11/23/2024 3:20:21 PM:DBManager:connection_data:Object reference not set to an instance of an object.
11/23/2024 3:20:21 PM:DBManager:connection_data:Object reference not set to an instance of an object.
11/23/2024 3:20:21 PM:DBManager:connection_data:Object reference not set to an instance of an object.
11/23/2024 3:20:21 PM:DBManager:connection_data:Object reference not set to an instance of an object.
11/23/2024 3:20:21 PM:DBManager:connection_data:Object reference not set to an instance of an object.
11/23/2024 3:20:21 PM:DBManager:connection_data:Object reference not set to an instance of an object.
11/23/2024 3:20:21 PM:DBManager:connection_data:Object reference not set to an instance of an object.
11/23/2024 3:20:21 PM:DBManager:connection_data:Object reference not set to an instance of an object.
11/23/2024 3:20:21 PM:DBManager:connection_data:Object reference not set to an instance of an object.
11/23/2024 3:20:21 PM:DBManager:connection_data:Object reference not set to an instance of an object.
11/23/2024 3:20:21 PM:DBManager:connection_data:Object reference not set to an instance of an object.
11/23/2024 3:20:21 PM:DBManager:connection_data:Object reference not set to an instance of an object.
11/23/2024 3:20:21 PM:DBManager:connection_data:Object reference not set to an instance of an object.
11/23/2024 3:20:21 PM:DBManager:connection_data:Object reference not set to an instance of an object.
11/23/2024 3:20:21 PM:DBManager:connection_data:Object reference not set to an instance of an object.
11/23/2024 3:20:21 PM:DBManager:connection_data:Object reference not set to an instance of an object.
11/23/2024 3:20:21 PM:DBManager:connection_data:Object reference not set to an instance of an object.
11/23/2024 3:20:21 PM:DBManager:connection_data:Object reference not set to an instance of an object.
11/23/2024 3:20:21 PM:DBManager:connection_data:Object reference not set to an instance of an object.
11/23/2024 3:20:21 PM:DBManager:connection_data:Object reference not set to an instance of an object.
23/11/2024 3:20:21 PM:SignIn:btnLogIn_Click4:
23/11/2024 3:20:22 PM:SignIn:btnLogIn_Click5:
23/11/2024 3:20:22 PM:SignIn:btnLogIn_Click7:
23/11/2024 3:20:22 PM:SignIn:btnLogIn_Click8:
23/11/2024 3:20:22 PM:ClsDataccess:Getdatatable:The ConnectionString property has not been initialized.
23/11/2024 3:20:22 PM:SignIn:btnLogIn_Click:test
23/11/2024 3:20:23 PM:SignIn:btnLogIn_Click4:
23/11/2024 3:20:23 PM:SignIn:btnLogIn_Click5:
23/11/2024 3:20:23 PM:SignIn:btnLogIn_Click7:
23/11/2024 3:20:24 PM:SignIn:btnLogIn_Click8:
23/11/2024 3:20:24 PM:ClsDataccess:Getdatatable:The ConnectionString property has not been initialized.
23/11/2024 3:20:24 PM:SignIn:btnLogIn_Click:test
23/11/2024 3:20:52 PM:SignIn:btnLogIn_Click:A network-related or instance-specific error occurred while establishing a connection to SQL Server. The server was not found or was not accessible. Verify that the instance name is correct and that SQL Server is configured to allow remote connections. (provider: Named Pipes Provider, error: 40 - Could not open a connection to SQL Server)
23/11/2024 3:20:55 PM:SignIn:btnLogIn_Click:test
23/11/2024 3:20:55 PM:SignIn:btnLogIn_Click:A network-related or instance-specific error occurred while establishing a connection to SQL Server. The server was not found or was not accessible. Verify that the instance name is correct and that SQL Server is configured to allow remote connections. (provider: Named Pipes Provider, error: 40 - Could not open a connection to SQL Server)
11/23/2024 3:20:56 PM:DBManager:connection_data:Object reference not set to an instance of an object.
11/23/2024 3:20:56 PM:DBManager:connection_data:Object reference not set to an instance of an object.
11/23/2024 3:20:56 PM:DBManager:connection_data:Object reference not set to an instance of an object.
11/23/2024 3:20:56 PM:DBManager:connection_data:Object reference not set to an instance of an object.
11/23/2024 3:20:56 PM:DBManager:connection_data:Object reference not set to an instance of an object.
11/23/2024 3:20:56 PM:DBManager:connection_data:Object reference not set to an instance of an object.
11/23/2024 3:20:56 PM:DBManager:connection_data:Object reference not set to an instance of an object.
11/23/2024 3:20:56 PM:DBManager:connection_data:Object reference not set to an instance of an object.
11/23/2024 3:20:56 PM:DBManager:connection_data:Object reference not set to an instance of an object.
11/23/2024 3:20:56 PM:DBManager:connection_data:Object reference not set to an instance of an object.
11/23/2024 3:20:56 PM:DBManager:connection_data:Object reference not set to an instance of an object.
11/23/2024 3:20:56 PM:DBManager:connection_data:Object reference not set to an instance of an object.
11/23/2024 3:20:56 PM:DBManager:connection_data:Object reference not set to an instance of an object.
11/23/2024 3:20:56 PM:DBManager:connection_data:Object reference not set to an instance of an object.
11/23/2024 3:20:56 PM:DBManager:connection_data:Object reference not set to an instance of an object.
11/23/2024 3:20:56 PM:DBManager:connection_data:Object reference not set to an instance of an object.
11/23/2024 3:20:56 PM:DBManager:connection_data:Object reference not set to an instance of an object.
11/23/2024 3:20:56 PM:DBManager:connection_data:Object reference not set to an instance of an object.
11/23/2024 3:20:56 PM:DBManager:connection_data:Object reference not set to an instance of an object.
11/23/2024 3:20:56 PM:DBManager:connection_data:Object reference not set to an instance of an object.
11/23/2024 3:20:56 PM:DBManager:connection_data:Object reference not set to an instance of an object.
11/23/2024 3:20:56 PM:DBManager:connection_data:Object reference not set to an instance of an object.
11/23/2024 3:20:56 PM:DBManager:connection_data:Object reference not set to an instance of an object.
11/23/2024 3:20:56 PM:DBManager:connection_data:Object reference not set to an instance of an object.
11/23/2024 3:20:56 PM:DBManager:connection_data:Object reference not set to an instance of an object.
11/23/2024 3:20:56 PM:DBManager:connection_data:Object reference not set to an instance of an object.
11/23/2024 3:20:56 PM:DBManager:connection_data:Object reference not set to an instance of an object.
11/23/2024 3:20:56 PM:DBManager:connection_data:Object reference not set to an instance of an object.
11/23/2024 3:20:56 PM:DBManager:connection_data:Object reference not set to an instance of an object.
11/23/2024 3:20:56 PM:DBManager:connection_data:Object reference not set to an instance of an object.
11/23/2024 3:20:56 PM:DBManager:connection_data:Object reference not set to an instance of an object.
11/23/2024 3:20:56 PM:DBManager:connection_data:Object reference not set to an instance of an object.
11/23/2024 3:20:56 PM:DBManager:connection_data:Object reference not set to an instance of an object.
11/23/2024 3:20:56 PM:DBManager:connection_data:Object reference not set to an instance of an object.
11/23/2024 3:20:56 PM:DBManager:connection_data:Object reference not set to an instance of an object.
11/23/2024 3:20:56 PM:DBManager:connection_data:Object reference not set to an instance of an object.
11/23/2024 3:20:56 PM:DBManager:connection_data:Object reference not set to an instance of an object.
11/23/2024 3:20:56 PM:DBManager:connection_data:Object reference not set to an instance of an object.
11/23/2024 3:20:56 PM:DBManager:connection_data:Object reference not set to an instance of an object.
11/23/2024 3:20:56 PM:DBManager:connection_data:Object reference not set to an instance of an object.
11/23/2024 3:20:56 PM:DBManager:connection_data:Object reference not set to an instance of an object.
11/23/2024 3:20:56 PM:DBManager:connection_data:Object reference not set to an instance of an object.
11/23/2024 3:20:56 PM:DBManager:connection_data:Object reference not set to an instance of an object.
11/23/2024 3:20:56 PM:DBManager:connection_data:Object reference not set to an instance of an object.
11/23/2024 3:20:56 PM:DBManager:connection_data:Object reference not set to an instance of an object.
11/23/2024 3:20:56 PM:DBManager:connection_data:Object reference not set to an instance of an object.
11/23/2024 3:20:56 PM:DBManager:connection_data:Object reference not set to an instance of an object.
11/23/2024 3:20:56 PM:DBManager:connection_data:Object reference not set to an instance of an object.
11/23/2024 3:20:56 PM:DBManager:connection_data:Object reference not set to an instance of an object.
11/23/2024 3:20:56 PM:DBManager:connection_data:Object reference not set to an instance of an object.
11/23/2024 3:20:56 PM:DBManager:connection_data:Object reference not set to an instance of an object.
11/23/2024 3:20:56 PM:DBManager:connection_data:Object reference not set to an instance of an object.
11/23/2024 3:20:56 PM:DBManager:connection_data:Object reference not set to an instance of an object.
11/23/2024 3:20:56 PM:DBManager:connection_data:Object reference not set to an instance of an object.
11/23/2024 3:20:56 PM:DBManager:connection_data:Object reference not set to an instance of an object.
11/23/2024 3:20:56 PM:DBManager:connection_data:Object reference not set to an instance of an object.
11/23/2024 3:20:56 PM:DBManager:connection_data:Object reference not set to an instance of an object.
11/23/2024 3:20:56 PM:DBManager:connection_data:Object reference not set to an instance of an object.
11/23/2024 3:20:56 PM:DBManager:connection_data:Object reference not set to an instance of an object.
11/23/2024 3:20:56 PM:DBManager:connection_data:Object reference not set to an instance of an object.
11/23/2024 3:20:56 PM:DBManager:connection_data:Object reference not set to an instance of an object.
11/23/2024 3:20:56 PM:DBManager:connection_data:Object reference not set to an instance of an object.
11/23/2024 3:20:56 PM:DBManager:connection_data:Object reference not set to an instance of an object.
11/23/2024 3:20:56 PM:DBManager:connection_data:Object reference not set to an instance of an object.
11/23/2024 3:20:56 PM:DBManager:connection_data:Object reference not set to an instance of an object.
11/23/2024 3:20:56 PM:DBManager:connection_data:Object reference not set to an instance of an object.
11/23/2024 3:20:56 PM:DBManager:connection_data:Object reference not set to an instance of an object.
11/23/2024 3:20:56 PM:DBManager:connection_data:Object reference not set to an instance of an object.
11/23/2024 3:20:56 PM:DBManager:connection_data:Object reference not set to an instance of an object.
11/23/2024 3:20:56 PM:DBManager:connection_data:Object reference not set to an instance of an object.
11/23/2024 3:20:56 PM:DBManager:connection_data:Object reference not set to an instance of an object.
11/23/2024 3:20:56 PM:DBManager:connection_data:Object reference not set to an instance of an object.
11/23/2024 3:20:56 PM:DBManager:connection_data:Object reference not set to an instance of an object.
11/23/2024 3:20:56 PM:DBManager:connection_data:Object reference not set to an instance of an object.
11/23/2024 3:20:56 PM:DBManager:connection_data:Object reference not set to an instance of an object.
11/23/2024 3:20:56 PM:DBManager:connection_data:Object reference not set to an instance of an object.
11/23/2024 3:20:56 PM:DBManager:connection_data:Object reference not set to an instance of an object.
11/23/2024 3:22:47 PM:DBManager:connection_data:Object reference not set to an instance of an object.
11/23/2024 3:22:47 PM:DBManager:connection_data:Object reference not set to an instance of an object.
11/23/2024 3:22:47 PM:DBManager:connection_data:Object reference not set to an instance of an object.
23/11/2024 3:22:47 PM:SignIn:btnLogIn_Click:test
11/23/2024 4:39:52 PM:DBManager:connection_data:Object reference not set to an instance of an object.
11/23/2024 4:39:52 PM:DBManager:connection_data:Object reference not set to an instance of an object.
23/11/2024 4:39:52 PM:Send_mail_APK:Send_mail_function:Login failed for user 'sa'.
