8/20/2024 5:51:17 PM:DBManager:connection_data:Object reference not set to an instance of an object.
8/20/2024 5:51:17 PM:DBManager:connection_data:Object reference not set to an instance of an object.
8/20/2024 5:51:17 PM:DBManager:connection_data:Object reference not set to an instance of an object.
20/08/2024 5:51:17 PM:SignIn:btnLogIn_Click:test
8/20/2024 5:56:17 PM:DBManager:connection_data:Object reference not set to an instance of an object.
8/20/2024 5:56:17 PM:DBManager:connection_data:Object reference not set to an instance of an object.
8/20/2024 5:56:17 PM:DBManager:connection_data:Object reference not set to an instance of an object.
20/08/2024 5:56:17 PM:SignIn:btnLogIn_Click:test
20/08/2024 5:56:17 PM:SignIn:btnLogIn_Click4:
20/08/2024 5:56:17 PM:SignIn:btnLogIn_Click5:
20/08/2024 5:56:17 PM:SignIn:btnLogIn_Click7:
20/08/2024 5:56:17 PM:SignIn:btnLogIn_Click8:
20/08/2024 5:56:17 PM:ClsDataccess:Getdatatable:The ConnectionString property has not been initialized.
8/20/2024 5:56:17 PM:DBManager:connection_data:Object reference not set to an instance of an object.
8/20/2024 5:56:17 PM:DBManager:connection_data:Object reference not set to an instance of an object.
8/20/2024 5:56:17 PM:DBManager:connection_data:Object reference not set to an instance of an object.
8/20/2024 5:56:17 PM:DBManager:connection_data:Object reference not set to an instance of an object.
8/20/2024 5:56:17 PM:DBManager:connection_data:Object reference not set to an instance of an object.
8/20/2024 5:56:17 PM:DBManager:connection_data:Object reference not set to an instance of an object.
8/20/2024 5:56:17 PM:DBManager:connection_data:Object reference not set to an instance of an object.
8/20/2024 5:56:17 PM:DBManager:connection_data:Object reference not set to an instance of an object.
8/20/2024 5:56:17 PM:DBManager:connection_data:Object reference not set to an instance of an object.
8/20/2024 5:56:17 PM:DBManager:connection_data:Object reference not set to an instance of an object.
8/20/2024 5:56:17 PM:DBManager:connection_data:Object reference not set to an instance of an object.
8/20/2024 5:56:17 PM:DBManager:connection_data:Object reference not set to an instance of an object.
8/20/2024 5:56:17 PM:DBManager:connection_data:Object reference not set to an instance of an object.
8/20/2024 5:56:17 PM:DBManager:connection_data:Object reference not set to an instance of an object.
8/20/2024 5:56:17 PM:DBManager:connection_data:Object reference not set to an instance of an object.
8/20/2024 5:56:17 PM:DBManager:connection_data:Object reference not set to an instance of an object.
8/20/2024 5:56:17 PM:DBManager:connection_data:Object reference not set to an instance of an object.
8/20/2024 5:56:17 PM:DBManager:connection_data:Object reference not set to an instance of an object.
8/20/2024 5:56:17 PM:DBManager:connection_data:Object reference not set to an instance of an object.
8/20/2024 5:56:17 PM:DBManager:connection_data:Object reference not set to an instance of an object.
8/20/2024 5:56:17 PM:DBManager:connection_data:Object reference not set to an instance of an object.
8/20/2024 5:56:17 PM:DBManager:connection_data:Object reference not set to an instance of an object.
8/20/2024 5:56:17 PM:DBManager:connection_data:Object reference not set to an instance of an object.
8/20/2024 5:56:17 PM:DBManager:connection_data:Object reference not set to an instance of an object.
8/20/2024 5:56:17 PM:DBManager:connection_data:Object reference not set to an instance of an object.
8/20/2024 5:56:17 PM:DBManager:connection_data:Object reference not set to an instance of an object.
8/20/2024 5:56:17 PM:DBManager:connection_data:Object reference not set to an instance of an object.
8/20/2024 5:56:17 PM:DBManager:connection_data:Object reference not set to an instance of an object.
8/20/2024 5:56:17 PM:DBManager:connection_data:Object reference not set to an instance of an object.
8/20/2024 5:56:17 PM:DBManager:connection_data:Object reference not set to an instance of an object.
8/20/2024 5:56:17 PM:DBManager:connection_data:Object reference not set to an instance of an object.
8/20/2024 5:56:17 PM:DBManager:connection_data:Object reference not set to an instance of an object.
8/20/2024 5:56:17 PM:DBManager:connection_data:Object reference not set to an instance of an object.
8/20/2024 5:56:17 PM:DBManager:connection_data:Object reference not set to an instance of an object.
8/20/2024 5:56:17 PM:DBManager:connection_data:Object reference not set to an instance of an object.
8/20/2024 5:56:17 PM:DBManager:connection_data:Object reference not set to an instance of an object.
8/20/2024 5:56:17 PM:DBManager:connection_data:Object reference not set to an instance of an object.
8/20/2024 5:56:17 PM:DBManager:connection_data:Object reference not set to an instance of an object.
8/20/2024 5:56:17 PM:DBManager:connection_data:Object reference not set to an instance of an object.
8/20/2024 5:56:17 PM:DBManager:connection_data:Object reference not set to an instance of an object.
8/20/2024 5:56:17 PM:DBManager:connection_data:Object reference not set to an instance of an object.
8/20/2024 5:56:17 PM:DBManager:connection_data:Object reference not set to an instance of an object.
8/20/2024 5:56:17 PM:DBManager:connection_data:Object reference not set to an instance of an object.
8/20/2024 5:56:17 PM:DBManager:connection_data:Object reference not set to an instance of an object.
8/20/2024 5:56:17 PM:DBManager:connection_data:Object reference not set to an instance of an object.
8/20/2024 5:56:17 PM:DBManager:connection_data:Object reference not set to an instance of an object.
8/20/2024 5:56:17 PM:DBManager:connection_data:Object reference not set to an instance of an object.
8/20/2024 5:56:17 PM:DBManager:connection_data:Object reference not set to an instance of an object.
8/20/2024 5:56:17 PM:DBManager:connection_data:Object reference not set to an instance of an object.
8/20/2024 5:56:17 PM:DBManager:connection_data:Object reference not set to an instance of an object.
8/20/2024 5:56:17 PM:DBManager:connection_data:Object reference not set to an instance of an object.
8/20/2024 5:56:17 PM:DBManager:connection_data:Object reference not set to an instance of an object.
8/20/2024 5:56:17 PM:DBManager:connection_data:Object reference not set to an instance of an object.
8/20/2024 5:56:17 PM:DBManager:connection_data:Object reference not set to an instance of an object.
8/20/2024 5:56:17 PM:DBManager:connection_data:Object reference not set to an instance of an object.
8/20/2024 5:56:17 PM:DBManager:connection_data:Object reference not set to an instance of an object.
8/20/2024 5:56:17 PM:DBManager:connection_data:Object reference not set to an instance of an object.
8/20/2024 5:56:17 PM:DBManager:connection_data:Object reference not set to an instance of an object.
8/20/2024 5:56:17 PM:DBManager:connection_data:Object reference not set to an instance of an object.
8/20/2024 5:56:17 PM:DBManager:connection_data:Object reference not set to an instance of an object.
8/20/2024 5:56:17 PM:DBManager:connection_data:Object reference not set to an instance of an object.
8/20/2024 5:56:17 PM:DBManager:connection_data:Object reference not set to an instance of an object.
8/20/2024 5:56:17 PM:DBManager:connection_data:Object reference not set to an instance of an object.
8/20/2024 5:56:17 PM:DBManager:connection_data:Object reference not set to an instance of an object.
8/20/2024 5:56:17 PM:DBManager:connection_data:Object reference not set to an instance of an object.
8/20/2024 5:56:17 PM:DBManager:connection_data:Object reference not set to an instance of an object.
8/20/2024 5:56:17 PM:DBManager:connection_data:Object reference not set to an instance of an object.
8/20/2024 5:56:17 PM:DBManager:connection_data:Object reference not set to an instance of an object.
8/20/2024 5:56:17 PM:DBManager:connection_data:Object reference not set to an instance of an object.
8/20/2024 5:56:18 PM:DBManager:connection_data:Object reference not set to an instance of an object.
8/20/2024 5:56:18 PM:DBManager:connection_data:Object reference not set to an instance of an object.
8/20/2024 5:56:18 PM:DBManager:connection_data:Object reference not set to an instance of an object.
8/20/2024 5:56:18 PM:DBManager:connection_data:Object reference not set to an instance of an object.
8/20/2024 5:56:18 PM:DBManager:connection_data:Object reference not set to an instance of an object.
8/20/2024 5:56:18 PM:DBManager:connection_data:Object reference not set to an instance of an object.
8/20/2024 5:56:18 PM:DBManager:connection_data:Object reference not set to an instance of an object.
8/20/2024 5:56:18 PM:DBManager:connection_data:Object reference not set to an instance of an object.
8/20/2024 5:56:18 PM:DBManager:connection_data:Object reference not set to an instance of an object.
8/20/2024 5:56:18 PM:DBManager:connection_data:Object reference not set to an instance of an object.
8/20/2024 5:56:18 PM:DBManager:connection_data:Object reference not set to an instance of an object.
8/20/2024 5:56:18 PM:DBManager:connection_data:Object reference not set to an instance of an object.
8/20/2024 5:56:18 PM:DBManager:connection_data:Object reference not set to an instance of an object.
8/20/2024 5:56:18 PM:DBManager:connection_data:Object reference not set to an instance of an object.
8/20/2024 5:56:18 PM:DBManager:connection_data:Object reference not set to an instance of an object.
8/20/2024 5:56:18 PM:DBManager:connection_data:Object reference not set to an instance of an object.
8/20/2024 5:56:18 PM:DBManager:connection_data:Object reference not set to an instance of an object.
8/20/2024 5:56:18 PM:DBManager:connection_data:Object reference not set to an instance of an object.
8/20/2024 5:56:18 PM:DBManager:connection_data:Object reference not set to an instance of an object.
8/20/2024 5:56:18 PM:DBManager:connection_data:Object reference not set to an instance of an object.
8/20/2024 5:56:18 PM:DBManager:connection_data:Object reference not set to an instance of an object.
8/20/2024 5:56:18 PM:DBManager:connection_data:Object reference not set to an instance of an object.
8/20/2024 5:56:18 PM:DBManager:connection_data:Object reference not set to an instance of an object.
8/20/2024 5:56:18 PM:DBManager:connection_data:Object reference not set to an instance of an object.
8/20/2024 5:56:18 PM:DBManager:connection_data:Object reference not set to an instance of an object.
8/20/2024 5:56:18 PM:DBManager:connection_data:Object reference not set to an instance of an object.
8/20/2024 5:56:18 PM:DBManager:connection_data:Object reference not set to an instance of an object.
8/20/2024 5:56:18 PM:DBManager:connection_data:Object reference not set to an instance of an object.
8/20/2024 5:56:18 PM:DBManager:connection_data:Object reference not set to an instance of an object.
8/20/2024 5:56:18 PM:DBManager:connection_data:Object reference not set to an instance of an object.
8/20/2024 5:56:18 PM:DBManager:connection_data:Object reference not set to an instance of an object.
8/20/2024 5:56:18 PM:DBManager:connection_data:Object reference not set to an instance of an object.
8/20/2024 5:56:18 PM:DBManager:connection_data:Object reference not set to an instance of an object.
8/20/2024 5:56:18 PM:DBManager:connection_data:Object reference not set to an instance of an object.
8/20/2024 5:56:18 PM:DBManager:connection_data:Object reference not set to an instance of an object.
8/20/2024 5:56:18 PM:DBManager:connection_data:Object reference not set to an instance of an object.
8/20/2024 5:56:18 PM:DBManager:connection_data:Object reference not set to an instance of an object.
8/20/2024 5:56:18 PM:DBManager:connection_data:Object reference not set to an instance of an object.
8/20/2024 5:56:18 PM:DBManager:connection_data:Object reference not set to an instance of an object.
8/20/2024 5:56:18 PM:DBManager:connection_data:Object reference not set to an instance of an object.
8/20/2024 5:56:18 PM:DBManager:connection_data:Object reference not set to an instance of an object.
8/20/2024 5:56:18 PM:DBManager:connection_data:Object reference not set to an instance of an object.
8/20/2024 5:56:18 PM:DBManager:connection_data:Object reference not set to an instance of an object.
8/20/2024 5:56:18 PM:DBManager:connection_data:Object reference not set to an instance of an object.
8/20/2024 5:56:18 PM:DBManager:connection_data:Object reference not set to an instance of an object.
8/20/2024 5:56:18 PM:DBManager:connection_data:Object reference not set to an instance of an object.
8/20/2024 5:56:18 PM:DBManager:connection_data:Object reference not set to an instance of an object.
8/20/2024 5:56:18 PM:DBManager:connection_data:Object reference not set to an instance of an object.
8/20/2024 5:56:18 PM:DBManager:connection_data:Object reference not set to an instance of an object.
8/20/2024 5:56:18 PM:DBManager:connection_data:Object reference not set to an instance of an object.
8/20/2024 5:56:18 PM:DBManager:connection_data:Object reference not set to an instance of an object.
8/20/2024 5:56:18 PM:DBManager:connection_data:Object reference not set to an instance of an object.
8/20/2024 5:56:18 PM:DBManager:connection_data:Object reference not set to an instance of an object.
8/20/2024 5:56:18 PM:DBManager:connection_data:Object reference not set to an instance of an object.
8/20/2024 5:56:18 PM:DBManager:connection_data:Object reference not set to an instance of an object.
8/20/2024 5:56:18 PM:DBManager:connection_data:Object reference not set to an instance of an object.
8/20/2024 5:56:18 PM:DBManager:connection_data:Object reference not set to an instance of an object.
8/20/2024 5:56:18 PM:DBManager:connection_data:Object reference not set to an instance of an object.
8/20/2024 5:56:18 PM:DBManager:connection_data:Object reference not set to an instance of an object.
8/20/2024 5:56:18 PM:DBManager:connection_data:Object reference not set to an instance of an object.
8/20/2024 5:56:18 PM:DBManager:connection_data:Object reference not set to an instance of an object.
8/20/2024 5:56:18 PM:DBManager:connection_data:Object reference not set to an instance of an object.
8/20/2024 5:56:18 PM:DBManager:connection_data:Object reference not set to an instance of an object.
8/20/2024 5:56:18 PM:DBManager:connection_data:Object reference not set to an instance of an object.
8/20/2024 5:56:18 PM:DBManager:connection_data:Object reference not set to an instance of an object.
8/20/2024 5:56:18 PM:DBManager:connection_data:Object reference not set to an instance of an object.
8/20/2024 5:56:18 PM:DBManager:connection_data:Object reference not set to an instance of an object.
8/20/2024 5:56:18 PM:DBManager:connection_data:Object reference not set to an instance of an object.
8/20/2024 5:56:18 PM:DBManager:connection_data:Object reference not set to an instance of an object.
8/20/2024 5:56:18 PM:DBManager:connection_data:Object reference not set to an instance of an object.
8/20/2024 5:56:18 PM:DBManager:connection_data:Object reference not set to an instance of an object.
8/20/2024 5:56:18 PM:DBManager:connection_data:Object reference not set to an instance of an object.
8/20/2024 5:56:18 PM:DBManager:connection_data:Object reference not set to an instance of an object.
8/20/2024 5:56:18 PM:DBManager:connection_data:Object reference not set to an instance of an object.
8/20/2024 5:56:18 PM:DBManager:connection_data:Object reference not set to an instance of an object.
8/20/2024 5:56:18 PM:DBManager:connection_data:Object reference not set to an instance of an object.
8/20/2024 5:56:18 PM:DBManager:connection_data:Object reference not set to an instance of an object.
8/20/2024 5:56:18 PM:DBManager:connection_data:Object reference not set to an instance of an object.
8/20/2024 5:56:18 PM:DBManager:connection_data:Object reference not set to an instance of an object.
8/20/2024 5:56:18 PM:DBManager:connection_data:Object reference not set to an instance of an object.
8/20/2024 5:56:18 PM:DBManager:connection_data:Object reference not set to an instance of an object.
8/20/2024 5:56:18 PM:DBManager:connection_data:Object reference not set to an instance of an object.
8/20/2024 5:56:18 PM:DBManager:connection_data:Object reference not set to an instance of an object.
8/20/2024 5:56:18 PM:DBManager:connection_data:Object reference not set to an instance of an object.
8/20/2024 5:56:18 PM:DBManager:connection_data:Object reference not set to an instance of an object.
8/20/2024 6:01:34 PM:DBManager:connection_data:Object reference not set to an instance of an object.
8/20/2024 6:01:34 PM:DBManager:connection_data:Object reference not set to an instance of an object.
8/20/2024 6:01:34 PM:DBManager:connection_data:Object reference not set to an instance of an object.
8/20/2024 6:01:34 PM:DBManager:connection_data:Object reference not set to an instance of an object.
8/20/2024 6:01:34 PM:DBManager:connection_data:Object reference not set to an instance of an object.
8/20/2024 6:01:34 PM:DBManager:connection_data:Object reference not set to an instance of an object.
8/20/2024 6:01:34 PM:DBManager:connection_data:Object reference not set to an instance of an object.
8/20/2024 6:01:34 PM:DBManager:connection_data:Object reference not set to an instance of an object.
8/20/2024 6:01:34 PM:DBManager:connection_data:Object reference not set to an instance of an object.
8/20/2024 6:01:34 PM:DBManager:connection_data:Object reference not set to an instance of an object.
8/20/2024 6:01:34 PM:DBManager:connection_data:Object reference not set to an instance of an object.
8/20/2024 6:01:34 PM:DBManager:connection_data:Object reference not set to an instance of an object.
8/20/2024 6:01:34 PM:DBManager:connection_data:Object reference not set to an instance of an object.
8/20/2024 6:01:34 PM:DBManager:connection_data:Object reference not set to an instance of an object.
8/20/2024 6:01:34 PM:DBManager:connection_data:Object reference not set to an instance of an object.
8/20/2024 6:01:34 PM:DBManager:connection_data:Object reference not set to an instance of an object.
8/20/2024 6:01:34 PM:DBManager:connection_data:Object reference not set to an instance of an object.
8/20/2024 6:01:34 PM:DBManager:connection_data:Object reference not set to an instance of an object.
8/20/2024 6:01:34 PM:DBManager:connection_data:Object reference not set to an instance of an object.
8/20/2024 6:01:34 PM:DBManager:connection_data:Object reference not set to an instance of an object.
8/20/2024 6:01:34 PM:DBManager:connection_data:Object reference not set to an instance of an object.
8/20/2024 6:01:34 PM:DBManager:connection_data:Object reference not set to an instance of an object.
8/20/2024 6:01:34 PM:DBManager:connection_data:Object reference not set to an instance of an object.
8/20/2024 6:01:34 PM:DBManager:connection_data:Object reference not set to an instance of an object.
8/20/2024 6:01:34 PM:DBManager:connection_data:Object reference not set to an instance of an object.
8/20/2024 6:01:34 PM:DBManager:connection_data:Object reference not set to an instance of an object.
8/20/2024 6:01:34 PM:DBManager:connection_data:Object reference not set to an instance of an object.
8/20/2024 6:01:34 PM:DBManager:connection_data:Object reference not set to an instance of an object.
8/20/2024 6:01:34 PM:DBManager:connection_data:Object reference not set to an instance of an object.
8/20/2024 6:01:34 PM:DBManager:connection_data:Object reference not set to an instance of an object.
8/20/2024 6:01:34 PM:DBManager:connection_data:Object reference not set to an instance of an object.
8/20/2024 6:01:34 PM:DBManager:connection_data:Object reference not set to an instance of an object.
8/20/2024 6:01:34 PM:DBManager:connection_data:Object reference not set to an instance of an object.
8/20/2024 6:01:34 PM:DBManager:connection_data:Object reference not set to an instance of an object.
8/20/2024 6:01:34 PM:DBManager:connection_data:Object reference not set to an instance of an object.
8/20/2024 6:01:34 PM:DBManager:connection_data:Object reference not set to an instance of an object.
8/20/2024 6:01:34 PM:DBManager:connection_data:Object reference not set to an instance of an object.
8/20/2024 6:01:34 PM:DBManager:connection_data:Object reference not set to an instance of an object.
8/20/2024 6:01:34 PM:DBManager:connection_data:Object reference not set to an instance of an object.
8/20/2024 6:01:34 PM:DBManager:connection_data:Object reference not set to an instance of an object.
8/20/2024 6:01:34 PM:DBManager:connection_data:Object reference not set to an instance of an object.
8/20/2024 6:01:34 PM:DBManager:connection_data:Object reference not set to an instance of an object.
8/20/2024 6:01:34 PM:DBManager:connection_data:Object reference not set to an instance of an object.
8/20/2024 6:01:34 PM:DBManager:connection_data:Object reference not set to an instance of an object.
8/20/2024 6:01:34 PM:DBManager:connection_data:Object reference not set to an instance of an object.
8/20/2024 6:01:34 PM:DBManager:connection_data:Object reference not set to an instance of an object.
8/20/2024 6:01:34 PM:DBManager:connection_data:Object reference not set to an instance of an object.
8/20/2024 6:01:34 PM:DBManager:connection_data:Object reference not set to an instance of an object.
8/20/2024 6:01:34 PM:DBManager:connection_data:Object reference not set to an instance of an object.
8/20/2024 6:01:34 PM:DBManager:connection_data:Object reference not set to an instance of an object.
8/20/2024 6:01:34 PM:DBManager:connection_data:Object reference not set to an instance of an object.
8/20/2024 6:01:34 PM:DBManager:connection_data:Object reference not set to an instance of an object.
8/20/2024 6:01:34 PM:DBManager:connection_data:Object reference not set to an instance of an object.
8/20/2024 6:01:34 PM:DBManager:connection_data:Object reference not set to an instance of an object.
8/20/2024 6:01:34 PM:DBManager:connection_data:Object reference not set to an instance of an object.
8/20/2024 6:01:34 PM:DBManager:connection_data:Object reference not set to an instance of an object.
8/20/2024 6:01:34 PM:DBManager:connection_data:Object reference not set to an instance of an object.
8/20/2024 6:01:34 PM:DBManager:connection_data:Object reference not set to an instance of an object.
8/20/2024 6:01:34 PM:DBManager:connection_data:Object reference not set to an instance of an object.
8/20/2024 6:01:34 PM:DBManager:connection_data:Object reference not set to an instance of an object.
8/20/2024 6:01:34 PM:DBManager:connection_data:Object reference not set to an instance of an object.
8/20/2024 6:01:34 PM:DBManager:connection_data:Object reference not set to an instance of an object.
8/20/2024 6:01:34 PM:DBManager:connection_data:Object reference not set to an instance of an object.
8/20/2024 6:01:34 PM:DBManager:connection_data:Object reference not set to an instance of an object.
8/20/2024 6:01:34 PM:DBManager:connection_data:Object reference not set to an instance of an object.
8/20/2024 6:01:34 PM:DBManager:connection_data:Object reference not set to an instance of an object.
8/20/2024 6:01:34 PM:DBManager:connection_data:Object reference not set to an instance of an object.
8/20/2024 6:01:34 PM:DBManager:connection_data:Object reference not set to an instance of an object.
8/20/2024 6:01:34 PM:DBManager:connection_data:Object reference not set to an instance of an object.
8/20/2024 6:01:34 PM:DBManager:connection_data:Object reference not set to an instance of an object.
8/20/2024 6:01:34 PM:DBManager:connection_data:Object reference not set to an instance of an object.
8/20/2024 6:01:34 PM:DBManager:connection_data:Object reference not set to an instance of an object.
8/20/2024 6:01:34 PM:DBManager:connection_data:Object reference not set to an instance of an object.
8/20/2024 6:01:34 PM:DBManager:connection_data:Object reference not set to an instance of an object.
8/20/2024 6:01:34 PM:DBManager:connection_data:Object reference not set to an instance of an object.
8/20/2024 6:01:34 PM:DBManager:connection_data:Object reference not set to an instance of an object.
8/20/2024 6:01:34 PM:DBManager:connection_data:Object reference not set to an instance of an object.
8/20/2024 6:01:34 PM:DBManager:connection_data:Object reference not set to an instance of an object.
8/20/2024 6:01:34 PM:DBManager:connection_data:Object reference not set to an instance of an object.
8/20/2024 6:01:34 PM:DBManager:connection_data:Object reference not set to an instance of an object.
8/20/2024 6:01:34 PM:DBManager:connection_data:Object reference not set to an instance of an object.
8/20/2024 6:01:34 PM:DBManager:connection_data:Object reference not set to an instance of an object.
8/20/2024 6:01:34 PM:DBManager:connection_data:Object reference not set to an instance of an object.
8/20/2024 6:01:34 PM:DBManager:connection_data:Object reference not set to an instance of an object.
8/20/2024 6:01:34 PM:DBManager:connection_data:Object reference not set to an instance of an object.
8/20/2024 6:01:34 PM:DBManager:connection_data:Object reference not set to an instance of an object.
8/20/2024 6:01:34 PM:DBManager:connection_data:Object reference not set to an instance of an object.
8/20/2024 6:01:34 PM:DBManager:connection_data:Object reference not set to an instance of an object.
8/20/2024 6:01:34 PM:DBManager:connection_data:Object reference not set to an instance of an object.
8/20/2024 6:01:34 PM:DBManager:connection_data:Object reference not set to an instance of an object.
8/20/2024 6:01:34 PM:DBManager:connection_data:Object reference not set to an instance of an object.
8/20/2024 6:01:34 PM:DBManager:connection_data:Object reference not set to an instance of an object.
8/20/2024 6:01:34 PM:DBManager:connection_data:Object reference not set to an instance of an object.
8/20/2024 6:01:34 PM:DBManager:connection_data:Object reference not set to an instance of an object.
8/20/2024 6:01:34 PM:DBManager:connection_data:Object reference not set to an instance of an object.
8/20/2024 6:01:34 PM:DBManager:connection_data:Object reference not set to an instance of an object.
8/20/2024 6:01:34 PM:DBManager:connection_data:Object reference not set to an instance of an object.
8/20/2024 6:01:34 PM:DBManager:connection_data:Object reference not set to an instance of an object.
8/20/2024 6:01:34 PM:DBManager:connection_data:Object reference not set to an instance of an object.
8/20/2024 6:01:34 PM:DBManager:connection_data:Object reference not set to an instance of an object.
8/20/2024 6:01:34 PM:DBManager:connection_data:Object reference not set to an instance of an object.
8/20/2024 6:01:34 PM:DBManager:connection_data:Object reference not set to an instance of an object.
8/20/2024 6:01:34 PM:DBManager:connection_data:Object reference not set to an instance of an object.
8/20/2024 6:01:34 PM:DBManager:connection_data:Object reference not set to an instance of an object.
8/20/2024 6:01:34 PM:DBManager:connection_data:Object reference not set to an instance of an object.
8/20/2024 6:01:34 PM:DBManager:connection_data:Object reference not set to an instance of an object.
8/20/2024 6:01:34 PM:DBManager:connection_data:Object reference not set to an instance of an object.
8/20/2024 6:01:34 PM:DBManager:connection_data:Object reference not set to an instance of an object.
8/20/2024 6:01:34 PM:DBManager:connection_data:Object reference not set to an instance of an object.
8/20/2024 6:01:34 PM:DBManager:connection_data:Object reference not set to an instance of an object.
8/20/2024 6:01:34 PM:DBManager:connection_data:Object reference not set to an instance of an object.
8/20/2024 6:01:34 PM:DBManager:connection_data:Object reference not set to an instance of an object.
8/20/2024 6:01:34 PM:DBManager:connection_data:Object reference not set to an instance of an object.
8/20/2024 6:01:34 PM:DBManager:connection_data:Object reference not set to an instance of an object.
8/20/2024 6:01:34 PM:DBManager:connection_data:Object reference not set to an instance of an object.
20/08/2024 6:01:34 PM:Product_Master:Page_Load:1
20/08/2024 6:01:34 PM:Product_Master:Page_Load:2
20/08/2024 6:01:34 PM:Product_Master:BindGrid:The data source does not support server-side data paging.
20/08/2024 6:01:34 PM:Product_Master:Page_Load:9
20/08/2024 6:01:34 PM:Product_Master:Page_Load:10
20/08/2024 6:01:34 PM:Product_Master:selectIngredientList:Object reference not set to an instance of an object.
20/08/2024 6:01:34 PM:Product_Master:selectCondimentList:Object reference not set to an instance of an object.
20/08/2024 6:01:34 PM:Product_Master:Page_Load:11
8/20/2024 6:01:38 PM:DBManager:connection_data:Object reference not set to an instance of an object.
8/20/2024 6:01:38 PM:DBManager:connection_data:Object reference not set to an instance of an object.
8/20/2024 6:01:38 PM:DBManager:connection_data:Object reference not set to an instance of an object.
8/20/2024 6:01:38 PM:DBManager:connection_data:Object reference not set to an instance of an object.
8/20/2024 6:01:38 PM:DBManager:connection_data:Object reference not set to an instance of an object.
8/20/2024 6:01:38 PM:DBManager:connection_data:Object reference not set to an instance of an object.
8/20/2024 6:01:38 PM:DBManager:connection_data:Object reference not set to an instance of an object.
8/20/2024 6:01:38 PM:DBManager:connection_data:Object reference not set to an instance of an object.
8/20/2024 6:01:38 PM:DBManager:connection_data:Object reference not set to an instance of an object.
8/20/2024 6:01:38 PM:DBManager:connection_data:Object reference not set to an instance of an object.
8/20/2024 6:01:38 PM:DBManager:connection_data:Object reference not set to an instance of an object.
8/20/2024 6:01:38 PM:DBManager:connection_data:Object reference not set to an instance of an object.
8/20/2024 6:01:38 PM:DBManager:connection_data:Object reference not set to an instance of an object.
8/20/2024 6:01:38 PM:DBManager:connection_data:Object reference not set to an instance of an object.
8/20/2024 6:01:38 PM:DBManager:connection_data:Object reference not set to an instance of an object.
8/20/2024 6:01:38 PM:DBManager:connection_data:Object reference not set to an instance of an object.
8/20/2024 6:01:38 PM:DBManager:connection_data:Object reference not set to an instance of an object.
8/20/2024 6:01:38 PM:DBManager:connection_data:Object reference not set to an instance of an object.
8/20/2024 6:01:38 PM:DBManager:connection_data:Object reference not set to an instance of an object.
8/20/2024 6:01:38 PM:DBManager:connection_data:Object reference not set to an instance of an object.
8/20/2024 6:01:38 PM:DBManager:connection_data:Object reference not set to an instance of an object.
8/20/2024 6:01:38 PM:DBManager:connection_data:Object reference not set to an instance of an object.
8/20/2024 6:01:38 PM:DBManager:connection_data:Object reference not set to an instance of an object.
8/20/2024 6:01:38 PM:DBManager:connection_data:Object reference not set to an instance of an object.
8/20/2024 6:01:38 PM:DBManager:connection_data:Object reference not set to an instance of an object.
8/20/2024 6:01:38 PM:DBManager:connection_data:Object reference not set to an instance of an object.
8/20/2024 6:01:38 PM:DBManager:connection_data:Object reference not set to an instance of an object.
8/20/2024 6:01:38 PM:DBManager:connection_data:Object reference not set to an instance of an object.
8/20/2024 6:01:38 PM:DBManager:connection_data:Object reference not set to an instance of an object.
8/20/2024 6:01:38 PM:DBManager:connection_data:Object reference not set to an instance of an object.
8/20/2024 6:01:38 PM:DBManager:connection_data:Object reference not set to an instance of an object.
8/20/2024 6:01:38 PM:DBManager:connection_data:Object reference not set to an instance of an object.
8/20/2024 6:01:38 PM:DBManager:connection_data:Object reference not set to an instance of an object.
8/20/2024 6:01:38 PM:DBManager:connection_data:Object reference not set to an instance of an object.
8/20/2024 6:01:38 PM:DBManager:connection_data:Object reference not set to an instance of an object.
8/20/2024 6:01:38 PM:DBManager:connection_data:Object reference not set to an instance of an object.
8/20/2024 6:01:38 PM:DBManager:connection_data:Object reference not set to an instance of an object.
8/20/2024 6:01:38 PM:DBManager:connection_data:Object reference not set to an instance of an object.
8/20/2024 6:01:38 PM:DBManager:connection_data:Object reference not set to an instance of an object.
8/20/2024 6:01:38 PM:DBManager:connection_data:Object reference not set to an instance of an object.
8/20/2024 6:01:38 PM:DBManager:connection_data:Object reference not set to an instance of an object.
8/20/2024 6:01:38 PM:DBManager:connection_data:Object reference not set to an instance of an object.
8/20/2024 6:01:38 PM:DBManager:connection_data:Object reference not set to an instance of an object.
8/20/2024 6:01:38 PM:DBManager:connection_data:Object reference not set to an instance of an object.
8/20/2024 6:01:38 PM:DBManager:connection_data:Object reference not set to an instance of an object.
8/20/2024 6:01:38 PM:DBManager:connection_data:Object reference not set to an instance of an object.
8/20/2024 6:01:38 PM:DBManager:connection_data:Object reference not set to an instance of an object.
8/20/2024 6:01:38 PM:DBManager:connection_data:Object reference not set to an instance of an object.
8/20/2024 6:01:38 PM:DBManager:connection_data:Object reference not set to an instance of an object.
8/20/2024 6:01:38 PM:DBManager:connection_data:Object reference not set to an instance of an object.
8/20/2024 6:01:38 PM:DBManager:connection_data:Object reference not set to an instance of an object.
8/20/2024 6:01:38 PM:DBManager:connection_data:Object reference not set to an instance of an object.
8/20/2024 6:01:38 PM:DBManager:connection_data:Object reference not set to an instance of an object.
8/20/2024 6:01:38 PM:DBManager:connection_data:Object reference not set to an instance of an object.
8/20/2024 6:01:38 PM:DBManager:connection_data:Object reference not set to an instance of an object.
8/20/2024 6:01:38 PM:DBManager:connection_data:Object reference not set to an instance of an object.
8/20/2024 6:01:38 PM:DBManager:connection_data:Object reference not set to an instance of an object.
8/20/2024 6:01:38 PM:DBManager:connection_data:Object reference not set to an instance of an object.
8/20/2024 6:01:38 PM:DBManager:connection_data:Object reference not set to an instance of an object.
8/20/2024 6:01:38 PM:DBManager:connection_data:Object reference not set to an instance of an object.
8/20/2024 6:01:38 PM:DBManager:connection_data:Object reference not set to an instance of an object.
8/20/2024 6:01:38 PM:DBManager:connection_data:Object reference not set to an instance of an object.
8/20/2024 6:01:38 PM:DBManager:connection_data:Object reference not set to an instance of an object.
8/20/2024 6:01:38 PM:DBManager:connection_data:Object reference not set to an instance of an object.
8/20/2024 6:01:38 PM:DBManager:connection_data:Object reference not set to an instance of an object.
8/20/2024 6:01:38 PM:DBManager:connection_data:Object reference not set to an instance of an object.
8/20/2024 6:01:38 PM:DBManager:connection_data:Object reference not set to an instance of an object.
8/20/2024 6:01:38 PM:DBManager:connection_data:Object reference not set to an instance of an object.
8/20/2024 6:01:38 PM:DBManager:connection_data:Object reference not set to an instance of an object.
8/20/2024 6:01:38 PM:DBManager:connection_data:Object reference not set to an instance of an object.
8/20/2024 6:01:38 PM:DBManager:connection_data:Object reference not set to an instance of an object.
8/20/2024 6:01:38 PM:DBManager:connection_data:Object reference not set to an instance of an object.
8/20/2024 6:01:38 PM:DBManager:connection_data:Object reference not set to an instance of an object.
8/20/2024 6:01:38 PM:DBManager:connection_data:Object reference not set to an instance of an object.
8/20/2024 6:01:38 PM:DBManager:connection_data:Object reference not set to an instance of an object.
8/20/2024 6:01:38 PM:DBManager:connection_data:Object reference not set to an instance of an object.
8/20/2024 6:01:38 PM:DBManager:connection_data:Object reference not set to an instance of an object.
8/20/2024 6:01:38 PM:DBManager:connection_data:Object reference not set to an instance of an object.
8/20/2024 6:01:38 PM:DBManager:connection_data:Object reference not set to an instance of an object.
8/20/2024 6:01:38 PM:DBManager:connection_data:Object reference not set to an instance of an object.
8/20/2024 6:01:38 PM:DBManager:connection_data:Object reference not set to an instance of an object.
8/20/2024 6:01:38 PM:DBManager:connection_data:Object reference not set to an instance of an object.
8/20/2024 6:01:38 PM:DBManager:connection_data:Object reference not set to an instance of an object.
8/20/2024 6:01:38 PM:DBManager:connection_data:Object reference not set to an instance of an object.
8/20/2024 6:01:38 PM:DBManager:connection_data:Object reference not set to an instance of an object.
8/20/2024 6:01:38 PM:DBManager:connection_data:Object reference not set to an instance of an object.
8/20/2024 6:01:38 PM:DBManager:connection_data:Object reference not set to an instance of an object.
8/20/2024 6:01:38 PM:DBManager:connection_data:Object reference not set to an instance of an object.
20/08/2024 6:01:38 PM:ClsSessionManager:CreateSessionDT:Conversion from type 'DataTable' to type 'String' is not valid.
8/20/2024 6:03:05 PM:DBManager:connection_data:Object reference not set to an instance of an object.
8/20/2024 6:03:05 PM:DBManager:connection_data:Object reference not set to an instance of an object.
8/20/2024 6:03:05 PM:DBManager:connection_data:Object reference not set to an instance of an object.
8/20/2024 6:03:05 PM:DBManager:connection_data:Object reference not set to an instance of an object.
8/20/2024 6:03:05 PM:DBManager:connection_data:Object reference not set to an instance of an object.
8/20/2024 6:03:05 PM:DBManager:connection_data:Object reference not set to an instance of an object.
8/20/2024 6:03:05 PM:DBManager:connection_data:Object reference not set to an instance of an object.
8/20/2024 6:03:05 PM:DBManager:connection_data:Object reference not set to an instance of an object.
8/20/2024 6:03:05 PM:DBManager:connection_data:Object reference not set to an instance of an object.
8/20/2024 6:03:05 PM:DBManager:connection_data:Object reference not set to an instance of an object.
8/20/2024 6:03:05 PM:DBManager:connection_data:Object reference not set to an instance of an object.
8/20/2024 6:03:05 PM:DBManager:connection_data:Object reference not set to an instance of an object.
8/20/2024 6:03:05 PM:DBManager:connection_data:Object reference not set to an instance of an object.
8/20/2024 6:03:05 PM:DBManager:connection_data:Object reference not set to an instance of an object.
8/20/2024 6:03:05 PM:DBManager:connection_data:Object reference not set to an instance of an object.
8/20/2024 6:03:05 PM:DBManager:connection_data:Object reference not set to an instance of an object.
8/20/2024 6:03:05 PM:DBManager:connection_data:Object reference not set to an instance of an object.
8/20/2024 6:03:05 PM:DBManager:connection_data:Object reference not set to an instance of an object.
8/20/2024 6:03:05 PM:DBManager:connection_data:Object reference not set to an instance of an object.
8/20/2024 6:03:05 PM:DBManager:connection_data:Object reference not set to an instance of an object.
8/20/2024 6:03:05 PM:DBManager:connection_data:Object reference not set to an instance of an object.
8/20/2024 6:03:05 PM:DBManager:connection_data:Object reference not set to an instance of an object.
8/20/2024 6:03:05 PM:DBManager:connection_data:Object reference not set to an instance of an object.
8/20/2024 6:03:05 PM:DBManager:connection_data:Object reference not set to an instance of an object.
8/20/2024 6:03:05 PM:DBManager:connection_data:Object reference not set to an instance of an object.
8/20/2024 6:03:05 PM:DBManager:connection_data:Object reference not set to an instance of an object.
8/20/2024 6:03:05 PM:DBManager:connection_data:Object reference not set to an instance of an object.
8/20/2024 6:03:05 PM:DBManager:connection_data:Object reference not set to an instance of an object.
8/20/2024 6:03:05 PM:DBManager:connection_data:Object reference not set to an instance of an object.
8/20/2024 6:03:05 PM:DBManager:connection_data:Object reference not set to an instance of an object.
8/20/2024 6:03:05 PM:DBManager:connection_data:Object reference not set to an instance of an object.
8/20/2024 6:03:05 PM:DBManager:connection_data:Object reference not set to an instance of an object.
8/20/2024 6:03:05 PM:DBManager:connection_data:Object reference not set to an instance of an object.
8/20/2024 6:03:05 PM:DBManager:connection_data:Object reference not set to an instance of an object.
8/20/2024 6:03:05 PM:DBManager:connection_data:Object reference not set to an instance of an object.
8/20/2024 6:03:05 PM:DBManager:connection_data:Object reference not set to an instance of an object.
8/20/2024 6:03:05 PM:DBManager:connection_data:Object reference not set to an instance of an object.
8/20/2024 6:03:05 PM:DBManager:connection_data:Object reference not set to an instance of an object.
8/20/2024 6:03:05 PM:DBManager:connection_data:Object reference not set to an instance of an object.
8/20/2024 6:03:05 PM:DBManager:connection_data:Object reference not set to an instance of an object.
8/20/2024 6:03:05 PM:DBManager:connection_data:Object reference not set to an instance of an object.
8/20/2024 6:03:05 PM:DBManager:connection_data:Object reference not set to an instance of an object.
8/20/2024 6:03:05 PM:DBManager:connection_data:Object reference not set to an instance of an object.
8/20/2024 6:03:05 PM:DBManager:connection_data:Object reference not set to an instance of an object.
8/20/2024 6:03:05 PM:DBManager:connection_data:Object reference not set to an instance of an object.
8/20/2024 6:03:05 PM:DBManager:connection_data:Object reference not set to an instance of an object.
8/20/2024 6:03:05 PM:DBManager:connection_data:Object reference not set to an instance of an object.
8/20/2024 6:03:05 PM:DBManager:connection_data:Object reference not set to an instance of an object.
8/20/2024 6:03:05 PM:DBManager:connection_data:Object reference not set to an instance of an object.
8/20/2024 6:03:05 PM:DBManager:connection_data:Object reference not set to an instance of an object.
8/20/2024 6:03:05 PM:DBManager:connection_data:Object reference not set to an instance of an object.
8/20/2024 6:03:05 PM:DBManager:connection_data:Object reference not set to an instance of an object.
8/20/2024 6:03:05 PM:DBManager:connection_data:Object reference not set to an instance of an object.
8/20/2024 6:03:05 PM:DBManager:connection_data:Object reference not set to an instance of an object.
8/20/2024 6:03:05 PM:DBManager:connection_data:Object reference not set to an instance of an object.
8/20/2024 6:03:05 PM:DBManager:connection_data:Object reference not set to an instance of an object.
8/20/2024 6:03:05 PM:DBManager:connection_data:Object reference not set to an instance of an object.
8/20/2024 6:03:05 PM:DBManager:connection_data:Object reference not set to an instance of an object.
8/20/2024 6:03:05 PM:DBManager:connection_data:Object reference not set to an instance of an object.
8/20/2024 6:03:05 PM:DBManager:connection_data:Object reference not set to an instance of an object.
8/20/2024 6:03:05 PM:DBManager:connection_data:Object reference not set to an instance of an object.
8/20/2024 6:03:05 PM:DBManager:connection_data:Object reference not set to an instance of an object.
8/20/2024 6:03:05 PM:DBManager:connection_data:Object reference not set to an instance of an object.
8/20/2024 6:03:05 PM:DBManager:connection_data:Object reference not set to an instance of an object.
8/20/2024 6:03:05 PM:DBManager:connection_data:Object reference not set to an instance of an object.
8/20/2024 6:03:05 PM:DBManager:connection_data:Object reference not set to an instance of an object.
8/20/2024 6:03:05 PM:DBManager:connection_data:Object reference not set to an instance of an object.
8/20/2024 6:03:05 PM:DBManager:connection_data:Object reference not set to an instance of an object.
8/20/2024 6:03:05 PM:DBManager:connection_data:Object reference not set to an instance of an object.
8/20/2024 6:03:05 PM:DBManager:connection_data:Object reference not set to an instance of an object.
8/20/2024 6:03:05 PM:DBManager:connection_data:Object reference not set to an instance of an object.
8/20/2024 6:03:05 PM:DBManager:connection_data:Object reference not set to an instance of an object.
8/20/2024 6:03:05 PM:DBManager:connection_data:Object reference not set to an instance of an object.
8/20/2024 6:03:05 PM:DBManager:connection_data:Object reference not set to an instance of an object.
8/20/2024 6:03:05 PM:DBManager:connection_data:Object reference not set to an instance of an object.
8/20/2024 6:03:05 PM:DBManager:connection_data:Object reference not set to an instance of an object.
8/20/2024 6:03:05 PM:DBManager:connection_data:Object reference not set to an instance of an object.
8/20/2024 6:03:05 PM:DBManager:connection_data:Object reference not set to an instance of an object.
8/20/2024 6:03:05 PM:DBManager:connection_data:Object reference not set to an instance of an object.
8/20/2024 6:03:05 PM:DBManager:connection_data:Object reference not set to an instance of an object.
8/20/2024 6:03:05 PM:DBManager:connection_data:Object reference not set to an instance of an object.
8/20/2024 6:03:05 PM:DBManager:connection_data:Object reference not set to an instance of an object.
8/20/2024 6:03:05 PM:DBManager:connection_data:Object reference not set to an instance of an object.
8/20/2024 6:03:05 PM:DBManager:connection_data:Object reference not set to an instance of an object.
8/20/2024 6:03:05 PM:DBManager:connection_data:Object reference not set to an instance of an object.
8/20/2024 6:03:05 PM:DBManager:connection_data:Object reference not set to an instance of an object.
8/20/2024 6:03:05 PM:DBManager:connection_data:Object reference not set to an instance of an object.
8/20/2024 6:03:05 PM:DBManager:connection_data:Object reference not set to an instance of an object.
8/20/2024 6:03:05 PM:DBManager:connection_data:Object reference not set to an instance of an object.
8/20/2024 6:03:05 PM:DBManager:connection_data:Object reference not set to an instance of an object.
8/20/2024 6:03:05 PM:DBManager:connection_data:Object reference not set to an instance of an object.
8/20/2024 6:03:05 PM:DBManager:connection_data:Object reference not set to an instance of an object.
8/20/2024 6:03:05 PM:DBManager:connection_data:Object reference not set to an instance of an object.
8/20/2024 6:03:05 PM:DBManager:connection_data:Object reference not set to an instance of an object.
8/20/2024 6:03:05 PM:DBManager:connection_data:Object reference not set to an instance of an object.
8/20/2024 6:03:05 PM:DBManager:connection_data:Object reference not set to an instance of an object.
8/20/2024 6:03:05 PM:DBManager:connection_data:Object reference not set to an instance of an object.
8/20/2024 6:03:05 PM:DBManager:connection_data:Object reference not set to an instance of an object.
8/20/2024 6:03:05 PM:DBManager:connection_data:Object reference not set to an instance of an object.
8/20/2024 6:03:05 PM:DBManager:connection_data:Object reference not set to an instance of an object.
8/20/2024 6:03:05 PM:DBManager:connection_data:Object reference not set to an instance of an object.
8/20/2024 6:03:05 PM:DBManager:connection_data:Object reference not set to an instance of an object.
8/20/2024 6:03:05 PM:DBManager:connection_data:Object reference not set to an instance of an object.
8/20/2024 6:03:05 PM:DBManager:connection_data:Object reference not set to an instance of an object.
8/20/2024 6:03:05 PM:DBManager:connection_data:Object reference not set to an instance of an object.
8/20/2024 6:03:05 PM:DBManager:connection_data:Object reference not set to an instance of an object.
8/20/2024 6:03:05 PM:DBManager:connection_data:Object reference not set to an instance of an object.
8/20/2024 6:03:05 PM:DBManager:connection_data:Object reference not set to an instance of an object.
8/20/2024 6:03:05 PM:DBManager:connection_data:Object reference not set to an instance of an object.
8/20/2024 6:03:05 PM:DBManager:connection_data:Object reference not set to an instance of an object.
8/20/2024 6:03:05 PM:DBManager:connection_data:Object reference not set to an instance of an object.
8/20/2024 6:03:05 PM:DBManager:connection_data:Object reference not set to an instance of an object.
8/20/2024 6:03:05 PM:DBManager:connection_data:Object reference not set to an instance of an object.
8/20/2024 6:03:05 PM:DBManager:connection_data:Object reference not set to an instance of an object.
8/20/2024 6:03:05 PM:DBManager:connection_data:Object reference not set to an instance of an object.
20/08/2024 6:03:05 PM:Product_Master:Page_Load:1
20/08/2024 6:03:05 PM:Product_Master:Page_Load:2
20/08/2024 6:03:06 PM:Product_Master:BindGrid:The data source does not support server-side data paging.
20/08/2024 6:03:06 PM:Product_Master:Page_Load:9
20/08/2024 6:03:06 PM:Product_Master:Page_Load:10
20/08/2024 6:03:06 PM:Product_Master:selectIngredientList:Object reference not set to an instance of an object.
20/08/2024 6:03:06 PM:Product_Master:selectCondimentList:Object reference not set to an instance of an object.
20/08/2024 6:03:06 PM:Product_Master:Page_Load:11
