8/16/2024 6:31:28 PM:DBManager:connection_data:Object reference not set to an instance of an object.
8/16/2024 6:31:28 PM:DBManager:connection_data:Object reference not set to an instance of an object.
8/16/2024 6:31:28 PM:DBManager:connection_data:Object reference not set to an instance of an object.
8/16/2024 6:32:24 PM:DBManager:connection_data:Object reference not set to an instance of an object.
8/16/2024 6:32:24 PM:DBManager:connection_data:Object reference not set to an instance of an object.
8/16/2024 6:32:24 PM:DBManager:connection_data:Object reference not set to an instance of an object.
16/08/2024 6:32:24 PM:MasterPage:Page_Init:Thread was being aborted.
16/08/2024 6:32:24 PM:SignIn:btnLogIn_Click:test
8/16/2024 6:33:01 PM:DBManager:connection_data:Object reference not set to an instance of an object.
8/16/2024 6:33:01 PM:DBManager:connection_data:Object reference not set to an instance of an object.
8/16/2024 6:33:01 PM:DBManager:connection_data:Object reference not set to an instance of an object.
16/08/2024 6:33:01 PM:SignIn:btnLogIn_Click:test
16/08/2024 6:33:01 PM:SignIn:btnLogIn_Click4:
16/08/2024 6:33:01 PM:SignIn:btnLogIn_Click5:
16/08/2024 6:33:01 PM:SignIn:btnLogIn_Click7:
16/08/2024 6:33:01 PM:SignIn:btnLogIn_Click8:
16/08/2024 6:33:01 PM:ClsDataccess:Getdatatable:The ConnectionString property has not been initialized.
8/16/2024 6:33:01 PM:DBManager:connection_data:Object reference not set to an instance of an object.
8/16/2024 6:33:01 PM:DBManager:connection_data:Object reference not set to an instance of an object.
8/16/2024 6:33:01 PM:DBManager:connection_data:Object reference not set to an instance of an object.
8/16/2024 6:33:01 PM:DBManager:connection_data:Object reference not set to an instance of an object.
8/16/2024 6:33:01 PM:DBManager:connection_data:Object reference not set to an instance of an object.
8/16/2024 6:33:01 PM:DBManager:connection_data:Object reference not set to an instance of an object.
8/16/2024 6:33:01 PM:DBManager:connection_data:Object reference not set to an instance of an object.
8/16/2024 6:33:01 PM:DBManager:connection_data:Object reference not set to an instance of an object.
8/16/2024 6:33:01 PM:DBManager:connection_data:Object reference not set to an instance of an object.
8/16/2024 6:33:01 PM:DBManager:connection_data:Object reference not set to an instance of an object.
8/16/2024 6:33:01 PM:DBManager:connection_data:Object reference not set to an instance of an object.
8/16/2024 6:33:01 PM:DBManager:connection_data:Object reference not set to an instance of an object.
8/16/2024 6:33:01 PM:DBManager:connection_data:Object reference not set to an instance of an object.
8/16/2024 6:33:01 PM:DBManager:connection_data:Object reference not set to an instance of an object.
8/16/2024 6:33:01 PM:DBManager:connection_data:Object reference not set to an instance of an object.
8/16/2024 6:33:01 PM:DBManager:connection_data:Object reference not set to an instance of an object.
8/16/2024 6:33:01 PM:DBManager:connection_data:Object reference not set to an instance of an object.
8/16/2024 6:33:01 PM:DBManager:connection_data:Object reference not set to an instance of an object.
8/16/2024 6:33:01 PM:DBManager:connection_data:Object reference not set to an instance of an object.
8/16/2024 6:33:01 PM:DBManager:connection_data:Object reference not set to an instance of an object.
8/16/2024 6:33:01 PM:DBManager:connection_data:Object reference not set to an instance of an object.
8/16/2024 6:33:01 PM:DBManager:connection_data:Object reference not set to an instance of an object.
8/16/2024 6:33:01 PM:DBManager:connection_data:Object reference not set to an instance of an object.
8/16/2024 6:33:01 PM:DBManager:connection_data:Object reference not set to an instance of an object.
8/16/2024 6:33:01 PM:DBManager:connection_data:Object reference not set to an instance of an object.
8/16/2024 6:33:01 PM:DBManager:connection_data:Object reference not set to an instance of an object.
8/16/2024 6:33:01 PM:DBManager:connection_data:Object reference not set to an instance of an object.
8/16/2024 6:33:01 PM:DBManager:connection_data:Object reference not set to an instance of an object.
8/16/2024 6:33:01 PM:DBManager:connection_data:Object reference not set to an instance of an object.
8/16/2024 6:33:01 PM:DBManager:connection_data:Object reference not set to an instance of an object.
8/16/2024 6:33:01 PM:DBManager:connection_data:Object reference not set to an instance of an object.
8/16/2024 6:33:01 PM:DBManager:connection_data:Object reference not set to an instance of an object.
8/16/2024 6:33:01 PM:DBManager:connection_data:Object reference not set to an instance of an object.
8/16/2024 6:33:01 PM:DBManager:connection_data:Object reference not set to an instance of an object.
8/16/2024 6:33:01 PM:DBManager:connection_data:Object reference not set to an instance of an object.
8/16/2024 6:33:01 PM:DBManager:connection_data:Object reference not set to an instance of an object.
8/16/2024 6:33:01 PM:DBManager:connection_data:Object reference not set to an instance of an object.
8/16/2024 6:33:01 PM:DBManager:connection_data:Object reference not set to an instance of an object.
8/16/2024 6:33:01 PM:DBManager:connection_data:Object reference not set to an instance of an object.
8/16/2024 6:33:01 PM:DBManager:connection_data:Object reference not set to an instance of an object.
8/16/2024 6:33:01 PM:DBManager:connection_data:Object reference not set to an instance of an object.
8/16/2024 6:33:01 PM:DBManager:connection_data:Object reference not set to an instance of an object.
8/16/2024 6:33:01 PM:DBManager:connection_data:Object reference not set to an instance of an object.
8/16/2024 6:33:01 PM:DBManager:connection_data:Object reference not set to an instance of an object.
8/16/2024 6:33:01 PM:DBManager:connection_data:Object reference not set to an instance of an object.
8/16/2024 6:33:01 PM:DBManager:connection_data:Object reference not set to an instance of an object.
8/16/2024 6:33:01 PM:DBManager:connection_data:Object reference not set to an instance of an object.
8/16/2024 6:33:01 PM:DBManager:connection_data:Object reference not set to an instance of an object.
8/16/2024 6:33:01 PM:DBManager:connection_data:Object reference not set to an instance of an object.
8/16/2024 6:33:01 PM:DBManager:connection_data:Object reference not set to an instance of an object.
8/16/2024 6:33:01 PM:DBManager:connection_data:Object reference not set to an instance of an object.
8/16/2024 6:33:01 PM:DBManager:connection_data:Object reference not set to an instance of an object.
8/16/2024 6:33:01 PM:DBManager:connection_data:Object reference not set to an instance of an object.
8/16/2024 6:33:01 PM:DBManager:connection_data:Object reference not set to an instance of an object.
8/16/2024 6:33:01 PM:DBManager:connection_data:Object reference not set to an instance of an object.
8/16/2024 6:33:01 PM:DBManager:connection_data:Object reference not set to an instance of an object.
8/16/2024 6:33:01 PM:DBManager:connection_data:Object reference not set to an instance of an object.
8/16/2024 6:33:01 PM:DBManager:connection_data:Object reference not set to an instance of an object.
8/16/2024 6:33:01 PM:DBManager:connection_data:Object reference not set to an instance of an object.
8/16/2024 6:33:01 PM:DBManager:connection_data:Object reference not set to an instance of an object.
8/16/2024 6:33:01 PM:DBManager:connection_data:Object reference not set to an instance of an object.
8/16/2024 6:33:01 PM:DBManager:connection_data:Object reference not set to an instance of an object.
8/16/2024 6:33:01 PM:DBManager:connection_data:Object reference not set to an instance of an object.
8/16/2024 6:33:01 PM:DBManager:connection_data:Object reference not set to an instance of an object.
8/16/2024 6:33:01 PM:DBManager:connection_data:Object reference not set to an instance of an object.
8/16/2024 6:33:01 PM:DBManager:connection_data:Object reference not set to an instance of an object.
8/16/2024 6:33:01 PM:DBManager:connection_data:Object reference not set to an instance of an object.
8/16/2024 6:33:01 PM:DBManager:connection_data:Object reference not set to an instance of an object.
8/16/2024 6:33:01 PM:DBManager:connection_data:Object reference not set to an instance of an object.
8/16/2024 6:33:01 PM:DBManager:connection_data:Object reference not set to an instance of an object.
8/16/2024 6:33:01 PM:DBManager:connection_data:Object reference not set to an instance of an object.
8/16/2024 6:33:01 PM:DBManager:connection_data:Object reference not set to an instance of an object.
8/16/2024 6:33:01 PM:DBManager:connection_data:Object reference not set to an instance of an object.
8/16/2024 6:33:01 PM:DBManager:connection_data:Object reference not set to an instance of an object.
8/16/2024 6:33:01 PM:DBManager:connection_data:Object reference not set to an instance of an object.
8/16/2024 6:33:01 PM:DBManager:connection_data:Object reference not set to an instance of an object.
8/16/2024 6:33:01 PM:DBManager:connection_data:Object reference not set to an instance of an object.
8/16/2024 6:33:05 PM:DBManager:connection_data:Object reference not set to an instance of an object.
8/16/2024 6:33:05 PM:DBManager:connection_data:Object reference not set to an instance of an object.
8/16/2024 6:33:05 PM:DBManager:connection_data:Object reference not set to an instance of an object.
8/16/2024 6:33:05 PM:DBManager:connection_data:Object reference not set to an instance of an object.
8/16/2024 6:33:05 PM:DBManager:connection_data:Object reference not set to an instance of an object.
8/16/2024 6:33:05 PM:DBManager:connection_data:Object reference not set to an instance of an object.
8/16/2024 6:33:05 PM:DBManager:connection_data:Object reference not set to an instance of an object.
8/16/2024 6:33:05 PM:DBManager:connection_data:Object reference not set to an instance of an object.
8/16/2024 6:33:05 PM:DBManager:connection_data:Object reference not set to an instance of an object.
8/16/2024 6:33:05 PM:DBManager:connection_data:Object reference not set to an instance of an object.
8/16/2024 6:33:05 PM:DBManager:connection_data:Object reference not set to an instance of an object.
8/16/2024 6:33:05 PM:DBManager:connection_data:Object reference not set to an instance of an object.
8/16/2024 6:33:05 PM:DBManager:connection_data:Object reference not set to an instance of an object.
8/16/2024 6:33:05 PM:DBManager:connection_data:Object reference not set to an instance of an object.
8/16/2024 6:33:05 PM:DBManager:connection_data:Object reference not set to an instance of an object.
8/16/2024 6:33:05 PM:DBManager:connection_data:Object reference not set to an instance of an object.
8/16/2024 6:33:05 PM:DBManager:connection_data:Object reference not set to an instance of an object.
8/16/2024 6:33:05 PM:DBManager:connection_data:Object reference not set to an instance of an object.
8/16/2024 6:33:05 PM:DBManager:connection_data:Object reference not set to an instance of an object.
8/16/2024 6:33:05 PM:DBManager:connection_data:Object reference not set to an instance of an object.
8/16/2024 6:33:05 PM:DBManager:connection_data:Object reference not set to an instance of an object.
8/16/2024 6:33:05 PM:DBManager:connection_data:Object reference not set to an instance of an object.
8/16/2024 6:33:05 PM:DBManager:connection_data:Object reference not set to an instance of an object.
8/16/2024 6:33:05 PM:DBManager:connection_data:Object reference not set to an instance of an object.
8/16/2024 6:33:05 PM:DBManager:connection_data:Object reference not set to an instance of an object.
8/16/2024 6:33:05 PM:DBManager:connection_data:Object reference not set to an instance of an object.
8/16/2024 6:33:05 PM:DBManager:connection_data:Object reference not set to an instance of an object.
8/16/2024 6:33:05 PM:DBManager:connection_data:Object reference not set to an instance of an object.
8/16/2024 6:33:05 PM:DBManager:connection_data:Object reference not set to an instance of an object.
8/16/2024 6:33:06 PM:DBManager:connection_data:Object reference not set to an instance of an object.
8/16/2024 6:33:06 PM:DBManager:connection_data:Object reference not set to an instance of an object.
8/16/2024 6:33:06 PM:DBManager:connection_data:Object reference not set to an instance of an object.
8/16/2024 6:33:06 PM:DBManager:connection_data:Object reference not set to an instance of an object.
8/16/2024 6:33:06 PM:DBManager:connection_data:Object reference not set to an instance of an object.
8/16/2024 6:33:06 PM:DBManager:connection_data:Object reference not set to an instance of an object.
8/16/2024 6:33:06 PM:DBManager:connection_data:Object reference not set to an instance of an object.
8/16/2024 6:33:06 PM:DBManager:connection_data:Object reference not set to an instance of an object.
8/16/2024 6:33:06 PM:DBManager:connection_data:Object reference not set to an instance of an object.
8/16/2024 6:33:06 PM:DBManager:connection_data:Object reference not set to an instance of an object.
8/16/2024 6:33:06 PM:DBManager:connection_data:Object reference not set to an instance of an object.
8/16/2024 6:33:06 PM:DBManager:connection_data:Object reference not set to an instance of an object.
8/16/2024 6:33:06 PM:DBManager:connection_data:Object reference not set to an instance of an object.
8/16/2024 6:33:06 PM:DBManager:connection_data:Object reference not set to an instance of an object.
8/16/2024 6:33:06 PM:DBManager:connection_data:Object reference not set to an instance of an object.
8/16/2024 6:33:06 PM:DBManager:connection_data:Object reference not set to an instance of an object.
8/16/2024 6:33:06 PM:DBManager:connection_data:Object reference not set to an instance of an object.
8/16/2024 6:33:06 PM:DBManager:connection_data:Object reference not set to an instance of an object.
8/16/2024 6:33:06 PM:DBManager:connection_data:Object reference not set to an instance of an object.
8/16/2024 6:33:06 PM:DBManager:connection_data:Object reference not set to an instance of an object.
8/16/2024 6:33:06 PM:DBManager:connection_data:Object reference not set to an instance of an object.
8/16/2024 6:33:06 PM:DBManager:connection_data:Object reference not set to an instance of an object.
8/16/2024 6:33:06 PM:DBManager:connection_data:Object reference not set to an instance of an object.
8/16/2024 6:33:06 PM:DBManager:connection_data:Object reference not set to an instance of an object.
8/16/2024 6:33:06 PM:DBManager:connection_data:Object reference not set to an instance of an object.
8/16/2024 6:33:06 PM:DBManager:connection_data:Object reference not set to an instance of an object.
8/16/2024 6:33:06 PM:DBManager:connection_data:Object reference not set to an instance of an object.
8/16/2024 6:33:06 PM:DBManager:connection_data:Object reference not set to an instance of an object.
8/16/2024 6:33:06 PM:DBManager:connection_data:Object reference not set to an instance of an object.
8/16/2024 6:33:06 PM:DBManager:connection_data:Object reference not set to an instance of an object.
8/16/2024 6:33:06 PM:DBManager:connection_data:Object reference not set to an instance of an object.
8/16/2024 6:33:06 PM:DBManager:connection_data:Object reference not set to an instance of an object.
8/16/2024 6:33:06 PM:DBManager:connection_data:Object reference not set to an instance of an object.
8/16/2024 6:33:06 PM:DBManager:connection_data:Object reference not set to an instance of an object.
8/16/2024 6:33:06 PM:DBManager:connection_data:Object reference not set to an instance of an object.
8/16/2024 6:33:06 PM:DBManager:connection_data:Object reference not set to an instance of an object.
8/16/2024 6:33:06 PM:DBManager:connection_data:Object reference not set to an instance of an object.
8/16/2024 6:33:06 PM:DBManager:connection_data:Object reference not set to an instance of an object.
8/16/2024 6:33:06 PM:DBManager:connection_data:Object reference not set to an instance of an object.
8/16/2024 6:33:06 PM:DBManager:connection_data:Object reference not set to an instance of an object.
8/16/2024 6:33:06 PM:DBManager:connection_data:Object reference not set to an instance of an object.
8/16/2024 6:33:06 PM:DBManager:connection_data:Object reference not set to an instance of an object.
8/16/2024 6:33:06 PM:DBManager:connection_data:Object reference not set to an instance of an object.
8/16/2024 6:33:06 PM:DBManager:connection_data:Object reference not set to an instance of an object.
8/16/2024 6:33:06 PM:DBManager:connection_data:Object reference not set to an instance of an object.
8/16/2024 6:33:06 PM:DBManager:connection_data:Object reference not set to an instance of an object.
8/16/2024 6:33:06 PM:DBManager:connection_data:Object reference not set to an instance of an object.
8/16/2024 6:33:06 PM:DBManager:connection_data:Object reference not set to an instance of an object.
8/16/2024 6:33:32 PM:DBManager:connection_data:Object reference not set to an instance of an object.
8/16/2024 6:33:32 PM:DBManager:connection_data:Object reference not set to an instance of an object.
8/16/2024 6:33:32 PM:DBManager:connection_data:Object reference not set to an instance of an object.
8/16/2024 6:33:32 PM:DBManager:connection_data:Object reference not set to an instance of an object.
8/16/2024 6:33:32 PM:DBManager:connection_data:Object reference not set to an instance of an object.
8/16/2024 6:33:32 PM:DBManager:connection_data:Object reference not set to an instance of an object.
8/16/2024 6:33:32 PM:DBManager:connection_data:Object reference not set to an instance of an object.
8/16/2024 6:33:32 PM:DBManager:connection_data:Object reference not set to an instance of an object.
8/16/2024 6:33:32 PM:DBManager:connection_data:Object reference not set to an instance of an object.
8/16/2024 6:33:32 PM:DBManager:connection_data:Object reference not set to an instance of an object.
8/16/2024 6:33:32 PM:DBManager:connection_data:Object reference not set to an instance of an object.
8/16/2024 6:33:32 PM:DBManager:connection_data:Object reference not set to an instance of an object.
8/16/2024 6:33:32 PM:DBManager:connection_data:Object reference not set to an instance of an object.
8/16/2024 6:33:32 PM:DBManager:connection_data:Object reference not set to an instance of an object.
8/16/2024 6:33:32 PM:DBManager:connection_data:Object reference not set to an instance of an object.
8/16/2024 6:33:32 PM:DBManager:connection_data:Object reference not set to an instance of an object.
8/16/2024 6:33:32 PM:DBManager:connection_data:Object reference not set to an instance of an object.
8/16/2024 6:33:32 PM:DBManager:connection_data:Object reference not set to an instance of an object.
8/16/2024 6:33:32 PM:DBManager:connection_data:Object reference not set to an instance of an object.
8/16/2024 6:33:32 PM:DBManager:connection_data:Object reference not set to an instance of an object.
8/16/2024 6:33:32 PM:DBManager:connection_data:Object reference not set to an instance of an object.
8/16/2024 6:33:32 PM:DBManager:connection_data:Object reference not set to an instance of an object.
8/16/2024 6:33:32 PM:DBManager:connection_data:Object reference not set to an instance of an object.
8/16/2024 6:33:32 PM:DBManager:connection_data:Object reference not set to an instance of an object.
8/16/2024 6:33:32 PM:DBManager:connection_data:Object reference not set to an instance of an object.
8/16/2024 6:33:32 PM:DBManager:connection_data:Object reference not set to an instance of an object.
8/16/2024 6:33:32 PM:DBManager:connection_data:Object reference not set to an instance of an object.
8/16/2024 6:33:32 PM:DBManager:connection_data:Object reference not set to an instance of an object.
8/16/2024 6:33:32 PM:DBManager:connection_data:Object reference not set to an instance of an object.
8/16/2024 6:33:32 PM:DBManager:connection_data:Object reference not set to an instance of an object.
8/16/2024 6:33:32 PM:DBManager:connection_data:Object reference not set to an instance of an object.
8/16/2024 6:33:32 PM:DBManager:connection_data:Object reference not set to an instance of an object.
8/16/2024 6:33:32 PM:DBManager:connection_data:Object reference not set to an instance of an object.
8/16/2024 6:33:32 PM:DBManager:connection_data:Object reference not set to an instance of an object.
8/16/2024 6:33:32 PM:DBManager:connection_data:Object reference not set to an instance of an object.
8/16/2024 6:33:32 PM:DBManager:connection_data:Object reference not set to an instance of an object.
8/16/2024 6:33:32 PM:DBManager:connection_data:Object reference not set to an instance of an object.
8/16/2024 6:33:32 PM:DBManager:connection_data:Object reference not set to an instance of an object.
8/16/2024 6:33:32 PM:DBManager:connection_data:Object reference not set to an instance of an object.
8/16/2024 6:33:32 PM:DBManager:connection_data:Object reference not set to an instance of an object.
8/16/2024 6:33:32 PM:DBManager:connection_data:Object reference not set to an instance of an object.
8/16/2024 6:33:32 PM:DBManager:connection_data:Object reference not set to an instance of an object.
8/16/2024 6:33:32 PM:DBManager:connection_data:Object reference not set to an instance of an object.
8/16/2024 6:33:32 PM:DBManager:connection_data:Object reference not set to an instance of an object.
8/16/2024 6:33:32 PM:DBManager:connection_data:Object reference not set to an instance of an object.
8/16/2024 6:33:32 PM:DBManager:connection_data:Object reference not set to an instance of an object.
8/16/2024 6:33:32 PM:DBManager:connection_data:Object reference not set to an instance of an object.
8/16/2024 6:33:32 PM:DBManager:connection_data:Object reference not set to an instance of an object.
8/16/2024 6:33:32 PM:DBManager:connection_data:Object reference not set to an instance of an object.
8/16/2024 6:33:32 PM:DBManager:connection_data:Object reference not set to an instance of an object.
8/16/2024 6:33:32 PM:DBManager:connection_data:Object reference not set to an instance of an object.
8/16/2024 6:33:32 PM:DBManager:connection_data:Object reference not set to an instance of an object.
8/16/2024 6:33:32 PM:DBManager:connection_data:Object reference not set to an instance of an object.
8/16/2024 6:33:32 PM:DBManager:connection_data:Object reference not set to an instance of an object.
8/16/2024 6:33:32 PM:DBManager:connection_data:Object reference not set to an instance of an object.
8/16/2024 6:33:32 PM:DBManager:connection_data:Object reference not set to an instance of an object.
8/16/2024 6:33:32 PM:DBManager:connection_data:Object reference not set to an instance of an object.
8/16/2024 6:33:32 PM:DBManager:connection_data:Object reference not set to an instance of an object.
8/16/2024 6:33:32 PM:DBManager:connection_data:Object reference not set to an instance of an object.
8/16/2024 6:33:32 PM:DBManager:connection_data:Object reference not set to an instance of an object.
8/16/2024 6:33:32 PM:DBManager:connection_data:Object reference not set to an instance of an object.
8/16/2024 6:33:32 PM:DBManager:connection_data:Object reference not set to an instance of an object.
8/16/2024 6:33:32 PM:DBManager:connection_data:Object reference not set to an instance of an object.
8/16/2024 6:33:32 PM:DBManager:connection_data:Object reference not set to an instance of an object.
8/16/2024 6:33:32 PM:DBManager:connection_data:Object reference not set to an instance of an object.
8/16/2024 6:33:32 PM:DBManager:connection_data:Object reference not set to an instance of an object.
8/16/2024 6:33:32 PM:DBManager:connection_data:Object reference not set to an instance of an object.
8/16/2024 6:33:32 PM:DBManager:connection_data:Object reference not set to an instance of an object.
8/16/2024 6:33:32 PM:DBManager:connection_data:Object reference not set to an instance of an object.
8/16/2024 6:33:32 PM:DBManager:connection_data:Object reference not set to an instance of an object.
8/16/2024 6:33:32 PM:DBManager:connection_data:Object reference not set to an instance of an object.
8/16/2024 6:33:32 PM:DBManager:connection_data:Object reference not set to an instance of an object.
8/16/2024 6:33:32 PM:DBManager:connection_data:Object reference not set to an instance of an object.
8/16/2024 6:33:32 PM:DBManager:connection_data:Object reference not set to an instance of an object.
8/16/2024 6:33:32 PM:DBManager:connection_data:Object reference not set to an instance of an object.
8/16/2024 6:33:32 PM:DBManager:connection_data:Object reference not set to an instance of an object.
8/16/2024 6:33:32 PM:DBManager:connection_data:Object reference not set to an instance of an object.
8/16/2024 6:33:32 PM:DBManager:connection_data:Object reference not set to an instance of an object.
8/16/2024 6:33:32 PM:DBManager:connection_data:Object reference not set to an instance of an object.
8/16/2024 6:33:32 PM:DBManager:connection_data:Object reference not set to an instance of an object.
8/16/2024 6:33:32 PM:DBManager:connection_data:Object reference not set to an instance of an object.
8/16/2024 6:33:32 PM:DBManager:connection_data:Object reference not set to an instance of an object.
8/16/2024 6:33:32 PM:DBManager:connection_data:Object reference not set to an instance of an object.
8/16/2024 6:33:32 PM:DBManager:connection_data:Object reference not set to an instance of an object.
8/16/2024 6:33:32 PM:DBManager:connection_data:Object reference not set to an instance of an object.
8/16/2024 6:33:32 PM:DBManager:connection_data:Object reference not set to an instance of an object.
8/16/2024 6:33:32 PM:DBManager:connection_data:Object reference not set to an instance of an object.
8/16/2024 6:33:32 PM:DBManager:connection_data:Object reference not set to an instance of an object.
16/08/2024 6:33:32 PM:ClsSessionManager:CreateSessionDT:Conversion from type 'DataTable' to type 'String' is not valid.
8/16/2024 6:33:39 PM:DBManager:connection_data:Object reference not set to an instance of an object.
8/16/2024 6:33:39 PM:DBManager:connection_data:Object reference not set to an instance of an object.
8/16/2024 6:33:39 PM:DBManager:connection_data:Object reference not set to an instance of an object.
8/16/2024 6:33:39 PM:DBManager:connection_data:Object reference not set to an instance of an object.
8/16/2024 6:33:39 PM:DBManager:connection_data:Object reference not set to an instance of an object.
8/16/2024 6:33:39 PM:DBManager:connection_data:Object reference not set to an instance of an object.
8/16/2024 6:33:39 PM:DBManager:connection_data:Object reference not set to an instance of an object.
8/16/2024 6:33:39 PM:DBManager:connection_data:Object reference not set to an instance of an object.
8/16/2024 6:33:39 PM:DBManager:connection_data:Object reference not set to an instance of an object.
8/16/2024 6:33:39 PM:DBManager:connection_data:Object reference not set to an instance of an object.
8/16/2024 6:33:39 PM:DBManager:connection_data:Object reference not set to an instance of an object.
8/16/2024 6:33:39 PM:DBManager:connection_data:Object reference not set to an instance of an object.
8/16/2024 6:33:39 PM:DBManager:connection_data:Object reference not set to an instance of an object.
8/16/2024 6:33:39 PM:DBManager:connection_data:Object reference not set to an instance of an object.
8/16/2024 6:33:39 PM:DBManager:connection_data:Object reference not set to an instance of an object.
8/16/2024 6:33:39 PM:DBManager:connection_data:Object reference not set to an instance of an object.
8/16/2024 6:33:39 PM:DBManager:connection_data:Object reference not set to an instance of an object.
8/16/2024 6:33:39 PM:DBManager:connection_data:Object reference not set to an instance of an object.
8/16/2024 6:33:39 PM:DBManager:connection_data:Object reference not set to an instance of an object.
8/16/2024 6:33:39 PM:DBManager:connection_data:Object reference not set to an instance of an object.
8/16/2024 6:33:39 PM:DBManager:connection_data:Object reference not set to an instance of an object.
8/16/2024 6:33:39 PM:DBManager:connection_data:Object reference not set to an instance of an object.
8/16/2024 6:33:39 PM:DBManager:connection_data:Object reference not set to an instance of an object.
8/16/2024 6:33:39 PM:DBManager:connection_data:Object reference not set to an instance of an object.
8/16/2024 6:33:39 PM:DBManager:connection_data:Object reference not set to an instance of an object.
8/16/2024 6:33:39 PM:DBManager:connection_data:Object reference not set to an instance of an object.
8/16/2024 6:33:39 PM:DBManager:connection_data:Object reference not set to an instance of an object.
8/16/2024 6:33:39 PM:DBManager:connection_data:Object reference not set to an instance of an object.
8/16/2024 6:33:39 PM:DBManager:connection_data:Object reference not set to an instance of an object.
8/16/2024 6:33:39 PM:DBManager:connection_data:Object reference not set to an instance of an object.
8/16/2024 6:33:39 PM:DBManager:connection_data:Object reference not set to an instance of an object.
8/16/2024 6:33:39 PM:DBManager:connection_data:Object reference not set to an instance of an object.
8/16/2024 6:33:39 PM:DBManager:connection_data:Object reference not set to an instance of an object.
8/16/2024 6:33:39 PM:DBManager:connection_data:Object reference not set to an instance of an object.
8/16/2024 6:33:39 PM:DBManager:connection_data:Object reference not set to an instance of an object.
8/16/2024 6:33:39 PM:DBManager:connection_data:Object reference not set to an instance of an object.
8/16/2024 6:33:39 PM:DBManager:connection_data:Object reference not set to an instance of an object.
8/16/2024 6:33:39 PM:DBManager:connection_data:Object reference not set to an instance of an object.
8/16/2024 6:33:39 PM:DBManager:connection_data:Object reference not set to an instance of an object.
8/16/2024 6:33:39 PM:DBManager:connection_data:Object reference not set to an instance of an object.
8/16/2024 6:33:39 PM:DBManager:connection_data:Object reference not set to an instance of an object.
8/16/2024 6:33:39 PM:DBManager:connection_data:Object reference not set to an instance of an object.
8/16/2024 6:33:39 PM:DBManager:connection_data:Object reference not set to an instance of an object.
8/16/2024 6:33:39 PM:DBManager:connection_data:Object reference not set to an instance of an object.
8/16/2024 6:33:39 PM:DBManager:connection_data:Object reference not set to an instance of an object.
8/16/2024 6:33:39 PM:DBManager:connection_data:Object reference not set to an instance of an object.
8/16/2024 6:33:39 PM:DBManager:connection_data:Object reference not set to an instance of an object.
8/16/2024 6:33:39 PM:DBManager:connection_data:Object reference not set to an instance of an object.
8/16/2024 6:33:39 PM:DBManager:connection_data:Object reference not set to an instance of an object.
8/16/2024 6:33:39 PM:DBManager:connection_data:Object reference not set to an instance of an object.
8/16/2024 6:33:39 PM:DBManager:connection_data:Object reference not set to an instance of an object.
8/16/2024 6:33:39 PM:DBManager:connection_data:Object reference not set to an instance of an object.
8/16/2024 6:33:39 PM:DBManager:connection_data:Object reference not set to an instance of an object.
8/16/2024 6:33:39 PM:DBManager:connection_data:Object reference not set to an instance of an object.
8/16/2024 6:33:39 PM:DBManager:connection_data:Object reference not set to an instance of an object.
8/16/2024 6:33:39 PM:DBManager:connection_data:Object reference not set to an instance of an object.
8/16/2024 6:33:39 PM:DBManager:connection_data:Object reference not set to an instance of an object.
8/16/2024 6:33:39 PM:DBManager:connection_data:Object reference not set to an instance of an object.
8/16/2024 6:33:39 PM:DBManager:connection_data:Object reference not set to an instance of an object.
8/16/2024 6:33:39 PM:DBManager:connection_data:Object reference not set to an instance of an object.
8/16/2024 6:33:39 PM:DBManager:connection_data:Object reference not set to an instance of an object.
8/16/2024 6:33:39 PM:DBManager:connection_data:Object reference not set to an instance of an object.
8/16/2024 6:33:39 PM:DBManager:connection_data:Object reference not set to an instance of an object.
8/16/2024 6:33:39 PM:DBManager:connection_data:Object reference not set to an instance of an object.
8/16/2024 6:33:39 PM:DBManager:connection_data:Object reference not set to an instance of an object.
8/16/2024 6:33:39 PM:DBManager:connection_data:Object reference not set to an instance of an object.
8/16/2024 6:33:39 PM:DBManager:connection_data:Object reference not set to an instance of an object.
8/16/2024 6:33:39 PM:DBManager:connection_data:Object reference not set to an instance of an object.
8/16/2024 6:33:39 PM:DBManager:connection_data:Object reference not set to an instance of an object.
8/16/2024 6:33:39 PM:DBManager:connection_data:Object reference not set to an instance of an object.
8/16/2024 6:33:39 PM:DBManager:connection_data:Object reference not set to an instance of an object.
8/16/2024 6:33:39 PM:DBManager:connection_data:Object reference not set to an instance of an object.
8/16/2024 6:33:39 PM:DBManager:connection_data:Object reference not set to an instance of an object.
8/16/2024 6:33:39 PM:DBManager:connection_data:Object reference not set to an instance of an object.
8/16/2024 6:33:39 PM:DBManager:connection_data:Object reference not set to an instance of an object.
8/16/2024 6:33:39 PM:DBManager:connection_data:Object reference not set to an instance of an object.
8/16/2024 6:33:39 PM:DBManager:connection_data:Object reference not set to an instance of an object.
8/16/2024 6:33:39 PM:DBManager:connection_data:Object reference not set to an instance of an object.
8/16/2024 6:33:39 PM:DBManager:connection_data:Object reference not set to an instance of an object.
8/16/2024 6:33:39 PM:DBManager:connection_data:Object reference not set to an instance of an object.
8/16/2024 6:33:39 PM:DBManager:connection_data:Object reference not set to an instance of an object.
8/16/2024 6:33:39 PM:DBManager:connection_data:Object reference not set to an instance of an object.
8/16/2024 6:33:39 PM:DBManager:connection_data:Object reference not set to an instance of an object.
8/16/2024 6:33:39 PM:DBManager:connection_data:Object reference not set to an instance of an object.
8/16/2024 6:33:39 PM:DBManager:connection_data:Object reference not set to an instance of an object.
8/16/2024 6:33:39 PM:DBManager:connection_data:Object reference not set to an instance of an object.
8/16/2024 6:33:39 PM:DBManager:connection_data:Object reference not set to an instance of an object.
8/16/2024 6:33:39 PM:DBManager:connection_data:Object reference not set to an instance of an object.
8/16/2024 6:33:39 PM:DBManager:connection_data:Object reference not set to an instance of an object.
8/16/2024 6:33:39 PM:DBManager:connection_data:Object reference not set to an instance of an object.
8/16/2024 6:33:39 PM:DBManager:connection_data:Object reference not set to an instance of an object.
8/16/2024 6:33:39 PM:DBManager:connection_data:Object reference not set to an instance of an object.
8/16/2024 6:33:39 PM:DBManager:connection_data:Object reference not set to an instance of an object.
8/16/2024 6:33:39 PM:DBManager:connection_data:Object reference not set to an instance of an object.
8/16/2024 6:33:39 PM:DBManager:connection_data:Object reference not set to an instance of an object.
8/16/2024 6:33:39 PM:DBManager:connection_data:Object reference not set to an instance of an object.
8/16/2024 6:33:39 PM:DBManager:connection_data:Object reference not set to an instance of an object.
8/16/2024 6:33:39 PM:DBManager:connection_data:Object reference not set to an instance of an object.
8/16/2024 6:33:39 PM:DBManager:connection_data:Object reference not set to an instance of an object.
8/16/2024 6:33:39 PM:DBManager:connection_data:Object reference not set to an instance of an object.
8/16/2024 6:33:39 PM:DBManager:connection_data:Object reference not set to an instance of an object.
8/16/2024 6:33:39 PM:DBManager:connection_data:Object reference not set to an instance of an object.
8/16/2024 6:33:39 PM:DBManager:connection_data:Object reference not set to an instance of an object.
8/16/2024 6:33:39 PM:DBManager:connection_data:Object reference not set to an instance of an object.
8/16/2024 6:33:39 PM:DBManager:connection_data:Object reference not set to an instance of an object.
8/16/2024 6:33:39 PM:DBManager:connection_data:Object reference not set to an instance of an object.
8/16/2024 6:33:39 PM:DBManager:connection_data:Object reference not set to an instance of an object.
8/16/2024 6:33:39 PM:DBManager:connection_data:Object reference not set to an instance of an object.
8/16/2024 6:33:39 PM:DBManager:connection_data:Object reference not set to an instance of an object.
8/16/2024 6:33:39 PM:DBManager:connection_data:Object reference not set to an instance of an object.
8/16/2024 6:33:39 PM:DBManager:connection_data:Object reference not set to an instance of an object.
8/16/2024 6:33:39 PM:DBManager:connection_data:Object reference not set to an instance of an object.
8/16/2024 6:33:39 PM:DBManager:connection_data:Object reference not set to an instance of an object.
8/16/2024 6:33:39 PM:DBManager:connection_data:Object reference not set to an instance of an object.
8/16/2024 6:33:39 PM:DBManager:connection_data:Object reference not set to an instance of an object.
16/08/2024 6:33:40 PM:Product_Master:Page_Load:1
16/08/2024 6:33:40 PM:Product_Master:Page_Load:2
16/08/2024 6:33:41 PM:Product_Master:BindGrid:The data source does not support server-side data paging.
16/08/2024 6:33:41 PM:Product_Master:Page_Load:9
16/08/2024 6:33:41 PM:Product_Master:Page_Load:10
16/08/2024 6:33:41 PM:Product_Master:selectIngredientList:Object reference not set to an instance of an object.
16/08/2024 6:33:41 PM:Product_Master:selectCondimentList:Object reference not set to an instance of an object.
16/08/2024 6:33:41 PM:Product_Master:Page_Load:11
