10-18-2023 11:31:07:DBManager:connection_data:Object reference not set to an instance of an object.
10-18-2023 11:31:07:DBManager:connection_data:Object reference not set to an instance of an object.
10-18-2023 11:31:07:DBManager:connection_data:Object reference not set to an instance of an object.
18/10/2023 11:31:07 AM:SignIn:btnLogIn_Click:test
10-18-2023 11:31:34:DBManager:connection_data:Object reference not set to an instance of an object.
10-18-2023 11:31:34:DBManager:connection_data:Object reference not set to an instance of an object.
10-18-2023 11:31:34:DBManager:connection_data:Object reference not set to an instance of an object.
18/10/2023 11:31:34 AM:SignIn:btnLogIn_Click:test
18/10/2023 11:31:35 AM:SignIn:btnLogIn_Click4:
18/10/2023 11:31:35 AM:SignIn:btnLogIn_Click5:
18/10/2023 11:31:35 AM:SignIn:btnLogIn_Click7:
18/10/2023 11:31:35 AM:SignIn:btnLogIn_Click8:
18/10/2023 11:31:35 AM:ClsDataccess:Getdatatable:The ConnectionString property has not been initialized.
10-18-2023 11:31:35:DBManager:connection_data:Object reference not set to an instance of an object.
10-18-2023 11:31:35:DBManager:connection_data:Object reference not set to an instance of an object.
10-18-2023 11:31:35:DBManager:connection_data:Object reference not set to an instance of an object.
10-18-2023 11:31:35:DBManager:connection_data:Object reference not set to an instance of an object.
10-18-2023 11:31:35:DBManager:connection_data:Object reference not set to an instance of an object.
10-18-2023 11:31:35:DBManager:connection_data:Object reference not set to an instance of an object.
10-18-2023 11:31:35:DBManager:connection_data:Object reference not set to an instance of an object.
10-18-2023 11:31:35:DBManager:connection_data:Object reference not set to an instance of an object.
10-18-2023 11:31:35:DBManager:connection_data:Object reference not set to an instance of an object.
10-18-2023 11:31:35:DBManager:connection_data:Object reference not set to an instance of an object.
10-18-2023 11:31:35:DBManager:connection_data:Object reference not set to an instance of an object.
10-18-2023 11:31:35:DBManager:connection_data:Object reference not set to an instance of an object.
10-18-2023 11:31:35:DBManager:connection_data:Object reference not set to an instance of an object.
10-18-2023 11:31:35:DBManager:connection_data:Object reference not set to an instance of an object.
10-18-2023 11:31:35:DBManager:connection_data:Object reference not set to an instance of an object.
10-18-2023 11:31:35:DBManager:connection_data:Object reference not set to an instance of an object.
10-18-2023 11:31:35:DBManager:connection_data:Object reference not set to an instance of an object.
10-18-2023 11:31:35:DBManager:connection_data:Object reference not set to an instance of an object.
10-18-2023 11:31:35:DBManager:connection_data:Object reference not set to an instance of an object.
10-18-2023 11:31:35:DBManager:connection_data:Object reference not set to an instance of an object.
10-18-2023 11:31:35:DBManager:connection_data:Object reference not set to an instance of an object.
10-18-2023 11:31:35:DBManager:connection_data:Object reference not set to an instance of an object.
10-18-2023 11:31:35:DBManager:connection_data:Object reference not set to an instance of an object.
10-18-2023 11:31:35:DBManager:connection_data:Object reference not set to an instance of an object.
10-18-2023 11:31:35:DBManager:connection_data:Object reference not set to an instance of an object.
10-18-2023 11:31:35:DBManager:connection_data:Object reference not set to an instance of an object.
10-18-2023 11:31:35:DBManager:connection_data:Object reference not set to an instance of an object.
10-18-2023 11:31:35:DBManager:connection_data:Object reference not set to an instance of an object.
10-18-2023 11:31:35:DBManager:connection_data:Object reference not set to an instance of an object.
10-18-2023 11:31:35:DBManager:connection_data:Object reference not set to an instance of an object.
10-18-2023 11:31:35:DBManager:connection_data:Object reference not set to an instance of an object.
10-18-2023 11:31:35:DBManager:connection_data:Object reference not set to an instance of an object.
10-18-2023 11:31:35:DBManager:connection_data:Object reference not set to an instance of an object.
10-18-2023 11:31:35:DBManager:connection_data:Object reference not set to an instance of an object.
10-18-2023 11:31:35:DBManager:connection_data:Object reference not set to an instance of an object.
10-18-2023 11:31:35:DBManager:connection_data:Object reference not set to an instance of an object.
10-18-2023 11:31:35:DBManager:connection_data:Object reference not set to an instance of an object.
10-18-2023 11:31:35:DBManager:connection_data:Object reference not set to an instance of an object.
10-18-2023 11:31:35:DBManager:connection_data:Object reference not set to an instance of an object.
10-18-2023 11:31:35:DBManager:connection_data:Object reference not set to an instance of an object.
10-18-2023 11:31:35:DBManager:connection_data:Object reference not set to an instance of an object.
10-18-2023 11:31:35:DBManager:connection_data:Object reference not set to an instance of an object.
10-18-2023 11:31:35:DBManager:connection_data:Object reference not set to an instance of an object.
10-18-2023 11:31:35:DBManager:connection_data:Object reference not set to an instance of an object.
10-18-2023 11:31:35:DBManager:connection_data:Object reference not set to an instance of an object.
10-18-2023 11:31:35:DBManager:connection_data:Object reference not set to an instance of an object.
10-18-2023 11:31:35:DBManager:connection_data:Object reference not set to an instance of an object.
10-18-2023 11:31:35:DBManager:connection_data:Object reference not set to an instance of an object.
10-18-2023 11:31:35:DBManager:connection_data:Object reference not set to an instance of an object.
10-18-2023 11:31:35:DBManager:connection_data:Object reference not set to an instance of an object.
10-18-2023 11:31:35:DBManager:connection_data:Object reference not set to an instance of an object.
10-18-2023 11:31:35:DBManager:connection_data:Object reference not set to an instance of an object.
10-18-2023 11:31:35:DBManager:connection_data:Object reference not set to an instance of an object.
10-18-2023 11:31:35:DBManager:connection_data:Object reference not set to an instance of an object.
10-18-2023 11:31:35:DBManager:connection_data:Object reference not set to an instance of an object.
10-18-2023 11:31:35:DBManager:connection_data:Object reference not set to an instance of an object.
10-18-2023 11:31:35:DBManager:connection_data:Object reference not set to an instance of an object.
10-18-2023 11:31:35:DBManager:connection_data:Object reference not set to an instance of an object.
10-18-2023 11:31:35:DBManager:connection_data:Object reference not set to an instance of an object.
10-18-2023 11:31:35:DBManager:connection_data:Object reference not set to an instance of an object.
10-18-2023 11:31:35:DBManager:connection_data:Object reference not set to an instance of an object.
10-18-2023 11:31:35:DBManager:connection_data:Object reference not set to an instance of an object.
10-18-2023 11:31:35:DBManager:connection_data:Object reference not set to an instance of an object.
10-18-2023 11:31:35:DBManager:connection_data:Object reference not set to an instance of an object.
10-18-2023 11:31:35:DBManager:connection_data:Object reference not set to an instance of an object.
10-18-2023 11:31:35:DBManager:connection_data:Object reference not set to an instance of an object.
10-18-2023 11:31:35:DBManager:connection_data:Object reference not set to an instance of an object.
10-18-2023 11:31:35:DBManager:connection_data:Object reference not set to an instance of an object.
10-18-2023 11:31:35:DBManager:connection_data:Object reference not set to an instance of an object.
10-18-2023 11:31:35:DBManager:connection_data:Object reference not set to an instance of an object.
10-18-2023 11:31:35:DBManager:connection_data:Object reference not set to an instance of an object.
10-18-2023 11:31:35:DBManager:connection_data:Object reference not set to an instance of an object.
10-18-2023 11:31:35:DBManager:connection_data:Object reference not set to an instance of an object.
10-18-2023 11:31:35:DBManager:connection_data:Object reference not set to an instance of an object.
10-18-2023 11:31:35:DBManager:connection_data:Object reference not set to an instance of an object.
10-18-2023 11:31:35:DBManager:connection_data:Object reference not set to an instance of an object.
10-18-2023 11:31:35:DBManager:connection_data:Object reference not set to an instance of an object.
10-18-2023 11:31:42:DBManager:connection_data:Object reference not set to an instance of an object.
10-18-2023 11:31:42:DBManager:connection_data:Object reference not set to an instance of an object.
10-18-2023 11:31:42:DBManager:connection_data:Object reference not set to an instance of an object.
10-18-2023 11:31:42:DBManager:connection_data:Object reference not set to an instance of an object.
10-18-2023 11:31:42:DBManager:connection_data:Object reference not set to an instance of an object.
10-18-2023 11:31:42:DBManager:connection_data:Object reference not set to an instance of an object.
18/10/2023 11:31:42 AM:Location_List:rdLocaton_ItemDataBoundObject reference not set to an instance of an object.
18/10/2023 11:31:42 AM:Location_List:rdLocaton_ItemDataBoundObject reference not set to an instance of an object.
10-18-2023 12:11:15:DBManager:connection_data:Object reference not set to an instance of an object.
10-18-2023 12:11:15:DBManager:connection_data:Object reference not set to an instance of an object.
10-18-2023 12:11:15:DBManager:connection_data:Object reference not set to an instance of an object.
10-18-2023 12:11:15:DBManager:connection_data:Object reference not set to an instance of an object.
10-18-2023 12:11:15:DBManager:connection_data:Object reference not set to an instance of an object.
10-18-2023 12:11:15:DBManager:connection_data:Object reference not set to an instance of an object.
18/10/2023 12:11:15 PM:MasterPage:Page_Init:Thread was being aborted.
10-18-2023 12:33:07:DBManager:connection_data:Object reference not set to an instance of an object.
10-18-2023 12:33:07:DBManager:connection_data:Object reference not set to an instance of an object.
10-18-2023 12:33:07:DBManager:connection_data:Object reference not set to an instance of an object.
18/10/2023 12:33:07 PM:SignIn:btnLogIn_Click:test
10-18-2023 12:53:21:DBManager:connection_data:Object reference not set to an instance of an object.
10-18-2023 12:53:21:DBManager:connection_data:Object reference not set to an instance of an object.
10-18-2023 12:53:21:DBManager:connection_data:Object reference not set to an instance of an object.
18/10/2023 12:53:21 PM:SignIn:btnLogIn_Click:test
18/10/2023 12:53:21 PM:SignIn:btnLogIn_Click4:
18/10/2023 12:53:21 PM:SignIn:btnLogIn_Click5:
18/10/2023 12:53:21 PM:SignIn:btnLogIn_Click7:
18/10/2023 12:53:21 PM:SignIn:btnLogIn_Click8:
18/10/2023 12:53:21 PM:ClsDataccess:Getdatatable:The ConnectionString property has not been initialized.
10-18-2023 12:53:21:DBManager:connection_data:Object reference not set to an instance of an object.
10-18-2023 12:53:21:DBManager:connection_data:Object reference not set to an instance of an object.
10-18-2023 12:53:21:DBManager:connection_data:Object reference not set to an instance of an object.
10-18-2023 12:53:21:DBManager:connection_data:Object reference not set to an instance of an object.
10-18-2023 12:53:21:DBManager:connection_data:Object reference not set to an instance of an object.
10-18-2023 12:53:21:DBManager:connection_data:Object reference not set to an instance of an object.
10-18-2023 12:53:21:DBManager:connection_data:Object reference not set to an instance of an object.
10-18-2023 12:53:21:DBManager:connection_data:Object reference not set to an instance of an object.
10-18-2023 12:53:21:DBManager:connection_data:Object reference not set to an instance of an object.
10-18-2023 12:53:21:DBManager:connection_data:Object reference not set to an instance of an object.
10-18-2023 12:53:21:DBManager:connection_data:Object reference not set to an instance of an object.
10-18-2023 12:53:21:DBManager:connection_data:Object reference not set to an instance of an object.
10-18-2023 12:53:21:DBManager:connection_data:Object reference not set to an instance of an object.
10-18-2023 12:53:21:DBManager:connection_data:Object reference not set to an instance of an object.
10-18-2023 12:53:21:DBManager:connection_data:Object reference not set to an instance of an object.
10-18-2023 12:53:21:DBManager:connection_data:Object reference not set to an instance of an object.
10-18-2023 12:53:21:DBManager:connection_data:Object reference not set to an instance of an object.
10-18-2023 12:53:21:DBManager:connection_data:Object reference not set to an instance of an object.
10-18-2023 12:53:21:DBManager:connection_data:Object reference not set to an instance of an object.
10-18-2023 12:53:21:DBManager:connection_data:Object reference not set to an instance of an object.
10-18-2023 12:53:21:DBManager:connection_data:Object reference not set to an instance of an object.
10-18-2023 12:53:21:DBManager:connection_data:Object reference not set to an instance of an object.
10-18-2023 12:53:21:DBManager:connection_data:Object reference not set to an instance of an object.
10-18-2023 12:53:21:DBManager:connection_data:Object reference not set to an instance of an object.
10-18-2023 12:53:21:DBManager:connection_data:Object reference not set to an instance of an object.
10-18-2023 12:53:21:DBManager:connection_data:Object reference not set to an instance of an object.
10-18-2023 12:53:21:DBManager:connection_data:Object reference not set to an instance of an object.
10-18-2023 12:53:21:DBManager:connection_data:Object reference not set to an instance of an object.
10-18-2023 12:53:21:DBManager:connection_data:Object reference not set to an instance of an object.
10-18-2023 12:53:21:DBManager:connection_data:Object reference not set to an instance of an object.
10-18-2023 12:53:21:DBManager:connection_data:Object reference not set to an instance of an object.
10-18-2023 12:53:21:DBManager:connection_data:Object reference not set to an instance of an object.
10-18-2023 12:53:21:DBManager:connection_data:Object reference not set to an instance of an object.
10-18-2023 12:53:21:DBManager:connection_data:Object reference not set to an instance of an object.
10-18-2023 12:53:21:DBManager:connection_data:Object reference not set to an instance of an object.
10-18-2023 12:53:21:DBManager:connection_data:Object reference not set to an instance of an object.
10-18-2023 12:53:21:DBManager:connection_data:Object reference not set to an instance of an object.
10-18-2023 12:53:21:DBManager:connection_data:Object reference not set to an instance of an object.
10-18-2023 12:53:21:DBManager:connection_data:Object reference not set to an instance of an object.
10-18-2023 12:53:21:DBManager:connection_data:Object reference not set to an instance of an object.
10-18-2023 12:53:21:DBManager:connection_data:Object reference not set to an instance of an object.
10-18-2023 12:53:21:DBManager:connection_data:Object reference not set to an instance of an object.
10-18-2023 12:53:21:DBManager:connection_data:Object reference not set to an instance of an object.
10-18-2023 12:53:21:DBManager:connection_data:Object reference not set to an instance of an object.
10-18-2023 12:53:21:DBManager:connection_data:Object reference not set to an instance of an object.
10-18-2023 12:53:21:DBManager:connection_data:Object reference not set to an instance of an object.
10-18-2023 12:53:21:DBManager:connection_data:Object reference not set to an instance of an object.
10-18-2023 12:53:21:DBManager:connection_data:Object reference not set to an instance of an object.
10-18-2023 12:53:21:DBManager:connection_data:Object reference not set to an instance of an object.
10-18-2023 12:53:21:DBManager:connection_data:Object reference not set to an instance of an object.
10-18-2023 12:53:21:DBManager:connection_data:Object reference not set to an instance of an object.
10-18-2023 12:53:21:DBManager:connection_data:Object reference not set to an instance of an object.
10-18-2023 12:53:21:DBManager:connection_data:Object reference not set to an instance of an object.
10-18-2023 12:53:21:DBManager:connection_data:Object reference not set to an instance of an object.
10-18-2023 12:53:21:DBManager:connection_data:Object reference not set to an instance of an object.
10-18-2023 12:53:21:DBManager:connection_data:Object reference not set to an instance of an object.
10-18-2023 12:53:21:DBManager:connection_data:Object reference not set to an instance of an object.
10-18-2023 12:53:21:DBManager:connection_data:Object reference not set to an instance of an object.
10-18-2023 12:53:21:DBManager:connection_data:Object reference not set to an instance of an object.
10-18-2023 12:53:21:DBManager:connection_data:Object reference not set to an instance of an object.
10-18-2023 12:53:21:DBManager:connection_data:Object reference not set to an instance of an object.
10-18-2023 12:53:21:DBManager:connection_data:Object reference not set to an instance of an object.
10-18-2023 12:53:21:DBManager:connection_data:Object reference not set to an instance of an object.
10-18-2023 12:53:21:DBManager:connection_data:Object reference not set to an instance of an object.
10-18-2023 12:53:21:DBManager:connection_data:Object reference not set to an instance of an object.
10-18-2023 12:53:21:DBManager:connection_data:Object reference not set to an instance of an object.
10-18-2023 12:53:21:DBManager:connection_data:Object reference not set to an instance of an object.
10-18-2023 12:53:21:DBManager:connection_data:Object reference not set to an instance of an object.
10-18-2023 12:53:21:DBManager:connection_data:Object reference not set to an instance of an object.
10-18-2023 12:53:21:DBManager:connection_data:Object reference not set to an instance of an object.
10-18-2023 12:53:21:DBManager:connection_data:Object reference not set to an instance of an object.
10-18-2023 12:53:21:DBManager:connection_data:Object reference not set to an instance of an object.
10-18-2023 12:53:21:DBManager:connection_data:Object reference not set to an instance of an object.
10-18-2023 12:53:21:DBManager:connection_data:Object reference not set to an instance of an object.
10-18-2023 12:53:21:DBManager:connection_data:Object reference not set to an instance of an object.
10-18-2023 12:53:21:DBManager:connection_data:Object reference not set to an instance of an object.
10-18-2023 12:53:21:DBManager:connection_data:Object reference not set to an instance of an object.
10-18-2023 12:53:25:DBManager:connection_data:Object reference not set to an instance of an object.
10-18-2023 12:53:25:DBManager:connection_data:Object reference not set to an instance of an object.
10-18-2023 12:53:25:DBManager:connection_data:Object reference not set to an instance of an object.
10-18-2023 12:53:25:DBManager:connection_data:Object reference not set to an instance of an object.
10-18-2023 12:53:25:DBManager:connection_data:Object reference not set to an instance of an object.
10-18-2023 12:53:25:DBManager:connection_data:Object reference not set to an instance of an object.
18/10/2023 12:53:25 PM:Location_List:rdLocaton_ItemDataBoundObject reference not set to an instance of an object.
18/10/2023 12:53:25 PM:Location_List:rdLocaton_ItemDataBoundObject reference not set to an instance of an object.
10-18-2023 12:59:29:DBManager:connection_data:Object reference not set to an instance of an object.
10-18-2023 12:59:29:DBManager:connection_data:Object reference not set to an instance of an object.
10-18-2023 12:59:29:DBManager:connection_data:Object reference not set to an instance of an object.
10-18-2023 12:59:29:DBManager:connection_data:Object reference not set to an instance of an object.
10-18-2023 12:59:29:DBManager:connection_data:Object reference not set to an instance of an object.
10-18-2023 12:59:29:DBManager:connection_data:Object reference not set to an instance of an object.
10-18-2023 12:59:31:DBManager:connection_data:Object reference not set to an instance of an object.
10-18-2023 12:59:31:DBManager:connection_data:Object reference not set to an instance of an object.
10-18-2023 12:59:31:DBManager:connection_data:Object reference not set to an instance of an object.
10-18-2023 12:59:31:DBManager:connection_data:Object reference not set to an instance of an object.
10-18-2023 12:59:31:DBManager:connection_data:Object reference not set to an instance of an object.
10-18-2023 12:59:31:DBManager:connection_data:Object reference not set to an instance of an object.
10-18-2023 12:59:31:DBManager:connection_data:Object reference not set to an instance of an object.
10-18-2023 12:59:31:DBManager:connection_data:Object reference not set to an instance of an object.
10-18-2023 12:59:31:DBManager:connection_data:Object reference not set to an instance of an object.
10-18-2023 12:59:31:DBManager:connection_data:Object reference not set to an instance of an object.
10-18-2023 12:59:31:DBManager:connection_data:Object reference not set to an instance of an object.
10-18-2023 12:59:31:DBManager:connection_data:Object reference not set to an instance of an object.
10-18-2023 12:59:31:DBManager:connection_data:Object reference not set to an instance of an object.
10-18-2023 12:59:31:DBManager:connection_data:Object reference not set to an instance of an object.
10-18-2023 12:59:31:DBManager:connection_data:Object reference not set to an instance of an object.
10-18-2023 12:59:31:DBManager:connection_data:Object reference not set to an instance of an object.
10-18-2023 12:59:31:DBManager:connection_data:Object reference not set to an instance of an object.
10-18-2023 12:59:31:DBManager:connection_data:Object reference not set to an instance of an object.
10-18-2023 12:59:31:DBManager:connection_data:Object reference not set to an instance of an object.
10-18-2023 12:59:31:DBManager:connection_data:Object reference not set to an instance of an object.
10-18-2023 12:59:31:DBManager:connection_data:Object reference not set to an instance of an object.
10-18-2023 12:59:31:DBManager:connection_data:Object reference not set to an instance of an object.
10-18-2023 12:59:31:DBManager:connection_data:Object reference not set to an instance of an object.
10-18-2023 12:59:31:DBManager:connection_data:Object reference not set to an instance of an object.
10-18-2023 12:59:31:DBManager:connection_data:Object reference not set to an instance of an object.
10-18-2023 12:59:31:DBManager:connection_data:Object reference not set to an instance of an object.
10-18-2023 12:59:31:DBManager:connection_data:Object reference not set to an instance of an object.
10-18-2023 12:59:31:DBManager:connection_data:Object reference not set to an instance of an object.
10-18-2023 12:59:31:DBManager:connection_data:Object reference not set to an instance of an object.
10-18-2023 12:59:31:DBManager:connection_data:Object reference not set to an instance of an object.
10-18-2023 12:59:31:DBManager:connection_data:Object reference not set to an instance of an object.
10-18-2023 12:59:31:DBManager:connection_data:Object reference not set to an instance of an object.
10-18-2023 12:59:31:DBManager:connection_data:Object reference not set to an instance of an object.
10-18-2023 12:59:31:DBManager:connection_data:Object reference not set to an instance of an object.
10-18-2023 12:59:31:DBManager:connection_data:Object reference not set to an instance of an object.
10-18-2023 12:59:31:DBManager:connection_data:Object reference not set to an instance of an object.
10-18-2023 12:59:31:DBManager:connection_data:Object reference not set to an instance of an object.
10-18-2023 12:59:31:DBManager:connection_data:Object reference not set to an instance of an object.
10-18-2023 12:59:31:DBManager:connection_data:Object reference not set to an instance of an object.
10-18-2023 12:59:31:DBManager:connection_data:Object reference not set to an instance of an object.
10-18-2023 12:59:31:DBManager:connection_data:Object reference not set to an instance of an object.
10-18-2023 12:59:31:DBManager:connection_data:Object reference not set to an instance of an object.
10-18-2023 12:59:31:DBManager:connection_data:Object reference not set to an instance of an object.
10-18-2023 12:59:31:DBManager:connection_data:Object reference not set to an instance of an object.
10-18-2023 12:59:31:DBManager:connection_data:Object reference not set to an instance of an object.
10-18-2023 12:59:31:DBManager:connection_data:Object reference not set to an instance of an object.
10-18-2023 12:59:31:DBManager:connection_data:Object reference not set to an instance of an object.
10-18-2023 12:59:31:DBManager:connection_data:Object reference not set to an instance of an object.
10-18-2023 12:59:31:DBManager:connection_data:Object reference not set to an instance of an object.
10-18-2023 12:59:31:DBManager:connection_data:Object reference not set to an instance of an object.
10-18-2023 12:59:31:DBManager:connection_data:Object reference not set to an instance of an object.
10-18-2023 12:59:31:DBManager:connection_data:Object reference not set to an instance of an object.
10-18-2023 12:59:31:DBManager:connection_data:Object reference not set to an instance of an object.
10-18-2023 12:59:31:DBManager:connection_data:Object reference not set to an instance of an object.
10-18-2023 12:59:31:DBManager:connection_data:Object reference not set to an instance of an object.
10-18-2023 12:59:31:DBManager:connection_data:Object reference not set to an instance of an object.
10-18-2023 12:59:31:DBManager:connection_data:Object reference not set to an instance of an object.
10-18-2023 12:59:31:DBManager:connection_data:Object reference not set to an instance of an object.
10-18-2023 12:59:31:DBManager:connection_data:Object reference not set to an instance of an object.
10-18-2023 12:59:31:DBManager:connection_data:Object reference not set to an instance of an object.
10-18-2023 12:59:31:DBManager:connection_data:Object reference not set to an instance of an object.
10-18-2023 12:59:31:DBManager:connection_data:Object reference not set to an instance of an object.
10-18-2023 12:59:31:DBManager:connection_data:Object reference not set to an instance of an object.
10-18-2023 12:59:31:DBManager:connection_data:Object reference not set to an instance of an object.
10-18-2023 12:59:31:DBManager:connection_data:Object reference not set to an instance of an object.
10-18-2023 12:59:31:DBManager:connection_data:Object reference not set to an instance of an object.
10-18-2023 12:59:31:DBManager:connection_data:Object reference not set to an instance of an object.
10-18-2023 12:59:31:DBManager:connection_data:Object reference not set to an instance of an object.
10-18-2023 12:59:31:DBManager:connection_data:Object reference not set to an instance of an object.
10-18-2023 12:59:31:DBManager:connection_data:Object reference not set to an instance of an object.
10-18-2023 12:59:31:DBManager:connection_data:Object reference not set to an instance of an object.
10-18-2023 12:59:31:DBManager:connection_data:Object reference not set to an instance of an object.
10-18-2023 12:59:31:DBManager:connection_data:Object reference not set to an instance of an object.
10-18-2023 12:59:31:DBManager:connection_data:Object reference not set to an instance of an object.
10-18-2023 12:59:31:DBManager:connection_data:Object reference not set to an instance of an object.
10-18-2023 12:59:31:DBManager:connection_data:Object reference not set to an instance of an object.
10-18-2023 12:59:31:DBManager:connection_data:Object reference not set to an instance of an object.
10-18-2023 12:59:31:DBManager:connection_data:Object reference not set to an instance of an object.
10-18-2023 12:59:31:DBManager:connection_data:Object reference not set to an instance of an object.
10-18-2023 12:59:31:DBManager:connection_data:Object reference not set to an instance of an object.
10-18-2023 12:59:31:DBManager:connection_data:Object reference not set to an instance of an object.
10-18-2023 12:59:31:DBManager:connection_data:Object reference not set to an instance of an object.
10-18-2023 12:59:31:DBManager:connection_data:Object reference not set to an instance of an object.
10-18-2023 15:22:47:DBManager:connection_data:Object reference not set to an instance of an object.
10-18-2023 15:22:47:DBManager:connection_data:Object reference not set to an instance of an object.
10-18-2023 15:22:47:DBManager:connection_data:Object reference not set to an instance of an object.
10-18-2023 15:22:47:DBManager:connection_data:Object reference not set to an instance of an object.
10-18-2023 15:22:47:DBManager:connection_data:Object reference not set to an instance of an object.
10-18-2023 15:22:47:DBManager:connection_data:Object reference not set to an instance of an object.
18/10/2023 3:22:47 PM:MasterPage:Page_Init:Thread was being aborted.
10-18-2023 15:34:26:DBManager:connection_data:Object reference not set to an instance of an object.
10-18-2023 15:34:26:DBManager:connection_data:Object reference not set to an instance of an object.
10-18-2023 15:34:26:DBManager:connection_data:Object reference not set to an instance of an object.
18/10/2023 3:34:26 PM:SignIn:btnLogIn_Click:test
10-18-2023 15:34:31:DBManager:connection_data:Object reference not set to an instance of an object.
10-18-2023 15:34:31:DBManager:connection_data:Object reference not set to an instance of an object.
10-18-2023 15:34:31:DBManager:connection_data:Object reference not set to an instance of an object.
18/10/2023 3:34:31 PM:SignIn:btnLogIn_Click:test
18/10/2023 3:34:31 PM:SignIn:btnLogIn_Click4:
18/10/2023 3:34:31 PM:SignIn:btnLogIn_Click5:
18/10/2023 3:34:31 PM:SignIn:btnLogIn_Click7:
18/10/2023 3:34:31 PM:SignIn:btnLogIn_Click8:
18/10/2023 3:34:31 PM:ClsDataccess:Getdatatable:The ConnectionString property has not been initialized.
10-18-2023 15:34:31:DBManager:connection_data:Object reference not set to an instance of an object.
10-18-2023 15:34:31:DBManager:connection_data:Object reference not set to an instance of an object.
10-18-2023 15:34:31:DBManager:connection_data:Object reference not set to an instance of an object.
10-18-2023 15:34:31:DBManager:connection_data:Object reference not set to an instance of an object.
10-18-2023 15:34:31:DBManager:connection_data:Object reference not set to an instance of an object.
10-18-2023 15:34:31:DBManager:connection_data:Object reference not set to an instance of an object.
10-18-2023 15:34:31:DBManager:connection_data:Object reference not set to an instance of an object.
10-18-2023 15:34:31:DBManager:connection_data:Object reference not set to an instance of an object.
10-18-2023 15:34:31:DBManager:connection_data:Object reference not set to an instance of an object.
10-18-2023 15:34:31:DBManager:connection_data:Object reference not set to an instance of an object.
10-18-2023 15:34:31:DBManager:connection_data:Object reference not set to an instance of an object.
10-18-2023 15:34:31:DBManager:connection_data:Object reference not set to an instance of an object.
10-18-2023 15:34:31:DBManager:connection_data:Object reference not set to an instance of an object.
10-18-2023 15:34:31:DBManager:connection_data:Object reference not set to an instance of an object.
10-18-2023 15:34:31:DBManager:connection_data:Object reference not set to an instance of an object.
10-18-2023 15:34:31:DBManager:connection_data:Object reference not set to an instance of an object.
10-18-2023 15:34:31:DBManager:connection_data:Object reference not set to an instance of an object.
10-18-2023 15:34:31:DBManager:connection_data:Object reference not set to an instance of an object.
10-18-2023 15:34:31:DBManager:connection_data:Object reference not set to an instance of an object.
10-18-2023 15:34:31:DBManager:connection_data:Object reference not set to an instance of an object.
10-18-2023 15:34:31:DBManager:connection_data:Object reference not set to an instance of an object.
10-18-2023 15:34:31:DBManager:connection_data:Object reference not set to an instance of an object.
10-18-2023 15:34:31:DBManager:connection_data:Object reference not set to an instance of an object.
10-18-2023 15:34:31:DBManager:connection_data:Object reference not set to an instance of an object.
10-18-2023 15:34:31:DBManager:connection_data:Object reference not set to an instance of an object.
10-18-2023 15:34:31:DBManager:connection_data:Object reference not set to an instance of an object.
10-18-2023 15:34:31:DBManager:connection_data:Object reference not set to an instance of an object.
10-18-2023 15:34:31:DBManager:connection_data:Object reference not set to an instance of an object.
10-18-2023 15:34:31:DBManager:connection_data:Object reference not set to an instance of an object.
10-18-2023 15:34:31:DBManager:connection_data:Object reference not set to an instance of an object.
10-18-2023 15:34:31:DBManager:connection_data:Object reference not set to an instance of an object.
10-18-2023 15:34:31:DBManager:connection_data:Object reference not set to an instance of an object.
10-18-2023 15:34:31:DBManager:connection_data:Object reference not set to an instance of an object.
10-18-2023 15:34:31:DBManager:connection_data:Object reference not set to an instance of an object.
10-18-2023 15:34:31:DBManager:connection_data:Object reference not set to an instance of an object.
10-18-2023 15:34:31:DBManager:connection_data:Object reference not set to an instance of an object.
10-18-2023 15:34:31:DBManager:connection_data:Object reference not set to an instance of an object.
10-18-2023 15:34:31:DBManager:connection_data:Object reference not set to an instance of an object.
10-18-2023 15:34:31:DBManager:connection_data:Object reference not set to an instance of an object.
10-18-2023 15:34:31:DBManager:connection_data:Object reference not set to an instance of an object.
10-18-2023 15:34:31:DBManager:connection_data:Object reference not set to an instance of an object.
10-18-2023 15:34:31:DBManager:connection_data:Object reference not set to an instance of an object.
10-18-2023 15:34:31:DBManager:connection_data:Object reference not set to an instance of an object.
10-18-2023 15:34:31:DBManager:connection_data:Object reference not set to an instance of an object.
10-18-2023 15:34:31:DBManager:connection_data:Object reference not set to an instance of an object.
10-18-2023 15:34:31:DBManager:connection_data:Object reference not set to an instance of an object.
10-18-2023 15:34:31:DBManager:connection_data:Object reference not set to an instance of an object.
10-18-2023 15:34:31:DBManager:connection_data:Object reference not set to an instance of an object.
10-18-2023 15:34:31:DBManager:connection_data:Object reference not set to an instance of an object.
10-18-2023 15:34:31:DBManager:connection_data:Object reference not set to an instance of an object.
10-18-2023 15:34:31:DBManager:connection_data:Object reference not set to an instance of an object.
10-18-2023 15:34:31:DBManager:connection_data:Object reference not set to an instance of an object.
10-18-2023 15:34:31:DBManager:connection_data:Object reference not set to an instance of an object.
10-18-2023 15:34:31:DBManager:connection_data:Object reference not set to an instance of an object.
10-18-2023 15:34:31:DBManager:connection_data:Object reference not set to an instance of an object.
10-18-2023 15:34:31:DBManager:connection_data:Object reference not set to an instance of an object.
10-18-2023 15:34:31:DBManager:connection_data:Object reference not set to an instance of an object.
10-18-2023 15:34:31:DBManager:connection_data:Object reference not set to an instance of an object.
10-18-2023 15:34:31:DBManager:connection_data:Object reference not set to an instance of an object.
10-18-2023 15:34:31:DBManager:connection_data:Object reference not set to an instance of an object.
10-18-2023 15:34:31:DBManager:connection_data:Object reference not set to an instance of an object.
10-18-2023 15:34:31:DBManager:connection_data:Object reference not set to an instance of an object.
10-18-2023 15:34:31:DBManager:connection_data:Object reference not set to an instance of an object.
10-18-2023 15:34:31:DBManager:connection_data:Object reference not set to an instance of an object.
10-18-2023 15:34:31:DBManager:connection_data:Object reference not set to an instance of an object.
10-18-2023 15:34:31:DBManager:connection_data:Object reference not set to an instance of an object.
10-18-2023 15:34:31:DBManager:connection_data:Object reference not set to an instance of an object.
10-18-2023 15:34:31:DBManager:connection_data:Object reference not set to an instance of an object.
10-18-2023 15:34:31:DBManager:connection_data:Object reference not set to an instance of an object.
10-18-2023 15:34:31:DBManager:connection_data:Object reference not set to an instance of an object.
10-18-2023 15:34:31:DBManager:connection_data:Object reference not set to an instance of an object.
10-18-2023 15:34:31:DBManager:connection_data:Object reference not set to an instance of an object.
10-18-2023 15:34:31:DBManager:connection_data:Object reference not set to an instance of an object.
10-18-2023 15:34:31:DBManager:connection_data:Object reference not set to an instance of an object.
10-18-2023 15:34:31:DBManager:connection_data:Object reference not set to an instance of an object.
10-18-2023 15:34:31:DBManager:connection_data:Object reference not set to an instance of an object.
10-18-2023 15:34:31:DBManager:connection_data:Object reference not set to an instance of an object.
10-18-2023 15:34:34:DBManager:connection_data:Object reference not set to an instance of an object.
10-18-2023 15:34:34:DBManager:connection_data:Object reference not set to an instance of an object.
10-18-2023 15:34:34:DBManager:connection_data:Object reference not set to an instance of an object.
10-18-2023 15:34:34:DBManager:connection_data:Object reference not set to an instance of an object.
10-18-2023 15:34:34:DBManager:connection_data:Object reference not set to an instance of an object.
10-18-2023 15:34:34:DBManager:connection_data:Object reference not set to an instance of an object.
18/10/2023 3:34:34 PM:Location_List:rdLocaton_ItemDataBoundObject reference not set to an instance of an object.
18/10/2023 3:34:34 PM:Location_List:rdLocaton_ItemDataBoundObject reference not set to an instance of an object.
10-18-2023 15:35:36:DBManager:connection_data:Object reference not set to an instance of an object.
10-18-2023 15:35:36:DBManager:connection_data:Object reference not set to an instance of an object.
10-18-2023 15:35:36:DBManager:connection_data:Object reference not set to an instance of an object.
10-18-2023 15:35:36:DBManager:connection_data:Object reference not set to an instance of an object.
10-18-2023 15:35:36:DBManager:connection_data:Object reference not set to an instance of an object.
10-18-2023 15:35:36:DBManager:connection_data:Object reference not set to an instance of an object.
18/10/2023 3:35:36 PM:Location_List:rdLocaton_ItemDataBoundObject reference not set to an instance of an object.
18/10/2023 3:35:36 PM:Location_List:rdLocaton_ItemDataBoundObject reference not set to an instance of an object.
