19-05-2023 17:32:13:DBManager:connection_data:Object reference not set to an instance of an object.
19-05-2023 17:32:13:DBManager:connection_data:Object reference not set to an instance of an object.
19-05-2023 17:32:13:DBManager:connection_data:Object reference not set to an instance of an object.
19-05-2023 17:32:13:DBManager:connection_data:Object reference not set to an instance of an object.
19-05-2023 17:32:13:DBManager:connection_data:Object reference not set to an instance of an object.
19-05-2023 17:32:13:DBManager:connection_data:Object reference not set to an instance of an object.
19-05-2023 17:32:13:DBManager:connection_data:Object reference not set to an instance of an object.
19-05-2023 17:32:13:DBManager:connection_data:Object reference not set to an instance of an object.
19-05-2023 17:32:13:DBManager:connection_data:Object reference not set to an instance of an object.
19-05-2023 17:32:13:DBManager:connection_data:Object reference not set to an instance of an object.
19-05-2023 17:32:13:paybylink_Cashflow:Page_Load:Object reference not set to an instance of an object.
19-05-2023 17:34:09:DBManager:connection_data:Object reference not set to an instance of an object.
19-05-2023 17:34:09:DBManager:connection_data:Object reference not set to an instance of an object.
19-05-2023 17:34:09:DBManager:connection_data:Object reference not set to an instance of an object.
19-05-2023 17:34:09:DBManager:connection_data:Object reference not set to an instance of an object.
19-05-2023 17:34:09:DBManager:connection_data:Object reference not set to an instance of an object.
19-05-2023 17:34:09:DBManager:connection_data:Object reference not set to an instance of an object.
19-05-2023 17:34:09:DBManager:connection_data:Object reference not set to an instance of an object.
19-05-2023 17:34:09:DBManager:connection_data:Object reference not set to an instance of an object.
19-05-2023 17:34:09:DBManager:connection_data:Object reference not set to an instance of an object.
19-05-2023 17:34:09:DBManager:connection_data:Object reference not set to an instance of an object.
19-05-2023 17:34:09:paybylink_Cashflow:Page_Load:Object reference not set to an instance of an object.
19-05-2023 18:15:17:DBManager:connection_data:Object reference not set to an instance of an object.
19-05-2023 18:15:17:DBManager:connection_data:Object reference not set to an instance of an object.
19-05-2023 18:15:17:DBManager:connection_data:Object reference not set to an instance of an object.
19-05-2023 18:15:17:DBManager:connection_data:Object reference not set to an instance of an object.
19-05-2023 18:15:17:DBManager:connection_data:Object reference not set to an instance of an object.
19-05-2023 18:15:17:DBManager:connection_data:Object reference not set to an instance of an object.
19-05-2023 18:15:17:DBManager:connection_data:Object reference not set to an instance of an object.
19-05-2023 18:15:17:DBManager:connection_data:Object reference not set to an instance of an object.
19-05-2023 18:15:17:DBManager:connection_data:Object reference not set to an instance of an object.
19-05-2023 18:15:17:DBManager:connection_data:Object reference not set to an instance of an object.
19-05-2023 18:15:17:paybylink_Cashflow:Page_Load:Object reference not set to an instance of an object.
19-05-2023 18:16:35:DBManager:connection_data:Object reference not set to an instance of an object.
19-05-2023 18:16:35:DBManager:connection_data:Object reference not set to an instance of an object.
19-05-2023 18:16:35:DBManager:connection_data:Object reference not set to an instance of an object.
19/05/2023 6:16:35 PM:SignIn:btnLogIn_Click:test
19-05-2023 18:17:30:DBManager:connection_data:Object reference not set to an instance of an object.
19-05-2023 18:17:30:DBManager:connection_data:Object reference not set to an instance of an object.
19-05-2023 18:17:30:DBManager:connection_data:Object reference not set to an instance of an object.
19-05-2023 18:17:30:DBManager:connection_data:Object reference not set to an instance of an object.
19-05-2023 18:17:30:DBManager:connection_data:Object reference not set to an instance of an object.
19-05-2023 18:17:30:DBManager:connection_data:Object reference not set to an instance of an object.
19-05-2023 18:17:30:DBManager:connection_data:Object reference not set to an instance of an object.
19-05-2023 18:17:30:DBManager:connection_data:Object reference not set to an instance of an object.
19-05-2023 18:17:30:DBManager:connection_data:Object reference not set to an instance of an object.
19-05-2023 18:17:30:DBManager:connection_data:Object reference not set to an instance of an object.
19-05-2023 18:19:29:paybylink_Cashflow:Page_Load:Object reference not set to an instance of an object.
19-05-2023 18:20:00:DBManager:connection_data:Object reference not set to an instance of an object.
19-05-2023 18:20:00:DBManager:connection_data:Object reference not set to an instance of an object.
19-05-2023 18:20:00:DBManager:connection_data:Object reference not set to an instance of an object.
19/05/2023 6:20:00 PM:SignIn:btnLogIn_Click:test
19-05-2023 18:20:32:DBManager:connection_data:Object reference not set to an instance of an object.
19-05-2023 18:20:32:DBManager:connection_data:Object reference not set to an instance of an object.
19-05-2023 18:20:32:DBManager:connection_data:Object reference not set to an instance of an object.
19-05-2023 18:20:32:DBManager:connection_data:Object reference not set to an instance of an object.
19-05-2023 18:20:32:DBManager:connection_data:Object reference not set to an instance of an object.
19-05-2023 18:20:32:DBManager:connection_data:Object reference not set to an instance of an object.
19-05-2023 18:20:32:DBManager:connection_data:Object reference not set to an instance of an object.
19-05-2023 18:20:32:DBManager:connection_data:Object reference not set to an instance of an object.
19-05-2023 18:20:32:DBManager:connection_data:Object reference not set to an instance of an object.
19-05-2023 18:20:32:DBManager:connection_data:Object reference not set to an instance of an object.
19-05-2023 18:21:34:DBManager:connection_data:Object reference not set to an instance of an object.
19-05-2023 18:21:34:DBManager:connection_data:Object reference not set to an instance of an object.
19-05-2023 18:21:35:DBManager:connection_data:Object reference not set to an instance of an object.
19-05-2023 18:22:36:DBManager:connection_data:Object reference not set to an instance of an object.
19-05-2023 18:22:36:DBManager:connection_data:Object reference not set to an instance of an object.
19-05-2023 18:22:36:DBManager:connection_data:Object reference not set to an instance of an object.
19-05-2023 18:25:03:DBManager:connection_data:Object reference not set to an instance of an object.
19-05-2023 18:25:03:DBManager:connection_data:Object reference not set to an instance of an object.
19-05-2023 18:25:03:DBManager:connection_data:Object reference not set to an instance of an object.
19-05-2023 18:25:23:DBManager:connection_data:Object reference not set to an instance of an object.
19-05-2023 18:25:23:DBManager:connection_data:Object reference not set to an instance of an object.
19-05-2023 18:25:23:DBManager:connection_data:Object reference not set to an instance of an object.
19-05-2023 18:26:44:DBManager:connection_data:Object reference not set to an instance of an object.
19-05-2023 18:26:44:DBManager:connection_data:Object reference not set to an instance of an object.
19-05-2023 18:26:44:DBManager:connection_data:Object reference not set to an instance of an object.
19-05-2023 18:30:33:DBManager:connection_data:Object reference not set to an instance of an object.
19-05-2023 18:30:33:DBManager:connection_data:Object reference not set to an instance of an object.
19-05-2023 18:30:33:DBManager:connection_data:Object reference not set to an instance of an object.
19-05-2023 18:34:20:DBManager:connection_data:Object reference not set to an instance of an object.
19-05-2023 18:34:20:DBManager:connection_data:Object reference not set to an instance of an object.
19-05-2023 18:34:20:DBManager:connection_data:Object reference not set to an instance of an object.
19-05-2023 18:35:26:DBManager:connection_data:Object reference not set to an instance of an object.
19-05-2023 18:35:26:DBManager:connection_data:Object reference not set to an instance of an object.
19-05-2023 18:35:26:DBManager:connection_data:Object reference not set to an instance of an object.
19-05-2023 18:36:21:DBManager:connection_data:Object reference not set to an instance of an object.
19-05-2023 18:36:21:DBManager:connection_data:Object reference not set to an instance of an object.
19-05-2023 18:36:21:DBManager:connection_data:Object reference not set to an instance of an object.
19-05-2023 18:38:26:DBManager:connection_data:Object reference not set to an instance of an object.
19-05-2023 18:38:26:DBManager:connection_data:Object reference not set to an instance of an object.
19-05-2023 18:38:26:DBManager:connection_data:Object reference not set to an instance of an object.
19/05/2023 6:38:26 PM:SignIn:btnLogIn_Click:test
19-05-2023 18:38:51:DBManager:connection_data:Object reference not set to an instance of an object.
19-05-2023 18:38:51:DBManager:connection_data:Object reference not set to an instance of an object.
19-05-2023 18:38:51:DBManager:connection_data:Object reference not set to an instance of an object.
19/05/2023 6:38:51 PM:SignIn:btnLogIn_Click:test
19-05-2023 18:39:12:DBManager:connection_data:Object reference not set to an instance of an object.
19-05-2023 18:39:12:DBManager:connection_data:Object reference not set to an instance of an object.
19-05-2023 18:39:12:DBManager:connection_data:Object reference not set to an instance of an object.
19-05-2023 18:39:12:DBManager:connection_data:Object reference not set to an instance of an object.
19-05-2023 18:39:12:DBManager:connection_data:Object reference not set to an instance of an object.
19-05-2023 18:39:12:DBManager:connection_data:Object reference not set to an instance of an object.
19-05-2023 18:39:12:DBManager:connection_data:Object reference not set to an instance of an object.
19-05-2023 18:39:12:DBManager:connection_data:Object reference not set to an instance of an object.
19-05-2023 18:39:12:DBManager:connection_data:Object reference not set to an instance of an object.
19-05-2023 18:39:12:DBManager:connection_data:Object reference not set to an instance of an object.
19-05-2023 18:48:21:DBManager:connection_data:Object reference not set to an instance of an object.
19-05-2023 18:48:21:DBManager:connection_data:Object reference not set to an instance of an object.
19-05-2023 18:48:21:DBManager:connection_data:Object reference not set to an instance of an object.
19/05/2023 6:48:21 PM:SignIn:btnLogIn_Click:test
19-05-2023 18:48:52:DBManager:connection_data:Object reference not set to an instance of an object.
19-05-2023 18:48:52:DBManager:connection_data:Object reference not set to an instance of an object.
19-05-2023 18:48:52:DBManager:connection_data:Object reference not set to an instance of an object.
19/05/2023 6:48:52 PM:SignIn:btnLogIn_Click:test
19-05-2023 18:49:05:DBManager:connection_data:Object reference not set to an instance of an object.
19-05-2023 18:49:05:DBManager:connection_data:Object reference not set to an instance of an object.
19-05-2023 18:49:05:DBManager:connection_data:Object reference not set to an instance of an object.
19-05-2023 18:49:05:DBManager:connection_data:Object reference not set to an instance of an object.
19-05-2023 18:49:05:DBManager:connection_data:Object reference not set to an instance of an object.
19-05-2023 18:49:05:DBManager:connection_data:Object reference not set to an instance of an object.
19-05-2023 18:49:05:DBManager:connection_data:Object reference not set to an instance of an object.
19-05-2023 18:49:05:DBManager:connection_data:Object reference not set to an instance of an object.
19-05-2023 18:49:05:DBManager:connection_data:Object reference not set to an instance of an object.
19-05-2023 18:49:05:DBManager:connection_data:Object reference not set to an instance of an object.
19-05-2023 18:52:14:paybylink_Cashflow:Page_Load:The ConnectionString property has not been initialized.
19-05-2023 18:54:28:DBManager:connection_data:Object reference not set to an instance of an object.
19-05-2023 18:54:28:DBManager:connection_data:Object reference not set to an instance of an object.
19-05-2023 18:54:28:DBManager:connection_data:Object reference not set to an instance of an object.
19/05/2023 6:54:28 PM:SignIn:btnLogIn_Click:test
19-05-2023 18:59:44:DBManager:connection_data:Object reference not set to an instance of an object.
19-05-2023 18:59:44:DBManager:connection_data:Object reference not set to an instance of an object.
19-05-2023 18:59:44:DBManager:connection_data:Object reference not set to an instance of an object.
19/05/2023 6:59:44 PM:SignIn:btnLogIn_Click:test
19-05-2023 18:59:59:DBManager:connection_data:Object reference not set to an instance of an object.
19-05-2023 18:59:59:DBManager:connection_data:Object reference not set to an instance of an object.
19-05-2023 18:59:59:DBManager:connection_data:Object reference not set to an instance of an object.
19-05-2023 18:59:59:DBManager:connection_data:Object reference not set to an instance of an object.
19-05-2023 18:59:59:DBManager:connection_data:Object reference not set to an instance of an object.
19-05-2023 18:59:59:DBManager:connection_data:Object reference not set to an instance of an object.
19-05-2023 18:59:59:DBManager:connection_data:Object reference not set to an instance of an object.
19-05-2023 18:59:59:DBManager:connection_data:Object reference not set to an instance of an object.
19-05-2023 18:59:59:DBManager:connection_data:Object reference not set to an instance of an object.
19-05-2023 18:59:59:DBManager:connection_data:Object reference not set to an instance of an object.
19-05-2023 19:00:42:paybylink_Cashflow:Page_Load:1
19-05-2023 19:09:05:DBManager:connection_data:Object reference not set to an instance of an object.
19-05-2023 19:09:05:DBManager:connection_data:Object reference not set to an instance of an object.
19-05-2023 19:09:05:DBManager:connection_data:Object reference not set to an instance of an object.
19/05/2023 7:09:05 PM:SignIn:btnLogIn_Click:test
19-05-2023 19:09:56:DBManager:connection_data:Object reference not set to an instance of an object.
19-05-2023 19:09:56:DBManager:connection_data:Object reference not set to an instance of an object.
19-05-2023 19:09:56:DBManager:connection_data:Object reference not set to an instance of an object.
19-05-2023 19:09:56:DBManager:connection_data:Object reference not set to an instance of an object.
19-05-2023 19:09:56:DBManager:connection_data:Object reference not set to an instance of an object.
19-05-2023 19:09:56:DBManager:connection_data:Object reference not set to an instance of an object.
19-05-2023 19:09:56:DBManager:connection_data:Object reference not set to an instance of an object.
19-05-2023 19:09:56:DBManager:connection_data:Object reference not set to an instance of an object.
19-05-2023 19:09:57:DBManager:connection_data:Object reference not set to an instance of an object.
19-05-2023 19:09:57:DBManager:connection_data:Object reference not set to an instance of an object.
19-05-2023 19:10:02:Paybylink:CheckStore:19-05-2023 19:10:02: A network-related or instance-specific error occurred while establishing a connection to SQL Server. The server was not found or was not accessible. Verify that the instance name is correct and that SQL Server is configured to allow remote connections. (provider: SQL Network Interfaces, error: 26 - Error Locating Server/Instance Specified)
19-05-2023 19:10:56:Paybylink:CheckStore:19-05-2023 19:10:56: A network-related or instance-specific error occurred while establishing a connection to SQL Server. The server was not found or was not accessible. Verify that the instance name is correct and that SQL Server is configured to allow remote connections. (provider: SQL Network Interfaces, error: 26 - Error Locating Server/Instance Specified)
19-05-2023 19:10:56:paybylink_Cashflow:Page_Load:The ConnectionString property has not been initialized.
19-05-2023 19:11:13:DBManager:connection_data:Object reference not set to an instance of an object.
19-05-2023 19:11:13:DBManager:connection_data:Object reference not set to an instance of an object.
19-05-2023 19:11:13:DBManager:connection_data:Object reference not set to an instance of an object.
19/05/2023 7:11:13 PM:SignIn:btnLogIn_Click:test
19-05-2023 19:11:24:DBManager:connection_data:Object reference not set to an instance of an object.
19-05-2023 19:11:24:DBManager:connection_data:Object reference not set to an instance of an object.
19-05-2023 19:11:24:DBManager:connection_data:Object reference not set to an instance of an object.
19-05-2023 19:11:24:DBManager:connection_data:Object reference not set to an instance of an object.
19-05-2023 19:11:24:DBManager:connection_data:Object reference not set to an instance of an object.
19-05-2023 19:11:24:DBManager:connection_data:Object reference not set to an instance of an object.
19-05-2023 19:11:24:DBManager:connection_data:Object reference not set to an instance of an object.
19-05-2023 19:11:25:DBManager:connection_data:Object reference not set to an instance of an object.
19-05-2023 19:11:25:DBManager:connection_data:Object reference not set to an instance of an object.
19-05-2023 19:11:25:DBManager:connection_data:Object reference not set to an instance of an object.
19-05-2023 19:12:01:paybylink_Cashflow:Page_Load:1
19-05-2023 19:12:02:paybylink_Cashflow:Page_Load:2
19-05-2023 19:12:07:paybylink_Cashflow:Page_Load:3
19-05-2023 19:12:44:paybylink_Cashflow:Page_Load:The request was aborted: Could not create SSL/TLS secure channel.
19-05-2023 19:15:06:DBManager:connection_data:Object reference not set to an instance of an object.
19-05-2023 19:15:06:DBManager:connection_data:Object reference not set to an instance of an object.
19-05-2023 19:15:06:DBManager:connection_data:Object reference not set to an instance of an object.
19/05/2023 7:15:06 PM:SignIn:btnLogIn_Click:test
19-05-2023 19:15:48:DBManager:connection_data:Object reference not set to an instance of an object.
19-05-2023 19:15:48:DBManager:connection_data:Object reference not set to an instance of an object.
19-05-2023 19:15:48:DBManager:connection_data:Object reference not set to an instance of an object.
19-05-2023 19:15:48:DBManager:connection_data:Object reference not set to an instance of an object.
19-05-2023 19:15:48:DBManager:connection_data:Object reference not set to an instance of an object.
19-05-2023 19:15:48:DBManager:connection_data:Object reference not set to an instance of an object.
19-05-2023 19:15:48:DBManager:connection_data:Object reference not set to an instance of an object.
19-05-2023 19:15:48:DBManager:connection_data:Object reference not set to an instance of an object.
19-05-2023 19:15:48:DBManager:connection_data:Object reference not set to an instance of an object.
19-05-2023 19:15:48:DBManager:connection_data:Object reference not set to an instance of an object.
19-05-2023 19:15:59:paybylink_Cashflow:Page_Load:1
19-05-2023 19:16:00:paybylink_Cashflow:Page_Load:2
19-05-2023 19:16:02:paybylink_Cashflow:Page_Load:3
19-05-2023 19:16:10:paybylink_Cashflow:Page_Load:The request was aborted: Could not create SSL/TLS secure channel.
19-05-2023 19:16:12:DBManager:connection_data:Object reference not set to an instance of an object.
19-05-2023 19:16:12:DBManager:connection_data:Object reference not set to an instance of an object.
19-05-2023 19:16:12:DBManager:connection_data:Object reference not set to an instance of an object.
19-05-2023 19:16:12:DBManager:connection_data:Object reference not set to an instance of an object.
19-05-2023 19:16:12:DBManager:connection_data:Object reference not set to an instance of an object.
19-05-2023 19:16:12:DBManager:connection_data:Object reference not set to an instance of an object.
19-05-2023 19:16:12:DBManager:connection_data:Object reference not set to an instance of an object.
19-05-2023 19:16:12:DBManager:connection_data:Object reference not set to an instance of an object.
19-05-2023 19:16:12:DBManager:connection_data:Object reference not set to an instance of an object.
19-05-2023 19:16:12:DBManager:connection_data:Object reference not set to an instance of an object.
19-05-2023 19:16:30:paybylink_Cashflow:Page_Load:1
19-05-2023 19:16:31:paybylink_Cashflow:Page_Load:2
19-05-2023 19:16:33:paybylink_Cashflow:Page_Load:3
19-05-2023 19:16:44:paybylink_Cashflow:Page_Load:4https://gateway.cashflows.com/api/gateway/payment-jobs caac29c1-83c0-4f1c-9f12-fc7f48ac4a9b 200926100167772164
19-05-2023 19:16:47:paybylink_Cashflow:Page_Load:5
19-05-2023 19:16:57:paybylink_Cashflow:Page_Load:Thread was being aborted.
19-05-2023 19:22:26:DBManager:connection_data:Object reference not set to an instance of an object.
19-05-2023 19:22:26:DBManager:connection_data:Object reference not set to an instance of an object.
19-05-2023 19:22:26:DBManager:connection_data:Object reference not set to an instance of an object.
19/05/2023 7:22:26 PM:SignIn:btnLogIn_Click:test
19-05-2023 19:22:44:DBManager:connection_data:Object reference not set to an instance of an object.
19-05-2023 19:22:44:DBManager:connection_data:Object reference not set to an instance of an object.
19-05-2023 19:22:44:DBManager:connection_data:Object reference not set to an instance of an object.
19-05-2023 19:22:44:DBManager:connection_data:Object reference not set to an instance of an object.
19-05-2023 19:22:44:DBManager:connection_data:Object reference not set to an instance of an object.
19-05-2023 19:22:44:DBManager:connection_data:Object reference not set to an instance of an object.
19-05-2023 19:22:44:DBManager:connection_data:Object reference not set to an instance of an object.
19-05-2023 19:22:44:DBManager:connection_data:Object reference not set to an instance of an object.
19-05-2023 19:22:44:DBManager:connection_data:Object reference not set to an instance of an object.
19-05-2023 19:22:44:DBManager:connection_data:Object reference not set to an instance of an object.
19-05-2023 19:22:48:paybylink_Cashflow:Page_Load:1
19-05-2023 19:22:50:paybylink_Cashflow:Page_Load:2
19-05-2023 19:23:47:paybylink_Cashflow:Page_Load:3
19-05-2023 19:23:52:paybylink_Cashflow:Page_Load:4https://gateway.cashflows.com/api/gateway/payment-jobs 666112c4-2f14-4c7f-b51a-08800f74e854 200526100000131072
19-05-2023 19:23:53:paybylink_Cashflow:Page_Load:The remote server returned an error: (401) Unauthorized.
19-05-2023 19:23:58:DBManager:connection_data:Object reference not set to an instance of an object.
19-05-2023 19:23:58:DBManager:connection_data:Object reference not set to an instance of an object.
19-05-2023 19:23:58:DBManager:connection_data:Object reference not set to an instance of an object.
19-05-2023 19:23:58:DBManager:connection_data:Object reference not set to an instance of an object.
19-05-2023 19:23:58:DBManager:connection_data:Object reference not set to an instance of an object.
19-05-2023 19:23:58:DBManager:connection_data:Object reference not set to an instance of an object.
19-05-2023 19:23:58:DBManager:connection_data:Object reference not set to an instance of an object.
19-05-2023 19:23:58:DBManager:connection_data:Object reference not set to an instance of an object.
19-05-2023 19:23:59:DBManager:connection_data:Object reference not set to an instance of an object.
19-05-2023 19:23:59:DBManager:connection_data:Object reference not set to an instance of an object.
19-05-2023 19:24:01:paybylink_Cashflow:Page_Load:1
19-05-2023 19:24:02:paybylink_Cashflow:Page_Load:2
19-05-2023 19:24:04:paybylink_Cashflow:Page_Load:3
19-05-2023 19:24:08:paybylink_Cashflow:Page_Load:4https://gateway.cashflows.com/api/gateway/payment-jobs 666112c4-2f14-4c7f-b51a-08800f74e854 200526100000131072
19-05-2023 19:24:13:paybylink_Cashflow:Page_Load:The remote server returned an error: (401) Unauthorized.
19-05-2023 19:24:37:DBManager:connection_data:Object reference not set to an instance of an object.
19-05-2023 19:24:37:DBManager:connection_data:Object reference not set to an instance of an object.
19-05-2023 19:24:37:DBManager:connection_data:Object reference not set to an instance of an object.
19/05/2023 7:24:37 PM:SignIn:btnLogIn_Click:test
19-05-2023 19:24:55:DBManager:connection_data:Object reference not set to an instance of an object.
19-05-2023 19:24:55:DBManager:connection_data:Object reference not set to an instance of an object.
19-05-2023 19:24:55:DBManager:connection_data:Object reference not set to an instance of an object.
19-05-2023 19:24:55:DBManager:connection_data:Object reference not set to an instance of an object.
19-05-2023 19:24:55:DBManager:connection_data:Object reference not set to an instance of an object.
19-05-2023 19:24:55:DBManager:connection_data:Object reference not set to an instance of an object.
19-05-2023 19:24:55:DBManager:connection_data:Object reference not set to an instance of an object.
19-05-2023 19:24:55:DBManager:connection_data:Object reference not set to an instance of an object.
19-05-2023 19:24:55:DBManager:connection_data:Object reference not set to an instance of an object.
19-05-2023 19:24:55:DBManager:connection_data:Object reference not set to an instance of an object.
19-05-2023 19:24:59:paybylink_Cashflow:Page_Load:1
19-05-2023 19:24:59:paybylink_Cashflow:Page_Load:2
19-05-2023 19:25:02:paybylink_Cashflow:Page_Load:3
19-05-2023 19:25:06:paybylink_Cashflow:Page_Load:4https://gateway-int.cashflows.com/api/gateway/payment-jobs 666112c4-2f14-4c7f-b51a-08800f74e854 200526100000131072
19-05-2023 19:25:10:paybylink_Cashflow:Page_Load:5
19-05-2023 19:25:13:paybylink_Cashflow:Page_Load:Thread was being aborted.
