1/31/2025 10:14:09 AM:DBManager:connection_data:Object reference not set to an instance of an object.
1/31/2025 10:14:11 AM:DBManager:connection_data:Object reference not set to an instance of an object.
1/31/2025 10:14:12 AM:DBManager:connection_data:Object reference not set to an instance of an object.
31/01/2025 10:14:12 AM:SignIn:btnLogIn_Click:test
1/31/2025 10:14:25 AM:DBManager:connection_data:Object reference not set to an instance of an object.
1/31/2025 10:14:27 AM:DBManager:connection_data:Object reference not set to an instance of an object.
31/01/2025 10:16:59 AM:Send_mail_APK:Send_mail_function:System.FormatException: An invalid character was found in the mail header: '>'.
   at System.Net.Mail.MailAddressParser.ParseAddress(String data, Boolean expectMultipleAddresses, Int32& index)
   at System.Net.Mail.MailAddressParser.ParseMultipleAddresses(String data)
   at System.Net.Mail.MailAddressCollection.ParseValue(String addresses)
   at System.Net.Mail.MailAddressCollection.Add(String addresses)
   at StoreReportScheduler.MailTo_receipt(String To_EmailId, String Subject, String Body, String CC, String BCC, String attach) in D:\Working\POS\StoreReportScheduler.aspx.vb:line 611
31/01/2025 10:20:51 AM:Send_mail_APK:Send_mail_function:System.FormatException: An invalid character was found in the mail header: '>'.
   at System.Net.Mail.MailAddressParser.ParseAddress(String data, Boolean expectMultipleAddresses, Int32& index)
   at System.Net.Mail.MailAddressParser.ParseMultipleAddresses(String data)
   at System.Net.Mail.MailAddressCollection.ParseValue(String addresses)
   at System.Net.Mail.MailAddressCollection.Add(String addresses)
   at StoreReportScheduler.MailTo_receipt(String To_EmailId, String Subject, String Body, String CC, String BCC, String attach) in D:\Working\POS\StoreReportScheduler.aspx.vb:line 611
31/01/2025 10:21:14 AM:Send_mail_APK:Send_mail_function:System.FormatException: An invalid character was found in the mail header: '>'.
   at System.Net.Mail.MailAddressParser.ParseAddress(String data, Boolean expectMultipleAddresses, Int32& index)
   at System.Net.Mail.MailAddressParser.ParseMultipleAddresses(String data)
   at System.Net.Mail.MailAddressCollection.ParseValue(String addresses)
   at System.Net.Mail.MailAddressCollection.Add(String addresses)
   at StoreReportScheduler.MailTo_receipt(String To_EmailId, String Subject, String Body, String CC, String BCC, String attach) in D:\Working\POS\StoreReportScheduler.aspx.vb:line 611
1/31/2025 10:22:58 AM:DBManager:connection_data:Object reference not set to an instance of an object.
1/31/2025 10:23:00 AM:DBManager:connection_data:Object reference not set to an instance of an object.
1/31/2025 10:23:00 AM:DBManager:connection_data:Object reference not set to an instance of an object.
31/01/2025 10:23:00 AM:SignIn:btnLogIn_Click:test
1/31/2025 10:23:38 AM:DBManager:connection_data:Object reference not set to an instance of an object.
1/31/2025 10:23:41 AM:DBManager:connection_data:Object reference not set to an instance of an object.
1/31/2025 10:23:41 AM:DBManager:connection_data:Object reference not set to an instance of an object.
1/31/2025 10:23:41 AM:DBManager:connection_data:Object reference not set to an instance of an object.
1/31/2025 10:23:42 AM:DBManager:connection_data:Object reference not set to an instance of an object.
31/01/2025 10:23:45 AM:SignIn:btnLogIn_Click:test
31/01/2025 10:34:45 AM:Send_mail_APK:Send_mail_function:System.FormatException: An invalid character was found in the mail header: '>'.
   at System.Net.Mail.MailAddressParser.ParseAddress(String data, Boolean expectMultipleAddresses, Int32& index)
   at System.Net.Mail.MailAddressParser.ParseMultipleAddresses(String data)
   at System.Net.Mail.MailAddressCollection.ParseValue(String addresses)
   at System.Net.Mail.MailAddressCollection.Add(String addresses)
   at StoreReportScheduler.MailTo_receipt(String To_EmailId, String Subject, String Body, String CC, String BCC, String attach) in D:\Working\POS\StoreReportScheduler.aspx.vb:line 611
1/31/2025 10:34:55 AM:DBManager:connection_data:Object reference not set to an instance of an object.
1/31/2025 10:34:57 AM:DBManager:connection_data:Object reference not set to an instance of an object.
31/01/2025 10:35:55 AM:Send_mail_APK:Send_mail_function:System.FormatException: An invalid character was found in the mail header: '>'.
   at System.Net.Mail.MailAddressParser.ParseAddress(String data, Boolean expectMultipleAddresses, Int32& index)
   at System.Net.Mail.MailAddressParser.ParseMultipleAddresses(String data)
   at System.Net.Mail.MailAddressCollection.ParseValue(String addresses)
   at System.Net.Mail.MailAddressCollection.Add(String addresses)
   at StoreReportScheduler.MailTo_receipt(String To_EmailId, String Subject, String Body, String CC, String BCC, String attach) in D:\Working\POS\StoreReportScheduler.aspx.vb:line 611
1/31/2025 10:38:25 AM:DBManager:connection_data:Object reference not set to an instance of an object.
31/01/2025 10:38:38 AM:Send_mail_APK:Send_mail_function:System.FormatException: An invalid character was found in the mail header: '>'.
   at System.Net.Mail.MailAddressParser.ParseAddress(String data, Boolean expectMultipleAddresses, Int32& index)
   at System.Net.Mail.MailAddressParser.ParseMultipleAddresses(String data)
   at System.Net.Mail.MailAddressCollection.ParseValue(String addresses)
   at System.Net.Mail.MailAddressCollection.Add(String addresses)
   at StoreReportScheduler.MailTo_receipt(String To_EmailId, String Subject, String Body, String CC, String BCC, String attach) in D:\Working\POS\StoreReportScheduler.aspx.vb:line 611
1/31/2025 10:38:52 AM:DBManager:connection_data:Object reference not set to an instance of an object.
31/01/2025 10:39:08 AM:Send_mail_APK:Send_mail_function:System.FormatException: An invalid character was found in the mail header: '>'.
   at System.Net.Mail.MailAddressParser.ParseAddress(String data, Boolean expectMultipleAddresses, Int32& index)
   at System.Net.Mail.MailAddressParser.ParseMultipleAddresses(String data)
   at System.Net.Mail.MailAddressCollection.ParseValue(String addresses)
   at System.Net.Mail.MailAddressCollection.Add(String addresses)
   at StoreReportScheduler.MailTo_receipt(String To_EmailId, String Subject, String Body, String CC, String BCC, String attach) in D:\Working\POS\StoreReportScheduler.aspx.vb:line 611
31/01/2025 10:39:51 AM:Send_mail_APK:Send_mail_function:Cannot open database "POS_Controller" requested by the login. The login failed.
Login failed for user 'POSADMIN'.
31/01/2025 10:41:44 AM:Send_mail_APK:Send_mail_function:Cannot open database "POS_Controller" requested by the login. The login failed.
Login failed for user 'POSADMIN'.
31/01/2025 10:43:14 AM:Send_mail_APK:Send_mail_function:System.FormatException: An invalid character was found in the mail header: '>'.
   at System.Net.Mail.MailAddressParser.ParseAddress(String data, Boolean expectMultipleAddresses, Int32& index)
   at System.Net.Mail.MailAddressParser.ParseMultipleAddresses(String data)
   at System.Net.Mail.MailAddressCollection.ParseValue(String addresses)
   at System.Net.Mail.MailAddressCollection.Add(String addresses)
   at StoreReportScheduler.MailTo_receipt(String To_EmailId, String Subject, String Body, String CC, String BCC, String attach) in D:\Working\POS\StoreReportScheduler.aspx.vb:line 611
31/01/2025 10:44:41 AM:Send_mail_APK:Send_mail_function:Cannot open database "POS_Controller" requested by the login. The login failed.
Login failed for user 'POSADMIN'.
31/01/2025 10:44:54 AM:Send_mail_APK:Send_mail_function:Cannot open database "POS_Controller" requested by the login. The login failed.
Login failed for user 'POSADMIN'.
1/31/2025 10:47:05 AM:DBManager:connection_data:Object reference not set to an instance of an object.
1/31/2025 10:47:06 AM:DBManager:connection_data:Object reference not set to an instance of an object.
1/31/2025 11:26:10 AM:DBManager:connection_data:Object reference not set to an instance of an object.
1/31/2025 11:26:10 AM:DBManager:connection_data:Object reference not set to an instance of an object.
31/01/2025 11:28:03 AM:Send_mail_APK:Send_mail_function:Format of the initialization string does not conform to specification starting at index 0.
1/31/2025 11:29:43 AM:DBManager:connection_data:Object reference not set to an instance of an object.
1/31/2025 11:29:47 AM:DBManager:connection_data:Object reference not set to an instance of an object.
1/31/2025 11:30:12 AM:DBManager:connection_data:Object reference not set to an instance of an object.
1/31/2025 11:30:12 AM:DBManager:connection_data:Object reference not set to an instance of an object.
1/31/2025 11:30:26 AM:DBManager:connection_data:Object reference not set to an instance of an object.
1/31/2025 11:30:27 AM:DBManager:connection_data:Object reference not set to an instance of an object.
1/31/2025 11:30:28 AM:DBManager:connection_data:Object reference not set to an instance of an object.
1/31/2025 11:30:40 AM:DBManager:connection_data:Object reference not set to an instance of an object.
1/31/2025 11:30:44 AM:DBManager:connection_data:Object reference not set to an instance of an object.
1/31/2025 11:31:41 AM:DBManager:connection_data:Object reference not set to an instance of an object.
1/31/2025 11:31:42 AM:DBManager:connection_data:Object reference not set to an instance of an object.
1/31/2025 11:32:52 AM:DBManager:connection_data:Object reference not set to an instance of an object.
1/31/2025 11:32:56 AM:DBManager:connection_data:Object reference not set to an instance of an object.
1/31/2025 11:33:02 AM:DBManager:connection_data:Object reference not set to an instance of an object.
1/31/2025 11:33:28 AM:DBManager:connection_data:Object reference not set to an instance of an object.
1/31/2025 11:33:30 AM:DBManager:connection_data:Object reference not set to an instance of an object.
1/31/2025 11:33:59 AM:DBManager:connection_data:Object reference not set to an instance of an object.
1/31/2025 11:34:00 AM:DBManager:connection_data:Object reference not set to an instance of an object.
1/31/2025 11:42:07 AM:DBManager:connection_data:Object reference not set to an instance of an object.
1/31/2025 11:42:09 AM:DBManager:connection_data:Object reference not set to an instance of an object.
1/31/2025 11:42:09 AM:DBManager:connection_data:Object reference not set to an instance of an object.
31/01/2025 11:42:21 AM:Send_mail_APK:page_load:System.InvalidOperationException: Timeout expired.  The timeout period elapsed prior to obtaining a connection from the pool.  This may have occurred because all pooled connections were in use and max pool size was reached.
   at System.Data.ProviderBase.DbConnectionFactory.TryGetConnection(DbConnection owningConnection, TaskCompletionSource`1 retry, DbConnectionOptions userOptions, DbConnectionInternal oldConnection, DbConnectionInternal& connection)
   at System.Data.ProviderBase.DbConnectionInternal.TryOpenConnectionInternal(DbConnection outerConnection, DbConnectionFactory connectionFactory, TaskCompletionSource`1 retry, DbConnectionOptions userOptions)
   at System.Data.ProviderBase.DbConnectionClosed.TryOpenConnection(DbConnection outerConnection, DbConnectionFactory connectionFactory, TaskCompletionSource`1 retry, DbConnectionOptions userOptions)
   at System.Data.SqlClient.SqlConnection.TryOpenInner(TaskCompletionSource`1 retry)
   at System.Data.SqlClient.SqlConnection.TryOpen(TaskCompletionSource`1 retry)
   at System.Data.SqlClient.SqlConnection.Open()
   at StoreReportScheduler.send_mail() in D:\Working\POS\StoreReportScheduler.aspx.vb:line 35
   at StoreReportScheduler.Page_Load(Object sender, EventArgs e) in D:\Working\POS\StoreReportScheduler.aspx.vb:line 20
31/01/2025 11:42:29 AM:Send_mail_APK:page_load:System.Data.SqlClient.SqlException (0x80131904): Connection Timeout Expired.  The timeout period elapsed while attempting to consume the pre-login handshake acknowledgement.  This could be because the pre-login handshake failed or the server was unable to respond back in time.  The duration spent while attempting to connect to this server was - [Pre-Login] initialization=2883; handshake=272;  ---> System.ComponentModel.Win32Exception (0x80004005): The wait operation timed out
   at System.Data.SqlClient.SqlInternalConnectionTds..ctor(DbConnectionPoolIdentity identity, SqlConnectionString connectionOptions, SqlCredential credential, Object providerInfo, String newPassword, SecureString newSecurePassword, Boolean redirectedUserInstance, SqlConnectionString userConnectionOptions, SessionData reconnectSessionData, DbConnectionPool pool, String accessToken, Boolean applyTransientFaultHandling, SqlAuthenticationProviderManager sqlAuthProviderManager)
   at System.Data.SqlClient.SqlConnectionFactory.CreateConnection(DbConnectionOptions options, DbConnectionPoolKey poolKey, Object poolGroupProviderInfo, DbConnectionPool pool, DbConnection owningConnection, DbConnectionOptions userOptions)
   at System.Data.ProviderBase.DbConnectionFactory.CreatePooledConnection(DbConnectionPool pool, DbConnection owningObject, DbConnectionOptions options, DbConnectionPoolKey poolKey, DbConnectionOptions userOptions)
   at System.Data.ProviderBase.DbConnectionPool.CreateObject(DbConnection owningObject, DbConnectionOptions userOptions, DbConnectionInternal oldConnection)
   at System.Data.ProviderBase.DbConnectionPool.UserCreateRequest(DbConnection owningObject, DbConnectionOptions userOptions, DbConnectionInternal oldConnection)
   at System.Data.ProviderBase.DbConnectionPool.TryGetConnection(DbConnection owningObject, UInt32 waitForMultipleObjectsTimeout, Boolean allowCreate, Boolean onlyOneCheckConnection, DbConnectionOptions userOptions, DbConnectionInternal& connection)
   at System.Data.ProviderBase.DbConnectionPool.TryGetConnection(DbConnection owningObject, TaskCompletionSource`1 retry, DbConnectionOptions userOptions, DbConnectionInternal& connection)
   at System.Data.ProviderBase.DbConnectionFactory.TryGetConnection(DbConnection owningConnection, TaskCompletionSource`1 retry, DbConnectionOptions userOptions, DbConnectionInternal oldConnection, DbConnectionInternal& connection)
   at System.Data.ProviderBase.DbConnectionInternal.TryOpenConnectionInternal(DbConnection outerConnection, DbConnectionFactory connectionFactory, TaskCompletionSource`1 retry, DbConnectionOptions userOptions)
   at System.Data.ProviderBase.DbConnectionClosed.TryOpenConnection(DbConnection outerConnection, DbConnectionFactory connectionFactory, TaskCompletionSource`1 retry, DbConnectionOptions userOptions)
   at System.Data.SqlClient.SqlConnection.TryOpenInner(TaskCompletionSource`1 retry)
   at System.Data.SqlClient.SqlConnection.TryOpen(TaskCompletionSource`1 retry)
   at System.Data.SqlClient.SqlConnection.Open()
   at StoreReportScheduler.send_mail() in D:\Working\POS\StoreReportScheduler.aspx.vb:line 47
   at StoreReportScheduler.Page_Load(Object sender, EventArgs e) in D:\Working\POS\StoreReportScheduler.aspx.vb:line 20
ClientConnectionId:1dc2041c-b86b-4f14-a0fb-cd4b02b1fb88
Error Number:-2,State:0,Class:11
31/01/2025 11:46:00 AM:Send_mail_APK:Send_mail_function:Format of the initialization string does not conform to specification starting at index 0.
1/31/2025 11:48:25 AM:DBManager:connection_data:Object reference not set to an instance of an object.
1/31/2025 11:48:25 AM:DBManager:connection_data:Object reference not set to an instance of an object.
31/01/2025 11:48:39 AM:Send_mail_APK:Send_mail_function:Format of the initialization string does not conform to specification starting at index 0.
1/31/2025 11:48:42 AM:DBManager:connection_data:Object reference not set to an instance of an object.
1/31/2025 11:48:42 AM:DBManager:connection_data:Object reference not set to an instance of an object.
1/31/2025 11:48:42 AM:DBManager:connection_data:Object reference not set to an instance of an object.
1/31/2025 11:48:42 AM:DBManager:connection_data:Object reference not set to an instance of an object.
1/31/2025 11:49:02 AM:DBManager:connection_data:Object reference not set to an instance of an object.
1/31/2025 11:49:03 AM:DBManager:connection_data:Object reference not set to an instance of an object.
31/01/2025 11:49:07 AM:Send_mail_APK:Send_mail_function:Format of the initialization string does not conform to specification starting at index 0.
31/01/2025 11:50:20 AM:Send_mail_APK:Send_mail_function:Format of the initialization string does not conform to specification starting at index 0.
1/31/2025 11:50:30 AM:DBManager:connection_data:Object reference not set to an instance of an object.
1/31/2025 11:50:31 AM:DBManager:connection_data:Object reference not set to an instance of an object.
31/01/2025 11:50:37 AM:Send_mail_APK:Send_mail_function:Format of the initialization string does not conform to specification starting at index 0.
31/01/2025 11:54:29 AM:Send_mail_APK:Send_mail_function:Format of the initialization string does not conform to specification starting at index 0.
1/31/2025 11:54:37 AM:DBManager:connection_data:Object reference not set to an instance of an object.
1/31/2025 11:54:37 AM:DBManager:connection_data:Object reference not set to an instance of an object.
31/01/2025 11:55:24 AM:Send_mail_APK:Send_mail_function:Format of the initialization string does not conform to specification starting at index 0.
31/01/2025 12:00:01 PM:Send_mail_APK:Send_mail_function:Format of the initialization string does not conform to specification starting at index 0.
31/01/2025 12:00:01 PM:Send_mail_APK:Send_mail_function:Format of the initialization string does not conform to specification starting at index 0.
31/01/2025 12:00:22 PM:Send_mail_APK:Send_mail_function:Format of the initialization string does not conform to specification starting at index 0.
31/01/2025 12:00:23 PM:Send_mail_APK:Send_mail_function:Format of the initialization string does not conform to specification starting at index 0.
31/01/2025 12:02:32 PM:Send_mail_APK:Send_mail_function:Format of the initialization string does not conform to specification starting at index 0.
31/01/2025 12:02:33 PM:Send_mail_APK:Send_mail_function:Format of the initialization string does not conform to specification starting at index 0.
31/01/2025 12:02:54 PM:Send_mail_APK:Send_mail_function:Format of the initialization string does not conform to specification starting at index 0.
31/01/2025 12:02:54 PM:Send_mail_APK:Send_mail_function:Format of the initialization string does not conform to specification starting at index 0.
1/31/2025 6:30:42 PM:DBManager:connection_data:Object reference not set to an instance of an object.
1/31/2025 6:30:50 PM:DBManager:connection_data:Object reference not set to an instance of an object.
1/31/2025 6:30:55 PM:DBManager:connection_data:Object reference not set to an instance of an object.
31/01/2025 6:31:11 PM:SignIn:btnLogIn_Click:test
1/31/2025 6:31:34 PM:DBManager:connection_data:Object reference not set to an instance of an object.
1/31/2025 6:31:43 PM:DBManager:connection_data:Object reference not set to an instance of an object.
1/31/2025 6:37:43 PM:DBManager:connection_data:Object reference not set to an instance of an object.
1/31/2025 6:37:45 PM:DBManager:connection_data:Object reference not set to an instance of an object.
1/31/2025 6:38:12 PM:DBManager:connection_data:Object reference not set to an instance of an object.
1/31/2025 6:38:14 PM:DBManager:connection_data:Object reference not set to an instance of an object.
31/01/2025 6:39:24 PM:Send_mail_APK:Send_mail_function:Conversion failed when converting date and/or time from character string.
The data for table-valued parameter "@StoreReportRecords" doesn't conform to the table type of the parameter. SQL Server error is: 241, state: 1
The statement has been terminated.
1/31/2025 6:40:47 PM:DBManager:connection_data:Object reference not set to an instance of an object.
1/31/2025 6:40:48 PM:DBManager:connection_data:Object reference not set to an instance of an object.
1/31/2025 6:41:08 PM:DBManager:connection_data:Object reference not set to an instance of an object.
1/31/2025 6:41:12 PM:DBManager:connection_data:Object reference not set to an instance of an object.
1/31/2025 6:41:37 PM:DBManager:connection_data:Object reference not set to an instance of an object.
1/31/2025 6:41:37 PM:DBManager:connection_data:Object reference not set to an instance of an object.
1/31/2025 6:42:01 PM:DBManager:connection_data:Object reference not set to an instance of an object.
1/31/2025 6:42:02 PM:DBManager:connection_data:Object reference not set to an instance of an object.
1/31/2025 6:42:03 PM:DBManager:connection_data:Object reference not set to an instance of an object.
1/31/2025 6:42:19 PM:DBManager:connection_data:Object reference not set to an instance of an object.
1/31/2025 6:42:19 PM:DBManager:connection_data:Object reference not set to an instance of an object.
1/31/2025 6:43:37 PM:DBManager:connection_data:Object reference not set to an instance of an object.
1/31/2025 6:43:39 PM:DBManager:connection_data:Object reference not set to an instance of an object.
1/31/2025 6:43:57 PM:DBManager:connection_data:Object reference not set to an instance of an object.
1/31/2025 6:43:58 PM:DBManager:connection_data:Object reference not set to an instance of an object.
1/31/2025 6:44:07 PM:DBManager:connection_data:Object reference not set to an instance of an object.
1/31/2025 6:44:08 PM:DBManager:connection_data:Object reference not set to an instance of an object.
1/31/2025 6:44:18 PM:DBManager:connection_data:Object reference not set to an instance of an object.
1/31/2025 6:44:24 PM:DBManager:connection_data:Object reference not set to an instance of an object.
31/01/2025 6:44:39 PM:Send_mail_APK:page_load:System.Data.SqlClient.SqlException (0x80131904): Connection Timeout Expired.  The timeout period elapsed while attempting to consume the pre-login handshake acknowledgement.  This could be because the pre-login handshake failed or the server was unable to respond back in time.  The duration spent while attempting to connect to this server was - [Pre-Login] initialization=1482; handshake=3854;  ---> System.ComponentModel.Win32Exception (0x80004005): The wait operation timed out
   at System.Data.ProviderBase.DbConnectionPool.TryGetConnection(DbConnection owningObject, UInt32 waitForMultipleObjectsTimeout, Boolean allowCreate, Boolean onlyOneCheckConnection, DbConnectionOptions userOptions, DbConnectionInternal& connection)
   at System.Data.ProviderBase.DbConnectionPool.TryGetConnection(DbConnection owningObject, TaskCompletionSource`1 retry, DbConnectionOptions userOptions, DbConnectionInternal& connection)
   at System.Data.ProviderBase.DbConnectionFactory.TryGetConnection(DbConnection owningConnection, TaskCompletionSource`1 retry, DbConnectionOptions userOptions, DbConnectionInternal oldConnection, DbConnectionInternal& connection)
   at System.Data.ProviderBase.DbConnectionInternal.TryOpenConnectionInternal(DbConnection outerConnection, DbConnectionFactory connectionFactory, TaskCompletionSource`1 retry, DbConnectionOptions userOptions)
   at System.Data.ProviderBase.DbConnectionClosed.TryOpenConnection(DbConnection outerConnection, DbConnectionFactory connectionFactory, TaskCompletionSource`1 retry, DbConnectionOptions userOptions)
   at System.Data.SqlClient.SqlConnection.TryOpenInner(TaskCompletionSource`1 retry)
   at System.Data.SqlClient.SqlConnection.TryOpen(TaskCompletionSource`1 retry)
   at System.Data.SqlClient.SqlConnection.Open()
   at StoreReportScheduler.send_mail() in D:\Working\POS\StoreReportScheduler.aspx.vb:line 47
   at StoreReportScheduler.Page_Load(Object sender, EventArgs e) in D:\Working\POS\StoreReportScheduler.aspx.vb:line 20
ClientConnectionId:6d6a9e7f-d59f-4fc4-82bd-c934299391de
Error Number:-2,State:0,Class:11
1/31/2025 6:44:47 PM:DBManager:connection_data:Object reference not set to an instance of an object.
1/31/2025 6:44:49 PM:DBManager:connection_data:Object reference not set to an instance of an object.
31/01/2025 6:46:20 PM:Send_mail_APK:Send_mail_function:Conversion failed when converting date and/or time from character string.
The data for table-valued parameter "@StoreReportRecords" doesn't conform to the table type of the parameter. SQL Server error is: 241, state: 1
The statement has been terminated.
31/01/2025 6:47:22 PM:Send_mail_APK:Send_mail_function:Timeout expired.  The timeout period elapsed prior to obtaining a connection from the pool.  This may have occurred because all pooled connections were in use and max pool size was reached.
31/01/2025 6:49:49 PM:Send_mail_APK:Send_mail_function:Conversion failed when converting date and/or time from character string.
The data for table-valued parameter "@StoreReportRecords" doesn't conform to the table type of the parameter. SQL Server error is: 241, state: 1
The statement has been terminated.
31/01/2025 6:50:00 PM:Send_mail_APK:Send_mail_function:Conversion failed when converting date and/or time from character string.
The data for table-valued parameter "@StoreReportRecords" doesn't conform to the table type of the parameter. SQL Server error is: 241, state: 1
The statement has been terminated.
31/01/2025 6:50:02 PM:Send_mail_APK:Send_mail_function:Conversion failed when converting date and/or time from character string.
The data for table-valued parameter "@StoreReportRecords" doesn't conform to the table type of the parameter. SQL Server error is: 241, state: 1
The statement has been terminated.
31/01/2025 6:50:55 PM:Send_mail_APK:Send_mail_function:Conversion failed when converting date and/or time from character string.
The data for table-valued parameter "@StoreReportRecords" doesn't conform to the table type of the parameter. SQL Server error is: 241, state: 1
The statement has been terminated.
31/01/2025 7:09:05 PM:Send_mail_APK:Send_mail_function:Conversion failed when converting date and/or time from character string.
The data for table-valued parameter "@StoreReportRecords" doesn't conform to the table type of the parameter. SQL Server error is: 241, state: 1
The statement has been terminated.
31/01/2025 7:09:13 PM:Send_mail_APK:page_load:System.ArgumentException: System.Net.Mail.SmtpException: The operation has timed out.
   at System.Net.Mail.SmtpClient.Send(MailMessage message)
   at StoreReportScheduler.MailTo_receipt(String To_EmailId, String Subject, String Body, String CC, String BCC, String attach) in D:\Working\POS\StoreReportScheduler.aspx.vb:line 274
   at Microsoft.VisualBasic.ErrObject.Raise(Int32 Number, Object Source, Object Description, Object HelpFile, Object HelpContext)
   at StoreReportScheduler.MailTo_receipt(String To_EmailId, String Subject, String Body, String CC, String BCC, String attach) in D:\Working\POS\StoreReportScheduler.aspx.vb:line 277
   at StoreReportScheduler.send_mail() in D:\Working\POS\StoreReportScheduler.aspx.vb:line 112
   at StoreReportScheduler.Page_Load(Object sender, EventArgs e) in D:\Working\POS\StoreReportScheduler.aspx.vb:line 20
31/01/2025 7:09:24 PM:SignIn:btnLogIn_Click:test
1/31/2025 7:09:57 PM:DBManager:connection_data:Object reference not set to an instance of an object.
1/31/2025 7:09:59 PM:DBManager:connection_data:Object reference not set to an instance of an object.
31/01/2025 7:10:05 PM:Send_mail_APK:Send_mail_function:Conversion failed when converting date and/or time from character string.
The data for table-valued parameter "@StoreReportRecords" doesn't conform to the table type of the parameter. SQL Server error is: 241, state: 1
The statement has been terminated.
31/01/2025 7:10:08 PM:Send_mail_APK:Send_mail_function:Conversion failed when converting date and/or time from character string.
The data for table-valued parameter "@StoreReportRecords" doesn't conform to the table type of the parameter. SQL Server error is: 241, state: 1
The statement has been terminated.
1/31/2025 7:10:12 PM:DBManager:connection_data:Object reference not set to an instance of an object.
1/31/2025 7:10:14 PM:DBManager:connection_data:Object reference not set to an instance of an object.
31/01/2025 7:11:54 PM:Send_mail_APK:Send_mail_function:Conversion failed when converting date and/or time from character string.
The data for table-valued parameter "@StoreReportRecords" doesn't conform to the table type of the parameter. SQL Server error is: 241, state: 1
The statement has been terminated.
31/01/2025 7:17:10 PM:Send_mail_APK:Send_mail_function:Conversion failed when converting date and/or time from character string.
The data for table-valued parameter "@StoreReportRecords" doesn't conform to the table type of the parameter. SQL Server error is: 241, state: 1
The statement has been terminated.
31/01/2025 7:17:10 PM:Send_mail_APK:Send_mail_function:Conversion failed when converting date and/or time from character string.
The data for table-valued parameter "@StoreReportRecords" doesn't conform to the table type of the parameter. SQL Server error is: 241, state: 1
The statement has been terminated.
31/01/2025 7:17:36 PM:Send_mail_APK:Send_mail_function:Conversion failed when converting date and/or time from character string.
The data for table-valued parameter "@StoreReportRecords" doesn't conform to the table type of the parameter. SQL Server error is: 241, state: 1
The statement has been terminated.
31/01/2025 7:17:37 PM:Send_mail_APK:Send_mail_function:Conversion failed when converting date and/or time from character string.
The data for table-valued parameter "@StoreReportRecords" doesn't conform to the table type of the parameter. SQL Server error is: 241, state: 1
The statement has been terminated.
31/01/2025 7:18:18 PM:Send_mail_APK:Send_mail_function:A connection was successfully established with the server, but then an error occurred during the pre-login handshake. (provider: SSL Provider, error: 0 - The wait operation timed out.)
31/01/2025 7:21:41 PM:Send_mail_APK:Send_mail_function:Conversion failed when converting date and/or time from character string.
The data for table-valued parameter "@StoreReportRecords" doesn't conform to the table type of the parameter. SQL Server error is: 241, state: 1
The statement has been terminated.
1/31/2025 7:25:55 PM:DBManager:connection_data:Object reference not set to an instance of an object.
1/31/2025 7:25:55 PM:DBManager:connection_data:Object reference not set to an instance of an object.
1/31/2025 7:26:14 PM:DBManager:connection_data:Object reference not set to an instance of an object.
1/31/2025 7:26:14 PM:DBManager:connection_data:Object reference not set to an instance of an object.
1/31/2025 7:29:23 PM:DBManager:connection_data:Object reference not set to an instance of an object.
1/31/2025 7:29:25 PM:DBManager:connection_data:Object reference not set to an instance of an object.
31/01/2025 7:33:42 PM:Send_mail_APK:Send_mail_function:Conversion failed when converting date and/or time from character string.
The data for table-valued parameter "@StoreReportRecords" doesn't conform to the table type of the parameter. SQL Server error is: 241, state: 1
The statement has been terminated.
31/01/2025 7:35:49 PM:Send_mail_APK:Send_mail_function:Conversion failed when converting date and/or time from character string.
The data for table-valued parameter "@StoreReportRecords" doesn't conform to the table type of the parameter. SQL Server error is: 241, state: 1
The statement has been terminated.
31/01/2025 7:38:25 PM:Send_mail_APK:Send_mail_function:Conversion failed when converting date and/or time from character string.
The data for table-valued parameter "@StoreReportRecords" doesn't conform to the table type of the parameter. SQL Server error is: 241, state: 1
The statement has been terminated.
1/31/2025 7:40:50 PM:DBManager:connection_data:Object reference not set to an instance of an object.
1/31/2025 7:40:50 PM:DBManager:connection_data:Object reference not set to an instance of an object.
1/31/2025 7:41:26 PM:DBManager:connection_data:Object reference not set to an instance of an object.
1/31/2025 7:41:29 PM:DBManager:connection_data:Object reference not set to an instance of an object.
1/31/2025 7:41:58 PM:DBManager:connection_data:Object reference not set to an instance of an object.
31/01/2025 7:41:58 PM:Send_mail_APK:Send_mail_function:Conversion failed when converting date and/or time from character string.
The data for table-valued parameter "@StoreReportRecords" doesn't conform to the table type of the parameter. SQL Server error is: 241, state: 1
The statement has been terminated.
1/31/2025 7:42:01 PM:DBManager:connection_data:Object reference not set to an instance of an object.
31/01/2025 7:42:22 PM:Send_mail_APK:Send_mail_function:Conversion failed when converting date and/or time from character string.
The data for table-valued parameter "@StoreReportRecords" doesn't conform to the table type of the parameter. SQL Server error is: 241, state: 1
The statement has been terminated.
1/31/2025 7:42:29 PM:DBManager:connection_data:Object reference not set to an instance of an object.
1/31/2025 7:42:30 PM:DBManager:connection_data:Object reference not set to an instance of an object.
1/31/2025 7:47:58 PM:DBManager:connection_data:Object reference not set to an instance of an object.
1/31/2025 7:47:59 PM:DBManager:connection_data:Object reference not set to an instance of an object.
1/31/2025 7:54:50 PM:DBManager:connection_data:Object reference not set to an instance of an object.
1/31/2025 7:54:51 PM:DBManager:connection_data:Object reference not set to an instance of an object.
31/01/2025 7:55:11 PM:Send_mail_APK:Send_mail_function:The definition of object 'R_Store_Report_Calculate' has changed since it was compiled.
1/31/2025 7:55:40 PM:DBManager:connection_data:Object reference not set to an instance of an object.
1/31/2025 7:55:40 PM:DBManager:connection_data:Object reference not set to an instance of an object.
31/01/2025 7:56:09 PM:Send_mail_APK:Send_mail_function:Conversion failed when converting date and/or time from character string.
The data for table-valued parameter "@StoreReportRecords" doesn't conform to the table type of the parameter. SQL Server error is: 241, state: 1
The statement has been terminated.
1/31/2025 8:02:56 PM:DBManager:connection_data:Object reference not set to an instance of an object.
1/31/2025 8:02:57 PM:DBManager:connection_data:Object reference not set to an instance of an object.
31/01/2025 8:07:22 PM:Send_mail_APK:Send_mail_function:The definition of object 'R_Store_Report_Calculate' has changed since it was compiled.
31/01/2025 8:07:31 PM:Send_mail_APK:Send_mail_function:The definition of object 'R_Store_Report_Calculate' has changed since it was compiled.
31/01/2025 8:07:34 PM:Send_mail_APK:Send_mail_function:The definition of object 'R_Store_Report_Calculate' has changed since it was compiled.
31/01/2025 8:08:00 PM:Send_mail_APK:Send_mail_function:Conversion failed when converting date and/or time from character string.
The data for table-valued parameter "@StoreReportRecords" doesn't conform to the table type of the parameter. SQL Server error is: 241, state: 1
The statement has been terminated.
31/01/2025 8:08:06 PM:Send_mail_APK:Send_mail_function:Conversion failed when converting date and/or time from character string.
The data for table-valued parameter "@StoreReportRecords" doesn't conform to the table type of the parameter. SQL Server error is: 241, state: 1
The statement has been terminated.
31/01/2025 8:08:33 PM:Send_mail_APK:Send_mail_function:Conversion failed when converting date and/or time from character string.
The data for table-valued parameter "@StoreReportRecords" doesn't conform to the table type of the parameter. SQL Server error is: 241, state: 1
The statement has been terminated.
31/01/2025 8:08:45 PM:Send_mail_APK:Send_mail_function:Conversion failed when converting date and/or time from character string.
The data for table-valued parameter "@StoreReportRecords" doesn't conform to the table type of the parameter. SQL Server error is: 241, state: 1
The statement has been terminated.
31/01/2025 8:09:31 PM:Send_mail_APK:Send_mail_function:Conversion failed when converting date and/or time from character string.
The data for table-valued parameter "@StoreReportRecords" doesn't conform to the table type of the parameter. SQL Server error is: 241, state: 1
The statement has been terminated.
31/01/2025 8:10:37 PM:Send_mail_APK:Send_mail_function:The definition of object 'R_Store_Report_Calculate' has changed since it was compiled.
31/01/2025 8:11:24 PM:Send_mail_APK:Send_mail_function:The definition of object 'R_Store_Report_Calculate' has changed since it was compiled.
31/01/2025 8:11:26 PM:Send_mail_APK:Send_mail_function:Conversion failed when converting date and/or time from character string.
The data for table-valued parameter "@StoreReportRecords" doesn't conform to the table type of the parameter. SQL Server error is: 241, state: 1
The statement has been terminated.
31/01/2025 8:11:26 PM:Send_mail_APK:Send_mail_function:The definition of object 'R_Store_Report_Calculate' has changed since it was compiled.
31/01/2025 8:11:26 PM:Send_mail_APK:Send_mail_function:The definition of object 'R_Store_Report_Calculate' has changed since it was compiled.
31/01/2025 8:27:05 PM:Send_mail_APK:Send_mail_function:A transport-level error has occurred when receiving results from the server. (provider: TCP Provider, error: 0 - An existing connection was forcibly closed by the remote host.)
31/01/2025 8:27:05 PM:Send_mail_APK:Send_mail_function:A transport-level error has occurred when receiving results from the server. (provider: TCP Provider, error: 0 - An existing connection was forcibly closed by the remote host.)
31/01/2025 8:27:05 PM:Send_mail_APK:Send_mail_function:A transport-level error has occurred when receiving results from the server. (provider: TCP Provider, error: 0 - An existing connection was forcibly closed by the remote host.)
31/01/2025 8:27:05 PM:Send_mail_APK:Send_mail_function:A transport-level error has occurred when receiving results from the server. (provider: TCP Provider, error: 0 - An existing connection was forcibly closed by the remote host.)
