4/1/2025 12:41:45 PM:DBManager:connection_data:Object reference not set to an instance of an object.
4/1/2025 12:41:45 PM:DBManager:connection_data:Object reference not set to an instance of an object.
01/04/2025 12:41:45 PM:POS_WS:CallMethod():Conversion from string "POS" to type 'Integer' is not valid.
4/1/2025 12:42:51 PM:DBManager:connection_data:Object reference not set to an instance of an object.
4/1/2025 12:42:51 PM:DBManager:connection_data:Object reference not set to an instance of an object.
01/04/2025 12:42:51 PM:POS_WS:CallMethod():Conversion from string "POS" to type 'Integer' is not valid.
4/1/2025 12:45:09 PM:DBManager:connection_data:Object reference not set to an instance of an object.
4/1/2025 12:45:09 PM:DBManager:connection_data:Object reference not set to an instance of an object.
01/04/2025 12:45:09 PM:POS_WS:CallMethod():Conversion from string "POS" to type 'Integer' is not valid.
4/1/2025 12:45:59 PM:DBManager:connection_data:Object reference not set to an instance of an object.
4/1/2025 12:45:59 PM:DBManager:connection_data:Object reference not set to an instance of an object.
4/1/2025 12:46:00 PM:DBManager:connection_data:Object reference not set to an instance of an object.
4/1/2025 12:46:00 PM:DBManager:connection_data:Object reference not set to an instance of an object.
4/1/2025 12:46:02 PM:POS_WS:getStore():A network-related or instance-specific error occurred while establishing a connection to SQL Server. The server was not found or was not accessible. Verify that the instance name is correct and that SQL Server is configured to allow remote connections. (provider: SQL Network Interfaces, error: 26 - Error Locating Server/Instance Specified)
4/1/2025 12:46:20 PM:DBManager:connection_data:Object reference not set to an instance of an object.
4/1/2025 12:46:20 PM:DBManager:connection_data:Object reference not set to an instance of an object.
4/1/2025 12:46:20 PM:DBManager:connection_data:Object reference not set to an instance of an object.
4/1/2025 12:46:20 PM:DBManager:connection_data:Object reference not set to an instance of an object.
4/1/2025 12:46:21 PM:POS_WS:getStore():A network-related or instance-specific error occurred while establishing a connection to SQL Server. The server was not found or was not accessible. Verify that the instance name is correct and that SQL Server is configured to allow remote connections. (provider: SQL Network Interfaces, error: 26 - Error Locating Server/Instance Specified)
4/1/2025 12:46:24 PM:DBManager:connection_data:Object reference not set to an instance of an object.
4/1/2025 12:46:24 PM:DBManager:connection_data:Object reference not set to an instance of an object.
4/1/2025 12:46:24 PM:DBManager:connection_data:Object reference not set to an instance of an object.
4/1/2025 12:46:24 PM:DBManager:connection_data:Object reference not set to an instance of an object.
4/1/2025 12:46:24 PM:POS_WS:getStore():A network-related or instance-specific error occurred while establishing a connection to SQL Server. The server was not found or was not accessible. Verify that the instance name is correct and that SQL Server is configured to allow remote connections. (provider: SQL Network Interfaces, error: 26 - Error Locating Server/Instance Specified)
4/1/2025 12:47:24 PM:DBManager:connection_data:Object reference not set to an instance of an object.
4/1/2025 12:47:24 PM:DBManager:connection_data:Object reference not set to an instance of an object.
4/1/2025 12:47:24 PM:DBManager:connection_data:Object reference not set to an instance of an object.
4/1/2025 12:47:24 PM:DBManager:connection_data:Object reference not set to an instance of an object.
4/1/2025 12:47:26 PM:POS_WS:getStore():A network-related or instance-specific error occurred while establishing a connection to SQL Server. The server was not found or was not accessible. Verify that the instance name is correct and that SQL Server is configured to allow remote connections. (provider: SQL Network Interfaces, error: 26 - Error Locating Server/Instance Specified)
4/1/2025 12:47:32 PM:DBManager:connection_data:Object reference not set to an instance of an object.
4/1/2025 12:47:32 PM:DBManager:connection_data:Object reference not set to an instance of an object.
4/1/2025 12:47:32 PM:DBManager:connection_data:Object reference not set to an instance of an object.
4/1/2025 12:47:32 PM:DBManager:connection_data:Object reference not set to an instance of an object.
4/1/2025 12:47:32 PM:POS_WS:getStore():A network-related or instance-specific error occurred while establishing a connection to SQL Server. The server was not found or was not accessible. Verify that the instance name is correct and that SQL Server is configured to allow remote connections. (provider: SQL Network Interfaces, error: 26 - Error Locating Server/Instance Specified)
4/1/2025 12:48:14 PM:DBManager:connection_data:Object reference not set to an instance of an object.
4/1/2025 12:48:14 PM:DBManager:connection_data:Object reference not set to an instance of an object.
4/1/2025 12:48:16 PM:DBManager:connection_data:Object reference not set to an instance of an object.
4/1/2025 12:48:16 PM:DBManager:connection_data:Object reference not set to an instance of an object.
4/1/2025 12:48:17 PM:POS_WS:getStore():A network-related or instance-specific error occurred while establishing a connection to SQL Server. The server was not found or was not accessible. Verify that the instance name is correct and that SQL Server is configured to allow remote connections. (provider: SQL Network Interfaces, error: 26 - Error Locating Server/Instance Specified)
4/1/2025 12:49:50 PM:DBManager:connection_data:Object reference not set to an instance of an object.
4/1/2025 12:49:50 PM:DBManager:connection_data:Object reference not set to an instance of an object.
4/1/2025 12:49:51 PM:DBManager:connection_data:Object reference not set to an instance of an object.
4/1/2025 12:49:51 PM:DBManager:connection_data:Object reference not set to an instance of an object.
4/1/2025 12:49:52 PM:POS_WS:getStore():A network-related or instance-specific error occurred while establishing a connection to SQL Server. The server was not found or was not accessible. Verify that the instance name is correct and that SQL Server is configured to allow remote connections. (provider: SQL Network Interfaces, error: 26 - Error Locating Server/Instance Specified)
4/1/2025 12:49:57 PM:DBManager:connection_data:Object reference not set to an instance of an object.
4/1/2025 12:49:57 PM:DBManager:connection_data:Object reference not set to an instance of an object.
4/1/2025 12:49:57 PM:DBManager:connection_data:Object reference not set to an instance of an object.
4/1/2025 12:49:57 PM:DBManager:connection_data:Object reference not set to an instance of an object.
4/1/2025 12:49:57 PM:POS_WS:getStore():A network-related or instance-specific error occurred while establishing a connection to SQL Server. The server was not found or was not accessible. Verify that the instance name is correct and that SQL Server is configured to allow remote connections. (provider: SQL Network Interfaces, error: 26 - Error Locating Server/Instance Specified)
4/1/2025 12:50:29 PM:DBManager:connection_data:Object reference not set to an instance of an object.
4/1/2025 12:50:29 PM:DBManager:connection_data:Object reference not set to an instance of an object.
4/1/2025 12:50:30 PM:DBManager:connection_data:Object reference not set to an instance of an object.
4/1/2025 12:50:30 PM:DBManager:connection_data:Object reference not set to an instance of an object.
4/1/2025 12:52:32 PM:DBManager:connection_data:Object reference not set to an instance of an object.
4/1/2025 12:52:32 PM:DBManager:connection_data:Object reference not set to an instance of an object.
4/1/2025 12:52:32 PM:DBManager:connection_data:Object reference not set to an instance of an object.
4/1/2025 12:52:32 PM:DBManager:connection_data:Object reference not set to an instance of an object.
4/1/2025 12:52:36 PM:DBManager:connection_data:Object reference not set to an instance of an object.
4/1/2025 12:52:36 PM:DBManager:connection_data:Object reference not set to an instance of an object.
4/1/2025 12:52:36 PM:DBManager:connection_data:Object reference not set to an instance of an object.
4/1/2025 12:52:36 PM:DBManager:connection_data:Object reference not set to an instance of an object.
4/1/2025 12:52:38 PM:DBManager:connection_data:Object reference not set to an instance of an object.
4/1/2025 12:52:38 PM:DBManager:connection_data:Object reference not set to an instance of an object.
4/1/2025 12:52:38 PM:DBManager:connection_data:Object reference not set to an instance of an object.
4/1/2025 12:52:38 PM:DBManager:connection_data:Object reference not set to an instance of an object.
4/1/2025 12:52:38 PM:DBManager:connection_data:Object reference not set to an instance of an object.
4/1/2025 12:52:38 PM:DBManager:connection_data:Object reference not set to an instance of an object.
4/1/2025 12:52:39 PM:DBManager:connection_data:Object reference not set to an instance of an object.
4/1/2025 12:52:39 PM:DBManager:connection_data:Object reference not set to an instance of an object.
4/1/2025 12:53:07 PM:DBManager:connection_data:Object reference not set to an instance of an object.
4/1/2025 12:53:07 PM:DBManager:connection_data:Object reference not set to an instance of an object.
4/1/2025 12:53:07 PM:DBManager:connection_data:Object reference not set to an instance of an object.
4/1/2025 12:53:07 PM:DBManager:connection_data:Object reference not set to an instance of an object.
4/1/2025 2:24:40 PM:DBManager:connection_data:Object reference not set to an instance of an object.
4/1/2025 2:24:40 PM:DBManager:connection_data:Object reference not set to an instance of an object.
01/04/2025 2:24:51 PM:POS_WS:CallMethod():Object reference not set to an instance of an object.
4/1/2025 2:24:51 PM:DBManager:connection_data:Object reference not set to an instance of an object.
4/1/2025 2:24:53 PM:DBManager:connection_data:Object reference not set to an instance of an object.
4/1/2025 2:24:53 PM:DBManager:connection_data:Object reference not set to an instance of an object.
4/1/2025 2:25:22 PM:DBManager:connection_data:Object reference not set to an instance of an object.
4/1/2025 2:25:22 PM:DBManager:connection_data:Object reference not set to an instance of an object.
4/1/2025 2:25:42 PM:DBManager:connection_data:Object reference not set to an instance of an object.
4/1/2025 2:25:42 PM:DBManager:connection_data:Object reference not set to an instance of an object.
4/1/2025 2:25:58 PM:DBManager:connection_data:Object reference not set to an instance of an object.
4/1/2025 2:25:58 PM:DBManager:connection_data:Object reference not set to an instance of an object.
4/1/2025 2:26:06 PM:DBManager:connection_data:Object reference not set to an instance of an object.
4/1/2025 2:26:06 PM:DBManager:connection_data:Object reference not set to an instance of an object.
4/1/2025 2:26:09 PM:DBManager:connection_data:Object reference not set to an instance of an object.
4/1/2025 2:26:09 PM:DBManager:connection_data:Object reference not set to an instance of an object.
4/1/2025 2:27:52 PM:DBManager:connection_data:Object reference not set to an instance of an object.
4/1/2025 2:27:52 PM:DBManager:connection_data:Object reference not set to an instance of an object.
4/1/2025 2:27:53 PM:DBManager:connection_data:Object reference not set to an instance of an object.
4/1/2025 2:27:53 PM:DBManager:connection_data:Object reference not set to an instance of an object.
4/1/2025 2:28:02 PM:DBManager:connection_data:Object reference not set to an instance of an object.
4/1/2025 2:28:02 PM:DBManager:connection_data:Object reference not set to an instance of an object.
4/1/2025 2:28:02 PM:DBManager:connection_data:Object reference not set to an instance of an object.
4/1/2025 2:28:02 PM:DBManager:connection_data:Object reference not set to an instance of an object.
4/1/2025 2:28:03 PM:DBManager:connection_data:Object reference not set to an instance of an object.
4/1/2025 2:28:03 PM:DBManager:connection_data:Object reference not set to an instance of an object.
4/1/2025 2:28:03 PM:DBManager:connection_data:Object reference not set to an instance of an object.
4/1/2025 2:28:03 PM:DBManager:connection_data:Object reference not set to an instance of an object.
4/1/2025 2:47:25 PM:DBManager:connection_data:Object reference not set to an instance of an object.
4/1/2025 2:47:25 PM:DBManager:connection_data:Object reference not set to an instance of an object.
01/04/2025 2:47:26 PM:POS_WS:CallMethod():An endpoint configuration section for contract 'ServiceReference1.POS_WebServiceSoap' could not be loaded because more than one endpoint configuration for that contract was found. Please indicate the preferred endpoint configuration section by name.
4/1/2025 2:47:28 PM:DBManager:connection_data:Object reference not set to an instance of an object.
4/1/2025 2:47:28 PM:DBManager:connection_data:Object reference not set to an instance of an object.
01/04/2025 2:47:28 PM:POS_WS:CallMethod():An endpoint configuration section for contract 'ServiceReference1.POS_WebServiceSoap' could not be loaded because more than one endpoint configuration for that contract was found. Please indicate the preferred endpoint configuration section by name.
4/1/2025 2:47:30 PM:DBManager:connection_data:Object reference not set to an instance of an object.
4/1/2025 2:47:30 PM:DBManager:connection_data:Object reference not set to an instance of an object.
01/04/2025 2:47:30 PM:POS_WS:CallMethod():An endpoint configuration section for contract 'ServiceReference1.POS_WebServiceSoap' could not be loaded because more than one endpoint configuration for that contract was found. Please indicate the preferred endpoint configuration section by name.
4/1/2025 2:47:46 PM:DBManager:connection_data:Object reference not set to an instance of an object.
4/1/2025 2:47:46 PM:DBManager:connection_data:Object reference not set to an instance of an object.
4/1/2025 2:47:47 PM:DBManager:connection_data:Object reference not set to an instance of an object.
4/1/2025 2:47:47 PM:DBManager:connection_data:Object reference not set to an instance of an object.
4/1/2025 2:48:01 PM:DBManager:connection_data:Object reference not set to an instance of an object.
4/1/2025 2:48:01 PM:DBManager:connection_data:Object reference not set to an instance of an object.
4/1/2025 2:48:01 PM:DBManager:connection_data:Object reference not set to an instance of an object.
4/1/2025 2:48:01 PM:DBManager:connection_data:Object reference not set to an instance of an object.
4/1/2025 2:48:06 PM:DBManager:connection_data:Object reference not set to an instance of an object.
4/1/2025 2:48:06 PM:DBManager:connection_data:Object reference not set to an instance of an object.
4/1/2025 2:48:06 PM:DBManager:connection_data:Object reference not set to an instance of an object.
4/1/2025 2:48:06 PM:DBManager:connection_data:Object reference not set to an instance of an object.
4/1/2025 2:48:44 PM:DBManager:connection_data:Object reference not set to an instance of an object.
4/1/2025 2:48:44 PM:DBManager:connection_data:Object reference not set to an instance of an object.
4/1/2025 2:48:44 PM:DBManager:connection_data:Object reference not set to an instance of an object.
4/1/2025 2:48:44 PM:DBManager:connection_data:Object reference not set to an instance of an object.
4/1/2025 3:00:16 PM:DBManager:connection_data:Object reference not set to an instance of an object.
4/1/2025 3:00:16 PM:DBManager:connection_data:Object reference not set to an instance of an object.
4/1/2025 3:00:16 PM:DBManager:connection_data:Object reference not set to an instance of an object.
4/1/2025 3:00:16 PM:DBManager:connection_data:Object reference not set to an instance of an object.
4/1/2025 3:14:50 PM:DBManager:connection_data:Object reference not set to an instance of an object.
4/1/2025 3:14:50 PM:DBManager:connection_data:Object reference not set to an instance of an object.
4/1/2025 3:14:51 PM:DBManager:connection_data:Object reference not set to an instance of an object.
4/1/2025 3:14:51 PM:DBManager:connection_data:Object reference not set to an instance of an object.
4/1/2025 3:14:52 PM:DBManager:connection_data:Object reference not set to an instance of an object.
4/1/2025 3:14:52 PM:DBManager:connection_data:Object reference not set to an instance of an object.
4/1/2025 3:14:52 PM:DBManager:connection_data:Object reference not set to an instance of an object.
4/1/2025 3:14:52 PM:DBManager:connection_data:Object reference not set to an instance of an object.
4/1/2025 3:16:54 PM:DBManager:connection_data:Object reference not set to an instance of an object.
4/1/2025 3:16:54 PM:DBManager:connection_data:Object reference not set to an instance of an object.
4/1/2025 3:16:54 PM:DBManager:connection_data:Object reference not set to an instance of an object.
4/1/2025 3:16:54 PM:DBManager:connection_data:Object reference not set to an instance of an object.
4/1/2025 3:16:54 PM:DBManager:connection_data:Object reference not set to an instance of an object.
4/1/2025 3:16:54 PM:DBManager:connection_data:Object reference not set to an instance of an object.
4/1/2025 3:16:54 PM:DBManager:connection_data:Object reference not set to an instance of an object.
4/1/2025 3:16:54 PM:DBManager:connection_data:Object reference not set to an instance of an object.
4/1/2025 3:16:55 PM:DBManager:connection_data:Object reference not set to an instance of an object.
4/1/2025 3:16:55 PM:DBManager:connection_data:Object reference not set to an instance of an object.
4/1/2025 3:16:55 PM:DBManager:connection_data:Object reference not set to an instance of an object.
4/1/2025 3:16:55 PM:DBManager:connection_data:Object reference not set to an instance of an object.
4/1/2025 3:48:19 PM:DBManager:connection_data:Object reference not set to an instance of an object.
4/1/2025 3:48:19 PM:DBManager:connection_data:Object reference not set to an instance of an object.
4/1/2025 3:48:19 PM:DBManager:connection_data:Object reference not set to an instance of an object.
4/1/2025 3:48:19 PM:DBManager:connection_data:Object reference not set to an instance of an object.
4/1/2025 5:02:30 PM:DBManager:connection_data:Object reference not set to an instance of an object.
4/1/2025 5:02:30 PM:DBManager:connection_data:Object reference not set to an instance of an object.
01/04/2025 5:02:30 PM:POS_WS:CallMethod():Object reference not set to an instance of an object.
4/1/2025 5:07:36 PM:DBManager:connection_data:Object reference not set to an instance of an object.
4/1/2025 5:07:36 PM:DBManager:connection_data:Object reference not set to an instance of an object.
01/04/2025 5:07:36 PM:POS_WS:CallMethod():Object reference not set to an instance of an object.
4/1/2025 5:08:26 PM:DBManager:connection_data:Object reference not set to an instance of an object.
4/1/2025 5:08:26 PM:DBManager:connection_data:Object reference not set to an instance of an object.
01/04/2025 5:08:26 PM:POS_WS:CallMethod():Object reference not set to an instance of an object.
4/1/2025 5:18:20 PM:DBManager:connection_data:Object reference not set to an instance of an object.
4/1/2025 5:18:20 PM:DBManager:connection_data:Object reference not set to an instance of an object.
01/04/2025 5:18:20 PM:POS_WS:CallMethod():Object reference not set to an instance of an object.
4/1/2025 5:35:44 PM:DBManager:connection_data:Object reference not set to an instance of an object.
4/1/2025 5:35:44 PM:DBManager:connection_data:Object reference not set to an instance of an object.
4/1/2025 5:36:07 PM:DBManager:connection_data:Object reference not set to an instance of an object.
4/1/2025 5:36:07 PM:DBManager:connection_data:Object reference not set to an instance of an object.
01/04/2025 5:36:07 PM:POS_WS:CallMethod():Object reference not set to an instance of an object.
01/04/2025 5:36:07 PM:POS_WS:CallMethod():Object reference not set to an instance of an object.
4/1/2025 6:43:11 PM:DBManager:connection_data:Object reference not set to an instance of an object.
4/1/2025 6:43:11 PM:DBManager:connection_data:Object reference not set to an instance of an object.
01/04/2025 6:43:12 PM:POS_WS:CallMethod():An endpoint configuration section for contract 'ServiceReference1.POS_WebServiceSoap' could not be loaded because more than one endpoint configuration for that contract was found. Please indicate the preferred endpoint configuration section by name.
4/1/2025 6:43:34 PM:DBManager:connection_data:Object reference not set to an instance of an object.
4/1/2025 6:43:34 PM:DBManager:connection_data:Object reference not set to an instance of an object.
01/04/2025 6:43:35 PM:POS_WS:CallMethod():Object reference not set to an instance of an object.
4/1/2025 6:43:45 PM:DBManager:connection_data:Object reference not set to an instance of an object.
4/1/2025 6:43:45 PM:DBManager:connection_data:Object reference not set to an instance of an object.
01/04/2025 6:43:50 PM:POS_WS:CallMethod():Object reference not set to an instance of an object.
4/1/2025 6:44:37 PM:DBManager:connection_data:Object reference not set to an instance of an object.
4/1/2025 6:44:37 PM:DBManager:connection_data:Object reference not set to an instance of an object.
01/04/2025 6:44:41 PM:POS_WS:CallMethod():Object reference not set to an instance of an object.
4/1/2025 6:44:59 PM:DBManager:connection_data:Object reference not set to an instance of an object.
4/1/2025 6:44:59 PM:DBManager:connection_data:Object reference not set to an instance of an object.
01/04/2025 7:07:58 PM:POS_WS:CallMethod():Object reference not set to an instance of an object.
4/1/2025 7:07:58 PM:DBManager:connection_data:Object reference not set to an instance of an object.
4/1/2025 7:08:03 PM:DBManager:connection_data:Object reference not set to an instance of an object.
01/04/2025 7:08:10 PM:POS_WS:CallMethod():Object reference not set to an instance of an object.
4/1/2025 7:09:08 PM:DBManager:connection_data:Object reference not set to an instance of an object.
4/1/2025 7:09:08 PM:DBManager:connection_data:Object reference not set to an instance of an object.
01/04/2025 8:22:47 PM:POS_WS:CallMethod():Object reference not set to an instance of an object.
4/1/2025 8:23:12 PM:DBManager:connection_data:Object reference not set to an instance of an object.
4/1/2025 8:23:12 PM:DBManager:connection_data:Object reference not set to an instance of an object.
01/04/2025 8:23:22 PM:POS_WS:CallMethod():Object reference not set to an instance of an object.
4/1/2025 8:23:33 PM:DBManager:connection_data:Object reference not set to an instance of an object.
4/1/2025 8:23:33 PM:DBManager:connection_data:Object reference not set to an instance of an object.
01/04/2025 8:23:56 PM:POS_WS:CallMethod():Object reference not set to an instance of an object.
