3/28/2025 11:06:58 AM:DBManager:connection_data:Object reference not set to an instance of an object.
3/28/2025 11:06:58 AM:DBManager:connection_data:Object reference not set to an instance of an object.
3/28/2025 11:09:11 AM:DBManager:connection_data:Object reference not set to an instance of an object.
3/28/2025 11:09:11 AM:DBManager:connection_data:Object reference not set to an instance of an object.
3/28/2025 11:09:11 AM:DBManager:connection_data:Object reference not set to an instance of an object.
3/28/2025 11:09:11 AM:DBManager:connection_data:Object reference not set to an instance of an object.
28/03/2025 11:09:20 AM:POS_WS:CallMethod():Conversion from string "POS" to type 'Integer' is not valid.
28/03/2025 11:09:23 AM:POS_WS:CallMethod():Object reference not set to an instance of an object.
28/03/2025 11:09:27 AM:POS_WS:CallMethod():Conversion from string "POS" to type 'Integer' is not valid.
3/28/2025 11:09:29 AM:DBManager:connection_data:Object reference not set to an instance of an object.
3/28/2025 11:09:29 AM:DBManager:connection_data:Object reference not set to an instance of an object.
28/03/2025 11:10:51 AM:POS_WS:CallMethod():Conversion from string "POS" to type 'Integer' is not valid.
3/28/2025 11:11:36 AM:DBManager:connection_data:Object reference not set to an instance of an object.
3/28/2025 11:11:36 AM:DBManager:connection_data:Object reference not set to an instance of an object.
28/03/2025 11:11:36 AM:POS_WS:CallMethod():Conversion from string "POS" to type 'Integer' is not valid.
3/28/2025 11:11:40 AM:DBManager:connection_data:Object reference not set to an instance of an object.
3/28/2025 11:11:40 AM:DBManager:connection_data:Object reference not set to an instance of an object.
28/03/2025 11:11:40 AM:POS_WS:CallMethod():Conversion from string "POS" to type 'Integer' is not valid.
3/28/2025 11:11:41 AM:DBManager:connection_data:Object reference not set to an instance of an object.
3/28/2025 11:11:41 AM:DBManager:connection_data:Object reference not set to an instance of an object.
28/03/2025 11:11:41 AM:POS_WS:CallMethod():Conversion from string "POS" to type 'Integer' is not valid.
3/28/2025 11:11:41 AM:DBManager:connection_data:Object reference not set to an instance of an object.
3/28/2025 11:11:41 AM:DBManager:connection_data:Object reference not set to an instance of an object.
28/03/2025 11:11:41 AM:POS_WS:CallMethod():Conversion from string "POS" to type 'Integer' is not valid.
3/28/2025 11:11:41 AM:DBManager:connection_data:Object reference not set to an instance of an object.
3/28/2025 11:11:41 AM:DBManager:connection_data:Object reference not set to an instance of an object.
28/03/2025 11:11:41 AM:POS_WS:CallMethod():Conversion from string "POS" to type 'Integer' is not valid.
3/28/2025 11:11:42 AM:DBManager:connection_data:Object reference not set to an instance of an object.
3/28/2025 11:11:42 AM:DBManager:connection_data:Object reference not set to an instance of an object.
28/03/2025 11:11:42 AM:POS_WS:CallMethod():Conversion from string "POS" to type 'Integer' is not valid.
3/28/2025 11:11:42 AM:DBManager:connection_data:Object reference not set to an instance of an object.
3/28/2025 11:11:42 AM:DBManager:connection_data:Object reference not set to an instance of an object.
28/03/2025 11:11:42 AM:POS_WS:CallMethod():Conversion from string "POS" to type 'Integer' is not valid.
3/28/2025 11:31:21 AM:DBManager:connection_data:Object reference not set to an instance of an object.
3/28/2025 11:31:21 AM:DBManager:connection_data:Object reference not set to an instance of an object.
3/28/2025 11:32:19 AM:DBManager:connection_data:Object reference not set to an instance of an object.
3/28/2025 11:32:19 AM:DBManager:connection_data:Object reference not set to an instance of an object.
3/28/2025 11:36:41 AM:DBManager:connection_data:Object reference not set to an instance of an object.
3/28/2025 11:36:41 AM:DBManager:connection_data:Object reference not set to an instance of an object.
3/28/2025 11:36:41 AM:DBManager:connection_data:Object reference not set to an instance of an object.
3/28/2025 11:36:41 AM:DBManager:connection_data:Object reference not set to an instance of an object.
3/28/2025 11:38:24 AM:DBManager:connection_data:Object reference not set to an instance of an object.
3/28/2025 11:38:24 AM:DBManager:connection_data:Object reference not set to an instance of an object.
28/03/2025 11:38:24 AM:POS_WS:CallMethod():Object reference not set to an instance of an object.
3/28/2025 11:38:28 AM:DBManager:connection_data:Object reference not set to an instance of an object.
3/28/2025 11:38:28 AM:DBManager:connection_data:Object reference not set to an instance of an object.
28/03/2025 11:38:28 AM:POS_WS:CallMethod():Object reference not set to an instance of an object.
3/28/2025 11:59:46 AM:DBManager:connection_data:Object reference not set to an instance of an object.
3/28/2025 11:59:46 AM:DBManager:connection_data:Object reference not set to an instance of an object.
28/03/2025 11:59:46 AM:POS_WS:CallMethod():String was not recognized as a valid DateTime.
3/28/2025 12:00:12 PM:DBManager:connection_data:Object reference not set to an instance of an object.
3/28/2025 12:00:12 PM:DBManager:connection_data:Object reference not set to an instance of an object.
28/03/2025 12:00:12 PM:POS_WS:CallMethod():Object reference not set to an instance of an object.
3/28/2025 12:00:37 PM:DBManager:connection_data:Object reference not set to an instance of an object.
3/28/2025 12:00:37 PM:DBManager:connection_data:Object reference not set to an instance of an object.
28/03/2025 12:00:37 PM:POS_WS:CallMethod():Object reference not set to an instance of an object.
3/28/2025 12:00:39 PM:DBManager:connection_data:Object reference not set to an instance of an object.
3/28/2025 12:00:39 PM:DBManager:connection_data:Object reference not set to an instance of an object.
28/03/2025 12:00:39 PM:POS_WS:CallMethod():Object reference not set to an instance of an object.
3/28/2025 12:01:12 PM:DBManager:connection_data:Object reference not set to an instance of an object.
3/28/2025 12:01:12 PM:DBManager:connection_data:Object reference not set to an instance of an object.
28/03/2025 12:01:12 PM:POS_WS:CallMethod():Object reference not set to an instance of an object.
3/28/2025 12:01:14 PM:DBManager:connection_data:Object reference not set to an instance of an object.
3/28/2025 12:01:14 PM:DBManager:connection_data:Object reference not set to an instance of an object.
28/03/2025 12:01:14 PM:POS_WS:CallMethod():Object reference not set to an instance of an object.
3/28/2025 12:01:14 PM:DBManager:connection_data:Object reference not set to an instance of an object.
3/28/2025 12:01:14 PM:DBManager:connection_data:Object reference not set to an instance of an object.
28/03/2025 12:01:14 PM:POS_WS:CallMethod():Object reference not set to an instance of an object.
3/28/2025 12:01:15 PM:DBManager:connection_data:Object reference not set to an instance of an object.
3/28/2025 12:01:15 PM:DBManager:connection_data:Object reference not set to an instance of an object.
28/03/2025 12:01:15 PM:POS_WS:CallMethod():Object reference not set to an instance of an object.
3/28/2025 12:01:16 PM:DBManager:connection_data:Object reference not set to an instance of an object.
3/28/2025 12:01:16 PM:DBManager:connection_data:Object reference not set to an instance of an object.
28/03/2025 12:01:16 PM:POS_WS:CallMethod():Object reference not set to an instance of an object.
3/28/2025 12:01:16 PM:DBManager:connection_data:Object reference not set to an instance of an object.
3/28/2025 12:01:16 PM:DBManager:connection_data:Object reference not set to an instance of an object.
28/03/2025 12:01:16 PM:POS_WS:CallMethod():Object reference not set to an instance of an object.
3/28/2025 12:01:18 PM:DBManager:connection_data:Object reference not set to an instance of an object.
3/28/2025 12:01:18 PM:DBManager:connection_data:Object reference not set to an instance of an object.
28/03/2025 12:01:18 PM:POS_WS:CallMethod():Object reference not set to an instance of an object.
3/28/2025 12:01:19 PM:DBManager:connection_data:Object reference not set to an instance of an object.
3/28/2025 12:01:19 PM:DBManager:connection_data:Object reference not set to an instance of an object.
28/03/2025 12:01:19 PM:POS_WS:CallMethod():Object reference not set to an instance of an object.
3/28/2025 12:01:20 PM:DBManager:connection_data:Object reference not set to an instance of an object.
3/28/2025 12:01:20 PM:DBManager:connection_data:Object reference not set to an instance of an object.
28/03/2025 12:01:20 PM:POS_WS:CallMethod():Object reference not set to an instance of an object.
3/28/2025 12:01:21 PM:DBManager:connection_data:Object reference not set to an instance of an object.
3/28/2025 12:01:21 PM:DBManager:connection_data:Object reference not set to an instance of an object.
28/03/2025 12:01:21 PM:POS_WS:CallMethod():Object reference not set to an instance of an object.
3/28/2025 12:01:21 PM:DBManager:connection_data:Object reference not set to an instance of an object.
3/28/2025 12:01:21 PM:DBManager:connection_data:Object reference not set to an instance of an object.
28/03/2025 12:01:21 PM:POS_WS:CallMethod():Object reference not set to an instance of an object.
3/28/2025 12:01:22 PM:DBManager:connection_data:Object reference not set to an instance of an object.
3/28/2025 12:01:22 PM:DBManager:connection_data:Object reference not set to an instance of an object.
28/03/2025 12:01:22 PM:POS_WS:CallMethod():Object reference not set to an instance of an object.
3/28/2025 12:01:23 PM:DBManager:connection_data:Object reference not set to an instance of an object.
3/28/2025 12:01:23 PM:DBManager:connection_data:Object reference not set to an instance of an object.
28/03/2025 12:01:23 PM:POS_WS:CallMethod():Object reference not set to an instance of an object.
3/28/2025 12:01:24 PM:DBManager:connection_data:Object reference not set to an instance of an object.
3/28/2025 12:01:24 PM:DBManager:connection_data:Object reference not set to an instance of an object.
28/03/2025 12:01:24 PM:POS_WS:CallMethod():Object reference not set to an instance of an object.
3/28/2025 12:01:28 PM:DBManager:connection_data:Object reference not set to an instance of an object.
3/28/2025 12:01:28 PM:DBManager:connection_data:Object reference not set to an instance of an object.
3/28/2025 12:01:32 PM:DBManager:connection_data:Object reference not set to an instance of an object.
3/28/2025 12:01:37 PM:DBManager:connection_data:Object reference not set to an instance of an object.
3/28/2025 12:01:43 PM:DBManager:connection_data:Object reference not set to an instance of an object.
28/03/2025 12:03:59 PM:POS_WS:CallMethod():Object reference not set to an instance of an object.
3/28/2025 12:04:01 PM:DBManager:connection_data:Object reference not set to an instance of an object.
3/28/2025 12:04:01 PM:DBManager:connection_data:Object reference not set to an instance of an object.
28/03/2025 12:04:38 PM:POS_WS:CallMethod():Object reference not set to an instance of an object.
28/03/2025 12:04:39 PM:SignIn:btnLogIn_Click:test
3/28/2025 12:04:43 PM:DBManager:connection_data:Object reference not set to an instance of an object.
3/28/2025 12:04:44 PM:DBManager:connection_data:Object reference not set to an instance of an object.
28/03/2025 12:06:03 PM:POS_WS:CallMethod():Object reference not set to an instance of an object.
3/28/2025 12:06:04 PM:DBManager:connection_data:Object reference not set to an instance of an object.
3/28/2025 12:06:05 PM:DBManager:connection_data:Object reference not set to an instance of an object.
3/28/2025 12:06:08 PM:DBManager:connection_data:Object reference not set to an instance of an object.
3/28/2025 12:06:12 PM:DBManager:connection_data:Object reference not set to an instance of an object.
3/28/2025 12:09:11 PM:DBManager:connection_data:Object reference not set to an instance of an object.
3/28/2025 12:09:11 PM:DBManager:connection_data:Object reference not set to an instance of an object.
3/28/2025 12:09:14 PM:DBManager:connection_data:Object reference not set to an instance of an object.
3/28/2025 12:09:14 PM:DBManager:connection_data:Object reference not set to an instance of an object.
3/28/2025 12:10:33 PM:DBManager:connection_data:Object reference not set to an instance of an object.
3/28/2025 12:10:33 PM:DBManager:connection_data:Object reference not set to an instance of an object.
3/28/2025 12:10:37 PM:DBManager:connection_data:Object reference not set to an instance of an object.
3/28/2025 12:10:37 PM:DBManager:connection_data:Object reference not set to an instance of an object.
3/28/2025 12:21:02 PM:DBManager:connection_data:Object reference not set to an instance of an object.
3/28/2025 12:21:02 PM:DBManager:connection_data:Object reference not set to an instance of an object.
3/28/2025 12:21:04 PM:DBManager:connection_data:Object reference not set to an instance of an object.
3/28/2025 12:21:04 PM:DBManager:connection_data:Object reference not set to an instance of an object.
3/28/2025 12:21:17 PM:DBManager:connection_data:Object reference not set to an instance of an object.
3/28/2025 12:21:17 PM:DBManager:connection_data:Object reference not set to an instance of an object.
3/28/2025 12:21:19 PM:DBManager:connection_data:Object reference not set to an instance of an object.
3/28/2025 12:21:19 PM:DBManager:connection_data:Object reference not set to an instance of an object.
3/28/2025 12:22:48 PM:DBManager:connection_data:Object reference not set to an instance of an object.
3/28/2025 12:22:48 PM:DBManager:connection_data:Object reference not set to an instance of an object.
3/28/2025 12:22:51 PM:DBManager:connection_data:Object reference not set to an instance of an object.
3/28/2025 12:22:51 PM:DBManager:connection_data:Object reference not set to an instance of an object.
3/28/2025 12:22:59 PM:DBManager:connection_data:Object reference not set to an instance of an object.
3/28/2025 12:22:59 PM:DBManager:connection_data:Object reference not set to an instance of an object.
3/28/2025 12:23:02 PM:DBManager:connection_data:Object reference not set to an instance of an object.
3/28/2025 12:23:02 PM:DBManager:connection_data:Object reference not set to an instance of an object.
3/28/2025 2:54:37 PM:DBManager:connection_data:Object reference not set to an instance of an object.
3/28/2025 2:54:37 PM:DBManager:connection_data:Object reference not set to an instance of an object.
3/28/2025 2:54:51 PM:DBManager:connection_data:Object reference not set to an instance of an object.
3/28/2025 2:54:51 PM:DBManager:connection_data:Object reference not set to an instance of an object.
3/28/2025 2:55:42 PM:DBManager:connection_data:Object reference not set to an instance of an object.
3/28/2025 2:55:42 PM:DBManager:connection_data:Object reference not set to an instance of an object.
3/28/2025 2:55:42 PM:DBManager:connection_data:Object reference not set to an instance of an object.
3/28/2025 2:55:42 PM:DBManager:connection_data:Object reference not set to an instance of an object.
3/28/2025 2:55:42 PM:DBManager:connection_data:Object reference not set to an instance of an object.
3/28/2025 2:55:42 PM:DBManager:connection_data:Object reference not set to an instance of an object.
3/28/2025 2:55:42 PM:DBManager:connection_data:Object reference not set to an instance of an object.
3/28/2025 2:55:42 PM:DBManager:connection_data:Object reference not set to an instance of an object.
3/28/2025 2:56:10 PM:DBManager:connection_data:Object reference not set to an instance of an object.
3/28/2025 2:56:11 PM:DBManager:connection_data:Object reference not set to an instance of an object.
3/28/2025 2:56:11 PM:DBManager:connection_data:Object reference not set to an instance of an object.
3/28/2025 2:56:11 PM:DBManager:connection_data:Object reference not set to an instance of an object.
3/28/2025 2:56:11 PM:DBManager:connection_data:Object reference not set to an instance of an object.
3/28/2025 2:56:11 PM:DBManager:connection_data:Object reference not set to an instance of an object.
3/28/2025 2:56:11 PM:DBManager:connection_data:Object reference not set to an instance of an object.
3/28/2025 2:56:14 PM:DBManager:connection_data:Object reference not set to an instance of an object.
3/28/2025 4:29:32 PM:DBManager:connection_data:Object reference not set to an instance of an object.
3/28/2025 4:29:32 PM:DBManager:connection_data:Object reference not set to an instance of an object.
3/28/2025 4:29:32 PM:DBManager:connection_data:Object reference not set to an instance of an object.
28/03/2025 4:29:32 PM:SignIn:btnLogIn_Click:test
3/28/2025 4:29:51 PM:DBManager:connection_data:Object reference not set to an instance of an object.
3/28/2025 4:29:51 PM:DBManager:connection_data:Object reference not set to an instance of an object.
3/28/2025 4:30:32 PM:DBManager:connection_data:Object reference not set to an instance of an object.
3/28/2025 4:30:33 PM:DBManager:connection_data:Object reference not set to an instance of an object.
3/28/2025 4:30:36 PM:DBManager:connection_data:Object reference not set to an instance of an object.
3/28/2025 4:30:36 PM:DBManager:connection_data:Object reference not set to an instance of an object.
3/28/2025 5:46:45 PM:DBManager:connection_data:Object reference not set to an instance of an object.
3/28/2025 5:46:46 PM:DBManager:connection_data:Object reference not set to an instance of an object.
3/28/2025 5:47:24 PM:DBManager:connection_data:Object reference not set to an instance of an object.
3/28/2025 5:47:24 PM:DBManager:connection_data:Object reference not set to an instance of an object.
3/28/2025 5:47:25 PM:DBManager:connection_data:Object reference not set to an instance of an object.
3/28/2025 5:47:25 PM:DBManager:connection_data:Object reference not set to an instance of an object.
3/28/2025 5:47:26 PM:DBManager:connection_data:Object reference not set to an instance of an object.
28/03/2025 5:47:26 PM:SignIn:btnLogIn_Click:test
3/28/2025 5:47:45 PM:DBManager:connection_data:Object reference not set to an instance of an object.
3/28/2025 5:47:48 PM:DBManager:connection_data:Object reference not set to an instance of an object.
3/28/2025 5:47:48 PM:DBManager:connection_data:Object reference not set to an instance of an object.
3/28/2025 5:47:48 PM:DBManager:connection_data:Object reference not set to an instance of an object.
3/28/2025 5:47:49 PM:POS_WS:getStore():Error converting data type nvarchar to numeric.
3/28/2025 5:47:50 PM:POS_WS:getStore():Error converting data type nvarchar to numeric.
3/28/2025 5:57:45 PM:DBManager:connection_data:Object reference not set to an instance of an object.
3/28/2025 5:57:45 PM:DBManager:connection_data:Object reference not set to an instance of an object.
3/28/2025 5:58:27 PM:DBManager:connection_data:Object reference not set to an instance of an object.
3/28/2025 5:58:27 PM:DBManager:connection_data:Object reference not set to an instance of an object.
3/28/2025 5:59:09 PM:DBManager:connection_data:Object reference not set to an instance of an object.
3/28/2025 5:59:09 PM:DBManager:connection_data:Object reference not set to an instance of an object.
3/28/2025 5:59:13 PM:DBManager:connection_data:Object reference not set to an instance of an object.
3/28/2025 5:59:13 PM:DBManager:connection_data:Object reference not set to an instance of an object.
3/28/2025 6:02:26 PM:DBManager:connection_data:Object reference not set to an instance of an object.
3/28/2025 6:02:26 PM:DBManager:connection_data:Object reference not set to an instance of an object.
3/28/2025 6:02:39 PM:DBManager:connection_data:Object reference not set to an instance of an object.
3/28/2025 6:02:39 PM:DBManager:connection_data:Object reference not set to an instance of an object.
3/28/2025 6:02:41 PM:DBManager:connection_data:Object reference not set to an instance of an object.
3/28/2025 6:02:41 PM:DBManager:connection_data:Object reference not set to an instance of an object.
3/28/2025 6:02:42 PM:DBManager:connection_data:Object reference not set to an instance of an object.
3/28/2025 6:02:42 PM:DBManager:connection_data:Object reference not set to an instance of an object.
3/28/2025 6:03:12 PM:DBManager:connection_data:Object reference not set to an instance of an object.
3/28/2025 6:03:12 PM:DBManager:connection_data:Object reference not set to an instance of an object.
3/28/2025 6:03:37 PM:DBManager:connection_data:Object reference not set to an instance of an object.
3/28/2025 6:03:37 PM:DBManager:connection_data:Object reference not set to an instance of an object.
3/28/2025 6:04:46 PM:DBManager:connection_data:Object reference not set to an instance of an object.
3/28/2025 6:04:46 PM:DBManager:connection_data:Object reference not set to an instance of an object.
3/28/2025 6:04:55 PM:DBManager:connection_data:Object reference not set to an instance of an object.
3/28/2025 6:04:55 PM:DBManager:connection_data:Object reference not set to an instance of an object.
3/28/2025 6:04:57 PM:POS_WS:getStore():Error converting data type nvarchar to numeric.
3/28/2025 6:05:10 PM:DBManager:connection_data:Object reference not set to an instance of an object.
3/28/2025 6:05:10 PM:DBManager:connection_data:Object reference not set to an instance of an object.
3/28/2025 6:05:20 PM:DBManager:connection_data:Object reference not set to an instance of an object.
3/28/2025 6:05:20 PM:DBManager:connection_data:Object reference not set to an instance of an object.
3/28/2025 6:05:23 PM:POS_WS:getStore():Error converting data type nvarchar to numeric.
3/28/2025 6:05:59 PM:DBManager:connection_data:Object reference not set to an instance of an object.
3/28/2025 6:05:59 PM:DBManager:connection_data:Object reference not set to an instance of an object.
3/28/2025 6:11:00 PM:DBManager:connection_data:Object reference not set to an instance of an object.
3/28/2025 6:11:00 PM:DBManager:connection_data:Object reference not set to an instance of an object.
3/28/2025 6:11:00 PM:DBManager:connection_data:Object reference not set to an instance of an object.
3/28/2025 6:11:00 PM:DBManager:connection_data:Object reference not set to an instance of an object.
3/28/2025 6:11:01 PM:POS_WS:getStore():Error converting data type nvarchar to numeric.
3/28/2025 6:11:03 PM:DBManager:connection_data:Object reference not set to an instance of an object.
3/28/2025 6:11:03 PM:DBManager:connection_data:Object reference not set to an instance of an object.
3/28/2025 6:11:04 PM:POS_WS:getStore():Error converting data type nvarchar to numeric.
3/28/2025 6:11:34 PM:DBManager:connection_data:Object reference not set to an instance of an object.
3/28/2025 6:11:34 PM:DBManager:connection_data:Object reference not set to an instance of an object.
3/28/2025 6:11:35 PM:DBManager:connection_data:Object reference not set to an instance of an object.
3/28/2025 6:11:35 PM:DBManager:connection_data:Object reference not set to an instance of an object.
3/28/2025 6:11:36 PM:POS_WS:getStore():Error converting data type nvarchar to numeric.
3/28/2025 6:11:39 PM:DBManager:connection_data:Object reference not set to an instance of an object.
3/28/2025 6:11:39 PM:DBManager:connection_data:Object reference not set to an instance of an object.
3/28/2025 6:11:41 PM:DBManager:connection_data:Object reference not set to an instance of an object.
3/28/2025 6:11:41 PM:DBManager:connection_data:Object reference not set to an instance of an object.
3/28/2025 6:11:41 PM:POS_WS:getStore():Error converting data type nvarchar to numeric.
3/28/2025 6:11:45 PM:DBManager:connection_data:Object reference not set to an instance of an object.
3/28/2025 6:11:45 PM:DBManager:connection_data:Object reference not set to an instance of an object.
3/28/2025 6:11:56 PM:DBManager:connection_data:Object reference not set to an instance of an object.
3/28/2025 6:11:56 PM:DBManager:connection_data:Object reference not set to an instance of an object.
3/28/2025 6:11:58 PM:DBManager:connection_data:Object reference not set to an instance of an object.
3/28/2025 6:11:58 PM:DBManager:connection_data:Object reference not set to an instance of an object.
3/28/2025 6:12:00 PM:POS_WS:getStore():Error converting data type nvarchar to numeric.
3/28/2025 6:12:04 PM:DBManager:connection_data:Object reference not set to an instance of an object.
3/28/2025 6:12:04 PM:DBManager:connection_data:Object reference not set to an instance of an object.
3/28/2025 6:12:06 PM:POS_WS:getStore():Error converting data type nvarchar to numeric.
3/28/2025 6:12:11 PM:DBManager:connection_data:Object reference not set to an instance of an object.
3/28/2025 6:12:11 PM:DBManager:connection_data:Object reference not set to an instance of an object.
3/28/2025 6:13:55 PM:DBManager:connection_data:Object reference not set to an instance of an object.
3/28/2025 6:13:55 PM:DBManager:connection_data:Object reference not set to an instance of an object.
3/28/2025 6:13:55 PM:DBManager:connection_data:Object reference not set to an instance of an object.
3/28/2025 6:13:55 PM:DBManager:connection_data:Object reference not set to an instance of an object.
3/28/2025 6:13:56 PM:POS_WS:getStore():Error converting data type nvarchar to numeric.
3/28/2025 6:13:59 PM:DBManager:connection_data:Object reference not set to an instance of an object.
3/28/2025 6:13:59 PM:DBManager:connection_data:Object reference not set to an instance of an object.
3/28/2025 6:13:59 PM:POS_WS:getStore():Error converting data type nvarchar to numeric.
3/28/2025 6:14:16 PM:DBManager:connection_data:Object reference not set to an instance of an object.
3/28/2025 6:14:16 PM:DBManager:connection_data:Object reference not set to an instance of an object.
3/28/2025 6:14:19 PM:DBManager:connection_data:Object reference not set to an instance of an object.
3/28/2025 6:14:19 PM:DBManager:connection_data:Object reference not set to an instance of an object.
3/28/2025 6:14:25 PM:POS_WS:getStore():Error converting data type nvarchar to numeric.
3/28/2025 6:14:46 PM:DBManager:connection_data:Object reference not set to an instance of an object.
3/28/2025 6:14:46 PM:DBManager:connection_data:Object reference not set to an instance of an object.
3/28/2025 6:14:48 PM:DBManager:connection_data:Object reference not set to an instance of an object.
3/28/2025 6:14:48 PM:DBManager:connection_data:Object reference not set to an instance of an object.
3/28/2025 6:14:51 PM:POS_WS:getStore():Error converting data type nvarchar to numeric.
3/28/2025 6:15:02 PM:DBManager:connection_data:Object reference not set to an instance of an object.
3/28/2025 6:15:02 PM:DBManager:connection_data:Object reference not set to an instance of an object.
3/28/2025 6:15:04 PM:DBManager:connection_data:Object reference not set to an instance of an object.
3/28/2025 6:15:04 PM:DBManager:connection_data:Object reference not set to an instance of an object.
3/28/2025 6:15:06 PM:POS_WS:getStore():Error converting data type nvarchar to numeric.
3/28/2025 6:15:09 PM:DBManager:connection_data:Object reference not set to an instance of an object.
3/28/2025 6:15:09 PM:DBManager:connection_data:Object reference not set to an instance of an object.
3/28/2025 6:17:54 PM:DBManager:connection_data:Object reference not set to an instance of an object.
3/28/2025 6:17:55 PM:DBManager:connection_data:Object reference not set to an instance of an object.
28/03/2025 6:17:57 PM:POS_WS:CallMethod():The request channel timed out while waiting for a reply after 00:00:59.9970101. Increase the timeout value passed to the call to Request or increase the SendTimeout value on the Binding. The time allotted to this operation may have been a portion of a longer timeout.
3/28/2025 6:18:07 PM:DBManager:connection_data:Object reference not set to an instance of an object.
3/28/2025 6:18:07 PM:DBManager:connection_data:Object reference not set to an instance of an object.
3/28/2025 6:18:09 PM:POS_WS:getStore():Error converting data type nvarchar to numeric.
3/28/2025 6:18:13 PM:DBManager:connection_data:Object reference not set to an instance of an object.
3/28/2025 6:18:13 PM:DBManager:connection_data:Object reference not set to an instance of an object.
3/28/2025 6:18:13 PM:DBManager:connection_data:Object reference not set to an instance of an object.
3/28/2025 6:18:13 PM:DBManager:connection_data:Object reference not set to an instance of an object.
3/28/2025 6:18:15 PM:POS_WS:getStore():Error converting data type nvarchar to numeric.
3/28/2025 6:18:21 PM:DBManager:connection_data:Object reference not set to an instance of an object.
3/28/2025 6:18:21 PM:DBManager:connection_data:Object reference not set to an instance of an object.
3/28/2025 6:18:21 PM:DBManager:connection_data:Object reference not set to an instance of an object.
3/28/2025 6:18:33 PM:DBManager:connection_data:Object reference not set to an instance of an object.
3/28/2025 6:18:35 PM:DBManager:connection_data:Object reference not set to an instance of an object.
3/28/2025 6:18:35 PM:DBManager:connection_data:Object reference not set to an instance of an object.
3/28/2025 6:18:35 PM:DBManager:connection_data:Object reference not set to an instance of an object.
3/28/2025 6:18:35 PM:POS_WS:getStore():Error converting data type nvarchar to numeric.
3/28/2025 6:18:35 PM:DBManager:connection_data:Object reference not set to an instance of an object.
3/28/2025 6:18:35 PM:DBManager:connection_data:Object reference not set to an instance of an object.
3/28/2025 6:18:35 PM:DBManager:connection_data:Object reference not set to an instance of an object.
3/28/2025 6:18:41 PM:POS_WS:getStore():Error converting data type nvarchar to numeric.
3/28/2025 6:18:41 PM:POS_WS:getStore():Error converting data type nvarchar to numeric.
3/28/2025 6:19:41 PM:DBManager:connection_data:Object reference not set to an instance of an object.
3/28/2025 6:19:41 PM:DBManager:connection_data:Object reference not set to an instance of an object.
28/03/2025 6:19:48 PM:POS_WS:CallMethod():Object reference not set to an instance of an object.
3/28/2025 6:20:03 PM:DBManager:connection_data:Object reference not set to an instance of an object.
3/28/2025 6:20:03 PM:DBManager:connection_data:Object reference not set to an instance of an object.
3/28/2025 6:20:10 PM:DBManager:connection_data:Object reference not set to an instance of an object.
3/28/2025 6:20:10 PM:DBManager:connection_data:Object reference not set to an instance of an object.
3/28/2025 6:20:13 PM:POS_WS:getStore():Error converting data type nvarchar to numeric.
3/28/2025 6:21:12 PM:DBManager:connection_data:Object reference not set to an instance of an object.
3/28/2025 6:21:12 PM:DBManager:connection_data:Object reference not set to an instance of an object.
3/28/2025 6:21:20 PM:DBManager:connection_data:Object reference not set to an instance of an object.
3/28/2025 6:21:20 PM:DBManager:connection_data:Object reference not set to an instance of an object.
3/28/2025 6:21:32 PM:DBManager:connection_data:Object reference not set to an instance of an object.
3/28/2025 6:21:32 PM:DBManager:connection_data:Object reference not set to an instance of an object.
3/28/2025 6:21:49 PM:DBManager:connection_data:Object reference not set to an instance of an object.
3/28/2025 6:21:49 PM:DBManager:connection_data:Object reference not set to an instance of an object.
3/28/2025 6:21:51 PM:DBManager:connection_data:Object reference not set to an instance of an object.
3/28/2025 6:21:51 PM:DBManager:connection_data:Object reference not set to an instance of an object.
3/28/2025 6:21:51 PM:DBManager:connection_data:Object reference not set to an instance of an object.
3/28/2025 6:21:51 PM:DBManager:connection_data:Object reference not set to an instance of an object.
3/28/2025 6:21:51 PM:DBManager:connection_data:Object reference not set to an instance of an object.
3/28/2025 6:21:51 PM:DBManager:connection_data:Object reference not set to an instance of an object.
3/28/2025 6:21:51 PM:DBManager:connection_data:Object reference not set to an instance of an object.
3/28/2025 6:21:51 PM:POS_WS:getStore():Error converting data type nvarchar to numeric.
3/28/2025 6:26:50 PM:DBManager:connection_data:Object reference not set to an instance of an object.
3/28/2025 6:26:50 PM:DBManager:connection_data:Object reference not set to an instance of an object.
3/28/2025 6:27:33 PM:DBManager:connection_data:Object reference not set to an instance of an object.
3/28/2025 6:27:33 PM:DBManager:connection_data:Object reference not set to an instance of an object.
3/28/2025 6:27:37 PM:DBManager:connection_data:Object reference not set to an instance of an object.
3/28/2025 6:27:37 PM:DBManager:connection_data:Object reference not set to an instance of an object.
3/28/2025 6:27:41 PM:DBManager:connection_data:Object reference not set to an instance of an object.
3/28/2025 6:27:41 PM:DBManager:connection_data:Object reference not set to an instance of an object.
3/28/2025 6:27:42 PM:DBManager:connection_data:Object reference not set to an instance of an object.
3/28/2025 6:27:42 PM:DBManager:connection_data:Object reference not set to an instance of an object.
3/28/2025 6:27:42 PM:DBManager:connection_data:Object reference not set to an instance of an object.
3/28/2025 6:28:20 PM:DBManager:connection_data:Object reference not set to an instance of an object.
3/28/2025 6:28:20 PM:DBManager:connection_data:Object reference not set to an instance of an object.
3/28/2025 6:28:58 PM:DBManager:connection_data:Object reference not set to an instance of an object.
3/28/2025 6:28:58 PM:DBManager:connection_data:Object reference not set to an instance of an object.
3/28/2025 6:28:59 PM:DBManager:connection_data:Object reference not set to an instance of an object.
3/28/2025 6:28:59 PM:DBManager:connection_data:Object reference not set to an instance of an object.
3/28/2025 6:28:59 PM:DBManager:connection_data:Object reference not set to an instance of an object.
3/28/2025 6:28:59 PM:DBManager:connection_data:Object reference not set to an instance of an object.
3/28/2025 6:29:45 PM:DBManager:connection_data:Object reference not set to an instance of an object.
3/28/2025 6:29:45 PM:DBManager:connection_data:Object reference not set to an instance of an object.
3/28/2025 6:29:45 PM:DBManager:connection_data:Object reference not set to an instance of an object.
3/28/2025 6:29:45 PM:DBManager:connection_data:Object reference not set to an instance of an object.
3/28/2025 6:30:49 PM:DBManager:connection_data:Object reference not set to an instance of an object.
3/28/2025 6:30:49 PM:DBManager:connection_data:Object reference not set to an instance of an object.
3/28/2025 6:30:49 PM:DBManager:connection_data:Object reference not set to an instance of an object.
3/28/2025 6:30:49 PM:DBManager:connection_data:Object reference not set to an instance of an object.
3/28/2025 6:33:30 PM:DBManager:connection_data:Object reference not set to an instance of an object.
3/28/2025 6:33:30 PM:DBManager:connection_data:Object reference not set to an instance of an object.
3/28/2025 6:33:30 PM:DBManager:connection_data:Object reference not set to an instance of an object.
3/28/2025 6:33:30 PM:DBManager:connection_data:Object reference not set to an instance of an object.
3/28/2025 6:34:01 PM:DBManager:connection_data:Object reference not set to an instance of an object.
3/28/2025 6:34:01 PM:DBManager:connection_data:Object reference not set to an instance of an object.
3/28/2025 6:34:01 PM:DBManager:connection_data:Object reference not set to an instance of an object.
3/28/2025 6:34:01 PM:DBManager:connection_data:Object reference not set to an instance of an object.
3/28/2025 6:59:06 PM:DBManager:connection_data:Object reference not set to an instance of an object.
3/28/2025 6:59:06 PM:DBManager:connection_data:Object reference not set to an instance of an object.
3/28/2025 6:59:07 PM:DBManager:connection_data:Object reference not set to an instance of an object.
3/28/2025 6:59:07 PM:DBManager:connection_data:Object reference not set to an instance of an object.
3/28/2025 7:02:51 PM:DBManager:connection_data:Object reference not set to an instance of an object.
3/28/2025 7:02:51 PM:DBManager:connection_data:Object reference not set to an instance of an object.
3/28/2025 7:03:52 PM:DBManager:connection_data:Object reference not set to an instance of an object.
3/28/2025 7:03:52 PM:DBManager:connection_data:Object reference not set to an instance of an object.
28/03/2025 7:03:52 PM:POS_WS:CallMethod():The request channel timed out while waiting for a reply after 00:00:59.9979614. Increase the timeout value passed to the call to Request or increase the SendTimeout value on the Binding. The time allotted to this operation may have been a portion of a longer timeout.
3/28/2025 7:04:15 PM:DBManager:connection_data:Object reference not set to an instance of an object.
3/28/2025 7:04:15 PM:DBManager:connection_data:Object reference not set to an instance of an object.
3/28/2025 7:04:46 PM:DBManager:connection_data:Object reference not set to an instance of an object.
3/28/2025 7:04:46 PM:DBManager:connection_data:Object reference not set to an instance of an object.
3/28/2025 7:04:46 PM:DBManager:connection_data:Object reference not set to an instance of an object.
3/28/2025 7:04:46 PM:DBManager:connection_data:Object reference not set to an instance of an object.
3/28/2025 7:05:20 PM:DBManager:connection_data:Object reference not set to an instance of an object.
3/28/2025 7:05:20 PM:DBManager:connection_data:Object reference not set to an instance of an object.
3/28/2025 7:08:54 PM:DBManager:connection_data:Object reference not set to an instance of an object.
3/28/2025 7:08:54 PM:DBManager:connection_data:Object reference not set to an instance of an object.
3/28/2025 7:08:55 PM:DBManager:connection_data:Object reference not set to an instance of an object.
3/28/2025 7:08:55 PM:DBManager:connection_data:Object reference not set to an instance of an object.
3/28/2025 7:09:59 PM:DBManager:connection_data:Object reference not set to an instance of an object.
3/28/2025 7:10:02 PM:DBManager:connection_data:Object reference not set to an instance of an object.
3/28/2025 7:10:02 PM:DBManager:connection_data:Object reference not set to an instance of an object.
3/28/2025 7:10:02 PM:DBManager:connection_data:Object reference not set to an instance of an object.
28/03/2025 7:10:33 PM:POS_WS:CallMethod():Object reference not set to an instance of an object.
3/28/2025 7:10:41 PM:DBManager:connection_data:Object reference not set to an instance of an object.
3/28/2025 7:10:41 PM:DBManager:connection_data:Object reference not set to an instance of an object.
3/28/2025 7:10:45 PM:DBManager:connection_data:Object reference not set to an instance of an object.
3/28/2025 7:10:45 PM:DBManager:connection_data:Object reference not set to an instance of an object.
3/28/2025 7:11:00 PM:DBManager:connection_data:Object reference not set to an instance of an object.
3/28/2025 7:11:00 PM:DBManager:connection_data:Object reference not set to an instance of an object.
28/03/2025 7:22:46 PM:POS_WS:CallMethod():The request channel timed out while waiting for a reply after 00:01:00. Increase the timeout value passed to the call to Request or increase the SendTimeout value on the Binding. The time allotted to this operation may have been a portion of a longer timeout.
3/28/2025 7:31:08 PM:DBManager:connection_data:Object reference not set to an instance of an object.
3/28/2025 7:31:08 PM:DBManager:connection_data:Object reference not set to an instance of an object.
28/03/2025 7:31:08 PM:POS_WS:CallMethod():An endpoint configuration section for contract 'ServiceReference1.POS_WebServiceSoap' could not be loaded because more than one endpoint configuration for that contract was found. Please indicate the preferred endpoint configuration section by name.
3/28/2025 7:31:54 PM:DBManager:connection_data:Object reference not set to an instance of an object.
3/28/2025 7:31:54 PM:DBManager:connection_data:Object reference not set to an instance of an object.
3/28/2025 7:31:55 PM:DBManager:connection_data:Object reference not set to an instance of an object.
3/28/2025 7:31:55 PM:DBManager:connection_data:Object reference not set to an instance of an object.
3/28/2025 7:33:39 PM:DBManager:connection_data:Object reference not set to an instance of an object.
3/28/2025 7:33:39 PM:DBManager:connection_data:Object reference not set to an instance of an object.
3/28/2025 7:33:39 PM:DBManager:connection_data:Object reference not set to an instance of an object.
3/28/2025 7:33:39 PM:DBManager:connection_data:Object reference not set to an instance of an object.
3/28/2025 7:33:44 PM:DBManager:connection_data:Object reference not set to an instance of an object.
3/28/2025 7:33:44 PM:DBManager:connection_data:Object reference not set to an instance of an object.
3/28/2025 7:33:44 PM:DBManager:connection_data:Object reference not set to an instance of an object.
3/28/2025 7:33:44 PM:DBManager:connection_data:Object reference not set to an instance of an object.
3/28/2025 7:34:29 PM:DBManager:connection_data:Object reference not set to an instance of an object.
3/28/2025 7:34:29 PM:DBManager:connection_data:Object reference not set to an instance of an object.
3/28/2025 7:34:29 PM:DBManager:connection_data:Object reference not set to an instance of an object.
3/28/2025 7:34:29 PM:DBManager:connection_data:Object reference not set to an instance of an object.
