31-03-2023 15:11:15:DBManager:connection_data:Object reference not set to an instance of an object.
31-03-2023 15:11:15:DBManager:connection_data:Object reference not set to an instance of an object.
31-03-2023 15:11:15:DBManager:connection_data:Object reference not set to an instance of an object.
31-03-2023 15:11:15:DBManager:connection_data:Object reference not set to an instance of an object.
31-03-2023 15:11:15:DBManager:connection_data:Object reference not set to an instance of an object.
31-03-2023 15:11:15:DBManager:connection_data:Object reference not set to an instance of an object.
31-03-2023 15:11:15:DBManager:connection_data:Object reference not set to an instance of an object.
31-03-2023 15:11:15:DBManager:connection_data:Object reference not set to an instance of an object.
31-03-2023 15:11:15:DBManager:connection_data:Object reference not set to an instance of an object.
31-03-2023 15:11:15:DBManager:connection_data:Object reference not set to an instance of an object.
31-03-2023 15:11:15:DBManager:connection_data:Object reference not set to an instance of an object.
31-03-2023 15:11:15:DBManager:connection_data:Object reference not set to an instance of an object.
31-03-2023 15:11:15:DBManager:connection_data:Object reference not set to an instance of an object.
31-03-2023 15:11:15:DBManager:connection_data:Object reference not set to an instance of an object.
31-03-2023 15:11:15:DBManager:connection_data:Object reference not set to an instance of an object.
31-03-2023 15:11:15:DBManager:connection_data:Object reference not set to an instance of an object.
31-03-2023 15:11:15:DBManager:connection_data:Object reference not set to an instance of an object.
31-03-2023 15:11:15:DBManager:connection_data:Object reference not set to an instance of an object.
31-03-2023 15:11:15:DBManager:connection_data:Object reference not set to an instance of an object.
31-03-2023 15:11:15:DBManager:connection_data:Object reference not set to an instance of an object.
31-03-2023 15:11:15:DBManager:connection_data:Object reference not set to an instance of an object.
31-03-2023 15:11:15:DBManager:connection_data:Object reference not set to an instance of an object.
31-03-2023 15:11:15:DBManager:connection_data:Object reference not set to an instance of an object.
31-03-2023 15:11:15:DBManager:connection_data:Object reference not set to an instance of an object.
31-03-2023 15:11:15:DBManager:connection_data:Object reference not set to an instance of an object.
31-03-2023 15:11:15:DBManager:connection_data:Object reference not set to an instance of an object.
31-03-2023 15:11:15:DBManager:connection_data:Object reference not set to an instance of an object.
31-03-2023 15:11:15:DBManager:connection_data:Object reference not set to an instance of an object.
31-03-2023 15:11:15:DBManager:connection_data:Object reference not set to an instance of an object.
31-03-2023 15:11:15:DBManager:connection_data:Object reference not set to an instance of an object.
31-03-2023 15:11:15:DBManager:connection_data:Object reference not set to an instance of an object.
31-03-2023 15:11:15:DBManager:connection_data:Object reference not set to an instance of an object.
31-03-2023 15:11:15:DBManager:connection_data:Object reference not set to an instance of an object.
31-03-2023 15:11:15:DBManager:connection_data:Object reference not set to an instance of an object.
31-03-2023 15:11:15:DBManager:connection_data:Object reference not set to an instance of an object.
31-03-2023 15:11:15:DBManager:connection_data:Object reference not set to an instance of an object.
31-03-2023 15:11:15:DBManager:connection_data:Object reference not set to an instance of an object.
31-03-2023 15:11:15:DBManager:connection_data:Object reference not set to an instance of an object.
31-03-2023 15:11:15:DBManager:connection_data:Object reference not set to an instance of an object.
31-03-2023 15:11:15:DBManager:connection_data:Object reference not set to an instance of an object.
31-03-2023 15:11:15:DBManager:connection_data:Object reference not set to an instance of an object.
31-03-2023 15:11:15:DBManager:connection_data:Object reference not set to an instance of an object.
31-03-2023 15:11:15:DBManager:connection_data:Object reference not set to an instance of an object.
31-03-2023 15:11:15:DBManager:connection_data:Object reference not set to an instance of an object.
31-03-2023 15:11:15:DBManager:connection_data:Object reference not set to an instance of an object.
31-03-2023 15:11:15:DBManager:connection_data:Object reference not set to an instance of an object.
31-03-2023 15:11:15:DBManager:connection_data:Object reference not set to an instance of an object.
31-03-2023 15:11:15:DBManager:connection_data:Object reference not set to an instance of an object.
31-03-2023 15:11:15:DBManager:connection_data:Object reference not set to an instance of an object.
31-03-2023 15:11:15:DBManager:connection_data:Object reference not set to an instance of an object.
31-03-2023 15:11:15:DBManager:connection_data:Object reference not set to an instance of an object.
31-03-2023 15:11:15:DBManager:connection_data:Object reference not set to an instance of an object.
31-03-2023 15:11:15:DBManager:connection_data:Object reference not set to an instance of an object.
31-03-2023 15:11:15:DBManager:connection_data:Object reference not set to an instance of an object.
31-03-2023 15:11:15:DBManager:connection_data:Object reference not set to an instance of an object.
31-03-2023 15:11:15:DBManager:connection_data:Object reference not set to an instance of an object.
31-03-2023 15:11:15:DBManager:connection_data:Object reference not set to an instance of an object.
31-03-2023 15:11:15:DBManager:connection_data:Object reference not set to an instance of an object.
31-03-2023 15:11:15:DBManager:connection_data:Object reference not set to an instance of an object.
31-03-2023 15:11:15:DBManager:connection_data:Object reference not set to an instance of an object.
31-03-2023 15:11:15:DBManager:connection_data:Object reference not set to an instance of an object.
31-03-2023 15:11:15:DBManager:connection_data:Object reference not set to an instance of an object.
31-03-2023 15:11:15:DBManager:connection_data:Object reference not set to an instance of an object.
31-03-2023 15:11:15:DBManager:connection_data:Object reference not set to an instance of an object.
31-03-2023 15:11:15:DBManager:connection_data:Object reference not set to an instance of an object.
31-03-2023 15:11:15:DBManager:connection_data:Object reference not set to an instance of an object.
31-03-2023 15:11:15:DBManager:connection_data:Object reference not set to an instance of an object.
31-03-2023 15:11:15:DBManager:connection_data:Object reference not set to an instance of an object.
31-03-2023 15:11:15:DBManager:connection_data:Object reference not set to an instance of an object.
31-03-2023 15:11:15:DBManager:connection_data:Object reference not set to an instance of an object.
31-03-2023 15:11:15:DBManager:connection_data:Object reference not set to an instance of an object.
31-03-2023 15:11:15:DBManager:connection_data:Object reference not set to an instance of an object.
31-03-2023 15:11:15:DBManager:connection_data:Object reference not set to an instance of an object.
31-03-2023 15:11:15:DBManager:connection_data:Object reference not set to an instance of an object.
31-03-2023 15:11:15:DBManager:connection_data:Object reference not set to an instance of an object.
31-03-2023 15:11:15:DBManager:connection_data:Object reference not set to an instance of an object.
31-03-2023 15:11:15:DBManager:connection_data:Object reference not set to an instance of an object.
31-03-2023 15:11:15:DBManager:connection_data:Object reference not set to an instance of an object.
31-03-2023 15:11:15:DBManager:connection_data:Object reference not set to an instance of an object.
31-03-2023 15:11:15:DBManager:connection_data:Object reference not set to an instance of an object.
31/03/2023 3:11:16 PM:MasterPage:Page_Init:Thread was being aborted.
31-03-2023 15:11:16:DBManager:connection_data:Object reference not set to an instance of an object.
31-03-2023 15:11:16:DBManager:connection_data:Object reference not set to an instance of an object.
31-03-2023 15:11:16:DBManager:connection_data:Object reference not set to an instance of an object.
31/03/2023 3:11:16 PM:SignIn:btnLogIn_Click:test
31-03-2023 15:11:20:DBManager:connection_data:Object reference not set to an instance of an object.
31-03-2023 15:11:20:DBManager:connection_data:Object reference not set to an instance of an object.
31-03-2023 15:11:20:DBManager:connection_data:Object reference not set to an instance of an object.
31/03/2023 3:11:20 PM:SignIn:btnLogIn_Click:test
31/03/2023 3:11:20 PM:SignIn:btnLogIn_Click4:
31/03/2023 3:11:20 PM:SignIn:btnLogIn_Click5:
31/03/2023 3:11:20 PM:SignIn:btnLogIn_Click7:
31/03/2023 3:11:20 PM:SignIn:btnLogIn_Click8:
31/03/2023 3:11:20 PM:ClsDataccess:Getdatatable:The ConnectionString property has not been initialized.
31-03-2023 15:11:21:DBManager:connection_data:Object reference not set to an instance of an object.
31-03-2023 15:11:21:DBManager:connection_data:Object reference not set to an instance of an object.
31-03-2023 15:11:21:DBManager:connection_data:Object reference not set to an instance of an object.
31-03-2023 15:11:21:DBManager:connection_data:Object reference not set to an instance of an object.
31-03-2023 15:11:21:DBManager:connection_data:Object reference not set to an instance of an object.
31-03-2023 15:11:21:DBManager:connection_data:Object reference not set to an instance of an object.
31-03-2023 15:11:21:DBManager:connection_data:Object reference not set to an instance of an object.
31-03-2023 15:11:21:DBManager:connection_data:Object reference not set to an instance of an object.
31-03-2023 15:11:21:DBManager:connection_data:Object reference not set to an instance of an object.
31-03-2023 15:11:21:DBManager:connection_data:Object reference not set to an instance of an object.
31-03-2023 15:11:21:DBManager:connection_data:Object reference not set to an instance of an object.
31-03-2023 15:11:21:DBManager:connection_data:Object reference not set to an instance of an object.
31-03-2023 15:11:21:DBManager:connection_data:Object reference not set to an instance of an object.
31-03-2023 15:11:21:DBManager:connection_data:Object reference not set to an instance of an object.
31-03-2023 15:11:21:DBManager:connection_data:Object reference not set to an instance of an object.
31-03-2023 15:11:21:DBManager:connection_data:Object reference not set to an instance of an object.
31-03-2023 15:11:21:DBManager:connection_data:Object reference not set to an instance of an object.
31-03-2023 15:11:21:DBManager:connection_data:Object reference not set to an instance of an object.
31-03-2023 15:11:21:DBManager:connection_data:Object reference not set to an instance of an object.
31-03-2023 15:11:21:DBManager:connection_data:Object reference not set to an instance of an object.
31-03-2023 15:11:21:DBManager:connection_data:Object reference not set to an instance of an object.
31-03-2023 15:11:21:DBManager:connection_data:Object reference not set to an instance of an object.
31-03-2023 15:11:21:DBManager:connection_data:Object reference not set to an instance of an object.
31-03-2023 15:11:21:DBManager:connection_data:Object reference not set to an instance of an object.
31-03-2023 15:11:21:DBManager:connection_data:Object reference not set to an instance of an object.
31-03-2023 15:11:21:DBManager:connection_data:Object reference not set to an instance of an object.
31-03-2023 15:11:21:DBManager:connection_data:Object reference not set to an instance of an object.
31-03-2023 15:11:21:DBManager:connection_data:Object reference not set to an instance of an object.
31-03-2023 15:11:21:DBManager:connection_data:Object reference not set to an instance of an object.
31-03-2023 15:11:21:DBManager:connection_data:Object reference not set to an instance of an object.
31-03-2023 15:11:21:DBManager:connection_data:Object reference not set to an instance of an object.
31-03-2023 15:11:21:DBManager:connection_data:Object reference not set to an instance of an object.
31-03-2023 15:11:21:DBManager:connection_data:Object reference not set to an instance of an object.
31-03-2023 15:11:21:DBManager:connection_data:Object reference not set to an instance of an object.
31-03-2023 15:11:21:DBManager:connection_data:Object reference not set to an instance of an object.
31-03-2023 15:11:21:DBManager:connection_data:Object reference not set to an instance of an object.
31-03-2023 15:11:21:DBManager:connection_data:Object reference not set to an instance of an object.
31-03-2023 15:11:21:DBManager:connection_data:Object reference not set to an instance of an object.
31-03-2023 15:11:21:DBManager:connection_data:Object reference not set to an instance of an object.
31-03-2023 15:11:21:DBManager:connection_data:Object reference not set to an instance of an object.
31-03-2023 15:11:21:DBManager:connection_data:Object reference not set to an instance of an object.
31-03-2023 15:11:21:DBManager:connection_data:Object reference not set to an instance of an object.
31-03-2023 15:11:21:DBManager:connection_data:Object reference not set to an instance of an object.
31-03-2023 15:11:21:DBManager:connection_data:Object reference not set to an instance of an object.
31-03-2023 15:11:21:DBManager:connection_data:Object reference not set to an instance of an object.
31-03-2023 15:11:21:DBManager:connection_data:Object reference not set to an instance of an object.
31-03-2023 15:11:21:DBManager:connection_data:Object reference not set to an instance of an object.
31-03-2023 15:11:21:DBManager:connection_data:Object reference not set to an instance of an object.
31-03-2023 15:11:21:DBManager:connection_data:Object reference not set to an instance of an object.
31-03-2023 15:11:21:DBManager:connection_data:Object reference not set to an instance of an object.
31-03-2023 15:11:21:DBManager:connection_data:Object reference not set to an instance of an object.
31-03-2023 15:11:21:DBManager:connection_data:Object reference not set to an instance of an object.
31-03-2023 15:11:21:DBManager:connection_data:Object reference not set to an instance of an object.
31-03-2023 15:11:21:DBManager:connection_data:Object reference not set to an instance of an object.
31-03-2023 15:11:21:DBManager:connection_data:Object reference not set to an instance of an object.
31-03-2023 15:11:21:DBManager:connection_data:Object reference not set to an instance of an object.
31-03-2023 15:11:21:DBManager:connection_data:Object reference not set to an instance of an object.
31-03-2023 15:11:21:DBManager:connection_data:Object reference not set to an instance of an object.
31-03-2023 15:11:21:DBManager:connection_data:Object reference not set to an instance of an object.
31-03-2023 15:11:21:DBManager:connection_data:Object reference not set to an instance of an object.
31-03-2023 15:11:21:DBManager:connection_data:Object reference not set to an instance of an object.
31-03-2023 15:11:21:DBManager:connection_data:Object reference not set to an instance of an object.
31-03-2023 15:11:21:DBManager:connection_data:Object reference not set to an instance of an object.
31-03-2023 15:11:21:DBManager:connection_data:Object reference not set to an instance of an object.
31-03-2023 15:11:21:DBManager:connection_data:Object reference not set to an instance of an object.
31-03-2023 15:11:21:DBManager:connection_data:Object reference not set to an instance of an object.
31-03-2023 15:11:21:DBManager:connection_data:Object reference not set to an instance of an object.
31-03-2023 15:11:21:DBManager:connection_data:Object reference not set to an instance of an object.
31-03-2023 15:11:21:DBManager:connection_data:Object reference not set to an instance of an object.
31-03-2023 15:11:21:DBManager:connection_data:Object reference not set to an instance of an object.
31-03-2023 15:11:21:DBManager:connection_data:Object reference not set to an instance of an object.
31-03-2023 15:11:21:DBManager:connection_data:Object reference not set to an instance of an object.
31-03-2023 15:11:21:DBManager:connection_data:Object reference not set to an instance of an object.
31-03-2023 15:11:21:DBManager:connection_data:Object reference not set to an instance of an object.
31-03-2023 15:11:21:DBManager:connection_data:Object reference not set to an instance of an object.
31-03-2023 15:11:21:DBManager:connection_data:Object reference not set to an instance of an object.
31-03-2023 15:11:21:DBManager:connection_data:Object reference not set to an instance of an object.
31-03-2023 15:12:18:DBManager:connection_data:Object reference not set to an instance of an object.
31-03-2023 15:12:18:DBManager:connection_data:Object reference not set to an instance of an object.
31-03-2023 15:12:18:DBManager:connection_data:Object reference not set to an instance of an object.
31-03-2023 15:12:18:DBManager:connection_data:Object reference not set to an instance of an object.
31-03-2023 15:12:18:DBManager:connection_data:Object reference not set to an instance of an object.
31-03-2023 15:12:18:DBManager:connection_data:Object reference not set to an instance of an object.
31-03-2023 15:12:18:DBManager:connection_data:Object reference not set to an instance of an object.
31-03-2023 15:12:18:DBManager:connection_data:Object reference not set to an instance of an object.
31-03-2023 15:12:18:DBManager:connection_data:Object reference not set to an instance of an object.
31-03-2023 15:12:18:DBManager:connection_data:Object reference not set to an instance of an object.
31-03-2023 15:12:18:DBManager:connection_data:Object reference not set to an instance of an object.
31-03-2023 15:12:18:DBManager:connection_data:Object reference not set to an instance of an object.
31-03-2023 15:12:18:DBManager:connection_data:Object reference not set to an instance of an object.
31-03-2023 15:12:18:DBManager:connection_data:Object reference not set to an instance of an object.
31-03-2023 15:12:18:DBManager:connection_data:Object reference not set to an instance of an object.
31-03-2023 15:12:18:DBManager:connection_data:Object reference not set to an instance of an object.
31-03-2023 15:12:18:DBManager:connection_data:Object reference not set to an instance of an object.
31-03-2023 15:12:18:DBManager:connection_data:Object reference not set to an instance of an object.
31-03-2023 15:12:18:DBManager:connection_data:Object reference not set to an instance of an object.
31-03-2023 15:12:18:DBManager:connection_data:Object reference not set to an instance of an object.
31-03-2023 15:12:18:DBManager:connection_data:Object reference not set to an instance of an object.
31-03-2023 15:12:18:DBManager:connection_data:Object reference not set to an instance of an object.
31-03-2023 15:12:18:DBManager:connection_data:Object reference not set to an instance of an object.
31-03-2023 15:12:18:DBManager:connection_data:Object reference not set to an instance of an object.
31-03-2023 15:12:18:DBManager:connection_data:Object reference not set to an instance of an object.
31-03-2023 15:12:18:DBManager:connection_data:Object reference not set to an instance of an object.
31-03-2023 15:12:18:DBManager:connection_data:Object reference not set to an instance of an object.
31-03-2023 15:12:18:DBManager:connection_data:Object reference not set to an instance of an object.
31-03-2023 15:12:18:DBManager:connection_data:Object reference not set to an instance of an object.
31-03-2023 15:12:18:DBManager:connection_data:Object reference not set to an instance of an object.
31-03-2023 15:12:18:DBManager:connection_data:Object reference not set to an instance of an object.
31-03-2023 15:12:18:DBManager:connection_data:Object reference not set to an instance of an object.
31-03-2023 15:12:18:DBManager:connection_data:Object reference not set to an instance of an object.
31-03-2023 15:12:18:DBManager:connection_data:Object reference not set to an instance of an object.
31-03-2023 15:12:18:DBManager:connection_data:Object reference not set to an instance of an object.
31-03-2023 15:12:18:DBManager:connection_data:Object reference not set to an instance of an object.
31-03-2023 15:12:18:DBManager:connection_data:Object reference not set to an instance of an object.
31-03-2023 15:12:18:DBManager:connection_data:Object reference not set to an instance of an object.
31-03-2023 15:12:18:DBManager:connection_data:Object reference not set to an instance of an object.
31-03-2023 15:12:18:DBManager:connection_data:Object reference not set to an instance of an object.
31-03-2023 15:12:18:DBManager:connection_data:Object reference not set to an instance of an object.
31-03-2023 15:12:18:DBManager:connection_data:Object reference not set to an instance of an object.
31-03-2023 15:12:18:DBManager:connection_data:Object reference not set to an instance of an object.
31-03-2023 15:12:18:DBManager:connection_data:Object reference not set to an instance of an object.
31-03-2023 15:12:18:DBManager:connection_data:Object reference not set to an instance of an object.
31-03-2023 15:12:18:DBManager:connection_data:Object reference not set to an instance of an object.
31-03-2023 15:12:18:DBManager:connection_data:Object reference not set to an instance of an object.
31-03-2023 15:12:18:DBManager:connection_data:Object reference not set to an instance of an object.
31-03-2023 15:12:18:DBManager:connection_data:Object reference not set to an instance of an object.
31-03-2023 15:12:18:DBManager:connection_data:Object reference not set to an instance of an object.
31-03-2023 15:12:18:DBManager:connection_data:Object reference not set to an instance of an object.
31-03-2023 15:12:18:DBManager:connection_data:Object reference not set to an instance of an object.
31-03-2023 15:12:18:DBManager:connection_data:Object reference not set to an instance of an object.
31-03-2023 15:12:18:DBManager:connection_data:Object reference not set to an instance of an object.
31-03-2023 15:12:18:DBManager:connection_data:Object reference not set to an instance of an object.
31-03-2023 15:12:18:DBManager:connection_data:Object reference not set to an instance of an object.
31-03-2023 15:12:18:DBManager:connection_data:Object reference not set to an instance of an object.
31-03-2023 15:12:18:DBManager:connection_data:Object reference not set to an instance of an object.
31-03-2023 15:12:18:DBManager:connection_data:Object reference not set to an instance of an object.
31-03-2023 15:12:18:DBManager:connection_data:Object reference not set to an instance of an object.
31-03-2023 15:12:18:DBManager:connection_data:Object reference not set to an instance of an object.
31-03-2023 15:12:18:DBManager:connection_data:Object reference not set to an instance of an object.
31-03-2023 15:12:18:DBManager:connection_data:Object reference not set to an instance of an object.
31-03-2023 15:12:18:DBManager:connection_data:Object reference not set to an instance of an object.
31-03-2023 15:12:18:DBManager:connection_data:Object reference not set to an instance of an object.
31-03-2023 15:12:18:DBManager:connection_data:Object reference not set to an instance of an object.
31-03-2023 15:12:18:DBManager:connection_data:Object reference not set to an instance of an object.
31-03-2023 15:12:18:DBManager:connection_data:Object reference not set to an instance of an object.
31-03-2023 15:12:18:DBManager:connection_data:Object reference not set to an instance of an object.
31-03-2023 15:12:18:DBManager:connection_data:Object reference not set to an instance of an object.
31-03-2023 15:12:18:DBManager:connection_data:Object reference not set to an instance of an object.
31-03-2023 15:12:18:DBManager:connection_data:Object reference not set to an instance of an object.
31-03-2023 15:12:18:DBManager:connection_data:Object reference not set to an instance of an object.
31-03-2023 15:12:18:DBManager:connection_data:Object reference not set to an instance of an object.
31-03-2023 15:12:18:DBManager:connection_data:Object reference not set to an instance of an object.
31-03-2023 15:12:18:DBManager:connection_data:Object reference not set to an instance of an object.
31-03-2023 15:12:18:DBManager:connection_data:Object reference not set to an instance of an object.
31-03-2023 15:12:18:DBManager:connection_data:Object reference not set to an instance of an object.
31-03-2023 15:12:18:DBManager:connection_data:Object reference not set to an instance of an object.
31-03-2023 15:12:18:DBManager:connection_data:Object reference not set to an instance of an object.
31-03-2023 15:12:18:DBManager:connection_data:Object reference not set to an instance of an object.
31-03-2023 15:12:18:DBManager:connection_data:Object reference not set to an instance of an object.
31-03-2023 15:12:18:DBManager:connection_data:Object reference not set to an instance of an object.
31-03-2023 15:12:18:DBManager:connection_data:Object reference not set to an instance of an object.
31-03-2023 15:13:21:DBManager:connection_data:Object reference not set to an instance of an object.
31-03-2023 15:13:21:DBManager:connection_data:Object reference not set to an instance of an object.
31-03-2023 15:13:21:DBManager:connection_data:Object reference not set to an instance of an object.
31-03-2023 15:13:21:DBManager:connection_data:Object reference not set to an instance of an object.
31-03-2023 15:13:21:DBManager:connection_data:Object reference not set to an instance of an object.
31-03-2023 15:13:21:DBManager:connection_data:Object reference not set to an instance of an object.
31-03-2023 15:13:21:DBManager:connection_data:Object reference not set to an instance of an object.
31-03-2023 15:13:21:DBManager:connection_data:Object reference not set to an instance of an object.
31-03-2023 15:13:21:DBManager:connection_data:Object reference not set to an instance of an object.
31-03-2023 15:13:21:DBManager:connection_data:Object reference not set to an instance of an object.
31-03-2023 15:13:21:DBManager:connection_data:Object reference not set to an instance of an object.
31-03-2023 15:13:21:DBManager:connection_data:Object reference not set to an instance of an object.
31-03-2023 15:13:21:DBManager:connection_data:Object reference not set to an instance of an object.
31-03-2023 15:13:21:DBManager:connection_data:Object reference not set to an instance of an object.
31-03-2023 15:13:21:DBManager:connection_data:Object reference not set to an instance of an object.
31-03-2023 15:13:21:DBManager:connection_data:Object reference not set to an instance of an object.
31-03-2023 15:13:21:DBManager:connection_data:Object reference not set to an instance of an object.
31-03-2023 15:13:21:DBManager:connection_data:Object reference not set to an instance of an object.
31-03-2023 15:13:21:DBManager:connection_data:Object reference not set to an instance of an object.
31-03-2023 15:13:21:DBManager:connection_data:Object reference not set to an instance of an object.
31-03-2023 15:13:21:DBManager:connection_data:Object reference not set to an instance of an object.
31-03-2023 15:13:21:DBManager:connection_data:Object reference not set to an instance of an object.
31-03-2023 15:13:21:DBManager:connection_data:Object reference not set to an instance of an object.
31-03-2023 15:13:21:DBManager:connection_data:Object reference not set to an instance of an object.
31-03-2023 15:13:21:DBManager:connection_data:Object reference not set to an instance of an object.
31-03-2023 15:13:21:DBManager:connection_data:Object reference not set to an instance of an object.
31-03-2023 15:13:21:DBManager:connection_data:Object reference not set to an instance of an object.
31-03-2023 15:13:21:DBManager:connection_data:Object reference not set to an instance of an object.
31-03-2023 15:13:21:DBManager:connection_data:Object reference not set to an instance of an object.
31-03-2023 15:13:21:DBManager:connection_data:Object reference not set to an instance of an object.
31-03-2023 15:13:21:DBManager:connection_data:Object reference not set to an instance of an object.
31-03-2023 15:13:21:DBManager:connection_data:Object reference not set to an instance of an object.
31-03-2023 15:13:21:DBManager:connection_data:Object reference not set to an instance of an object.
31-03-2023 15:13:21:DBManager:connection_data:Object reference not set to an instance of an object.
31-03-2023 15:13:21:DBManager:connection_data:Object reference not set to an instance of an object.
31-03-2023 15:13:21:DBManager:connection_data:Object reference not set to an instance of an object.
31-03-2023 15:13:21:DBManager:connection_data:Object reference not set to an instance of an object.
31-03-2023 15:13:21:DBManager:connection_data:Object reference not set to an instance of an object.
31-03-2023 15:13:21:DBManager:connection_data:Object reference not set to an instance of an object.
31-03-2023 15:13:21:DBManager:connection_data:Object reference not set to an instance of an object.
31-03-2023 15:13:21:DBManager:connection_data:Object reference not set to an instance of an object.
31-03-2023 15:13:21:DBManager:connection_data:Object reference not set to an instance of an object.
31-03-2023 15:13:21:DBManager:connection_data:Object reference not set to an instance of an object.
31-03-2023 15:13:21:DBManager:connection_data:Object reference not set to an instance of an object.
31-03-2023 15:13:21:DBManager:connection_data:Object reference not set to an instance of an object.
31-03-2023 15:13:21:DBManager:connection_data:Object reference not set to an instance of an object.
31-03-2023 15:13:21:DBManager:connection_data:Object reference not set to an instance of an object.
31-03-2023 15:13:21:DBManager:connection_data:Object reference not set to an instance of an object.
31-03-2023 15:13:21:DBManager:connection_data:Object reference not set to an instance of an object.
31-03-2023 15:13:21:DBManager:connection_data:Object reference not set to an instance of an object.
31-03-2023 15:13:21:DBManager:connection_data:Object reference not set to an instance of an object.
31-03-2023 15:13:21:DBManager:connection_data:Object reference not set to an instance of an object.
31-03-2023 15:13:21:DBManager:connection_data:Object reference not set to an instance of an object.
31-03-2023 15:13:21:DBManager:connection_data:Object reference not set to an instance of an object.
31-03-2023 15:13:21:DBManager:connection_data:Object reference not set to an instance of an object.
31-03-2023 15:13:21:DBManager:connection_data:Object reference not set to an instance of an object.
31-03-2023 15:13:21:DBManager:connection_data:Object reference not set to an instance of an object.
31-03-2023 15:13:21:DBManager:connection_data:Object reference not set to an instance of an object.
31-03-2023 15:13:21:DBManager:connection_data:Object reference not set to an instance of an object.
31-03-2023 15:13:21:DBManager:connection_data:Object reference not set to an instance of an object.
31-03-2023 15:13:21:DBManager:connection_data:Object reference not set to an instance of an object.
31-03-2023 15:13:21:DBManager:connection_data:Object reference not set to an instance of an object.
31-03-2023 15:13:21:DBManager:connection_data:Object reference not set to an instance of an object.
31-03-2023 15:13:21:DBManager:connection_data:Object reference not set to an instance of an object.
31-03-2023 15:13:21:DBManager:connection_data:Object reference not set to an instance of an object.
31-03-2023 15:13:21:DBManager:connection_data:Object reference not set to an instance of an object.
31-03-2023 15:13:21:DBManager:connection_data:Object reference not set to an instance of an object.
31-03-2023 15:13:21:DBManager:connection_data:Object reference not set to an instance of an object.
31-03-2023 15:13:21:DBManager:connection_data:Object reference not set to an instance of an object.
31-03-2023 15:13:21:DBManager:connection_data:Object reference not set to an instance of an object.
31-03-2023 15:13:21:DBManager:connection_data:Object reference not set to an instance of an object.
31-03-2023 15:13:21:DBManager:connection_data:Object reference not set to an instance of an object.
31-03-2023 15:13:21:DBManager:connection_data:Object reference not set to an instance of an object.
31-03-2023 15:13:21:DBManager:connection_data:Object reference not set to an instance of an object.
31-03-2023 15:13:21:DBManager:connection_data:Object reference not set to an instance of an object.
31-03-2023 15:13:21:DBManager:connection_data:Object reference not set to an instance of an object.
31-03-2023 15:13:21:DBManager:connection_data:Object reference not set to an instance of an object.
31-03-2023 15:13:21:DBManager:connection_data:Object reference not set to an instance of an object.
31-03-2023 15:13:21:DBManager:connection_data:Object reference not set to an instance of an object.
31-03-2023 15:13:21:DBManager:connection_data:Object reference not set to an instance of an object.
31-03-2023 15:13:21:DBManager:connection_data:Object reference not set to an instance of an object.
31-03-2023 15:13:21:DBManager:connection_data:Object reference not set to an instance of an object.
31-03-2023 15:13:21:DBManager:connection_data:Object reference not set to an instance of an object.
31-03-2023 15:13:21:DBManager:connection_data:Object reference not set to an instance of an object.
31-03-2023 15:14:05:DBManager:connection_data:Object reference not set to an instance of an object.
31-03-2023 15:14:05:DBManager:connection_data:Object reference not set to an instance of an object.
31-03-2023 15:14:05:DBManager:connection_data:Object reference not set to an instance of an object.
31/03/2023 3:14:05 PM:SignIn:btnLogIn_Click:test
