9/6/2024 10:24:59 AM:DBManager:connection_data:Object reference not set to an instance of an object.
9/6/2024 10:24:59 AM:DBManager:connection_data:Object reference not set to an instance of an object.
9/6/2024 10:24:59 AM:DBManager:connection_data:Object reference not set to an instance of an object.
9/6/2024 10:24:59 AM:MasterPage:Page_Init:Thread was being aborted.
9/6/2024 10:24:59 AM:DBManager:connection_data:Object reference not set to an instance of an object.
9/6/2024 10:24:59 AM:DBManager:connection_data:Object reference not set to an instance of an object.
9/6/2024 10:24:59 AM:DBManager:connection_data:Object reference not set to an instance of an object.
06/09/2024 10:24:59 AM:SignIn:btnLogIn_Click:test
9/6/2024 11:42:17 AM:DBManager:connection_data:Object reference not set to an instance of an object.
9/6/2024 11:42:17 AM:DBManager:connection_data:Object reference not set to an instance of an object.
9/6/2024 11:42:17 AM:DBManager:connection_data:Object reference not set to an instance of an object.
06/09/2024 11:42:17 AM:SignIn:btnLogIn_Click:test
9/6/2024 3:57:46 PM:DBManager:connection_data:Object reference not set to an instance of an object.
9/6/2024 3:57:46 PM:DBManager:connection_data:Object reference not set to an instance of an object.
9/6/2024 3:57:46 PM:DBManager:connection_data:Object reference not set to an instance of an object.
9/6/2024 3:57:46 PM:DBManager:connection_data:Object reference not set to an instance of an object.
9/6/2024 3:57:46 PM:DBManager:connection_data:Object reference not set to an instance of an object.
9/6/2024 3:57:46 PM:DBManager:connection_data:Object reference not set to an instance of an object.
9/6/2024 3:57:46 PM:DBManager:connection_data:Object reference not set to an instance of an object.
9/6/2024 3:57:46 PM:DBManager:connection_data:Object reference not set to an instance of an object.
9/6/2024 3:57:46 PM:DBManager:connection_data:Object reference not set to an instance of an object.
9/6/2024 3:57:46 PM:DBManager:connection_data:Object reference not set to an instance of an object.
9/6/2024 3:57:46 PM:DBManager:connection_data:Object reference not set to an instance of an object.
9/6/2024 3:57:46 PM:DBManager:connection_data:Object reference not set to an instance of an object.
9/6/2024 3:57:46 PM:DBManager:connection_data:Object reference not set to an instance of an object.
9/6/2024 3:57:46 PM:DBManager:connection_data:Object reference not set to an instance of an object.
9/6/2024 3:57:46 PM:DBManager:connection_data:Object reference not set to an instance of an object.
9/6/2024 3:57:46 PM:DBManager:connection_data:Object reference not set to an instance of an object.
9/6/2024 3:57:46 PM:DBManager:connection_data:Object reference not set to an instance of an object.
9/6/2024 3:57:46 PM:DBManager:connection_data:Object reference not set to an instance of an object.
9/6/2024 3:57:46 PM:DBManager:connection_data:Object reference not set to an instance of an object.
9/6/2024 3:57:46 PM:DBManager:connection_data:Object reference not set to an instance of an object.
9/6/2024 3:57:46 PM:DBManager:connection_data:Object reference not set to an instance of an object.
9/6/2024 3:57:46 PM:DBManager:connection_data:Object reference not set to an instance of an object.
9/6/2024 3:57:46 PM:DBManager:connection_data:Object reference not set to an instance of an object.
9/6/2024 3:57:46 PM:DBManager:connection_data:Object reference not set to an instance of an object.
9/6/2024 3:57:46 PM:DBManager:connection_data:Object reference not set to an instance of an object.
9/6/2024 3:57:46 PM:DBManager:connection_data:Object reference not set to an instance of an object.
9/6/2024 3:57:46 PM:DBManager:connection_data:Object reference not set to an instance of an object.
9/6/2024 3:57:46 PM:DBManager:connection_data:Object reference not set to an instance of an object.
9/6/2024 3:57:46 PM:DBManager:connection_data:Object reference not set to an instance of an object.
9/6/2024 3:57:46 PM:DBManager:connection_data:Object reference not set to an instance of an object.
9/6/2024 3:57:46 PM:DBManager:connection_data:Object reference not set to an instance of an object.
9/6/2024 3:57:46 PM:DBManager:connection_data:Object reference not set to an instance of an object.
9/6/2024 3:57:46 PM:DBManager:connection_data:Object reference not set to an instance of an object.
9/6/2024 3:57:46 PM:DBManager:connection_data:Object reference not set to an instance of an object.
9/6/2024 3:57:46 PM:DBManager:connection_data:Object reference not set to an instance of an object.
9/6/2024 3:57:46 PM:DBManager:connection_data:Object reference not set to an instance of an object.
9/6/2024 3:57:46 PM:DBManager:connection_data:Object reference not set to an instance of an object.
9/6/2024 3:57:46 PM:DBManager:connection_data:Object reference not set to an instance of an object.
9/6/2024 3:57:46 PM:DBManager:connection_data:Object reference not set to an instance of an object.
9/6/2024 3:57:46 PM:DBManager:connection_data:Object reference not set to an instance of an object.
9/6/2024 3:57:46 PM:DBManager:connection_data:Object reference not set to an instance of an object.
9/6/2024 3:57:46 PM:DBManager:connection_data:Object reference not set to an instance of an object.
9/6/2024 3:57:46 PM:DBManager:connection_data:Object reference not set to an instance of an object.
9/6/2024 3:57:46 PM:DBManager:connection_data:Object reference not set to an instance of an object.
9/6/2024 3:57:46 PM:DBManager:connection_data:Object reference not set to an instance of an object.
9/6/2024 3:57:46 PM:DBManager:connection_data:Object reference not set to an instance of an object.
9/6/2024 3:57:46 PM:DBManager:connection_data:Object reference not set to an instance of an object.
9/6/2024 3:57:46 PM:DBManager:connection_data:Object reference not set to an instance of an object.
9/6/2024 3:57:46 PM:DBManager:connection_data:Object reference not set to an instance of an object.
9/6/2024 3:57:46 PM:DBManager:connection_data:Object reference not set to an instance of an object.
9/6/2024 3:57:46 PM:DBManager:connection_data:Object reference not set to an instance of an object.
9/6/2024 3:57:46 PM:DBManager:connection_data:Object reference not set to an instance of an object.
9/6/2024 3:57:46 PM:DBManager:connection_data:Object reference not set to an instance of an object.
9/6/2024 3:57:46 PM:DBManager:connection_data:Object reference not set to an instance of an object.
9/6/2024 3:57:46 PM:DBManager:connection_data:Object reference not set to an instance of an object.
9/6/2024 3:57:46 PM:DBManager:connection_data:Object reference not set to an instance of an object.
9/6/2024 3:57:46 PM:DBManager:connection_data:Object reference not set to an instance of an object.
9/6/2024 3:57:46 PM:DBManager:connection_data:Object reference not set to an instance of an object.
9/6/2024 3:57:46 PM:DBManager:connection_data:Object reference not set to an instance of an object.
9/6/2024 3:57:46 PM:DBManager:connection_data:Object reference not set to an instance of an object.
9/6/2024 3:57:46 PM:DBManager:connection_data:Object reference not set to an instance of an object.
9/6/2024 3:57:46 PM:DBManager:connection_data:Object reference not set to an instance of an object.
9/6/2024 3:57:46 PM:DBManager:connection_data:Object reference not set to an instance of an object.
9/6/2024 3:57:46 PM:DBManager:connection_data:Object reference not set to an instance of an object.
9/6/2024 3:57:46 PM:DBManager:connection_data:Object reference not set to an instance of an object.
9/6/2024 3:57:46 PM:DBManager:connection_data:Object reference not set to an instance of an object.
9/6/2024 3:57:46 PM:DBManager:connection_data:Object reference not set to an instance of an object.
9/6/2024 3:57:46 PM:DBManager:connection_data:Object reference not set to an instance of an object.
9/6/2024 3:57:46 PM:DBManager:connection_data:Object reference not set to an instance of an object.
9/6/2024 3:57:46 PM:DBManager:connection_data:Object reference not set to an instance of an object.
9/6/2024 3:57:46 PM:DBManager:connection_data:Object reference not set to an instance of an object.
9/6/2024 3:57:46 PM:DBManager:connection_data:Object reference not set to an instance of an object.
9/6/2024 3:57:46 PM:DBManager:connection_data:Object reference not set to an instance of an object.
9/6/2024 3:57:46 PM:DBManager:connection_data:Object reference not set to an instance of an object.
9/6/2024 3:57:46 PM:DBManager:connection_data:Object reference not set to an instance of an object.
9/6/2024 3:57:46 PM:DBManager:connection_data:Object reference not set to an instance of an object.
9/6/2024 3:57:46 PM:DBManager:connection_data:Object reference not set to an instance of an object.
9/6/2024 3:57:46 PM:DBManager:connection_data:Object reference not set to an instance of an object.
9/6/2024 3:57:46 PM:DBManager:connection_data:Object reference not set to an instance of an object.
9/6/2024 3:57:46 PM:DBManager:connection_data:Object reference not set to an instance of an object.
9/6/2024 3:57:46 PM:DBManager:connection_data:Object reference not set to an instance of an object.
06/09/2024 3:57:46 PM:MasterPage:Page_Init:Thread was being aborted.
9/6/2024 3:57:46 PM:DBManager:connection_data:Object reference not set to an instance of an object.
9/6/2024 3:57:46 PM:DBManager:connection_data:Object reference not set to an instance of an object.
9/6/2024 3:57:46 PM:DBManager:connection_data:Object reference not set to an instance of an object.
06/09/2024 3:57:46 PM:SignIn:btnLogIn_Click:test
9/6/2024 3:58:01 PM:DBManager:connection_data:Object reference not set to an instance of an object.
9/6/2024 3:58:01 PM:DBManager:connection_data:Object reference not set to an instance of an object.
9/6/2024 3:58:01 PM:DBManager:connection_data:Object reference not set to an instance of an object.
06/09/2024 3:58:01 PM:SignIn:btnLogIn_Click:test
06/09/2024 3:58:01 PM:SignIn:btnLogIn_Click4:
06/09/2024 3:58:01 PM:SignIn:btnLogIn_Click5:
06/09/2024 3:58:01 PM:SignIn:btnLogIn_Click7:
06/09/2024 3:58:02 PM:SignIn:btnLogIn_Click8:
06/09/2024 3:58:02 PM:ClsDataccess:Getdatatable:The ConnectionString property has not been initialized.
9/6/2024 3:58:02 PM:DBManager:connection_data:Object reference not set to an instance of an object.
9/6/2024 3:58:02 PM:DBManager:connection_data:Object reference not set to an instance of an object.
9/6/2024 3:58:02 PM:DBManager:connection_data:Object reference not set to an instance of an object.
9/6/2024 3:58:02 PM:DBManager:connection_data:Object reference not set to an instance of an object.
9/6/2024 3:58:02 PM:DBManager:connection_data:Object reference not set to an instance of an object.
9/6/2024 3:58:02 PM:DBManager:connection_data:Object reference not set to an instance of an object.
9/6/2024 3:58:02 PM:DBManager:connection_data:Object reference not set to an instance of an object.
9/6/2024 3:58:02 PM:DBManager:connection_data:Object reference not set to an instance of an object.
9/6/2024 3:58:02 PM:DBManager:connection_data:Object reference not set to an instance of an object.
9/6/2024 3:58:02 PM:DBManager:connection_data:Object reference not set to an instance of an object.
9/6/2024 3:58:02 PM:DBManager:connection_data:Object reference not set to an instance of an object.
9/6/2024 3:58:02 PM:DBManager:connection_data:Object reference not set to an instance of an object.
9/6/2024 3:58:02 PM:DBManager:connection_data:Object reference not set to an instance of an object.
9/6/2024 3:58:02 PM:DBManager:connection_data:Object reference not set to an instance of an object.
9/6/2024 3:58:02 PM:DBManager:connection_data:Object reference not set to an instance of an object.
9/6/2024 3:58:02 PM:DBManager:connection_data:Object reference not set to an instance of an object.
9/6/2024 3:58:02 PM:DBManager:connection_data:Object reference not set to an instance of an object.
9/6/2024 3:58:02 PM:DBManager:connection_data:Object reference not set to an instance of an object.
9/6/2024 3:58:02 PM:DBManager:connection_data:Object reference not set to an instance of an object.
9/6/2024 3:58:02 PM:DBManager:connection_data:Object reference not set to an instance of an object.
9/6/2024 3:58:02 PM:DBManager:connection_data:Object reference not set to an instance of an object.
9/6/2024 3:58:02 PM:DBManager:connection_data:Object reference not set to an instance of an object.
9/6/2024 3:58:02 PM:DBManager:connection_data:Object reference not set to an instance of an object.
9/6/2024 3:58:02 PM:DBManager:connection_data:Object reference not set to an instance of an object.
9/6/2024 3:58:02 PM:DBManager:connection_data:Object reference not set to an instance of an object.
9/6/2024 3:58:02 PM:DBManager:connection_data:Object reference not set to an instance of an object.
9/6/2024 3:58:02 PM:DBManager:connection_data:Object reference not set to an instance of an object.
9/6/2024 3:58:02 PM:DBManager:connection_data:Object reference not set to an instance of an object.
9/6/2024 3:58:02 PM:DBManager:connection_data:Object reference not set to an instance of an object.
9/6/2024 3:58:02 PM:DBManager:connection_data:Object reference not set to an instance of an object.
9/6/2024 3:58:02 PM:DBManager:connection_data:Object reference not set to an instance of an object.
9/6/2024 3:58:02 PM:DBManager:connection_data:Object reference not set to an instance of an object.
9/6/2024 3:58:02 PM:DBManager:connection_data:Object reference not set to an instance of an object.
9/6/2024 3:58:02 PM:DBManager:connection_data:Object reference not set to an instance of an object.
9/6/2024 3:58:02 PM:DBManager:connection_data:Object reference not set to an instance of an object.
9/6/2024 3:58:02 PM:DBManager:connection_data:Object reference not set to an instance of an object.
9/6/2024 3:58:02 PM:DBManager:connection_data:Object reference not set to an instance of an object.
9/6/2024 3:58:02 PM:DBManager:connection_data:Object reference not set to an instance of an object.
9/6/2024 3:58:02 PM:DBManager:connection_data:Object reference not set to an instance of an object.
9/6/2024 3:58:02 PM:DBManager:connection_data:Object reference not set to an instance of an object.
9/6/2024 3:58:02 PM:DBManager:connection_data:Object reference not set to an instance of an object.
9/6/2024 3:58:02 PM:DBManager:connection_data:Object reference not set to an instance of an object.
9/6/2024 3:58:02 PM:DBManager:connection_data:Object reference not set to an instance of an object.
9/6/2024 3:58:02 PM:DBManager:connection_data:Object reference not set to an instance of an object.
9/6/2024 3:58:02 PM:DBManager:connection_data:Object reference not set to an instance of an object.
9/6/2024 3:58:02 PM:DBManager:connection_data:Object reference not set to an instance of an object.
9/6/2024 3:58:02 PM:DBManager:connection_data:Object reference not set to an instance of an object.
9/6/2024 3:58:02 PM:DBManager:connection_data:Object reference not set to an instance of an object.
9/6/2024 3:58:02 PM:DBManager:connection_data:Object reference not set to an instance of an object.
9/6/2024 3:58:02 PM:DBManager:connection_data:Object reference not set to an instance of an object.
9/6/2024 3:58:02 PM:DBManager:connection_data:Object reference not set to an instance of an object.
9/6/2024 3:58:02 PM:DBManager:connection_data:Object reference not set to an instance of an object.
9/6/2024 3:58:02 PM:DBManager:connection_data:Object reference not set to an instance of an object.
9/6/2024 3:58:02 PM:DBManager:connection_data:Object reference not set to an instance of an object.
9/6/2024 3:58:02 PM:DBManager:connection_data:Object reference not set to an instance of an object.
9/6/2024 3:58:02 PM:DBManager:connection_data:Object reference not set to an instance of an object.
9/6/2024 3:58:02 PM:DBManager:connection_data:Object reference not set to an instance of an object.
9/6/2024 3:58:02 PM:DBManager:connection_data:Object reference not set to an instance of an object.
9/6/2024 3:58:02 PM:DBManager:connection_data:Object reference not set to an instance of an object.
9/6/2024 3:58:02 PM:DBManager:connection_data:Object reference not set to an instance of an object.
9/6/2024 3:58:02 PM:DBManager:connection_data:Object reference not set to an instance of an object.
9/6/2024 3:58:02 PM:DBManager:connection_data:Object reference not set to an instance of an object.
9/6/2024 3:58:02 PM:DBManager:connection_data:Object reference not set to an instance of an object.
9/6/2024 3:58:02 PM:DBManager:connection_data:Object reference not set to an instance of an object.
9/6/2024 3:58:02 PM:DBManager:connection_data:Object reference not set to an instance of an object.
9/6/2024 3:58:02 PM:DBManager:connection_data:Object reference not set to an instance of an object.
9/6/2024 3:58:02 PM:DBManager:connection_data:Object reference not set to an instance of an object.
9/6/2024 3:58:02 PM:DBManager:connection_data:Object reference not set to an instance of an object.
9/6/2024 3:58:02 PM:DBManager:connection_data:Object reference not set to an instance of an object.
9/6/2024 3:58:02 PM:DBManager:connection_data:Object reference not set to an instance of an object.
9/6/2024 3:58:02 PM:DBManager:connection_data:Object reference not set to an instance of an object.
9/6/2024 3:58:02 PM:DBManager:connection_data:Object reference not set to an instance of an object.
9/6/2024 3:58:02 PM:DBManager:connection_data:Object reference not set to an instance of an object.
9/6/2024 3:58:02 PM:DBManager:connection_data:Object reference not set to an instance of an object.
9/6/2024 3:58:02 PM:DBManager:connection_data:Object reference not set to an instance of an object.
9/6/2024 3:58:02 PM:DBManager:connection_data:Object reference not set to an instance of an object.
9/6/2024 3:58:02 PM:DBManager:connection_data:Object reference not set to an instance of an object.
9/6/2024 3:58:03 PM:DBManager:connection_data:Object reference not set to an instance of an object.
9/6/2024 3:58:03 PM:DBManager:connection_data:Object reference not set to an instance of an object.
9/6/2024 3:58:03 PM:DBManager:connection_data:Object reference not set to an instance of an object.
9/6/2024 3:58:03 PM:DBManager:connection_data:Object reference not set to an instance of an object.
9/6/2024 3:58:03 PM:DBManager:connection_data:Object reference not set to an instance of an object.
9/6/2024 3:58:03 PM:DBManager:connection_data:Object reference not set to an instance of an object.
9/6/2024 3:58:03 PM:DBManager:connection_data:Object reference not set to an instance of an object.
9/6/2024 3:58:03 PM:DBManager:connection_data:Object reference not set to an instance of an object.
9/6/2024 3:58:03 PM:DBManager:connection_data:Object reference not set to an instance of an object.
9/6/2024 3:58:03 PM:DBManager:connection_data:Object reference not set to an instance of an object.
9/6/2024 3:58:03 PM:DBManager:connection_data:Object reference not set to an instance of an object.
9/6/2024 3:58:03 PM:DBManager:connection_data:Object reference not set to an instance of an object.
9/6/2024 3:58:03 PM:DBManager:connection_data:Object reference not set to an instance of an object.
9/6/2024 3:58:03 PM:DBManager:connection_data:Object reference not set to an instance of an object.
9/6/2024 3:58:03 PM:DBManager:connection_data:Object reference not set to an instance of an object.
9/6/2024 3:58:03 PM:DBManager:connection_data:Object reference not set to an instance of an object.
9/6/2024 3:58:03 PM:DBManager:connection_data:Object reference not set to an instance of an object.
9/6/2024 3:58:03 PM:DBManager:connection_data:Object reference not set to an instance of an object.
9/6/2024 3:58:03 PM:DBManager:connection_data:Object reference not set to an instance of an object.
9/6/2024 3:58:03 PM:DBManager:connection_data:Object reference not set to an instance of an object.
9/6/2024 3:58:03 PM:DBManager:connection_data:Object reference not set to an instance of an object.
9/6/2024 3:58:03 PM:DBManager:connection_data:Object reference not set to an instance of an object.
9/6/2024 3:58:03 PM:DBManager:connection_data:Object reference not set to an instance of an object.
9/6/2024 3:58:03 PM:DBManager:connection_data:Object reference not set to an instance of an object.
9/6/2024 3:58:03 PM:DBManager:connection_data:Object reference not set to an instance of an object.
9/6/2024 3:58:03 PM:DBManager:connection_data:Object reference not set to an instance of an object.
9/6/2024 3:58:03 PM:DBManager:connection_data:Object reference not set to an instance of an object.
9/6/2024 3:58:03 PM:DBManager:connection_data:Object reference not set to an instance of an object.
9/6/2024 3:58:03 PM:DBManager:connection_data:Object reference not set to an instance of an object.
9/6/2024 3:58:03 PM:DBManager:connection_data:Object reference not set to an instance of an object.
9/6/2024 3:58:03 PM:DBManager:connection_data:Object reference not set to an instance of an object.
9/6/2024 3:58:03 PM:DBManager:connection_data:Object reference not set to an instance of an object.
9/6/2024 3:58:03 PM:DBManager:connection_data:Object reference not set to an instance of an object.
9/6/2024 3:58:03 PM:DBManager:connection_data:Object reference not set to an instance of an object.
9/6/2024 3:58:03 PM:DBManager:connection_data:Object reference not set to an instance of an object.
9/6/2024 3:58:03 PM:DBManager:connection_data:Object reference not set to an instance of an object.
9/6/2024 3:58:03 PM:DBManager:connection_data:Object reference not set to an instance of an object.
9/6/2024 3:58:03 PM:DBManager:connection_data:Object reference not set to an instance of an object.
9/6/2024 3:58:03 PM:DBManager:connection_data:Object reference not set to an instance of an object.
9/6/2024 3:58:03 PM:DBManager:connection_data:Object reference not set to an instance of an object.
9/6/2024 3:58:03 PM:DBManager:connection_data:Object reference not set to an instance of an object.
9/6/2024 3:58:03 PM:DBManager:connection_data:Object reference not set to an instance of an object.
9/6/2024 3:58:03 PM:DBManager:connection_data:Object reference not set to an instance of an object.
9/6/2024 3:58:03 PM:DBManager:connection_data:Object reference not set to an instance of an object.
9/6/2024 3:58:03 PM:DBManager:connection_data:Object reference not set to an instance of an object.
9/6/2024 3:58:03 PM:DBManager:connection_data:Object reference not set to an instance of an object.
9/6/2024 3:58:03 PM:DBManager:connection_data:Object reference not set to an instance of an object.
9/6/2024 3:58:03 PM:DBManager:connection_data:Object reference not set to an instance of an object.
9/6/2024 3:58:03 PM:DBManager:connection_data:Object reference not set to an instance of an object.
9/6/2024 3:58:03 PM:DBManager:connection_data:Object reference not set to an instance of an object.
9/6/2024 3:58:03 PM:DBManager:connection_data:Object reference not set to an instance of an object.
9/6/2024 3:58:03 PM:DBManager:connection_data:Object reference not set to an instance of an object.
9/6/2024 3:58:03 PM:DBManager:connection_data:Object reference not set to an instance of an object.
9/6/2024 3:58:03 PM:DBManager:connection_data:Object reference not set to an instance of an object.
9/6/2024 3:58:03 PM:DBManager:connection_data:Object reference not set to an instance of an object.
9/6/2024 3:58:03 PM:DBManager:connection_data:Object reference not set to an instance of an object.
9/6/2024 3:58:03 PM:DBManager:connection_data:Object reference not set to an instance of an object.
9/6/2024 3:58:03 PM:DBManager:connection_data:Object reference not set to an instance of an object.
9/6/2024 3:58:03 PM:DBManager:connection_data:Object reference not set to an instance of an object.
9/6/2024 3:58:03 PM:DBManager:connection_data:Object reference not set to an instance of an object.
9/6/2024 3:58:03 PM:DBManager:connection_data:Object reference not set to an instance of an object.
9/6/2024 3:58:03 PM:DBManager:connection_data:Object reference not set to an instance of an object.
9/6/2024 3:58:03 PM:DBManager:connection_data:Object reference not set to an instance of an object.
9/6/2024 3:58:03 PM:DBManager:connection_data:Object reference not set to an instance of an object.
9/6/2024 3:58:03 PM:DBManager:connection_data:Object reference not set to an instance of an object.
9/6/2024 3:58:03 PM:DBManager:connection_data:Object reference not set to an instance of an object.
9/6/2024 3:58:03 PM:DBManager:connection_data:Object reference not set to an instance of an object.
9/6/2024 3:58:03 PM:DBManager:connection_data:Object reference not set to an instance of an object.
9/6/2024 3:58:03 PM:DBManager:connection_data:Object reference not set to an instance of an object.
9/6/2024 3:58:03 PM:DBManager:connection_data:Object reference not set to an instance of an object.
9/6/2024 3:58:03 PM:DBManager:connection_data:Object reference not set to an instance of an object.
9/6/2024 3:58:03 PM:DBManager:connection_data:Object reference not set to an instance of an object.
9/6/2024 3:58:03 PM:DBManager:connection_data:Object reference not set to an instance of an object.
9/6/2024 3:58:03 PM:DBManager:connection_data:Object reference not set to an instance of an object.
9/6/2024 3:58:03 PM:DBManager:connection_data:Object reference not set to an instance of an object.
9/6/2024 3:58:03 PM:DBManager:connection_data:Object reference not set to an instance of an object.
9/6/2024 3:58:03 PM:DBManager:connection_data:Object reference not set to an instance of an object.
9/6/2024 3:58:17 PM:DBManager:connection_data:Object reference not set to an instance of an object.
9/6/2024 3:58:17 PM:DBManager:connection_data:Object reference not set to an instance of an object.
9/6/2024 3:58:17 PM:DBManager:connection_data:Object reference not set to an instance of an object.
9/6/2024 3:58:17 PM:DBManager:connection_data:Object reference not set to an instance of an object.
9/6/2024 3:58:17 PM:DBManager:connection_data:Object reference not set to an instance of an object.
9/6/2024 3:58:17 PM:DBManager:connection_data:Object reference not set to an instance of an object.
9/6/2024 3:58:17 PM:DBManager:connection_data:Object reference not set to an instance of an object.
9/6/2024 3:58:17 PM:DBManager:connection_data:Object reference not set to an instance of an object.
9/6/2024 3:58:17 PM:DBManager:connection_data:Object reference not set to an instance of an object.
9/6/2024 3:58:17 PM:DBManager:connection_data:Object reference not set to an instance of an object.
9/6/2024 3:58:17 PM:DBManager:connection_data:Object reference not set to an instance of an object.
9/6/2024 3:58:17 PM:DBManager:connection_data:Object reference not set to an instance of an object.
9/6/2024 3:58:17 PM:DBManager:connection_data:Object reference not set to an instance of an object.
9/6/2024 3:58:17 PM:DBManager:connection_data:Object reference not set to an instance of an object.
9/6/2024 3:58:17 PM:DBManager:connection_data:Object reference not set to an instance of an object.
9/6/2024 3:58:17 PM:DBManager:connection_data:Object reference not set to an instance of an object.
9/6/2024 3:58:17 PM:DBManager:connection_data:Object reference not set to an instance of an object.
9/6/2024 3:58:17 PM:DBManager:connection_data:Object reference not set to an instance of an object.
9/6/2024 3:58:17 PM:DBManager:connection_data:Object reference not set to an instance of an object.
9/6/2024 3:58:17 PM:DBManager:connection_data:Object reference not set to an instance of an object.
9/6/2024 3:58:17 PM:DBManager:connection_data:Object reference not set to an instance of an object.
9/6/2024 3:58:17 PM:DBManager:connection_data:Object reference not set to an instance of an object.
9/6/2024 3:58:17 PM:DBManager:connection_data:Object reference not set to an instance of an object.
9/6/2024 3:58:17 PM:DBManager:connection_data:Object reference not set to an instance of an object.
9/6/2024 3:58:17 PM:DBManager:connection_data:Object reference not set to an instance of an object.
9/6/2024 3:58:17 PM:DBManager:connection_data:Object reference not set to an instance of an object.
9/6/2024 3:58:17 PM:DBManager:connection_data:Object reference not set to an instance of an object.
9/6/2024 3:58:17 PM:DBManager:connection_data:Object reference not set to an instance of an object.
9/6/2024 3:58:17 PM:DBManager:connection_data:Object reference not set to an instance of an object.
9/6/2024 3:58:17 PM:DBManager:connection_data:Object reference not set to an instance of an object.
9/6/2024 3:58:17 PM:DBManager:connection_data:Object reference not set to an instance of an object.
9/6/2024 3:58:17 PM:DBManager:connection_data:Object reference not set to an instance of an object.
9/6/2024 3:58:17 PM:DBManager:connection_data:Object reference not set to an instance of an object.
9/6/2024 3:58:17 PM:DBManager:connection_data:Object reference not set to an instance of an object.
9/6/2024 3:58:17 PM:DBManager:connection_data:Object reference not set to an instance of an object.
9/6/2024 3:58:17 PM:DBManager:connection_data:Object reference not set to an instance of an object.
9/6/2024 3:58:17 PM:DBManager:connection_data:Object reference not set to an instance of an object.
9/6/2024 3:58:17 PM:DBManager:connection_data:Object reference not set to an instance of an object.
9/6/2024 3:58:17 PM:DBManager:connection_data:Object reference not set to an instance of an object.
9/6/2024 3:58:17 PM:DBManager:connection_data:Object reference not set to an instance of an object.
9/6/2024 3:58:17 PM:DBManager:connection_data:Object reference not set to an instance of an object.
9/6/2024 3:58:17 PM:DBManager:connection_data:Object reference not set to an instance of an object.
9/6/2024 3:58:17 PM:DBManager:connection_data:Object reference not set to an instance of an object.
9/6/2024 3:58:17 PM:DBManager:connection_data:Object reference not set to an instance of an object.
9/6/2024 3:58:17 PM:DBManager:connection_data:Object reference not set to an instance of an object.
9/6/2024 3:58:17 PM:DBManager:connection_data:Object reference not set to an instance of an object.
9/6/2024 3:58:17 PM:DBManager:connection_data:Object reference not set to an instance of an object.
9/6/2024 3:58:17 PM:DBManager:connection_data:Object reference not set to an instance of an object.
9/6/2024 3:58:17 PM:DBManager:connection_data:Object reference not set to an instance of an object.
9/6/2024 3:58:17 PM:DBManager:connection_data:Object reference not set to an instance of an object.
9/6/2024 3:58:17 PM:DBManager:connection_data:Object reference not set to an instance of an object.
9/6/2024 3:58:17 PM:DBManager:connection_data:Object reference not set to an instance of an object.
9/6/2024 3:58:17 PM:DBManager:connection_data:Object reference not set to an instance of an object.
9/6/2024 3:58:17 PM:DBManager:connection_data:Object reference not set to an instance of an object.
9/6/2024 3:58:17 PM:DBManager:connection_data:Object reference not set to an instance of an object.
9/6/2024 3:58:17 PM:DBManager:connection_data:Object reference not set to an instance of an object.
9/6/2024 3:58:17 PM:DBManager:connection_data:Object reference not set to an instance of an object.
9/6/2024 3:58:17 PM:DBManager:connection_data:Object reference not set to an instance of an object.
9/6/2024 3:58:17 PM:DBManager:connection_data:Object reference not set to an instance of an object.
9/6/2024 3:58:17 PM:DBManager:connection_data:Object reference not set to an instance of an object.
9/6/2024 3:58:17 PM:DBManager:connection_data:Object reference not set to an instance of an object.
9/6/2024 3:58:17 PM:DBManager:connection_data:Object reference not set to an instance of an object.
9/6/2024 3:58:17 PM:DBManager:connection_data:Object reference not set to an instance of an object.
9/6/2024 3:58:17 PM:DBManager:connection_data:Object reference not set to an instance of an object.
9/6/2024 3:58:17 PM:DBManager:connection_data:Object reference not set to an instance of an object.
9/6/2024 3:58:17 PM:DBManager:connection_data:Object reference not set to an instance of an object.
9/6/2024 3:58:17 PM:DBManager:connection_data:Object reference not set to an instance of an object.
9/6/2024 3:58:17 PM:DBManager:connection_data:Object reference not set to an instance of an object.
9/6/2024 3:58:17 PM:DBManager:connection_data:Object reference not set to an instance of an object.
9/6/2024 3:58:17 PM:DBManager:connection_data:Object reference not set to an instance of an object.
9/6/2024 3:58:17 PM:DBManager:connection_data:Object reference not set to an instance of an object.
9/6/2024 3:58:17 PM:DBManager:connection_data:Object reference not set to an instance of an object.
9/6/2024 3:58:17 PM:DBManager:connection_data:Object reference not set to an instance of an object.
9/6/2024 3:58:17 PM:DBManager:connection_data:Object reference not set to an instance of an object.
9/6/2024 3:58:17 PM:DBManager:connection_data:Object reference not set to an instance of an object.
9/6/2024 3:58:17 PM:DBManager:connection_data:Object reference not set to an instance of an object.
9/6/2024 3:58:17 PM:DBManager:connection_data:Object reference not set to an instance of an object.
9/6/2024 3:58:17 PM:DBManager:connection_data:Object reference not set to an instance of an object.
9/6/2024 3:58:17 PM:DBManager:connection_data:Object reference not set to an instance of an object.
9/6/2024 3:58:17 PM:DBManager:connection_data:Object reference not set to an instance of an object.
9/6/2024 3:58:17 PM:DBManager:connection_data:Object reference not set to an instance of an object.
