3/26/2025 6:53:37 PM:DBManager:connection_data:Object reference not set to an instance of an object.
3/26/2025 6:53:41 PM:DBManager:connection_data:Object reference not set to an instance of an object.
26/03/2025 6:53:45 PM:POS_WS:CallMethod():An endpoint configuration section for contract 'ServiceReference1.POS_WebServiceSoap' could not be loaded because more than one endpoint configuration for that contract was found. Please indicate the preferred endpoint configuration section by name.
3/26/2025 6:54:33 PM:DBManager:connection_data:Object reference not set to an instance of an object.
3/26/2025 6:54:34 PM:DBManager:connection_data:Object reference not set to an instance of an object.
3/26/2025 6:54:34 PM:DBManager:connection_data:Object reference not set to an instance of an object.
26/03/2025 6:54:34 PM:SignIn:btnLogIn_Click:test
3/26/2025 6:59:17 PM:DBManager:connection_data:Object reference not set to an instance of an object.
3/26/2025 6:59:20 PM:DBManager:connection_data:Object reference not set to an instance of an object.
3/26/2025 6:59:24 PM:DBManager:connection_data:Object reference not set to an instance of an object.
26/03/2025 6:59:24 PM:SignIn:btnLogIn_Click:test
3/26/2025 6:59:43 PM:DBManager:connection_data:Object reference not set to an instance of an object.
3/26/2025 6:59:47 PM:DBManager:connection_data:Object reference not set to an instance of an object.
26/03/2025 6:59:47 PM:POS_WS:CallMethod():Input string was not in a correct format.
3/26/2025 7:11:54 PM:DBManager:connection_data:Object reference not set to an instance of an object.
3/26/2025 7:11:54 PM:DBManager:connection_data:Object reference not set to an instance of an object.
26/03/2025 7:11:54 PM:POS_WS:CallMethod():Input string was not in a correct format.
3/26/2025 7:12:59 PM:DBManager:connection_data:Object reference not set to an instance of an object.
3/26/2025 7:12:59 PM:DBManager:connection_data:Object reference not set to an instance of an object.
26/03/2025 7:12:59 PM:POS_WS:CallMethod():Object reference not set to an instance of an object.
3/26/2025 7:14:07 PM:DBManager:connection_data:Object reference not set to an instance of an object.
3/26/2025 7:14:07 PM:DBManager:connection_data:Object reference not set to an instance of an object.
3/26/2025 7:14:07 PM:DBManager:connection_data:Object reference not set to an instance of an object.
26/03/2025 7:14:07 PM:POS_WS:CallMethod():An endpoint configuration section for contract 'ServiceReference1.POS_WebServiceSoap' could not be loaded because more than one endpoint configuration for that contract was found. Please indicate the preferred endpoint configuration section by name.
26/03/2025 7:14:07 PM:POS_WS:CallMethod():An endpoint configuration section for contract 'ServiceReference1.POS_WebServiceSoap' could not be loaded because more than one endpoint configuration for that contract was found. Please indicate the preferred endpoint configuration section by name.
26/03/2025 7:14:07 PM:POS_WS:CallMethod():An endpoint configuration section for contract 'ServiceReference1.POS_WebServiceSoap' could not be loaded because more than one endpoint configuration for that contract was found. Please indicate the preferred endpoint configuration section by name.
26/03/2025 7:14:07 PM:POS_WS:CallMethod():An endpoint configuration section for contract 'ServiceReference1.POS_WebServiceSoap' could not be loaded because more than one endpoint configuration for that contract was found. Please indicate the preferred endpoint configuration section by name.
26/03/2025 7:14:07 PM:POS_WS:CallMethod():An endpoint configuration section for contract 'ServiceReference1.POS_WebServiceSoap' could not be loaded because more than one endpoint configuration for that contract was found. Please indicate the preferred endpoint configuration section by name.
26/03/2025 7:14:07 PM:POS_WS:CallMethod():An endpoint configuration section for contract 'ServiceReference1.POS_WebServiceSoap' could not be loaded because more than one endpoint configuration for that contract was found. Please indicate the preferred endpoint configuration section by name.
3/26/2025 7:14:07 PM:DBManager:connection_data:Object reference not set to an instance of an object.
3/26/2025 7:14:07 PM:DBManager:connection_data:Object reference not set to an instance of an object.
26/03/2025 7:14:07 PM:POS_WS:CallMethod():An endpoint configuration section for contract 'ServiceReference1.POS_WebServiceSoap' could not be loaded because more than one endpoint configuration for that contract was found. Please indicate the preferred endpoint configuration section by name.
26/03/2025 7:14:07 PM:POS_WS:CallMethod():An endpoint configuration section for contract 'ServiceReference1.POS_WebServiceSoap' could not be loaded because more than one endpoint configuration for that contract was found. Please indicate the preferred endpoint configuration section by name.
26/03/2025 7:14:07 PM:POS_WS:CallMethod():An endpoint configuration section for contract 'ServiceReference1.POS_WebServiceSoap' could not be loaded because more than one endpoint configuration for that contract was found. Please indicate the preferred endpoint configuration section by name.
26/03/2025 7:14:07 PM:POS_WS:CallMethod():An endpoint configuration section for contract 'ServiceReference1.POS_WebServiceSoap' could not be loaded because more than one endpoint configuration for that contract was found. Please indicate the preferred endpoint configuration section by name.
26/03/2025 7:14:07 PM:POS_WS:CallMethod():An endpoint configuration section for contract 'ServiceReference1.POS_WebServiceSoap' could not be loaded because more than one endpoint configuration for that contract was found. Please indicate the preferred endpoint configuration section by name.
26/03/2025 7:14:07 PM:POS_WS:CallMethod():An endpoint configuration section for contract 'ServiceReference1.POS_WebServiceSoap' could not be loaded because more than one endpoint configuration for that contract was found. Please indicate the preferred endpoint configuration section by name.
26/03/2025 7:14:07 PM:POS_WS:CallMethod():An endpoint configuration section for contract 'ServiceReference1.POS_WebServiceSoap' could not be loaded because more than one endpoint configuration for that contract was found. Please indicate the preferred endpoint configuration section by name.
26/03/2025 7:14:07 PM:POS_WS:CallMethod():An endpoint configuration section for contract 'ServiceReference1.POS_WebServiceSoap' could not be loaded because more than one endpoint configuration for that contract was found. Please indicate the preferred endpoint configuration section by name.
3/26/2025 7:14:42 PM:DBManager:connection_data:Object reference not set to an instance of an object.
3/26/2025 7:14:42 PM:DBManager:connection_data:Object reference not set to an instance of an object.
26/03/2025 7:14:43 PM:POS_WS:CallMethod():An endpoint configuration section for contract 'ServiceReference1.POS_WebServiceSoap' could not be loaded because more than one endpoint configuration for that contract was found. Please indicate the preferred endpoint configuration section by name.
3/26/2025 7:15:15 PM:DBManager:connection_data:Object reference not set to an instance of an object.
3/26/2025 7:15:15 PM:DBManager:connection_data:Object reference not set to an instance of an object.
26/03/2025 7:15:16 PM:POS_WS:CallMethod():An endpoint configuration section for contract 'ServiceReference1.POS_WebServiceSoap' could not be loaded because more than one endpoint configuration for that contract was found. Please indicate the preferred endpoint configuration section by name.
3/26/2025 7:17:12 PM:DBManager:connection_data:Object reference not set to an instance of an object.
3/26/2025 7:17:12 PM:DBManager:connection_data:Object reference not set to an instance of an object.
3/26/2025 7:17:18 PM:DBManager:connection_data:Object reference not set to an instance of an object.
3/26/2025 7:17:18 PM:DBManager:connection_data:Object reference not set to an instance of an object.
3/26/2025 7:17:18 PM:DBManager:connection_data:Object reference not set to an instance of an object.
3/26/2025 7:17:18 PM:DBManager:connection_data:Object reference not set to an instance of an object.
3/26/2025 7:17:18 PM:DBManager:connection_data:Object reference not set to an instance of an object.
3/26/2025 7:17:18 PM:DBManager:connection_data:Object reference not set to an instance of an object.
3/26/2025 7:17:18 PM:DBManager:connection_data:Object reference not set to an instance of an object.
3/26/2025 7:17:18 PM:DBManager:connection_data:Object reference not set to an instance of an object.
3/26/2025 7:17:18 PM:DBManager:connection_data:Object reference not set to an instance of an object.
3/26/2025 7:17:18 PM:DBManager:connection_data:Object reference not set to an instance of an object.
3/26/2025 7:17:18 PM:DBManager:connection_data:Object reference not set to an instance of an object.
3/26/2025 7:17:18 PM:DBManager:connection_data:Object reference not set to an instance of an object.
3/26/2025 7:17:18 PM:DBManager:connection_data:Object reference not set to an instance of an object.
3/26/2025 7:17:18 PM:DBManager:connection_data:Object reference not set to an instance of an object.
3/26/2025 7:17:18 PM:DBManager:connection_data:Object reference not set to an instance of an object.
3/26/2025 7:17:18 PM:DBManager:connection_data:Object reference not set to an instance of an object.
3/26/2025 7:17:18 PM:DBManager:connection_data:Object reference not set to an instance of an object.
3/26/2025 7:17:18 PM:DBManager:connection_data:Object reference not set to an instance of an object.
3/26/2025 7:17:18 PM:DBManager:connection_data:Object reference not set to an instance of an object.
3/26/2025 7:17:18 PM:DBManager:connection_data:Object reference not set to an instance of an object.
3/26/2025 7:17:18 PM:DBManager:connection_data:Object reference not set to an instance of an object.
3/26/2025 7:17:18 PM:DBManager:connection_data:Object reference not set to an instance of an object.
3/26/2025 7:17:18 PM:DBManager:connection_data:Object reference not set to an instance of an object.
3/26/2025 7:17:18 PM:DBManager:connection_data:Object reference not set to an instance of an object.
3/26/2025 7:17:18 PM:DBManager:connection_data:Object reference not set to an instance of an object.
3/26/2025 7:17:18 PM:DBManager:connection_data:Object reference not set to an instance of an object.
3/26/2025 7:17:18 PM:DBManager:connection_data:Object reference not set to an instance of an object.
3/26/2025 7:17:18 PM:DBManager:connection_data:Object reference not set to an instance of an object.
3/26/2025 7:17:18 PM:DBManager:connection_data:Object reference not set to an instance of an object.
3/26/2025 7:17:18 PM:DBManager:connection_data:Object reference not set to an instance of an object.
3/26/2025 7:17:18 PM:DBManager:connection_data:Object reference not set to an instance of an object.
3/26/2025 7:17:18 PM:DBManager:connection_data:Object reference not set to an instance of an object.
3/26/2025 7:17:18 PM:DBManager:connection_data:Object reference not set to an instance of an object.
3/26/2025 7:17:18 PM:DBManager:connection_data:Object reference not set to an instance of an object.
3/26/2025 7:17:18 PM:DBManager:connection_data:Object reference not set to an instance of an object.
3/26/2025 7:17:18 PM:DBManager:connection_data:Object reference not set to an instance of an object.
3/26/2025 7:17:18 PM:DBManager:connection_data:Object reference not set to an instance of an object.
3/26/2025 7:17:18 PM:DBManager:connection_data:Object reference not set to an instance of an object.
3/26/2025 7:17:18 PM:DBManager:connection_data:Object reference not set to an instance of an object.
3/26/2025 7:17:18 PM:DBManager:connection_data:Object reference not set to an instance of an object.
3/26/2025 7:17:18 PM:DBManager:connection_data:Object reference not set to an instance of an object.
3/26/2025 7:17:18 PM:DBManager:connection_data:Object reference not set to an instance of an object.
3/26/2025 7:17:18 PM:DBManager:connection_data:Object reference not set to an instance of an object.
3/26/2025 7:17:18 PM:DBManager:connection_data:Object reference not set to an instance of an object.
3/26/2025 7:17:18 PM:DBManager:connection_data:Object reference not set to an instance of an object.
3/26/2025 7:17:18 PM:DBManager:connection_data:Object reference not set to an instance of an object.
3/26/2025 7:17:18 PM:DBManager:connection_data:Object reference not set to an instance of an object.
3/26/2025 7:17:18 PM:DBManager:connection_data:Object reference not set to an instance of an object.
3/26/2025 7:17:18 PM:DBManager:connection_data:Object reference not set to an instance of an object.
3/26/2025 7:17:18 PM:DBManager:connection_data:Object reference not set to an instance of an object.
3/26/2025 7:17:18 PM:DBManager:connection_data:Object reference not set to an instance of an object.
3/26/2025 7:17:18 PM:DBManager:connection_data:Object reference not set to an instance of an object.
3/26/2025 7:17:18 PM:DBManager:connection_data:Object reference not set to an instance of an object.
3/26/2025 7:17:18 PM:DBManager:connection_data:Object reference not set to an instance of an object.
3/26/2025 7:17:18 PM:DBManager:connection_data:Object reference not set to an instance of an object.
3/26/2025 7:17:18 PM:DBManager:connection_data:Object reference not set to an instance of an object.
3/26/2025 7:17:18 PM:DBManager:connection_data:Object reference not set to an instance of an object.
3/26/2025 7:17:18 PM:DBManager:connection_data:Object reference not set to an instance of an object.
3/26/2025 7:17:18 PM:DBManager:connection_data:Object reference not set to an instance of an object.
3/26/2025 7:17:18 PM:DBManager:connection_data:Object reference not set to an instance of an object.
3/26/2025 7:17:18 PM:DBManager:connection_data:Object reference not set to an instance of an object.
3/26/2025 7:17:18 PM:DBManager:connection_data:Object reference not set to an instance of an object.
3/26/2025 7:17:18 PM:DBManager:connection_data:Object reference not set to an instance of an object.
3/26/2025 7:17:18 PM:DBManager:connection_data:Object reference not set to an instance of an object.
3/26/2025 7:17:18 PM:DBManager:connection_data:Object reference not set to an instance of an object.
3/26/2025 7:17:18 PM:DBManager:connection_data:Object reference not set to an instance of an object.
3/26/2025 7:17:18 PM:DBManager:connection_data:Object reference not set to an instance of an object.
3/26/2025 7:17:18 PM:DBManager:connection_data:Object reference not set to an instance of an object.
3/26/2025 7:17:18 PM:DBManager:connection_data:Object reference not set to an instance of an object.
3/26/2025 7:17:18 PM:DBManager:connection_data:Object reference not set to an instance of an object.
3/26/2025 7:17:18 PM:DBManager:connection_data:Object reference not set to an instance of an object.
3/26/2025 7:17:18 PM:DBManager:connection_data:Object reference not set to an instance of an object.
3/26/2025 7:17:18 PM:DBManager:connection_data:Object reference not set to an instance of an object.
3/26/2025 7:17:18 PM:DBManager:connection_data:Object reference not set to an instance of an object.
3/26/2025 7:17:18 PM:DBManager:connection_data:Object reference not set to an instance of an object.
3/26/2025 7:17:18 PM:DBManager:connection_data:Object reference not set to an instance of an object.
3/26/2025 7:17:18 PM:DBManager:connection_data:Object reference not set to an instance of an object.
3/26/2025 7:17:18 PM:DBManager:connection_data:Object reference not set to an instance of an object.
3/26/2025 7:17:18 PM:DBManager:connection_data:Object reference not set to an instance of an object.
3/26/2025 7:17:18 PM:DBManager:connection_data:Object reference not set to an instance of an object.
26/03/2025 7:17:18 PM:MasterPage:Page_Init:Thread was being aborted.
3/26/2025 7:17:18 PM:DBManager:connection_data:Object reference not set to an instance of an object.
3/26/2025 7:17:18 PM:DBManager:connection_data:Object reference not set to an instance of an object.
3/26/2025 7:17:18 PM:DBManager:connection_data:Object reference not set to an instance of an object.
26/03/2025 7:17:18 PM:SignIn:btnLogIn_Click:test
26/03/2025 7:17:18 PM:POS_WS:CallMethod():Object reference not set to an instance of an object.
26/03/2025 7:17:18 PM:POS_WS:CallMethod():Object reference not set to an instance of an object.
3/26/2025 7:17:38 PM:DBManager:connection_data:Object reference not set to an instance of an object.
3/26/2025 7:17:38 PM:DBManager:connection_data:Object reference not set to an instance of an object.
3/26/2025 7:17:38 PM:DBManager:connection_data:Object reference not set to an instance of an object.
3/26/2025 7:17:38 PM:DBManager:connection_data:Object reference not set to an instance of an object.
3/26/2025 7:17:39 PM:DBManager:connection_data:Object reference not set to an instance of an object.
3/26/2025 7:17:39 PM:DBManager:connection_data:Object reference not set to an instance of an object.
3/26/2025 7:17:39 PM:DBManager:connection_data:Object reference not set to an instance of an object.
3/26/2025 7:17:39 PM:DBManager:connection_data:Object reference not set to an instance of an object.
3/26/2025 7:17:39 PM:DBManager:connection_data:Object reference not set to an instance of an object.
3/26/2025 7:17:39 PM:DBManager:connection_data:Object reference not set to an instance of an object.
3/26/2025 7:17:39 PM:DBManager:connection_data:Object reference not set to an instance of an object.
3/26/2025 7:17:40 PM:DBManager:connection_data:Object reference not set to an instance of an object.
3/26/2025 7:17:40 PM:DBManager:connection_data:Object reference not set to an instance of an object.
3/26/2025 7:17:40 PM:DBManager:connection_data:Object reference not set to an instance of an object.
3/26/2025 7:17:40 PM:DBManager:connection_data:Object reference not set to an instance of an object.
3/26/2025 7:17:40 PM:DBManager:connection_data:Object reference not set to an instance of an object.
3/26/2025 7:17:40 PM:DBManager:connection_data:Object reference not set to an instance of an object.
3/26/2025 7:17:41 PM:DBManager:connection_data:Object reference not set to an instance of an object.
3/26/2025 7:17:41 PM:DBManager:connection_data:Object reference not set to an instance of an object.
3/26/2025 7:17:41 PM:DBManager:connection_data:Object reference not set to an instance of an object.
3/26/2025 7:17:41 PM:DBManager:connection_data:Object reference not set to an instance of an object.
3/26/2025 7:17:41 PM:DBManager:connection_data:Object reference not set to an instance of an object.
3/26/2025 7:17:41 PM:DBManager:connection_data:Object reference not set to an instance of an object.
3/26/2025 7:17:42 PM:DBManager:connection_data:Object reference not set to an instance of an object.
3/26/2025 7:17:42 PM:DBManager:connection_data:Object reference not set to an instance of an object.
3/26/2025 7:17:42 PM:DBManager:connection_data:Object reference not set to an instance of an object.
3/26/2025 7:17:42 PM:DBManager:connection_data:Object reference not set to an instance of an object.
3/26/2025 7:17:42 PM:DBManager:connection_data:Object reference not set to an instance of an object.
3/26/2025 7:17:44 PM:DBManager:connection_data:Object reference not set to an instance of an object.
3/26/2025 7:17:44 PM:DBManager:connection_data:Object reference not set to an instance of an object.
3/26/2025 7:17:44 PM:DBManager:connection_data:Object reference not set to an instance of an object.
3/26/2025 7:17:44 PM:DBManager:connection_data:Object reference not set to an instance of an object.
3/26/2025 7:17:44 PM:DBManager:connection_data:Object reference not set to an instance of an object.
3/26/2025 7:17:44 PM:DBManager:connection_data:Object reference not set to an instance of an object.
3/26/2025 7:17:44 PM:DBManager:connection_data:Object reference not set to an instance of an object.
3/26/2025 7:17:45 PM:DBManager:connection_data:Object reference not set to an instance of an object.
3/26/2025 7:17:45 PM:DBManager:connection_data:Object reference not set to an instance of an object.
3/26/2025 7:17:45 PM:DBManager:connection_data:Object reference not set to an instance of an object.
3/26/2025 7:17:45 PM:DBManager:connection_data:Object reference not set to an instance of an object.
3/26/2025 7:17:45 PM:DBManager:connection_data:Object reference not set to an instance of an object.
3/26/2025 7:17:45 PM:DBManager:connection_data:Object reference not set to an instance of an object.
3/26/2025 7:17:45 PM:DBManager:connection_data:Object reference not set to an instance of an object.
3/26/2025 7:17:45 PM:DBManager:connection_data:Object reference not set to an instance of an object.
3/26/2025 7:17:45 PM:DBManager:connection_data:Object reference not set to an instance of an object.
3/26/2025 7:17:45 PM:DBManager:connection_data:Object reference not set to an instance of an object.
3/26/2025 7:17:45 PM:DBManager:connection_data:Object reference not set to an instance of an object.
3/26/2025 7:17:45 PM:DBManager:connection_data:Object reference not set to an instance of an object.
3/26/2025 7:17:45 PM:DBManager:connection_data:Object reference not set to an instance of an object.
3/26/2025 7:17:45 PM:DBManager:connection_data:Object reference not set to an instance of an object.
3/26/2025 7:17:45 PM:DBManager:connection_data:Object reference not set to an instance of an object.
3/26/2025 7:17:45 PM:DBManager:connection_data:Object reference not set to an instance of an object.
3/26/2025 7:17:45 PM:DBManager:connection_data:Object reference not set to an instance of an object.
3/26/2025 7:17:45 PM:DBManager:connection_data:Object reference not set to an instance of an object.
3/26/2025 7:17:45 PM:DBManager:connection_data:Object reference not set to an instance of an object.
3/26/2025 7:17:45 PM:DBManager:connection_data:Object reference not set to an instance of an object.
3/26/2025 7:17:45 PM:DBManager:connection_data:Object reference not set to an instance of an object.
3/26/2025 7:17:45 PM:DBManager:connection_data:Object reference not set to an instance of an object.
3/26/2025 7:17:45 PM:DBManager:connection_data:Object reference not set to an instance of an object.
3/26/2025 7:17:45 PM:DBManager:connection_data:Object reference not set to an instance of an object.
3/26/2025 7:17:45 PM:DBManager:connection_data:Object reference not set to an instance of an object.
3/26/2025 7:17:45 PM:DBManager:connection_data:Object reference not set to an instance of an object.
3/26/2025 7:17:45 PM:DBManager:connection_data:Object reference not set to an instance of an object.
3/26/2025 7:17:45 PM:DBManager:connection_data:Object reference not set to an instance of an object.
3/26/2025 7:17:45 PM:DBManager:connection_data:Object reference not set to an instance of an object.
3/26/2025 7:17:45 PM:DBManager:connection_data:Object reference not set to an instance of an object.
3/26/2025 7:17:45 PM:DBManager:connection_data:Object reference not set to an instance of an object.
3/26/2025 7:17:45 PM:DBManager:connection_data:Object reference not set to an instance of an object.
3/26/2025 7:17:45 PM:DBManager:connection_data:Object reference not set to an instance of an object.
3/26/2025 7:17:45 PM:DBManager:connection_data:Object reference not set to an instance of an object.
3/26/2025 7:17:45 PM:DBManager:connection_data:Object reference not set to an instance of an object.
3/26/2025 7:17:45 PM:DBManager:connection_data:Object reference not set to an instance of an object.
3/26/2025 7:17:45 PM:DBManager:connection_data:Object reference not set to an instance of an object.
3/26/2025 7:17:45 PM:DBManager:connection_data:Object reference not set to an instance of an object.
3/26/2025 7:17:45 PM:DBManager:connection_data:Object reference not set to an instance of an object.
3/26/2025 7:17:45 PM:DBManager:connection_data:Object reference not set to an instance of an object.
3/26/2025 7:17:45 PM:DBManager:connection_data:Object reference not set to an instance of an object.
3/26/2025 7:17:45 PM:DBManager:connection_data:Object reference not set to an instance of an object.
3/26/2025 7:17:45 PM:DBManager:connection_data:Object reference not set to an instance of an object.
3/26/2025 7:17:45 PM:DBManager:connection_data:Object reference not set to an instance of an object.
3/26/2025 7:17:45 PM:DBManager:connection_data:Object reference not set to an instance of an object.
26/03/2025 7:17:45 PM:MasterPage:Page_Init:Thread was being aborted.
3/26/2025 7:17:45 PM:DBManager:connection_data:Object reference not set to an instance of an object.
3/26/2025 7:17:45 PM:DBManager:connection_data:Object reference not set to an instance of an object.
3/26/2025 7:17:45 PM:DBManager:connection_data:Object reference not set to an instance of an object.
26/03/2025 7:17:45 PM:SignIn:btnLogIn_Click:test
3/26/2025 7:17:51 PM:DBManager:connection_data:Object reference not set to an instance of an object.
3/26/2025 7:17:51 PM:DBManager:connection_data:Object reference not set to an instance of an object.
26/03/2025 7:17:55 PM:POS_WS:CallMethod():Object reference not set to an instance of an object.
26/03/2025 7:18:58 PM:POS_WS:CallMethod():Object reference not set to an instance of an object.
3/26/2025 7:19:05 PM:DBManager:connection_data:Object reference not set to an instance of an object.
3/26/2025 7:19:05 PM:DBManager:connection_data:Object reference not set to an instance of an object.
26/03/2025 7:19:08 PM:POS_WS:CallMethod():Object reference not set to an instance of an object.
3/26/2025 7:19:17 PM:DBManager:connection_data:Object reference not set to an instance of an object.
3/26/2025 7:19:17 PM:DBManager:connection_data:Object reference not set to an instance of an object.
26/03/2025 7:20:05 PM:POS_WS:CallMethod():Object reference not set to an instance of an object.
3/26/2025 7:20:06 PM:DBManager:connection_data:Object reference not set to an instance of an object.
3/26/2025 7:20:06 PM:DBManager:connection_data:Object reference not set to an instance of an object.
26/03/2025 7:20:06 PM:POS_WS:CallMethod():Object reference not set to an instance of an object.
3/26/2025 7:20:13 PM:DBManager:connection_data:Object reference not set to an instance of an object.
3/26/2025 7:20:13 PM:DBManager:connection_data:Object reference not set to an instance of an object.
26/03/2025 7:21:21 PM:POS_WS:CallMethod():Object reference not set to an instance of an object.
3/26/2025 7:21:26 PM:DBManager:connection_data:Object reference not set to an instance of an object.
3/26/2025 7:21:26 PM:DBManager:connection_data:Object reference not set to an instance of an object.
26/03/2025 7:22:12 PM:POS_WS:CallMethod():Object reference not set to an instance of an object.
3/26/2025 7:23:03 PM:DBManager:connection_data:Object reference not set to an instance of an object.
3/26/2025 7:23:03 PM:DBManager:connection_data:Object reference not set to an instance of an object.
26/03/2025 7:24:37 PM:POS_WS:CallMethod():Object reference not set to an instance of an object.
3/26/2025 7:24:37 PM:DBManager:connection_data:Object reference not set to an instance of an object.
3/26/2025 7:24:37 PM:DBManager:connection_data:Object reference not set to an instance of an object.
3/26/2025 7:24:40 PM:DBManager:connection_data:Object reference not set to an instance of an object.
3/26/2025 7:24:40 PM:DBManager:connection_data:Object reference not set to an instance of an object.
3/26/2025 7:26:16 PM:DBManager:connection_data:Object reference not set to an instance of an object.
3/26/2025 7:26:16 PM:DBManager:connection_data:Object reference not set to an instance of an object.
3/26/2025 7:26:16 PM:DBManager:connection_data:Object reference not set to an instance of an object.
3/26/2025 7:26:16 PM:DBManager:connection_data:Object reference not set to an instance of an object.
3/26/2025 7:26:24 PM:DBManager:connection_data:Object reference not set to an instance of an object.
3/26/2025 7:26:24 PM:DBManager:connection_data:Object reference not set to an instance of an object.
3/26/2025 7:26:24 PM:DBManager:connection_data:Object reference not set to an instance of an object.
3/26/2025 7:26:24 PM:DBManager:connection_data:Object reference not set to an instance of an object.
3/26/2025 7:26:48 PM:DBManager:connection_data:Object reference not set to an instance of an object.
3/26/2025 7:26:48 PM:DBManager:connection_data:Object reference not set to an instance of an object.
3/26/2025 7:26:51 PM:DBManager:connection_data:Object reference not set to an instance of an object.
3/26/2025 7:26:51 PM:DBManager:connection_data:Object reference not set to an instance of an object.
3/26/2025 7:27:53 PM:DBManager:connection_data:Object reference not set to an instance of an object.
3/26/2025 7:27:53 PM:DBManager:connection_data:Object reference not set to an instance of an object.
26/03/2025 7:27:56 PM:POS_WS:CallMethod():The request channel timed out while waiting for a reply after 00:01:00. Increase the timeout value passed to the call to Request or increase the SendTimeout value on the Binding. The time allotted to this operation may have been a portion of a longer timeout.
3/26/2025 7:27:58 PM:DBManager:connection_data:Object reference not set to an instance of an object.
3/26/2025 7:27:58 PM:DBManager:connection_data:Object reference not set to an instance of an object.
3/26/2025 7:28:59 PM:DBManager:connection_data:Object reference not set to an instance of an object.
3/26/2025 7:28:59 PM:DBManager:connection_data:Object reference not set to an instance of an object.
26/03/2025 7:29:01 PM:POS_WS:CallMethod():The request channel timed out while waiting for a reply after 00:00:59.9989943. Increase the timeout value passed to the call to Request or increase the SendTimeout value on the Binding. The time allotted to this operation may have been a portion of a longer timeout.
3/26/2025 7:29:04 PM:DBManager:connection_data:Object reference not set to an instance of an object.
3/26/2025 7:29:04 PM:DBManager:connection_data:Object reference not set to an instance of an object.
3/26/2025 7:30:52 PM:DBManager:connection_data:Object reference not set to an instance of an object.
3/26/2025 7:30:52 PM:DBManager:connection_data:Object reference not set to an instance of an object.
3/26/2025 7:30:55 PM:DBManager:connection_data:Object reference not set to an instance of an object.
3/26/2025 7:30:55 PM:DBManager:connection_data:Object reference not set to an instance of an object.
26/03/2025 7:33:45 PM:POS_WS:CallMethod():The request channel timed out while waiting for a reply after 00:00:59.9990039. Increase the timeout value passed to the call to Request or increase the SendTimeout value on the Binding. The time allotted to this operation may have been a portion of a longer timeout.
3/26/2025 7:33:52 PM:DBManager:connection_data:Object reference not set to an instance of an object.
3/26/2025 7:33:52 PM:DBManager:connection_data:Object reference not set to an instance of an object.
3/26/2025 7:33:52 PM:DBManager:connection_data:Object reference not set to an instance of an object.
26/03/2025 7:33:52 PM:SignIn:btnLogIn_Click:test
3/26/2025 7:33:57 PM:DBManager:connection_data:Object reference not set to an instance of an object.
3/26/2025 7:33:57 PM:DBManager:connection_data:Object reference not set to an instance of an object.
3/26/2025 7:34:01 PM:DBManager:connection_data:Object reference not set to an instance of an object.
3/26/2025 7:34:01 PM:DBManager:connection_data:Object reference not set to an instance of an object.
26/03/2025 7:35:17 PM:POS_WS:CallMethod():The request channel timed out while waiting for a reply after 00:00:59.9989932. Increase the timeout value passed to the call to Request or increase the SendTimeout value on the Binding. The time allotted to this operation may have been a portion of a longer timeout.
3/26/2025 7:36:35 PM:DBManager:connection_data:Object reference not set to an instance of an object.
3/26/2025 7:36:36 PM:DBManager:connection_data:Object reference not set to an instance of an object.
3/26/2025 7:36:42 PM:DBManager:connection_data:Object reference not set to an instance of an object.
3/26/2025 7:36:42 PM:DBManager:connection_data:Object reference not set to an instance of an object.
3/26/2025 7:36:47 PM:DBManager:connection_data:Object reference not set to an instance of an object.
3/26/2025 7:36:47 PM:DBManager:connection_data:Object reference not set to an instance of an object.
3/26/2025 7:36:49 PM:DBManager:connection_data:Object reference not set to an instance of an object.
3/26/2025 7:36:49 PM:DBManager:connection_data:Object reference not set to an instance of an object.
3/26/2025 7:36:50 PM:DBManager:connection_data:Object reference not set to an instance of an object.
3/26/2025 7:36:50 PM:DBManager:connection_data:Object reference not set to an instance of an object.
3/26/2025 7:36:50 PM:DBManager:connection_data:Object reference not set to an instance of an object.
3/26/2025 7:36:50 PM:DBManager:connection_data:Object reference not set to an instance of an object.
3/26/2025 7:37:01 PM:DBManager:connection_data:Object reference not set to an instance of an object.
3/26/2025 7:37:01 PM:DBManager:connection_data:Object reference not set to an instance of an object.
3/26/2025 7:37:14 PM:DBManager:connection_data:Object reference not set to an instance of an object.
3/26/2025 7:37:14 PM:DBManager:connection_data:Object reference not set to an instance of an object.
3/26/2025 7:37:16 PM:DBManager:connection_data:Object reference not set to an instance of an object.
3/26/2025 7:37:16 PM:DBManager:connection_data:Object reference not set to an instance of an object.
3/26/2025 7:37:38 PM:DBManager:connection_data:Object reference not set to an instance of an object.
3/26/2025 7:37:38 PM:DBManager:connection_data:Object reference not set to an instance of an object.
26/03/2025 7:37:55 PM:POS_WS:CallMethod():Object reference not set to an instance of an object.
3/26/2025 7:38:02 PM:DBManager:connection_data:Object reference not set to an instance of an object.
3/26/2025 7:38:02 PM:DBManager:connection_data:Object reference not set to an instance of an object.
3/26/2025 7:38:02 PM:DBManager:connection_data:Object reference not set to an instance of an object.
3/26/2025 7:38:02 PM:DBManager:connection_data:Object reference not set to an instance of an object.
3/26/2025 7:38:02 PM:DBManager:connection_data:Object reference not set to an instance of an object.
3/26/2025 7:38:02 PM:DBManager:connection_data:Object reference not set to an instance of an object.
3/26/2025 7:38:04 PM:DBManager:connection_data:Object reference not set to an instance of an object.
3/26/2025 7:38:04 PM:DBManager:connection_data:Object reference not set to an instance of an object.
3/26/2025 7:38:14 PM:DBManager:connection_data:Object reference not set to an instance of an object.
3/26/2025 7:38:16 PM:DBManager:connection_data:Object reference not set to an instance of an object.
3/26/2025 7:38:20 PM:DBManager:connection_data:Object reference not set to an instance of an object.
3/26/2025 7:38:20 PM:DBManager:connection_data:Object reference not set to an instance of an object.
3/26/2025 7:38:20 PM:DBManager:connection_data:Object reference not set to an instance of an object.
3/26/2025 7:38:20 PM:DBManager:connection_data:Object reference not set to an instance of an object.
3/26/2025 7:38:22 PM:DBManager:connection_data:Object reference not set to an instance of an object.
3/26/2025 7:38:22 PM:DBManager:connection_data:Object reference not set to an instance of an object.
3/26/2025 7:38:27 PM:DBManager:connection_data:Object reference not set to an instance of an object.
3/26/2025 7:38:27 PM:DBManager:connection_data:Object reference not set to an instance of an object.
3/26/2025 7:38:28 PM:DBManager:connection_data:Object reference not set to an instance of an object.
3/26/2025 7:38:28 PM:DBManager:connection_data:Object reference not set to an instance of an object.
3/26/2025 7:41:43 PM:DBManager:connection_data:Object reference not set to an instance of an object.
3/26/2025 7:41:43 PM:DBManager:connection_data:Object reference not set to an instance of an object.
26/03/2025 7:41:43 PM:POS_WS:CallMethod():An endpoint configuration section for contract 'ServiceReference1.POS_WebServiceSoap' could not be loaded because more than one endpoint configuration for that contract was found. Please indicate the preferred endpoint configuration section by name.
3/26/2025 7:41:54 PM:DBManager:connection_data:Object reference not set to an instance of an object.
3/26/2025 7:41:54 PM:DBManager:connection_data:Object reference not set to an instance of an object.
3/26/2025 7:41:54 PM:DBManager:connection_data:Object reference not set to an instance of an object.
3/26/2025 7:41:54 PM:DBManager:connection_data:Object reference not set to an instance of an object.
3/26/2025 7:41:54 PM:DBManager:connection_data:Object reference not set to an instance of an object.
3/26/2025 7:41:54 PM:DBManager:connection_data:Object reference not set to an instance of an object.
3/26/2025 7:41:54 PM:DBManager:connection_data:Object reference not set to an instance of an object.
3/26/2025 7:41:54 PM:DBManager:connection_data:Object reference not set to an instance of an object.
3/26/2025 7:41:54 PM:DBManager:connection_data:Object reference not set to an instance of an object.
3/26/2025 7:41:54 PM:DBManager:connection_data:Object reference not set to an instance of an object.
3/26/2025 7:41:54 PM:DBManager:connection_data:Object reference not set to an instance of an object.
3/26/2025 7:41:54 PM:DBManager:connection_data:Object reference not set to an instance of an object.
3/26/2025 7:41:54 PM:DBManager:connection_data:Object reference not set to an instance of an object.
3/26/2025 7:41:54 PM:DBManager:connection_data:Object reference not set to an instance of an object.
3/26/2025 7:41:54 PM:DBManager:connection_data:Object reference not set to an instance of an object.
3/26/2025 7:41:54 PM:DBManager:connection_data:Object reference not set to an instance of an object.
3/26/2025 7:41:54 PM:DBManager:connection_data:Object reference not set to an instance of an object.
3/26/2025 7:41:54 PM:DBManager:connection_data:Object reference not set to an instance of an object.
3/26/2025 7:41:54 PM:DBManager:connection_data:Object reference not set to an instance of an object.
3/26/2025 7:41:54 PM:DBManager:connection_data:Object reference not set to an instance of an object.
3/26/2025 7:41:54 PM:DBManager:connection_data:Object reference not set to an instance of an object.
3/26/2025 7:41:54 PM:DBManager:connection_data:Object reference not set to an instance of an object.
3/26/2025 7:41:54 PM:DBManager:connection_data:Object reference not set to an instance of an object.
3/26/2025 7:41:54 PM:DBManager:connection_data:Object reference not set to an instance of an object.
3/26/2025 7:41:54 PM:DBManager:connection_data:Object reference not set to an instance of an object.
3/26/2025 7:41:54 PM:DBManager:connection_data:Object reference not set to an instance of an object.
3/26/2025 7:41:54 PM:DBManager:connection_data:Object reference not set to an instance of an object.
3/26/2025 7:41:54 PM:DBManager:connection_data:Object reference not set to an instance of an object.
3/26/2025 7:41:54 PM:DBManager:connection_data:Object reference not set to an instance of an object.
3/26/2025 7:41:54 PM:DBManager:connection_data:Object reference not set to an instance of an object.
3/26/2025 7:41:54 PM:DBManager:connection_data:Object reference not set to an instance of an object.
3/26/2025 7:41:54 PM:DBManager:connection_data:Object reference not set to an instance of an object.
3/26/2025 7:41:54 PM:DBManager:connection_data:Object reference not set to an instance of an object.
3/26/2025 7:41:54 PM:DBManager:connection_data:Object reference not set to an instance of an object.
3/26/2025 7:41:54 PM:DBManager:connection_data:Object reference not set to an instance of an object.
3/26/2025 7:41:54 PM:DBManager:connection_data:Object reference not set to an instance of an object.
3/26/2025 7:41:54 PM:DBManager:connection_data:Object reference not set to an instance of an object.
3/26/2025 7:41:54 PM:DBManager:connection_data:Object reference not set to an instance of an object.
3/26/2025 7:41:54 PM:DBManager:connection_data:Object reference not set to an instance of an object.
3/26/2025 7:41:54 PM:DBManager:connection_data:Object reference not set to an instance of an object.
3/26/2025 7:41:54 PM:DBManager:connection_data:Object reference not set to an instance of an object.
3/26/2025 7:41:54 PM:DBManager:connection_data:Object reference not set to an instance of an object.
3/26/2025 7:41:54 PM:DBManager:connection_data:Object reference not set to an instance of an object.
3/26/2025 7:41:54 PM:DBManager:connection_data:Object reference not set to an instance of an object.
3/26/2025 7:41:54 PM:DBManager:connection_data:Object reference not set to an instance of an object.
3/26/2025 7:41:54 PM:DBManager:connection_data:Object reference not set to an instance of an object.
3/26/2025 7:41:54 PM:DBManager:connection_data:Object reference not set to an instance of an object.
3/26/2025 7:41:54 PM:DBManager:connection_data:Object reference not set to an instance of an object.
3/26/2025 7:41:54 PM:DBManager:connection_data:Object reference not set to an instance of an object.
3/26/2025 7:41:54 PM:DBManager:connection_data:Object reference not set to an instance of an object.
3/26/2025 7:41:54 PM:DBManager:connection_data:Object reference not set to an instance of an object.
3/26/2025 7:41:54 PM:DBManager:connection_data:Object reference not set to an instance of an object.
3/26/2025 7:41:54 PM:DBManager:connection_data:Object reference not set to an instance of an object.
3/26/2025 7:41:54 PM:DBManager:connection_data:Object reference not set to an instance of an object.
3/26/2025 7:41:54 PM:DBManager:connection_data:Object reference not set to an instance of an object.
3/26/2025 7:41:54 PM:DBManager:connection_data:Object reference not set to an instance of an object.
3/26/2025 7:41:54 PM:DBManager:connection_data:Object reference not set to an instance of an object.
3/26/2025 7:41:54 PM:DBManager:connection_data:Object reference not set to an instance of an object.
3/26/2025 7:41:54 PM:DBManager:connection_data:Object reference not set to an instance of an object.
3/26/2025 7:41:54 PM:DBManager:connection_data:Object reference not set to an instance of an object.
3/26/2025 7:41:54 PM:DBManager:connection_data:Object reference not set to an instance of an object.
3/26/2025 7:41:54 PM:DBManager:connection_data:Object reference not set to an instance of an object.
3/26/2025 7:41:54 PM:DBManager:connection_data:Object reference not set to an instance of an object.
3/26/2025 7:41:54 PM:DBManager:connection_data:Object reference not set to an instance of an object.
3/26/2025 7:41:54 PM:DBManager:connection_data:Object reference not set to an instance of an object.
3/26/2025 7:41:54 PM:DBManager:connection_data:Object reference not set to an instance of an object.
3/26/2025 7:41:54 PM:DBManager:connection_data:Object reference not set to an instance of an object.
3/26/2025 7:41:54 PM:DBManager:connection_data:Object reference not set to an instance of an object.
3/26/2025 7:41:54 PM:DBManager:connection_data:Object reference not set to an instance of an object.
3/26/2025 7:41:54 PM:DBManager:connection_data:Object reference not set to an instance of an object.
3/26/2025 7:41:54 PM:DBManager:connection_data:Object reference not set to an instance of an object.
3/26/2025 7:41:54 PM:DBManager:connection_data:Object reference not set to an instance of an object.
3/26/2025 7:41:54 PM:DBManager:connection_data:Object reference not set to an instance of an object.
3/26/2025 7:41:54 PM:DBManager:connection_data:Object reference not set to an instance of an object.
3/26/2025 7:41:54 PM:DBManager:connection_data:Object reference not set to an instance of an object.
3/26/2025 7:41:54 PM:DBManager:connection_data:Object reference not set to an instance of an object.
3/26/2025 7:41:54 PM:DBManager:connection_data:Object reference not set to an instance of an object.
3/26/2025 7:41:54 PM:DBManager:connection_data:Object reference not set to an instance of an object.
3/26/2025 7:41:54 PM:DBManager:connection_data:Object reference not set to an instance of an object.
3/26/2025 7:41:54 PM:DBManager:connection_data:Object reference not set to an instance of an object.
3/26/2025 7:41:54 PM:DBManager:connection_data:Object reference not set to an instance of an object.
3/26/2025 7:41:54 PM:DBManager:connection_data:Object reference not set to an instance of an object.
26/03/2025 7:41:54 PM:MasterPage:Page_Init:Thread was being aborted.
3/26/2025 7:41:54 PM:DBManager:connection_data:Object reference not set to an instance of an object.
3/26/2025 7:41:54 PM:DBManager:connection_data:Object reference not set to an instance of an object.
3/26/2025 7:41:54 PM:DBManager:connection_data:Object reference not set to an instance of an object.
26/03/2025 7:41:54 PM:SignIn:btnLogIn_Click:test
3/26/2025 7:42:27 PM:DBManager:connection_data:Object reference not set to an instance of an object.
3/26/2025 7:42:30 PM:DBManager:connection_data:Object reference not set to an instance of an object.
3/26/2025 7:42:30 PM:DBManager:connection_data:Object reference not set to an instance of an object.
26/03/2025 7:42:30 PM:SignIn:btnLogIn_Click:test
3/26/2025 7:42:44 PM:DBManager:connection_data:Object reference not set to an instance of an object.
3/26/2025 7:42:45 PM:DBManager:connection_data:Object reference not set to an instance of an object.
3/26/2025 7:42:51 PM:DBManager:connection_data:Object reference not set to an instance of an object.
3/26/2025 7:42:52 PM:DBManager:connection_data:Object reference not set to an instance of an object.
3/26/2025 7:42:54 PM:DBManager:connection_data:Object reference not set to an instance of an object.
3/26/2025 7:42:54 PM:DBManager:connection_data:Object reference not set to an instance of an object.
3/26/2025 7:42:54 PM:DBManager:connection_data:Object reference not set to an instance of an object.
3/26/2025 7:42:55 PM:DBManager:connection_data:Object reference not set to an instance of an object.
3/26/2025 7:43:10 PM:DBManager:connection_data:Object reference not set to an instance of an object.
3/26/2025 7:43:10 PM:DBManager:connection_data:Object reference not set to an instance of an object.
3/26/2025 7:43:11 PM:DBManager:connection_data:Object reference not set to an instance of an object.
3/26/2025 7:43:11 PM:DBManager:connection_data:Object reference not set to an instance of an object.
3/26/2025 7:43:21 PM:DBManager:connection_data:Object reference not set to an instance of an object.
3/26/2025 7:43:21 PM:DBManager:connection_data:Object reference not set to an instance of an object.
3/26/2025 7:43:25 PM:DBManager:connection_data:Object reference not set to an instance of an object.
3/26/2025 7:43:25 PM:DBManager:connection_data:Object reference not set to an instance of an object.
3/26/2025 7:43:36 PM:DBManager:connection_data:Object reference not set to an instance of an object.
3/26/2025 7:43:37 PM:DBManager:connection_data:Object reference not set to an instance of an object.
3/26/2025 7:43:41 PM:DBManager:connection_data:Object reference not set to an instance of an object.
3/26/2025 7:43:41 PM:DBManager:connection_data:Object reference not set to an instance of an object.
26/03/2025 7:45:27 PM:POS_WS:CallMethod():The request channel timed out while waiting for a reply after 00:01:00. Increase the timeout value passed to the call to Request or increase the SendTimeout value on the Binding. The time allotted to this operation may have been a portion of a longer timeout.
3/26/2025 7:45:32 PM:DBManager:connection_data:Object reference not set to an instance of an object.
3/26/2025 7:45:32 PM:DBManager:connection_data:Object reference not set to an instance of an object.
3/26/2025 7:45:34 PM:DBManager:connection_data:Object reference not set to an instance of an object.
3/26/2025 7:45:34 PM:DBManager:connection_data:Object reference not set to an instance of an object.
3/26/2025 7:45:40 PM:DBManager:connection_data:Object reference not set to an instance of an object.
3/26/2025 7:45:40 PM:DBManager:connection_data:Object reference not set to an instance of an object.
3/26/2025 7:45:41 PM:DBManager:connection_data:Object reference not set to an instance of an object.
3/26/2025 7:45:41 PM:DBManager:connection_data:Object reference not set to an instance of an object.
3/26/2025 7:46:15 PM:DBManager:connection_data:Object reference not set to an instance of an object.
3/26/2025 7:46:15 PM:DBManager:connection_data:Object reference not set to an instance of an object.
3/26/2025 7:46:15 PM:DBManager:connection_data:Object reference not set to an instance of an object.
3/26/2025 7:46:15 PM:DBManager:connection_data:Object reference not set to an instance of an object.
3/26/2025 7:46:18 PM:DBManager:connection_data:Object reference not set to an instance of an object.
3/26/2025 7:46:18 PM:DBManager:connection_data:Object reference not set to an instance of an object.
3/26/2025 7:46:18 PM:DBManager:connection_data:Object reference not set to an instance of an object.
3/26/2025 7:46:18 PM:DBManager:connection_data:Object reference not set to an instance of an object.
3/26/2025 7:46:19 PM:DBManager:connection_data:Object reference not set to an instance of an object.
3/26/2025 7:46:19 PM:DBManager:connection_data:Object reference not set to an instance of an object.
3/26/2025 7:46:19 PM:DBManager:connection_data:Object reference not set to an instance of an object.
3/26/2025 7:46:19 PM:DBManager:connection_data:Object reference not set to an instance of an object.
3/26/2025 7:46:20 PM:DBManager:connection_data:Object reference not set to an instance of an object.
3/26/2025 7:46:20 PM:DBManager:connection_data:Object reference not set to an instance of an object.
3/26/2025 7:46:20 PM:DBManager:connection_data:Object reference not set to an instance of an object.
3/26/2025 7:46:20 PM:DBManager:connection_data:Object reference not set to an instance of an object.
3/26/2025 7:46:20 PM:DBManager:connection_data:Object reference not set to an instance of an object.
3/26/2025 7:46:20 PM:DBManager:connection_data:Object reference not set to an instance of an object.
3/26/2025 7:46:20 PM:DBManager:connection_data:Object reference not set to an instance of an object.
3/26/2025 7:46:20 PM:DBManager:connection_data:Object reference not set to an instance of an object.
3/26/2025 7:46:21 PM:DBManager:connection_data:Object reference not set to an instance of an object.
3/26/2025 7:46:21 PM:DBManager:connection_data:Object reference not set to an instance of an object.
3/26/2025 7:46:21 PM:DBManager:connection_data:Object reference not set to an instance of an object.
3/26/2025 7:46:21 PM:DBManager:connection_data:Object reference not set to an instance of an object.
3/26/2025 7:46:21 PM:DBManager:connection_data:Object reference not set to an instance of an object.
3/26/2025 7:46:21 PM:DBManager:connection_data:Object reference not set to an instance of an object.
3/26/2025 7:46:21 PM:DBManager:connection_data:Object reference not set to an instance of an object.
3/26/2025 7:46:21 PM:DBManager:connection_data:Object reference not set to an instance of an object.
3/26/2025 7:46:21 PM:DBManager:connection_data:Object reference not set to an instance of an object.
3/26/2025 7:46:21 PM:DBManager:connection_data:Object reference not set to an instance of an object.
3/26/2025 7:46:21 PM:DBManager:connection_data:Object reference not set to an instance of an object.
3/26/2025 7:46:21 PM:DBManager:connection_data:Object reference not set to an instance of an object.
3/26/2025 7:46:21 PM:DBManager:connection_data:Object reference not set to an instance of an object.
3/26/2025 7:46:21 PM:DBManager:connection_data:Object reference not set to an instance of an object.
3/26/2025 7:46:21 PM:DBManager:connection_data:Object reference not set to an instance of an object.
3/26/2025 7:46:21 PM:DBManager:connection_data:Object reference not set to an instance of an object.
3/26/2025 7:46:22 PM:DBManager:connection_data:Object reference not set to an instance of an object.
3/26/2025 7:46:22 PM:DBManager:connection_data:Object reference not set to an instance of an object.
3/26/2025 7:46:22 PM:DBManager:connection_data:Object reference not set to an instance of an object.
3/26/2025 7:46:22 PM:DBManager:connection_data:Object reference not set to an instance of an object.
3/26/2025 7:46:22 PM:DBManager:connection_data:Object reference not set to an instance of an object.
3/26/2025 7:46:22 PM:DBManager:connection_data:Object reference not set to an instance of an object.
3/26/2025 7:46:22 PM:DBManager:connection_data:Object reference not set to an instance of an object.
3/26/2025 7:46:22 PM:DBManager:connection_data:Object reference not set to an instance of an object.
3/26/2025 7:46:22 PM:DBManager:connection_data:Object reference not set to an instance of an object.
3/26/2025 7:46:22 PM:DBManager:connection_data:Object reference not set to an instance of an object.
3/26/2025 7:46:22 PM:DBManager:connection_data:Object reference not set to an instance of an object.
3/26/2025 7:46:22 PM:DBManager:connection_data:Object reference not set to an instance of an object.
3/26/2025 7:46:22 PM:DBManager:connection_data:Object reference not set to an instance of an object.
3/26/2025 7:46:22 PM:DBManager:connection_data:Object reference not set to an instance of an object.
3/26/2025 7:46:22 PM:DBManager:connection_data:Object reference not set to an instance of an object.
3/26/2025 7:46:22 PM:DBManager:connection_data:Object reference not set to an instance of an object.
3/26/2025 7:46:25 PM:DBManager:connection_data:Object reference not set to an instance of an object.
3/26/2025 7:46:25 PM:DBManager:connection_data:Object reference not set to an instance of an object.
26/03/2025 7:46:25 PM:POS_WS:CallMethod():Object reference not set to an instance of an object.
3/26/2025 7:46:26 PM:DBManager:connection_data:Object reference not set to an instance of an object.
3/26/2025 7:46:26 PM:DBManager:connection_data:Object reference not set to an instance of an object.
26/03/2025 7:46:26 PM:POS_WS:CallMethod():Object reference not set to an instance of an object.
3/26/2025 7:46:26 PM:DBManager:connection_data:Object reference not set to an instance of an object.
3/26/2025 7:46:26 PM:DBManager:connection_data:Object reference not set to an instance of an object.
26/03/2025 7:46:26 PM:POS_WS:CallMethod():Object reference not set to an instance of an object.
3/26/2025 7:46:27 PM:DBManager:connection_data:Object reference not set to an instance of an object.
3/26/2025 7:46:27 PM:DBManager:connection_data:Object reference not set to an instance of an object.
26/03/2025 7:46:27 PM:POS_WS:CallMethod():Object reference not set to an instance of an object.
3/26/2025 7:46:30 PM:DBManager:connection_data:Object reference not set to an instance of an object.
3/26/2025 7:46:30 PM:DBManager:connection_data:Object reference not set to an instance of an object.
3/26/2025 7:46:30 PM:DBManager:connection_data:Object reference not set to an instance of an object.
3/26/2025 7:46:30 PM:DBManager:connection_data:Object reference not set to an instance of an object.
3/26/2025 7:46:30 PM:DBManager:connection_data:Object reference not set to an instance of an object.
3/26/2025 7:46:30 PM:DBManager:connection_data:Object reference not set to an instance of an object.
3/26/2025 7:46:30 PM:DBManager:connection_data:Object reference not set to an instance of an object.
3/26/2025 7:46:30 PM:DBManager:connection_data:Object reference not set to an instance of an object.
3/26/2025 7:46:30 PM:DBManager:connection_data:Object reference not set to an instance of an object.
3/26/2025 7:46:30 PM:DBManager:connection_data:Object reference not set to an instance of an object.
3/26/2025 7:46:30 PM:DBManager:connection_data:Object reference not set to an instance of an object.
3/26/2025 7:46:30 PM:DBManager:connection_data:Object reference not set to an instance of an object.
3/26/2025 7:46:30 PM:DBManager:connection_data:Object reference not set to an instance of an object.
3/26/2025 7:46:30 PM:DBManager:connection_data:Object reference not set to an instance of an object.
3/26/2025 7:46:30 PM:DBManager:connection_data:Object reference not set to an instance of an object.
3/26/2025 7:46:30 PM:DBManager:connection_data:Object reference not set to an instance of an object.
3/26/2025 7:46:30 PM:DBManager:connection_data:Object reference not set to an instance of an object.
3/26/2025 7:46:30 PM:DBManager:connection_data:Object reference not set to an instance of an object.
3/26/2025 7:46:30 PM:DBManager:connection_data:Object reference not set to an instance of an object.
3/26/2025 7:46:30 PM:DBManager:connection_data:Object reference not set to an instance of an object.
3/26/2025 7:46:30 PM:DBManager:connection_data:Object reference not set to an instance of an object.
3/26/2025 7:46:30 PM:DBManager:connection_data:Object reference not set to an instance of an object.
3/26/2025 7:46:30 PM:DBManager:connection_data:Object reference not set to an instance of an object.
3/26/2025 7:46:30 PM:DBManager:connection_data:Object reference not set to an instance of an object.
3/26/2025 7:46:30 PM:DBManager:connection_data:Object reference not set to an instance of an object.
3/26/2025 7:46:30 PM:DBManager:connection_data:Object reference not set to an instance of an object.
3/26/2025 7:46:30 PM:DBManager:connection_data:Object reference not set to an instance of an object.
3/26/2025 7:46:30 PM:DBManager:connection_data:Object reference not set to an instance of an object.
3/26/2025 7:46:30 PM:DBManager:connection_data:Object reference not set to an instance of an object.
3/26/2025 7:46:30 PM:DBManager:connection_data:Object reference not set to an instance of an object.
3/26/2025 7:46:30 PM:DBManager:connection_data:Object reference not set to an instance of an object.
3/26/2025 7:46:30 PM:DBManager:connection_data:Object reference not set to an instance of an object.
3/26/2025 7:46:30 PM:DBManager:connection_data:Object reference not set to an instance of an object.
3/26/2025 7:46:30 PM:DBManager:connection_data:Object reference not set to an instance of an object.
3/26/2025 7:46:30 PM:DBManager:connection_data:Object reference not set to an instance of an object.
3/26/2025 7:46:30 PM:DBManager:connection_data:Object reference not set to an instance of an object.
3/26/2025 7:46:30 PM:DBManager:connection_data:Object reference not set to an instance of an object.
3/26/2025 7:46:30 PM:DBManager:connection_data:Object reference not set to an instance of an object.
3/26/2025 7:46:30 PM:DBManager:connection_data:Object reference not set to an instance of an object.
3/26/2025 7:46:30 PM:DBManager:connection_data:Object reference not set to an instance of an object.
3/26/2025 7:46:30 PM:DBManager:connection_data:Object reference not set to an instance of an object.
3/26/2025 7:46:30 PM:DBManager:connection_data:Object reference not set to an instance of an object.
3/26/2025 7:46:30 PM:DBManager:connection_data:Object reference not set to an instance of an object.
3/26/2025 7:46:30 PM:DBManager:connection_data:Object reference not set to an instance of an object.
3/26/2025 7:46:30 PM:DBManager:connection_data:Object reference not set to an instance of an object.
3/26/2025 7:46:30 PM:DBManager:connection_data:Object reference not set to an instance of an object.
3/26/2025 7:46:30 PM:DBManager:connection_data:Object reference not set to an instance of an object.
3/26/2025 7:46:30 PM:DBManager:connection_data:Object reference not set to an instance of an object.
3/26/2025 7:46:30 PM:DBManager:connection_data:Object reference not set to an instance of an object.
3/26/2025 7:46:30 PM:DBManager:connection_data:Object reference not set to an instance of an object.
3/26/2025 7:46:30 PM:DBManager:connection_data:Object reference not set to an instance of an object.
3/26/2025 7:46:30 PM:DBManager:connection_data:Object reference not set to an instance of an object.
3/26/2025 7:46:30 PM:DBManager:connection_data:Object reference not set to an instance of an object.
3/26/2025 7:46:30 PM:DBManager:connection_data:Object reference not set to an instance of an object.
3/26/2025 7:46:30 PM:DBManager:connection_data:Object reference not set to an instance of an object.
3/26/2025 7:46:30 PM:DBManager:connection_data:Object reference not set to an instance of an object.
3/26/2025 7:46:30 PM:DBManager:connection_data:Object reference not set to an instance of an object.
3/26/2025 7:46:30 PM:DBManager:connection_data:Object reference not set to an instance of an object.
3/26/2025 7:46:30 PM:DBManager:connection_data:Object reference not set to an instance of an object.
3/26/2025 7:46:30 PM:DBManager:connection_data:Object reference not set to an instance of an object.
3/26/2025 7:46:30 PM:DBManager:connection_data:Object reference not set to an instance of an object.
3/26/2025 7:46:30 PM:DBManager:connection_data:Object reference not set to an instance of an object.
3/26/2025 7:46:30 PM:DBManager:connection_data:Object reference not set to an instance of an object.
3/26/2025 7:46:30 PM:DBManager:connection_data:Object reference not set to an instance of an object.
3/26/2025 7:46:30 PM:DBManager:connection_data:Object reference not set to an instance of an object.
3/26/2025 7:46:30 PM:DBManager:connection_data:Object reference not set to an instance of an object.
3/26/2025 7:46:30 PM:DBManager:connection_data:Object reference not set to an instance of an object.
3/26/2025 7:46:30 PM:DBManager:connection_data:Object reference not set to an instance of an object.
3/26/2025 7:46:30 PM:DBManager:connection_data:Object reference not set to an instance of an object.
3/26/2025 7:46:30 PM:DBManager:connection_data:Object reference not set to an instance of an object.
3/26/2025 7:46:30 PM:DBManager:connection_data:Object reference not set to an instance of an object.
3/26/2025 7:46:30 PM:DBManager:connection_data:Object reference not set to an instance of an object.
3/26/2025 7:46:30 PM:DBManager:connection_data:Object reference not set to an instance of an object.
3/26/2025 7:46:30 PM:DBManager:connection_data:Object reference not set to an instance of an object.
3/26/2025 7:46:30 PM:DBManager:connection_data:Object reference not set to an instance of an object.
3/26/2025 7:46:30 PM:DBManager:connection_data:Object reference not set to an instance of an object.
3/26/2025 7:46:30 PM:DBManager:connection_data:Object reference not set to an instance of an object.
3/26/2025 7:46:30 PM:DBManager:connection_data:Object reference not set to an instance of an object.
3/26/2025 7:46:30 PM:DBManager:connection_data:Object reference not set to an instance of an object.
3/26/2025 7:46:30 PM:DBManager:connection_data:Object reference not set to an instance of an object.
26/03/2025 7:46:30 PM:MasterPage:Page_Init:Thread was being aborted.
3/26/2025 7:46:30 PM:DBManager:connection_data:Object reference not set to an instance of an object.
3/26/2025 7:46:30 PM:DBManager:connection_data:Object reference not set to an instance of an object.
3/26/2025 7:46:30 PM:DBManager:connection_data:Object reference not set to an instance of an object.
26/03/2025 7:46:30 PM:SignIn:btnLogIn_Click:test
3/26/2025 7:46:33 PM:DBManager:connection_data:Object reference not set to an instance of an object.
3/26/2025 7:46:33 PM:DBManager:connection_data:Object reference not set to an instance of an object.
3/26/2025 7:46:33 PM:DBManager:connection_data:Object reference not set to an instance of an object.
3/26/2025 7:46:33 PM:DBManager:connection_data:Object reference not set to an instance of an object.
3/26/2025 7:46:33 PM:DBManager:connection_data:Object reference not set to an instance of an object.
3/26/2025 7:46:33 PM:DBManager:connection_data:Object reference not set to an instance of an object.
3/26/2025 7:46:33 PM:DBManager:connection_data:Object reference not set to an instance of an object.
3/26/2025 7:46:33 PM:DBManager:connection_data:Object reference not set to an instance of an object.
3/26/2025 7:46:34 PM:DBManager:connection_data:Object reference not set to an instance of an object.
3/26/2025 7:46:34 PM:DBManager:connection_data:Object reference not set to an instance of an object.
3/26/2025 7:46:34 PM:DBManager:connection_data:Object reference not set to an instance of an object.
3/26/2025 7:46:34 PM:DBManager:connection_data:Object reference not set to an instance of an object.
3/26/2025 7:46:34 PM:DBManager:connection_data:Object reference not set to an instance of an object.
3/26/2025 7:46:34 PM:DBManager:connection_data:Object reference not set to an instance of an object.
3/26/2025 7:46:34 PM:DBManager:connection_data:Object reference not set to an instance of an object.
3/26/2025 7:46:34 PM:DBManager:connection_data:Object reference not set to an instance of an object.
3/26/2025 7:46:34 PM:DBManager:connection_data:Object reference not set to an instance of an object.
3/26/2025 7:46:34 PM:DBManager:connection_data:Object reference not set to an instance of an object.
3/26/2025 7:46:34 PM:DBManager:connection_data:Object reference not set to an instance of an object.
3/26/2025 7:46:34 PM:DBManager:connection_data:Object reference not set to an instance of an object.
3/26/2025 7:46:34 PM:DBManager:connection_data:Object reference not set to an instance of an object.
3/26/2025 7:46:34 PM:DBManager:connection_data:Object reference not set to an instance of an object.
3/26/2025 7:46:34 PM:DBManager:connection_data:Object reference not set to an instance of an object.
3/26/2025 7:46:34 PM:DBManager:connection_data:Object reference not set to an instance of an object.
3/26/2025 7:46:39 PM:DBManager:connection_data:Object reference not set to an instance of an object.
3/26/2025 7:46:39 PM:DBManager:connection_data:Object reference not set to an instance of an object.
3/26/2025 7:46:39 PM:DBManager:connection_data:Object reference not set to an instance of an object.
3/26/2025 7:46:39 PM:DBManager:connection_data:Object reference not set to an instance of an object.
3/26/2025 7:46:39 PM:DBManager:connection_data:Object reference not set to an instance of an object.
3/26/2025 7:46:39 PM:DBManager:connection_data:Object reference not set to an instance of an object.
3/26/2025 7:46:39 PM:DBManager:connection_data:Object reference not set to an instance of an object.
3/26/2025 7:46:39 PM:DBManager:connection_data:Object reference not set to an instance of an object.
3/26/2025 7:46:39 PM:DBManager:connection_data:Object reference not set to an instance of an object.
3/26/2025 7:46:40 PM:DBManager:connection_data:Object reference not set to an instance of an object.
3/26/2025 7:46:40 PM:DBManager:connection_data:Object reference not set to an instance of an object.
3/26/2025 7:46:40 PM:DBManager:connection_data:Object reference not set to an instance of an object.
3/26/2025 7:46:40 PM:DBManager:connection_data:Object reference not set to an instance of an object.
3/26/2025 7:46:40 PM:DBManager:connection_data:Object reference not set to an instance of an object.
3/26/2025 7:46:40 PM:DBManager:connection_data:Object reference not set to an instance of an object.
3/26/2025 7:46:40 PM:DBManager:connection_data:Object reference not set to an instance of an object.
3/26/2025 7:46:40 PM:DBManager:connection_data:Object reference not set to an instance of an object.
3/26/2025 7:46:40 PM:DBManager:connection_data:Object reference not set to an instance of an object.
3/26/2025 7:46:40 PM:DBManager:connection_data:Object reference not set to an instance of an object.
3/26/2025 7:46:40 PM:DBManager:connection_data:Object reference not set to an instance of an object.
3/26/2025 7:46:40 PM:DBManager:connection_data:Object reference not set to an instance of an object.
3/26/2025 7:46:40 PM:DBManager:connection_data:Object reference not set to an instance of an object.
3/26/2025 7:46:40 PM:DBManager:connection_data:Object reference not set to an instance of an object.
3/26/2025 7:46:40 PM:DBManager:connection_data:Object reference not set to an instance of an object.
3/26/2025 7:46:40 PM:DBManager:connection_data:Object reference not set to an instance of an object.
3/26/2025 7:46:40 PM:DBManager:connection_data:Object reference not set to an instance of an object.
3/26/2025 7:46:40 PM:DBManager:connection_data:Object reference not set to an instance of an object.
3/26/2025 7:46:40 PM:DBManager:connection_data:Object reference not set to an instance of an object.
3/26/2025 7:46:40 PM:DBManager:connection_data:Object reference not set to an instance of an object.
3/26/2025 7:46:40 PM:DBManager:connection_data:Object reference not set to an instance of an object.
3/26/2025 7:46:40 PM:DBManager:connection_data:Object reference not set to an instance of an object.
3/26/2025 7:46:40 PM:DBManager:connection_data:Object reference not set to an instance of an object.
3/26/2025 7:46:40 PM:DBManager:connection_data:Object reference not set to an instance of an object.
3/26/2025 7:46:40 PM:DBManager:connection_data:Object reference not set to an instance of an object.
3/26/2025 7:46:40 PM:DBManager:connection_data:Object reference not set to an instance of an object.
3/26/2025 7:46:40 PM:DBManager:connection_data:Object reference not set to an instance of an object.
3/26/2025 7:46:40 PM:DBManager:connection_data:Object reference not set to an instance of an object.
3/26/2025 7:46:40 PM:DBManager:connection_data:Object reference not set to an instance of an object.
3/26/2025 7:46:40 PM:DBManager:connection_data:Object reference not set to an instance of an object.
3/26/2025 7:46:40 PM:DBManager:connection_data:Object reference not set to an instance of an object.
3/26/2025 7:46:40 PM:DBManager:connection_data:Object reference not set to an instance of an object.
3/26/2025 7:46:40 PM:DBManager:connection_data:Object reference not set to an instance of an object.
3/26/2025 7:46:40 PM:DBManager:connection_data:Object reference not set to an instance of an object.
3/26/2025 7:46:40 PM:DBManager:connection_data:Object reference not set to an instance of an object.
3/26/2025 7:46:40 PM:DBManager:connection_data:Object reference not set to an instance of an object.
3/26/2025 7:46:40 PM:DBManager:connection_data:Object reference not set to an instance of an object.
3/26/2025 7:46:40 PM:DBManager:connection_data:Object reference not set to an instance of an object.
3/26/2025 7:46:40 PM:DBManager:connection_data:Object reference not set to an instance of an object.
3/26/2025 7:46:40 PM:DBManager:connection_data:Object reference not set to an instance of an object.
3/26/2025 7:46:40 PM:DBManager:connection_data:Object reference not set to an instance of an object.
3/26/2025 7:46:40 PM:DBManager:connection_data:Object reference not set to an instance of an object.
3/26/2025 7:46:40 PM:DBManager:connection_data:Object reference not set to an instance of an object.
3/26/2025 7:46:40 PM:DBManager:connection_data:Object reference not set to an instance of an object.
3/26/2025 7:46:40 PM:DBManager:connection_data:Object reference not set to an instance of an object.
3/26/2025 7:46:40 PM:DBManager:connection_data:Object reference not set to an instance of an object.
3/26/2025 7:46:40 PM:DBManager:connection_data:Object reference not set to an instance of an object.
3/26/2025 7:46:40 PM:DBManager:connection_data:Object reference not set to an instance of an object.
3/26/2025 7:46:40 PM:DBManager:connection_data:Object reference not set to an instance of an object.
3/26/2025 7:46:40 PM:DBManager:connection_data:Object reference not set to an instance of an object.
3/26/2025 7:46:40 PM:DBManager:connection_data:Object reference not set to an instance of an object.
3/26/2025 7:46:40 PM:DBManager:connection_data:Object reference not set to an instance of an object.
3/26/2025 7:46:40 PM:DBManager:connection_data:Object reference not set to an instance of an object.
3/26/2025 7:46:40 PM:DBManager:connection_data:Object reference not set to an instance of an object.
3/26/2025 7:46:40 PM:DBManager:connection_data:Object reference not set to an instance of an object.
3/26/2025 7:46:41 PM:DBManager:connection_data:Object reference not set to an instance of an object.
3/26/2025 7:46:41 PM:DBManager:connection_data:Object reference not set to an instance of an object.
3/26/2025 7:46:41 PM:DBManager:connection_data:Object reference not set to an instance of an object.
3/26/2025 7:46:41 PM:DBManager:connection_data:Object reference not set to an instance of an object.
3/26/2025 7:46:41 PM:DBManager:connection_data:Object reference not set to an instance of an object.
3/26/2025 7:46:41 PM:DBManager:connection_data:Object reference not set to an instance of an object.
3/26/2025 7:46:41 PM:DBManager:connection_data:Object reference not set to an instance of an object.
3/26/2025 7:46:41 PM:DBManager:connection_data:Object reference not set to an instance of an object.
3/26/2025 7:46:41 PM:DBManager:connection_data:Object reference not set to an instance of an object.
3/26/2025 7:46:41 PM:DBManager:connection_data:Object reference not set to an instance of an object.
3/26/2025 7:46:41 PM:DBManager:connection_data:Object reference not set to an instance of an object.
3/26/2025 7:46:41 PM:DBManager:connection_data:Object reference not set to an instance of an object.
3/26/2025 7:46:41 PM:DBManager:connection_data:Object reference not set to an instance of an object.
3/26/2025 7:46:41 PM:DBManager:connection_data:Object reference not set to an instance of an object.
3/26/2025 7:46:41 PM:DBManager:connection_data:Object reference not set to an instance of an object.
3/26/2025 7:46:41 PM:DBManager:connection_data:Object reference not set to an instance of an object.
26/03/2025 7:46:41 PM:MasterPage:Page_Init:Thread was being aborted.
3/26/2025 7:46:41 PM:DBManager:connection_data:Object reference not set to an instance of an object.
3/26/2025 7:46:41 PM:DBManager:connection_data:Object reference not set to an instance of an object.
3/26/2025 7:46:41 PM:DBManager:connection_data:Object reference not set to an instance of an object.
26/03/2025 7:46:41 PM:SignIn:btnLogIn_Click:test
3/26/2025 7:46:48 PM:DBManager:connection_data:Object reference not set to an instance of an object.
3/26/2025 7:46:48 PM:DBManager:connection_data:Object reference not set to an instance of an object.
3/26/2025 7:46:53 PM:DBManager:connection_data:Object reference not set to an instance of an object.
3/26/2025 7:46:53 PM:DBManager:connection_data:Object reference not set to an instance of an object.
26/03/2025 7:50:00 PM:POS_WS:CallMethod():The request channel timed out while waiting for a reply after 00:01:00. Increase the timeout value passed to the call to Request or increase the SendTimeout value on the Binding. The time allotted to this operation may have been a portion of a longer timeout.
3/26/2025 7:53:26 PM:DBManager:connection_data:Object reference not set to an instance of an object.
3/26/2025 7:53:26 PM:DBManager:connection_data:Object reference not set to an instance of an object.
3/26/2025 7:53:35 PM:DBManager:connection_data:Object reference not set to an instance of an object.
3/26/2025 7:53:38 PM:DBManager:connection_data:Object reference not set to an instance of an object.
3/26/2025 7:53:44 PM:DBManager:connection_data:Object reference not set to an instance of an object.
3/26/2025 7:53:48 PM:DBManager:connection_data:Object reference not set to an instance of an object.
3/26/2025 7:53:53 PM:DBManager:connection_data:Object reference not set to an instance of an object.
3/26/2025 7:53:57 PM:DBManager:connection_data:Object reference not set to an instance of an object.
26/03/2025 8:44:36 PM:POS_WS:CallMethod():The request channel timed out while waiting for a reply after 00:01:00. Increase the timeout value passed to the call to Request or increase the SendTimeout value on the Binding. The time allotted to this operation may have been a portion of a longer timeout.
3/26/2025 8:44:45 PM:DBManager:connection_data:Object reference not set to an instance of an object.
3/26/2025 8:44:45 PM:DBManager:connection_data:Object reference not set to an instance of an object.
3/26/2025 8:44:46 PM:DBManager:connection_data:Object reference not set to an instance of an object.
3/26/2025 8:44:46 PM:DBManager:connection_data:Object reference not set to an instance of an object.
3/26/2025 8:44:56 PM:DBManager:connection_data:Object reference not set to an instance of an object.
3/26/2025 8:44:56 PM:DBManager:connection_data:Object reference not set to an instance of an object.
3/26/2025 8:44:56 PM:DBManager:connection_data:Object reference not set to an instance of an object.
3/26/2025 8:44:57 PM:DBManager:connection_data:Object reference not set to an instance of an object.
26/03/2025 8:44:57 PM:POS_WS:CallMethod65():0 :: Invalid UserName or Password
3/26/2025 8:48:41 PM:DBManager:connection_data:Object reference not set to an instance of an object.
3/26/2025 8:48:41 PM:DBManager:connection_data:Object reference not set to an instance of an object.
26/03/2025 8:48:41 PM:POS_WS:CallMethod():String was not recognized as a valid DateTime.
3/26/2025 8:49:09 PM:DBManager:connection_data:Object reference not set to an instance of an object.
3/26/2025 8:49:09 PM:DBManager:connection_data:Object reference not set to an instance of an object.
3/26/2025 8:49:09 PM:DBManager:connection_data:Object reference not set to an instance of an object.
3/26/2025 8:49:09 PM:DBManager:connection_data:Object reference not set to an instance of an object.
3/26/2025 8:51:44 PM:DBManager:connection_data:Object reference not set to an instance of an object.
3/26/2025 8:51:44 PM:DBManager:connection_data:Object reference not set to an instance of an object.
3/26/2025 8:51:45 PM:DBManager:connection_data:Object reference not set to an instance of an object.
3/26/2025 8:51:45 PM:DBManager:connection_data:Object reference not set to an instance of an object.
3/26/2025 8:51:59 PM:DBManager:connection_data:Object reference not set to an instance of an object.
3/26/2025 8:52:00 PM:DBManager:connection_data:Object reference not set to an instance of an object.
26/03/2025 8:52:00 PM:POS_WS:CallMethod():String was not recognized as a valid DateTime.
3/26/2025 9:00:23 PM:DBManager:connection_data:Object reference not set to an instance of an object.
3/26/2025 9:00:24 PM:DBManager:connection_data:Object reference not set to an instance of an object.
3/26/2025 9:00:24 PM:DBManager:connection_data:Object reference not set to an instance of an object.
3/26/2025 9:00:24 PM:DBManager:connection_data:Object reference not set to an instance of an object.
3/26/2025 9:00:34 PM:DBManager:connection_data:Object reference not set to an instance of an object.
3/26/2025 9:00:34 PM:DBManager:connection_data:Object reference not set to an instance of an object.
3/26/2025 9:00:34 PM:DBManager:connection_data:Object reference not set to an instance of an object.
3/26/2025 9:00:35 PM:DBManager:connection_data:Object reference not set to an instance of an object.
3/26/2025 9:02:20 PM:DBManager:connection_data:Object reference not set to an instance of an object.
3/26/2025 9:02:23 PM:DBManager:connection_data:Object reference not set to an instance of an object.
3/26/2025 9:02:34 PM:DBManager:connection_data:Object reference not set to an instance of an object.
3/26/2025 9:02:38 PM:DBManager:connection_data:Object reference not set to an instance of an object.
3/26/2025 9:13:23 PM:DBManager:connection_data:Object reference not set to an instance of an object.
3/26/2025 9:13:24 PM:DBManager:connection_data:Object reference not set to an instance of an object.
26/03/2025 9:13:24 PM:POS_WS:CallMethod():The request channel timed out while waiting for a reply after 00:00:59.9990034. Increase the timeout value passed to the call to Request or increase the SendTimeout value on the Binding. The time allotted to this operation may have been a portion of a longer timeout.
3/26/2025 9:13:24 PM:DBManager:connection_data:Object reference not set to an instance of an object.
3/26/2025 9:13:24 PM:DBManager:connection_data:Object reference not set to an instance of an object.
3/26/2025 9:13:47 PM:DBManager:connection_data:Object reference not set to an instance of an object.
3/26/2025 9:13:47 PM:DBManager:connection_data:Object reference not set to an instance of an object.
3/26/2025 9:13:49 PM:DBManager:connection_data:Object reference not set to an instance of an object.
3/26/2025 9:13:49 PM:DBManager:connection_data:Object reference not set to an instance of an object.
