16-08-2023 20:13:47:DBManager:connection_data:Object reference not set to an instance of an object.
16-08-2023 20:13:47:DBManager:connection_data:Object reference not set to an instance of an object.
16-08-2023 20:13:47:DBManager:connection_data:Object reference not set to an instance of an object.
16/08/2023 8:13:48 PM:MasterPage:Page_Init:Thread was being aborted.
16-08-2023 20:13:48:DBManager:connection_data:Object reference not set to an instance of an object.
16-08-2023 20:13:48:DBManager:connection_data:Object reference not set to an instance of an object.
16-08-2023 20:13:48:DBManager:connection_data:Object reference not set to an instance of an object.
16/08/2023 8:13:48 PM:SignIn:btnLogIn_Click:test
16-08-2023 20:13:55:DBManager:connection_data:Object reference not set to an instance of an object.
16-08-2023 20:13:55:DBManager:connection_data:Object reference not set to an instance of an object.
16-08-2023 20:13:55:DBManager:connection_data:Object reference not set to an instance of an object.
16/08/2023 8:13:55 PM:SignIn:btnLogIn_Click:test
16/08/2023 8:13:55 PM:SignIn:btnLogIn_Click4:
16/08/2023 8:13:55 PM:SignIn:btnLogIn_Click5:
16/08/2023 8:13:55 PM:SignIn:btnLogIn_Click7:
16/08/2023 8:13:55 PM:SignIn:btnLogIn_Click8:
16/08/2023 8:13:55 PM:ClsDataccess:Getdatatable:The ConnectionString property has not been initialized.
16-08-2023 20:13:56:DBManager:connection_data:Object reference not set to an instance of an object.
16-08-2023 20:13:56:DBManager:connection_data:Object reference not set to an instance of an object.
16-08-2023 20:13:56:DBManager:connection_data:Object reference not set to an instance of an object.
16-08-2023 20:13:56:DBManager:connection_data:Object reference not set to an instance of an object.
16-08-2023 20:13:56:DBManager:connection_data:Object reference not set to an instance of an object.
16-08-2023 20:13:56:DBManager:connection_data:Object reference not set to an instance of an object.
16-08-2023 20:13:56:DBManager:connection_data:Object reference not set to an instance of an object.
16-08-2023 20:13:56:DBManager:connection_data:Object reference not set to an instance of an object.
16-08-2023 20:13:56:DBManager:connection_data:Object reference not set to an instance of an object.
16-08-2023 20:13:56:DBManager:connection_data:Object reference not set to an instance of an object.
16-08-2023 20:13:56:DBManager:connection_data:Object reference not set to an instance of an object.
16-08-2023 20:13:56:DBManager:connection_data:Object reference not set to an instance of an object.
16-08-2023 20:13:56:DBManager:connection_data:Object reference not set to an instance of an object.
16-08-2023 20:13:56:DBManager:connection_data:Object reference not set to an instance of an object.
16-08-2023 20:13:56:DBManager:connection_data:Object reference not set to an instance of an object.
16-08-2023 20:13:56:DBManager:connection_data:Object reference not set to an instance of an object.
16-08-2023 20:13:56:DBManager:connection_data:Object reference not set to an instance of an object.
16-08-2023 20:13:56:DBManager:connection_data:Object reference not set to an instance of an object.
16-08-2023 20:13:56:DBManager:connection_data:Object reference not set to an instance of an object.
16-08-2023 20:13:56:DBManager:connection_data:Object reference not set to an instance of an object.
16-08-2023 20:13:56:DBManager:connection_data:Object reference not set to an instance of an object.
16-08-2023 20:13:56:DBManager:connection_data:Object reference not set to an instance of an object.
16-08-2023 20:13:56:DBManager:connection_data:Object reference not set to an instance of an object.
16-08-2023 20:13:56:DBManager:connection_data:Object reference not set to an instance of an object.
16-08-2023 20:13:56:DBManager:connection_data:Object reference not set to an instance of an object.
16-08-2023 20:13:56:DBManager:connection_data:Object reference not set to an instance of an object.
16-08-2023 20:13:56:DBManager:connection_data:Object reference not set to an instance of an object.
16-08-2023 20:13:56:DBManager:connection_data:Object reference not set to an instance of an object.
16-08-2023 20:13:56:DBManager:connection_data:Object reference not set to an instance of an object.
16-08-2023 20:13:56:DBManager:connection_data:Object reference not set to an instance of an object.
16-08-2023 20:13:56:DBManager:connection_data:Object reference not set to an instance of an object.
16-08-2023 20:13:56:DBManager:connection_data:Object reference not set to an instance of an object.
16-08-2023 20:13:56:DBManager:connection_data:Object reference not set to an instance of an object.
16-08-2023 20:13:56:DBManager:connection_data:Object reference not set to an instance of an object.
16-08-2023 20:13:56:DBManager:connection_data:Object reference not set to an instance of an object.
16-08-2023 20:13:56:DBManager:connection_data:Object reference not set to an instance of an object.
16-08-2023 20:13:56:DBManager:connection_data:Object reference not set to an instance of an object.
16-08-2023 20:13:56:DBManager:connection_data:Object reference not set to an instance of an object.
16-08-2023 20:13:56:DBManager:connection_data:Object reference not set to an instance of an object.
16-08-2023 20:13:56:DBManager:connection_data:Object reference not set to an instance of an object.
16-08-2023 20:13:56:DBManager:connection_data:Object reference not set to an instance of an object.
16-08-2023 20:13:56:DBManager:connection_data:Object reference not set to an instance of an object.
16-08-2023 20:13:56:DBManager:connection_data:Object reference not set to an instance of an object.
16-08-2023 20:13:56:DBManager:connection_data:Object reference not set to an instance of an object.
16-08-2023 20:13:56:DBManager:connection_data:Object reference not set to an instance of an object.
16-08-2023 20:13:56:DBManager:connection_data:Object reference not set to an instance of an object.
16-08-2023 20:13:56:DBManager:connection_data:Object reference not set to an instance of an object.
16-08-2023 20:13:56:DBManager:connection_data:Object reference not set to an instance of an object.
16-08-2023 20:13:56:DBManager:connection_data:Object reference not set to an instance of an object.
16-08-2023 20:13:56:DBManager:connection_data:Object reference not set to an instance of an object.
16-08-2023 20:13:56:DBManager:connection_data:Object reference not set to an instance of an object.
16-08-2023 20:13:56:DBManager:connection_data:Object reference not set to an instance of an object.
16-08-2023 20:13:56:DBManager:connection_data:Object reference not set to an instance of an object.
16-08-2023 20:13:56:DBManager:connection_data:Object reference not set to an instance of an object.
16-08-2023 20:13:56:DBManager:connection_data:Object reference not set to an instance of an object.
16-08-2023 20:13:56:DBManager:connection_data:Object reference not set to an instance of an object.
16-08-2023 20:13:56:DBManager:connection_data:Object reference not set to an instance of an object.
16-08-2023 20:13:56:DBManager:connection_data:Object reference not set to an instance of an object.
16-08-2023 20:13:56:DBManager:connection_data:Object reference not set to an instance of an object.
16-08-2023 20:13:56:DBManager:connection_data:Object reference not set to an instance of an object.
16-08-2023 20:13:56:DBManager:connection_data:Object reference not set to an instance of an object.
16-08-2023 20:13:56:DBManager:connection_data:Object reference not set to an instance of an object.
16-08-2023 20:13:56:DBManager:connection_data:Object reference not set to an instance of an object.
16-08-2023 20:13:56:DBManager:connection_data:Object reference not set to an instance of an object.
16-08-2023 20:13:56:DBManager:connection_data:Object reference not set to an instance of an object.
16-08-2023 20:13:56:DBManager:connection_data:Object reference not set to an instance of an object.
16-08-2023 20:13:56:DBManager:connection_data:Object reference not set to an instance of an object.
16-08-2023 20:13:56:DBManager:connection_data:Object reference not set to an instance of an object.
16-08-2023 20:13:56:DBManager:connection_data:Object reference not set to an instance of an object.
16-08-2023 20:13:56:DBManager:connection_data:Object reference not set to an instance of an object.
16-08-2023 20:13:56:DBManager:connection_data:Object reference not set to an instance of an object.
16-08-2023 20:13:56:DBManager:connection_data:Object reference not set to an instance of an object.
16-08-2023 20:13:56:DBManager:connection_data:Object reference not set to an instance of an object.
16-08-2023 20:13:56:DBManager:connection_data:Object reference not set to an instance of an object.
16-08-2023 20:13:56:DBManager:connection_data:Object reference not set to an instance of an object.
16-08-2023 20:13:56:DBManager:connection_data:Object reference not set to an instance of an object.
16-08-2023 20:13:56:DBManager:connection_data:Object reference not set to an instance of an object.
16/08/2023 8:14:26 PM:Page_Load:till_report:Execution Timeout Expired.  The timeout period elapsed prior to completion of the operation or the server is not responding.
16-08-2023 20:31:16:DBManager:connection_data:Object reference not set to an instance of an object.
16-08-2023 20:31:16:DBManager:connection_data:Object reference not set to an instance of an object.
16-08-2023 20:31:16:DBManager:connection_data:Object reference not set to an instance of an object.
16-08-2023 20:31:16:DBManager:connection_data:Object reference not set to an instance of an object.
16-08-2023 20:31:16:DBManager:connection_data:Object reference not set to an instance of an object.
16-08-2023 20:31:16:DBManager:connection_data:Object reference not set to an instance of an object.
16-08-2023 20:31:16:DBManager:connection_data:Object reference not set to an instance of an object.
16-08-2023 20:31:16:DBManager:connection_data:Object reference not set to an instance of an object.
16-08-2023 20:31:16:DBManager:connection_data:Object reference not set to an instance of an object.
16-08-2023 20:31:16:DBManager:connection_data:Object reference not set to an instance of an object.
16-08-2023 20:31:16:DBManager:connection_data:Object reference not set to an instance of an object.
16-08-2023 20:31:16:DBManager:connection_data:Object reference not set to an instance of an object.
16-08-2023 20:31:16:DBManager:connection_data:Object reference not set to an instance of an object.
16-08-2023 20:31:16:DBManager:connection_data:Object reference not set to an instance of an object.
16-08-2023 20:31:16:DBManager:connection_data:Object reference not set to an instance of an object.
16-08-2023 20:31:16:DBManager:connection_data:Object reference not set to an instance of an object.
16-08-2023 20:31:16:DBManager:connection_data:Object reference not set to an instance of an object.
16-08-2023 20:31:16:DBManager:connection_data:Object reference not set to an instance of an object.
16-08-2023 20:31:16:DBManager:connection_data:Object reference not set to an instance of an object.
16-08-2023 20:31:16:DBManager:connection_data:Object reference not set to an instance of an object.
16-08-2023 20:31:16:DBManager:connection_data:Object reference not set to an instance of an object.
16-08-2023 20:31:16:DBManager:connection_data:Object reference not set to an instance of an object.
16-08-2023 20:31:16:DBManager:connection_data:Object reference not set to an instance of an object.
16-08-2023 20:31:16:DBManager:connection_data:Object reference not set to an instance of an object.
16-08-2023 20:31:16:DBManager:connection_data:Object reference not set to an instance of an object.
16-08-2023 20:31:16:DBManager:connection_data:Object reference not set to an instance of an object.
16-08-2023 20:31:16:DBManager:connection_data:Object reference not set to an instance of an object.
16-08-2023 20:31:16:DBManager:connection_data:Object reference not set to an instance of an object.
16-08-2023 20:31:16:DBManager:connection_data:Object reference not set to an instance of an object.
16-08-2023 20:31:16:DBManager:connection_data:Object reference not set to an instance of an object.
16-08-2023 20:31:16:DBManager:connection_data:Object reference not set to an instance of an object.
16-08-2023 20:31:16:DBManager:connection_data:Object reference not set to an instance of an object.
16-08-2023 20:31:16:DBManager:connection_data:Object reference not set to an instance of an object.
16-08-2023 20:31:16:DBManager:connection_data:Object reference not set to an instance of an object.
16-08-2023 20:31:16:DBManager:connection_data:Object reference not set to an instance of an object.
16-08-2023 20:31:16:DBManager:connection_data:Object reference not set to an instance of an object.
16-08-2023 20:31:16:DBManager:connection_data:Object reference not set to an instance of an object.
16-08-2023 20:31:16:DBManager:connection_data:Object reference not set to an instance of an object.
16-08-2023 20:31:16:DBManager:connection_data:Object reference not set to an instance of an object.
16-08-2023 20:31:16:DBManager:connection_data:Object reference not set to an instance of an object.
16-08-2023 20:31:16:DBManager:connection_data:Object reference not set to an instance of an object.
16-08-2023 20:31:16:DBManager:connection_data:Object reference not set to an instance of an object.
16-08-2023 20:31:16:DBManager:connection_data:Object reference not set to an instance of an object.
16-08-2023 20:31:16:DBManager:connection_data:Object reference not set to an instance of an object.
16-08-2023 20:31:16:DBManager:connection_data:Object reference not set to an instance of an object.
16-08-2023 20:31:16:DBManager:connection_data:Object reference not set to an instance of an object.
16-08-2023 20:31:16:DBManager:connection_data:Object reference not set to an instance of an object.
16-08-2023 20:31:16:DBManager:connection_data:Object reference not set to an instance of an object.
16-08-2023 20:31:16:DBManager:connection_data:Object reference not set to an instance of an object.
16-08-2023 20:31:16:DBManager:connection_data:Object reference not set to an instance of an object.
16-08-2023 20:31:16:DBManager:connection_data:Object reference not set to an instance of an object.
16-08-2023 20:31:16:DBManager:connection_data:Object reference not set to an instance of an object.
16-08-2023 20:31:16:DBManager:connection_data:Object reference not set to an instance of an object.
16-08-2023 20:31:16:DBManager:connection_data:Object reference not set to an instance of an object.
16-08-2023 20:31:16:DBManager:connection_data:Object reference not set to an instance of an object.
16-08-2023 20:31:16:DBManager:connection_data:Object reference not set to an instance of an object.
16-08-2023 20:31:16:DBManager:connection_data:Object reference not set to an instance of an object.
16-08-2023 20:31:16:DBManager:connection_data:Object reference not set to an instance of an object.
16-08-2023 20:31:16:DBManager:connection_data:Object reference not set to an instance of an object.
16-08-2023 20:31:16:DBManager:connection_data:Object reference not set to an instance of an object.
16-08-2023 20:31:16:DBManager:connection_data:Object reference not set to an instance of an object.
16-08-2023 20:31:16:DBManager:connection_data:Object reference not set to an instance of an object.
16-08-2023 20:31:16:DBManager:connection_data:Object reference not set to an instance of an object.
16-08-2023 20:31:16:DBManager:connection_data:Object reference not set to an instance of an object.
16-08-2023 20:31:16:DBManager:connection_data:Object reference not set to an instance of an object.
16-08-2023 20:31:16:DBManager:connection_data:Object reference not set to an instance of an object.
16-08-2023 20:31:16:DBManager:connection_data:Object reference not set to an instance of an object.
16-08-2023 20:31:16:DBManager:connection_data:Object reference not set to an instance of an object.
16-08-2023 20:31:16:DBManager:connection_data:Object reference not set to an instance of an object.
16-08-2023 20:31:16:DBManager:connection_data:Object reference not set to an instance of an object.
16-08-2023 20:31:16:DBManager:connection_data:Object reference not set to an instance of an object.
16-08-2023 20:31:16:DBManager:connection_data:Object reference not set to an instance of an object.
16-08-2023 20:31:16:DBManager:connection_data:Object reference not set to an instance of an object.
16-08-2023 20:31:16:DBManager:connection_data:Object reference not set to an instance of an object.
16-08-2023 20:31:16:DBManager:connection_data:Object reference not set to an instance of an object.
16-08-2023 20:31:16:DBManager:connection_data:Object reference not set to an instance of an object.
16-08-2023 20:31:16:DBManager:connection_data:Object reference not set to an instance of an object.
16-08-2023 20:31:16:DBManager:connection_data:Object reference not set to an instance of an object.
16-08-2023 20:31:16:DBManager:connection_data:Object reference not set to an instance of an object.
16-08-2023 20:31:16:DBManager:connection_data:Object reference not set to an instance of an object.
16-08-2023 20:31:16:DBManager:connection_data:Object reference not set to an instance of an object.
16-08-2023 20:31:16:DBManager:connection_data:Object reference not set to an instance of an object.
16-08-2023 20:31:16:DBManager:connection_data:Object reference not set to an instance of an object.
16-08-2023 20:31:16:DBManager:connection_data:Object reference not set to an instance of an object.
16-08-2023 20:31:16:DBManager:connection_data:Object reference not set to an instance of an object.
16-08-2023 20:31:16:DBManager:connection_data:Object reference not set to an instance of an object.
16-08-2023 20:31:16:DBManager:connection_data:Object reference not set to an instance of an object.
16-08-2023 20:31:16:DBManager:connection_data:Object reference not set to an instance of an object.
16/08/2023 8:31:16 PM:ClsSessionManager:CreateSessionDT:Conversion from type 'DataTable' to type 'String' is not valid.
16-08-2023 20:37:15:DBManager:connection_data:Object reference not set to an instance of an object.
16-08-2023 20:37:15:DBManager:connection_data:Object reference not set to an instance of an object.
16-08-2023 20:37:15:DBManager:connection_data:Object reference not set to an instance of an object.
16-08-2023 20:37:15:DBManager:connection_data:Object reference not set to an instance of an object.
16-08-2023 20:37:15:DBManager:connection_data:Object reference not set to an instance of an object.
16-08-2023 20:37:15:DBManager:connection_data:Object reference not set to an instance of an object.
16-08-2023 20:37:15:DBManager:connection_data:Object reference not set to an instance of an object.
16-08-2023 20:37:15:DBManager:connection_data:Object reference not set to an instance of an object.
16-08-2023 20:37:15:DBManager:connection_data:Object reference not set to an instance of an object.
16-08-2023 20:37:15:DBManager:connection_data:Object reference not set to an instance of an object.
16-08-2023 20:37:15:DBManager:connection_data:Object reference not set to an instance of an object.
16-08-2023 20:37:15:DBManager:connection_data:Object reference not set to an instance of an object.
16-08-2023 20:37:15:DBManager:connection_data:Object reference not set to an instance of an object.
16-08-2023 20:37:15:DBManager:connection_data:Object reference not set to an instance of an object.
16-08-2023 20:37:15:DBManager:connection_data:Object reference not set to an instance of an object.
16-08-2023 20:37:15:DBManager:connection_data:Object reference not set to an instance of an object.
16-08-2023 20:37:15:DBManager:connection_data:Object reference not set to an instance of an object.
16-08-2023 20:37:15:DBManager:connection_data:Object reference not set to an instance of an object.
16-08-2023 20:37:15:DBManager:connection_data:Object reference not set to an instance of an object.
16-08-2023 20:37:15:DBManager:connection_data:Object reference not set to an instance of an object.
16-08-2023 20:37:15:DBManager:connection_data:Object reference not set to an instance of an object.
16-08-2023 20:37:15:DBManager:connection_data:Object reference not set to an instance of an object.
16-08-2023 20:37:15:DBManager:connection_data:Object reference not set to an instance of an object.
16-08-2023 20:37:15:DBManager:connection_data:Object reference not set to an instance of an object.
16-08-2023 20:37:15:DBManager:connection_data:Object reference not set to an instance of an object.
16-08-2023 20:37:15:DBManager:connection_data:Object reference not set to an instance of an object.
16-08-2023 20:37:15:DBManager:connection_data:Object reference not set to an instance of an object.
16-08-2023 20:37:15:DBManager:connection_data:Object reference not set to an instance of an object.
16-08-2023 20:37:15:DBManager:connection_data:Object reference not set to an instance of an object.
16-08-2023 20:37:15:DBManager:connection_data:Object reference not set to an instance of an object.
16-08-2023 20:37:15:DBManager:connection_data:Object reference not set to an instance of an object.
16-08-2023 20:37:15:DBManager:connection_data:Object reference not set to an instance of an object.
16-08-2023 20:37:15:DBManager:connection_data:Object reference not set to an instance of an object.
16-08-2023 20:37:15:DBManager:connection_data:Object reference not set to an instance of an object.
16-08-2023 20:37:15:DBManager:connection_data:Object reference not set to an instance of an object.
16-08-2023 20:37:15:DBManager:connection_data:Object reference not set to an instance of an object.
16-08-2023 20:37:15:DBManager:connection_data:Object reference not set to an instance of an object.
16-08-2023 20:37:15:DBManager:connection_data:Object reference not set to an instance of an object.
16-08-2023 20:37:15:DBManager:connection_data:Object reference not set to an instance of an object.
16-08-2023 20:37:15:DBManager:connection_data:Object reference not set to an instance of an object.
16-08-2023 20:37:15:DBManager:connection_data:Object reference not set to an instance of an object.
16-08-2023 20:37:15:DBManager:connection_data:Object reference not set to an instance of an object.
16-08-2023 20:37:15:DBManager:connection_data:Object reference not set to an instance of an object.
16-08-2023 20:37:15:DBManager:connection_data:Object reference not set to an instance of an object.
16-08-2023 20:37:15:DBManager:connection_data:Object reference not set to an instance of an object.
16-08-2023 20:37:15:DBManager:connection_data:Object reference not set to an instance of an object.
16-08-2023 20:37:15:DBManager:connection_data:Object reference not set to an instance of an object.
16-08-2023 20:37:15:DBManager:connection_data:Object reference not set to an instance of an object.
16-08-2023 20:37:15:DBManager:connection_data:Object reference not set to an instance of an object.
16-08-2023 20:37:15:DBManager:connection_data:Object reference not set to an instance of an object.
16-08-2023 20:37:15:DBManager:connection_data:Object reference not set to an instance of an object.
16-08-2023 20:37:15:DBManager:connection_data:Object reference not set to an instance of an object.
16-08-2023 20:37:15:DBManager:connection_data:Object reference not set to an instance of an object.
16-08-2023 20:37:15:DBManager:connection_data:Object reference not set to an instance of an object.
16-08-2023 20:37:15:DBManager:connection_data:Object reference not set to an instance of an object.
16-08-2023 20:37:15:DBManager:connection_data:Object reference not set to an instance of an object.
16-08-2023 20:37:15:DBManager:connection_data:Object reference not set to an instance of an object.
16-08-2023 20:37:15:DBManager:connection_data:Object reference not set to an instance of an object.
16-08-2023 20:37:15:DBManager:connection_data:Object reference not set to an instance of an object.
16-08-2023 20:37:15:DBManager:connection_data:Object reference not set to an instance of an object.
16-08-2023 20:37:15:DBManager:connection_data:Object reference not set to an instance of an object.
16-08-2023 20:37:15:DBManager:connection_data:Object reference not set to an instance of an object.
16-08-2023 20:37:15:DBManager:connection_data:Object reference not set to an instance of an object.
16-08-2023 20:37:15:DBManager:connection_data:Object reference not set to an instance of an object.
16-08-2023 20:37:15:DBManager:connection_data:Object reference not set to an instance of an object.
16-08-2023 20:37:15:DBManager:connection_data:Object reference not set to an instance of an object.
16-08-2023 20:37:15:DBManager:connection_data:Object reference not set to an instance of an object.
16-08-2023 20:37:15:DBManager:connection_data:Object reference not set to an instance of an object.
16-08-2023 20:37:15:DBManager:connection_data:Object reference not set to an instance of an object.
16-08-2023 20:37:15:DBManager:connection_data:Object reference not set to an instance of an object.
16-08-2023 20:37:15:DBManager:connection_data:Object reference not set to an instance of an object.
16-08-2023 20:37:15:DBManager:connection_data:Object reference not set to an instance of an object.
16-08-2023 20:37:15:DBManager:connection_data:Object reference not set to an instance of an object.
16-08-2023 20:37:15:DBManager:connection_data:Object reference not set to an instance of an object.
16-08-2023 20:37:15:DBManager:connection_data:Object reference not set to an instance of an object.
16-08-2023 20:37:15:DBManager:connection_data:Object reference not set to an instance of an object.
16-08-2023 20:37:15:DBManager:connection_data:Object reference not set to an instance of an object.
16-08-2023 20:37:15:DBManager:connection_data:Object reference not set to an instance of an object.
16-08-2023 20:37:15:DBManager:connection_data:Object reference not set to an instance of an object.
16-08-2023 20:37:15:DBManager:connection_data:Object reference not set to an instance of an object.
16-08-2023 20:37:15:DBManager:connection_data:Object reference not set to an instance of an object.
16-08-2023 20:37:15:DBManager:connection_data:Object reference not set to an instance of an object.
16-08-2023 20:37:15:DBManager:connection_data:Object reference not set to an instance of an object.
16-08-2023 20:37:15:DBManager:connection_data:Object reference not set to an instance of an object.
16-08-2023 20:37:15:DBManager:connection_data:Object reference not set to an instance of an object.
16-08-2023 20:37:15:DBManager:connection_data:Object reference not set to an instance of an object.
16-08-2023 20:37:15:DBManager:connection_data:Object reference not set to an instance of an object.
16-08-2023 20:37:15:DBManager:connection_data:Object reference not set to an instance of an object.
16-08-2023 20:37:15:DBManager:connection_data:Object reference not set to an instance of an object.
16-08-2023 20:37:15:DBManager:connection_data:Object reference not set to an instance of an object.
16-08-2023 20:37:15:DBManager:connection_data:Object reference not set to an instance of an object.
16-08-2023 20:37:15:DBManager:connection_data:Object reference not set to an instance of an object.
16-08-2023 20:37:15:DBManager:connection_data:Object reference not set to an instance of an object.
16-08-2023 20:37:15:DBManager:connection_data:Object reference not set to an instance of an object.
16-08-2023 20:37:15:DBManager:connection_data:Object reference not set to an instance of an object.
16-08-2023 20:37:15:DBManager:connection_data:Object reference not set to an instance of an object.
16-08-2023 20:37:15:DBManager:connection_data:Object reference not set to an instance of an object.
16-08-2023 20:37:15:DBManager:connection_data:Object reference not set to an instance of an object.
16-08-2023 20:37:15:DBManager:connection_data:Object reference not set to an instance of an object.
16-08-2023 20:37:15:DBManager:connection_data:Object reference not set to an instance of an object.
16-08-2023 20:37:15:DBManager:connection_data:Object reference not set to an instance of an object.
16-08-2023 20:37:15:DBManager:connection_data:Object reference not set to an instance of an object.
16-08-2023 20:37:15:DBManager:connection_data:Object reference not set to an instance of an object.
16-08-2023 20:37:15:DBManager:connection_data:Object reference not set to an instance of an object.
16-08-2023 20:37:15:DBManager:connection_data:Object reference not set to an instance of an object.
16-08-2023 20:37:15:DBManager:connection_data:Object reference not set to an instance of an object.
16-08-2023 20:37:15:DBManager:connection_data:Object reference not set to an instance of an object.
16-08-2023 20:37:15:DBManager:connection_data:Object reference not set to an instance of an object.
16-08-2023 20:37:15:DBManager:connection_data:Object reference not set to an instance of an object.
16-08-2023 20:37:15:DBManager:connection_data:Object reference not set to an instance of an object.
16-08-2023 20:37:15:DBManager:connection_data:Object reference not set to an instance of an object.
16-08-2023 20:37:15:DBManager:connection_data:Object reference not set to an instance of an object.
16-08-2023 20:37:15:DBManager:connection_data:Object reference not set to an instance of an object.
16-08-2023 20:37:15:DBManager:connection_data:Object reference not set to an instance of an object.
16-08-2023 20:37:15:DBManager:connection_data:Object reference not set to an instance of an object.
16/08/2023 8:37:15 PM:Product_Master:Page_Load:1
16/08/2023 8:37:15 PM:Product_Master:Page_Load:2
16/08/2023 8:37:16 PM:Product_Master:BindGrid:The data source does not support server-side data paging.
16/08/2023 8:37:16 PM:Product_Master:Page_Load:9
16/08/2023 8:37:16 PM:Product_Master:Page_Load:10
16/08/2023 8:37:16 PM:Product_Master:selectIngredientList:Object reference not set to an instance of an object.
16/08/2023 8:37:16 PM:Product_Master:selectCondimentList:Object reference not set to an instance of an object.
16/08/2023 8:37:16 PM:Product_Master:Page_Load:11
16-08-2023 20:37:46:DBManager:connection_data:Object reference not set to an instance of an object.
16-08-2023 20:37:46:DBManager:connection_data:Object reference not set to an instance of an object.
16-08-2023 20:37:46:DBManager:connection_data:Object reference not set to an instance of an object.
16-08-2023 20:37:46:DBManager:connection_data:Object reference not set to an instance of an object.
16-08-2023 20:37:46:DBManager:connection_data:Object reference not set to an instance of an object.
16-08-2023 20:37:46:DBManager:connection_data:Object reference not set to an instance of an object.
16-08-2023 20:37:46:DBManager:connection_data:Object reference not set to an instance of an object.
16-08-2023 20:37:46:DBManager:connection_data:Object reference not set to an instance of an object.
16-08-2023 20:37:46:DBManager:connection_data:Object reference not set to an instance of an object.
16-08-2023 20:37:46:DBManager:connection_data:Object reference not set to an instance of an object.
16-08-2023 20:37:46:DBManager:connection_data:Object reference not set to an instance of an object.
16-08-2023 20:37:46:DBManager:connection_data:Object reference not set to an instance of an object.
16-08-2023 20:37:46:DBManager:connection_data:Object reference not set to an instance of an object.
16-08-2023 20:37:46:DBManager:connection_data:Object reference not set to an instance of an object.
16-08-2023 20:37:46:DBManager:connection_data:Object reference not set to an instance of an object.
16-08-2023 20:37:46:DBManager:connection_data:Object reference not set to an instance of an object.
16-08-2023 20:37:46:DBManager:connection_data:Object reference not set to an instance of an object.
16-08-2023 20:37:46:DBManager:connection_data:Object reference not set to an instance of an object.
16-08-2023 20:37:46:DBManager:connection_data:Object reference not set to an instance of an object.
16-08-2023 20:37:46:DBManager:connection_data:Object reference not set to an instance of an object.
16-08-2023 20:37:46:DBManager:connection_data:Object reference not set to an instance of an object.
16-08-2023 20:37:46:DBManager:connection_data:Object reference not set to an instance of an object.
16-08-2023 20:37:46:DBManager:connection_data:Object reference not set to an instance of an object.
16-08-2023 20:37:46:DBManager:connection_data:Object reference not set to an instance of an object.
16-08-2023 20:37:46:DBManager:connection_data:Object reference not set to an instance of an object.
16-08-2023 20:37:46:DBManager:connection_data:Object reference not set to an instance of an object.
16-08-2023 20:37:46:DBManager:connection_data:Object reference not set to an instance of an object.
16-08-2023 20:37:46:DBManager:connection_data:Object reference not set to an instance of an object.
16-08-2023 20:37:46:DBManager:connection_data:Object reference not set to an instance of an object.
16-08-2023 20:37:46:DBManager:connection_data:Object reference not set to an instance of an object.
16-08-2023 20:37:46:DBManager:connection_data:Object reference not set to an instance of an object.
16-08-2023 20:37:46:DBManager:connection_data:Object reference not set to an instance of an object.
16-08-2023 20:37:46:DBManager:connection_data:Object reference not set to an instance of an object.
16-08-2023 20:37:46:DBManager:connection_data:Object reference not set to an instance of an object.
16-08-2023 20:37:46:DBManager:connection_data:Object reference not set to an instance of an object.
16-08-2023 20:37:46:DBManager:connection_data:Object reference not set to an instance of an object.
16-08-2023 20:37:46:DBManager:connection_data:Object reference not set to an instance of an object.
16-08-2023 20:37:46:DBManager:connection_data:Object reference not set to an instance of an object.
16-08-2023 20:37:46:DBManager:connection_data:Object reference not set to an instance of an object.
16-08-2023 20:37:46:DBManager:connection_data:Object reference not set to an instance of an object.
16-08-2023 20:37:46:DBManager:connection_data:Object reference not set to an instance of an object.
16-08-2023 20:37:46:DBManager:connection_data:Object reference not set to an instance of an object.
16-08-2023 20:37:46:DBManager:connection_data:Object reference not set to an instance of an object.
16-08-2023 20:37:46:DBManager:connection_data:Object reference not set to an instance of an object.
16-08-2023 20:37:46:DBManager:connection_data:Object reference not set to an instance of an object.
16-08-2023 20:37:46:DBManager:connection_data:Object reference not set to an instance of an object.
16-08-2023 20:37:46:DBManager:connection_data:Object reference not set to an instance of an object.
16-08-2023 20:37:46:DBManager:connection_data:Object reference not set to an instance of an object.
16-08-2023 20:37:46:DBManager:connection_data:Object reference not set to an instance of an object.
16-08-2023 20:37:46:DBManager:connection_data:Object reference not set to an instance of an object.
16-08-2023 20:37:46:DBManager:connection_data:Object reference not set to an instance of an object.
16-08-2023 20:37:46:DBManager:connection_data:Object reference not set to an instance of an object.
16-08-2023 20:37:46:DBManager:connection_data:Object reference not set to an instance of an object.
16-08-2023 20:37:46:DBManager:connection_data:Object reference not set to an instance of an object.
16-08-2023 20:37:46:DBManager:connection_data:Object reference not set to an instance of an object.
16-08-2023 20:37:46:DBManager:connection_data:Object reference not set to an instance of an object.
16-08-2023 20:37:46:DBManager:connection_data:Object reference not set to an instance of an object.
16-08-2023 20:37:46:DBManager:connection_data:Object reference not set to an instance of an object.
16-08-2023 20:37:46:DBManager:connection_data:Object reference not set to an instance of an object.
16-08-2023 20:37:46:DBManager:connection_data:Object reference not set to an instance of an object.
16-08-2023 20:37:46:DBManager:connection_data:Object reference not set to an instance of an object.
16-08-2023 20:37:46:DBManager:connection_data:Object reference not set to an instance of an object.
16-08-2023 20:37:46:DBManager:connection_data:Object reference not set to an instance of an object.
16-08-2023 20:37:46:DBManager:connection_data:Object reference not set to an instance of an object.
16-08-2023 20:37:46:DBManager:connection_data:Object reference not set to an instance of an object.
16-08-2023 20:37:46:DBManager:connection_data:Object reference not set to an instance of an object.
16-08-2023 20:37:46:DBManager:connection_data:Object reference not set to an instance of an object.
16-08-2023 20:37:46:DBManager:connection_data:Object reference not set to an instance of an object.
16-08-2023 20:37:46:DBManager:connection_data:Object reference not set to an instance of an object.
16-08-2023 20:37:46:DBManager:connection_data:Object reference not set to an instance of an object.
16-08-2023 20:37:46:DBManager:connection_data:Object reference not set to an instance of an object.
16-08-2023 20:37:46:DBManager:connection_data:Object reference not set to an instance of an object.
16-08-2023 20:37:46:DBManager:connection_data:Object reference not set to an instance of an object.
16-08-2023 20:37:46:DBManager:connection_data:Object reference not set to an instance of an object.
16-08-2023 20:37:46:DBManager:connection_data:Object reference not set to an instance of an object.
16-08-2023 20:37:46:DBManager:connection_data:Object reference not set to an instance of an object.
16-08-2023 20:37:46:DBManager:connection_data:Object reference not set to an instance of an object.
16-08-2023 20:37:46:DBManager:connection_data:Object reference not set to an instance of an object.
16-08-2023 20:37:46:DBManager:connection_data:Object reference not set to an instance of an object.
16-08-2023 20:37:46:DBManager:connection_data:Object reference not set to an instance of an object.
16-08-2023 20:37:46:DBManager:connection_data:Object reference not set to an instance of an object.
16-08-2023 20:37:46:DBManager:connection_data:Object reference not set to an instance of an object.
16-08-2023 20:37:46:DBManager:connection_data:Object reference not set to an instance of an object.
16-08-2023 20:37:46:DBManager:connection_data:Object reference not set to an instance of an object.
16-08-2023 20:37:46:DBManager:connection_data:Object reference not set to an instance of an object.
16-08-2023 20:37:46:DBManager:connection_data:Object reference not set to an instance of an object.
16-08-2023 20:37:46:DBManager:connection_data:Object reference not set to an instance of an object.
16-08-2023 20:37:46:DBManager:connection_data:Object reference not set to an instance of an object.
16-08-2023 20:37:46:DBManager:connection_data:Object reference not set to an instance of an object.
16-08-2023 20:37:46:DBManager:connection_data:Object reference not set to an instance of an object.
16-08-2023 20:37:46:DBManager:connection_data:Object reference not set to an instance of an object.
16-08-2023 20:37:46:DBManager:connection_data:Object reference not set to an instance of an object.
16-08-2023 20:37:46:DBManager:connection_data:Object reference not set to an instance of an object.
16-08-2023 20:37:46:DBManager:connection_data:Object reference not set to an instance of an object.
16-08-2023 20:37:46:DBManager:connection_data:Object reference not set to an instance of an object.
16-08-2023 20:37:46:DBManager:connection_data:Object reference not set to an instance of an object.
16-08-2023 20:37:46:DBManager:connection_data:Object reference not set to an instance of an object.
16-08-2023 20:37:46:DBManager:connection_data:Object reference not set to an instance of an object.
16-08-2023 20:37:46:DBManager:connection_data:Object reference not set to an instance of an object.
16-08-2023 20:37:46:DBManager:connection_data:Object reference not set to an instance of an object.
16-08-2023 20:37:46:DBManager:connection_data:Object reference not set to an instance of an object.
16-08-2023 20:37:46:DBManager:connection_data:Object reference not set to an instance of an object.
16-08-2023 20:37:46:DBManager:connection_data:Object reference not set to an instance of an object.
16-08-2023 20:37:46:DBManager:connection_data:Object reference not set to an instance of an object.
16-08-2023 20:37:46:DBManager:connection_data:Object reference not set to an instance of an object.
16-08-2023 20:37:46:DBManager:connection_data:Object reference not set to an instance of an object.
16-08-2023 20:37:46:DBManager:connection_data:Object reference not set to an instance of an object.
16-08-2023 20:37:46:DBManager:connection_data:Object reference not set to an instance of an object.
16-08-2023 20:37:46:DBManager:connection_data:Object reference not set to an instance of an object.
16-08-2023 20:37:46:DBManager:connection_data:Object reference not set to an instance of an object.
16-08-2023 20:37:46:DBManager:connection_data:Object reference not set to an instance of an object.
16-08-2023 20:37:46:DBManager:connection_data:Object reference not set to an instance of an object.
16-08-2023 20:37:46:DBManager:connection_data:Object reference not set to an instance of an object.
16-08-2023 20:37:46:DBManager:connection_data:Object reference not set to an instance of an object.
16-08-2023 20:37:46:DBManager:connection_data:Object reference not set to an instance of an object.
16/08/2023 8:37:47 PM:Product_Master:Page_Load:1
16-08-2023 20:37:47:DBManager:connection_data:Object reference not set to an instance of an object.
16-08-2023 20:37:47:DBManager:connection_data:Object reference not set to an instance of an object.
16-08-2023 20:37:47:DBManager:connection_data:Object reference not set to an instance of an object.
16-08-2023 20:37:47:DBManager:connection_data:Object reference not set to an instance of an object.
16-08-2023 20:37:47:DBManager:connection_data:Object reference not set to an instance of an object.
16-08-2023 20:37:47:DBManager:connection_data:Object reference not set to an instance of an object.
16-08-2023 20:37:47:DBManager:connection_data:Object reference not set to an instance of an object.
16-08-2023 20:37:47:DBManager:connection_data:Object reference not set to an instance of an object.
16-08-2023 20:37:47:DBManager:connection_data:Object reference not set to an instance of an object.
16-08-2023 20:37:47:DBManager:connection_data:Object reference not set to an instance of an object.
16-08-2023 20:37:47:DBManager:connection_data:Object reference not set to an instance of an object.
16-08-2023 20:37:47:DBManager:connection_data:Object reference not set to an instance of an object.
16-08-2023 20:37:47:DBManager:connection_data:Object reference not set to an instance of an object.
16-08-2023 20:37:47:DBManager:connection_data:Object reference not set to an instance of an object.
16-08-2023 20:37:47:DBManager:connection_data:Object reference not set to an instance of an object.
16-08-2023 20:37:47:DBManager:connection_data:Object reference not set to an instance of an object.
16-08-2023 20:37:47:DBManager:connection_data:Object reference not set to an instance of an object.
16-08-2023 20:37:47:DBManager:connection_data:Object reference not set to an instance of an object.
16-08-2023 20:37:47:DBManager:connection_data:Object reference not set to an instance of an object.
16-08-2023 20:37:47:DBManager:connection_data:Object reference not set to an instance of an object.
16-08-2023 20:37:47:DBManager:connection_data:Object reference not set to an instance of an object.
16-08-2023 20:37:47:DBManager:connection_data:Object reference not set to an instance of an object.
16-08-2023 20:37:47:DBManager:connection_data:Object reference not set to an instance of an object.
16-08-2023 20:37:47:DBManager:connection_data:Object reference not set to an instance of an object.
16-08-2023 20:37:47:DBManager:connection_data:Object reference not set to an instance of an object.
16-08-2023 20:37:47:DBManager:connection_data:Object reference not set to an instance of an object.
16-08-2023 20:37:47:DBManager:connection_data:Object reference not set to an instance of an object.
16-08-2023 20:37:47:DBManager:connection_data:Object reference not set to an instance of an object.
16-08-2023 20:37:47:DBManager:connection_data:Object reference not set to an instance of an object.
16-08-2023 20:37:47:DBManager:connection_data:Object reference not set to an instance of an object.
16-08-2023 20:37:47:DBManager:connection_data:Object reference not set to an instance of an object.
16-08-2023 20:37:47:DBManager:connection_data:Object reference not set to an instance of an object.
16-08-2023 20:37:47:DBManager:connection_data:Object reference not set to an instance of an object.
16-08-2023 20:37:47:DBManager:connection_data:Object reference not set to an instance of an object.
16-08-2023 20:37:47:DBManager:connection_data:Object reference not set to an instance of an object.
16-08-2023 20:37:47:DBManager:connection_data:Object reference not set to an instance of an object.
16-08-2023 20:37:47:DBManager:connection_data:Object reference not set to an instance of an object.
16-08-2023 20:37:47:DBManager:connection_data:Object reference not set to an instance of an object.
16-08-2023 20:37:47:DBManager:connection_data:Object reference not set to an instance of an object.
16-08-2023 20:37:47:DBManager:connection_data:Object reference not set to an instance of an object.
16-08-2023 20:37:47:DBManager:connection_data:Object reference not set to an instance of an object.
16-08-2023 20:37:47:DBManager:connection_data:Object reference not set to an instance of an object.
16-08-2023 20:37:47:DBManager:connection_data:Object reference not set to an instance of an object.
16-08-2023 20:37:47:DBManager:connection_data:Object reference not set to an instance of an object.
16-08-2023 20:37:47:DBManager:connection_data:Object reference not set to an instance of an object.
16-08-2023 20:37:47:DBManager:connection_data:Object reference not set to an instance of an object.
16-08-2023 20:37:47:DBManager:connection_data:Object reference not set to an instance of an object.
16-08-2023 20:37:47:DBManager:connection_data:Object reference not set to an instance of an object.
16-08-2023 20:37:47:DBManager:connection_data:Object reference not set to an instance of an object.
16-08-2023 20:37:47:DBManager:connection_data:Object reference not set to an instance of an object.
16-08-2023 20:37:47:DBManager:connection_data:Object reference not set to an instance of an object.
16-08-2023 20:37:47:DBManager:connection_data:Object reference not set to an instance of an object.
16-08-2023 20:37:47:DBManager:connection_data:Object reference not set to an instance of an object.
16-08-2023 20:37:47:DBManager:connection_data:Object reference not set to an instance of an object.
16-08-2023 20:37:47:DBManager:connection_data:Object reference not set to an instance of an object.
16-08-2023 20:37:47:DBManager:connection_data:Object reference not set to an instance of an object.
16-08-2023 20:37:47:DBManager:connection_data:Object reference not set to an instance of an object.
16-08-2023 20:37:47:DBManager:connection_data:Object reference not set to an instance of an object.
16-08-2023 20:37:47:DBManager:connection_data:Object reference not set to an instance of an object.
16-08-2023 20:37:47:DBManager:connection_data:Object reference not set to an instance of an object.
16-08-2023 20:37:47:DBManager:connection_data:Object reference not set to an instance of an object.
16-08-2023 20:37:47:DBManager:connection_data:Object reference not set to an instance of an object.
16-08-2023 20:37:47:DBManager:connection_data:Object reference not set to an instance of an object.
16-08-2023 20:37:47:DBManager:connection_data:Object reference not set to an instance of an object.
16-08-2023 20:37:47:DBManager:connection_data:Object reference not set to an instance of an object.
16-08-2023 20:37:47:DBManager:connection_data:Object reference not set to an instance of an object.
16-08-2023 20:37:47:DBManager:connection_data:Object reference not set to an instance of an object.
16-08-2023 20:37:47:DBManager:connection_data:Object reference not set to an instance of an object.
16-08-2023 20:37:47:DBManager:connection_data:Object reference not set to an instance of an object.
16-08-2023 20:37:47:DBManager:connection_data:Object reference not set to an instance of an object.
16-08-2023 20:37:47:DBManager:connection_data:Object reference not set to an instance of an object.
16-08-2023 20:37:47:DBManager:connection_data:Object reference not set to an instance of an object.
16-08-2023 20:37:47:DBManager:connection_data:Object reference not set to an instance of an object.
16-08-2023 20:37:47:DBManager:connection_data:Object reference not set to an instance of an object.
16-08-2023 20:37:47:DBManager:connection_data:Object reference not set to an instance of an object.
16-08-2023 20:37:47:DBManager:connection_data:Object reference not set to an instance of an object.
16-08-2023 20:37:47:DBManager:connection_data:Object reference not set to an instance of an object.
16-08-2023 20:37:47:DBManager:connection_data:Object reference not set to an instance of an object.
16-08-2023 20:37:47:DBManager:connection_data:Object reference not set to an instance of an object.
16-08-2023 20:37:47:DBManager:connection_data:Object reference not set to an instance of an object.
16-08-2023 20:37:47:DBManager:connection_data:Object reference not set to an instance of an object.
16-08-2023 20:37:47:DBManager:connection_data:Object reference not set to an instance of an object.
16-08-2023 20:37:47:DBManager:connection_data:Object reference not set to an instance of an object.
16-08-2023 20:37:47:DBManager:connection_data:Object reference not set to an instance of an object.
16-08-2023 20:37:47:DBManager:connection_data:Object reference not set to an instance of an object.
16-08-2023 20:37:47:DBManager:connection_data:Object reference not set to an instance of an object.
16-08-2023 20:37:47:DBManager:connection_data:Object reference not set to an instance of an object.
16-08-2023 20:37:47:DBManager:connection_data:Object reference not set to an instance of an object.
