16-02-2023 12:16:35:DBManager:connection_data:Object reference not set to an instance of an object.
16-02-2023 12:16:35:DBManager:connection_data:Object reference not set to an instance of an object.
16-02-2023 12:16:35:DBManager:connection_data:Object reference not set to an instance of an object.
16-02-2023 12:16:35:DBManager:connection_data:Object reference not set to an instance of an object.
16-02-2023 12:16:35:DBManager:connection_data:Object reference not set to an instance of an object.
16-02-2023 12:16:35:DBManager:connection_data:Object reference not set to an instance of an object.
16-02-2023 12:16:35:DBManager:connection_data:Object reference not set to an instance of an object.
16-02-2023 12:16:35:DBManager:connection_data:Object reference not set to an instance of an object.
16-02-2023 12:16:35:DBManager:connection_data:Object reference not set to an instance of an object.
16-02-2023 12:16:35:DBManager:connection_data:Object reference not set to an instance of an object.
16-02-2023 12:16:35:DBManager:connection_data:Object reference not set to an instance of an object.
16-02-2023 12:16:35:DBManager:connection_data:Object reference not set to an instance of an object.
16-02-2023 12:16:35:DBManager:connection_data:Object reference not set to an instance of an object.
16-02-2023 12:16:35:DBManager:connection_data:Object reference not set to an instance of an object.
16-02-2023 12:16:35:DBManager:connection_data:Object reference not set to an instance of an object.
16-02-2023 12:16:35:DBManager:connection_data:Object reference not set to an instance of an object.
16-02-2023 12:16:35:DBManager:connection_data:Object reference not set to an instance of an object.
16-02-2023 12:16:35:DBManager:connection_data:Object reference not set to an instance of an object.
16-02-2023 12:16:35:DBManager:connection_data:Object reference not set to an instance of an object.
16-02-2023 12:16:35:DBManager:connection_data:Object reference not set to an instance of an object.
16-02-2023 12:16:35:DBManager:connection_data:Object reference not set to an instance of an object.
16-02-2023 12:16:35:DBManager:connection_data:Object reference not set to an instance of an object.
16-02-2023 12:16:35:DBManager:connection_data:Object reference not set to an instance of an object.
16-02-2023 12:16:35:DBManager:connection_data:Object reference not set to an instance of an object.
16-02-2023 12:16:35:DBManager:connection_data:Object reference not set to an instance of an object.
16-02-2023 12:16:35:DBManager:connection_data:Object reference not set to an instance of an object.
16-02-2023 12:16:35:DBManager:connection_data:Object reference not set to an instance of an object.
16-02-2023 12:16:35:DBManager:connection_data:Object reference not set to an instance of an object.
16-02-2023 12:16:35:DBManager:connection_data:Object reference not set to an instance of an object.
16-02-2023 12:16:35:DBManager:connection_data:Object reference not set to an instance of an object.
16-02-2023 12:16:35:DBManager:connection_data:Object reference not set to an instance of an object.
16-02-2023 12:16:35:DBManager:connection_data:Object reference not set to an instance of an object.
16-02-2023 12:16:35:DBManager:connection_data:Object reference not set to an instance of an object.
16-02-2023 12:16:35:DBManager:connection_data:Object reference not set to an instance of an object.
16-02-2023 12:16:35:DBManager:connection_data:Object reference not set to an instance of an object.
16-02-2023 12:16:35:DBManager:connection_data:Object reference not set to an instance of an object.
16-02-2023 12:16:35:DBManager:connection_data:Object reference not set to an instance of an object.
16-02-2023 12:16:35:DBManager:connection_data:Object reference not set to an instance of an object.
16-02-2023 12:16:35:DBManager:connection_data:Object reference not set to an instance of an object.
16-02-2023 12:16:35:DBManager:connection_data:Object reference not set to an instance of an object.
16-02-2023 12:16:35:DBManager:connection_data:Object reference not set to an instance of an object.
16-02-2023 12:16:35:DBManager:connection_data:Object reference not set to an instance of an object.
16-02-2023 12:16:35:DBManager:connection_data:Object reference not set to an instance of an object.
16-02-2023 12:16:35:DBManager:connection_data:Object reference not set to an instance of an object.
16-02-2023 12:16:35:DBManager:connection_data:Object reference not set to an instance of an object.
16-02-2023 12:16:35:DBManager:connection_data:Object reference not set to an instance of an object.
16-02-2023 12:16:35:DBManager:connection_data:Object reference not set to an instance of an object.
16-02-2023 12:16:35:DBManager:connection_data:Object reference not set to an instance of an object.
16-02-2023 12:16:35:DBManager:connection_data:Object reference not set to an instance of an object.
16-02-2023 12:16:35:DBManager:connection_data:Object reference not set to an instance of an object.
16-02-2023 12:16:35:DBManager:connection_data:Object reference not set to an instance of an object.
16-02-2023 12:16:35:DBManager:connection_data:Object reference not set to an instance of an object.
16-02-2023 12:16:35:DBManager:connection_data:Object reference not set to an instance of an object.
16-02-2023 12:16:35:DBManager:connection_data:Object reference not set to an instance of an object.
16-02-2023 12:16:35:DBManager:connection_data:Object reference not set to an instance of an object.
16-02-2023 12:16:35:DBManager:connection_data:Object reference not set to an instance of an object.
16-02-2023 12:16:35:DBManager:connection_data:Object reference not set to an instance of an object.
16-02-2023 12:16:35:DBManager:connection_data:Object reference not set to an instance of an object.
16-02-2023 12:16:35:DBManager:connection_data:Object reference not set to an instance of an object.
16-02-2023 12:16:35:DBManager:connection_data:Object reference not set to an instance of an object.
16-02-2023 12:16:35:DBManager:connection_data:Object reference not set to an instance of an object.
16-02-2023 12:16:35:DBManager:connection_data:Object reference not set to an instance of an object.
16-02-2023 12:16:35:DBManager:connection_data:Object reference not set to an instance of an object.
16-02-2023 12:16:35:DBManager:connection_data:Object reference not set to an instance of an object.
16-02-2023 12:16:35:DBManager:connection_data:Object reference not set to an instance of an object.
16-02-2023 12:16:35:DBManager:connection_data:Object reference not set to an instance of an object.
16-02-2023 12:16:35:DBManager:connection_data:Object reference not set to an instance of an object.
16-02-2023 12:16:35:DBManager:connection_data:Object reference not set to an instance of an object.
16-02-2023 12:16:35:DBManager:connection_data:Object reference not set to an instance of an object.
16-02-2023 12:16:35:DBManager:connection_data:Object reference not set to an instance of an object.
16-02-2023 12:16:35:DBManager:connection_data:Object reference not set to an instance of an object.
16-02-2023 12:16:35:DBManager:connection_data:Object reference not set to an instance of an object.
16-02-2023 12:16:35:DBManager:connection_data:Object reference not set to an instance of an object.
16-02-2023 12:16:35:DBManager:connection_data:Object reference not set to an instance of an object.
16-02-2023 12:16:35:DBManager:connection_data:Object reference not set to an instance of an object.
16-02-2023 12:16:35:DBManager:connection_data:Object reference not set to an instance of an object.
16-02-2023 12:16:35:DBManager:connection_data:Object reference not set to an instance of an object.
16/02/2023 12:16:35 PM:MasterPage:Page_Init:Thread was being aborted.
16-02-2023 12:16:35:DBManager:connection_data:Object reference not set to an instance of an object.
16-02-2023 12:16:35:DBManager:connection_data:Object reference not set to an instance of an object.
16-02-2023 12:16:35:DBManager:connection_data:Object reference not set to an instance of an object.
16/02/2023 12:16:35 PM:SignIn:btnLogIn_Click:test
16-02-2023 12:19:01:DBManager:connection_data:Object reference not set to an instance of an object.
16-02-2023 12:19:01:DBManager:connection_data:Object reference not set to an instance of an object.
16-02-2023 12:19:01:DBManager:connection_data:Object reference not set to an instance of an object.
16/02/2023 12:19:01 PM:SignIn:btnLogIn_Click:test
16-02-2023 12:32:07:DBManager:connection_data:Object reference not set to an instance of an object.
16-02-2023 12:32:07:DBManager:connection_data:Object reference not set to an instance of an object.
16-02-2023 12:32:07:DBManager:connection_data:Object reference not set to an instance of an object.
16/02/2023 12:32:07 PM:SignIn:btnLogIn_Click:test
16/02/2023 12:32:07 PM:SignIn:btnLogIn_Click4:
16/02/2023 12:32:07 PM:SignIn:btnLogIn_Click5:
16/02/2023 12:32:07 PM:SignIn:btnLogIn_Click7:
16/02/2023 12:32:07 PM:SignIn:btnLogIn_Click8:
16/02/2023 12:32:07 PM:ClsDataccess:Getdatatable:The ConnectionString property has not been initialized.
16-02-2023 12:32:07:DBManager:connection_data:Object reference not set to an instance of an object.
16-02-2023 12:32:07:DBManager:connection_data:Object reference not set to an instance of an object.
16-02-2023 12:32:07:DBManager:connection_data:Object reference not set to an instance of an object.
16-02-2023 12:32:07:DBManager:connection_data:Object reference not set to an instance of an object.
16-02-2023 12:32:07:DBManager:connection_data:Object reference not set to an instance of an object.
16-02-2023 12:32:07:DBManager:connection_data:Object reference not set to an instance of an object.
16-02-2023 12:32:07:DBManager:connection_data:Object reference not set to an instance of an object.
16-02-2023 12:32:07:DBManager:connection_data:Object reference not set to an instance of an object.
16-02-2023 12:32:07:DBManager:connection_data:Object reference not set to an instance of an object.
16-02-2023 12:32:07:DBManager:connection_data:Object reference not set to an instance of an object.
16-02-2023 12:32:07:DBManager:connection_data:Object reference not set to an instance of an object.
16-02-2023 12:32:07:DBManager:connection_data:Object reference not set to an instance of an object.
16-02-2023 12:32:07:DBManager:connection_data:Object reference not set to an instance of an object.
16-02-2023 12:32:07:DBManager:connection_data:Object reference not set to an instance of an object.
16-02-2023 12:32:07:DBManager:connection_data:Object reference not set to an instance of an object.
16-02-2023 12:32:07:DBManager:connection_data:Object reference not set to an instance of an object.
16-02-2023 12:32:07:DBManager:connection_data:Object reference not set to an instance of an object.
16-02-2023 12:32:07:DBManager:connection_data:Object reference not set to an instance of an object.
16-02-2023 12:32:07:DBManager:connection_data:Object reference not set to an instance of an object.
16-02-2023 12:32:07:DBManager:connection_data:Object reference not set to an instance of an object.
16-02-2023 12:32:07:DBManager:connection_data:Object reference not set to an instance of an object.
16-02-2023 12:32:07:DBManager:connection_data:Object reference not set to an instance of an object.
16-02-2023 12:32:07:DBManager:connection_data:Object reference not set to an instance of an object.
16-02-2023 12:32:07:DBManager:connection_data:Object reference not set to an instance of an object.
16-02-2023 12:32:07:DBManager:connection_data:Object reference not set to an instance of an object.
16-02-2023 12:32:07:DBManager:connection_data:Object reference not set to an instance of an object.
16-02-2023 12:32:07:DBManager:connection_data:Object reference not set to an instance of an object.
16-02-2023 12:32:07:DBManager:connection_data:Object reference not set to an instance of an object.
16-02-2023 12:32:07:DBManager:connection_data:Object reference not set to an instance of an object.
16-02-2023 12:32:07:DBManager:connection_data:Object reference not set to an instance of an object.
16-02-2023 12:32:07:DBManager:connection_data:Object reference not set to an instance of an object.
16-02-2023 12:32:07:DBManager:connection_data:Object reference not set to an instance of an object.
16-02-2023 12:32:07:DBManager:connection_data:Object reference not set to an instance of an object.
16-02-2023 12:32:07:DBManager:connection_data:Object reference not set to an instance of an object.
16-02-2023 12:32:07:DBManager:connection_data:Object reference not set to an instance of an object.
16-02-2023 12:32:07:DBManager:connection_data:Object reference not set to an instance of an object.
16-02-2023 12:32:07:DBManager:connection_data:Object reference not set to an instance of an object.
16-02-2023 12:32:07:DBManager:connection_data:Object reference not set to an instance of an object.
16-02-2023 12:32:07:DBManager:connection_data:Object reference not set to an instance of an object.
16-02-2023 12:32:07:DBManager:connection_data:Object reference not set to an instance of an object.
16-02-2023 12:32:07:DBManager:connection_data:Object reference not set to an instance of an object.
16-02-2023 12:32:07:DBManager:connection_data:Object reference not set to an instance of an object.
16-02-2023 12:32:07:DBManager:connection_data:Object reference not set to an instance of an object.
16-02-2023 12:32:07:DBManager:connection_data:Object reference not set to an instance of an object.
16-02-2023 12:32:07:DBManager:connection_data:Object reference not set to an instance of an object.
16-02-2023 12:32:07:DBManager:connection_data:Object reference not set to an instance of an object.
16-02-2023 12:32:07:DBManager:connection_data:Object reference not set to an instance of an object.
16-02-2023 12:32:07:DBManager:connection_data:Object reference not set to an instance of an object.
16-02-2023 12:32:07:DBManager:connection_data:Object reference not set to an instance of an object.
16-02-2023 12:32:07:DBManager:connection_data:Object reference not set to an instance of an object.
16-02-2023 12:32:07:DBManager:connection_data:Object reference not set to an instance of an object.
16-02-2023 12:32:07:DBManager:connection_data:Object reference not set to an instance of an object.
16-02-2023 12:32:07:DBManager:connection_data:Object reference not set to an instance of an object.
16-02-2023 12:32:07:DBManager:connection_data:Object reference not set to an instance of an object.
16-02-2023 12:32:07:DBManager:connection_data:Object reference not set to an instance of an object.
16-02-2023 12:32:07:DBManager:connection_data:Object reference not set to an instance of an object.
16-02-2023 12:32:07:DBManager:connection_data:Object reference not set to an instance of an object.
16-02-2023 12:32:07:DBManager:connection_data:Object reference not set to an instance of an object.
16-02-2023 12:32:07:DBManager:connection_data:Object reference not set to an instance of an object.
16-02-2023 12:32:07:DBManager:connection_data:Object reference not set to an instance of an object.
16-02-2023 12:32:07:DBManager:connection_data:Object reference not set to an instance of an object.
16-02-2023 12:32:07:DBManager:connection_data:Object reference not set to an instance of an object.
16-02-2023 12:32:07:DBManager:connection_data:Object reference not set to an instance of an object.
16-02-2023 12:32:07:DBManager:connection_data:Object reference not set to an instance of an object.
16-02-2023 12:32:07:DBManager:connection_data:Object reference not set to an instance of an object.
16-02-2023 12:32:07:DBManager:connection_data:Object reference not set to an instance of an object.
16-02-2023 12:32:07:DBManager:connection_data:Object reference not set to an instance of an object.
16-02-2023 12:32:07:DBManager:connection_data:Object reference not set to an instance of an object.
16-02-2023 12:32:07:DBManager:connection_data:Object reference not set to an instance of an object.
16-02-2023 12:32:07:DBManager:connection_data:Object reference not set to an instance of an object.
16-02-2023 12:32:07:DBManager:connection_data:Object reference not set to an instance of an object.
16-02-2023 12:32:07:DBManager:connection_data:Object reference not set to an instance of an object.
16-02-2023 12:32:07:DBManager:connection_data:Object reference not set to an instance of an object.
16-02-2023 12:32:07:DBManager:connection_data:Object reference not set to an instance of an object.
16-02-2023 12:32:07:DBManager:connection_data:Object reference not set to an instance of an object.
16-02-2023 12:32:07:DBManager:connection_data:Object reference not set to an instance of an object.
16-02-2023 12:32:07:DBManager:connection_data:Object reference not set to an instance of an object.
16-02-2023 12:32:21:DBManager:connection_data:Object reference not set to an instance of an object.
16-02-2023 12:32:21:DBManager:connection_data:Object reference not set to an instance of an object.
16-02-2023 12:32:21:DBManager:connection_data:Object reference not set to an instance of an object.
16-02-2023 12:32:21:DBManager:connection_data:Object reference not set to an instance of an object.
16-02-2023 12:32:21:DBManager:connection_data:Object reference not set to an instance of an object.
16-02-2023 12:32:21:DBManager:connection_data:Object reference not set to an instance of an object.
16-02-2023 12:33:13:DBManager:connection_data:Object reference not set to an instance of an object.
16-02-2023 12:33:13:DBManager:connection_data:Object reference not set to an instance of an object.
16-02-2023 12:33:13:DBManager:connection_data:Object reference not set to an instance of an object.
16-02-2023 12:33:13:DBManager:connection_data:Object reference not set to an instance of an object.
16-02-2023 12:33:13:DBManager:connection_data:Object reference not set to an instance of an object.
16-02-2023 12:33:13:DBManager:connection_data:Object reference not set to an instance of an object.
16-02-2023 12:33:25:DBManager:connection_data:Object reference not set to an instance of an object.
16-02-2023 12:33:25:DBManager:connection_data:Object reference not set to an instance of an object.
16-02-2023 12:33:25:DBManager:connection_data:Object reference not set to an instance of an object.
16-02-2023 12:33:25:DBManager:connection_data:Object reference not set to an instance of an object.
16-02-2023 12:33:25:DBManager:connection_data:Object reference not set to an instance of an object.
16-02-2023 12:33:25:DBManager:connection_data:Object reference not set to an instance of an object.
16-02-2023 12:33:25:DBManager:connection_data:Object reference not set to an instance of an object.
16-02-2023 12:33:25:DBManager:connection_data:Object reference not set to an instance of an object.
16-02-2023 12:33:25:DBManager:connection_data:Object reference not set to an instance of an object.
16-02-2023 12:33:25:DBManager:connection_data:Object reference not set to an instance of an object.
16-02-2023 12:33:25:DBManager:connection_data:Object reference not set to an instance of an object.
16-02-2023 12:33:25:DBManager:connection_data:Object reference not set to an instance of an object.
16-02-2023 12:33:25:DBManager:connection_data:Object reference not set to an instance of an object.
16-02-2023 12:33:25:DBManager:connection_data:Object reference not set to an instance of an object.
16-02-2023 12:33:25:DBManager:connection_data:Object reference not set to an instance of an object.
16-02-2023 12:33:25:DBManager:connection_data:Object reference not set to an instance of an object.
16-02-2023 12:33:25:DBManager:connection_data:Object reference not set to an instance of an object.
16-02-2023 12:33:25:DBManager:connection_data:Object reference not set to an instance of an object.
16-02-2023 12:33:25:DBManager:connection_data:Object reference not set to an instance of an object.
16-02-2023 12:33:25:DBManager:connection_data:Object reference not set to an instance of an object.
16-02-2023 12:33:25:DBManager:connection_data:Object reference not set to an instance of an object.
16-02-2023 12:33:25:DBManager:connection_data:Object reference not set to an instance of an object.
16-02-2023 12:33:25:DBManager:connection_data:Object reference not set to an instance of an object.
16-02-2023 12:33:25:DBManager:connection_data:Object reference not set to an instance of an object.
16-02-2023 12:33:25:DBManager:connection_data:Object reference not set to an instance of an object.
16-02-2023 12:33:25:DBManager:connection_data:Object reference not set to an instance of an object.
16-02-2023 12:33:25:DBManager:connection_data:Object reference not set to an instance of an object.
16-02-2023 12:33:25:DBManager:connection_data:Object reference not set to an instance of an object.
16-02-2023 12:33:25:DBManager:connection_data:Object reference not set to an instance of an object.
16-02-2023 12:33:25:DBManager:connection_data:Object reference not set to an instance of an object.
16-02-2023 12:33:25:DBManager:connection_data:Object reference not set to an instance of an object.
16-02-2023 12:33:25:DBManager:connection_data:Object reference not set to an instance of an object.
16-02-2023 12:33:25:DBManager:connection_data:Object reference not set to an instance of an object.
16-02-2023 12:33:25:DBManager:connection_data:Object reference not set to an instance of an object.
16-02-2023 12:33:25:DBManager:connection_data:Object reference not set to an instance of an object.
16-02-2023 12:33:25:DBManager:connection_data:Object reference not set to an instance of an object.
16-02-2023 12:33:25:DBManager:connection_data:Object reference not set to an instance of an object.
16-02-2023 12:33:25:DBManager:connection_data:Object reference not set to an instance of an object.
16-02-2023 12:33:25:DBManager:connection_data:Object reference not set to an instance of an object.
16-02-2023 12:33:25:DBManager:connection_data:Object reference not set to an instance of an object.
16-02-2023 12:33:25:DBManager:connection_data:Object reference not set to an instance of an object.
16-02-2023 12:33:25:DBManager:connection_data:Object reference not set to an instance of an object.
16-02-2023 12:33:25:DBManager:connection_data:Object reference not set to an instance of an object.
16-02-2023 12:33:25:DBManager:connection_data:Object reference not set to an instance of an object.
16-02-2023 12:33:25:DBManager:connection_data:Object reference not set to an instance of an object.
16-02-2023 12:33:25:DBManager:connection_data:Object reference not set to an instance of an object.
16-02-2023 12:33:25:DBManager:connection_data:Object reference not set to an instance of an object.
16-02-2023 12:33:25:DBManager:connection_data:Object reference not set to an instance of an object.
16-02-2023 12:33:25:DBManager:connection_data:Object reference not set to an instance of an object.
16-02-2023 12:33:25:DBManager:connection_data:Object reference not set to an instance of an object.
16-02-2023 12:33:25:DBManager:connection_data:Object reference not set to an instance of an object.
16-02-2023 12:33:25:DBManager:connection_data:Object reference not set to an instance of an object.
16-02-2023 12:33:25:DBManager:connection_data:Object reference not set to an instance of an object.
16-02-2023 12:33:25:DBManager:connection_data:Object reference not set to an instance of an object.
16-02-2023 12:33:25:DBManager:connection_data:Object reference not set to an instance of an object.
16-02-2023 12:33:25:DBManager:connection_data:Object reference not set to an instance of an object.
16-02-2023 12:33:25:DBManager:connection_data:Object reference not set to an instance of an object.
16-02-2023 12:33:25:DBManager:connection_data:Object reference not set to an instance of an object.
16-02-2023 12:33:25:DBManager:connection_data:Object reference not set to an instance of an object.
16-02-2023 12:33:25:DBManager:connection_data:Object reference not set to an instance of an object.
16-02-2023 12:33:25:DBManager:connection_data:Object reference not set to an instance of an object.
16-02-2023 12:33:25:DBManager:connection_data:Object reference not set to an instance of an object.
16-02-2023 12:33:25:DBManager:connection_data:Object reference not set to an instance of an object.
16-02-2023 12:33:25:DBManager:connection_data:Object reference not set to an instance of an object.
16-02-2023 12:33:25:DBManager:connection_data:Object reference not set to an instance of an object.
16-02-2023 12:33:25:DBManager:connection_data:Object reference not set to an instance of an object.
16-02-2023 12:33:25:DBManager:connection_data:Object reference not set to an instance of an object.
16-02-2023 12:33:25:DBManager:connection_data:Object reference not set to an instance of an object.
16-02-2023 12:33:25:DBManager:connection_data:Object reference not set to an instance of an object.
16-02-2023 12:33:25:DBManager:connection_data:Object reference not set to an instance of an object.
16-02-2023 12:33:25:DBManager:connection_data:Object reference not set to an instance of an object.
16-02-2023 12:33:25:DBManager:connection_data:Object reference not set to an instance of an object.
16-02-2023 12:33:25:DBManager:connection_data:Object reference not set to an instance of an object.
16-02-2023 12:33:25:DBManager:connection_data:Object reference not set to an instance of an object.
16-02-2023 12:33:25:DBManager:connection_data:Object reference not set to an instance of an object.
16-02-2023 12:33:25:DBManager:connection_data:Object reference not set to an instance of an object.
16-02-2023 12:33:25:DBManager:connection_data:Object reference not set to an instance of an object.
16-02-2023 12:33:25:DBManager:connection_data:Object reference not set to an instance of an object.
16-02-2023 12:33:25:DBManager:connection_data:Object reference not set to an instance of an object.
16-02-2023 12:33:25:DBManager:connection_data:Object reference not set to an instance of an object.
16-02-2023 12:33:25:DBManager:connection_data:Object reference not set to an instance of an object.
16-02-2023 12:33:25:DBManager:connection_data:Object reference not set to an instance of an object.
16-02-2023 12:33:25:DBManager:connection_data:Object reference not set to an instance of an object.
16-02-2023 12:33:25:DBManager:connection_data:Object reference not set to an instance of an object.
16-02-2023 12:33:27:DBManager:connection_data:Object reference not set to an instance of an object.
16-02-2023 12:33:27:DBManager:connection_data:Object reference not set to an instance of an object.
16-02-2023 12:33:27:DBManager:connection_data:Object reference not set to an instance of an object.
16-02-2023 12:33:27:DBManager:connection_data:Object reference not set to an instance of an object.
16-02-2023 12:33:27:DBManager:connection_data:Object reference not set to an instance of an object.
16-02-2023 12:33:27:DBManager:connection_data:Object reference not set to an instance of an object.
16-02-2023 12:33:27:DBManager:connection_data:Object reference not set to an instance of an object.
16-02-2023 12:33:27:DBManager:connection_data:Object reference not set to an instance of an object.
16-02-2023 12:33:27:DBManager:connection_data:Object reference not set to an instance of an object.
16-02-2023 12:33:27:DBManager:connection_data:Object reference not set to an instance of an object.
16-02-2023 12:33:27:DBManager:connection_data:Object reference not set to an instance of an object.
16-02-2023 12:33:27:DBManager:connection_data:Object reference not set to an instance of an object.
16-02-2023 12:33:27:DBManager:connection_data:Object reference not set to an instance of an object.
16-02-2023 12:33:27:DBManager:connection_data:Object reference not set to an instance of an object.
16-02-2023 12:33:27:DBManager:connection_data:Object reference not set to an instance of an object.
16-02-2023 12:33:27:DBManager:connection_data:Object reference not set to an instance of an object.
16-02-2023 12:33:27:DBManager:connection_data:Object reference not set to an instance of an object.
16-02-2023 12:33:27:DBManager:connection_data:Object reference not set to an instance of an object.
16-02-2023 12:33:27:DBManager:connection_data:Object reference not set to an instance of an object.
16-02-2023 12:33:27:DBManager:connection_data:Object reference not set to an instance of an object.
16-02-2023 12:33:27:DBManager:connection_data:Object reference not set to an instance of an object.
16-02-2023 12:33:27:DBManager:connection_data:Object reference not set to an instance of an object.
16-02-2023 12:33:27:DBManager:connection_data:Object reference not set to an instance of an object.
16-02-2023 12:33:27:DBManager:connection_data:Object reference not set to an instance of an object.
16-02-2023 12:33:27:DBManager:connection_data:Object reference not set to an instance of an object.
16-02-2023 12:33:27:DBManager:connection_data:Object reference not set to an instance of an object.
16-02-2023 12:33:27:DBManager:connection_data:Object reference not set to an instance of an object.
16-02-2023 12:33:27:DBManager:connection_data:Object reference not set to an instance of an object.
16-02-2023 12:33:27:DBManager:connection_data:Object reference not set to an instance of an object.
16-02-2023 12:33:27:DBManager:connection_data:Object reference not set to an instance of an object.
16-02-2023 12:33:27:DBManager:connection_data:Object reference not set to an instance of an object.
16-02-2023 12:33:27:DBManager:connection_data:Object reference not set to an instance of an object.
16-02-2023 12:33:27:DBManager:connection_data:Object reference not set to an instance of an object.
16-02-2023 12:33:27:DBManager:connection_data:Object reference not set to an instance of an object.
16-02-2023 12:33:27:DBManager:connection_data:Object reference not set to an instance of an object.
16-02-2023 12:33:27:DBManager:connection_data:Object reference not set to an instance of an object.
16-02-2023 12:33:27:DBManager:connection_data:Object reference not set to an instance of an object.
16-02-2023 12:33:27:DBManager:connection_data:Object reference not set to an instance of an object.
16-02-2023 12:33:27:DBManager:connection_data:Object reference not set to an instance of an object.
16-02-2023 12:33:27:DBManager:connection_data:Object reference not set to an instance of an object.
16-02-2023 12:33:27:DBManager:connection_data:Object reference not set to an instance of an object.
16-02-2023 12:33:27:DBManager:connection_data:Object reference not set to an instance of an object.
16-02-2023 12:33:27:DBManager:connection_data:Object reference not set to an instance of an object.
16-02-2023 12:33:27:DBManager:connection_data:Object reference not set to an instance of an object.
16-02-2023 12:33:27:DBManager:connection_data:Object reference not set to an instance of an object.
16-02-2023 12:33:27:DBManager:connection_data:Object reference not set to an instance of an object.
16-02-2023 12:33:27:DBManager:connection_data:Object reference not set to an instance of an object.
16-02-2023 12:33:27:DBManager:connection_data:Object reference not set to an instance of an object.
16-02-2023 12:33:27:DBManager:connection_data:Object reference not set to an instance of an object.
16-02-2023 12:33:27:DBManager:connection_data:Object reference not set to an instance of an object.
16-02-2023 12:33:27:DBManager:connection_data:Object reference not set to an instance of an object.
16-02-2023 12:33:27:DBManager:connection_data:Object reference not set to an instance of an object.
16-02-2023 12:33:27:DBManager:connection_data:Object reference not set to an instance of an object.
16-02-2023 12:33:27:DBManager:connection_data:Object reference not set to an instance of an object.
16-02-2023 12:33:27:DBManager:connection_data:Object reference not set to an instance of an object.
16-02-2023 12:33:27:DBManager:connection_data:Object reference not set to an instance of an object.
16-02-2023 12:33:27:DBManager:connection_data:Object reference not set to an instance of an object.
16-02-2023 12:33:27:DBManager:connection_data:Object reference not set to an instance of an object.
16-02-2023 12:33:27:DBManager:connection_data:Object reference not set to an instance of an object.
16-02-2023 12:33:27:DBManager:connection_data:Object reference not set to an instance of an object.
16-02-2023 12:33:27:DBManager:connection_data:Object reference not set to an instance of an object.
16-02-2023 12:33:27:DBManager:connection_data:Object reference not set to an instance of an object.
16-02-2023 12:33:27:DBManager:connection_data:Object reference not set to an instance of an object.
16-02-2023 12:33:27:DBManager:connection_data:Object reference not set to an instance of an object.
16-02-2023 12:33:27:DBManager:connection_data:Object reference not set to an instance of an object.
16-02-2023 12:33:27:DBManager:connection_data:Object reference not set to an instance of an object.
16-02-2023 12:33:27:DBManager:connection_data:Object reference not set to an instance of an object.
16-02-2023 12:33:27:DBManager:connection_data:Object reference not set to an instance of an object.
16-02-2023 12:33:27:DBManager:connection_data:Object reference not set to an instance of an object.
16-02-2023 12:33:27:DBManager:connection_data:Object reference not set to an instance of an object.
16-02-2023 12:33:27:DBManager:connection_data:Object reference not set to an instance of an object.
16-02-2023 12:33:27:DBManager:connection_data:Object reference not set to an instance of an object.
16-02-2023 12:33:27:DBManager:connection_data:Object reference not set to an instance of an object.
16-02-2023 12:33:27:DBManager:connection_data:Object reference not set to an instance of an object.
16-02-2023 12:33:27:DBManager:connection_data:Object reference not set to an instance of an object.
16-02-2023 12:33:27:DBManager:connection_data:Object reference not set to an instance of an object.
16-02-2023 12:33:27:DBManager:connection_data:Object reference not set to an instance of an object.
16-02-2023 12:33:27:DBManager:connection_data:Object reference not set to an instance of an object.
16-02-2023 12:33:27:DBManager:connection_data:Object reference not set to an instance of an object.
16-02-2023 12:33:27:DBManager:connection_data:Object reference not set to an instance of an object.
16-02-2023 12:33:27:DBManager:connection_data:Object reference not set to an instance of an object.
16-02-2023 12:33:27:DBManager:connection_data:Object reference not set to an instance of an object.
16-02-2023 12:33:27:DBManager:connection_data:Object reference not set to an instance of an object.
16-02-2023 12:33:27:DBManager:connection_data:Object reference not set to an instance of an object.
16-02-2023 12:33:27:DBManager:connection_data:Object reference not set to an instance of an object.
16-02-2023 12:33:27:DBManager:connection_data:Object reference not set to an instance of an object.
16-02-2023 12:33:27:DBManager:connection_data:Object reference not set to an instance of an object.
16-02-2023 12:33:27:DBManager:connection_data:Object reference not set to an instance of an object.
16-02-2023 12:33:27:DBManager:connection_data:Object reference not set to an instance of an object.
16-02-2023 12:33:27:DBManager:connection_data:Object reference not set to an instance of an object.
16-02-2023 12:33:27:DBManager:connection_data:Object reference not set to an instance of an object.
16-02-2023 12:33:27:DBManager:connection_data:Object reference not set to an instance of an object.
16-02-2023 12:33:27:DBManager:connection_data:Object reference not set to an instance of an object.
16-02-2023 12:33:27:DBManager:connection_data:Object reference not set to an instance of an object.
16-02-2023 12:33:27:DBManager:connection_data:Object reference not set to an instance of an object.
16-02-2023 12:33:27:DBManager:connection_data:Object reference not set to an instance of an object.
16-02-2023 12:33:27:DBManager:connection_data:Object reference not set to an instance of an object.
16-02-2023 12:33:27:DBManager:connection_data:Object reference not set to an instance of an object.
16-02-2023 12:33:27:DBManager:connection_data:Object reference not set to an instance of an object.
16-02-2023 12:33:27:DBManager:connection_data:Object reference not set to an instance of an object.
16-02-2023 12:33:27:DBManager:connection_data:Object reference not set to an instance of an object.
16-02-2023 12:33:27:DBManager:connection_data:Object reference not set to an instance of an object.
16-02-2023 12:33:27:DBManager:connection_data:Object reference not set to an instance of an object.
16-02-2023 12:33:27:DBManager:connection_data:Object reference not set to an instance of an object.
16-02-2023 12:33:27:DBManager:connection_data:Object reference not set to an instance of an object.
16-02-2023 12:33:27:DBManager:connection_data:Object reference not set to an instance of an object.
16-02-2023 12:33:27:DBManager:connection_data:Object reference not set to an instance of an object.
16-02-2023 12:33:27:DBManager:connection_data:Object reference not set to an instance of an object.
16-02-2023 12:33:27:DBManager:connection_data:Object reference not set to an instance of an object.
16-02-2023 12:33:27:DBManager:connection_data:Object reference not set to an instance of an object.
16-02-2023 12:33:27:DBManager:connection_data:Object reference not set to an instance of an object.
16-02-2023 12:33:27:DBManager:connection_data:Object reference not set to an instance of an object.
16-02-2023 12:33:27:DBManager:connection_data:Object reference not set to an instance of an object.
16-02-2023 12:33:27:DBManager:connection_data:Object reference not set to an instance of an object.
16-02-2023 12:33:27:DBManager:connection_data:Object reference not set to an instance of an object.
16-02-2023 12:33:27:DBManager:connection_data:Object reference not set to an instance of an object.
16-02-2023 12:33:27:DBManager:connection_data:Object reference not set to an instance of an object.
16-02-2023 12:33:27:DBManager:connection_data:Object reference not set to an instance of an object.
16-02-2023 12:33:27:DBManager:connection_data:Object reference not set to an instance of an object.
16-02-2023 12:33:27:DBManager:connection_data:Object reference not set to an instance of an object.
16-02-2023 12:33:27:DBManager:connection_data:Object reference not set to an instance of an object.
16-02-2023 12:33:27:DBManager:connection_data:Object reference not set to an instance of an object.
16-02-2023 12:33:27:DBManager:connection_data:Object reference not set to an instance of an object.
16-02-2023 12:33:27:DBManager:connection_data:Object reference not set to an instance of an object.
16-02-2023 12:33:27:DBManager:connection_data:Object reference not set to an instance of an object.
16-02-2023 12:33:27:DBManager:connection_data:Object reference not set to an instance of an object.
16-02-2023 12:33:27:DBManager:connection_data:Object reference not set to an instance of an object.
16-02-2023 12:33:27:DBManager:connection_data:Object reference not set to an instance of an object.
16-02-2023 12:33:27:DBManager:connection_data:Object reference not set to an instance of an object.
16-02-2023 12:33:27:DBManager:connection_data:Object reference not set to an instance of an object.
16-02-2023 12:33:27:DBManager:connection_data:Object reference not set to an instance of an object.
16-02-2023 12:33:27:DBManager:connection_data:Object reference not set to an instance of an object.
16-02-2023 12:33:27:DBManager:connection_data:Object reference not set to an instance of an object.
16-02-2023 12:33:27:DBManager:connection_data:Object reference not set to an instance of an object.
16-02-2023 12:33:27:DBManager:connection_data:Object reference not set to an instance of an object.
16-02-2023 12:33:27:DBManager:connection_data:Object reference not set to an instance of an object.
16-02-2023 12:33:27:DBManager:connection_data:Object reference not set to an instance of an object.
16-02-2023 12:33:27:DBManager:connection_data:Object reference not set to an instance of an object.
16-02-2023 12:33:27:DBManager:connection_data:Object reference not set to an instance of an object.
16-02-2023 12:33:27:DBManager:connection_data:Object reference not set to an instance of an object.
16-02-2023 12:33:27:DBManager:connection_data:Object reference not set to an instance of an object.
16-02-2023 12:33:27:DBManager:connection_data:Object reference not set to an instance of an object.
16-02-2023 12:33:27:DBManager:connection_data:Object reference not set to an instance of an object.
16-02-2023 12:33:27:DBManager:connection_data:Object reference not set to an instance of an object.
16-02-2023 12:33:27:DBManager:connection_data:Object reference not set to an instance of an object.
16-02-2023 12:33:27:DBManager:connection_data:Object reference not set to an instance of an object.
16-02-2023 12:33:27:DBManager:connection_data:Object reference not set to an instance of an object.
16-02-2023 12:33:27:DBManager:connection_data:Object reference not set to an instance of an object.
16-02-2023 12:33:27:DBManager:connection_data:Object reference not set to an instance of an object.
16-02-2023 12:33:27:DBManager:connection_data:Object reference not set to an instance of an object.
16-02-2023 12:33:27:DBManager:connection_data:Object reference not set to an instance of an object.
16-02-2023 12:33:27:DBManager:connection_data:Object reference not set to an instance of an object.
16-02-2023 12:33:27:DBManager:connection_data:Object reference not set to an instance of an object.
16-02-2023 12:33:27:DBManager:connection_data:Object reference not set to an instance of an object.
16-02-2023 12:33:27:DBManager:connection_data:Object reference not set to an instance of an object.
16-02-2023 12:33:27:DBManager:connection_data:Object reference not set to an instance of an object.
16-02-2023 12:33:27:DBManager:connection_data:Object reference not set to an instance of an object.
16-02-2023 12:33:27:DBManager:connection_data:Object reference not set to an instance of an object.
16-02-2023 12:33:27:DBManager:connection_data:Object reference not set to an instance of an object.
16-02-2023 12:33:27:DBManager:connection_data:Object reference not set to an instance of an object.
16-02-2023 12:33:27:DBManager:connection_data:Object reference not set to an instance of an object.
16-02-2023 12:33:27:DBManager:connection_data:Object reference not set to an instance of an object.
16-02-2023 12:33:27:DBManager:connection_data:Object reference not set to an instance of an object.
16-02-2023 12:33:27:DBManager:connection_data:Object reference not set to an instance of an object.
16-02-2023 12:33:27:DBManager:connection_data:Object reference not set to an instance of an object.
16-02-2023 12:33:27:DBManager:connection_data:Object reference not set to an instance of an object.
16-02-2023 12:33:27:DBManager:connection_data:Object reference not set to an instance of an object.
16-02-2023 12:33:27:DBManager:connection_data:Object reference not set to an instance of an object.
16-02-2023 12:33:32:DBManager:connection_data:Object reference not set to an instance of an object.
16-02-2023 12:33:32:DBManager:connection_data:Object reference not set to an instance of an object.
16-02-2023 12:33:32:DBManager:connection_data:Object reference not set to an instance of an object.
16-02-2023 12:33:32:DBManager:connection_data:Object reference not set to an instance of an object.
16-02-2023 12:33:32:DBManager:connection_data:Object reference not set to an instance of an object.
16-02-2023 12:33:32:DBManager:connection_data:Object reference not set to an instance of an object.
16-02-2023 12:34:01:DBManager:connection_data:Object reference not set to an instance of an object.
16-02-2023 12:34:01:DBManager:connection_data:Object reference not set to an instance of an object.
16-02-2023 12:34:01:DBManager:connection_data:Object reference not set to an instance of an object.
16-02-2023 12:34:01:DBManager:connection_data:Object reference not set to an instance of an object.
16-02-2023 12:34:01:DBManager:connection_data:Object reference not set to an instance of an object.
16-02-2023 12:34:01:DBManager:connection_data:Object reference not set to an instance of an object.
16/02/2023 12:34:01 PM:MasterPage:Page_Init:Thread was being aborted.
16-02-2023 12:34:01:DBManager:connection_data:Object reference not set to an instance of an object.
16-02-2023 12:34:01:DBManager:connection_data:Object reference not set to an instance of an object.
16-02-2023 12:34:01:DBManager:connection_data:Object reference not set to an instance of an object.
16/02/2023 12:34:01 PM:SignIn:btnLogIn_Click:test
16-02-2023 13:47:44:DBManager:connection_data:Object reference not set to an instance of an object.
16-02-2023 13:47:44:DBManager:connection_data:Object reference not set to an instance of an object.
16-02-2023 13:47:44:DBManager:connection_data:Object reference not set to an instance of an object.
16/02/2023 1:47:44 PM:SignIn:btnLogIn_Click:test
16-02-2023 13:49:01:DBManager:connection_data:Object reference not set to an instance of an object.
16-02-2023 13:49:01:DBManager:connection_data:Object reference not set to an instance of an object.
16-02-2023 13:49:01:DBManager:connection_data:Object reference not set to an instance of an object.
16/02/2023 1:49:01 PM:SignIn:btnLogIn_Click:test
16-02-2023 14:03:49:DBManager:connection_data:Object reference not set to an instance of an object.
16-02-2023 14:03:49:DBManager:connection_data:Object reference not set to an instance of an object.
16-02-2023 14:03:49:DBManager:connection_data:Object reference not set to an instance of an object.
16-02-2023 14:03:49:DBManager:connection_data:Object reference not set to an instance of an object.
16-02-2023 14:03:49:DBManager:connection_data:Object reference not set to an instance of an object.
16-02-2023 14:03:49:DBManager:connection_data:Object reference not set to an instance of an object.
16/02/2023 2:03:49 PM:MasterPage:Page_Init:Thread was being aborted.
16-02-2023 14:03:49:DBManager:connection_data:Object reference not set to an instance of an object.
16-02-2023 14:03:49:DBManager:connection_data:Object reference not set to an instance of an object.
16-02-2023 14:03:49:DBManager:connection_data:Object reference not set to an instance of an object.
16/02/2023 2:03:49 PM:SignIn:btnLogIn_Click:test
16-02-2023 14:03:52:DBManager:connection_data:Object reference not set to an instance of an object.
16-02-2023 14:03:52:DBManager:connection_data:Object reference not set to an instance of an object.
16-02-2023 14:03:52:DBManager:connection_data:Object reference not set to an instance of an object.
16/02/2023 2:03:52 PM:SignIn:btnLogIn_Click:test
16/02/2023 2:03:52 PM:SignIn:btnLogIn_Click4:
16/02/2023 2:03:52 PM:SignIn:btnLogIn_Click5:
16/02/2023 2:03:52 PM:SignIn:btnLogIn_Click7:
16/02/2023 2:03:52 PM:SignIn:btnLogIn_Click8:
16/02/2023 2:03:52 PM:ClsDataccess:Getdatatable:The ConnectionString property has not been initialized.
16-02-2023 14:03:52:DBManager:connection_data:Object reference not set to an instance of an object.
16-02-2023 14:03:52:DBManager:connection_data:Object reference not set to an instance of an object.
16-02-2023 14:03:52:DBManager:connection_data:Object reference not set to an instance of an object.
16-02-2023 14:03:52:DBManager:connection_data:Object reference not set to an instance of an object.
16-02-2023 14:03:52:DBManager:connection_data:Object reference not set to an instance of an object.
16-02-2023 14:03:52:DBManager:connection_data:Object reference not set to an instance of an object.
16-02-2023 14:03:52:DBManager:connection_data:Object reference not set to an instance of an object.
16-02-2023 14:03:52:DBManager:connection_data:Object reference not set to an instance of an object.
16-02-2023 14:03:52:DBManager:connection_data:Object reference not set to an instance of an object.
16-02-2023 14:03:52:DBManager:connection_data:Object reference not set to an instance of an object.
16-02-2023 14:03:52:DBManager:connection_data:Object reference not set to an instance of an object.
16-02-2023 14:03:52:DBManager:connection_data:Object reference not set to an instance of an object.
16-02-2023 14:03:52:DBManager:connection_data:Object reference not set to an instance of an object.
16-02-2023 14:03:52:DBManager:connection_data:Object reference not set to an instance of an object.
16-02-2023 14:03:52:DBManager:connection_data:Object reference not set to an instance of an object.
16-02-2023 14:03:52:DBManager:connection_data:Object reference not set to an instance of an object.
16-02-2023 14:03:52:DBManager:connection_data:Object reference not set to an instance of an object.
16-02-2023 14:03:52:DBManager:connection_data:Object reference not set to an instance of an object.
16-02-2023 14:03:52:DBManager:connection_data:Object reference not set to an instance of an object.
16-02-2023 14:03:52:DBManager:connection_data:Object reference not set to an instance of an object.
16-02-2023 14:03:52:DBManager:connection_data:Object reference not set to an instance of an object.
16-02-2023 14:03:52:DBManager:connection_data:Object reference not set to an instance of an object.
16-02-2023 14:03:52:DBManager:connection_data:Object reference not set to an instance of an object.
16-02-2023 14:03:52:DBManager:connection_data:Object reference not set to an instance of an object.
16-02-2023 14:03:52:DBManager:connection_data:Object reference not set to an instance of an object.
16-02-2023 14:03:52:DBManager:connection_data:Object reference not set to an instance of an object.
16-02-2023 14:03:52:DBManager:connection_data:Object reference not set to an instance of an object.
16-02-2023 14:03:52:DBManager:connection_data:Object reference not set to an instance of an object.
16-02-2023 14:03:52:DBManager:connection_data:Object reference not set to an instance of an object.
16-02-2023 14:03:52:DBManager:connection_data:Object reference not set to an instance of an object.
16-02-2023 14:03:52:DBManager:connection_data:Object reference not set to an instance of an object.
16-02-2023 14:03:52:DBManager:connection_data:Object reference not set to an instance of an object.
16-02-2023 14:03:52:DBManager:connection_data:Object reference not set to an instance of an object.
16-02-2023 14:03:52:DBManager:connection_data:Object reference not set to an instance of an object.
16-02-2023 14:03:52:DBManager:connection_data:Object reference not set to an instance of an object.
16-02-2023 14:03:52:DBManager:connection_data:Object reference not set to an instance of an object.
16-02-2023 14:03:52:DBManager:connection_data:Object reference not set to an instance of an object.
16-02-2023 14:03:52:DBManager:connection_data:Object reference not set to an instance of an object.
16-02-2023 14:03:52:DBManager:connection_data:Object reference not set to an instance of an object.
16-02-2023 14:03:52:DBManager:connection_data:Object reference not set to an instance of an object.
16-02-2023 14:03:52:DBManager:connection_data:Object reference not set to an instance of an object.
16-02-2023 14:03:52:DBManager:connection_data:Object reference not set to an instance of an object.
16-02-2023 14:03:52:DBManager:connection_data:Object reference not set to an instance of an object.
16-02-2023 14:03:52:DBManager:connection_data:Object reference not set to an instance of an object.
16-02-2023 14:03:52:DBManager:connection_data:Object reference not set to an instance of an object.
16-02-2023 14:03:52:DBManager:connection_data:Object reference not set to an instance of an object.
16-02-2023 14:03:52:DBManager:connection_data:Object reference not set to an instance of an object.
16-02-2023 14:03:52:DBManager:connection_data:Object reference not set to an instance of an object.
16-02-2023 14:03:52:DBManager:connection_data:Object reference not set to an instance of an object.
16-02-2023 14:03:52:DBManager:connection_data:Object reference not set to an instance of an object.
16-02-2023 14:03:52:DBManager:connection_data:Object reference not set to an instance of an object.
16-02-2023 14:03:52:DBManager:connection_data:Object reference not set to an instance of an object.
16-02-2023 14:03:52:DBManager:connection_data:Object reference not set to an instance of an object.
16-02-2023 14:03:52:DBManager:connection_data:Object reference not set to an instance of an object.
16-02-2023 14:03:52:DBManager:connection_data:Object reference not set to an instance of an object.
16-02-2023 14:03:52:DBManager:connection_data:Object reference not set to an instance of an object.
16-02-2023 14:03:52:DBManager:connection_data:Object reference not set to an instance of an object.
16-02-2023 14:03:52:DBManager:connection_data:Object reference not set to an instance of an object.
16-02-2023 14:03:52:DBManager:connection_data:Object reference not set to an instance of an object.
16-02-2023 14:03:52:DBManager:connection_data:Object reference not set to an instance of an object.
16-02-2023 14:03:52:DBManager:connection_data:Object reference not set to an instance of an object.
16-02-2023 14:03:52:DBManager:connection_data:Object reference not set to an instance of an object.
16-02-2023 14:03:52:DBManager:connection_data:Object reference not set to an instance of an object.
16-02-2023 14:03:52:DBManager:connection_data:Object reference not set to an instance of an object.
16-02-2023 14:03:52:DBManager:connection_data:Object reference not set to an instance of an object.
16-02-2023 14:03:52:DBManager:connection_data:Object reference not set to an instance of an object.
16-02-2023 14:03:52:DBManager:connection_data:Object reference not set to an instance of an object.
16-02-2023 14:03:52:DBManager:connection_data:Object reference not set to an instance of an object.
16-02-2023 14:03:52:DBManager:connection_data:Object reference not set to an instance of an object.
16-02-2023 14:03:52:DBManager:connection_data:Object reference not set to an instance of an object.
16-02-2023 14:03:52:DBManager:connection_data:Object reference not set to an instance of an object.
16-02-2023 14:03:52:DBManager:connection_data:Object reference not set to an instance of an object.
16-02-2023 14:03:52:DBManager:connection_data:Object reference not set to an instance of an object.
16-02-2023 14:03:52:DBManager:connection_data:Object reference not set to an instance of an object.
16-02-2023 14:03:52:DBManager:connection_data:Object reference not set to an instance of an object.
16-02-2023 14:03:52:DBManager:connection_data:Object reference not set to an instance of an object.
16-02-2023 14:03:52:DBManager:connection_data:Object reference not set to an instance of an object.
16-02-2023 14:16:20:DBManager:connection_data:Object reference not set to an instance of an object.
16-02-2023 14:16:20:DBManager:connection_data:Object reference not set to an instance of an object.
16-02-2023 14:16:20:DBManager:connection_data:Object reference not set to an instance of an object.
16-02-2023 14:16:20:DBManager:connection_data:Object reference not set to an instance of an object.
16-02-2023 14:16:20:DBManager:connection_data:Object reference not set to an instance of an object.
16-02-2023 14:16:20:DBManager:connection_data:Object reference not set to an instance of an object.
16/02/2023 2:16:20 PM:Location_List:rdLocaton_ItemDataBoundObject reference not set to an instance of an object.
16/02/2023 2:16:20 PM:Location_List:rdLocaton_ItemDataBoundObject reference not set to an instance of an object.
16-02-2023 14:16:21:DBManager:connection_data:Object reference not set to an instance of an object.
16-02-2023 14:16:21:DBManager:connection_data:Object reference not set to an instance of an object.
16-02-2023 14:16:21:DBManager:connection_data:Object reference not set to an instance of an object.
16-02-2023 14:16:21:DBManager:connection_data:Object reference not set to an instance of an object.
16-02-2023 14:16:21:DBManager:connection_data:Object reference not set to an instance of an object.
16-02-2023 14:16:21:DBManager:connection_data:Object reference not set to an instance of an object.
16-02-2023 14:17:03:DBManager:connection_data:Object reference not set to an instance of an object.
16-02-2023 14:17:03:DBManager:connection_data:Object reference not set to an instance of an object.
16-02-2023 14:17:03:DBManager:connection_data:Object reference not set to an instance of an object.
16-02-2023 14:17:03:DBManager:connection_data:Object reference not set to an instance of an object.
16-02-2023 14:17:03:DBManager:connection_data:Object reference not set to an instance of an object.
16-02-2023 14:17:03:DBManager:connection_data:Object reference not set to an instance of an object.
16-02-2023 14:17:06:DBManager:connection_data:Object reference not set to an instance of an object.
16-02-2023 14:17:06:DBManager:connection_data:Object reference not set to an instance of an object.
16-02-2023 14:17:06:DBManager:connection_data:Object reference not set to an instance of an object.
16-02-2023 14:17:06:DBManager:connection_data:Object reference not set to an instance of an object.
16-02-2023 14:17:06:DBManager:connection_data:Object reference not set to an instance of an object.
16-02-2023 14:17:06:DBManager:connection_data:Object reference not set to an instance of an object.
16-02-2023 19:00:16:DBManager:connection_data:Object reference not set to an instance of an object.
16-02-2023 19:00:16:DBManager:connection_data:Object reference not set to an instance of an object.
16-02-2023 19:00:16:DBManager:connection_data:Object reference not set to an instance of an object.
16/02/2023 7:00:16 PM:SignIn:btnLogIn_Click:test
