31-01-2023 14:55:43:DBManager:connection_data:Object reference not set to an instance of an object.
31-01-2023 14:55:43:DBManager:connection_data:Object reference not set to an instance of an object.
31-01-2023 14:55:43:DBManager:connection_data:Object reference not set to an instance of an object.
31/01/2023 2:55:43 PM:SignIn:btnLogIn_Click:test
31-01-2023 14:57:31:DBManager:connection_data:Object reference not set to an instance of an object.
31-01-2023 14:57:31:DBManager:connection_data:Object reference not set to an instance of an object.
31/01/2023 2:59:13 PM:POS_WS:CallMethod():Conversion from string "" to type 'Integer' is not valid.
31-01-2023 14:59:18:DBManager:connection_data:Object reference not set to an instance of an object.
31-01-2023 14:59:18:DBManager:connection_data:Object reference not set to an instance of an object.
31-01-2023 14:59:22:DBManager:connection_data:Object reference not set to an instance of an object.
31-01-2023 14:59:22:DBManager:connection_data:Object reference not set to an instance of an object.
31-01-2023 14:59:54:DBManager:connection_data:Object reference not set to an instance of an object.
31-01-2023 14:59:54:DBManager:connection_data:Object reference not set to an instance of an object.
31-01-2023 15:00:05:DBManager:connection_data:Object reference not set to an instance of an object.
31-01-2023 15:00:05:DBManager:connection_data:Object reference not set to an instance of an object.
31-01-2023 16:45:19:DBManager:connection_data:Object reference not set to an instance of an object.
31-01-2023 16:45:19:DBManager:connection_data:Object reference not set to an instance of an object.
31-01-2023 16:45:19:DBManager:connection_data:Object reference not set to an instance of an object.
31-01-2023 16:45:19:DBManager:connection_data:Object reference not set to an instance of an object.
31-01-2023 16:45:19:DBManager:connection_data:Object reference not set to an instance of an object.
31-01-2023 16:45:19:DBManager:connection_data:Object reference not set to an instance of an object.
31-01-2023 16:45:19:DBManager:connection_data:Object reference not set to an instance of an object.
31-01-2023 16:45:19:DBManager:connection_data:Object reference not set to an instance of an object.
31-01-2023 16:45:19:DBManager:connection_data:Object reference not set to an instance of an object.
31-01-2023 16:45:19:DBManager:connection_data:Object reference not set to an instance of an object.
31-01-2023 16:45:19:DBManager:connection_data:Object reference not set to an instance of an object.
31-01-2023 16:45:19:DBManager:connection_data:Object reference not set to an instance of an object.
31-01-2023 16:45:19:DBManager:connection_data:Object reference not set to an instance of an object.
31-01-2023 16:45:19:DBManager:connection_data:Object reference not set to an instance of an object.
31-01-2023 16:45:19:DBManager:connection_data:Object reference not set to an instance of an object.
31-01-2023 16:45:19:DBManager:connection_data:Object reference not set to an instance of an object.
31-01-2023 16:45:19:DBManager:connection_data:Object reference not set to an instance of an object.
31-01-2023 16:45:19:DBManager:connection_data:Object reference not set to an instance of an object.
31-01-2023 16:45:19:DBManager:connection_data:Object reference not set to an instance of an object.
31-01-2023 16:45:19:DBManager:connection_data:Object reference not set to an instance of an object.
31-01-2023 16:45:19:DBManager:connection_data:Object reference not set to an instance of an object.
31-01-2023 16:45:19:DBManager:connection_data:Object reference not set to an instance of an object.
31-01-2023 16:45:19:DBManager:connection_data:Object reference not set to an instance of an object.
31-01-2023 16:45:19:DBManager:connection_data:Object reference not set to an instance of an object.
31-01-2023 16:45:19:DBManager:connection_data:Object reference not set to an instance of an object.
31-01-2023 16:45:19:DBManager:connection_data:Object reference not set to an instance of an object.
31-01-2023 16:45:19:DBManager:connection_data:Object reference not set to an instance of an object.
31-01-2023 16:45:19:DBManager:connection_data:Object reference not set to an instance of an object.
31-01-2023 16:45:19:DBManager:connection_data:Object reference not set to an instance of an object.
31-01-2023 16:45:19:DBManager:connection_data:Object reference not set to an instance of an object.
31-01-2023 16:45:19:DBManager:connection_data:Object reference not set to an instance of an object.
31-01-2023 16:45:19:DBManager:connection_data:Object reference not set to an instance of an object.
31-01-2023 16:45:19:DBManager:connection_data:Object reference not set to an instance of an object.
31-01-2023 16:45:19:DBManager:connection_data:Object reference not set to an instance of an object.
31-01-2023 16:45:19:DBManager:connection_data:Object reference not set to an instance of an object.
31-01-2023 16:45:19:DBManager:connection_data:Object reference not set to an instance of an object.
31-01-2023 16:45:19:DBManager:connection_data:Object reference not set to an instance of an object.
31-01-2023 16:45:19:DBManager:connection_data:Object reference not set to an instance of an object.
31-01-2023 16:45:19:DBManager:connection_data:Object reference not set to an instance of an object.
31-01-2023 16:45:19:DBManager:connection_data:Object reference not set to an instance of an object.
31-01-2023 16:45:19:DBManager:connection_data:Object reference not set to an instance of an object.
31-01-2023 16:45:19:DBManager:connection_data:Object reference not set to an instance of an object.
31-01-2023 16:45:19:DBManager:connection_data:Object reference not set to an instance of an object.
31-01-2023 16:45:19:DBManager:connection_data:Object reference not set to an instance of an object.
31-01-2023 16:45:19:DBManager:connection_data:Object reference not set to an instance of an object.
31-01-2023 16:45:19:DBManager:connection_data:Object reference not set to an instance of an object.
31-01-2023 16:45:19:DBManager:connection_data:Object reference not set to an instance of an object.
31-01-2023 16:45:19:DBManager:connection_data:Object reference not set to an instance of an object.
31-01-2023 16:45:19:DBManager:connection_data:Object reference not set to an instance of an object.
31-01-2023 16:45:19:DBManager:connection_data:Object reference not set to an instance of an object.
31-01-2023 16:45:19:DBManager:connection_data:Object reference not set to an instance of an object.
31-01-2023 16:45:19:DBManager:connection_data:Object reference not set to an instance of an object.
31-01-2023 16:45:19:DBManager:connection_data:Object reference not set to an instance of an object.
31-01-2023 16:45:19:DBManager:connection_data:Object reference not set to an instance of an object.
31-01-2023 16:45:19:DBManager:connection_data:Object reference not set to an instance of an object.
31-01-2023 16:45:19:DBManager:connection_data:Object reference not set to an instance of an object.
31-01-2023 16:45:19:DBManager:connection_data:Object reference not set to an instance of an object.
31-01-2023 16:45:19:DBManager:connection_data:Object reference not set to an instance of an object.
31-01-2023 16:45:19:DBManager:connection_data:Object reference not set to an instance of an object.
31-01-2023 16:45:19:DBManager:connection_data:Object reference not set to an instance of an object.
31-01-2023 16:45:19:DBManager:connection_data:Object reference not set to an instance of an object.
31-01-2023 16:45:19:DBManager:connection_data:Object reference not set to an instance of an object.
31-01-2023 16:45:19:DBManager:connection_data:Object reference not set to an instance of an object.
31-01-2023 16:45:19:DBManager:connection_data:Object reference not set to an instance of an object.
31-01-2023 16:45:19:DBManager:connection_data:Object reference not set to an instance of an object.
31-01-2023 16:45:19:DBManager:connection_data:Object reference not set to an instance of an object.
31-01-2023 16:45:19:DBManager:connection_data:Object reference not set to an instance of an object.
31-01-2023 16:45:19:DBManager:connection_data:Object reference not set to an instance of an object.
31-01-2023 16:45:19:DBManager:connection_data:Object reference not set to an instance of an object.
31-01-2023 16:45:19:DBManager:connection_data:Object reference not set to an instance of an object.
31-01-2023 16:45:19:DBManager:connection_data:Object reference not set to an instance of an object.
31-01-2023 16:45:19:DBManager:connection_data:Object reference not set to an instance of an object.
31-01-2023 16:45:19:DBManager:connection_data:Object reference not set to an instance of an object.
31-01-2023 16:45:19:DBManager:connection_data:Object reference not set to an instance of an object.
31-01-2023 16:45:19:DBManager:connection_data:Object reference not set to an instance of an object.
31-01-2023 16:45:19:DBManager:connection_data:Object reference not set to an instance of an object.
31-01-2023 16:45:19:DBManager:connection_data:Object reference not set to an instance of an object.
31-01-2023 16:45:19:DBManager:connection_data:Object reference not set to an instance of an object.
31-01-2023 16:45:19:DBManager:connection_data:Object reference not set to an instance of an object.
31-01-2023 16:45:19:DBManager:connection_data:Object reference not set to an instance of an object.
31-01-2023 16:45:19:DBManager:connection_data:Object reference not set to an instance of an object.
31-01-2023 16:45:19:DBManager:connection_data:Object reference not set to an instance of an object.
31-01-2023 16:45:19:DBManager:connection_data:Object reference not set to an instance of an object.
31/01/2023 4:45:20 PM:MasterPage:Page_Init:Thread was being aborted.
31-01-2023 16:45:20:DBManager:connection_data:Object reference not set to an instance of an object.
31-01-2023 16:45:20:DBManager:connection_data:Object reference not set to an instance of an object.
31-01-2023 16:45:20:DBManager:connection_data:Object reference not set to an instance of an object.
31/01/2023 4:45:20 PM:SignIn:btnLogIn_Click:test
31-01-2023 16:50:10:DBManager:connection_data:Object reference not set to an instance of an object.
31-01-2023 16:50:10:DBManager:connection_data:Object reference not set to an instance of an object.
31-01-2023 16:50:10:DBManager:connection_data:Object reference not set to an instance of an object.
31-01-2023 16:50:10:DBManager:connection_data:Object reference not set to an instance of an object.
31-01-2023 16:50:47:DBManager:connection_data:Object reference not set to an instance of an object.
31-01-2023 16:50:47:DBManager:connection_data:Object reference not set to an instance of an object.
31-01-2023 16:50:47:DBManager:connection_data:Object reference not set to an instance of an object.
31-01-2023 16:50:47:DBManager:connection_data:Object reference not set to an instance of an object.
31-01-2023 17:40:36:DBManager:connection_data:Object reference not set to an instance of an object.
31-01-2023 17:40:36:DBManager:connection_data:Object reference not set to an instance of an object.
31/01/2023 5:40:37 PM:POS_WS:CallMethod():Object reference not set to an instance of an object.
31-01-2023 17:40:38:DBManager:connection_data:Object reference not set to an instance of an object.
31-01-2023 17:40:38:DBManager:connection_data:Object reference not set to an instance of an object.
31-01-2023 17:41:13:DBManager:connection_data:Object reference not set to an instance of an object.
31-01-2023 17:41:13:DBManager:connection_data:Object reference not set to an instance of an object.
31-01-2023 17:41:13:DBManager:connection_data:Object reference not set to an instance of an object.
31-01-2023 17:41:13:DBManager:connection_data:Object reference not set to an instance of an object.
