23-06-2023 12:03:58:DBManager:connection_data:Object reference not set to an instance of an object.
23-06-2023 12:03:58:DBManager:connection_data:Object reference not set to an instance of an object.
23-06-2023 12:03:58:DBManager:connection_data:Object reference not set to an instance of an object.
23/06/2023 12:03:58 PM:SignIn:btnLogIn_Click:test
23-06-2023 12:04:48:DBManager:connection_data:Object reference not set to an instance of an object.
23-06-2023 12:04:48:DBManager:connection_data:Object reference not set to an instance of an object.
23-06-2023 12:04:48:DBManager:connection_data:Object reference not set to an instance of an object.
23-06-2023 12:04:48:DBManager:connection_data:Object reference not set to an instance of an object.
23-06-2023 12:04:48:DBManager:connection_data:Object reference not set to an instance of an object.
23-06-2023 12:04:48:DBManager:connection_data:Object reference not set to an instance of an object.
23-06-2023 12:05:11:DBManager:connection_data:Object reference not set to an instance of an object.
23-06-2023 12:05:11:DBManager:connection_data:Object reference not set to an instance of an object.
23-06-2023 12:05:11:DBManager:connection_data:Object reference not set to an instance of an object.
23-06-2023 12:05:11:DBManager:connection_data:Object reference not set to an instance of an object.
23-06-2023 12:05:11:DBManager:connection_data:Object reference not set to an instance of an object.
23-06-2023 12:05:11:DBManager:connection_data:Object reference not set to an instance of an object.
23-06-2023 12:05:37:DBManager:connection_data:Object reference not set to an instance of an object.
23-06-2023 12:05:37:DBManager:connection_data:Object reference not set to an instance of an object.
23-06-2023 12:05:37:DBManager:connection_data:Object reference not set to an instance of an object.
23/06/2023 12:05:37 PM:SignIn:btnLogIn_Click:test
23-06-2023 12:05:39:DBManager:connection_data:Object reference not set to an instance of an object.
23-06-2023 12:05:39:DBManager:connection_data:Object reference not set to an instance of an object.
23-06-2023 12:05:39:DBManager:connection_data:Object reference not set to an instance of an object.
23/06/2023 12:05:39 PM:SignIn:btnLogIn_Click:test
23/06/2023 12:05:39 PM:SignIn:btnLogIn_Click4:
23/06/2023 12:05:39 PM:SignIn:btnLogIn_Click5:
23/06/2023 12:05:39 PM:SignIn:btnLogIn_Click7:
23/06/2023 12:05:39 PM:SignIn:btnLogIn_Click8:
23/06/2023 12:05:39 PM:ClsDataccess:Getdatatable:The ConnectionString property has not been initialized.
23-06-2023 12:05:40:DBManager:connection_data:Object reference not set to an instance of an object.
23-06-2023 12:05:40:DBManager:connection_data:Object reference not set to an instance of an object.
23-06-2023 12:05:40:DBManager:connection_data:Object reference not set to an instance of an object.
23-06-2023 12:05:40:DBManager:connection_data:Object reference not set to an instance of an object.
23-06-2023 12:05:40:DBManager:connection_data:Object reference not set to an instance of an object.
23-06-2023 12:05:40:DBManager:connection_data:Object reference not set to an instance of an object.
23-06-2023 12:05:40:DBManager:connection_data:Object reference not set to an instance of an object.
23-06-2023 12:05:40:DBManager:connection_data:Object reference not set to an instance of an object.
23-06-2023 12:05:40:DBManager:connection_data:Object reference not set to an instance of an object.
23-06-2023 12:05:40:DBManager:connection_data:Object reference not set to an instance of an object.
23-06-2023 12:05:40:DBManager:connection_data:Object reference not set to an instance of an object.
23-06-2023 12:05:40:DBManager:connection_data:Object reference not set to an instance of an object.
23-06-2023 12:05:40:DBManager:connection_data:Object reference not set to an instance of an object.
23-06-2023 12:05:40:DBManager:connection_data:Object reference not set to an instance of an object.
23-06-2023 12:05:40:DBManager:connection_data:Object reference not set to an instance of an object.
23-06-2023 12:05:40:DBManager:connection_data:Object reference not set to an instance of an object.
23-06-2023 12:05:40:DBManager:connection_data:Object reference not set to an instance of an object.
23-06-2023 12:05:40:DBManager:connection_data:Object reference not set to an instance of an object.
23-06-2023 12:05:40:DBManager:connection_data:Object reference not set to an instance of an object.
23-06-2023 12:05:40:DBManager:connection_data:Object reference not set to an instance of an object.
23-06-2023 12:05:40:DBManager:connection_data:Object reference not set to an instance of an object.
23-06-2023 12:05:40:DBManager:connection_data:Object reference not set to an instance of an object.
23-06-2023 12:05:40:DBManager:connection_data:Object reference not set to an instance of an object.
23-06-2023 12:05:40:DBManager:connection_data:Object reference not set to an instance of an object.
23-06-2023 12:05:40:DBManager:connection_data:Object reference not set to an instance of an object.
23-06-2023 12:05:40:DBManager:connection_data:Object reference not set to an instance of an object.
23-06-2023 12:05:40:DBManager:connection_data:Object reference not set to an instance of an object.
23-06-2023 12:05:40:DBManager:connection_data:Object reference not set to an instance of an object.
23-06-2023 12:05:40:DBManager:connection_data:Object reference not set to an instance of an object.
23-06-2023 12:05:40:DBManager:connection_data:Object reference not set to an instance of an object.
23-06-2023 12:05:40:DBManager:connection_data:Object reference not set to an instance of an object.
23-06-2023 12:05:40:DBManager:connection_data:Object reference not set to an instance of an object.
23-06-2023 12:05:41:DBManager:connection_data:Object reference not set to an instance of an object.
23-06-2023 12:05:41:DBManager:connection_data:Object reference not set to an instance of an object.
23-06-2023 12:05:41:DBManager:connection_data:Object reference not set to an instance of an object.
23-06-2023 12:05:41:DBManager:connection_data:Object reference not set to an instance of an object.
23-06-2023 12:05:41:DBManager:connection_data:Object reference not set to an instance of an object.
23-06-2023 12:05:41:DBManager:connection_data:Object reference not set to an instance of an object.
23-06-2023 12:05:41:DBManager:connection_data:Object reference not set to an instance of an object.
23-06-2023 12:05:41:DBManager:connection_data:Object reference not set to an instance of an object.
23-06-2023 12:05:41:DBManager:connection_data:Object reference not set to an instance of an object.
23-06-2023 12:05:41:DBManager:connection_data:Object reference not set to an instance of an object.
23-06-2023 12:05:41:DBManager:connection_data:Object reference not set to an instance of an object.
23-06-2023 12:05:41:DBManager:connection_data:Object reference not set to an instance of an object.
23-06-2023 12:05:41:DBManager:connection_data:Object reference not set to an instance of an object.
23-06-2023 12:05:41:DBManager:connection_data:Object reference not set to an instance of an object.
23-06-2023 12:05:41:DBManager:connection_data:Object reference not set to an instance of an object.
23-06-2023 12:05:41:DBManager:connection_data:Object reference not set to an instance of an object.
23-06-2023 12:05:41:DBManager:connection_data:Object reference not set to an instance of an object.
23-06-2023 12:05:41:DBManager:connection_data:Object reference not set to an instance of an object.
23-06-2023 12:05:41:DBManager:connection_data:Object reference not set to an instance of an object.
23-06-2023 12:05:41:DBManager:connection_data:Object reference not set to an instance of an object.
23-06-2023 12:05:41:DBManager:connection_data:Object reference not set to an instance of an object.
23-06-2023 12:05:41:DBManager:connection_data:Object reference not set to an instance of an object.
23-06-2023 12:05:41:DBManager:connection_data:Object reference not set to an instance of an object.
23-06-2023 12:05:41:DBManager:connection_data:Object reference not set to an instance of an object.
23-06-2023 12:05:41:DBManager:connection_data:Object reference not set to an instance of an object.
23-06-2023 12:05:41:DBManager:connection_data:Object reference not set to an instance of an object.
23-06-2023 12:05:41:DBManager:connection_data:Object reference not set to an instance of an object.
23-06-2023 12:05:41:DBManager:connection_data:Object reference not set to an instance of an object.
23-06-2023 12:05:41:DBManager:connection_data:Object reference not set to an instance of an object.
23-06-2023 12:05:41:DBManager:connection_data:Object reference not set to an instance of an object.
23-06-2023 12:05:41:DBManager:connection_data:Object reference not set to an instance of an object.
23-06-2023 12:05:41:DBManager:connection_data:Object reference not set to an instance of an object.
23-06-2023 12:05:41:DBManager:connection_data:Object reference not set to an instance of an object.
23-06-2023 12:05:41:DBManager:connection_data:Object reference not set to an instance of an object.
23-06-2023 12:05:41:DBManager:connection_data:Object reference not set to an instance of an object.
23-06-2023 12:05:41:DBManager:connection_data:Object reference not set to an instance of an object.
23-06-2023 12:05:41:DBManager:connection_data:Object reference not set to an instance of an object.
23-06-2023 12:05:41:DBManager:connection_data:Object reference not set to an instance of an object.
23-06-2023 12:05:42:DBManager:connection_data:Object reference not set to an instance of an object.
23-06-2023 12:05:42:DBManager:connection_data:Object reference not set to an instance of an object.
23-06-2023 12:05:42:DBManager:connection_data:Object reference not set to an instance of an object.
23-06-2023 12:05:42:DBManager:connection_data:Object reference not set to an instance of an object.
23-06-2023 12:05:42:DBManager:connection_data:Object reference not set to an instance of an object.
23-06-2023 12:05:42:DBManager:connection_data:Object reference not set to an instance of an object.
23-06-2023 12:05:42:DBManager:connection_data:Object reference not set to an instance of an object.
23-06-2023 12:05:48:DBManager:connection_data:Object reference not set to an instance of an object.
23-06-2023 12:05:48:DBManager:connection_data:Object reference not set to an instance of an object.
23-06-2023 12:05:48:DBManager:connection_data:Object reference not set to an instance of an object.
23-06-2023 12:05:48:DBManager:connection_data:Object reference not set to an instance of an object.
23-06-2023 12:05:48:DBManager:connection_data:Object reference not set to an instance of an object.
23-06-2023 12:05:48:DBManager:connection_data:Object reference not set to an instance of an object.
23/06/2023 12:05:48 PM:Location_List:rdLocaton_ItemDataBoundObject reference not set to an instance of an object.
23/06/2023 12:05:48 PM:Location_List:rdLocaton_ItemDataBoundObject reference not set to an instance of an object.
23-06-2023 12:05:56:DBManager:connection_data:Object reference not set to an instance of an object.
23-06-2023 12:05:56:DBManager:connection_data:Object reference not set to an instance of an object.
23-06-2023 12:05:56:DBManager:connection_data:Object reference not set to an instance of an object.
23-06-2023 12:05:56:DBManager:connection_data:Object reference not set to an instance of an object.
23-06-2023 12:05:56:DBManager:connection_data:Object reference not set to an instance of an object.
23-06-2023 12:05:56:DBManager:connection_data:Object reference not set to an instance of an object.
23-06-2023 12:05:57:DBManager:connection_data:Object reference not set to an instance of an object.
23-06-2023 12:05:57:DBManager:connection_data:Object reference not set to an instance of an object.
23-06-2023 12:05:57:DBManager:connection_data:Object reference not set to an instance of an object.
23-06-2023 12:05:57:DBManager:connection_data:Object reference not set to an instance of an object.
23-06-2023 12:05:57:DBManager:connection_data:Object reference not set to an instance of an object.
23-06-2023 12:05:57:DBManager:connection_data:Object reference not set to an instance of an object.
23-06-2023 12:05:57:DBManager:connection_data:Object reference not set to an instance of an object.
23-06-2023 12:05:57:DBManager:connection_data:Object reference not set to an instance of an object.
23-06-2023 12:05:57:DBManager:connection_data:Object reference not set to an instance of an object.
23-06-2023 12:05:57:DBManager:connection_data:Object reference not set to an instance of an object.
23-06-2023 12:05:57:DBManager:connection_data:Object reference not set to an instance of an object.
23-06-2023 12:05:57:DBManager:connection_data:Object reference not set to an instance of an object.
23-06-2023 12:05:57:DBManager:connection_data:Object reference not set to an instance of an object.
23-06-2023 12:05:57:DBManager:connection_data:Object reference not set to an instance of an object.
23-06-2023 12:05:57:DBManager:connection_data:Object reference not set to an instance of an object.
23-06-2023 12:05:57:DBManager:connection_data:Object reference not set to an instance of an object.
23-06-2023 12:05:57:DBManager:connection_data:Object reference not set to an instance of an object.
23-06-2023 12:05:57:DBManager:connection_data:Object reference not set to an instance of an object.
23-06-2023 12:05:57:DBManager:connection_data:Object reference not set to an instance of an object.
23-06-2023 12:05:58:DBManager:connection_data:Object reference not set to an instance of an object.
23-06-2023 12:05:58:DBManager:connection_data:Object reference not set to an instance of an object.
23-06-2023 12:05:58:DBManager:connection_data:Object reference not set to an instance of an object.
23-06-2023 12:05:58:DBManager:connection_data:Object reference not set to an instance of an object.
23-06-2023 12:05:58:DBManager:connection_data:Object reference not set to an instance of an object.
23-06-2023 12:05:58:DBManager:connection_data:Object reference not set to an instance of an object.
23-06-2023 12:05:58:DBManager:connection_data:Object reference not set to an instance of an object.
23-06-2023 12:05:58:DBManager:connection_data:Object reference not set to an instance of an object.
23-06-2023 12:05:58:DBManager:connection_data:Object reference not set to an instance of an object.
23-06-2023 12:05:58:DBManager:connection_data:Object reference not set to an instance of an object.
23-06-2023 12:05:58:DBManager:connection_data:Object reference not set to an instance of an object.
23-06-2023 12:05:58:DBManager:connection_data:Object reference not set to an instance of an object.
23-06-2023 12:05:58:DBManager:connection_data:Object reference not set to an instance of an object.
23-06-2023 12:05:58:DBManager:connection_data:Object reference not set to an instance of an object.
23-06-2023 12:05:58:DBManager:connection_data:Object reference not set to an instance of an object.
23-06-2023 12:05:58:DBManager:connection_data:Object reference not set to an instance of an object.
23-06-2023 12:05:58:DBManager:connection_data:Object reference not set to an instance of an object.
23-06-2023 12:05:58:DBManager:connection_data:Object reference not set to an instance of an object.
23-06-2023 12:05:58:DBManager:connection_data:Object reference not set to an instance of an object.
23-06-2023 12:05:58:DBManager:connection_data:Object reference not set to an instance of an object.
23-06-2023 12:05:58:DBManager:connection_data:Object reference not set to an instance of an object.
23-06-2023 12:05:58:DBManager:connection_data:Object reference not set to an instance of an object.
23-06-2023 12:05:58:DBManager:connection_data:Object reference not set to an instance of an object.
23-06-2023 12:05:58:DBManager:connection_data:Object reference not set to an instance of an object.
23-06-2023 12:05:58:DBManager:connection_data:Object reference not set to an instance of an object.
23-06-2023 12:05:58:DBManager:connection_data:Object reference not set to an instance of an object.
23-06-2023 12:05:58:DBManager:connection_data:Object reference not set to an instance of an object.
23-06-2023 12:05:58:DBManager:connection_data:Object reference not set to an instance of an object.
23-06-2023 12:05:58:DBManager:connection_data:Object reference not set to an instance of an object.
23-06-2023 12:05:58:DBManager:connection_data:Object reference not set to an instance of an object.
23-06-2023 12:05:58:DBManager:connection_data:Object reference not set to an instance of an object.
23-06-2023 12:05:58:DBManager:connection_data:Object reference not set to an instance of an object.
23-06-2023 12:05:58:DBManager:connection_data:Object reference not set to an instance of an object.
23-06-2023 12:05:58:DBManager:connection_data:Object reference not set to an instance of an object.
23-06-2023 12:05:58:DBManager:connection_data:Object reference not set to an instance of an object.
23-06-2023 12:05:58:DBManager:connection_data:Object reference not set to an instance of an object.
23-06-2023 12:05:58:DBManager:connection_data:Object reference not set to an instance of an object.
23-06-2023 12:05:59:DBManager:connection_data:Object reference not set to an instance of an object.
23-06-2023 12:05:59:DBManager:connection_data:Object reference not set to an instance of an object.
23-06-2023 12:05:59:DBManager:connection_data:Object reference not set to an instance of an object.
23-06-2023 12:05:59:DBManager:connection_data:Object reference not set to an instance of an object.
23-06-2023 12:05:59:DBManager:connection_data:Object reference not set to an instance of an object.
23-06-2023 12:05:59:DBManager:connection_data:Object reference not set to an instance of an object.
23-06-2023 12:05:59:DBManager:connection_data:Object reference not set to an instance of an object.
23-06-2023 12:05:59:DBManager:connection_data:Object reference not set to an instance of an object.
23-06-2023 12:05:59:DBManager:connection_data:Object reference not set to an instance of an object.
23-06-2023 12:05:59:DBManager:connection_data:Object reference not set to an instance of an object.
23-06-2023 12:05:59:DBManager:connection_data:Object reference not set to an instance of an object.
23-06-2023 12:05:59:DBManager:connection_data:Object reference not set to an instance of an object.
23-06-2023 12:05:59:DBManager:connection_data:Object reference not set to an instance of an object.
23-06-2023 12:05:59:DBManager:connection_data:Object reference not set to an instance of an object.
23-06-2023 12:05:59:DBManager:connection_data:Object reference not set to an instance of an object.
23-06-2023 12:05:59:DBManager:connection_data:Object reference not set to an instance of an object.
23-06-2023 12:05:59:DBManager:connection_data:Object reference not set to an instance of an object.
23-06-2023 12:05:59:DBManager:connection_data:Object reference not set to an instance of an object.
23-06-2023 12:05:59:DBManager:connection_data:Object reference not set to an instance of an object.
23-06-2023 12:05:59:DBManager:connection_data:Object reference not set to an instance of an object.
23-06-2023 12:05:59:DBManager:connection_data:Object reference not set to an instance of an object.
23-06-2023 12:05:59:DBManager:connection_data:Object reference not set to an instance of an object.
23-06-2023 12:05:59:DBManager:connection_data:Object reference not set to an instance of an object.
23-06-2023 12:05:59:DBManager:connection_data:Object reference not set to an instance of an object.
23-06-2023 12:05:59:DBManager:connection_data:Object reference not set to an instance of an object.
23-06-2023 12:05:59:DBManager:connection_data:Object reference not set to an instance of an object.
23-06-2023 12:05:59:DBManager:connection_data:Object reference not set to an instance of an object.
23-06-2023 12:06:56:DBManager:connection_data:Object reference not set to an instance of an object.
23-06-2023 12:06:56:DBManager:connection_data:Object reference not set to an instance of an object.
23-06-2023 12:06:56:DBManager:connection_data:Object reference not set to an instance of an object.
23-06-2023 12:06:56:DBManager:connection_data:Object reference not set to an instance of an object.
23-06-2023 12:06:56:DBManager:connection_data:Object reference not set to an instance of an object.
23-06-2023 12:06:56:DBManager:connection_data:Object reference not set to an instance of an object.
23-06-2023 12:07:30:Paybylink:EmailPayment:23-06-2023 12:07:30: System.Net.Mail.SmtpFailedRecipientException: Mailbox unavailable. The server response was: 5.1.0 <no-reply@mytenderpos.com>: Sender address rejected: User unknown in virtual mailbox table
   at System.Net.Mail.SmtpTransport.SendMail(MailAddress sender, MailAddressCollection recipients, String deliveryNotify, Boolean allowUnicode, SmtpFailedRecipientException& exception)
   at System.Net.Mail.SmtpClient.Send(MailMessage message)
   at RequestPaybyLink.MailTo_receipt(Int32 CmpID, Int32 LocationID, String To_EmailId, String Subject, String Body, String CC, String BCC, String attach) in D:\Working\POS\RequestPaybyLink.aspx.vb:line 212
23-06-2023 12:07:55:DBManager:connection_data:Object reference not set to an instance of an object.
23-06-2023 12:07:55:DBManager:connection_data:Object reference not set to an instance of an object.
23-06-2023 12:07:55:DBManager:connection_data:Object reference not set to an instance of an object.
23-06-2023 12:07:55:DBManager:connection_data:Object reference not set to an instance of an object.
23-06-2023 12:07:55:DBManager:connection_data:Object reference not set to an instance of an object.
23-06-2023 12:07:55:DBManager:connection_data:Object reference not set to an instance of an object.
23-06-2023 12:12:33:Paybylink:EmailPayment:23-06-2023 12:12:33: System.Net.Mail.SmtpFailedRecipientException: Mailbox unavailable. The server response was: 5.1.0 <no-reply@mytenderpos.com>: Sender address rejected: User unknown in virtual mailbox table
   at System.Net.Mail.SmtpTransport.SendMail(MailAddress sender, MailAddressCollection recipients, String deliveryNotify, Boolean allowUnicode, SmtpFailedRecipientException& exception)
   at System.Net.Mail.SmtpClient.Send(MailMessage message)
   at RequestPaybyLink.MailTo_receipt(Int32 CmpID, Int32 LocationID, String To_EmailId, String Subject, String Body, String CC, String BCC, String attach) in D:\Working\POS\RequestPaybyLink.aspx.vb:line 212
23-06-2023 12:12:33:DBManager:connection_data:Object reference not set to an instance of an object.
23-06-2023 12:12:33:DBManager:connection_data:Object reference not set to an instance of an object.
23-06-2023 12:12:33:DBManager:connection_data:Object reference not set to an instance of an object.
23-06-2023 12:12:33:DBManager:connection_data:Object reference not set to an instance of an object.
23-06-2023 12:12:33:DBManager:connection_data:Object reference not set to an instance of an object.
23-06-2023 12:12:33:DBManager:connection_data:Object reference not set to an instance of an object.
23-06-2023 12:14:22:Paybylink:EmailPayment:23-06-2023 12:14:22: System.Net.Mail.SmtpFailedRecipientException: Mailbox unavailable. The server response was: 5.1.0 <no-reply@mytenderpos.com>: Sender address rejected: User unknown in virtual mailbox table
   at System.Net.Mail.SmtpTransport.SendMail(MailAddress sender, MailAddressCollection recipients, String deliveryNotify, Boolean allowUnicode, SmtpFailedRecipientException& exception)
   at System.Net.Mail.SmtpClient.Send(MailMessage message)
   at RequestPaybyLink.MailTo_receipt(Int32 CmpID, Int32 LocationID, String To_EmailId, String Subject, String Body, String CC, String BCC, String attach) in D:\Working\POS\RequestPaybyLink.aspx.vb:line 212
23-06-2023 12:14:43:DBManager:connection_data:Object reference not set to an instance of an object.
23-06-2023 12:14:43:DBManager:connection_data:Object reference not set to an instance of an object.
23-06-2023 12:14:43:DBManager:connection_data:Object reference not set to an instance of an object.
23/06/2023 12:14:43 PM:SignIn:btnLogIn_Click:test
23-06-2023 12:17:21:DBManager:connection_data:Object reference not set to an instance of an object.
23-06-2023 12:17:21:DBManager:connection_data:Object reference not set to an instance of an object.
23-06-2023 12:17:21:DBManager:connection_data:Object reference not set to an instance of an object.
23-06-2023 12:17:21:DBManager:connection_data:Object reference not set to an instance of an object.
23-06-2023 12:17:21:DBManager:connection_data:Object reference not set to an instance of an object.
23-06-2023 12:17:21:DBManager:connection_data:Object reference not set to an instance of an object.
23-06-2023 12:17:45:DBManager:connection_data:Object reference not set to an instance of an object.
23-06-2023 12:17:45:DBManager:connection_data:Object reference not set to an instance of an object.
23-06-2023 12:17:45:DBManager:connection_data:Object reference not set to an instance of an object.
23-06-2023 12:17:45:DBManager:connection_data:Object reference not set to an instance of an object.
23-06-2023 12:17:45:DBManager:connection_data:Object reference not set to an instance of an object.
23-06-2023 12:17:46:DBManager:connection_data:Object reference not set to an instance of an object.
23-06-2023 12:17:56:Paybylink:EmailPayment:23-06-2023 12:17:56: System.Net.Mail.SmtpException: The SMTP server requires a secure connection or the client was not authenticated. The server response was: 5.7.0 Authentication Required. Learn more at
   at System.Net.Mail.MailCommand.CheckResponse(SmtpStatusCode statusCode, String response)
   at System.Net.Mail.MailCommand.Send(SmtpConnection conn, Byte[] command, MailAddress from, Boolean allowUnicode)
   at System.Net.Mail.SmtpTransport.SendMail(MailAddress sender, MailAddressCollection recipients, String deliveryNotify, Boolean allowUnicode, SmtpFailedRecipientException& exception)
   at System.Net.Mail.SmtpClient.Send(MailMessage message)
   at RequestPaybyLink.MailTo_receipt(Int32 CmpID, Int32 LocationID, String To_EmailId, String Subject, String Body, String CC, String BCC, String attach) in D:\Working\POS\RequestPaybyLink.aspx.vb:line 212
23-06-2023 12:18:00:DBManager:connection_data:Object reference not set to an instance of an object.
23-06-2023 12:18:00:DBManager:connection_data:Object reference not set to an instance of an object.
23-06-2023 12:18:00:DBManager:connection_data:Object reference not set to an instance of an object.
23-06-2023 12:18:00:DBManager:connection_data:Object reference not set to an instance of an object.
23-06-2023 12:18:00:DBManager:connection_data:Object reference not set to an instance of an object.
23-06-2023 12:18:00:DBManager:connection_data:Object reference not set to an instance of an object.
23-06-2023 12:18:14:Paybylink:EmailPayment:23-06-2023 12:18:14: System.Net.Mail.SmtpException: The SMTP server requires a secure connection or the client was not authenticated. The server response was: 5.7.0 Authentication Required. Learn more at
   at System.Net.Mail.MailCommand.CheckResponse(SmtpStatusCode statusCode, String response)
   at System.Net.Mail.MailCommand.Send(SmtpConnection conn, Byte[] command, MailAddress from, Boolean allowUnicode)
   at System.Net.Mail.SmtpTransport.SendMail(MailAddress sender, MailAddressCollection recipients, String deliveryNotify, Boolean allowUnicode, SmtpFailedRecipientException& exception)
   at System.Net.Mail.SmtpClient.Send(MailMessage message)
   at RequestPaybyLink.MailTo_receipt(Int32 CmpID, Int32 LocationID, String To_EmailId, String Subject, String Body, String CC, String BCC, String attach) in D:\Working\POS\RequestPaybyLink.aspx.vb:line 212
23-06-2023 12:19:36:DBManager:connection_data:Object reference not set to an instance of an object.
23-06-2023 12:19:36:DBManager:connection_data:Object reference not set to an instance of an object.
23-06-2023 12:19:36:DBManager:connection_data:Object reference not set to an instance of an object.
23/06/2023 12:19:36 PM:SignIn:btnLogIn_Click:test
23-06-2023 12:20:06:DBManager:connection_data:Object reference not set to an instance of an object.
23-06-2023 12:20:06:DBManager:connection_data:Object reference not set to an instance of an object.
23-06-2023 12:20:06:DBManager:connection_data:Object reference not set to an instance of an object.
23-06-2023 12:20:06:DBManager:connection_data:Object reference not set to an instance of an object.
23-06-2023 12:20:06:DBManager:connection_data:Object reference not set to an instance of an object.
23-06-2023 12:20:06:DBManager:connection_data:Object reference not set to an instance of an object.
23-06-2023 12:20:28:Paybylink:EmailPayment:23-06-2023 12:20:28: System.Net.Mail.SmtpFailedRecipientException: Mailbox unavailable. The server response was: 5.1.0 <mitesh@mytenderpos.com>: Sender address rejected: User unknown in virtual mailbox table
   at System.Net.Mail.SmtpTransport.SendMail(MailAddress sender, MailAddressCollection recipients, String deliveryNotify, Boolean allowUnicode, SmtpFailedRecipientException& exception)
   at System.Net.Mail.SmtpClient.Send(MailMessage message)
   at RequestPaybyLink.MailTo_receipt(Int32 CmpID, Int32 LocationID, String To_EmailId, String Subject, String Body, String CC, String BCC, String attach) in D:\Working\POS\RequestPaybyLink.aspx.vb:line 212
23-06-2023 12:20:44:DBManager:connection_data:Object reference not set to an instance of an object.
23-06-2023 12:20:44:DBManager:connection_data:Object reference not set to an instance of an object.
23-06-2023 12:20:44:DBManager:connection_data:Object reference not set to an instance of an object.
23-06-2023 12:20:44:DBManager:connection_data:Object reference not set to an instance of an object.
23-06-2023 12:20:44:DBManager:connection_data:Object reference not set to an instance of an object.
23-06-2023 12:20:44:DBManager:connection_data:Object reference not set to an instance of an object.
23-06-2023 12:21:49:Paybylink:EmailPayment:23-06-2023 12:21:49: System.Net.Mail.SmtpFailedRecipientException: Mailbox unavailable. The server response was: 5.1.0 <mitesh@mytenderpos.com>: Sender address rejected: User unknown in virtual mailbox table
   at System.Net.Mail.SmtpTransport.SendMail(MailAddress sender, MailAddressCollection recipients, String deliveryNotify, Boolean allowUnicode, SmtpFailedRecipientException& exception)
   at System.Net.Mail.SmtpClient.Send(MailMessage message)
   at RequestPaybyLink.MailTo_receipt(Int32 CmpID, Int32 LocationID, String To_EmailId, String Subject, String Body, String CC, String BCC, String attach) in D:\Working\POS\RequestPaybyLink.aspx.vb:line 212
23-06-2023 12:22:37:DBManager:connection_data:Object reference not set to an instance of an object.
23-06-2023 12:22:37:DBManager:connection_data:Object reference not set to an instance of an object.
23-06-2023 12:22:37:DBManager:connection_data:Object reference not set to an instance of an object.
23-06-2023 12:22:38:DBManager:connection_data:Object reference not set to an instance of an object.
23-06-2023 12:22:38:DBManager:connection_data:Object reference not set to an instance of an object.
23-06-2023 12:22:38:DBManager:connection_data:Object reference not set to an instance of an object.
23-06-2023 12:22:38:DBManager:connection_data:Object reference not set to an instance of an object.
23-06-2023 12:22:38:DBManager:connection_data:Object reference not set to an instance of an object.
23-06-2023 12:22:38:DBManager:connection_data:Object reference not set to an instance of an object.
23-06-2023 12:34:28:DBManager:connection_data:Object reference not set to an instance of an object.
23-06-2023 12:34:28:DBManager:connection_data:Object reference not set to an instance of an object.
23-06-2023 12:34:28:DBManager:connection_data:Object reference not set to an instance of an object.
23/06/2023 12:34:28 PM:SignIn:btnLogIn_Click:test
23-06-2023 12:34:51:DBManager:connection_data:Object reference not set to an instance of an object.
23-06-2023 12:34:51:DBManager:connection_data:Object reference not set to an instance of an object.
23-06-2023 12:34:51:DBManager:connection_data:Object reference not set to an instance of an object.
23-06-2023 12:34:51:DBManager:connection_data:Object reference not set to an instance of an object.
23-06-2023 12:34:51:DBManager:connection_data:Object reference not set to an instance of an object.
23-06-2023 12:34:51:DBManager:connection_data:Object reference not set to an instance of an object.
23-06-2023 12:35:30:Paybylink:EmailPayment:23-06-2023 12:35:30: System.Net.Mail.SmtpException: Transaction failed. The server response was: 5.7.1 <mitesh@tenderpos.com>: Relay access denied
   at System.Net.Mail.RecipientCommand.CheckResponse(SmtpStatusCode statusCode, String response)
   at System.Net.Mail.SmtpTransport.SendMail(MailAddress sender, MailAddressCollection recipients, String deliveryNotify, Boolean allowUnicode, SmtpFailedRecipientException& exception)
   at System.Net.Mail.SmtpClient.Send(MailMessage message)
   at RequestPaybyLink.MailTo_receipt(Int32 CmpID, Int32 LocationID, String To_EmailId, String Subject, String Body, String CC, String BCC, String attach) in D:\Working\POS\RequestPaybyLink.aspx.vb:line 212
23-06-2023 12:35:38:DBManager:connection_data:Object reference not set to an instance of an object.
23-06-2023 12:35:38:DBManager:connection_data:Object reference not set to an instance of an object.
23-06-2023 12:35:38:DBManager:connection_data:Object reference not set to an instance of an object.
23-06-2023 12:35:38:DBManager:connection_data:Object reference not set to an instance of an object.
23-06-2023 12:35:38:DBManager:connection_data:Object reference not set to an instance of an object.
23-06-2023 12:35:38:DBManager:connection_data:Object reference not set to an instance of an object.
23-06-2023 12:37:34:Paybylink:EmailPayment:23-06-2023 12:37:34: System.Net.Mail.SmtpException: Transaction failed. The server response was: 5.7.1 <madhvanimitesh@gmail.com>: Relay access denied
   at System.Net.Mail.RecipientCommand.CheckResponse(SmtpStatusCode statusCode, String response)
   at System.Net.Mail.SmtpTransport.SendMail(MailAddress sender, MailAddressCollection recipients, String deliveryNotify, Boolean allowUnicode, SmtpFailedRecipientException& exception)
   at System.Net.Mail.SmtpClient.Send(MailMessage message)
   at RequestPaybyLink.MailTo_receipt(Int32 CmpID, Int32 LocationID, String To_EmailId, String Subject, String Body, String CC, String BCC, String attach) in D:\Working\POS\RequestPaybyLink.aspx.vb:line 212
23-06-2023 12:40:03:DBManager:connection_data:Object reference not set to an instance of an object.
23-06-2023 12:40:03:DBManager:connection_data:Object reference not set to an instance of an object.
23-06-2023 12:40:03:DBManager:connection_data:Object reference not set to an instance of an object.
23-06-2023 12:40:03:DBManager:connection_data:Object reference not set to an instance of an object.
23-06-2023 12:40:03:DBManager:connection_data:Object reference not set to an instance of an object.
23-06-2023 12:40:03:DBManager:connection_data:Object reference not set to an instance of an object.
23-06-2023 12:42:08:Paybylink:EmailPayment:23-06-2023 12:42:08: System.Net.Mail.SmtpException: Transaction failed. The server response was: 5.7.1 <madhvanimitesh@gmail.com>: Relay access denied
   at System.Net.Mail.RecipientCommand.CheckResponse(SmtpStatusCode statusCode, String response)
   at System.Net.Mail.SmtpTransport.SendMail(MailAddress sender, MailAddressCollection recipients, String deliveryNotify, Boolean allowUnicode, SmtpFailedRecipientException& exception)
   at System.Net.Mail.SmtpClient.Send(MailMessage message)
   at RequestPaybyLink.MailTo_receipt(Int32 CmpID, Int32 LocationID, String To_EmailId, String Subject, String Body, String CC, String BCC, String attach) in D:\Working\POS\RequestPaybyLink.aspx.vb:line 212
23-06-2023 12:43:26:DBManager:connection_data:Object reference not set to an instance of an object.
23-06-2023 12:43:26:DBManager:connection_data:Object reference not set to an instance of an object.
23-06-2023 12:43:26:DBManager:connection_data:Object reference not set to an instance of an object.
23-06-2023 12:44:04:DBManager:connection_data:Object reference not set to an instance of an object.
23-06-2023 12:44:04:DBManager:connection_data:Object reference not set to an instance of an object.
23-06-2023 12:44:04:DBManager:connection_data:Object reference not set to an instance of an object.
23-06-2023 12:44:39:DBManager:connection_data:Object reference not set to an instance of an object.
23-06-2023 12:44:39:DBManager:connection_data:Object reference not set to an instance of an object.
23-06-2023 12:44:39:DBManager:connection_data:Object reference not set to an instance of an object.
23-06-2023 12:44:49:DBManager:connection_data:Object reference not set to an instance of an object.
23-06-2023 12:44:49:DBManager:connection_data:Object reference not set to an instance of an object.
23-06-2023 12:44:49:DBManager:connection_data:Object reference not set to an instance of an object.
23-06-2023 12:44:49:DBManager:connection_data:Object reference not set to an instance of an object.
23-06-2023 12:44:49:DBManager:connection_data:Object reference not set to an instance of an object.
23-06-2023 12:44:49:DBManager:connection_data:Object reference not set to an instance of an object.
23-06-2023 12:44:49:DBManager:connection_data:Object reference not set to an instance of an object.
23-06-2023 12:44:49:DBManager:connection_data:Object reference not set to an instance of an object.
23-06-2023 12:44:49:DBManager:connection_data:Object reference not set to an instance of an object.
23-06-2023 12:44:49:DBManager:connection_data:Object reference not set to an instance of an object.
23-06-2023 12:44:49:DBManager:connection_data:Object reference not set to an instance of an object.
23-06-2023 12:44:49:DBManager:connection_data:Object reference not set to an instance of an object.
23-06-2023 12:44:49:DBManager:connection_data:Object reference not set to an instance of an object.
23-06-2023 12:44:57:DBManager:connection_data:Object reference not set to an instance of an object.
23-06-2023 12:44:57:DBManager:connection_data:Object reference not set to an instance of an object.
23-06-2023 12:44:57:DBManager:connection_data:Object reference not set to an instance of an object.
23-06-2023 12:44:57:DBManager:connection_data:Object reference not set to an instance of an object.
23-06-2023 12:44:57:DBManager:connection_data:Object reference not set to an instance of an object.
23-06-2023 12:44:57:DBManager:connection_data:Object reference not set to an instance of an object.
23-06-2023 12:44:57:DBManager:connection_data:Object reference not set to an instance of an object.
23-06-2023 12:44:57:DBManager:connection_data:Object reference not set to an instance of an object.
23-06-2023 12:44:57:DBManager:connection_data:Object reference not set to an instance of an object.
23-06-2023 12:44:57:DBManager:connection_data:Object reference not set to an instance of an object.
23-06-2023 12:44:57:DBManager:connection_data:Object reference not set to an instance of an object.
23-06-2023 12:44:57:DBManager:connection_data:Object reference not set to an instance of an object.
23-06-2023 12:44:57:DBManager:connection_data:Object reference not set to an instance of an object.
23-06-2023 12:45:03:DBManager:connection_data:Object reference not set to an instance of an object.
23-06-2023 12:45:03:DBManager:connection_data:Object reference not set to an instance of an object.
23-06-2023 12:45:03:DBManager:connection_data:Object reference not set to an instance of an object.
23-06-2023 12:45:03:DBManager:connection_data:Object reference not set to an instance of an object.
23-06-2023 12:45:03:DBManager:connection_data:Object reference not set to an instance of an object.
23-06-2023 12:45:28:DBManager:connection_data:Object reference not set to an instance of an object.
23-06-2023 12:45:28:DBManager:connection_data:Object reference not set to an instance of an object.
23-06-2023 12:45:28:DBManager:connection_data:Object reference not set to an instance of an object.
23-06-2023 12:45:28:DBManager:connection_data:Object reference not set to an instance of an object.
23-06-2023 12:45:28:DBManager:connection_data:Object reference not set to an instance of an object.
23-06-2023 12:45:28:DBManager:connection_data:Object reference not set to an instance of an object.
23-06-2023 12:45:28:DBManager:connection_data:Object reference not set to an instance of an object.
23-06-2023 12:45:28:DBManager:connection_data:Object reference not set to an instance of an object.
23-06-2023 12:45:42:DBManager:connection_data:Object reference not set to an instance of an object.
23-06-2023 12:45:42:DBManager:connection_data:Object reference not set to an instance of an object.
23-06-2023 12:45:42:DBManager:connection_data:Object reference not set to an instance of an object.
23-06-2023 12:45:42:DBManager:connection_data:Object reference not set to an instance of an object.
23-06-2023 12:45:42:DBManager:connection_data:Object reference not set to an instance of an object.
23-06-2023 12:45:42:DBManager:connection_data:Object reference not set to an instance of an object.
23-06-2023 12:45:42:DBManager:connection_data:Object reference not set to an instance of an object.
23-06-2023 12:45:42:DBManager:connection_data:Object reference not set to an instance of an object.
23-06-2023 12:45:42:DBManager:connection_data:Object reference not set to an instance of an object.
23-06-2023 12:45:42:DBManager:connection_data:Object reference not set to an instance of an object.
23-06-2023 12:45:42:DBManager:connection_data:Object reference not set to an instance of an object.
23-06-2023 12:45:42:DBManager:connection_data:Object reference not set to an instance of an object.
23-06-2023 12:45:42:DBManager:connection_data:Object reference not set to an instance of an object.
23-06-2023 12:46:02:DBManager:connection_data:Object reference not set to an instance of an object.
23-06-2023 12:46:02:DBManager:connection_data:Object reference not set to an instance of an object.
23-06-2023 12:46:02:DBManager:connection_data:Object reference not set to an instance of an object.
23-06-2023 12:46:02:DBManager:connection_data:Object reference not set to an instance of an object.
23-06-2023 12:46:02:DBManager:connection_data:Object reference not set to an instance of an object.
23-06-2023 12:46:02:DBManager:connection_data:Object reference not set to an instance of an object.
23-06-2023 12:46:02:DBManager:connection_data:Object reference not set to an instance of an object.
23-06-2023 12:46:03:DBManager:connection_data:Object reference not set to an instance of an object.
23-06-2023 12:46:03:DBManager:connection_data:Object reference not set to an instance of an object.
23-06-2023 12:46:03:DBManager:connection_data:Object reference not set to an instance of an object.
23-06-2023 12:46:03:DBManager:connection_data:Object reference not set to an instance of an object.
23-06-2023 12:46:03:DBManager:connection_data:Object reference not set to an instance of an object.
23-06-2023 12:46:03:DBManager:connection_data:Object reference not set to an instance of an object.
23-06-2023 12:47:24:DBManager:connection_data:Object reference not set to an instance of an object.
23-06-2023 12:47:24:DBManager:connection_data:Object reference not set to an instance of an object.
23-06-2023 12:47:24:DBManager:connection_data:Object reference not set to an instance of an object.
23-06-2023 12:47:24:DBManager:connection_data:Object reference not set to an instance of an object.
23-06-2023 12:47:24:DBManager:connection_data:Object reference not set to an instance of an object.
23-06-2023 12:47:24:DBManager:connection_data:Object reference not set to an instance of an object.
23-06-2023 12:47:24:DBManager:connection_data:Object reference not set to an instance of an object.
23-06-2023 12:47:24:DBManager:connection_data:Object reference not set to an instance of an object.
23-06-2023 12:47:24:DBManager:connection_data:Object reference not set to an instance of an object.
23-06-2023 12:47:24:DBManager:connection_data:Object reference not set to an instance of an object.
23-06-2023 12:47:24:DBManager:connection_data:Object reference not set to an instance of an object.
23-06-2023 12:47:24:DBManager:connection_data:Object reference not set to an instance of an object.
23-06-2023 12:47:24:DBManager:connection_data:Object reference not set to an instance of an object.
23-06-2023 12:48:08:DBManager:connection_data:Object reference not set to an instance of an object.
23-06-2023 12:48:08:DBManager:connection_data:Object reference not set to an instance of an object.
23-06-2023 12:48:08:DBManager:connection_data:Object reference not set to an instance of an object.
23-06-2023 12:48:08:DBManager:connection_data:Object reference not set to an instance of an object.
23-06-2023 12:48:08:DBManager:connection_data:Object reference not set to an instance of an object.
23-06-2023 12:48:08:DBManager:connection_data:Object reference not set to an instance of an object.
23-06-2023 12:48:08:DBManager:connection_data:Object reference not set to an instance of an object.
23-06-2023 12:48:08:DBManager:connection_data:Object reference not set to an instance of an object.
23-06-2023 12:48:09:DBManager:connection_data:Object reference not set to an instance of an object.
23-06-2023 12:48:09:DBManager:connection_data:Object reference not set to an instance of an object.
23-06-2023 12:48:09:DBManager:connection_data:Object reference not set to an instance of an object.
23-06-2023 12:48:09:DBManager:connection_data:Object reference not set to an instance of an object.
23-06-2023 12:48:09:DBManager:connection_data:Object reference not set to an instance of an object.
23-06-2023 12:48:27:DBManager:connection_data:Object reference not set to an instance of an object.
23-06-2023 12:48:27:DBManager:connection_data:Object reference not set to an instance of an object.
23-06-2023 12:48:27:DBManager:connection_data:Object reference not set to an instance of an object.
23-06-2023 12:48:29:DBManager:connection_data:Object reference not set to an instance of an object.
23-06-2023 12:48:29:DBManager:connection_data:Object reference not set to an instance of an object.
23-06-2023 12:48:29:DBManager:connection_data:Object reference not set to an instance of an object.
23-06-2023 12:48:29:DBManager:connection_data:Object reference not set to an instance of an object.
23-06-2023 12:48:29:DBManager:connection_data:Object reference not set to an instance of an object.
23-06-2023 12:48:29:DBManager:connection_data:Object reference not set to an instance of an object.
23-06-2023 12:48:29:DBManager:connection_data:Object reference not set to an instance of an object.
23-06-2023 12:48:29:DBManager:connection_data:Object reference not set to an instance of an object.
23-06-2023 12:48:29:DBManager:connection_data:Object reference not set to an instance of an object.
23-06-2023 12:48:29:DBManager:connection_data:Object reference not set to an instance of an object.
23-06-2023 12:48:29:DBManager:connection_data:Object reference not set to an instance of an object.
23-06-2023 12:48:29:DBManager:connection_data:Object reference not set to an instance of an object.
23-06-2023 12:48:29:DBManager:connection_data:Object reference not set to an instance of an object.
23-06-2023 12:48:58:DBManager:connection_data:Object reference not set to an instance of an object.
23-06-2023 12:48:58:DBManager:connection_data:Object reference not set to an instance of an object.
23-06-2023 12:48:58:DBManager:connection_data:Object reference not set to an instance of an object.
23-06-2023 12:49:01:DBManager:connection_data:Object reference not set to an instance of an object.
23-06-2023 12:49:01:DBManager:connection_data:Object reference not set to an instance of an object.
23-06-2023 12:49:01:DBManager:connection_data:Object reference not set to an instance of an object.
23-06-2023 12:49:01:DBManager:connection_data:Object reference not set to an instance of an object.
23-06-2023 12:49:01:DBManager:connection_data:Object reference not set to an instance of an object.
23-06-2023 12:49:01:DBManager:connection_data:Object reference not set to an instance of an object.
23-06-2023 12:49:01:DBManager:connection_data:Object reference not set to an instance of an object.
23-06-2023 12:49:01:DBManager:connection_data:Object reference not set to an instance of an object.
23-06-2023 12:49:01:DBManager:connection_data:Object reference not set to an instance of an object.
23-06-2023 12:49:01:DBManager:connection_data:Object reference not set to an instance of an object.
23-06-2023 12:49:01:DBManager:connection_data:Object reference not set to an instance of an object.
23-06-2023 12:49:01:DBManager:connection_data:Object reference not set to an instance of an object.
23-06-2023 12:49:01:DBManager:connection_data:Object reference not set to an instance of an object.
