8/22/2024 10:25:32 AM:DBManager:connection_data:Object reference not set to an instance of an object.
8/22/2024 10:25:32 AM:DBManager:connection_data:Object reference not set to an instance of an object.
8/22/2024 10:25:32 AM:DBManager:connection_data:Object reference not set to an instance of an object.
8/22/2024 10:25:32 AM:DBManager:connection_data:Object reference not set to an instance of an object.
8/22/2024 10:25:32 AM:DBManager:connection_data:Object reference not set to an instance of an object.
8/22/2024 10:25:32 AM:DBManager:connection_data:Object reference not set to an instance of an object.
8/22/2024 10:25:32 AM:DBManager:connection_data:Object reference not set to an instance of an object.
8/22/2024 10:25:32 AM:DBManager:connection_data:Object reference not set to an instance of an object.
8/22/2024 10:25:32 AM:DBManager:connection_data:Object reference not set to an instance of an object.
8/22/2024 10:25:32 AM:DBManager:connection_data:Object reference not set to an instance of an object.
8/22/2024 10:25:32 AM:DBManager:connection_data:Object reference not set to an instance of an object.
8/22/2024 10:25:32 AM:DBManager:connection_data:Object reference not set to an instance of an object.
8/22/2024 10:25:32 AM:DBManager:connection_data:Object reference not set to an instance of an object.
8/22/2024 10:25:32 AM:DBManager:connection_data:Object reference not set to an instance of an object.
8/22/2024 10:25:32 AM:DBManager:connection_data:Object reference not set to an instance of an object.
8/22/2024 10:25:32 AM:DBManager:connection_data:Object reference not set to an instance of an object.
8/22/2024 10:25:32 AM:DBManager:connection_data:Object reference not set to an instance of an object.
8/22/2024 10:25:32 AM:DBManager:connection_data:Object reference not set to an instance of an object.
8/22/2024 10:25:32 AM:DBManager:connection_data:Object reference not set to an instance of an object.
8/22/2024 10:25:32 AM:DBManager:connection_data:Object reference not set to an instance of an object.
8/22/2024 10:25:32 AM:DBManager:connection_data:Object reference not set to an instance of an object.
8/22/2024 10:25:32 AM:DBManager:connection_data:Object reference not set to an instance of an object.
8/22/2024 10:25:32 AM:DBManager:connection_data:Object reference not set to an instance of an object.
8/22/2024 10:25:32 AM:DBManager:connection_data:Object reference not set to an instance of an object.
8/22/2024 10:25:32 AM:DBManager:connection_data:Object reference not set to an instance of an object.
8/22/2024 10:25:32 AM:DBManager:connection_data:Object reference not set to an instance of an object.
8/22/2024 10:25:32 AM:DBManager:connection_data:Object reference not set to an instance of an object.
8/22/2024 10:25:32 AM:DBManager:connection_data:Object reference not set to an instance of an object.
8/22/2024 10:25:32 AM:DBManager:connection_data:Object reference not set to an instance of an object.
8/22/2024 10:25:32 AM:DBManager:connection_data:Object reference not set to an instance of an object.
8/22/2024 10:25:32 AM:DBManager:connection_data:Object reference not set to an instance of an object.
8/22/2024 10:25:32 AM:DBManager:connection_data:Object reference not set to an instance of an object.
8/22/2024 10:25:32 AM:DBManager:connection_data:Object reference not set to an instance of an object.
8/22/2024 10:25:32 AM:DBManager:connection_data:Object reference not set to an instance of an object.
8/22/2024 10:25:32 AM:DBManager:connection_data:Object reference not set to an instance of an object.
8/22/2024 10:25:32 AM:DBManager:connection_data:Object reference not set to an instance of an object.
8/22/2024 10:25:32 AM:DBManager:connection_data:Object reference not set to an instance of an object.
8/22/2024 10:25:32 AM:DBManager:connection_data:Object reference not set to an instance of an object.
8/22/2024 10:25:32 AM:DBManager:connection_data:Object reference not set to an instance of an object.
8/22/2024 10:25:32 AM:DBManager:connection_data:Object reference not set to an instance of an object.
8/22/2024 10:25:32 AM:DBManager:connection_data:Object reference not set to an instance of an object.
8/22/2024 10:25:32 AM:DBManager:connection_data:Object reference not set to an instance of an object.
8/22/2024 10:25:32 AM:DBManager:connection_data:Object reference not set to an instance of an object.
8/22/2024 10:25:32 AM:DBManager:connection_data:Object reference not set to an instance of an object.
8/22/2024 10:25:32 AM:DBManager:connection_data:Object reference not set to an instance of an object.
8/22/2024 10:25:32 AM:DBManager:connection_data:Object reference not set to an instance of an object.
8/22/2024 10:25:32 AM:DBManager:connection_data:Object reference not set to an instance of an object.
8/22/2024 10:25:32 AM:DBManager:connection_data:Object reference not set to an instance of an object.
8/22/2024 10:25:32 AM:DBManager:connection_data:Object reference not set to an instance of an object.
8/22/2024 10:25:32 AM:DBManager:connection_data:Object reference not set to an instance of an object.
8/22/2024 10:25:32 AM:DBManager:connection_data:Object reference not set to an instance of an object.
8/22/2024 10:25:32 AM:DBManager:connection_data:Object reference not set to an instance of an object.
8/22/2024 10:25:32 AM:DBManager:connection_data:Object reference not set to an instance of an object.
8/22/2024 10:25:32 AM:DBManager:connection_data:Object reference not set to an instance of an object.
8/22/2024 10:25:32 AM:DBManager:connection_data:Object reference not set to an instance of an object.
8/22/2024 10:25:32 AM:DBManager:connection_data:Object reference not set to an instance of an object.
8/22/2024 10:25:32 AM:DBManager:connection_data:Object reference not set to an instance of an object.
8/22/2024 10:25:32 AM:DBManager:connection_data:Object reference not set to an instance of an object.
8/22/2024 10:25:32 AM:DBManager:connection_data:Object reference not set to an instance of an object.
8/22/2024 10:25:32 AM:DBManager:connection_data:Object reference not set to an instance of an object.
8/22/2024 10:25:32 AM:DBManager:connection_data:Object reference not set to an instance of an object.
8/22/2024 10:25:32 AM:DBManager:connection_data:Object reference not set to an instance of an object.
8/22/2024 10:25:32 AM:DBManager:connection_data:Object reference not set to an instance of an object.
8/22/2024 10:25:32 AM:DBManager:connection_data:Object reference not set to an instance of an object.
8/22/2024 10:25:32 AM:DBManager:connection_data:Object reference not set to an instance of an object.
8/22/2024 10:25:32 AM:DBManager:connection_data:Object reference not set to an instance of an object.
8/22/2024 10:25:32 AM:DBManager:connection_data:Object reference not set to an instance of an object.
8/22/2024 10:25:32 AM:DBManager:connection_data:Object reference not set to an instance of an object.
8/22/2024 10:25:32 AM:DBManager:connection_data:Object reference not set to an instance of an object.
8/22/2024 10:25:32 AM:DBManager:connection_data:Object reference not set to an instance of an object.
8/22/2024 10:25:32 AM:DBManager:connection_data:Object reference not set to an instance of an object.
8/22/2024 10:25:32 AM:DBManager:connection_data:Object reference not set to an instance of an object.
8/22/2024 10:25:32 AM:DBManager:connection_data:Object reference not set to an instance of an object.
8/22/2024 10:25:32 AM:DBManager:connection_data:Object reference not set to an instance of an object.
8/22/2024 10:25:32 AM:DBManager:connection_data:Object reference not set to an instance of an object.
8/22/2024 10:25:32 AM:DBManager:connection_data:Object reference not set to an instance of an object.
8/22/2024 10:25:32 AM:DBManager:connection_data:Object reference not set to an instance of an object.
8/22/2024 10:25:32 AM:DBManager:connection_data:Object reference not set to an instance of an object.
8/22/2024 10:25:32 AM:DBManager:connection_data:Object reference not set to an instance of an object.
8/22/2024 10:25:32 AM:DBManager:connection_data:Object reference not set to an instance of an object.
8/22/2024 10:25:32 AM:DBManager:connection_data:Object reference not set to an instance of an object.
8/22/2024 10:25:32 AM:DBManager:connection_data:Object reference not set to an instance of an object.
8/22/2024 10:25:32 AM:DBManager:connection_data:Object reference not set to an instance of an object.
8/22/2024 10:25:32 AM:DBManager:connection_data:Object reference not set to an instance of an object.
8/22/2024 10:25:32 AM:DBManager:connection_data:Object reference not set to an instance of an object.
8/22/2024 10:25:32 AM:DBManager:connection_data:Object reference not set to an instance of an object.
8/22/2024 10:25:32 AM:DBManager:connection_data:Object reference not set to an instance of an object.
8/22/2024 10:25:32 AM:DBManager:connection_data:Object reference not set to an instance of an object.
8/22/2024 10:25:32 AM:DBManager:connection_data:Object reference not set to an instance of an object.
8/22/2024 10:25:32 AM:DBManager:connection_data:Object reference not set to an instance of an object.
8/22/2024 10:25:32 AM:DBManager:connection_data:Object reference not set to an instance of an object.
8/22/2024 10:25:32 AM:DBManager:connection_data:Object reference not set to an instance of an object.
22/08/2024 10:25:34 AM:MasterPage:Page_Init:Thread was being aborted.
8/22/2024 10:25:35 AM:DBManager:connection_data:Object reference not set to an instance of an object.
8/22/2024 10:25:35 AM:DBManager:connection_data:Object reference not set to an instance of an object.
8/22/2024 10:25:35 AM:DBManager:connection_data:Object reference not set to an instance of an object.
22/08/2024 10:25:35 AM:SignIn:btnLogIn_Click:test
8/22/2024 10:25:44 AM:DBManager:connection_data:Object reference not set to an instance of an object.
8/22/2024 10:25:44 AM:DBManager:connection_data:Object reference not set to an instance of an object.
8/22/2024 10:25:44 AM:DBManager:connection_data:Object reference not set to an instance of an object.
22/08/2024 10:25:44 AM:SignIn:btnLogIn_Click:test
22/08/2024 10:25:44 AM:SignIn:btnLogIn_Click4:
22/08/2024 10:25:44 AM:SignIn:btnLogIn_Click5:
22/08/2024 10:25:44 AM:SignIn:btnLogIn_Click7:
22/08/2024 10:25:44 AM:SignIn:btnLogIn_Click8:
22/08/2024 10:25:44 AM:ClsDataccess:Getdatatable:The ConnectionString property has not been initialized.
8/22/2024 10:25:45 AM:DBManager:connection_data:Object reference not set to an instance of an object.
8/22/2024 10:25:45 AM:DBManager:connection_data:Object reference not set to an instance of an object.
8/22/2024 10:25:45 AM:DBManager:connection_data:Object reference not set to an instance of an object.
8/22/2024 10:25:45 AM:DBManager:connection_data:Object reference not set to an instance of an object.
8/22/2024 10:25:45 AM:DBManager:connection_data:Object reference not set to an instance of an object.
8/22/2024 10:25:45 AM:DBManager:connection_data:Object reference not set to an instance of an object.
8/22/2024 10:25:45 AM:DBManager:connection_data:Object reference not set to an instance of an object.
8/22/2024 10:25:45 AM:DBManager:connection_data:Object reference not set to an instance of an object.
8/22/2024 10:25:45 AM:DBManager:connection_data:Object reference not set to an instance of an object.
8/22/2024 10:25:45 AM:DBManager:connection_data:Object reference not set to an instance of an object.
8/22/2024 10:25:45 AM:DBManager:connection_data:Object reference not set to an instance of an object.
8/22/2024 10:25:45 AM:DBManager:connection_data:Object reference not set to an instance of an object.
8/22/2024 10:25:45 AM:DBManager:connection_data:Object reference not set to an instance of an object.
8/22/2024 10:25:45 AM:DBManager:connection_data:Object reference not set to an instance of an object.
8/22/2024 10:25:45 AM:DBManager:connection_data:Object reference not set to an instance of an object.
8/22/2024 10:25:45 AM:DBManager:connection_data:Object reference not set to an instance of an object.
8/22/2024 10:25:45 AM:DBManager:connection_data:Object reference not set to an instance of an object.
8/22/2024 10:25:45 AM:DBManager:connection_data:Object reference not set to an instance of an object.
8/22/2024 10:25:45 AM:DBManager:connection_data:Object reference not set to an instance of an object.
8/22/2024 10:25:45 AM:DBManager:connection_data:Object reference not set to an instance of an object.
8/22/2024 10:25:45 AM:DBManager:connection_data:Object reference not set to an instance of an object.
8/22/2024 10:25:45 AM:DBManager:connection_data:Object reference not set to an instance of an object.
8/22/2024 10:25:45 AM:DBManager:connection_data:Object reference not set to an instance of an object.
8/22/2024 10:25:45 AM:DBManager:connection_data:Object reference not set to an instance of an object.
8/22/2024 10:25:45 AM:DBManager:connection_data:Object reference not set to an instance of an object.
8/22/2024 10:25:45 AM:DBManager:connection_data:Object reference not set to an instance of an object.
8/22/2024 10:25:45 AM:DBManager:connection_data:Object reference not set to an instance of an object.
8/22/2024 10:25:45 AM:DBManager:connection_data:Object reference not set to an instance of an object.
8/22/2024 10:25:45 AM:DBManager:connection_data:Object reference not set to an instance of an object.
8/22/2024 10:25:45 AM:DBManager:connection_data:Object reference not set to an instance of an object.
8/22/2024 10:25:45 AM:DBManager:connection_data:Object reference not set to an instance of an object.
8/22/2024 10:25:45 AM:DBManager:connection_data:Object reference not set to an instance of an object.
8/22/2024 10:25:45 AM:DBManager:connection_data:Object reference not set to an instance of an object.
8/22/2024 10:25:45 AM:DBManager:connection_data:Object reference not set to an instance of an object.
8/22/2024 10:25:45 AM:DBManager:connection_data:Object reference not set to an instance of an object.
8/22/2024 10:25:45 AM:DBManager:connection_data:Object reference not set to an instance of an object.
8/22/2024 10:25:45 AM:DBManager:connection_data:Object reference not set to an instance of an object.
8/22/2024 10:25:45 AM:DBManager:connection_data:Object reference not set to an instance of an object.
8/22/2024 10:25:45 AM:DBManager:connection_data:Object reference not set to an instance of an object.
8/22/2024 10:25:45 AM:DBManager:connection_data:Object reference not set to an instance of an object.
8/22/2024 10:25:45 AM:DBManager:connection_data:Object reference not set to an instance of an object.
8/22/2024 10:25:45 AM:DBManager:connection_data:Object reference not set to an instance of an object.
8/22/2024 10:25:45 AM:DBManager:connection_data:Object reference not set to an instance of an object.
8/22/2024 10:25:45 AM:DBManager:connection_data:Object reference not set to an instance of an object.
8/22/2024 10:25:45 AM:DBManager:connection_data:Object reference not set to an instance of an object.
8/22/2024 10:25:45 AM:DBManager:connection_data:Object reference not set to an instance of an object.
8/22/2024 10:25:45 AM:DBManager:connection_data:Object reference not set to an instance of an object.
8/22/2024 10:25:45 AM:DBManager:connection_data:Object reference not set to an instance of an object.
8/22/2024 10:25:45 AM:DBManager:connection_data:Object reference not set to an instance of an object.
8/22/2024 10:25:45 AM:DBManager:connection_data:Object reference not set to an instance of an object.
8/22/2024 10:25:45 AM:DBManager:connection_data:Object reference not set to an instance of an object.
8/22/2024 10:25:45 AM:DBManager:connection_data:Object reference not set to an instance of an object.
8/22/2024 10:25:45 AM:DBManager:connection_data:Object reference not set to an instance of an object.
8/22/2024 10:25:45 AM:DBManager:connection_data:Object reference not set to an instance of an object.
8/22/2024 10:25:45 AM:DBManager:connection_data:Object reference not set to an instance of an object.
8/22/2024 10:25:45 AM:DBManager:connection_data:Object reference not set to an instance of an object.
8/22/2024 10:25:45 AM:DBManager:connection_data:Object reference not set to an instance of an object.
8/22/2024 10:25:45 AM:DBManager:connection_data:Object reference not set to an instance of an object.
8/22/2024 10:25:45 AM:DBManager:connection_data:Object reference not set to an instance of an object.
8/22/2024 10:25:45 AM:DBManager:connection_data:Object reference not set to an instance of an object.
8/22/2024 10:25:45 AM:DBManager:connection_data:Object reference not set to an instance of an object.
8/22/2024 10:25:45 AM:DBManager:connection_data:Object reference not set to an instance of an object.
8/22/2024 10:25:45 AM:DBManager:connection_data:Object reference not set to an instance of an object.
8/22/2024 10:25:45 AM:DBManager:connection_data:Object reference not set to an instance of an object.
8/22/2024 10:25:45 AM:DBManager:connection_data:Object reference not set to an instance of an object.
8/22/2024 10:25:45 AM:DBManager:connection_data:Object reference not set to an instance of an object.
8/22/2024 10:25:45 AM:DBManager:connection_data:Object reference not set to an instance of an object.
8/22/2024 10:25:45 AM:DBManager:connection_data:Object reference not set to an instance of an object.
8/22/2024 10:25:45 AM:DBManager:connection_data:Object reference not set to an instance of an object.
8/22/2024 10:25:45 AM:DBManager:connection_data:Object reference not set to an instance of an object.
8/22/2024 10:25:45 AM:DBManager:connection_data:Object reference not set to an instance of an object.
8/22/2024 10:25:45 AM:DBManager:connection_data:Object reference not set to an instance of an object.
8/22/2024 10:25:45 AM:DBManager:connection_data:Object reference not set to an instance of an object.
8/22/2024 10:25:45 AM:DBManager:connection_data:Object reference not set to an instance of an object.
8/22/2024 10:25:45 AM:DBManager:connection_data:Object reference not set to an instance of an object.
8/22/2024 10:25:45 AM:DBManager:connection_data:Object reference not set to an instance of an object.
8/22/2024 10:25:45 AM:DBManager:connection_data:Object reference not set to an instance of an object.
8/22/2024 10:25:46 AM:DBManager:connection_data:Object reference not set to an instance of an object.
8/22/2024 10:25:46 AM:DBManager:connection_data:Object reference not set to an instance of an object.
8/22/2024 10:25:46 AM:DBManager:connection_data:Object reference not set to an instance of an object.
8/22/2024 10:25:46 AM:DBManager:connection_data:Object reference not set to an instance of an object.
8/22/2024 10:25:46 AM:DBManager:connection_data:Object reference not set to an instance of an object.
8/22/2024 10:25:46 AM:DBManager:connection_data:Object reference not set to an instance of an object.
8/22/2024 10:25:46 AM:DBManager:connection_data:Object reference not set to an instance of an object.
8/22/2024 10:25:46 AM:DBManager:connection_data:Object reference not set to an instance of an object.
8/22/2024 10:25:46 AM:DBManager:connection_data:Object reference not set to an instance of an object.
8/22/2024 10:25:46 AM:DBManager:connection_data:Object reference not set to an instance of an object.
8/22/2024 10:25:46 AM:DBManager:connection_data:Object reference not set to an instance of an object.
8/22/2024 10:25:46 AM:DBManager:connection_data:Object reference not set to an instance of an object.
8/22/2024 10:25:46 AM:DBManager:connection_data:Object reference not set to an instance of an object.
8/22/2024 10:25:46 AM:DBManager:connection_data:Object reference not set to an instance of an object.
8/22/2024 10:25:46 AM:DBManager:connection_data:Object reference not set to an instance of an object.
8/22/2024 10:25:46 AM:DBManager:connection_data:Object reference not set to an instance of an object.
8/22/2024 10:25:46 AM:DBManager:connection_data:Object reference not set to an instance of an object.
8/22/2024 10:25:46 AM:DBManager:connection_data:Object reference not set to an instance of an object.
8/22/2024 10:25:46 AM:DBManager:connection_data:Object reference not set to an instance of an object.
8/22/2024 10:25:46 AM:DBManager:connection_data:Object reference not set to an instance of an object.
8/22/2024 10:25:46 AM:DBManager:connection_data:Object reference not set to an instance of an object.
8/22/2024 10:25:46 AM:DBManager:connection_data:Object reference not set to an instance of an object.
8/22/2024 10:25:46 AM:DBManager:connection_data:Object reference not set to an instance of an object.
8/22/2024 10:25:46 AM:DBManager:connection_data:Object reference not set to an instance of an object.
8/22/2024 10:25:46 AM:DBManager:connection_data:Object reference not set to an instance of an object.
8/22/2024 10:25:46 AM:DBManager:connection_data:Object reference not set to an instance of an object.
8/22/2024 10:25:46 AM:DBManager:connection_data:Object reference not set to an instance of an object.
8/22/2024 10:25:46 AM:DBManager:connection_data:Object reference not set to an instance of an object.
8/22/2024 10:25:46 AM:DBManager:connection_data:Object reference not set to an instance of an object.
8/22/2024 10:25:46 AM:DBManager:connection_data:Object reference not set to an instance of an object.
8/22/2024 10:25:46 AM:DBManager:connection_data:Object reference not set to an instance of an object.
8/22/2024 10:25:46 AM:DBManager:connection_data:Object reference not set to an instance of an object.
8/22/2024 10:25:46 AM:DBManager:connection_data:Object reference not set to an instance of an object.
8/22/2024 10:25:46 AM:DBManager:connection_data:Object reference not set to an instance of an object.
8/22/2024 10:25:46 AM:DBManager:connection_data:Object reference not set to an instance of an object.
8/22/2024 10:25:46 AM:DBManager:connection_data:Object reference not set to an instance of an object.
8/22/2024 10:25:46 AM:DBManager:connection_data:Object reference not set to an instance of an object.
8/22/2024 10:25:46 AM:DBManager:connection_data:Object reference not set to an instance of an object.
8/22/2024 10:25:46 AM:DBManager:connection_data:Object reference not set to an instance of an object.
8/22/2024 10:25:46 AM:DBManager:connection_data:Object reference not set to an instance of an object.
8/22/2024 10:25:46 AM:DBManager:connection_data:Object reference not set to an instance of an object.
8/22/2024 10:25:46 AM:DBManager:connection_data:Object reference not set to an instance of an object.
8/22/2024 10:25:46 AM:DBManager:connection_data:Object reference not set to an instance of an object.
8/22/2024 10:25:46 AM:DBManager:connection_data:Object reference not set to an instance of an object.
8/22/2024 10:25:46 AM:DBManager:connection_data:Object reference not set to an instance of an object.
8/22/2024 10:25:46 AM:DBManager:connection_data:Object reference not set to an instance of an object.
8/22/2024 10:25:46 AM:DBManager:connection_data:Object reference not set to an instance of an object.
8/22/2024 10:25:46 AM:DBManager:connection_data:Object reference not set to an instance of an object.
8/22/2024 10:25:46 AM:DBManager:connection_data:Object reference not set to an instance of an object.
8/22/2024 10:25:46 AM:DBManager:connection_data:Object reference not set to an instance of an object.
8/22/2024 10:25:46 AM:DBManager:connection_data:Object reference not set to an instance of an object.
8/22/2024 10:25:46 AM:DBManager:connection_data:Object reference not set to an instance of an object.
8/22/2024 10:25:46 AM:DBManager:connection_data:Object reference not set to an instance of an object.
8/22/2024 10:25:46 AM:DBManager:connection_data:Object reference not set to an instance of an object.
8/22/2024 10:25:46 AM:DBManager:connection_data:Object reference not set to an instance of an object.
8/22/2024 10:25:46 AM:DBManager:connection_data:Object reference not set to an instance of an object.
8/22/2024 10:25:46 AM:DBManager:connection_data:Object reference not set to an instance of an object.
8/22/2024 10:25:46 AM:DBManager:connection_data:Object reference not set to an instance of an object.
8/22/2024 10:25:46 AM:DBManager:connection_data:Object reference not set to an instance of an object.
8/22/2024 10:25:46 AM:DBManager:connection_data:Object reference not set to an instance of an object.
8/22/2024 10:25:46 AM:DBManager:connection_data:Object reference not set to an instance of an object.
8/22/2024 10:25:46 AM:DBManager:connection_data:Object reference not set to an instance of an object.
8/22/2024 10:25:46 AM:DBManager:connection_data:Object reference not set to an instance of an object.
8/22/2024 10:25:46 AM:DBManager:connection_data:Object reference not set to an instance of an object.
8/22/2024 10:25:46 AM:DBManager:connection_data:Object reference not set to an instance of an object.
8/22/2024 10:25:46 AM:DBManager:connection_data:Object reference not set to an instance of an object.
8/22/2024 10:25:46 AM:DBManager:connection_data:Object reference not set to an instance of an object.
8/22/2024 10:25:46 AM:DBManager:connection_data:Object reference not set to an instance of an object.
8/22/2024 10:25:46 AM:DBManager:connection_data:Object reference not set to an instance of an object.
8/22/2024 10:25:46 AM:DBManager:connection_data:Object reference not set to an instance of an object.
8/22/2024 10:25:46 AM:DBManager:connection_data:Object reference not set to an instance of an object.
8/22/2024 10:25:46 AM:DBManager:connection_data:Object reference not set to an instance of an object.
8/22/2024 10:25:46 AM:DBManager:connection_data:Object reference not set to an instance of an object.
8/22/2024 10:25:46 AM:DBManager:connection_data:Object reference not set to an instance of an object.
8/22/2024 10:25:46 AM:DBManager:connection_data:Object reference not set to an instance of an object.
8/22/2024 10:25:46 AM:DBManager:connection_data:Object reference not set to an instance of an object.
8/22/2024 10:25:46 AM:DBManager:connection_data:Object reference not set to an instance of an object.
8/22/2024 10:26:11 AM:DBManager:connection_data:Object reference not set to an instance of an object.
8/22/2024 10:26:11 AM:DBManager:connection_data:Object reference not set to an instance of an object.
8/22/2024 10:26:11 AM:DBManager:connection_data:Object reference not set to an instance of an object.
8/22/2024 10:26:11 AM:DBManager:connection_data:Object reference not set to an instance of an object.
8/22/2024 10:26:11 AM:DBManager:connection_data:Object reference not set to an instance of an object.
8/22/2024 10:26:11 AM:DBManager:connection_data:Object reference not set to an instance of an object.
8/22/2024 10:26:11 AM:DBManager:connection_data:Object reference not set to an instance of an object.
8/22/2024 10:26:11 AM:DBManager:connection_data:Object reference not set to an instance of an object.
8/22/2024 10:26:11 AM:DBManager:connection_data:Object reference not set to an instance of an object.
8/22/2024 10:26:11 AM:DBManager:connection_data:Object reference not set to an instance of an object.
8/22/2024 10:26:11 AM:DBManager:connection_data:Object reference not set to an instance of an object.
8/22/2024 10:26:11 AM:DBManager:connection_data:Object reference not set to an instance of an object.
8/22/2024 10:26:11 AM:DBManager:connection_data:Object reference not set to an instance of an object.
8/22/2024 10:26:11 AM:DBManager:connection_data:Object reference not set to an instance of an object.
8/22/2024 10:26:11 AM:DBManager:connection_data:Object reference not set to an instance of an object.
8/22/2024 10:26:11 AM:DBManager:connection_data:Object reference not set to an instance of an object.
8/22/2024 10:26:11 AM:DBManager:connection_data:Object reference not set to an instance of an object.
8/22/2024 10:26:11 AM:DBManager:connection_data:Object reference not set to an instance of an object.
8/22/2024 10:26:11 AM:DBManager:connection_data:Object reference not set to an instance of an object.
8/22/2024 10:26:11 AM:DBManager:connection_data:Object reference not set to an instance of an object.
8/22/2024 10:26:11 AM:DBManager:connection_data:Object reference not set to an instance of an object.
8/22/2024 10:26:11 AM:DBManager:connection_data:Object reference not set to an instance of an object.
8/22/2024 10:26:11 AM:DBManager:connection_data:Object reference not set to an instance of an object.
8/22/2024 10:26:11 AM:DBManager:connection_data:Object reference not set to an instance of an object.
8/22/2024 10:26:11 AM:DBManager:connection_data:Object reference not set to an instance of an object.
8/22/2024 10:26:11 AM:DBManager:connection_data:Object reference not set to an instance of an object.
8/22/2024 10:26:11 AM:DBManager:connection_data:Object reference not set to an instance of an object.
8/22/2024 10:26:11 AM:DBManager:connection_data:Object reference not set to an instance of an object.
8/22/2024 10:26:11 AM:DBManager:connection_data:Object reference not set to an instance of an object.
8/22/2024 10:26:11 AM:DBManager:connection_data:Object reference not set to an instance of an object.
8/22/2024 10:26:11 AM:DBManager:connection_data:Object reference not set to an instance of an object.
8/22/2024 10:26:11 AM:DBManager:connection_data:Object reference not set to an instance of an object.
8/22/2024 10:26:11 AM:DBManager:connection_data:Object reference not set to an instance of an object.
8/22/2024 10:26:11 AM:DBManager:connection_data:Object reference not set to an instance of an object.
8/22/2024 10:26:11 AM:DBManager:connection_data:Object reference not set to an instance of an object.
8/22/2024 10:26:11 AM:DBManager:connection_data:Object reference not set to an instance of an object.
8/22/2024 10:26:11 AM:DBManager:connection_data:Object reference not set to an instance of an object.
8/22/2024 10:26:11 AM:DBManager:connection_data:Object reference not set to an instance of an object.
8/22/2024 10:26:11 AM:DBManager:connection_data:Object reference not set to an instance of an object.
8/22/2024 10:26:11 AM:DBManager:connection_data:Object reference not set to an instance of an object.
8/22/2024 10:26:11 AM:DBManager:connection_data:Object reference not set to an instance of an object.
8/22/2024 10:26:11 AM:DBManager:connection_data:Object reference not set to an instance of an object.
8/22/2024 10:26:11 AM:DBManager:connection_data:Object reference not set to an instance of an object.
8/22/2024 10:26:11 AM:DBManager:connection_data:Object reference not set to an instance of an object.
8/22/2024 10:26:11 AM:DBManager:connection_data:Object reference not set to an instance of an object.
8/22/2024 10:26:11 AM:DBManager:connection_data:Object reference not set to an instance of an object.
8/22/2024 10:26:11 AM:DBManager:connection_data:Object reference not set to an instance of an object.
8/22/2024 10:26:11 AM:DBManager:connection_data:Object reference not set to an instance of an object.
8/22/2024 10:26:11 AM:DBManager:connection_data:Object reference not set to an instance of an object.
8/22/2024 10:26:11 AM:DBManager:connection_data:Object reference not set to an instance of an object.
8/22/2024 10:26:11 AM:DBManager:connection_data:Object reference not set to an instance of an object.
8/22/2024 10:26:11 AM:DBManager:connection_data:Object reference not set to an instance of an object.
8/22/2024 10:26:11 AM:DBManager:connection_data:Object reference not set to an instance of an object.
8/22/2024 10:26:11 AM:DBManager:connection_data:Object reference not set to an instance of an object.
8/22/2024 10:26:11 AM:DBManager:connection_data:Object reference not set to an instance of an object.
8/22/2024 10:26:11 AM:DBManager:connection_data:Object reference not set to an instance of an object.
8/22/2024 10:26:11 AM:DBManager:connection_data:Object reference not set to an instance of an object.
8/22/2024 10:26:11 AM:DBManager:connection_data:Object reference not set to an instance of an object.
8/22/2024 10:26:11 AM:DBManager:connection_data:Object reference not set to an instance of an object.
8/22/2024 10:26:11 AM:DBManager:connection_data:Object reference not set to an instance of an object.
8/22/2024 10:26:11 AM:DBManager:connection_data:Object reference not set to an instance of an object.
8/22/2024 10:26:11 AM:DBManager:connection_data:Object reference not set to an instance of an object.
8/22/2024 10:26:11 AM:DBManager:connection_data:Object reference not set to an instance of an object.
8/22/2024 10:26:11 AM:DBManager:connection_data:Object reference not set to an instance of an object.
8/22/2024 10:26:11 AM:DBManager:connection_data:Object reference not set to an instance of an object.
8/22/2024 10:26:11 AM:DBManager:connection_data:Object reference not set to an instance of an object.
8/22/2024 10:26:11 AM:DBManager:connection_data:Object reference not set to an instance of an object.
8/22/2024 10:26:11 AM:DBManager:connection_data:Object reference not set to an instance of an object.
8/22/2024 10:26:11 AM:DBManager:connection_data:Object reference not set to an instance of an object.
8/22/2024 10:26:11 AM:DBManager:connection_data:Object reference not set to an instance of an object.
8/22/2024 10:26:11 AM:DBManager:connection_data:Object reference not set to an instance of an object.
8/22/2024 10:26:11 AM:DBManager:connection_data:Object reference not set to an instance of an object.
8/22/2024 10:26:11 AM:DBManager:connection_data:Object reference not set to an instance of an object.
8/22/2024 10:26:11 AM:DBManager:connection_data:Object reference not set to an instance of an object.
8/22/2024 10:26:11 AM:DBManager:connection_data:Object reference not set to an instance of an object.
8/22/2024 10:26:11 AM:DBManager:connection_data:Object reference not set to an instance of an object.
8/22/2024 10:26:11 AM:DBManager:connection_data:Object reference not set to an instance of an object.
8/22/2024 10:26:11 AM:DBManager:connection_data:Object reference not set to an instance of an object.
8/22/2024 10:26:11 AM:DBManager:connection_data:Object reference not set to an instance of an object.
8/22/2024 10:26:11 AM:DBManager:connection_data:Object reference not set to an instance of an object.
8/22/2024 10:26:11 AM:DBManager:connection_data:Object reference not set to an instance of an object.
8/22/2024 10:26:11 AM:DBManager:connection_data:Object reference not set to an instance of an object.
8/22/2024 10:26:11 AM:DBManager:connection_data:Object reference not set to an instance of an object.
8/22/2024 10:26:11 AM:DBManager:connection_data:Object reference not set to an instance of an object.
8/22/2024 10:26:11 AM:DBManager:connection_data:Object reference not set to an instance of an object.
8/22/2024 10:26:11 AM:DBManager:connection_data:Object reference not set to an instance of an object.
8/22/2024 10:26:11 AM:DBManager:connection_data:Object reference not set to an instance of an object.
8/22/2024 10:26:11 AM:DBManager:connection_data:Object reference not set to an instance of an object.
22/08/2024 10:26:11 AM:ClsSessionManager:CreateSessionDT:Conversion from type 'DataTable' to type 'String' is not valid.
8/22/2024 10:26:20 AM:DBManager:connection_data:Object reference not set to an instance of an object.
8/22/2024 10:26:20 AM:DBManager:connection_data:Object reference not set to an instance of an object.
8/22/2024 10:26:20 AM:DBManager:connection_data:Object reference not set to an instance of an object.
8/22/2024 10:26:20 AM:DBManager:connection_data:Object reference not set to an instance of an object.
8/22/2024 10:26:20 AM:DBManager:connection_data:Object reference not set to an instance of an object.
8/22/2024 10:26:20 AM:DBManager:connection_data:Object reference not set to an instance of an object.
8/22/2024 10:26:20 AM:DBManager:connection_data:Object reference not set to an instance of an object.
8/22/2024 10:26:20 AM:DBManager:connection_data:Object reference not set to an instance of an object.
8/22/2024 10:26:20 AM:DBManager:connection_data:Object reference not set to an instance of an object.
8/22/2024 10:26:20 AM:DBManager:connection_data:Object reference not set to an instance of an object.
8/22/2024 10:26:20 AM:DBManager:connection_data:Object reference not set to an instance of an object.
8/22/2024 10:26:20 AM:DBManager:connection_data:Object reference not set to an instance of an object.
8/22/2024 10:26:20 AM:DBManager:connection_data:Object reference not set to an instance of an object.
8/22/2024 10:26:20 AM:DBManager:connection_data:Object reference not set to an instance of an object.
8/22/2024 10:26:20 AM:DBManager:connection_data:Object reference not set to an instance of an object.
8/22/2024 10:26:20 AM:DBManager:connection_data:Object reference not set to an instance of an object.
8/22/2024 10:26:20 AM:DBManager:connection_data:Object reference not set to an instance of an object.
8/22/2024 10:26:20 AM:DBManager:connection_data:Object reference not set to an instance of an object.
8/22/2024 10:26:20 AM:DBManager:connection_data:Object reference not set to an instance of an object.
8/22/2024 10:26:20 AM:DBManager:connection_data:Object reference not set to an instance of an object.
8/22/2024 10:26:20 AM:DBManager:connection_data:Object reference not set to an instance of an object.
8/22/2024 10:26:20 AM:DBManager:connection_data:Object reference not set to an instance of an object.
8/22/2024 10:26:20 AM:DBManager:connection_data:Object reference not set to an instance of an object.
8/22/2024 10:26:20 AM:DBManager:connection_data:Object reference not set to an instance of an object.
8/22/2024 10:26:20 AM:DBManager:connection_data:Object reference not set to an instance of an object.
8/22/2024 10:26:20 AM:DBManager:connection_data:Object reference not set to an instance of an object.
8/22/2024 10:26:20 AM:DBManager:connection_data:Object reference not set to an instance of an object.
8/22/2024 10:26:20 AM:DBManager:connection_data:Object reference not set to an instance of an object.
8/22/2024 10:26:20 AM:DBManager:connection_data:Object reference not set to an instance of an object.
8/22/2024 10:26:20 AM:DBManager:connection_data:Object reference not set to an instance of an object.
8/22/2024 10:26:20 AM:DBManager:connection_data:Object reference not set to an instance of an object.
8/22/2024 10:26:20 AM:DBManager:connection_data:Object reference not set to an instance of an object.
8/22/2024 10:26:20 AM:DBManager:connection_data:Object reference not set to an instance of an object.
8/22/2024 10:26:20 AM:DBManager:connection_data:Object reference not set to an instance of an object.
8/22/2024 10:26:20 AM:DBManager:connection_data:Object reference not set to an instance of an object.
8/22/2024 10:26:20 AM:DBManager:connection_data:Object reference not set to an instance of an object.
8/22/2024 10:26:20 AM:DBManager:connection_data:Object reference not set to an instance of an object.
8/22/2024 10:26:20 AM:DBManager:connection_data:Object reference not set to an instance of an object.
8/22/2024 10:26:20 AM:DBManager:connection_data:Object reference not set to an instance of an object.
8/22/2024 10:26:20 AM:DBManager:connection_data:Object reference not set to an instance of an object.
8/22/2024 10:26:20 AM:DBManager:connection_data:Object reference not set to an instance of an object.
8/22/2024 10:26:20 AM:DBManager:connection_data:Object reference not set to an instance of an object.
8/22/2024 10:26:20 AM:DBManager:connection_data:Object reference not set to an instance of an object.
8/22/2024 10:26:20 AM:DBManager:connection_data:Object reference not set to an instance of an object.
8/22/2024 10:26:20 AM:DBManager:connection_data:Object reference not set to an instance of an object.
8/22/2024 10:26:20 AM:DBManager:connection_data:Object reference not set to an instance of an object.
8/22/2024 10:26:20 AM:DBManager:connection_data:Object reference not set to an instance of an object.
8/22/2024 10:26:20 AM:DBManager:connection_data:Object reference not set to an instance of an object.
8/22/2024 10:26:20 AM:DBManager:connection_data:Object reference not set to an instance of an object.
8/22/2024 10:26:20 AM:DBManager:connection_data:Object reference not set to an instance of an object.
8/22/2024 10:26:20 AM:DBManager:connection_data:Object reference not set to an instance of an object.
8/22/2024 10:26:20 AM:DBManager:connection_data:Object reference not set to an instance of an object.
8/22/2024 10:26:20 AM:DBManager:connection_data:Object reference not set to an instance of an object.
8/22/2024 10:26:20 AM:DBManager:connection_data:Object reference not set to an instance of an object.
8/22/2024 10:26:20 AM:DBManager:connection_data:Object reference not set to an instance of an object.
8/22/2024 10:26:20 AM:DBManager:connection_data:Object reference not set to an instance of an object.
8/22/2024 10:26:20 AM:DBManager:connection_data:Object reference not set to an instance of an object.
8/22/2024 10:26:20 AM:DBManager:connection_data:Object reference not set to an instance of an object.
8/22/2024 10:26:20 AM:DBManager:connection_data:Object reference not set to an instance of an object.
8/22/2024 10:26:20 AM:DBManager:connection_data:Object reference not set to an instance of an object.
8/22/2024 10:26:20 AM:DBManager:connection_data:Object reference not set to an instance of an object.
8/22/2024 10:26:20 AM:DBManager:connection_data:Object reference not set to an instance of an object.
8/22/2024 10:26:20 AM:DBManager:connection_data:Object reference not set to an instance of an object.
8/22/2024 10:26:20 AM:DBManager:connection_data:Object reference not set to an instance of an object.
8/22/2024 10:26:20 AM:DBManager:connection_data:Object reference not set to an instance of an object.
8/22/2024 10:26:20 AM:DBManager:connection_data:Object reference not set to an instance of an object.
8/22/2024 10:26:20 AM:DBManager:connection_data:Object reference not set to an instance of an object.
8/22/2024 10:26:20 AM:DBManager:connection_data:Object reference not set to an instance of an object.
8/22/2024 10:26:20 AM:DBManager:connection_data:Object reference not set to an instance of an object.
8/22/2024 10:26:20 AM:DBManager:connection_data:Object reference not set to an instance of an object.
8/22/2024 10:26:20 AM:DBManager:connection_data:Object reference not set to an instance of an object.
8/22/2024 10:26:20 AM:DBManager:connection_data:Object reference not set to an instance of an object.
8/22/2024 10:26:20 AM:DBManager:connection_data:Object reference not set to an instance of an object.
8/22/2024 10:26:20 AM:DBManager:connection_data:Object reference not set to an instance of an object.
8/22/2024 10:26:20 AM:DBManager:connection_data:Object reference not set to an instance of an object.
8/22/2024 10:26:20 AM:DBManager:connection_data:Object reference not set to an instance of an object.
8/22/2024 10:26:20 AM:DBManager:connection_data:Object reference not set to an instance of an object.
8/22/2024 10:26:20 AM:DBManager:connection_data:Object reference not set to an instance of an object.
8/22/2024 10:26:20 AM:DBManager:connection_data:Object reference not set to an instance of an object.
8/22/2024 10:26:20 AM:DBManager:connection_data:Object reference not set to an instance of an object.
8/22/2024 10:26:20 AM:DBManager:connection_data:Object reference not set to an instance of an object.
8/22/2024 10:26:20 AM:DBManager:connection_data:Object reference not set to an instance of an object.
8/22/2024 10:26:20 AM:DBManager:connection_data:Object reference not set to an instance of an object.
8/22/2024 10:26:20 AM:DBManager:connection_data:Object reference not set to an instance of an object.
8/22/2024 10:26:20 AM:DBManager:connection_data:Object reference not set to an instance of an object.
8/22/2024 10:26:20 AM:DBManager:connection_data:Object reference not set to an instance of an object.
8/22/2024 10:26:20 AM:DBManager:connection_data:Object reference not set to an instance of an object.
8/22/2024 10:26:20 AM:DBManager:connection_data:Object reference not set to an instance of an object.
8/22/2024 10:26:20 AM:DBManager:connection_data:Object reference not set to an instance of an object.
8/22/2024 10:26:20 AM:DBManager:connection_data:Object reference not set to an instance of an object.
8/22/2024 10:26:20 AM:DBManager:connection_data:Object reference not set to an instance of an object.
8/22/2024 10:26:20 AM:DBManager:connection_data:Object reference not set to an instance of an object.
8/22/2024 10:26:20 AM:DBManager:connection_data:Object reference not set to an instance of an object.
8/22/2024 10:26:20 AM:DBManager:connection_data:Object reference not set to an instance of an object.
8/22/2024 10:26:20 AM:DBManager:connection_data:Object reference not set to an instance of an object.
8/22/2024 10:26:20 AM:DBManager:connection_data:Object reference not set to an instance of an object.
8/22/2024 10:26:20 AM:DBManager:connection_data:Object reference not set to an instance of an object.
8/22/2024 10:26:20 AM:DBManager:connection_data:Object reference not set to an instance of an object.
8/22/2024 10:26:20 AM:DBManager:connection_data:Object reference not set to an instance of an object.
8/22/2024 10:26:20 AM:DBManager:connection_data:Object reference not set to an instance of an object.
8/22/2024 10:26:20 AM:DBManager:connection_data:Object reference not set to an instance of an object.
8/22/2024 10:26:20 AM:DBManager:connection_data:Object reference not set to an instance of an object.
8/22/2024 10:26:20 AM:DBManager:connection_data:Object reference not set to an instance of an object.
8/22/2024 10:26:20 AM:DBManager:connection_data:Object reference not set to an instance of an object.
8/22/2024 10:26:20 AM:DBManager:connection_data:Object reference not set to an instance of an object.
8/22/2024 10:26:20 AM:DBManager:connection_data:Object reference not set to an instance of an object.
8/22/2024 10:26:20 AM:DBManager:connection_data:Object reference not set to an instance of an object.
8/22/2024 10:26:20 AM:DBManager:connection_data:Object reference not set to an instance of an object.
8/22/2024 10:26:20 AM:DBManager:connection_data:Object reference not set to an instance of an object.
8/22/2024 10:26:20 AM:DBManager:connection_data:Object reference not set to an instance of an object.
8/22/2024 10:26:20 AM:DBManager:connection_data:Object reference not set to an instance of an object.
8/22/2024 10:26:20 AM:DBManager:connection_data:Object reference not set to an instance of an object.
8/22/2024 10:26:20 AM:DBManager:connection_data:Object reference not set to an instance of an object.
8/22/2024 10:26:20 AM:DBManager:connection_data:Object reference not set to an instance of an object.
8/22/2024 10:26:20 AM:DBManager:connection_data:Object reference not set to an instance of an object.
22/08/2024 10:26:20 AM:Product_Master:Page_Load:1
22/08/2024 10:26:20 AM:Product_Master:Page_Load:2
22/08/2024 10:26:20 AM:Product_Master:BindGrid:The data source does not support server-side data paging.
22/08/2024 10:26:20 AM:Product_Master:Page_Load:9
22/08/2024 10:26:20 AM:Product_Master:Page_Load:10
22/08/2024 10:26:20 AM:Product_Master:selectIngredientList:Object reference not set to an instance of an object.
22/08/2024 10:26:20 AM:Product_Master:selectCondimentList:Object reference not set to an instance of an object.
22/08/2024 10:26:20 AM:Product_Master:Page_Load:11
8/22/2024 10:31:52 AM:DBManager:connection_data:Object reference not set to an instance of an object.
8/22/2024 10:31:52 AM:DBManager:connection_data:Object reference not set to an instance of an object.
8/22/2024 10:31:52 AM:DBManager:connection_data:Object reference not set to an instance of an object.
8/22/2024 10:31:52 AM:DBManager:connection_data:Object reference not set to an instance of an object.
8/22/2024 10:31:52 AM:DBManager:connection_data:Object reference not set to an instance of an object.
8/22/2024 10:31:52 AM:DBManager:connection_data:Object reference not set to an instance of an object.
8/22/2024 10:31:52 AM:DBManager:connection_data:Object reference not set to an instance of an object.
8/22/2024 10:31:52 AM:DBManager:connection_data:Object reference not set to an instance of an object.
8/22/2024 10:31:52 AM:DBManager:connection_data:Object reference not set to an instance of an object.
8/22/2024 10:31:52 AM:DBManager:connection_data:Object reference not set to an instance of an object.
8/22/2024 10:31:52 AM:DBManager:connection_data:Object reference not set to an instance of an object.
8/22/2024 10:31:52 AM:DBManager:connection_data:Object reference not set to an instance of an object.
8/22/2024 10:31:52 AM:DBManager:connection_data:Object reference not set to an instance of an object.
8/22/2024 10:31:52 AM:DBManager:connection_data:Object reference not set to an instance of an object.
8/22/2024 10:31:52 AM:DBManager:connection_data:Object reference not set to an instance of an object.
8/22/2024 10:31:52 AM:DBManager:connection_data:Object reference not set to an instance of an object.
8/22/2024 10:31:52 AM:DBManager:connection_data:Object reference not set to an instance of an object.
8/22/2024 10:31:52 AM:DBManager:connection_data:Object reference not set to an instance of an object.
8/22/2024 10:31:52 AM:DBManager:connection_data:Object reference not set to an instance of an object.
8/22/2024 10:31:52 AM:DBManager:connection_data:Object reference not set to an instance of an object.
8/22/2024 10:31:52 AM:DBManager:connection_data:Object reference not set to an instance of an object.
8/22/2024 10:31:52 AM:DBManager:connection_data:Object reference not set to an instance of an object.
8/22/2024 10:31:52 AM:DBManager:connection_data:Object reference not set to an instance of an object.
8/22/2024 10:31:52 AM:DBManager:connection_data:Object reference not set to an instance of an object.
8/22/2024 10:31:52 AM:DBManager:connection_data:Object reference not set to an instance of an object.
8/22/2024 10:31:52 AM:DBManager:connection_data:Object reference not set to an instance of an object.
8/22/2024 10:31:52 AM:DBManager:connection_data:Object reference not set to an instance of an object.
8/22/2024 10:31:52 AM:DBManager:connection_data:Object reference not set to an instance of an object.
8/22/2024 10:31:52 AM:DBManager:connection_data:Object reference not set to an instance of an object.
8/22/2024 10:31:52 AM:DBManager:connection_data:Object reference not set to an instance of an object.
8/22/2024 10:31:52 AM:DBManager:connection_data:Object reference not set to an instance of an object.
8/22/2024 10:31:52 AM:DBManager:connection_data:Object reference not set to an instance of an object.
8/22/2024 10:31:52 AM:DBManager:connection_data:Object reference not set to an instance of an object.
8/22/2024 10:31:52 AM:DBManager:connection_data:Object reference not set to an instance of an object.
8/22/2024 10:31:52 AM:DBManager:connection_data:Object reference not set to an instance of an object.
8/22/2024 10:31:52 AM:DBManager:connection_data:Object reference not set to an instance of an object.
8/22/2024 10:31:52 AM:DBManager:connection_data:Object reference not set to an instance of an object.
8/22/2024 10:31:52 AM:DBManager:connection_data:Object reference not set to an instance of an object.
8/22/2024 10:31:52 AM:DBManager:connection_data:Object reference not set to an instance of an object.
8/22/2024 10:31:52 AM:DBManager:connection_data:Object reference not set to an instance of an object.
8/22/2024 10:31:52 AM:DBManager:connection_data:Object reference not set to an instance of an object.
8/22/2024 10:31:52 AM:DBManager:connection_data:Object reference not set to an instance of an object.
8/22/2024 10:31:52 AM:DBManager:connection_data:Object reference not set to an instance of an object.
8/22/2024 10:31:52 AM:DBManager:connection_data:Object reference not set to an instance of an object.
8/22/2024 10:31:52 AM:DBManager:connection_data:Object reference not set to an instance of an object.
8/22/2024 10:31:52 AM:DBManager:connection_data:Object reference not set to an instance of an object.
8/22/2024 10:31:52 AM:DBManager:connection_data:Object reference not set to an instance of an object.
8/22/2024 10:31:52 AM:DBManager:connection_data:Object reference not set to an instance of an object.
8/22/2024 10:31:52 AM:DBManager:connection_data:Object reference not set to an instance of an object.
8/22/2024 10:31:52 AM:DBManager:connection_data:Object reference not set to an instance of an object.
8/22/2024 10:31:52 AM:DBManager:connection_data:Object reference not set to an instance of an object.
8/22/2024 10:31:52 AM:DBManager:connection_data:Object reference not set to an instance of an object.
8/22/2024 10:31:52 AM:DBManager:connection_data:Object reference not set to an instance of an object.
8/22/2024 10:31:52 AM:DBManager:connection_data:Object reference not set to an instance of an object.
8/22/2024 10:31:52 AM:DBManager:connection_data:Object reference not set to an instance of an object.
8/22/2024 10:31:52 AM:DBManager:connection_data:Object reference not set to an instance of an object.
8/22/2024 10:31:52 AM:DBManager:connection_data:Object reference not set to an instance of an object.
8/22/2024 10:31:52 AM:DBManager:connection_data:Object reference not set to an instance of an object.
8/22/2024 10:31:52 AM:DBManager:connection_data:Object reference not set to an instance of an object.
8/22/2024 10:31:52 AM:DBManager:connection_data:Object reference not set to an instance of an object.
8/22/2024 10:31:52 AM:DBManager:connection_data:Object reference not set to an instance of an object.
8/22/2024 10:31:52 AM:DBManager:connection_data:Object reference not set to an instance of an object.
8/22/2024 10:31:52 AM:DBManager:connection_data:Object reference not set to an instance of an object.
8/22/2024 10:31:52 AM:DBManager:connection_data:Object reference not set to an instance of an object.
8/22/2024 10:31:52 AM:DBManager:connection_data:Object reference not set to an instance of an object.
8/22/2024 10:31:52 AM:DBManager:connection_data:Object reference not set to an instance of an object.
8/22/2024 10:31:52 AM:DBManager:connection_data:Object reference not set to an instance of an object.
8/22/2024 10:31:52 AM:DBManager:connection_data:Object reference not set to an instance of an object.
8/22/2024 10:31:52 AM:DBManager:connection_data:Object reference not set to an instance of an object.
8/22/2024 10:31:52 AM:DBManager:connection_data:Object reference not set to an instance of an object.
8/22/2024 10:31:52 AM:DBManager:connection_data:Object reference not set to an instance of an object.
8/22/2024 10:31:52 AM:DBManager:connection_data:Object reference not set to an instance of an object.
8/22/2024 10:31:52 AM:DBManager:connection_data:Object reference not set to an instance of an object.
8/22/2024 10:31:52 AM:DBManager:connection_data:Object reference not set to an instance of an object.
8/22/2024 10:31:52 AM:DBManager:connection_data:Object reference not set to an instance of an object.
8/22/2024 10:31:52 AM:DBManager:connection_data:Object reference not set to an instance of an object.
8/22/2024 10:31:52 AM:DBManager:connection_data:Object reference not set to an instance of an object.
8/22/2024 10:31:52 AM:DBManager:connection_data:Object reference not set to an instance of an object.
8/22/2024 10:31:52 AM:DBManager:connection_data:Object reference not set to an instance of an object.
8/22/2024 10:31:52 AM:DBManager:connection_data:Object reference not set to an instance of an object.
8/22/2024 10:31:52 AM:DBManager:connection_data:Object reference not set to an instance of an object.
8/22/2024 10:31:52 AM:DBManager:connection_data:Object reference not set to an instance of an object.
8/22/2024 10:31:52 AM:DBManager:connection_data:Object reference not set to an instance of an object.
8/22/2024 10:31:52 AM:DBManager:connection_data:Object reference not set to an instance of an object.
8/22/2024 10:31:52 AM:DBManager:connection_data:Object reference not set to an instance of an object.
8/22/2024 10:31:52 AM:DBManager:connection_data:Object reference not set to an instance of an object.
8/22/2024 10:31:52 AM:DBManager:connection_data:Object reference not set to an instance of an object.
8/22/2024 10:31:52 AM:DBManager:connection_data:Object reference not set to an instance of an object.
8/22/2024 10:31:55 AM:DBManager:connection_data:Object reference not set to an instance of an object.
8/22/2024 10:31:55 AM:DBManager:connection_data:Object reference not set to an instance of an object.
8/22/2024 10:31:55 AM:DBManager:connection_data:Object reference not set to an instance of an object.
8/22/2024 10:31:55 AM:DBManager:connection_data:Object reference not set to an instance of an object.
8/22/2024 10:31:55 AM:DBManager:connection_data:Object reference not set to an instance of an object.
8/22/2024 10:31:55 AM:DBManager:connection_data:Object reference not set to an instance of an object.
8/22/2024 10:31:55 AM:DBManager:connection_data:Object reference not set to an instance of an object.
8/22/2024 10:31:55 AM:DBManager:connection_data:Object reference not set to an instance of an object.
8/22/2024 10:31:55 AM:DBManager:connection_data:Object reference not set to an instance of an object.
8/22/2024 10:31:55 AM:DBManager:connection_data:Object reference not set to an instance of an object.
8/22/2024 10:31:55 AM:DBManager:connection_data:Object reference not set to an instance of an object.
8/22/2024 10:31:55 AM:DBManager:connection_data:Object reference not set to an instance of an object.
8/22/2024 10:31:55 AM:DBManager:connection_data:Object reference not set to an instance of an object.
8/22/2024 10:31:55 AM:DBManager:connection_data:Object reference not set to an instance of an object.
8/22/2024 10:31:55 AM:DBManager:connection_data:Object reference not set to an instance of an object.
8/22/2024 10:31:55 AM:DBManager:connection_data:Object reference not set to an instance of an object.
8/22/2024 10:31:55 AM:DBManager:connection_data:Object reference not set to an instance of an object.
8/22/2024 10:31:55 AM:DBManager:connection_data:Object reference not set to an instance of an object.
8/22/2024 10:31:55 AM:DBManager:connection_data:Object reference not set to an instance of an object.
8/22/2024 10:31:55 AM:DBManager:connection_data:Object reference not set to an instance of an object.
8/22/2024 10:31:55 AM:DBManager:connection_data:Object reference not set to an instance of an object.
8/22/2024 10:31:55 AM:DBManager:connection_data:Object reference not set to an instance of an object.
8/22/2024 10:31:55 AM:DBManager:connection_data:Object reference not set to an instance of an object.
8/22/2024 10:31:55 AM:DBManager:connection_data:Object reference not set to an instance of an object.
8/22/2024 10:31:55 AM:DBManager:connection_data:Object reference not set to an instance of an object.
8/22/2024 10:31:55 AM:DBManager:connection_data:Object reference not set to an instance of an object.
8/22/2024 10:31:55 AM:DBManager:connection_data:Object reference not set to an instance of an object.
8/22/2024 10:31:55 AM:DBManager:connection_data:Object reference not set to an instance of an object.
8/22/2024 10:31:55 AM:DBManager:connection_data:Object reference not set to an instance of an object.
8/22/2024 10:31:55 AM:DBManager:connection_data:Object reference not set to an instance of an object.
8/22/2024 10:31:55 AM:DBManager:connection_data:Object reference not set to an instance of an object.
8/22/2024 10:31:55 AM:DBManager:connection_data:Object reference not set to an instance of an object.
8/22/2024 10:31:55 AM:DBManager:connection_data:Object reference not set to an instance of an object.
8/22/2024 10:31:55 AM:DBManager:connection_data:Object reference not set to an instance of an object.
8/22/2024 10:31:55 AM:DBManager:connection_data:Object reference not set to an instance of an object.
8/22/2024 10:31:55 AM:DBManager:connection_data:Object reference not set to an instance of an object.
8/22/2024 10:31:55 AM:DBManager:connection_data:Object reference not set to an instance of an object.
8/22/2024 10:31:55 AM:DBManager:connection_data:Object reference not set to an instance of an object.
8/22/2024 10:31:55 AM:DBManager:connection_data:Object reference not set to an instance of an object.
8/22/2024 10:31:55 AM:DBManager:connection_data:Object reference not set to an instance of an object.
8/22/2024 10:31:55 AM:DBManager:connection_data:Object reference not set to an instance of an object.
8/22/2024 10:31:55 AM:DBManager:connection_data:Object reference not set to an instance of an object.
8/22/2024 10:31:55 AM:DBManager:connection_data:Object reference not set to an instance of an object.
8/22/2024 10:31:55 AM:DBManager:connection_data:Object reference not set to an instance of an object.
8/22/2024 10:31:55 AM:DBManager:connection_data:Object reference not set to an instance of an object.
8/22/2024 10:31:55 AM:DBManager:connection_data:Object reference not set to an instance of an object.
8/22/2024 10:31:55 AM:DBManager:connection_data:Object reference not set to an instance of an object.
8/22/2024 10:31:55 AM:DBManager:connection_data:Object reference not set to an instance of an object.
8/22/2024 10:31:55 AM:DBManager:connection_data:Object reference not set to an instance of an object.
8/22/2024 10:31:55 AM:DBManager:connection_data:Object reference not set to an instance of an object.
8/22/2024 10:31:55 AM:DBManager:connection_data:Object reference not set to an instance of an object.
8/22/2024 10:31:55 AM:DBManager:connection_data:Object reference not set to an instance of an object.
8/22/2024 10:31:55 AM:DBManager:connection_data:Object reference not set to an instance of an object.
8/22/2024 10:31:55 AM:DBManager:connection_data:Object reference not set to an instance of an object.
8/22/2024 10:31:55 AM:DBManager:connection_data:Object reference not set to an instance of an object.
8/22/2024 10:31:55 AM:DBManager:connection_data:Object reference not set to an instance of an object.
8/22/2024 10:31:55 AM:DBManager:connection_data:Object reference not set to an instance of an object.
8/22/2024 10:31:55 AM:DBManager:connection_data:Object reference not set to an instance of an object.
8/22/2024 10:31:55 AM:DBManager:connection_data:Object reference not set to an instance of an object.
8/22/2024 10:31:55 AM:DBManager:connection_data:Object reference not set to an instance of an object.
8/22/2024 10:31:55 AM:DBManager:connection_data:Object reference not set to an instance of an object.
8/22/2024 10:31:55 AM:DBManager:connection_data:Object reference not set to an instance of an object.
8/22/2024 10:31:55 AM:DBManager:connection_data:Object reference not set to an instance of an object.
8/22/2024 10:31:55 AM:DBManager:connection_data:Object reference not set to an instance of an object.
8/22/2024 10:31:55 AM:DBManager:connection_data:Object reference not set to an instance of an object.
8/22/2024 10:31:55 AM:DBManager:connection_data:Object reference not set to an instance of an object.
8/22/2024 10:31:55 AM:DBManager:connection_data:Object reference not set to an instance of an object.
8/22/2024 10:31:55 AM:DBManager:connection_data:Object reference not set to an instance of an object.
8/22/2024 10:31:55 AM:DBManager:connection_data:Object reference not set to an instance of an object.
8/22/2024 10:31:55 AM:DBManager:connection_data:Object reference not set to an instance of an object.
8/22/2024 10:31:55 AM:DBManager:connection_data:Object reference not set to an instance of an object.
8/22/2024 10:31:55 AM:DBManager:connection_data:Object reference not set to an instance of an object.
8/22/2024 10:31:55 AM:DBManager:connection_data:Object reference not set to an instance of an object.
8/22/2024 10:31:55 AM:DBManager:connection_data:Object reference not set to an instance of an object.
8/22/2024 10:31:55 AM:DBManager:connection_data:Object reference not set to an instance of an object.
8/22/2024 10:31:55 AM:DBManager:connection_data:Object reference not set to an instance of an object.
8/22/2024 10:31:55 AM:DBManager:connection_data:Object reference not set to an instance of an object.
8/22/2024 10:31:55 AM:DBManager:connection_data:Object reference not set to an instance of an object.
8/22/2024 10:31:55 AM:DBManager:connection_data:Object reference not set to an instance of an object.
8/22/2024 10:31:55 AM:DBManager:connection_data:Object reference not set to an instance of an object.
8/22/2024 10:31:55 AM:DBManager:connection_data:Object reference not set to an instance of an object.
8/22/2024 10:31:55 AM:DBManager:connection_data:Object reference not set to an instance of an object.
8/22/2024 10:31:55 AM:DBManager:connection_data:Object reference not set to an instance of an object.
8/22/2024 10:31:55 AM:DBManager:connection_data:Object reference not set to an instance of an object.
8/22/2024 10:31:55 AM:DBManager:connection_data:Object reference not set to an instance of an object.
8/22/2024 10:31:55 AM:DBManager:connection_data:Object reference not set to an instance of an object.
8/22/2024 10:31:55 AM:DBManager:connection_data:Object reference not set to an instance of an object.
8/22/2024 10:31:55 AM:DBManager:connection_data:Object reference not set to an instance of an object.
8/22/2024 10:31:55 AM:DBManager:connection_data:Object reference not set to an instance of an object.
8/22/2024 10:31:55 AM:DBManager:connection_data:Object reference not set to an instance of an object.
8/22/2024 10:31:55 AM:DBManager:connection_data:Object reference not set to an instance of an object.
8/22/2024 10:31:55 AM:DBManager:connection_data:Object reference not set to an instance of an object.
8/22/2024 10:31:55 AM:DBManager:connection_data:Object reference not set to an instance of an object.
8/22/2024 10:31:55 AM:DBManager:connection_data:Object reference not set to an instance of an object.
8/22/2024 10:31:55 AM:DBManager:connection_data:Object reference not set to an instance of an object.
8/22/2024 10:31:55 AM:DBManager:connection_data:Object reference not set to an instance of an object.
8/22/2024 10:31:55 AM:DBManager:connection_data:Object reference not set to an instance of an object.
8/22/2024 10:31:55 AM:DBManager:connection_data:Object reference not set to an instance of an object.
8/22/2024 10:31:55 AM:DBManager:connection_data:Object reference not set to an instance of an object.
8/22/2024 10:31:55 AM:DBManager:connection_data:Object reference not set to an instance of an object.
8/22/2024 10:31:55 AM:DBManager:connection_data:Object reference not set to an instance of an object.
8/22/2024 10:31:55 AM:DBManager:connection_data:Object reference not set to an instance of an object.
8/22/2024 10:31:55 AM:DBManager:connection_data:Object reference not set to an instance of an object.
8/22/2024 10:31:55 AM:DBManager:connection_data:Object reference not set to an instance of an object.
8/22/2024 10:31:55 AM:DBManager:connection_data:Object reference not set to an instance of an object.
8/22/2024 10:31:55 AM:DBManager:connection_data:Object reference not set to an instance of an object.
8/22/2024 10:31:55 AM:DBManager:connection_data:Object reference not set to an instance of an object.
8/22/2024 10:31:55 AM:DBManager:connection_data:Object reference not set to an instance of an object.
8/22/2024 10:31:55 AM:DBManager:connection_data:Object reference not set to an instance of an object.
8/22/2024 10:31:55 AM:DBManager:connection_data:Object reference not set to an instance of an object.
8/22/2024 10:31:55 AM:DBManager:connection_data:Object reference not set to an instance of an object.
8/22/2024 10:31:55 AM:DBManager:connection_data:Object reference not set to an instance of an object.
8/22/2024 10:31:55 AM:DBManager:connection_data:Object reference not set to an instance of an object.
8/22/2024 10:31:55 AM:DBManager:connection_data:Object reference not set to an instance of an object.
8/22/2024 10:31:55 AM:DBManager:connection_data:Object reference not set to an instance of an object.
22/08/2024 10:31:55 AM:Product_Master:Page_Load:1
22/08/2024 10:31:55 AM:Product_Master:Page_Load:2
22/08/2024 10:31:55 AM:Product_Master:BindGrid:The data source does not support server-side data paging.
22/08/2024 10:31:55 AM:Product_Master:Page_Load:9
22/08/2024 10:31:55 AM:Product_Master:Page_Load:10
22/08/2024 10:31:55 AM:Product_Master:selectIngredientList:Object reference not set to an instance of an object.
22/08/2024 10:31:55 AM:Product_Master:selectCondimentList:Object reference not set to an instance of an object.
22/08/2024 10:31:55 AM:Product_Master:Page_Load:11
