20-04-2023 15:58:48:DBManager:connection_data:Object reference not set to an instance of an object.
20-04-2023 15:58:48:DBManager:connection_data:Object reference not set to an instance of an object.
20-04-2023 15:58:48:DBManager:connection_data:Object reference not set to an instance of an object.
20/04/2023 3:58:48 PM:SignIn:btnLogIn_Click:test
20-04-2023 16:13:16:DBManager:connection_data:Object reference not set to an instance of an object.
20-04-2023 16:13:16:DBManager:connection_data:Object reference not set to an instance of an object.
20-04-2023 16:13:16:DBManager:connection_data:Object reference not set to an instance of an object.
20/04/2023 4:13:16 PM:SignIn:btnLogIn_Click:test
20/04/2023 4:13:16 PM:SignIn:btnLogIn_Click4:
20/04/2023 4:13:16 PM:SignIn:btnLogIn_Click5:
20/04/2023 4:13:16 PM:SignIn:btnLogIn_Click7:
20/04/2023 4:13:17 PM:SignIn:btnLogIn_Click8:
20/04/2023 4:13:17 PM:ClsDataccess:Getdatatable:The ConnectionString property has not been initialized.
20-04-2023 16:13:17:DBManager:connection_data:Object reference not set to an instance of an object.
20-04-2023 16:13:17:DBManager:connection_data:Object reference not set to an instance of an object.
20-04-2023 16:13:17:DBManager:connection_data:Object reference not set to an instance of an object.
20-04-2023 16:13:17:DBManager:connection_data:Object reference not set to an instance of an object.
20-04-2023 16:13:17:DBManager:connection_data:Object reference not set to an instance of an object.
20-04-2023 16:13:17:DBManager:connection_data:Object reference not set to an instance of an object.
20-04-2023 16:13:17:DBManager:connection_data:Object reference not set to an instance of an object.
20-04-2023 16:13:17:DBManager:connection_data:Object reference not set to an instance of an object.
20-04-2023 16:13:17:DBManager:connection_data:Object reference not set to an instance of an object.
20-04-2023 16:13:17:DBManager:connection_data:Object reference not set to an instance of an object.
20-04-2023 16:13:17:DBManager:connection_data:Object reference not set to an instance of an object.
20-04-2023 16:13:17:DBManager:connection_data:Object reference not set to an instance of an object.
20-04-2023 16:13:17:DBManager:connection_data:Object reference not set to an instance of an object.
20-04-2023 16:13:17:DBManager:connection_data:Object reference not set to an instance of an object.
20-04-2023 16:13:17:DBManager:connection_data:Object reference not set to an instance of an object.
20-04-2023 16:13:17:DBManager:connection_data:Object reference not set to an instance of an object.
20-04-2023 16:13:17:DBManager:connection_data:Object reference not set to an instance of an object.
20-04-2023 16:13:17:DBManager:connection_data:Object reference not set to an instance of an object.
20-04-2023 16:13:17:DBManager:connection_data:Object reference not set to an instance of an object.
20-04-2023 16:13:17:DBManager:connection_data:Object reference not set to an instance of an object.
20-04-2023 16:13:17:DBManager:connection_data:Object reference not set to an instance of an object.
20-04-2023 16:13:17:DBManager:connection_data:Object reference not set to an instance of an object.
20-04-2023 16:13:17:DBManager:connection_data:Object reference not set to an instance of an object.
20-04-2023 16:13:17:DBManager:connection_data:Object reference not set to an instance of an object.
20-04-2023 16:13:17:DBManager:connection_data:Object reference not set to an instance of an object.
20-04-2023 16:13:17:DBManager:connection_data:Object reference not set to an instance of an object.
20-04-2023 16:13:17:DBManager:connection_data:Object reference not set to an instance of an object.
20-04-2023 16:13:17:DBManager:connection_data:Object reference not set to an instance of an object.
20-04-2023 16:13:17:DBManager:connection_data:Object reference not set to an instance of an object.
20-04-2023 16:13:17:DBManager:connection_data:Object reference not set to an instance of an object.
20-04-2023 16:13:17:DBManager:connection_data:Object reference not set to an instance of an object.
20-04-2023 16:13:18:DBManager:connection_data:Object reference not set to an instance of an object.
20-04-2023 16:13:18:DBManager:connection_data:Object reference not set to an instance of an object.
20-04-2023 16:13:18:DBManager:connection_data:Object reference not set to an instance of an object.
20-04-2023 16:13:18:DBManager:connection_data:Object reference not set to an instance of an object.
20-04-2023 16:13:18:DBManager:connection_data:Object reference not set to an instance of an object.
20-04-2023 16:13:18:DBManager:connection_data:Object reference not set to an instance of an object.
20-04-2023 16:13:18:DBManager:connection_data:Object reference not set to an instance of an object.
20-04-2023 16:13:18:DBManager:connection_data:Object reference not set to an instance of an object.
20-04-2023 16:13:18:DBManager:connection_data:Object reference not set to an instance of an object.
20-04-2023 16:13:18:DBManager:connection_data:Object reference not set to an instance of an object.
20-04-2023 16:13:18:DBManager:connection_data:Object reference not set to an instance of an object.
20-04-2023 16:13:18:DBManager:connection_data:Object reference not set to an instance of an object.
20-04-2023 16:13:18:DBManager:connection_data:Object reference not set to an instance of an object.
20-04-2023 16:13:18:DBManager:connection_data:Object reference not set to an instance of an object.
20-04-2023 16:13:18:DBManager:connection_data:Object reference not set to an instance of an object.
20-04-2023 16:13:18:DBManager:connection_data:Object reference not set to an instance of an object.
20-04-2023 16:13:18:DBManager:connection_data:Object reference not set to an instance of an object.
20-04-2023 16:13:18:DBManager:connection_data:Object reference not set to an instance of an object.
20-04-2023 16:13:18:DBManager:connection_data:Object reference not set to an instance of an object.
20-04-2023 16:13:18:DBManager:connection_data:Object reference not set to an instance of an object.
20-04-2023 16:13:18:DBManager:connection_data:Object reference not set to an instance of an object.
20-04-2023 16:13:18:DBManager:connection_data:Object reference not set to an instance of an object.
20-04-2023 16:13:18:DBManager:connection_data:Object reference not set to an instance of an object.
20-04-2023 16:13:18:DBManager:connection_data:Object reference not set to an instance of an object.
20-04-2023 16:13:18:DBManager:connection_data:Object reference not set to an instance of an object.
20-04-2023 16:13:18:DBManager:connection_data:Object reference not set to an instance of an object.
20-04-2023 16:13:18:DBManager:connection_data:Object reference not set to an instance of an object.
20-04-2023 16:13:18:DBManager:connection_data:Object reference not set to an instance of an object.
20-04-2023 16:13:18:DBManager:connection_data:Object reference not set to an instance of an object.
20-04-2023 16:13:18:DBManager:connection_data:Object reference not set to an instance of an object.
20-04-2023 16:13:18:DBManager:connection_data:Object reference not set to an instance of an object.
20-04-2023 16:13:18:DBManager:connection_data:Object reference not set to an instance of an object.
20-04-2023 16:13:18:DBManager:connection_data:Object reference not set to an instance of an object.
20-04-2023 16:13:18:DBManager:connection_data:Object reference not set to an instance of an object.
20-04-2023 16:13:18:DBManager:connection_data:Object reference not set to an instance of an object.
20-04-2023 16:13:18:DBManager:connection_data:Object reference not set to an instance of an object.
20-04-2023 16:13:19:DBManager:connection_data:Object reference not set to an instance of an object.
20-04-2023 16:13:19:DBManager:connection_data:Object reference not set to an instance of an object.
20-04-2023 16:13:19:DBManager:connection_data:Object reference not set to an instance of an object.
20-04-2023 16:13:19:DBManager:connection_data:Object reference not set to an instance of an object.
20-04-2023 16:13:19:DBManager:connection_data:Object reference not set to an instance of an object.
20-04-2023 16:13:19:DBManager:connection_data:Object reference not set to an instance of an object.
20-04-2023 16:13:19:DBManager:connection_data:Object reference not set to an instance of an object.
20-04-2023 16:13:19:DBManager:connection_data:Object reference not set to an instance of an object.
20-04-2023 16:13:19:DBManager:connection_data:Object reference not set to an instance of an object.
20-04-2023 16:13:19:DBManager:connection_data:Object reference not set to an instance of an object.
20-04-2023 16:13:36:DBManager:connection_data:Object reference not set to an instance of an object.
20-04-2023 16:13:36:DBManager:connection_data:Object reference not set to an instance of an object.
20-04-2023 16:13:36:DBManager:connection_data:Object reference not set to an instance of an object.
20-04-2023 16:13:36:DBManager:connection_data:Object reference not set to an instance of an object.
20-04-2023 16:13:36:DBManager:connection_data:Object reference not set to an instance of an object.
20-04-2023 16:13:36:DBManager:connection_data:Object reference not set to an instance of an object.
20-04-2023 16:13:36:DBManager:connection_data:Object reference not set to an instance of an object.
20-04-2023 16:13:37:DBManager:connection_data:Object reference not set to an instance of an object.
20-04-2023 16:13:37:DBManager:connection_data:Object reference not set to an instance of an object.
20-04-2023 16:13:37:DBManager:connection_data:Object reference not set to an instance of an object.
20-04-2023 16:13:37:DBManager:connection_data:Object reference not set to an instance of an object.
20-04-2023 16:13:37:DBManager:connection_data:Object reference not set to an instance of an object.
20-04-2023 16:13:37:DBManager:connection_data:Object reference not set to an instance of an object.
20-04-2023 16:13:37:DBManager:connection_data:Object reference not set to an instance of an object.
20-04-2023 16:13:37:DBManager:connection_data:Object reference not set to an instance of an object.
20-04-2023 16:13:37:DBManager:connection_data:Object reference not set to an instance of an object.
20-04-2023 16:13:37:DBManager:connection_data:Object reference not set to an instance of an object.
20-04-2023 16:13:37:DBManager:connection_data:Object reference not set to an instance of an object.
20-04-2023 16:13:37:DBManager:connection_data:Object reference not set to an instance of an object.
20-04-2023 16:13:37:DBManager:connection_data:Object reference not set to an instance of an object.
20-04-2023 16:13:37:DBManager:connection_data:Object reference not set to an instance of an object.
20-04-2023 16:13:37:DBManager:connection_data:Object reference not set to an instance of an object.
20-04-2023 16:13:37:DBManager:connection_data:Object reference not set to an instance of an object.
20-04-2023 16:13:37:DBManager:connection_data:Object reference not set to an instance of an object.
20-04-2023 16:13:37:DBManager:connection_data:Object reference not set to an instance of an object.
20-04-2023 16:13:37:DBManager:connection_data:Object reference not set to an instance of an object.
20-04-2023 16:13:37:DBManager:connection_data:Object reference not set to an instance of an object.
20-04-2023 16:13:37:DBManager:connection_data:Object reference not set to an instance of an object.
20-04-2023 16:13:37:DBManager:connection_data:Object reference not set to an instance of an object.
20-04-2023 16:13:37:DBManager:connection_data:Object reference not set to an instance of an object.
20-04-2023 16:13:37:DBManager:connection_data:Object reference not set to an instance of an object.
20-04-2023 16:13:37:DBManager:connection_data:Object reference not set to an instance of an object.
20-04-2023 16:13:37:DBManager:connection_data:Object reference not set to an instance of an object.
20-04-2023 16:13:37:DBManager:connection_data:Object reference not set to an instance of an object.
20-04-2023 16:13:37:DBManager:connection_data:Object reference not set to an instance of an object.
20-04-2023 16:13:37:DBManager:connection_data:Object reference not set to an instance of an object.
20-04-2023 16:13:37:DBManager:connection_data:Object reference not set to an instance of an object.
20-04-2023 16:13:37:DBManager:connection_data:Object reference not set to an instance of an object.
20-04-2023 16:13:37:DBManager:connection_data:Object reference not set to an instance of an object.
20-04-2023 16:13:37:DBManager:connection_data:Object reference not set to an instance of an object.
20-04-2023 16:13:37:DBManager:connection_data:Object reference not set to an instance of an object.
20-04-2023 16:13:37:DBManager:connection_data:Object reference not set to an instance of an object.
20-04-2023 16:13:37:DBManager:connection_data:Object reference not set to an instance of an object.
20-04-2023 16:13:37:DBManager:connection_data:Object reference not set to an instance of an object.
20-04-2023 16:13:37:DBManager:connection_data:Object reference not set to an instance of an object.
20-04-2023 16:13:37:DBManager:connection_data:Object reference not set to an instance of an object.
20-04-2023 16:13:37:DBManager:connection_data:Object reference not set to an instance of an object.
20-04-2023 16:13:37:DBManager:connection_data:Object reference not set to an instance of an object.
20-04-2023 16:13:37:DBManager:connection_data:Object reference not set to an instance of an object.
20-04-2023 16:13:37:DBManager:connection_data:Object reference not set to an instance of an object.
20-04-2023 16:13:37:DBManager:connection_data:Object reference not set to an instance of an object.
20-04-2023 16:13:37:DBManager:connection_data:Object reference not set to an instance of an object.
20-04-2023 16:13:37:DBManager:connection_data:Object reference not set to an instance of an object.
20-04-2023 16:13:37:DBManager:connection_data:Object reference not set to an instance of an object.
20-04-2023 16:13:37:DBManager:connection_data:Object reference not set to an instance of an object.
20-04-2023 16:13:37:DBManager:connection_data:Object reference not set to an instance of an object.
20-04-2023 16:13:37:DBManager:connection_data:Object reference not set to an instance of an object.
20-04-2023 16:13:37:DBManager:connection_data:Object reference not set to an instance of an object.
20-04-2023 16:13:37:DBManager:connection_data:Object reference not set to an instance of an object.
20-04-2023 16:13:37:DBManager:connection_data:Object reference not set to an instance of an object.
20-04-2023 16:13:37:DBManager:connection_data:Object reference not set to an instance of an object.
20-04-2023 16:13:37:DBManager:connection_data:Object reference not set to an instance of an object.
20-04-2023 16:13:37:DBManager:connection_data:Object reference not set to an instance of an object.
20-04-2023 16:13:37:DBManager:connection_data:Object reference not set to an instance of an object.
20-04-2023 16:13:37:DBManager:connection_data:Object reference not set to an instance of an object.
20-04-2023 16:13:37:DBManager:connection_data:Object reference not set to an instance of an object.
20-04-2023 16:13:37:DBManager:connection_data:Object reference not set to an instance of an object.
20-04-2023 16:13:37:DBManager:connection_data:Object reference not set to an instance of an object.
20-04-2023 16:13:37:DBManager:connection_data:Object reference not set to an instance of an object.
20-04-2023 16:13:38:DBManager:connection_data:Object reference not set to an instance of an object.
20-04-2023 16:13:38:DBManager:connection_data:Object reference not set to an instance of an object.
20-04-2023 16:13:38:DBManager:connection_data:Object reference not set to an instance of an object.
20-04-2023 16:13:38:DBManager:connection_data:Object reference not set to an instance of an object.
20-04-2023 16:13:38:DBManager:connection_data:Object reference not set to an instance of an object.
20-04-2023 16:13:38:DBManager:connection_data:Object reference not set to an instance of an object.
20-04-2023 16:13:38:DBManager:connection_data:Object reference not set to an instance of an object.
20-04-2023 16:13:38:DBManager:connection_data:Object reference not set to an instance of an object.
20-04-2023 16:13:58:DBManager:connection_data:Object reference not set to an instance of an object.
20-04-2023 16:13:58:DBManager:connection_data:Object reference not set to an instance of an object.
20-04-2023 16:13:58:DBManager:connection_data:Object reference not set to an instance of an object.
20-04-2023 16:13:58:DBManager:connection_data:Object reference not set to an instance of an object.
20-04-2023 16:13:58:DBManager:connection_data:Object reference not set to an instance of an object.
20-04-2023 16:13:58:DBManager:connection_data:Object reference not set to an instance of an object.
20-04-2023 16:13:58:DBManager:connection_data:Object reference not set to an instance of an object.
20-04-2023 16:13:58:DBManager:connection_data:Object reference not set to an instance of an object.
20-04-2023 16:13:58:DBManager:connection_data:Object reference not set to an instance of an object.
20-04-2023 16:13:58:DBManager:connection_data:Object reference not set to an instance of an object.
20-04-2023 16:13:58:DBManager:connection_data:Object reference not set to an instance of an object.
20-04-2023 16:13:58:DBManager:connection_data:Object reference not set to an instance of an object.
20-04-2023 16:13:58:DBManager:connection_data:Object reference not set to an instance of an object.
20-04-2023 16:13:58:DBManager:connection_data:Object reference not set to an instance of an object.
20-04-2023 16:13:58:DBManager:connection_data:Object reference not set to an instance of an object.
20-04-2023 16:13:58:DBManager:connection_data:Object reference not set to an instance of an object.
20-04-2023 16:13:58:DBManager:connection_data:Object reference not set to an instance of an object.
20-04-2023 16:13:58:DBManager:connection_data:Object reference not set to an instance of an object.
20-04-2023 16:13:58:DBManager:connection_data:Object reference not set to an instance of an object.
20-04-2023 16:13:58:DBManager:connection_data:Object reference not set to an instance of an object.
20-04-2023 16:13:58:DBManager:connection_data:Object reference not set to an instance of an object.
20-04-2023 16:13:58:DBManager:connection_data:Object reference not set to an instance of an object.
20-04-2023 16:13:58:DBManager:connection_data:Object reference not set to an instance of an object.
20-04-2023 16:13:58:DBManager:connection_data:Object reference not set to an instance of an object.
20-04-2023 16:13:58:DBManager:connection_data:Object reference not set to an instance of an object.
20-04-2023 16:13:58:DBManager:connection_data:Object reference not set to an instance of an object.
20-04-2023 16:13:58:DBManager:connection_data:Object reference not set to an instance of an object.
20-04-2023 16:13:58:DBManager:connection_data:Object reference not set to an instance of an object.
20-04-2023 16:13:58:DBManager:connection_data:Object reference not set to an instance of an object.
20-04-2023 16:13:58:DBManager:connection_data:Object reference not set to an instance of an object.
20-04-2023 16:13:58:DBManager:connection_data:Object reference not set to an instance of an object.
20-04-2023 16:13:59:DBManager:connection_data:Object reference not set to an instance of an object.
20-04-2023 16:13:59:DBManager:connection_data:Object reference not set to an instance of an object.
20-04-2023 16:13:59:DBManager:connection_data:Object reference not set to an instance of an object.
20-04-2023 16:13:59:DBManager:connection_data:Object reference not set to an instance of an object.
20-04-2023 16:13:59:DBManager:connection_data:Object reference not set to an instance of an object.
20-04-2023 16:13:59:DBManager:connection_data:Object reference not set to an instance of an object.
20-04-2023 16:13:59:DBManager:connection_data:Object reference not set to an instance of an object.
20-04-2023 16:13:59:DBManager:connection_data:Object reference not set to an instance of an object.
20-04-2023 16:13:59:DBManager:connection_data:Object reference not set to an instance of an object.
20-04-2023 16:13:59:DBManager:connection_data:Object reference not set to an instance of an object.
20-04-2023 16:13:59:DBManager:connection_data:Object reference not set to an instance of an object.
20-04-2023 16:13:59:DBManager:connection_data:Object reference not set to an instance of an object.
20-04-2023 16:13:59:DBManager:connection_data:Object reference not set to an instance of an object.
20-04-2023 16:13:59:DBManager:connection_data:Object reference not set to an instance of an object.
20-04-2023 16:13:59:DBManager:connection_data:Object reference not set to an instance of an object.
20-04-2023 16:13:59:DBManager:connection_data:Object reference not set to an instance of an object.
20-04-2023 16:13:59:DBManager:connection_data:Object reference not set to an instance of an object.
20-04-2023 16:13:59:DBManager:connection_data:Object reference not set to an instance of an object.
20-04-2023 16:13:59:DBManager:connection_data:Object reference not set to an instance of an object.
20-04-2023 16:13:59:DBManager:connection_data:Object reference not set to an instance of an object.
20-04-2023 16:13:59:DBManager:connection_data:Object reference not set to an instance of an object.
20-04-2023 16:13:59:DBManager:connection_data:Object reference not set to an instance of an object.
20-04-2023 16:13:59:DBManager:connection_data:Object reference not set to an instance of an object.
20-04-2023 16:13:59:DBManager:connection_data:Object reference not set to an instance of an object.
20-04-2023 16:13:59:DBManager:connection_data:Object reference not set to an instance of an object.
20-04-2023 16:13:59:DBManager:connection_data:Object reference not set to an instance of an object.
20-04-2023 16:13:59:DBManager:connection_data:Object reference not set to an instance of an object.
20-04-2023 16:13:59:DBManager:connection_data:Object reference not set to an instance of an object.
20-04-2023 16:13:59:DBManager:connection_data:Object reference not set to an instance of an object.
20-04-2023 16:13:59:DBManager:connection_data:Object reference not set to an instance of an object.
20-04-2023 16:13:59:DBManager:connection_data:Object reference not set to an instance of an object.
20-04-2023 16:13:59:DBManager:connection_data:Object reference not set to an instance of an object.
20-04-2023 16:13:59:DBManager:connection_data:Object reference not set to an instance of an object.
20-04-2023 16:13:59:DBManager:connection_data:Object reference not set to an instance of an object.
20-04-2023 16:13:59:DBManager:connection_data:Object reference not set to an instance of an object.
20-04-2023 16:13:59:DBManager:connection_data:Object reference not set to an instance of an object.
20-04-2023 16:13:59:DBManager:connection_data:Object reference not set to an instance of an object.
20-04-2023 16:13:59:DBManager:connection_data:Object reference not set to an instance of an object.
20-04-2023 16:13:59:DBManager:connection_data:Object reference not set to an instance of an object.
20-04-2023 16:13:59:DBManager:connection_data:Object reference not set to an instance of an object.
20-04-2023 16:13:59:DBManager:connection_data:Object reference not set to an instance of an object.
20-04-2023 16:13:59:DBManager:connection_data:Object reference not set to an instance of an object.
20-04-2023 16:13:59:DBManager:connection_data:Object reference not set to an instance of an object.
20-04-2023 16:13:59:DBManager:connection_data:Object reference not set to an instance of an object.
20-04-2023 16:13:59:DBManager:connection_data:Object reference not set to an instance of an object.
20-04-2023 16:13:59:DBManager:connection_data:Object reference not set to an instance of an object.
20/04/2023 4:26:00 PM:Stock_Process:BindTable:Procedure or function 'P_reprocess_stock' expects parameter '@cmp_id', which was not supplied.
