2/24/2025 1:12:25 PM:DBManager:connection_data:Object reference not set to an instance of an object.
2/24/2025 1:12:25 PM:DBManager:connection_data:Object reference not set to an instance of an object.
2/24/2025 1:12:25 PM:DBManager:connection_data:Object reference not set to an instance of an object.
2/24/2025 1:12:25 PM:DBManager:connection_data:Object reference not set to an instance of an object.
2/24/2025 1:12:25 PM:DBManager:connection_data:Object reference not set to an instance of an object.
2/24/2025 1:12:25 PM:DBManager:connection_data:Object reference not set to an instance of an object.
2/24/2025 1:12:25 PM:DBManager:connection_data:Object reference not set to an instance of an object.
2/24/2025 1:12:25 PM:DBManager:connection_data:Object reference not set to an instance of an object.
2/24/2025 1:12:25 PM:DBManager:connection_data:Object reference not set to an instance of an object.
2/24/2025 1:12:25 PM:DBManager:connection_data:Object reference not set to an instance of an object.
2/24/2025 1:12:25 PM:DBManager:connection_data:Object reference not set to an instance of an object.
2/24/2025 1:12:25 PM:DBManager:connection_data:Object reference not set to an instance of an object.
2/24/2025 1:12:25 PM:DBManager:connection_data:Object reference not set to an instance of an object.
2/24/2025 1:12:25 PM:DBManager:connection_data:Object reference not set to an instance of an object.
2/24/2025 1:12:25 PM:DBManager:connection_data:Object reference not set to an instance of an object.
2/24/2025 1:12:25 PM:DBManager:connection_data:Object reference not set to an instance of an object.
2/24/2025 1:12:25 PM:DBManager:connection_data:Object reference not set to an instance of an object.
2/24/2025 1:12:25 PM:DBManager:connection_data:Object reference not set to an instance of an object.
2/24/2025 1:12:25 PM:DBManager:connection_data:Object reference not set to an instance of an object.
2/24/2025 1:12:25 PM:DBManager:connection_data:Object reference not set to an instance of an object.
2/24/2025 1:12:25 PM:DBManager:connection_data:Object reference not set to an instance of an object.
2/24/2025 1:12:25 PM:DBManager:connection_data:Object reference not set to an instance of an object.
2/24/2025 1:12:25 PM:DBManager:connection_data:Object reference not set to an instance of an object.
2/24/2025 1:12:25 PM:DBManager:connection_data:Object reference not set to an instance of an object.
2/24/2025 1:12:25 PM:DBManager:connection_data:Object reference not set to an instance of an object.
2/24/2025 1:12:25 PM:DBManager:connection_data:Object reference not set to an instance of an object.
2/24/2025 1:12:25 PM:DBManager:connection_data:Object reference not set to an instance of an object.
2/24/2025 1:12:25 PM:DBManager:connection_data:Object reference not set to an instance of an object.
2/24/2025 1:12:25 PM:DBManager:connection_data:Object reference not set to an instance of an object.
2/24/2025 1:12:25 PM:DBManager:connection_data:Object reference not set to an instance of an object.
2/24/2025 1:12:25 PM:DBManager:connection_data:Object reference not set to an instance of an object.
2/24/2025 1:12:25 PM:DBManager:connection_data:Object reference not set to an instance of an object.
2/24/2025 1:12:25 PM:DBManager:connection_data:Object reference not set to an instance of an object.
2/24/2025 1:12:25 PM:DBManager:connection_data:Object reference not set to an instance of an object.
2/24/2025 1:12:25 PM:DBManager:connection_data:Object reference not set to an instance of an object.
2/24/2025 1:12:25 PM:DBManager:connection_data:Object reference not set to an instance of an object.
2/24/2025 1:12:25 PM:DBManager:connection_data:Object reference not set to an instance of an object.
2/24/2025 1:12:25 PM:DBManager:connection_data:Object reference not set to an instance of an object.
2/24/2025 1:12:25 PM:DBManager:connection_data:Object reference not set to an instance of an object.
2/24/2025 1:12:25 PM:DBManager:connection_data:Object reference not set to an instance of an object.
2/24/2025 1:12:25 PM:DBManager:connection_data:Object reference not set to an instance of an object.
2/24/2025 1:12:25 PM:DBManager:connection_data:Object reference not set to an instance of an object.
2/24/2025 1:12:25 PM:DBManager:connection_data:Object reference not set to an instance of an object.
2/24/2025 1:12:25 PM:DBManager:connection_data:Object reference not set to an instance of an object.
2/24/2025 1:12:25 PM:DBManager:connection_data:Object reference not set to an instance of an object.
2/24/2025 1:12:25 PM:DBManager:connection_data:Object reference not set to an instance of an object.
2/24/2025 1:12:25 PM:DBManager:connection_data:Object reference not set to an instance of an object.
2/24/2025 1:12:25 PM:DBManager:connection_data:Object reference not set to an instance of an object.
2/24/2025 1:12:25 PM:DBManager:connection_data:Object reference not set to an instance of an object.
2/24/2025 1:12:25 PM:DBManager:connection_data:Object reference not set to an instance of an object.
2/24/2025 1:12:25 PM:DBManager:connection_data:Object reference not set to an instance of an object.
2/24/2025 1:12:25 PM:DBManager:connection_data:Object reference not set to an instance of an object.
2/24/2025 1:12:25 PM:DBManager:connection_data:Object reference not set to an instance of an object.
2/24/2025 1:12:25 PM:DBManager:connection_data:Object reference not set to an instance of an object.
2/24/2025 1:12:25 PM:DBManager:connection_data:Object reference not set to an instance of an object.
2/24/2025 1:12:25 PM:DBManager:connection_data:Object reference not set to an instance of an object.
2/24/2025 1:12:25 PM:DBManager:connection_data:Object reference not set to an instance of an object.
2/24/2025 1:12:25 PM:DBManager:connection_data:Object reference not set to an instance of an object.
2/24/2025 1:12:25 PM:DBManager:connection_data:Object reference not set to an instance of an object.
2/24/2025 1:12:25 PM:DBManager:connection_data:Object reference not set to an instance of an object.
2/24/2025 1:12:25 PM:DBManager:connection_data:Object reference not set to an instance of an object.
2/24/2025 1:12:25 PM:DBManager:connection_data:Object reference not set to an instance of an object.
2/24/2025 1:12:25 PM:DBManager:connection_data:Object reference not set to an instance of an object.
2/24/2025 1:12:25 PM:DBManager:connection_data:Object reference not set to an instance of an object.
2/24/2025 1:12:25 PM:DBManager:connection_data:Object reference not set to an instance of an object.
2/24/2025 1:12:25 PM:DBManager:connection_data:Object reference not set to an instance of an object.
2/24/2025 1:12:25 PM:DBManager:connection_data:Object reference not set to an instance of an object.
2/24/2025 1:12:25 PM:DBManager:connection_data:Object reference not set to an instance of an object.
2/24/2025 1:12:25 PM:DBManager:connection_data:Object reference not set to an instance of an object.
2/24/2025 1:12:25 PM:DBManager:connection_data:Object reference not set to an instance of an object.
2/24/2025 1:12:25 PM:DBManager:connection_data:Object reference not set to an instance of an object.
2/24/2025 1:12:25 PM:DBManager:connection_data:Object reference not set to an instance of an object.
2/24/2025 1:12:25 PM:DBManager:connection_data:Object reference not set to an instance of an object.
2/24/2025 1:12:25 PM:DBManager:connection_data:Object reference not set to an instance of an object.
2/24/2025 1:12:25 PM:DBManager:connection_data:Object reference not set to an instance of an object.
2/24/2025 1:12:25 PM:DBManager:connection_data:Object reference not set to an instance of an object.
2/24/2025 1:12:25 PM:DBManager:connection_data:Object reference not set to an instance of an object.
2/24/2025 1:12:25 PM:DBManager:connection_data:Object reference not set to an instance of an object.
2/24/2025 1:12:25 PM:DBManager:connection_data:Object reference not set to an instance of an object.
2/24/2025 1:12:25 PM:DBManager:connection_data:Object reference not set to an instance of an object.
2/24/2025 1:12:25 PM:DBManager:connection_data:Object reference not set to an instance of an object.
2/24/2025 1:12:25 PM:DBManager:connection_data:Object reference not set to an instance of an object.
2/24/2025 1:12:25 PM:DBManager:connection_data:Object reference not set to an instance of an object.
2/24/2025 1:12:25 PM:DBManager:connection_data:Object reference not set to an instance of an object.
2/24/2025 1:12:25 PM:DBManager:connection_data:Object reference not set to an instance of an object.
2/24/2025 1:12:25 PM:DBManager:connection_data:Object reference not set to an instance of an object.
2/24/2025 1:12:25 PM:DBManager:connection_data:Object reference not set to an instance of an object.
24/02/2025 1:12:25 PM:SignIn:btnLogIn_Click:test
24/02/2025 1:12:25 PM:SignIn:btnLogIn_Click:test
24/02/2025 1:12:25 PM:MasterPage:Page_Init:Thread was being aborted.
2/24/2025 1:13:17 PM:DBManager:connection_data:Object reference not set to an instance of an object.
2/24/2025 1:13:17 PM:DBManager:connection_data:Object reference not set to an instance of an object.
2/24/2025 1:13:17 PM:DBManager:connection_data:Object reference not set to an instance of an object.
24/02/2025 1:13:17 PM:SignIn:btnLogIn_Click:test
2/24/2025 1:13:20 PM:DBManager:connection_data:Object reference not set to an instance of an object.
2/24/2025 1:13:20 PM:DBManager:connection_data:Object reference not set to an instance of an object.
2/24/2025 1:13:20 PM:DBManager:connection_data:Object reference not set to an instance of an object.
24/02/2025 1:13:20 PM:SignIn:btnLogIn_Click4:
24/02/2025 1:13:20 PM:SignIn:btnLogIn_Click5:
24/02/2025 1:13:20 PM:SignIn:btnLogIn_Click:test
2/24/2025 1:13:23 PM:DBManager:connection_data:Object reference not set to an instance of an object.
2/24/2025 1:13:23 PM:DBManager:connection_data:Object reference not set to an instance of an object.
2/24/2025 1:13:23 PM:DBManager:connection_data:Object reference not set to an instance of an object.
24/02/2025 1:13:23 PM:SignIn:btnLogIn_Click4:
24/02/2025 1:13:23 PM:SignIn:btnLogIn_Click5:
24/02/2025 1:13:24 PM:SignIn:btnLogIn_Click:test
24/02/2025 1:13:26 PM:SignIn:btnLogIn_Click4:
24/02/2025 1:13:26 PM:SignIn:btnLogIn_Click5:
24/02/2025 1:13:26 PM:SignIn:btnLogIn_Click7:
2/24/2025 1:13:27 PM:DBManager:connection_data:Object reference not set to an instance of an object.
2/24/2025 1:13:27 PM:DBManager:connection_data:Object reference not set to an instance of an object.
2/24/2025 1:13:27 PM:DBManager:connection_data:Object reference not set to an instance of an object.
2/24/2025 1:13:28 PM:DBManager:connection_data:Object reference not set to an instance of an object.
2/24/2025 1:13:28 PM:DBManager:connection_data:Object reference not set to an instance of an object.
2/24/2025 1:13:28 PM:DBManager:connection_data:Object reference not set to an instance of an object.
2/24/2025 1:13:28 PM:DBManager:connection_data:Object reference not set to an instance of an object.
2/24/2025 1:13:28 PM:DBManager:connection_data:Object reference not set to an instance of an object.
2/24/2025 1:13:28 PM:DBManager:connection_data:Object reference not set to an instance of an object.
2/24/2025 1:13:28 PM:DBManager:connection_data:Object reference not set to an instance of an object.
2/24/2025 1:13:28 PM:DBManager:connection_data:Object reference not set to an instance of an object.
2/24/2025 1:13:28 PM:DBManager:connection_data:Object reference not set to an instance of an object.
2/24/2025 1:13:28 PM:DBManager:connection_data:Object reference not set to an instance of an object.
2/24/2025 1:13:28 PM:DBManager:connection_data:Object reference not set to an instance of an object.
2/24/2025 1:13:28 PM:DBManager:connection_data:Object reference not set to an instance of an object.
24/02/2025 1:13:28 PM:SignIn:btnLogIn_Click8:
2/24/2025 1:13:28 PM:DBManager:connection_data:Object reference not set to an instance of an object.
2/24/2025 1:13:28 PM:DBManager:connection_data:Object reference not set to an instance of an object.
2/24/2025 1:13:28 PM:DBManager:connection_data:Object reference not set to an instance of an object.
2/24/2025 1:13:28 PM:DBManager:connection_data:Object reference not set to an instance of an object.
2/24/2025 1:13:28 PM:DBManager:connection_data:Object reference not set to an instance of an object.
2/24/2025 1:13:28 PM:DBManager:connection_data:Object reference not set to an instance of an object.
2/24/2025 1:13:29 PM:DBManager:connection_data:Object reference not set to an instance of an object.
2/24/2025 1:13:29 PM:DBManager:connection_data:Object reference not set to an instance of an object.
2/24/2025 1:13:29 PM:DBManager:connection_data:Object reference not set to an instance of an object.
2/24/2025 1:13:29 PM:DBManager:connection_data:Object reference not set to an instance of an object.
2/24/2025 1:13:29 PM:DBManager:connection_data:Object reference not set to an instance of an object.
2/24/2025 1:13:29 PM:DBManager:connection_data:Object reference not set to an instance of an object.
2/24/2025 1:13:29 PM:DBManager:connection_data:Object reference not set to an instance of an object.
2/24/2025 1:13:29 PM:DBManager:connection_data:Object reference not set to an instance of an object.
2/24/2025 1:13:29 PM:DBManager:connection_data:Object reference not set to an instance of an object.
2/24/2025 1:13:29 PM:DBManager:connection_data:Object reference not set to an instance of an object.
2/24/2025 1:13:29 PM:DBManager:connection_data:Object reference not set to an instance of an object.
2/24/2025 1:13:29 PM:DBManager:connection_data:Object reference not set to an instance of an object.
2/24/2025 1:13:29 PM:DBManager:connection_data:Object reference not set to an instance of an object.
2/24/2025 1:13:29 PM:DBManager:connection_data:Object reference not set to an instance of an object.
2/24/2025 1:13:29 PM:DBManager:connection_data:Object reference not set to an instance of an object.
2/24/2025 1:13:29 PM:DBManager:connection_data:Object reference not set to an instance of an object.
2/24/2025 1:13:29 PM:DBManager:connection_data:Object reference not set to an instance of an object.
2/24/2025 1:13:29 PM:DBManager:connection_data:Object reference not set to an instance of an object.
2/24/2025 1:13:29 PM:DBManager:connection_data:Object reference not set to an instance of an object.
2/24/2025 1:13:29 PM:DBManager:connection_data:Object reference not set to an instance of an object.
2/24/2025 1:13:29 PM:DBManager:connection_data:Object reference not set to an instance of an object.
24/02/2025 1:13:30 PM:ClsDataccess:Getdatatable:The ConnectionString property has not been initialized.
2/24/2025 1:13:30 PM:DBManager:connection_data:Object reference not set to an instance of an object.
2/24/2025 1:13:30 PM:DBManager:connection_data:Object reference not set to an instance of an object.
2/24/2025 1:13:30 PM:DBManager:connection_data:Object reference not set to an instance of an object.
24/02/2025 1:13:30 PM:SignIn:btnLogIn_Click:test
2/24/2025 1:13:30 PM:DBManager:connection_data:Object reference not set to an instance of an object.
2/24/2025 1:13:30 PM:DBManager:connection_data:Object reference not set to an instance of an object.
2/24/2025 1:13:30 PM:DBManager:connection_data:Object reference not set to an instance of an object.
2/24/2025 1:13:30 PM:DBManager:connection_data:Object reference not set to an instance of an object.
2/24/2025 1:13:30 PM:DBManager:connection_data:Object reference not set to an instance of an object.
2/24/2025 1:13:30 PM:DBManager:connection_data:Object reference not set to an instance of an object.
2/24/2025 1:13:30 PM:DBManager:connection_data:Object reference not set to an instance of an object.
2/24/2025 1:13:30 PM:DBManager:connection_data:Object reference not set to an instance of an object.
2/24/2025 1:13:30 PM:DBManager:connection_data:Object reference not set to an instance of an object.
2/24/2025 1:13:30 PM:DBManager:connection_data:Object reference not set to an instance of an object.
2/24/2025 1:13:30 PM:DBManager:connection_data:Object reference not set to an instance of an object.
2/24/2025 1:13:30 PM:DBManager:connection_data:Object reference not set to an instance of an object.
2/24/2025 1:13:31 PM:DBManager:connection_data:Object reference not set to an instance of an object.
2/24/2025 1:13:31 PM:DBManager:connection_data:Object reference not set to an instance of an object.
2/24/2025 1:13:31 PM:DBManager:connection_data:Object reference not set to an instance of an object.
24/02/2025 1:13:32 PM:SignIn:btnLogIn_Click4:
24/02/2025 1:13:32 PM:SignIn:btnLogIn_Click5:
24/02/2025 1:13:32 PM:SignIn:btnLogIn_Click7:
24/02/2025 1:13:33 PM:SignIn:btnLogIn_Click8:
24/02/2025 1:13:33 PM:ClsDataccess:Getdatatable:The ConnectionString property has not been initialized.
24/02/2025 1:13:33 PM:SignIn:btnLogIn_Click:test
24/02/2025 1:13:33 PM:SignIn:btnLogIn_Click4:
24/02/2025 1:13:34 PM:SignIn:btnLogIn_Click5:
24/02/2025 1:13:34 PM:SignIn:btnLogIn_Click7:
2/24/2025 1:13:34 PM:DBManager:connection_data:Object reference not set to an instance of an object.
2/24/2025 1:13:34 PM:DBManager:connection_data:Object reference not set to an instance of an object.
2/24/2025 1:13:34 PM:DBManager:connection_data:Object reference not set to an instance of an object.
24/02/2025 1:13:34 PM:SignIn:btnLogIn_Click8:
24/02/2025 1:13:34 PM:ClsDataccess:Getdatatable:The ConnectionString property has not been initialized.
24/02/2025 1:13:34 PM:SignIn:btnLogIn_Click:test
24/02/2025 1:13:34 PM:SignIn:btnLogIn_Click4:
24/02/2025 1:13:34 PM:SignIn:btnLogIn_Click5:
24/02/2025 1:13:34 PM:SignIn:btnLogIn_Click7:
24/02/2025 1:13:35 PM:SignIn:btnLogIn_Click8:
2/24/2025 1:13:35 PM:DBManager:connection_data:Object reference not set to an instance of an object.
2/24/2025 1:13:35 PM:DBManager:connection_data:Object reference not set to an instance of an object.
2/24/2025 1:13:35 PM:DBManager:connection_data:Object reference not set to an instance of an object.
24/02/2025 1:13:35 PM:ClsDataccess:Getdatatable:The ConnectionString property has not been initialized.
24/02/2025 1:13:35 PM:SignIn:btnLogIn_Click:test
24/02/2025 1:13:36 PM:SignIn:btnLogIn_Click4:
24/02/2025 1:13:37 PM:SignIn:btnLogIn_Click5:
24/02/2025 1:13:37 PM:SignIn:btnLogIn_Click7:
24/02/2025 1:13:37 PM:SignIn:btnLogIn_Click8:
24/02/2025 1:13:37 PM:ClsDataccess:Getdatatable:The ConnectionString property has not been initialized.
24/02/2025 1:13:37 PM:SignIn:btnLogIn_Click:test
2/24/2025 1:13:39 PM:DBManager:connection_data:Object reference not set to an instance of an object.
2/24/2025 1:13:39 PM:DBManager:connection_data:Object reference not set to an instance of an object.
2/24/2025 1:13:39 PM:DBManager:connection_data:Object reference not set to an instance of an object.
24/02/2025 1:13:40 PM:SignIn:btnLogIn_Click4:
24/02/2025 1:13:40 PM:SignIn:btnLogIn_Click5:
24/02/2025 1:13:40 PM:SignIn:btnLogIn_Click7:
24/02/2025 1:13:40 PM:SignIn:btnLogIn_Click8:
24/02/2025 1:13:41 PM:ClsDataccess:Getdatatable:The ConnectionString property has not been initialized.
24/02/2025 1:13:41 PM:SignIn:btnLogIn_Click:test
24/02/2025 1:13:42 PM:SignIn:btnLogIn_Click4:
24/02/2025 1:13:42 PM:SignIn:btnLogIn_Click5:
24/02/2025 1:13:42 PM:SignIn:btnLogIn_Click7:
24/02/2025 1:13:43 PM:SignIn:btnLogIn_Click8:
24/02/2025 1:13:43 PM:ClsDataccess:Getdatatable:The ConnectionString property has not been initialized.
24/02/2025 1:13:43 PM:SignIn:btnLogIn_Click:test
24/02/2025 1:13:45 PM:SignIn:btnLogIn_Click4:
24/02/2025 1:13:46 PM:SignIn:btnLogIn_Click5:
24/02/2025 1:13:46 PM:SignIn:btnLogIn_Click7:
24/02/2025 1:13:46 PM:SignIn:btnLogIn_Click8:
24/02/2025 1:13:46 PM:ClsDataccess:Getdatatable:The ConnectionString property has not been initialized.
24/02/2025 1:13:46 PM:SignIn:btnLogIn_Click:test
24/02/2025 1:13:49 PM:SignIn:btnLogIn_Click4:
24/02/2025 1:13:49 PM:SignIn:btnLogIn_Click5:
24/02/2025 1:13:49 PM:SignIn:btnLogIn_Click7:
24/02/2025 1:13:50 PM:SignIn:btnLogIn_Click8:
24/02/2025 1:13:50 PM:ClsDataccess:Getdatatable:The ConnectionString property has not been initialized.
24/02/2025 1:13:50 PM:SignIn:btnLogIn_Click:test
24/02/2025 1:13:51 PM:SignIn:btnLogIn_Click4:
24/02/2025 1:13:52 PM:SignIn:btnLogIn_Click5:
24/02/2025 1:13:52 PM:SignIn:btnLogIn_Click7:
24/02/2025 1:13:52 PM:SignIn:btnLogIn_Click8:
24/02/2025 1:13:52 PM:ClsDataccess:Getdatatable:The ConnectionString property has not been initialized.
24/02/2025 1:13:52 PM:SignIn:btnLogIn_Click:test
24/02/2025 1:13:52 PM:SignIn:btnLogIn_Click:test
24/02/2025 1:13:55 PM:SignIn:btnLogIn_Click4:
24/02/2025 1:13:55 PM:SignIn:btnLogIn_Click5:
24/02/2025 1:13:55 PM:SignIn:btnLogIn_Click7:
24/02/2025 1:13:55 PM:SignIn:btnLogIn_Click8:
24/02/2025 1:13:56 PM:ClsDataccess:Getdatatable:The ConnectionString property has not been initialized.
24/02/2025 1:13:56 PM:SignIn:btnLogIn_Click:test
24/02/2025 1:13:57 PM:SignIn:btnLogIn_Click4:
24/02/2025 1:13:58 PM:SignIn:btnLogIn_Click5:
24/02/2025 1:13:58 PM:SignIn:btnLogIn_Click7:
24/02/2025 1:13:58 PM:SignIn:btnLogIn_Click8:
24/02/2025 1:13:58 PM:ClsDataccess:Getdatatable:The ConnectionString property has not been initialized.
24/02/2025 1:13:58 PM:SignIn:btnLogIn_Click:test
24/02/2025 1:14:00 PM:SignIn:btnLogIn_Click4:
24/02/2025 1:14:00 PM:SignIn:btnLogIn_Click5:
24/02/2025 1:14:00 PM:SignIn:btnLogIn_Click7:
24/02/2025 1:14:00 PM:SignIn:btnLogIn_Click8:
24/02/2025 1:14:00 PM:ClsDataccess:Getdatatable:The ConnectionString property has not been initialized.
24/02/2025 1:14:01 PM:SignIn:btnLogIn_Click:test
24/02/2025 1:14:02 PM:SignIn:btnLogIn_Click4:
24/02/2025 1:14:02 PM:SignIn:btnLogIn_Click5:
24/02/2025 1:14:02 PM:SignIn:btnLogIn_Click7:
24/02/2025 1:14:02 PM:SignIn:btnLogIn_Click8:
24/02/2025 1:14:03 PM:ClsDataccess:Getdatatable:The ConnectionString property has not been initialized.
24/02/2025 1:14:03 PM:SignIn:btnLogIn_Click:test
24/02/2025 1:14:05 PM:SignIn:btnLogIn_Click4:
24/02/2025 1:14:06 PM:SignIn:btnLogIn_Click5:
24/02/2025 1:14:06 PM:SignIn:btnLogIn_Click7:
24/02/2025 1:14:06 PM:SignIn:btnLogIn_Click8:
24/02/2025 1:14:06 PM:ClsDataccess:Getdatatable:The ConnectionString property has not been initialized.
24/02/2025 1:14:06 PM:SignIn:btnLogIn_Click:test
24/02/2025 1:14:08 PM:SignIn:btnLogIn_Click4:
24/02/2025 1:14:08 PM:SignIn:btnLogIn_Click5:
24/02/2025 1:14:08 PM:SignIn:btnLogIn_Click7:
24/02/2025 1:14:08 PM:SignIn:btnLogIn_Click8:
24/02/2025 1:14:08 PM:ClsDataccess:Getdatatable:The ConnectionString property has not been initialized.
24/02/2025 1:14:09 PM:SignIn:btnLogIn_Click:test
24/02/2025 1:14:10 PM:SignIn:btnLogIn_Click4:
24/02/2025 1:14:10 PM:SignIn:btnLogIn_Click5:
24/02/2025 1:14:10 PM:SignIn:btnLogIn_Click7:
24/02/2025 1:14:11 PM:SignIn:btnLogIn_Click8:
24/02/2025 1:14:11 PM:ClsDataccess:Getdatatable:The ConnectionString property has not been initialized.
24/02/2025 1:14:11 PM:SignIn:btnLogIn_Click:test
24/02/2025 1:14:14 PM:SignIn:btnLogIn_Click4:
24/02/2025 1:14:14 PM:SignIn:btnLogIn_Click5:
24/02/2025 1:14:14 PM:SignIn:btnLogIn_Click7:
24/02/2025 1:14:14 PM:SignIn:btnLogIn_Click8:
24/02/2025 1:14:14 PM:ClsDataccess:Getdatatable:The ConnectionString property has not been initialized.
24/02/2025 1:14:14 PM:SignIn:btnLogIn_Click:test
24/02/2025 1:14:16 PM:SignIn:btnLogIn_Click4:
24/02/2025 1:14:16 PM:SignIn:btnLogIn_Click5:
24/02/2025 1:14:16 PM:SignIn:btnLogIn_Click7:
24/02/2025 1:14:17 PM:SignIn:btnLogIn_Click8:
24/02/2025 1:14:17 PM:ClsDataccess:Getdatatable:The ConnectionString property has not been initialized.
24/02/2025 1:14:17 PM:SignIn:btnLogIn_Click:test
2/24/2025 1:14:18 PM:DBManager:connection_data:Object reference not set to an instance of an object.
2/24/2025 1:14:18 PM:DBManager:connection_data:Object reference not set to an instance of an object.
2/24/2025 1:14:18 PM:DBManager:connection_data:Object reference not set to an instance of an object.
24/02/2025 1:14:18 PM:SignIn:btnLogIn_Click:test
24/02/2025 1:14:18 PM:SignIn:btnLogIn_Click:test
24/02/2025 1:14:18 PM:SignIn:btnLogIn_Click4:
24/02/2025 1:14:18 PM:SignIn:btnLogIn_Click5:
24/02/2025 1:14:18 PM:SignIn:btnLogIn_Click7:
24/02/2025 1:14:18 PM:SignIn:btnLogIn_Click8:
24/02/2025 1:14:18 PM:ClsDataccess:Getdatatable:The ConnectionString property has not been initialized.
2/24/2025 1:14:18 PM:DBManager:connection_data:Object reference not set to an instance of an object.
2/24/2025 1:14:18 PM:DBManager:connection_data:Object reference not set to an instance of an object.
2/24/2025 1:14:18 PM:DBManager:connection_data:Object reference not set to an instance of an object.
2/24/2025 1:14:18 PM:DBManager:connection_data:Object reference not set to an instance of an object.
2/24/2025 1:14:18 PM:DBManager:connection_data:Object reference not set to an instance of an object.
2/24/2025 1:14:18 PM:DBManager:connection_data:Object reference not set to an instance of an object.
2/24/2025 1:14:18 PM:DBManager:connection_data:Object reference not set to an instance of an object.
2/24/2025 1:14:18 PM:DBManager:connection_data:Object reference not set to an instance of an object.
2/24/2025 1:14:18 PM:DBManager:connection_data:Object reference not set to an instance of an object.
2/24/2025 1:14:18 PM:DBManager:connection_data:Object reference not set to an instance of an object.
2/24/2025 1:14:18 PM:DBManager:connection_data:Object reference not set to an instance of an object.
2/24/2025 1:14:18 PM:DBManager:connection_data:Object reference not set to an instance of an object.
2/24/2025 1:14:18 PM:DBManager:connection_data:Object reference not set to an instance of an object.
2/24/2025 1:14:18 PM:DBManager:connection_data:Object reference not set to an instance of an object.
2/24/2025 1:14:18 PM:DBManager:connection_data:Object reference not set to an instance of an object.
2/24/2025 1:14:18 PM:DBManager:connection_data:Object reference not set to an instance of an object.
2/24/2025 1:14:18 PM:DBManager:connection_data:Object reference not set to an instance of an object.
2/24/2025 1:14:18 PM:DBManager:connection_data:Object reference not set to an instance of an object.
2/24/2025 1:14:18 PM:DBManager:connection_data:Object reference not set to an instance of an object.
2/24/2025 1:14:18 PM:DBManager:connection_data:Object reference not set to an instance of an object.
2/24/2025 1:14:18 PM:DBManager:connection_data:Object reference not set to an instance of an object.
2/24/2025 1:14:18 PM:DBManager:connection_data:Object reference not set to an instance of an object.
2/24/2025 1:14:18 PM:DBManager:connection_data:Object reference not set to an instance of an object.
2/24/2025 1:14:18 PM:DBManager:connection_data:Object reference not set to an instance of an object.
2/24/2025 1:14:18 PM:DBManager:connection_data:Object reference not set to an instance of an object.
2/24/2025 1:14:18 PM:DBManager:connection_data:Object reference not set to an instance of an object.
2/24/2025 1:14:18 PM:DBManager:connection_data:Object reference not set to an instance of an object.
2/24/2025 1:14:18 PM:DBManager:connection_data:Object reference not set to an instance of an object.
2/24/2025 1:14:18 PM:DBManager:connection_data:Object reference not set to an instance of an object.
2/24/2025 1:14:18 PM:DBManager:connection_data:Object reference not set to an instance of an object.
2/24/2025 1:14:18 PM:DBManager:connection_data:Object reference not set to an instance of an object.
2/24/2025 1:14:18 PM:DBManager:connection_data:Object reference not set to an instance of an object.
2/24/2025 1:14:18 PM:DBManager:connection_data:Object reference not set to an instance of an object.
2/24/2025 1:14:18 PM:DBManager:connection_data:Object reference not set to an instance of an object.
2/24/2025 1:14:18 PM:DBManager:connection_data:Object reference not set to an instance of an object.
2/24/2025 1:14:18 PM:DBManager:connection_data:Object reference not set to an instance of an object.
2/24/2025 1:14:18 PM:DBManager:connection_data:Object reference not set to an instance of an object.
2/24/2025 1:14:18 PM:DBManager:connection_data:Object reference not set to an instance of an object.
2/24/2025 1:14:18 PM:DBManager:connection_data:Object reference not set to an instance of an object.
2/24/2025 1:14:18 PM:DBManager:connection_data:Object reference not set to an instance of an object.
2/24/2025 1:14:18 PM:DBManager:connection_data:Object reference not set to an instance of an object.
2/24/2025 1:14:18 PM:DBManager:connection_data:Object reference not set to an instance of an object.
2/24/2025 1:14:18 PM:DBManager:connection_data:Object reference not set to an instance of an object.
2/24/2025 1:14:18 PM:DBManager:connection_data:Object reference not set to an instance of an object.
2/24/2025 1:14:18 PM:DBManager:connection_data:Object reference not set to an instance of an object.
2/24/2025 1:14:18 PM:DBManager:connection_data:Object reference not set to an instance of an object.
2/24/2025 1:14:18 PM:DBManager:connection_data:Object reference not set to an instance of an object.
2/24/2025 1:14:18 PM:DBManager:connection_data:Object reference not set to an instance of an object.
2/24/2025 1:14:18 PM:DBManager:connection_data:Object reference not set to an instance of an object.
2/24/2025 1:14:18 PM:DBManager:connection_data:Object reference not set to an instance of an object.
2/24/2025 1:14:18 PM:DBManager:connection_data:Object reference not set to an instance of an object.
2/24/2025 1:14:18 PM:DBManager:connection_data:Object reference not set to an instance of an object.
2/24/2025 1:14:18 PM:DBManager:connection_data:Object reference not set to an instance of an object.
2/24/2025 1:14:18 PM:DBManager:connection_data:Object reference not set to an instance of an object.
2/24/2025 1:14:18 PM:DBManager:connection_data:Object reference not set to an instance of an object.
2/24/2025 1:14:18 PM:DBManager:connection_data:Object reference not set to an instance of an object.
2/24/2025 1:14:18 PM:DBManager:connection_data:Object reference not set to an instance of an object.
2/24/2025 1:14:18 PM:DBManager:connection_data:Object reference not set to an instance of an object.
2/24/2025 1:14:18 PM:DBManager:connection_data:Object reference not set to an instance of an object.
2/24/2025 1:14:18 PM:DBManager:connection_data:Object reference not set to an instance of an object.
2/24/2025 1:14:18 PM:DBManager:connection_data:Object reference not set to an instance of an object.
2/24/2025 1:14:18 PM:DBManager:connection_data:Object reference not set to an instance of an object.
2/24/2025 1:14:18 PM:DBManager:connection_data:Object reference not set to an instance of an object.
2/24/2025 1:14:18 PM:DBManager:connection_data:Object reference not set to an instance of an object.
2/24/2025 1:14:18 PM:DBManager:connection_data:Object reference not set to an instance of an object.
2/24/2025 1:14:18 PM:DBManager:connection_data:Object reference not set to an instance of an object.
2/24/2025 1:14:18 PM:DBManager:connection_data:Object reference not set to an instance of an object.
2/24/2025 1:14:18 PM:DBManager:connection_data:Object reference not set to an instance of an object.
2/24/2025 1:14:18 PM:DBManager:connection_data:Object reference not set to an instance of an object.
2/24/2025 1:14:18 PM:DBManager:connection_data:Object reference not set to an instance of an object.
2/24/2025 1:14:18 PM:DBManager:connection_data:Object reference not set to an instance of an object.
2/24/2025 1:14:18 PM:DBManager:connection_data:Object reference not set to an instance of an object.
2/24/2025 1:14:18 PM:DBManager:connection_data:Object reference not set to an instance of an object.
2/24/2025 1:14:18 PM:DBManager:connection_data:Object reference not set to an instance of an object.
2/24/2025 1:14:18 PM:DBManager:connection_data:Object reference not set to an instance of an object.
2/24/2025 1:14:18 PM:DBManager:connection_data:Object reference not set to an instance of an object.
2/24/2025 1:14:18 PM:DBManager:connection_data:Object reference not set to an instance of an object.
2/24/2025 1:14:18 PM:DBManager:connection_data:Object reference not set to an instance of an object.
2/24/2025 1:14:18 PM:DBManager:connection_data:Object reference not set to an instance of an object.
2/24/2025 1:14:18 PM:DBManager:connection_data:Object reference not set to an instance of an object.
24/02/2025 1:14:19 PM:SignIn:btnLogIn_Click4:
24/02/2025 1:14:19 PM:SignIn:btnLogIn_Click5:
24/02/2025 1:14:19 PM:SignIn:btnLogIn_Click7:
24/02/2025 1:14:19 PM:SignIn:btnLogIn_Click:test
24/02/2025 1:14:19 PM:SignIn:btnLogIn_Click4:
24/02/2025 1:14:19 PM:SignIn:btnLogIn_Click5:
24/02/2025 1:14:19 PM:SignIn:btnLogIn_Click7:
24/02/2025 1:14:19 PM:SignIn:btnLogIn_Click8:
24/02/2025 1:14:19 PM:ClsDataccess:Getdatatable:The ConnectionString property has not been initialized.
24/02/2025 1:14:19 PM:SignIn:btnLogIn_Click8:
24/02/2025 1:14:19 PM:ClsDataccess:Getdatatable:The ConnectionString property has not been initialized.
24/02/2025 1:14:20 PM:SignIn:btnLogIn_Click:test
24/02/2025 1:14:20 PM:SignIn:btnLogIn_Click4:
24/02/2025 1:14:20 PM:SignIn:btnLogIn_Click5:
24/02/2025 1:14:20 PM:SignIn:btnLogIn_Click7:
2/24/2025 1:14:20 PM:DBManager:connection_data:Object reference not set to an instance of an object.
2/24/2025 1:14:20 PM:DBManager:connection_data:Object reference not set to an instance of an object.
2/24/2025 1:14:20 PM:DBManager:connection_data:Object reference not set to an instance of an object.
2/24/2025 1:14:20 PM:DBManager:connection_data:Object reference not set to an instance of an object.
2/24/2025 1:14:20 PM:DBManager:connection_data:Object reference not set to an instance of an object.
2/24/2025 1:14:20 PM:DBManager:connection_data:Object reference not set to an instance of an object.
2/24/2025 1:14:20 PM:DBManager:connection_data:Object reference not set to an instance of an object.
2/24/2025 1:14:20 PM:DBManager:connection_data:Object reference not set to an instance of an object.
2/24/2025 1:14:20 PM:DBManager:connection_data:Object reference not set to an instance of an object.
2/24/2025 1:14:20 PM:DBManager:connection_data:Object reference not set to an instance of an object.
2/24/2025 1:14:20 PM:DBManager:connection_data:Object reference not set to an instance of an object.
2/24/2025 1:14:20 PM:DBManager:connection_data:Object reference not set to an instance of an object.
2/24/2025 1:14:20 PM:DBManager:connection_data:Object reference not set to an instance of an object.
2/24/2025 1:14:20 PM:DBManager:connection_data:Object reference not set to an instance of an object.
2/24/2025 1:14:20 PM:DBManager:connection_data:Object reference not set to an instance of an object.
2/24/2025 1:14:20 PM:DBManager:connection_data:Object reference not set to an instance of an object.
2/24/2025 1:14:20 PM:DBManager:connection_data:Object reference not set to an instance of an object.
2/24/2025 1:14:20 PM:DBManager:connection_data:Object reference not set to an instance of an object.
2/24/2025 1:14:20 PM:DBManager:connection_data:Object reference not set to an instance of an object.
2/24/2025 1:14:20 PM:DBManager:connection_data:Object reference not set to an instance of an object.
2/24/2025 1:14:20 PM:DBManager:connection_data:Object reference not set to an instance of an object.
2/24/2025 1:14:20 PM:DBManager:connection_data:Object reference not set to an instance of an object.
2/24/2025 1:14:20 PM:DBManager:connection_data:Object reference not set to an instance of an object.
2/24/2025 1:14:20 PM:DBManager:connection_data:Object reference not set to an instance of an object.
2/24/2025 1:14:20 PM:DBManager:connection_data:Object reference not set to an instance of an object.
2/24/2025 1:14:20 PM:DBManager:connection_data:Object reference not set to an instance of an object.
2/24/2025 1:14:20 PM:DBManager:connection_data:Object reference not set to an instance of an object.
2/24/2025 1:14:20 PM:DBManager:connection_data:Object reference not set to an instance of an object.
2/24/2025 1:14:20 PM:DBManager:connection_data:Object reference not set to an instance of an object.
2/24/2025 1:14:20 PM:DBManager:connection_data:Object reference not set to an instance of an object.
2/24/2025 1:14:20 PM:DBManager:connection_data:Object reference not set to an instance of an object.
2/24/2025 1:14:20 PM:DBManager:connection_data:Object reference not set to an instance of an object.
2/24/2025 1:14:20 PM:DBManager:connection_data:Object reference not set to an instance of an object.
2/24/2025 1:14:20 PM:DBManager:connection_data:Object reference not set to an instance of an object.
2/24/2025 1:14:20 PM:DBManager:connection_data:Object reference not set to an instance of an object.
2/24/2025 1:14:20 PM:DBManager:connection_data:Object reference not set to an instance of an object.
2/24/2025 1:14:20 PM:DBManager:connection_data:Object reference not set to an instance of an object.
2/24/2025 1:14:20 PM:DBManager:connection_data:Object reference not set to an instance of an object.
2/24/2025 1:14:20 PM:DBManager:connection_data:Object reference not set to an instance of an object.
2/24/2025 1:14:20 PM:DBManager:connection_data:Object reference not set to an instance of an object.
2/24/2025 1:14:20 PM:DBManager:connection_data:Object reference not set to an instance of an object.
2/24/2025 1:14:20 PM:DBManager:connection_data:Object reference not set to an instance of an object.
2/24/2025 1:14:20 PM:DBManager:connection_data:Object reference not set to an instance of an object.
2/24/2025 1:14:20 PM:DBManager:connection_data:Object reference not set to an instance of an object.
2/24/2025 1:14:20 PM:DBManager:connection_data:Object reference not set to an instance of an object.
2/24/2025 1:14:20 PM:DBManager:connection_data:Object reference not set to an instance of an object.
2/24/2025 1:14:20 PM:DBManager:connection_data:Object reference not set to an instance of an object.
2/24/2025 1:14:20 PM:DBManager:connection_data:Object reference not set to an instance of an object.
2/24/2025 1:14:20 PM:DBManager:connection_data:Object reference not set to an instance of an object.
2/24/2025 1:14:20 PM:DBManager:connection_data:Object reference not set to an instance of an object.
2/24/2025 1:14:20 PM:DBManager:connection_data:Object reference not set to an instance of an object.
2/24/2025 1:14:20 PM:DBManager:connection_data:Object reference not set to an instance of an object.
2/24/2025 1:14:20 PM:DBManager:connection_data:Object reference not set to an instance of an object.
2/24/2025 1:14:20 PM:DBManager:connection_data:Object reference not set to an instance of an object.
2/24/2025 1:14:20 PM:DBManager:connection_data:Object reference not set to an instance of an object.
2/24/2025 1:14:20 PM:DBManager:connection_data:Object reference not set to an instance of an object.
2/24/2025 1:14:20 PM:DBManager:connection_data:Object reference not set to an instance of an object.
2/24/2025 1:14:20 PM:DBManager:connection_data:Object reference not set to an instance of an object.
2/24/2025 1:14:20 PM:DBManager:connection_data:Object reference not set to an instance of an object.
2/24/2025 1:14:20 PM:DBManager:connection_data:Object reference not set to an instance of an object.
2/24/2025 1:14:20 PM:DBManager:connection_data:Object reference not set to an instance of an object.
2/24/2025 1:14:20 PM:DBManager:connection_data:Object reference not set to an instance of an object.
2/24/2025 1:14:20 PM:DBManager:connection_data:Object reference not set to an instance of an object.
2/24/2025 1:14:20 PM:DBManager:connection_data:Object reference not set to an instance of an object.
2/24/2025 1:14:20 PM:DBManager:connection_data:Object reference not set to an instance of an object.
2/24/2025 1:14:20 PM:DBManager:connection_data:Object reference not set to an instance of an object.
2/24/2025 1:14:20 PM:DBManager:connection_data:Object reference not set to an instance of an object.
2/24/2025 1:14:20 PM:DBManager:connection_data:Object reference not set to an instance of an object.
2/24/2025 1:14:20 PM:DBManager:connection_data:Object reference not set to an instance of an object.
2/24/2025 1:14:20 PM:DBManager:connection_data:Object reference not set to an instance of an object.
2/24/2025 1:14:20 PM:DBManager:connection_data:Object reference not set to an instance of an object.
2/24/2025 1:14:20 PM:DBManager:connection_data:Object reference not set to an instance of an object.
2/24/2025 1:14:20 PM:DBManager:connection_data:Object reference not set to an instance of an object.
2/24/2025 1:14:20 PM:DBManager:connection_data:Object reference not set to an instance of an object.
2/24/2025 1:14:20 PM:DBManager:connection_data:Object reference not set to an instance of an object.
2/24/2025 1:14:20 PM:DBManager:connection_data:Object reference not set to an instance of an object.
2/24/2025 1:14:20 PM:DBManager:connection_data:Object reference not set to an instance of an object.
24/02/2025 1:14:21 PM:SignIn:btnLogIn_Click8:
24/02/2025 1:14:21 PM:ClsDataccess:Getdatatable:The ConnectionString property has not been initialized.
24/02/2025 1:14:21 PM:SignIn:btnLogIn_Click:test
24/02/2025 1:14:22 PM:SignIn:btnLogIn_Click4:
24/02/2025 1:14:22 PM:SignIn:btnLogIn_Click5:
24/02/2025 1:14:22 PM:SignIn:btnLogIn_Click7:
24/02/2025 1:14:22 PM:SignIn:btnLogIn_Click8:
24/02/2025 1:14:22 PM:ClsDataccess:Getdatatable:The ConnectionString property has not been initialized.
24/02/2025 1:14:22 PM:SignIn:btnLogIn_Click:test
24/02/2025 1:14:23 PM:SignIn:btnLogIn_Click4:
24/02/2025 1:14:23 PM:SignIn:btnLogIn_Click5:
24/02/2025 1:14:23 PM:SignIn:btnLogIn_Click7:
24/02/2025 1:14:23 PM:SignIn:btnLogIn_Click8:
24/02/2025 1:14:23 PM:ClsDataccess:Getdatatable:The ConnectionString property has not been initialized.
2/24/2025 1:14:26 PM:DBManager:connection_data:Object reference not set to an instance of an object.
2/24/2025 1:14:26 PM:DBManager:connection_data:Object reference not set to an instance of an object.
2/24/2025 1:14:26 PM:DBManager:connection_data:Object reference not set to an instance of an object.
2/24/2025 1:14:26 PM:DBManager:connection_data:Object reference not set to an instance of an object.
2/24/2025 1:14:26 PM:DBManager:connection_data:Object reference not set to an instance of an object.
2/24/2025 1:14:26 PM:DBManager:connection_data:Object reference not set to an instance of an object.
24/02/2025 1:14:27 PM:QR_List:GetGeneratedCode:Object cannot be cast from DBNull to other types.
24/02/2025 1:14:27 PM:QR_List:GetGeneratedCode:Object cannot be cast from DBNull to other types.
24/02/2025 1:14:27 PM:QR_List:GetGeneratedCode:Object cannot be cast from DBNull to other types.
2/24/2025 1:14:30 PM:DBManager:connection_data:Object reference not set to an instance of an object.
2/24/2025 1:14:30 PM:DBManager:connection_data:Object reference not set to an instance of an object.
2/24/2025 1:14:30 PM:DBManager:connection_data:Object reference not set to an instance of an object.
2/24/2025 1:14:30 PM:DBManager:connection_data:Object reference not set to an instance of an object.
2/24/2025 1:14:30 PM:DBManager:connection_data:Object reference not set to an instance of an object.
2/24/2025 1:14:30 PM:DBManager:connection_data:Object reference not set to an instance of an object.
2/24/2025 1:14:30 PM:DBManager:connection_data:Object reference not set to an instance of an object.
2/24/2025 1:14:34 PM:DBManager:connection_data:Object reference not set to an instance of an object.
2/24/2025 1:14:34 PM:DBManager:connection_data:Object reference not set to an instance of an object.
2/24/2025 1:14:34 PM:DBManager:connection_data:Object reference not set to an instance of an object.
2/24/2025 1:14:37 PM:DBManager:connection_data:Object reference not set to an instance of an object.
2/24/2025 1:14:37 PM:DBManager:connection_data:Object reference not set to an instance of an object.
2/24/2025 1:14:37 PM:DBManager:connection_data:Object reference not set to an instance of an object.
2/24/2025 1:14:37 PM:DBManager:connection_data:Object reference not set to an instance of an object.
2/24/2025 1:14:37 PM:DBManager:connection_data:Object reference not set to an instance of an object.
2/24/2025 1:14:37 PM:DBManager:connection_data:Object reference not set to an instance of an object.
2/24/2025 1:14:37 PM:DBManager:connection_data:Object reference not set to an instance of an object.
2/24/2025 1:14:37 PM:DBManager:connection_data:Object reference not set to an instance of an object.
2/24/2025 1:14:37 PM:DBManager:connection_data:Object reference not set to an instance of an object.
2/24/2025 1:14:37 PM:DBManager:connection_data:Object reference not set to an instance of an object.
2/24/2025 1:14:37 PM:DBManager:connection_data:Object reference not set to an instance of an object.
2/24/2025 1:14:37 PM:DBManager:connection_data:Object reference not set to an instance of an object.
2/24/2025 1:14:37 PM:DBManager:connection_data:Object reference not set to an instance of an object.
2/24/2025 1:14:37 PM:DBManager:connection_data:Object reference not set to an instance of an object.
2/24/2025 1:14:37 PM:DBManager:connection_data:Object reference not set to an instance of an object.
2/24/2025 1:14:37 PM:DBManager:connection_data:Object reference not set to an instance of an object.
2/24/2025 1:14:37 PM:DBManager:connection_data:Object reference not set to an instance of an object.
2/24/2025 1:14:37 PM:DBManager:connection_data:Object reference not set to an instance of an object.
2/24/2025 1:14:37 PM:DBManager:connection_data:Object reference not set to an instance of an object.
2/24/2025 1:14:37 PM:DBManager:connection_data:Object reference not set to an instance of an object.
2/24/2025 1:14:37 PM:DBManager:connection_data:Object reference not set to an instance of an object.
2/24/2025 1:14:37 PM:DBManager:connection_data:Object reference not set to an instance of an object.
2/24/2025 1:14:37 PM:DBManager:connection_data:Object reference not set to an instance of an object.
2/24/2025 1:14:37 PM:DBManager:connection_data:Object reference not set to an instance of an object.
2/24/2025 1:14:37 PM:DBManager:connection_data:Object reference not set to an instance of an object.
2/24/2025 1:14:37 PM:DBManager:connection_data:Object reference not set to an instance of an object.
2/24/2025 1:14:37 PM:DBManager:connection_data:Object reference not set to an instance of an object.
2/24/2025 1:14:37 PM:DBManager:connection_data:Object reference not set to an instance of an object.
2/24/2025 1:14:37 PM:DBManager:connection_data:Object reference not set to an instance of an object.
2/24/2025 1:14:37 PM:DBManager:connection_data:Object reference not set to an instance of an object.
2/24/2025 1:14:37 PM:DBManager:connection_data:Object reference not set to an instance of an object.
2/24/2025 1:14:37 PM:DBManager:connection_data:Object reference not set to an instance of an object.
2/24/2025 1:14:37 PM:DBManager:connection_data:Object reference not set to an instance of an object.
2/24/2025 1:14:37 PM:DBManager:connection_data:Object reference not set to an instance of an object.
2/24/2025 1:14:37 PM:DBManager:connection_data:Object reference not set to an instance of an object.
2/24/2025 1:14:37 PM:DBManager:connection_data:Object reference not set to an instance of an object.
2/24/2025 1:14:37 PM:DBManager:connection_data:Object reference not set to an instance of an object.
2/24/2025 1:14:37 PM:DBManager:connection_data:Object reference not set to an instance of an object.
2/24/2025 1:14:37 PM:DBManager:connection_data:Object reference not set to an instance of an object.
2/24/2025 1:14:37 PM:DBManager:connection_data:Object reference not set to an instance of an object.
2/24/2025 1:14:37 PM:DBManager:connection_data:Object reference not set to an instance of an object.
2/24/2025 1:14:37 PM:DBManager:connection_data:Object reference not set to an instance of an object.
2/24/2025 1:14:37 PM:DBManager:connection_data:Object reference not set to an instance of an object.
2/24/2025 1:14:37 PM:DBManager:connection_data:Object reference not set to an instance of an object.
2/24/2025 1:14:37 PM:DBManager:connection_data:Object reference not set to an instance of an object.
2/24/2025 1:14:37 PM:DBManager:connection_data:Object reference not set to an instance of an object.
2/24/2025 1:14:37 PM:DBManager:connection_data:Object reference not set to an instance of an object.
2/24/2025 1:14:37 PM:DBManager:connection_data:Object reference not set to an instance of an object.
2/24/2025 1:14:37 PM:DBManager:connection_data:Object reference not set to an instance of an object.
2/24/2025 1:14:37 PM:DBManager:connection_data:Object reference not set to an instance of an object.
2/24/2025 1:14:37 PM:DBManager:connection_data:Object reference not set to an instance of an object.
2/24/2025 1:14:37 PM:DBManager:connection_data:Object reference not set to an instance of an object.
2/24/2025 1:14:37 PM:DBManager:connection_data:Object reference not set to an instance of an object.
2/24/2025 1:14:37 PM:DBManager:connection_data:Object reference not set to an instance of an object.
2/24/2025 1:14:37 PM:DBManager:connection_data:Object reference not set to an instance of an object.
2/24/2025 1:14:37 PM:DBManager:connection_data:Object reference not set to an instance of an object.
2/24/2025 1:14:37 PM:DBManager:connection_data:Object reference not set to an instance of an object.
2/24/2025 1:14:37 PM:DBManager:connection_data:Object reference not set to an instance of an object.
2/24/2025 1:14:37 PM:DBManager:connection_data:Object reference not set to an instance of an object.
2/24/2025 1:14:37 PM:DBManager:connection_data:Object reference not set to an instance of an object.
2/24/2025 1:14:37 PM:DBManager:connection_data:Object reference not set to an instance of an object.
2/24/2025 1:14:37 PM:DBManager:connection_data:Object reference not set to an instance of an object.
2/24/2025 1:14:37 PM:DBManager:connection_data:Object reference not set to an instance of an object.
2/24/2025 1:14:37 PM:DBManager:connection_data:Object reference not set to an instance of an object.
2/24/2025 1:14:37 PM:DBManager:connection_data:Object reference not set to an instance of an object.
2/24/2025 1:14:37 PM:DBManager:connection_data:Object reference not set to an instance of an object.
2/24/2025 1:14:37 PM:DBManager:connection_data:Object reference not set to an instance of an object.
2/24/2025 1:14:37 PM:DBManager:connection_data:Object reference not set to an instance of an object.
2/24/2025 1:14:37 PM:DBManager:connection_data:Object reference not set to an instance of an object.
2/24/2025 1:14:37 PM:DBManager:connection_data:Object reference not set to an instance of an object.
2/24/2025 1:14:37 PM:DBManager:connection_data:Object reference not set to an instance of an object.
2/24/2025 1:14:37 PM:DBManager:connection_data:Object reference not set to an instance of an object.
2/24/2025 1:14:37 PM:DBManager:connection_data:Object reference not set to an instance of an object.
2/24/2025 1:14:37 PM:DBManager:connection_data:Object reference not set to an instance of an object.
2/24/2025 1:14:37 PM:DBManager:connection_data:Object reference not set to an instance of an object.
2/24/2025 1:14:37 PM:DBManager:connection_data:Object reference not set to an instance of an object.
2/24/2025 1:14:37 PM:DBManager:connection_data:Object reference not set to an instance of an object.
2/24/2025 1:14:37 PM:DBManager:connection_data:Object reference not set to an instance of an object.
2/24/2025 1:14:37 PM:DBManager:connection_data:Object reference not set to an instance of an object.
2/24/2025 1:14:37 PM:DBManager:connection_data:Object reference not set to an instance of an object.
2/24/2025 1:14:37 PM:DBManager:connection_data:Object reference not set to an instance of an object.
2/24/2025 1:14:37 PM:DBManager:connection_data:Object reference not set to an instance of an object.
2/24/2025 1:14:37 PM:DBManager:connection_data:Object reference not set to an instance of an object.
2/24/2025 1:14:37 PM:DBManager:connection_data:Object reference not set to an instance of an object.
2/24/2025 1:14:37 PM:DBManager:connection_data:Object reference not set to an instance of an object.
2/24/2025 1:14:37 PM:DBManager:connection_data:Object reference not set to an instance of an object.
2/24/2025 1:14:37 PM:DBManager:connection_data:Object reference not set to an instance of an object.
2/24/2025 1:14:37 PM:DBManager:connection_data:Object reference not set to an instance of an object.
24/02/2025 1:14:38 PM:ClsSessionManager:CreateSessionDT:Conversion from type 'DataTable' to type 'String' is not valid.
2/24/2025 1:14:43 PM:DBManager:connection_data:Object reference not set to an instance of an object.
2/24/2025 1:14:43 PM:DBManager:connection_data:Object reference not set to an instance of an object.
2/24/2025 1:14:43 PM:DBManager:connection_data:Object reference not set to an instance of an object.
2/24/2025 1:14:43 PM:DBManager:connection_data:Object reference not set to an instance of an object.
2/24/2025 1:14:43 PM:DBManager:connection_data:Object reference not set to an instance of an object.
2/24/2025 1:14:43 PM:DBManager:connection_data:Object reference not set to an instance of an object.
2/24/2025 2:12:40 PM:DBManager:connection_data:Object reference not set to an instance of an object.
2/24/2025 2:12:40 PM:DBManager:connection_data:Object reference not set to an instance of an object.
2/24/2025 2:12:40 PM:DBManager:connection_data:Object reference not set to an instance of an object.
2/24/2025 2:12:40 PM:DBManager:connection_data:Object reference not set to an instance of an object.
2/24/2025 2:12:40 PM:DBManager:connection_data:Object reference not set to an instance of an object.
2/24/2025 2:12:40 PM:DBManager:connection_data:Object reference not set to an instance of an object.
2/24/2025 2:12:40 PM:DBManager:connection_data:Object reference not set to an instance of an object.
2/24/2025 2:12:40 PM:DBManager:connection_data:Object reference not set to an instance of an object.
2/24/2025 2:12:40 PM:DBManager:connection_data:Object reference not set to an instance of an object.
2/24/2025 2:12:40 PM:DBManager:connection_data:Object reference not set to an instance of an object.
2/24/2025 2:12:40 PM:DBManager:connection_data:Object reference not set to an instance of an object.
2/24/2025 2:12:40 PM:DBManager:connection_data:Object reference not set to an instance of an object.
2/24/2025 2:12:40 PM:DBManager:connection_data:Object reference not set to an instance of an object.
2/24/2025 2:12:40 PM:DBManager:connection_data:Object reference not set to an instance of an object.
2/24/2025 2:12:40 PM:DBManager:connection_data:Object reference not set to an instance of an object.
2/24/2025 2:12:40 PM:DBManager:connection_data:Object reference not set to an instance of an object.
2/24/2025 2:12:40 PM:DBManager:connection_data:Object reference not set to an instance of an object.
2/24/2025 2:12:40 PM:DBManager:connection_data:Object reference not set to an instance of an object.
2/24/2025 2:12:40 PM:DBManager:connection_data:Object reference not set to an instance of an object.
2/24/2025 2:12:40 PM:DBManager:connection_data:Object reference not set to an instance of an object.
2/24/2025 2:12:40 PM:DBManager:connection_data:Object reference not set to an instance of an object.
2/24/2025 2:12:40 PM:DBManager:connection_data:Object reference not set to an instance of an object.
2/24/2025 2:12:40 PM:DBManager:connection_data:Object reference not set to an instance of an object.
2/24/2025 2:12:40 PM:DBManager:connection_data:Object reference not set to an instance of an object.
2/24/2025 2:12:40 PM:DBManager:connection_data:Object reference not set to an instance of an object.
2/24/2025 2:12:40 PM:DBManager:connection_data:Object reference not set to an instance of an object.
2/24/2025 2:12:40 PM:DBManager:connection_data:Object reference not set to an instance of an object.
2/24/2025 2:12:40 PM:DBManager:connection_data:Object reference not set to an instance of an object.
2/24/2025 2:12:40 PM:DBManager:connection_data:Object reference not set to an instance of an object.
2/24/2025 2:12:40 PM:DBManager:connection_data:Object reference not set to an instance of an object.
2/24/2025 2:12:40 PM:DBManager:connection_data:Object reference not set to an instance of an object.
2/24/2025 2:12:40 PM:DBManager:connection_data:Object reference not set to an instance of an object.
2/24/2025 2:12:40 PM:DBManager:connection_data:Object reference not set to an instance of an object.
2/24/2025 2:12:40 PM:DBManager:connection_data:Object reference not set to an instance of an object.
2/24/2025 2:12:40 PM:DBManager:connection_data:Object reference not set to an instance of an object.
2/24/2025 2:12:40 PM:DBManager:connection_data:Object reference not set to an instance of an object.
2/24/2025 2:12:40 PM:DBManager:connection_data:Object reference not set to an instance of an object.
2/24/2025 2:12:40 PM:DBManager:connection_data:Object reference not set to an instance of an object.
2/24/2025 2:12:40 PM:DBManager:connection_data:Object reference not set to an instance of an object.
2/24/2025 2:12:40 PM:DBManager:connection_data:Object reference not set to an instance of an object.
2/24/2025 2:12:40 PM:DBManager:connection_data:Object reference not set to an instance of an object.
2/24/2025 2:12:40 PM:DBManager:connection_data:Object reference not set to an instance of an object.
2/24/2025 2:12:40 PM:DBManager:connection_data:Object reference not set to an instance of an object.
2/24/2025 2:12:40 PM:DBManager:connection_data:Object reference not set to an instance of an object.
2/24/2025 2:12:40 PM:DBManager:connection_data:Object reference not set to an instance of an object.
2/24/2025 2:12:40 PM:DBManager:connection_data:Object reference not set to an instance of an object.
2/24/2025 2:12:40 PM:DBManager:connection_data:Object reference not set to an instance of an object.
2/24/2025 2:12:40 PM:DBManager:connection_data:Object reference not set to an instance of an object.
2/24/2025 2:12:40 PM:DBManager:connection_data:Object reference not set to an instance of an object.
2/24/2025 2:12:40 PM:DBManager:connection_data:Object reference not set to an instance of an object.
2/24/2025 2:12:40 PM:DBManager:connection_data:Object reference not set to an instance of an object.
2/24/2025 2:12:40 PM:DBManager:connection_data:Object reference not set to an instance of an object.
2/24/2025 2:12:40 PM:DBManager:connection_data:Object reference not set to an instance of an object.
2/24/2025 2:12:40 PM:DBManager:connection_data:Object reference not set to an instance of an object.
2/24/2025 2:12:40 PM:DBManager:connection_data:Object reference not set to an instance of an object.
2/24/2025 2:12:40 PM:DBManager:connection_data:Object reference not set to an instance of an object.
2/24/2025 2:12:40 PM:DBManager:connection_data:Object reference not set to an instance of an object.
2/24/2025 2:12:40 PM:DBManager:connection_data:Object reference not set to an instance of an object.
2/24/2025 2:12:40 PM:DBManager:connection_data:Object reference not set to an instance of an object.
2/24/2025 2:12:40 PM:DBManager:connection_data:Object reference not set to an instance of an object.
2/24/2025 2:12:40 PM:DBManager:connection_data:Object reference not set to an instance of an object.
2/24/2025 2:12:40 PM:DBManager:connection_data:Object reference not set to an instance of an object.
2/24/2025 2:12:40 PM:DBManager:connection_data:Object reference not set to an instance of an object.
2/24/2025 2:12:40 PM:DBManager:connection_data:Object reference not set to an instance of an object.
2/24/2025 2:12:40 PM:DBManager:connection_data:Object reference not set to an instance of an object.
2/24/2025 2:12:40 PM:DBManager:connection_data:Object reference not set to an instance of an object.
2/24/2025 2:12:40 PM:DBManager:connection_data:Object reference not set to an instance of an object.
2/24/2025 2:12:40 PM:DBManager:connection_data:Object reference not set to an instance of an object.
2/24/2025 2:12:40 PM:DBManager:connection_data:Object reference not set to an instance of an object.
2/24/2025 2:12:40 PM:DBManager:connection_data:Object reference not set to an instance of an object.
2/24/2025 2:12:40 PM:DBManager:connection_data:Object reference not set to an instance of an object.
2/24/2025 2:12:40 PM:DBManager:connection_data:Object reference not set to an instance of an object.
2/24/2025 2:12:40 PM:DBManager:connection_data:Object reference not set to an instance of an object.
2/24/2025 2:12:40 PM:DBManager:connection_data:Object reference not set to an instance of an object.
2/24/2025 2:12:40 PM:DBManager:connection_data:Object reference not set to an instance of an object.
2/24/2025 2:12:40 PM:DBManager:connection_data:Object reference not set to an instance of an object.
2/24/2025 2:12:40 PM:DBManager:connection_data:Object reference not set to an instance of an object.
2/24/2025 2:12:40 PM:DBManager:connection_data:Object reference not set to an instance of an object.
2/24/2025 2:12:40 PM:DBManager:connection_data:Object reference not set to an instance of an object.
2/24/2025 2:12:40 PM:DBManager:connection_data:Object reference not set to an instance of an object.
2/24/2025 2:12:40 PM:DBManager:connection_data:Object reference not set to an instance of an object.
2/24/2025 2:12:40 PM:DBManager:connection_data:Object reference not set to an instance of an object.
2/24/2025 2:12:40 PM:DBManager:connection_data:Object reference not set to an instance of an object.
2/24/2025 2:12:40 PM:DBManager:connection_data:Object reference not set to an instance of an object.
2/24/2025 2:12:40 PM:DBManager:connection_data:Object reference not set to an instance of an object.
2/24/2025 2:12:40 PM:DBManager:connection_data:Object reference not set to an instance of an object.
24/02/2025 2:12:40 PM:MasterPage:Page_Init:Thread was being aborted.
2/24/2025 2:12:40 PM:DBManager:connection_data:Object reference not set to an instance of an object.
2/24/2025 2:12:40 PM:DBManager:connection_data:Object reference not set to an instance of an object.
2/24/2025 2:12:40 PM:DBManager:connection_data:Object reference not set to an instance of an object.
24/02/2025 2:12:40 PM:SignIn:btnLogIn_Click:test
2/24/2025 2:12:47 PM:DBManager:connection_data:Object reference not set to an instance of an object.
2/24/2025 2:12:47 PM:DBManager:connection_data:Object reference not set to an instance of an object.
2/24/2025 2:12:47 PM:DBManager:connection_data:Object reference not set to an instance of an object.
24/02/2025 2:12:47 PM:SignIn:btnLogIn_Click:test
24/02/2025 2:12:47 PM:SignIn:btnLogIn_Click4:
24/02/2025 2:12:47 PM:SignIn:btnLogIn_Click5:
24/02/2025 2:12:47 PM:SignIn:btnLogIn_Click7:
24/02/2025 2:12:47 PM:SignIn:btnLogIn_Click8:
24/02/2025 2:12:47 PM:ClsDataccess:Getdatatable:The ConnectionString property has not been initialized.
2/24/2025 2:12:47 PM:DBManager:connection_data:Object reference not set to an instance of an object.
2/24/2025 2:12:47 PM:DBManager:connection_data:Object reference not set to an instance of an object.
2/24/2025 2:12:47 PM:DBManager:connection_data:Object reference not set to an instance of an object.
2/24/2025 2:12:47 PM:DBManager:connection_data:Object reference not set to an instance of an object.
2/24/2025 2:12:47 PM:DBManager:connection_data:Object reference not set to an instance of an object.
2/24/2025 2:12:47 PM:DBManager:connection_data:Object reference not set to an instance of an object.
2/24/2025 2:12:47 PM:DBManager:connection_data:Object reference not set to an instance of an object.
2/24/2025 2:12:47 PM:DBManager:connection_data:Object reference not set to an instance of an object.
2/24/2025 2:12:47 PM:DBManager:connection_data:Object reference not set to an instance of an object.
2/24/2025 2:12:47 PM:DBManager:connection_data:Object reference not set to an instance of an object.
2/24/2025 2:12:47 PM:DBManager:connection_data:Object reference not set to an instance of an object.
2/24/2025 2:12:47 PM:DBManager:connection_data:Object reference not set to an instance of an object.
2/24/2025 2:12:47 PM:DBManager:connection_data:Object reference not set to an instance of an object.
2/24/2025 2:12:47 PM:DBManager:connection_data:Object reference not set to an instance of an object.
2/24/2025 2:12:47 PM:DBManager:connection_data:Object reference not set to an instance of an object.
2/24/2025 2:12:47 PM:DBManager:connection_data:Object reference not set to an instance of an object.
2/24/2025 2:12:47 PM:DBManager:connection_data:Object reference not set to an instance of an object.
2/24/2025 2:12:47 PM:DBManager:connection_data:Object reference not set to an instance of an object.
2/24/2025 2:12:47 PM:DBManager:connection_data:Object reference not set to an instance of an object.
2/24/2025 2:12:47 PM:DBManager:connection_data:Object reference not set to an instance of an object.
2/24/2025 2:12:47 PM:DBManager:connection_data:Object reference not set to an instance of an object.
2/24/2025 2:12:47 PM:DBManager:connection_data:Object reference not set to an instance of an object.
2/24/2025 2:12:47 PM:DBManager:connection_data:Object reference not set to an instance of an object.
2/24/2025 2:12:47 PM:DBManager:connection_data:Object reference not set to an instance of an object.
2/24/2025 2:12:47 PM:DBManager:connection_data:Object reference not set to an instance of an object.
2/24/2025 2:12:47 PM:DBManager:connection_data:Object reference not set to an instance of an object.
2/24/2025 2:12:47 PM:DBManager:connection_data:Object reference not set to an instance of an object.
2/24/2025 2:12:47 PM:DBManager:connection_data:Object reference not set to an instance of an object.
2/24/2025 2:12:47 PM:DBManager:connection_data:Object reference not set to an instance of an object.
2/24/2025 2:12:47 PM:DBManager:connection_data:Object reference not set to an instance of an object.
2/24/2025 2:12:47 PM:DBManager:connection_data:Object reference not set to an instance of an object.
2/24/2025 2:12:47 PM:DBManager:connection_data:Object reference not set to an instance of an object.
2/24/2025 2:12:47 PM:DBManager:connection_data:Object reference not set to an instance of an object.
2/24/2025 2:12:47 PM:DBManager:connection_data:Object reference not set to an instance of an object.
2/24/2025 2:12:47 PM:DBManager:connection_data:Object reference not set to an instance of an object.
2/24/2025 2:12:47 PM:DBManager:connection_data:Object reference not set to an instance of an object.
2/24/2025 2:12:47 PM:DBManager:connection_data:Object reference not set to an instance of an object.
2/24/2025 2:12:47 PM:DBManager:connection_data:Object reference not set to an instance of an object.
2/24/2025 2:12:47 PM:DBManager:connection_data:Object reference not set to an instance of an object.
2/24/2025 2:12:47 PM:DBManager:connection_data:Object reference not set to an instance of an object.
2/24/2025 2:12:47 PM:DBManager:connection_data:Object reference not set to an instance of an object.
2/24/2025 2:12:47 PM:DBManager:connection_data:Object reference not set to an instance of an object.
2/24/2025 2:12:47 PM:DBManager:connection_data:Object reference not set to an instance of an object.
2/24/2025 2:12:47 PM:DBManager:connection_data:Object reference not set to an instance of an object.
2/24/2025 2:12:47 PM:DBManager:connection_data:Object reference not set to an instance of an object.
2/24/2025 2:12:47 PM:DBManager:connection_data:Object reference not set to an instance of an object.
2/24/2025 2:12:47 PM:DBManager:connection_data:Object reference not set to an instance of an object.
2/24/2025 2:12:47 PM:DBManager:connection_data:Object reference not set to an instance of an object.
2/24/2025 2:12:47 PM:DBManager:connection_data:Object reference not set to an instance of an object.
2/24/2025 2:12:47 PM:DBManager:connection_data:Object reference not set to an instance of an object.
2/24/2025 2:12:47 PM:DBManager:connection_data:Object reference not set to an instance of an object.
2/24/2025 2:12:47 PM:DBManager:connection_data:Object reference not set to an instance of an object.
2/24/2025 2:12:47 PM:DBManager:connection_data:Object reference not set to an instance of an object.
2/24/2025 2:12:47 PM:DBManager:connection_data:Object reference not set to an instance of an object.
2/24/2025 2:12:47 PM:DBManager:connection_data:Object reference not set to an instance of an object.
2/24/2025 2:12:47 PM:DBManager:connection_data:Object reference not set to an instance of an object.
2/24/2025 2:12:47 PM:DBManager:connection_data:Object reference not set to an instance of an object.
2/24/2025 2:12:47 PM:DBManager:connection_data:Object reference not set to an instance of an object.
2/24/2025 2:12:47 PM:DBManager:connection_data:Object reference not set to an instance of an object.
2/24/2025 2:12:47 PM:DBManager:connection_data:Object reference not set to an instance of an object.
2/24/2025 2:12:47 PM:DBManager:connection_data:Object reference not set to an instance of an object.
2/24/2025 2:12:47 PM:DBManager:connection_data:Object reference not set to an instance of an object.
2/24/2025 2:12:47 PM:DBManager:connection_data:Object reference not set to an instance of an object.
2/24/2025 2:12:47 PM:DBManager:connection_data:Object reference not set to an instance of an object.
2/24/2025 2:12:47 PM:DBManager:connection_data:Object reference not set to an instance of an object.
2/24/2025 2:12:47 PM:DBManager:connection_data:Object reference not set to an instance of an object.
2/24/2025 2:12:47 PM:DBManager:connection_data:Object reference not set to an instance of an object.
2/24/2025 2:12:47 PM:DBManager:connection_data:Object reference not set to an instance of an object.
2/24/2025 2:12:47 PM:DBManager:connection_data:Object reference not set to an instance of an object.
2/24/2025 2:12:47 PM:DBManager:connection_data:Object reference not set to an instance of an object.
2/24/2025 2:12:47 PM:DBManager:connection_data:Object reference not set to an instance of an object.
2/24/2025 2:12:47 PM:DBManager:connection_data:Object reference not set to an instance of an object.
2/24/2025 2:12:47 PM:DBManager:connection_data:Object reference not set to an instance of an object.
2/24/2025 2:12:47 PM:DBManager:connection_data:Object reference not set to an instance of an object.
2/24/2025 2:12:47 PM:DBManager:connection_data:Object reference not set to an instance of an object.
2/24/2025 2:12:47 PM:DBManager:connection_data:Object reference not set to an instance of an object.
2/24/2025 2:12:47 PM:DBManager:connection_data:Object reference not set to an instance of an object.
2/24/2025 2:12:48 PM:DBManager:connection_data:Object reference not set to an instance of an object.
2/24/2025 2:12:48 PM:DBManager:connection_data:Object reference not set to an instance of an object.
2/24/2025 2:12:48 PM:DBManager:connection_data:Object reference not set to an instance of an object.
2/24/2025 2:12:48 PM:DBManager:connection_data:Object reference not set to an instance of an object.
2/24/2025 2:12:48 PM:DBManager:connection_data:Object reference not set to an instance of an object.
2/24/2025 2:12:48 PM:DBManager:connection_data:Object reference not set to an instance of an object.
2/24/2025 2:12:48 PM:DBManager:connection_data:Object reference not set to an instance of an object.
2/24/2025 2:12:48 PM:DBManager:connection_data:Object reference not set to an instance of an object.
2/24/2025 2:12:48 PM:DBManager:connection_data:Object reference not set to an instance of an object.
2/24/2025 2:12:48 PM:DBManager:connection_data:Object reference not set to an instance of an object.
2/24/2025 2:12:48 PM:DBManager:connection_data:Object reference not set to an instance of an object.
2/24/2025 2:12:48 PM:DBManager:connection_data:Object reference not set to an instance of an object.
2/24/2025 2:12:48 PM:DBManager:connection_data:Object reference not set to an instance of an object.
2/24/2025 2:12:48 PM:DBManager:connection_data:Object reference not set to an instance of an object.
2/24/2025 2:12:48 PM:DBManager:connection_data:Object reference not set to an instance of an object.
2/24/2025 2:12:48 PM:DBManager:connection_data:Object reference not set to an instance of an object.
2/24/2025 2:12:48 PM:DBManager:connection_data:Object reference not set to an instance of an object.
2/24/2025 2:12:48 PM:DBManager:connection_data:Object reference not set to an instance of an object.
2/24/2025 2:12:48 PM:DBManager:connection_data:Object reference not set to an instance of an object.
2/24/2025 2:12:48 PM:DBManager:connection_data:Object reference not set to an instance of an object.
2/24/2025 2:12:48 PM:DBManager:connection_data:Object reference not set to an instance of an object.
2/24/2025 2:12:48 PM:DBManager:connection_data:Object reference not set to an instance of an object.
2/24/2025 2:12:48 PM:DBManager:connection_data:Object reference not set to an instance of an object.
2/24/2025 2:12:48 PM:DBManager:connection_data:Object reference not set to an instance of an object.
2/24/2025 2:12:48 PM:DBManager:connection_data:Object reference not set to an instance of an object.
2/24/2025 2:12:48 PM:DBManager:connection_data:Object reference not set to an instance of an object.
2/24/2025 2:12:48 PM:DBManager:connection_data:Object reference not set to an instance of an object.
2/24/2025 2:12:48 PM:DBManager:connection_data:Object reference not set to an instance of an object.
2/24/2025 2:12:48 PM:DBManager:connection_data:Object reference not set to an instance of an object.
2/24/2025 2:12:48 PM:DBManager:connection_data:Object reference not set to an instance of an object.
2/24/2025 2:12:48 PM:DBManager:connection_data:Object reference not set to an instance of an object.
2/24/2025 2:12:48 PM:DBManager:connection_data:Object reference not set to an instance of an object.
2/24/2025 2:12:48 PM:DBManager:connection_data:Object reference not set to an instance of an object.
2/24/2025 2:12:48 PM:DBManager:connection_data:Object reference not set to an instance of an object.
2/24/2025 2:12:48 PM:DBManager:connection_data:Object reference not set to an instance of an object.
2/24/2025 2:12:48 PM:DBManager:connection_data:Object reference not set to an instance of an object.
2/24/2025 2:12:48 PM:DBManager:connection_data:Object reference not set to an instance of an object.
2/24/2025 2:12:48 PM:DBManager:connection_data:Object reference not set to an instance of an object.
2/24/2025 2:12:48 PM:DBManager:connection_data:Object reference not set to an instance of an object.
2/24/2025 2:12:48 PM:DBManager:connection_data:Object reference not set to an instance of an object.
2/24/2025 2:12:48 PM:DBManager:connection_data:Object reference not set to an instance of an object.
2/24/2025 2:12:48 PM:DBManager:connection_data:Object reference not set to an instance of an object.
2/24/2025 2:12:48 PM:DBManager:connection_data:Object reference not set to an instance of an object.
2/24/2025 2:12:48 PM:DBManager:connection_data:Object reference not set to an instance of an object.
2/24/2025 2:12:48 PM:DBManager:connection_data:Object reference not set to an instance of an object.
2/24/2025 2:12:48 PM:DBManager:connection_data:Object reference not set to an instance of an object.
2/24/2025 2:12:48 PM:DBManager:connection_data:Object reference not set to an instance of an object.
2/24/2025 2:12:48 PM:DBManager:connection_data:Object reference not set to an instance of an object.
2/24/2025 2:12:48 PM:DBManager:connection_data:Object reference not set to an instance of an object.
2/24/2025 2:12:48 PM:DBManager:connection_data:Object reference not set to an instance of an object.
2/24/2025 2:12:48 PM:DBManager:connection_data:Object reference not set to an instance of an object.
2/24/2025 2:12:48 PM:DBManager:connection_data:Object reference not set to an instance of an object.
2/24/2025 2:12:48 PM:DBManager:connection_data:Object reference not set to an instance of an object.
2/24/2025 2:12:48 PM:DBManager:connection_data:Object reference not set to an instance of an object.
2/24/2025 2:12:48 PM:DBManager:connection_data:Object reference not set to an instance of an object.
2/24/2025 2:12:48 PM:DBManager:connection_data:Object reference not set to an instance of an object.
2/24/2025 2:12:48 PM:DBManager:connection_data:Object reference not set to an instance of an object.
2/24/2025 2:12:48 PM:DBManager:connection_data:Object reference not set to an instance of an object.
2/24/2025 2:12:48 PM:DBManager:connection_data:Object reference not set to an instance of an object.
2/24/2025 2:12:48 PM:DBManager:connection_data:Object reference not set to an instance of an object.
2/24/2025 2:12:48 PM:DBManager:connection_data:Object reference not set to an instance of an object.
2/24/2025 2:12:48 PM:DBManager:connection_data:Object reference not set to an instance of an object.
2/24/2025 2:12:48 PM:DBManager:connection_data:Object reference not set to an instance of an object.
2/24/2025 2:12:48 PM:DBManager:connection_data:Object reference not set to an instance of an object.
2/24/2025 2:12:48 PM:DBManager:connection_data:Object reference not set to an instance of an object.
2/24/2025 2:12:48 PM:DBManager:connection_data:Object reference not set to an instance of an object.
2/24/2025 2:12:48 PM:DBManager:connection_data:Object reference not set to an instance of an object.
2/24/2025 2:12:48 PM:DBManager:connection_data:Object reference not set to an instance of an object.
2/24/2025 2:12:48 PM:DBManager:connection_data:Object reference not set to an instance of an object.
2/24/2025 2:12:48 PM:DBManager:connection_data:Object reference not set to an instance of an object.
2/24/2025 2:12:48 PM:DBManager:connection_data:Object reference not set to an instance of an object.
2/24/2025 2:12:48 PM:DBManager:connection_data:Object reference not set to an instance of an object.
2/24/2025 2:12:48 PM:DBManager:connection_data:Object reference not set to an instance of an object.
2/24/2025 2:12:48 PM:DBManager:connection_data:Object reference not set to an instance of an object.
2/24/2025 2:12:48 PM:DBManager:connection_data:Object reference not set to an instance of an object.
2/24/2025 2:12:48 PM:DBManager:connection_data:Object reference not set to an instance of an object.
2/24/2025 2:12:48 PM:DBManager:connection_data:Object reference not set to an instance of an object.
2/24/2025 2:14:16 PM:DBManager:connection_data:Object reference not set to an instance of an object.
2/24/2025 2:14:16 PM:DBManager:connection_data:Object reference not set to an instance of an object.
2/24/2025 2:14:16 PM:DBManager:connection_data:Object reference not set to an instance of an object.
2/24/2025 2:14:16 PM:DBManager:connection_data:Object reference not set to an instance of an object.
2/24/2025 2:14:16 PM:DBManager:connection_data:Object reference not set to an instance of an object.
2/24/2025 2:14:16 PM:DBManager:connection_data:Object reference not set to an instance of an object.
2/24/2025 2:14:16 PM:DBManager:connection_data:Object reference not set to an instance of an object.
2/24/2025 2:14:16 PM:DBManager:connection_data:Object reference not set to an instance of an object.
2/24/2025 2:14:16 PM:DBManager:connection_data:Object reference not set to an instance of an object.
2/24/2025 2:14:16 PM:DBManager:connection_data:Object reference not set to an instance of an object.
2/24/2025 2:14:16 PM:DBManager:connection_data:Object reference not set to an instance of an object.
2/24/2025 2:14:16 PM:DBManager:connection_data:Object reference not set to an instance of an object.
2/24/2025 2:14:16 PM:DBManager:connection_data:Object reference not set to an instance of an object.
2/24/2025 2:14:16 PM:DBManager:connection_data:Object reference not set to an instance of an object.
2/24/2025 2:14:16 PM:DBManager:connection_data:Object reference not set to an instance of an object.
2/24/2025 2:14:16 PM:DBManager:connection_data:Object reference not set to an instance of an object.
2/24/2025 2:14:16 PM:DBManager:connection_data:Object reference not set to an instance of an object.
2/24/2025 2:14:16 PM:DBManager:connection_data:Object reference not set to an instance of an object.
2/24/2025 2:14:16 PM:DBManager:connection_data:Object reference not set to an instance of an object.
2/24/2025 2:14:16 PM:DBManager:connection_data:Object reference not set to an instance of an object.
2/24/2025 2:14:16 PM:DBManager:connection_data:Object reference not set to an instance of an object.
2/24/2025 2:14:16 PM:DBManager:connection_data:Object reference not set to an instance of an object.
2/24/2025 2:14:16 PM:DBManager:connection_data:Object reference not set to an instance of an object.
2/24/2025 2:14:16 PM:DBManager:connection_data:Object reference not set to an instance of an object.
2/24/2025 2:14:16 PM:DBManager:connection_data:Object reference not set to an instance of an object.
2/24/2025 2:14:16 PM:DBManager:connection_data:Object reference not set to an instance of an object.
2/24/2025 2:14:16 PM:DBManager:connection_data:Object reference not set to an instance of an object.
2/24/2025 2:14:16 PM:DBManager:connection_data:Object reference not set to an instance of an object.
2/24/2025 2:14:16 PM:DBManager:connection_data:Object reference not set to an instance of an object.
2/24/2025 2:14:16 PM:DBManager:connection_data:Object reference not set to an instance of an object.
2/24/2025 2:14:16 PM:DBManager:connection_data:Object reference not set to an instance of an object.
2/24/2025 2:14:16 PM:DBManager:connection_data:Object reference not set to an instance of an object.
2/24/2025 2:14:16 PM:DBManager:connection_data:Object reference not set to an instance of an object.
2/24/2025 2:14:16 PM:DBManager:connection_data:Object reference not set to an instance of an object.
2/24/2025 2:14:16 PM:DBManager:connection_data:Object reference not set to an instance of an object.
2/24/2025 2:14:16 PM:DBManager:connection_data:Object reference not set to an instance of an object.
2/24/2025 2:14:16 PM:DBManager:connection_data:Object reference not set to an instance of an object.
2/24/2025 2:14:16 PM:DBManager:connection_data:Object reference not set to an instance of an object.
2/24/2025 2:14:16 PM:DBManager:connection_data:Object reference not set to an instance of an object.
2/24/2025 2:14:16 PM:DBManager:connection_data:Object reference not set to an instance of an object.
2/24/2025 2:14:16 PM:DBManager:connection_data:Object reference not set to an instance of an object.
2/24/2025 2:14:16 PM:DBManager:connection_data:Object reference not set to an instance of an object.
2/24/2025 2:14:16 PM:DBManager:connection_data:Object reference not set to an instance of an object.
2/24/2025 2:14:16 PM:DBManager:connection_data:Object reference not set to an instance of an object.
2/24/2025 2:14:16 PM:DBManager:connection_data:Object reference not set to an instance of an object.
2/24/2025 2:14:16 PM:DBManager:connection_data:Object reference not set to an instance of an object.
2/24/2025 2:14:16 PM:DBManager:connection_data:Object reference not set to an instance of an object.
2/24/2025 2:14:16 PM:DBManager:connection_data:Object reference not set to an instance of an object.
2/24/2025 2:14:16 PM:DBManager:connection_data:Object reference not set to an instance of an object.
2/24/2025 2:14:16 PM:DBManager:connection_data:Object reference not set to an instance of an object.
2/24/2025 2:14:16 PM:DBManager:connection_data:Object reference not set to an instance of an object.
2/24/2025 2:14:16 PM:DBManager:connection_data:Object reference not set to an instance of an object.
2/24/2025 2:14:16 PM:DBManager:connection_data:Object reference not set to an instance of an object.
2/24/2025 2:14:16 PM:DBManager:connection_data:Object reference not set to an instance of an object.
2/24/2025 2:14:16 PM:DBManager:connection_data:Object reference not set to an instance of an object.
2/24/2025 2:14:16 PM:DBManager:connection_data:Object reference not set to an instance of an object.
2/24/2025 2:14:16 PM:DBManager:connection_data:Object reference not set to an instance of an object.
2/24/2025 2:14:16 PM:DBManager:connection_data:Object reference not set to an instance of an object.
2/24/2025 2:14:16 PM:DBManager:connection_data:Object reference not set to an instance of an object.
2/24/2025 2:14:16 PM:DBManager:connection_data:Object reference not set to an instance of an object.
2/24/2025 2:14:16 PM:DBManager:connection_data:Object reference not set to an instance of an object.
2/24/2025 2:14:16 PM:DBManager:connection_data:Object reference not set to an instance of an object.
2/24/2025 2:14:17 PM:DBManager:connection_data:Object reference not set to an instance of an object.
2/24/2025 2:14:17 PM:DBManager:connection_data:Object reference not set to an instance of an object.
2/24/2025 2:14:17 PM:DBManager:connection_data:Object reference not set to an instance of an object.
2/24/2025 2:14:17 PM:DBManager:connection_data:Object reference not set to an instance of an object.
2/24/2025 2:14:17 PM:DBManager:connection_data:Object reference not set to an instance of an object.
2/24/2025 2:14:17 PM:DBManager:connection_data:Object reference not set to an instance of an object.
2/24/2025 2:14:17 PM:DBManager:connection_data:Object reference not set to an instance of an object.
2/24/2025 2:14:17 PM:DBManager:connection_data:Object reference not set to an instance of an object.
2/24/2025 2:14:17 PM:DBManager:connection_data:Object reference not set to an instance of an object.
2/24/2025 2:14:17 PM:DBManager:connection_data:Object reference not set to an instance of an object.
2/24/2025 2:14:17 PM:DBManager:connection_data:Object reference not set to an instance of an object.
2/24/2025 2:14:17 PM:DBManager:connection_data:Object reference not set to an instance of an object.
2/24/2025 2:14:17 PM:DBManager:connection_data:Object reference not set to an instance of an object.
2/24/2025 2:14:17 PM:DBManager:connection_data:Object reference not set to an instance of an object.
2/24/2025 2:14:17 PM:DBManager:connection_data:Object reference not set to an instance of an object.
2/24/2025 2:14:17 PM:DBManager:connection_data:Object reference not set to an instance of an object.
2/24/2025 2:14:17 PM:DBManager:connection_data:Object reference not set to an instance of an object.
2/24/2025 2:14:17 PM:DBManager:connection_data:Object reference not set to an instance of an object.
2/24/2025 2:14:17 PM:DBManager:connection_data:Object reference not set to an instance of an object.
2/24/2025 2:14:17 PM:DBManager:connection_data:Object reference not set to an instance of an object.
2/24/2025 2:14:17 PM:DBManager:connection_data:Object reference not set to an instance of an object.
2/24/2025 2:14:17 PM:DBManager:connection_data:Object reference not set to an instance of an object.
2/24/2025 2:14:17 PM:DBManager:connection_data:Object reference not set to an instance of an object.
2/24/2025 2:14:17 PM:DBManager:connection_data:Object reference not set to an instance of an object.
2/24/2025 2:14:17 PM:DBManager:connection_data:Object reference not set to an instance of an object.
2/24/2025 2:14:17 PM:DBManager:connection_data:Object reference not set to an instance of an object.
2/24/2025 2:14:17 PM:DBManager:connection_data:Object reference not set to an instance of an object.
2/24/2025 2:14:17 PM:DBManager:connection_data:Object reference not set to an instance of an object.
2/24/2025 2:14:17 PM:DBManager:connection_data:Object reference not set to an instance of an object.
2/24/2025 2:14:17 PM:DBManager:connection_data:Object reference not set to an instance of an object.
2/24/2025 2:14:17 PM:DBManager:connection_data:Object reference not set to an instance of an object.
2/24/2025 2:14:17 PM:DBManager:connection_data:Object reference not set to an instance of an object.
2/24/2025 2:14:17 PM:DBManager:connection_data:Object reference not set to an instance of an object.
2/24/2025 2:14:17 PM:DBManager:connection_data:Object reference not set to an instance of an object.
2/24/2025 2:14:17 PM:DBManager:connection_data:Object reference not set to an instance of an object.
2/24/2025 2:14:17 PM:DBManager:connection_data:Object reference not set to an instance of an object.
2/24/2025 2:14:17 PM:DBManager:connection_data:Object reference not set to an instance of an object.
2/24/2025 2:14:17 PM:DBManager:connection_data:Object reference not set to an instance of an object.
2/24/2025 2:14:17 PM:DBManager:connection_data:Object reference not set to an instance of an object.
2/24/2025 2:14:17 PM:DBManager:connection_data:Object reference not set to an instance of an object.
2/24/2025 2:14:17 PM:DBManager:connection_data:Object reference not set to an instance of an object.
2/24/2025 2:14:17 PM:DBManager:connection_data:Object reference not set to an instance of an object.
2/24/2025 2:14:17 PM:DBManager:connection_data:Object reference not set to an instance of an object.
2/24/2025 2:14:17 PM:DBManager:connection_data:Object reference not set to an instance of an object.
2/24/2025 2:14:17 PM:DBManager:connection_data:Object reference not set to an instance of an object.
2/24/2025 2:14:17 PM:DBManager:connection_data:Object reference not set to an instance of an object.
2/24/2025 2:14:17 PM:DBManager:connection_data:Object reference not set to an instance of an object.
2/24/2025 2:14:17 PM:DBManager:connection_data:Object reference not set to an instance of an object.
2/24/2025 2:14:17 PM:DBManager:connection_data:Object reference not set to an instance of an object.
2/24/2025 2:14:17 PM:DBManager:connection_data:Object reference not set to an instance of an object.
2/24/2025 2:14:17 PM:DBManager:connection_data:Object reference not set to an instance of an object.
2/24/2025 2:14:17 PM:DBManager:connection_data:Object reference not set to an instance of an object.
2/24/2025 2:14:17 PM:DBManager:connection_data:Object reference not set to an instance of an object.
2/24/2025 2:14:17 PM:DBManager:connection_data:Object reference not set to an instance of an object.
2/24/2025 2:14:17 PM:DBManager:connection_data:Object reference not set to an instance of an object.
2/24/2025 2:14:17 PM:DBManager:connection_data:Object reference not set to an instance of an object.
2/24/2025 2:14:17 PM:DBManager:connection_data:Object reference not set to an instance of an object.
2/24/2025 2:14:17 PM:DBManager:connection_data:Object reference not set to an instance of an object.
2/24/2025 2:14:17 PM:DBManager:connection_data:Object reference not set to an instance of an object.
2/24/2025 2:14:17 PM:DBManager:connection_data:Object reference not set to an instance of an object.
2/24/2025 2:14:17 PM:DBManager:connection_data:Object reference not set to an instance of an object.
2/24/2025 2:14:17 PM:DBManager:connection_data:Object reference not set to an instance of an object.
2/24/2025 2:14:17 PM:DBManager:connection_data:Object reference not set to an instance of an object.
2/24/2025 2:14:17 PM:DBManager:connection_data:Object reference not set to an instance of an object.
2/24/2025 2:14:17 PM:DBManager:connection_data:Object reference not set to an instance of an object.
2/24/2025 2:14:17 PM:DBManager:connection_data:Object reference not set to an instance of an object.
2/24/2025 2:14:17 PM:DBManager:connection_data:Object reference not set to an instance of an object.
2/24/2025 2:14:17 PM:DBManager:connection_data:Object reference not set to an instance of an object.
2/24/2025 2:14:17 PM:DBManager:connection_data:Object reference not set to an instance of an object.
2/24/2025 2:14:17 PM:DBManager:connection_data:Object reference not set to an instance of an object.
2/24/2025 2:14:17 PM:DBManager:connection_data:Object reference not set to an instance of an object.
2/24/2025 2:14:17 PM:DBManager:connection_data:Object reference not set to an instance of an object.
2/24/2025 2:14:17 PM:DBManager:connection_data:Object reference not set to an instance of an object.
2/24/2025 2:14:17 PM:DBManager:connection_data:Object reference not set to an instance of an object.
2/24/2025 2:14:17 PM:DBManager:connection_data:Object reference not set to an instance of an object.
2/24/2025 2:14:17 PM:DBManager:connection_data:Object reference not set to an instance of an object.
2/24/2025 2:14:17 PM:DBManager:connection_data:Object reference not set to an instance of an object.
2/24/2025 2:14:17 PM:DBManager:connection_data:Object reference not set to an instance of an object.
2/24/2025 2:14:17 PM:DBManager:connection_data:Object reference not set to an instance of an object.
2/24/2025 2:14:17 PM:DBManager:connection_data:Object reference not set to an instance of an object.
2/24/2025 2:14:17 PM:DBManager:connection_data:Object reference not set to an instance of an object.
2/24/2025 2:14:17 PM:DBManager:connection_data:Object reference not set to an instance of an object.
2/24/2025 2:14:17 PM:DBManager:connection_data:Object reference not set to an instance of an object.
2/24/2025 2:14:17 PM:DBManager:connection_data:Object reference not set to an instance of an object.
2/24/2025 2:14:17 PM:DBManager:connection_data:Object reference not set to an instance of an object.
2/24/2025 2:14:17 PM:DBManager:connection_data:Object reference not set to an instance of an object.
2/24/2025 2:14:17 PM:DBManager:connection_data:Object reference not set to an instance of an object.
2/24/2025 2:14:17 PM:DBManager:connection_data:Object reference not set to an instance of an object.
2/24/2025 2:14:17 PM:DBManager:connection_data:Object reference not set to an instance of an object.
2/24/2025 2:14:17 PM:DBManager:connection_data:Object reference not set to an instance of an object.
2/24/2025 2:14:17 PM:DBManager:connection_data:Object reference not set to an instance of an object.
2/24/2025 2:14:17 PM:DBManager:connection_data:Object reference not set to an instance of an object.
