12/13/2024 7:25:48 PM:DBManager:connection_data:Object reference not set to an instance of an object.
12/13/2024 7:25:49 PM:DBManager:connection_data:Object reference not set to an instance of an object.
12/13/2024 7:25:49 PM:DBManager:connection_data:Object reference not set to an instance of an object.
13/12/2024 7:25:49 PM:SignIn:btnLogIn_Click:test
12/13/2024 7:28:22 PM:DBManager:connection_data:Object reference not set to an instance of an object.
12/13/2024 7:28:24 PM:DBManager:connection_data:Object reference not set to an instance of an object.
12/13/2024 7:28:29 PM:DBManager:connection_data:Object reference not set to an instance of an object.
13/12/2024 7:28:29 PM:SignIn:btnLogIn_Click:test
12/13/2024 7:29:08 PM:DBManager:connection_data:Object reference not set to an instance of an object.
12/13/2024 7:29:09 PM:DBManager:connection_data:Object reference not set to an instance of an object.
12/13/2024 7:29:09 PM:DBManager:connection_data:Object reference not set to an instance of an object.
13/12/2024 7:29:09 PM:SignIn:btnLogIn_Click:test
13/12/2024 7:29:10 PM:SignIn:btnLogIn_Click4:
13/12/2024 7:29:10 PM:SignIn:btnLogIn_Click5:
13/12/2024 7:29:10 PM:SignIn:btnLogIn_Click7:
13/12/2024 7:29:11 PM:SignIn:btnLogIn_Click8:
13/12/2024 7:29:13 PM:ClsDataccess:Getdatatable:The ConnectionString property has not been initialized.
12/13/2024 7:29:16 PM:DBManager:connection_data:Object reference not set to an instance of an object.
12/13/2024 7:30:13 PM:DBManager:connection_data:Object reference not set to an instance of an object.
12/13/2024 7:30:13 PM:DBManager:connection_data:Object reference not set to an instance of an object.
13/12/2024 7:30:13 PM:SignIn:btnLogIn_Click:test
12/13/2024 7:30:13 PM:DBManager:connection_data:Object reference not set to an instance of an object.
12/13/2024 7:30:13 PM:DBManager:connection_data:Object reference not set to an instance of an object.
12/13/2024 7:30:13 PM:DBManager:connection_data:Object reference not set to an instance of an object.
12/13/2024 7:30:13 PM:DBManager:connection_data:Object reference not set to an instance of an object.
12/13/2024 7:30:13 PM:DBManager:connection_data:Object reference not set to an instance of an object.
12/13/2024 7:30:13 PM:DBManager:connection_data:Object reference not set to an instance of an object.
12/13/2024 7:30:13 PM:DBManager:connection_data:Object reference not set to an instance of an object.
13/12/2024 7:30:13 PM:SignIn:btnLogIn_Click4:
13/12/2024 7:30:13 PM:SignIn:btnLogIn_Click5:
13/12/2024 7:30:13 PM:SignIn:btnLogIn_Click7:
12/13/2024 7:30:13 PM:DBManager:connection_data:Object reference not set to an instance of an object.
12/13/2024 7:30:13 PM:DBManager:connection_data:Object reference not set to an instance of an object.
12/13/2024 7:30:13 PM:DBManager:connection_data:Object reference not set to an instance of an object.
12/13/2024 7:30:13 PM:DBManager:connection_data:Object reference not set to an instance of an object.
12/13/2024 7:30:13 PM:DBManager:connection_data:Object reference not set to an instance of an object.
12/13/2024 7:30:13 PM:DBManager:connection_data:Object reference not set to an instance of an object.
12/13/2024 7:30:13 PM:DBManager:connection_data:Object reference not set to an instance of an object.
12/13/2024 7:30:13 PM:DBManager:connection_data:Object reference not set to an instance of an object.
12/13/2024 7:30:13 PM:DBManager:connection_data:Object reference not set to an instance of an object.
12/13/2024 7:30:13 PM:DBManager:connection_data:Object reference not set to an instance of an object.
12/13/2024 7:30:13 PM:DBManager:connection_data:Object reference not set to an instance of an object.
12/13/2024 7:30:13 PM:DBManager:connection_data:Object reference not set to an instance of an object.
12/13/2024 7:30:13 PM:DBManager:connection_data:Object reference not set to an instance of an object.
12/13/2024 7:30:13 PM:DBManager:connection_data:Object reference not set to an instance of an object.
12/13/2024 7:30:13 PM:DBManager:connection_data:Object reference not set to an instance of an object.
12/13/2024 7:30:13 PM:DBManager:connection_data:Object reference not set to an instance of an object.
12/13/2024 7:30:13 PM:DBManager:connection_data:Object reference not set to an instance of an object.
12/13/2024 7:30:13 PM:DBManager:connection_data:Object reference not set to an instance of an object.
12/13/2024 7:30:13 PM:DBManager:connection_data:Object reference not set to an instance of an object.
12/13/2024 7:30:13 PM:DBManager:connection_data:Object reference not set to an instance of an object.
12/13/2024 7:30:13 PM:DBManager:connection_data:Object reference not set to an instance of an object.
12/13/2024 7:30:13 PM:DBManager:connection_data:Object reference not set to an instance of an object.
12/13/2024 7:30:13 PM:DBManager:connection_data:Object reference not set to an instance of an object.
12/13/2024 7:30:14 PM:DBManager:connection_data:Object reference not set to an instance of an object.
12/13/2024 7:30:14 PM:DBManager:connection_data:Object reference not set to an instance of an object.
12/13/2024 7:30:14 PM:DBManager:connection_data:Object reference not set to an instance of an object.
12/13/2024 7:30:14 PM:DBManager:connection_data:Object reference not set to an instance of an object.
12/13/2024 7:30:14 PM:DBManager:connection_data:Object reference not set to an instance of an object.
12/13/2024 7:30:14 PM:DBManager:connection_data:Object reference not set to an instance of an object.
12/13/2024 7:30:14 PM:DBManager:connection_data:Object reference not set to an instance of an object.
12/13/2024 7:30:14 PM:DBManager:connection_data:Object reference not set to an instance of an object.
12/13/2024 7:30:14 PM:DBManager:connection_data:Object reference not set to an instance of an object.
12/13/2024 7:30:14 PM:DBManager:connection_data:Object reference not set to an instance of an object.
12/13/2024 7:30:14 PM:DBManager:connection_data:Object reference not set to an instance of an object.
12/13/2024 7:30:14 PM:DBManager:connection_data:Object reference not set to an instance of an object.
12/13/2024 7:30:14 PM:DBManager:connection_data:Object reference not set to an instance of an object.
12/13/2024 7:30:14 PM:DBManager:connection_data:Object reference not set to an instance of an object.
12/13/2024 7:30:14 PM:DBManager:connection_data:Object reference not set to an instance of an object.
12/13/2024 7:30:14 PM:DBManager:connection_data:Object reference not set to an instance of an object.
12/13/2024 7:30:14 PM:DBManager:connection_data:Object reference not set to an instance of an object.
12/13/2024 7:30:14 PM:DBManager:connection_data:Object reference not set to an instance of an object.
12/13/2024 7:30:14 PM:DBManager:connection_data:Object reference not set to an instance of an object.
12/13/2024 7:30:14 PM:DBManager:connection_data:Object reference not set to an instance of an object.
12/13/2024 7:30:14 PM:DBManager:connection_data:Object reference not set to an instance of an object.
12/13/2024 7:30:14 PM:DBManager:connection_data:Object reference not set to an instance of an object.
12/13/2024 7:30:14 PM:DBManager:connection_data:Object reference not set to an instance of an object.
12/13/2024 7:30:14 PM:DBManager:connection_data:Object reference not set to an instance of an object.
12/13/2024 7:30:14 PM:DBManager:connection_data:Object reference not set to an instance of an object.
12/13/2024 7:30:14 PM:DBManager:connection_data:Object reference not set to an instance of an object.
12/13/2024 7:30:14 PM:DBManager:connection_data:Object reference not set to an instance of an object.
12/13/2024 7:30:14 PM:DBManager:connection_data:Object reference not set to an instance of an object.
12/13/2024 7:30:14 PM:DBManager:connection_data:Object reference not set to an instance of an object.
12/13/2024 7:30:14 PM:DBManager:connection_data:Object reference not set to an instance of an object.
12/13/2024 7:30:14 PM:DBManager:connection_data:Object reference not set to an instance of an object.
12/13/2024 7:30:14 PM:DBManager:connection_data:Object reference not set to an instance of an object.
12/13/2024 7:30:14 PM:DBManager:connection_data:Object reference not set to an instance of an object.
12/13/2024 7:30:14 PM:DBManager:connection_data:Object reference not set to an instance of an object.
12/13/2024 7:30:14 PM:DBManager:connection_data:Object reference not set to an instance of an object.
12/13/2024 7:30:14 PM:DBManager:connection_data:Object reference not set to an instance of an object.
12/13/2024 7:30:14 PM:DBManager:connection_data:Object reference not set to an instance of an object.
12/13/2024 7:30:14 PM:DBManager:connection_data:Object reference not set to an instance of an object.
12/13/2024 7:30:14 PM:DBManager:connection_data:Object reference not set to an instance of an object.
12/13/2024 7:30:14 PM:DBManager:connection_data:Object reference not set to an instance of an object.
12/13/2024 7:30:14 PM:DBManager:connection_data:Object reference not set to an instance of an object.
12/13/2024 7:30:14 PM:DBManager:connection_data:Object reference not set to an instance of an object.
12/13/2024 7:30:14 PM:DBManager:connection_data:Object reference not set to an instance of an object.
12/13/2024 7:30:14 PM:DBManager:connection_data:Object reference not set to an instance of an object.
12/13/2024 7:30:14 PM:DBManager:connection_data:Object reference not set to an instance of an object.
12/13/2024 7:30:14 PM:DBManager:connection_data:Object reference not set to an instance of an object.
13/12/2024 7:30:14 PM:SignIn:btnLogIn_Click8:
13/12/2024 7:30:14 PM:ClsDataccess:Getdatatable:The ConnectionString property has not been initialized.
12/13/2024 7:49:03 PM:DBManager:connection_data:Object reference not set to an instance of an object.
12/13/2024 7:49:03 PM:DBManager:connection_data:Object reference not set to an instance of an object.
12/13/2024 7:49:03 PM:DBManager:connection_data:Object reference not set to an instance of an object.
13/12/2024 7:49:03 PM:SignIn:btnLogIn_Click:test
12/13/2024 7:49:39 PM:DBManager:connection_data:Object reference not set to an instance of an object.
12/13/2024 7:49:39 PM:DBManager:connection_data:Object reference not set to an instance of an object.
12/13/2024 7:49:39 PM:DBManager:connection_data:Object reference not set to an instance of an object.
13/12/2024 7:49:39 PM:SignIn:btnLogIn_Click:test
12/13/2024 7:49:59 PM:DBManager:connection_data:Object reference not set to an instance of an object.
12/13/2024 7:50:00 PM:DBManager:connection_data:Object reference not set to an instance of an object.
12/13/2024 7:50:00 PM:DBManager:connection_data:Object reference not set to an instance of an object.
13/12/2024 7:50:00 PM:SignIn:btnLogIn_Click:test
12/13/2024 7:50:05 PM:DBManager:connection_data:Object reference not set to an instance of an object.
12/13/2024 7:50:05 PM:DBManager:connection_data:Object reference not set to an instance of an object.
12/13/2024 7:50:06 PM:DBManager:connection_data:Object reference not set to an instance of an object.
13/12/2024 7:50:06 PM:SignIn:btnLogIn_Click:A network-related or instance-specific error occurred while establishing a connection to SQL Server. The server was not found or was not accessible. Verify that the instance name is correct and that SQL Server is configured to allow remote connections. (provider: SQL Network Interfaces, error: 26 - Error Locating Server/Instance Specified)
13/12/2024 7:50:06 PM:SignIn:btnLogIn_Click:test
13/12/2024 7:50:27 PM:SignIn:btnLogIn_Click:A network-related or instance-specific error occurred while establishing a connection to SQL Server. The server was not found or was not accessible. Verify that the instance name is correct and that SQL Server is configured to allow remote connections. (provider: SQL Network Interfaces, error: 26 - Error Locating Server/Instance Specified)
12/13/2024 7:50:44 PM:DBManager:connection_data:Object reference not set to an instance of an object.
12/13/2024 7:50:44 PM:DBManager:connection_data:Object reference not set to an instance of an object.
12/13/2024 7:50:45 PM:DBManager:connection_data:Object reference not set to an instance of an object.
13/12/2024 7:50:45 PM:SignIn:btnLogIn_Click:test
13/12/2024 7:51:43 PM:SignIn:btnLogIn_Click:A network-related or instance-specific error occurred while establishing a connection to SQL Server. The server was not found or was not accessible. Verify that the instance name is correct and that SQL Server is configured to allow remote connections. (provider: SQL Network Interfaces, error: 26 - Error Locating Server/Instance Specified)
12/13/2024 7:52:14 PM:DBManager:connection_data:Object reference not set to an instance of an object.
12/13/2024 7:52:15 PM:DBManager:connection_data:Object reference not set to an instance of an object.
12/13/2024 7:52:29 PM:DBManager:connection_data:Object reference not set to an instance of an object.
13/12/2024 7:52:36 PM:SignIn:btnLogIn_Click:test
12/13/2024 7:52:52 PM:DBManager:connection_data:Object reference not set to an instance of an object.
12/13/2024 7:52:56 PM:DBManager:connection_data:Object reference not set to an instance of an object.
12/13/2024 7:52:57 PM:DBManager:connection_data:Object reference not set to an instance of an object.
13/12/2024 7:52:57 PM:SignIn:btnLogIn_Click:test
13/12/2024 7:53:37 PM:SignIn:btnLogIn_Click:A network-related or instance-specific error occurred while establishing a connection to SQL Server. The server was not found or was not accessible. Verify that the instance name is correct and that SQL Server is configured to allow remote connections. (provider: SQL Network Interfaces, error: 26 - Error Locating Server/Instance Specified)
12/13/2024 7:53:38 PM:DBManager:connection_data:Object reference not set to an instance of an object.
12/13/2024 7:53:39 PM:DBManager:connection_data:Object reference not set to an instance of an object.
12/13/2024 7:53:40 PM:DBManager:connection_data:Object reference not set to an instance of an object.
13/12/2024 7:53:40 PM:SignIn:btnLogIn_Click:test
13/12/2024 7:53:46 PM:SignIn:btnLogIn_Click:A network-related or instance-specific error occurred while establishing a connection to SQL Server. The server was not found or was not accessible. Verify that the instance name is correct and that SQL Server is configured to allow remote connections. (provider: SQL Network Interfaces, error: 26 - Error Locating Server/Instance Specified)
12/13/2024 7:53:51 PM:DBManager:connection_data:Object reference not set to an instance of an object.
12/13/2024 7:53:53 PM:DBManager:connection_data:Object reference not set to an instance of an object.
12/13/2024 7:53:54 PM:DBManager:connection_data:Object reference not set to an instance of an object.
13/12/2024 7:53:54 PM:SignIn:btnLogIn_Click:test
13/12/2024 8:02:09 PM:SignIn:btnLogIn_Click:A network-related or instance-specific error occurred while establishing a connection to SQL Server. The server was not found or was not accessible. Verify that the instance name is correct and that SQL Server is configured to allow remote connections. (provider: SQL Network Interfaces, error: 26 - Error Locating Server/Instance Specified)
