23-02-2023 16:14:10:DBManager:connection_data:Object reference not set to an instance of an object.
23-02-2023 16:14:10:DBManager:connection_data:Object reference not set to an instance of an object.
23-02-2023 16:14:10:DBManager:connection_data:Object reference not set to an instance of an object.
23-02-2023 16:14:10:DBManager:connection_data:Object reference not set to an instance of an object.
23-02-2023 16:14:10:DBManager:connection_data:Object reference not set to an instance of an object.
23-02-2023 16:14:10:DBManager:connection_data:Object reference not set to an instance of an object.
23/02/2023 4:14:11 PM:MasterPage:Page_Init:Thread was being aborted.
23-02-2023 16:14:11:DBManager:connection_data:Object reference not set to an instance of an object.
23-02-2023 16:14:11:DBManager:connection_data:Object reference not set to an instance of an object.
23-02-2023 16:14:11:DBManager:connection_data:Object reference not set to an instance of an object.
23/02/2023 4:14:11 PM:SignIn:btnLogIn_Click:test
23-02-2023 16:14:17:DBManager:connection_data:Object reference not set to an instance of an object.
23-02-2023 16:14:17:DBManager:connection_data:Object reference not set to an instance of an object.
23-02-2023 16:14:17:DBManager:connection_data:Object reference not set to an instance of an object.
23/02/2023 4:14:17 PM:SignIn:btnLogIn_Click:test
23/02/2023 4:14:17 PM:SignIn:btnLogIn_Click4:
23/02/2023 4:14:17 PM:SignIn:btnLogIn_Click5:
23/02/2023 4:14:17 PM:SignIn:btnLogIn_Click7:
23/02/2023 4:14:17 PM:SignIn:btnLogIn_Click8:
23/02/2023 4:14:17 PM:ClsDataccess:Getdatatable:The ConnectionString property has not been initialized.
23-02-2023 16:14:17:DBManager:connection_data:Object reference not set to an instance of an object.
23-02-2023 16:14:17:DBManager:connection_data:Object reference not set to an instance of an object.
23-02-2023 16:14:17:DBManager:connection_data:Object reference not set to an instance of an object.
23-02-2023 16:14:17:DBManager:connection_data:Object reference not set to an instance of an object.
23-02-2023 16:14:17:DBManager:connection_data:Object reference not set to an instance of an object.
23-02-2023 16:14:17:DBManager:connection_data:Object reference not set to an instance of an object.
23-02-2023 16:14:17:DBManager:connection_data:Object reference not set to an instance of an object.
23-02-2023 16:14:17:DBManager:connection_data:Object reference not set to an instance of an object.
23-02-2023 16:14:17:DBManager:connection_data:Object reference not set to an instance of an object.
23-02-2023 16:14:17:DBManager:connection_data:Object reference not set to an instance of an object.
23-02-2023 16:14:17:DBManager:connection_data:Object reference not set to an instance of an object.
23-02-2023 16:14:17:DBManager:connection_data:Object reference not set to an instance of an object.
23-02-2023 16:14:17:DBManager:connection_data:Object reference not set to an instance of an object.
23-02-2023 16:14:17:DBManager:connection_data:Object reference not set to an instance of an object.
23-02-2023 16:14:17:DBManager:connection_data:Object reference not set to an instance of an object.
23-02-2023 16:14:17:DBManager:connection_data:Object reference not set to an instance of an object.
23-02-2023 16:14:17:DBManager:connection_data:Object reference not set to an instance of an object.
23-02-2023 16:14:17:DBManager:connection_data:Object reference not set to an instance of an object.
23-02-2023 16:14:17:DBManager:connection_data:Object reference not set to an instance of an object.
23-02-2023 16:14:17:DBManager:connection_data:Object reference not set to an instance of an object.
23-02-2023 16:14:17:DBManager:connection_data:Object reference not set to an instance of an object.
23-02-2023 16:14:17:DBManager:connection_data:Object reference not set to an instance of an object.
23-02-2023 16:14:17:DBManager:connection_data:Object reference not set to an instance of an object.
23-02-2023 16:14:17:DBManager:connection_data:Object reference not set to an instance of an object.
23-02-2023 16:14:17:DBManager:connection_data:Object reference not set to an instance of an object.
23-02-2023 16:14:17:DBManager:connection_data:Object reference not set to an instance of an object.
23-02-2023 16:14:17:DBManager:connection_data:Object reference not set to an instance of an object.
23-02-2023 16:14:17:DBManager:connection_data:Object reference not set to an instance of an object.
23-02-2023 16:14:17:DBManager:connection_data:Object reference not set to an instance of an object.
23-02-2023 16:14:17:DBManager:connection_data:Object reference not set to an instance of an object.
23-02-2023 16:14:17:DBManager:connection_data:Object reference not set to an instance of an object.
23-02-2023 16:14:17:DBManager:connection_data:Object reference not set to an instance of an object.
23-02-2023 16:14:17:DBManager:connection_data:Object reference not set to an instance of an object.
23-02-2023 16:14:17:DBManager:connection_data:Object reference not set to an instance of an object.
23-02-2023 16:14:17:DBManager:connection_data:Object reference not set to an instance of an object.
23-02-2023 16:14:17:DBManager:connection_data:Object reference not set to an instance of an object.
23-02-2023 16:14:17:DBManager:connection_data:Object reference not set to an instance of an object.
23-02-2023 16:14:17:DBManager:connection_data:Object reference not set to an instance of an object.
23-02-2023 16:14:17:DBManager:connection_data:Object reference not set to an instance of an object.
23-02-2023 16:14:17:DBManager:connection_data:Object reference not set to an instance of an object.
23-02-2023 16:14:17:DBManager:connection_data:Object reference not set to an instance of an object.
23-02-2023 16:14:17:DBManager:connection_data:Object reference not set to an instance of an object.
23-02-2023 16:14:17:DBManager:connection_data:Object reference not set to an instance of an object.
23-02-2023 16:14:17:DBManager:connection_data:Object reference not set to an instance of an object.
23-02-2023 16:14:17:DBManager:connection_data:Object reference not set to an instance of an object.
23-02-2023 16:14:17:DBManager:connection_data:Object reference not set to an instance of an object.
23-02-2023 16:14:17:DBManager:connection_data:Object reference not set to an instance of an object.
23-02-2023 16:14:17:DBManager:connection_data:Object reference not set to an instance of an object.
23-02-2023 16:14:17:DBManager:connection_data:Object reference not set to an instance of an object.
23-02-2023 16:14:17:DBManager:connection_data:Object reference not set to an instance of an object.
23-02-2023 16:14:17:DBManager:connection_data:Object reference not set to an instance of an object.
23-02-2023 16:14:17:DBManager:connection_data:Object reference not set to an instance of an object.
23-02-2023 16:14:17:DBManager:connection_data:Object reference not set to an instance of an object.
23-02-2023 16:14:17:DBManager:connection_data:Object reference not set to an instance of an object.
23-02-2023 16:14:17:DBManager:connection_data:Object reference not set to an instance of an object.
23-02-2023 16:14:17:DBManager:connection_data:Object reference not set to an instance of an object.
23-02-2023 16:14:17:DBManager:connection_data:Object reference not set to an instance of an object.
23-02-2023 16:14:17:DBManager:connection_data:Object reference not set to an instance of an object.
23-02-2023 16:14:17:DBManager:connection_data:Object reference not set to an instance of an object.
23-02-2023 16:14:17:DBManager:connection_data:Object reference not set to an instance of an object.
23-02-2023 16:14:17:DBManager:connection_data:Object reference not set to an instance of an object.
23-02-2023 16:14:17:DBManager:connection_data:Object reference not set to an instance of an object.
23-02-2023 16:14:17:DBManager:connection_data:Object reference not set to an instance of an object.
23-02-2023 16:14:17:DBManager:connection_data:Object reference not set to an instance of an object.
23-02-2023 16:14:17:DBManager:connection_data:Object reference not set to an instance of an object.
23-02-2023 16:14:17:DBManager:connection_data:Object reference not set to an instance of an object.
23-02-2023 16:14:17:DBManager:connection_data:Object reference not set to an instance of an object.
23-02-2023 16:14:17:DBManager:connection_data:Object reference not set to an instance of an object.
23-02-2023 16:14:17:DBManager:connection_data:Object reference not set to an instance of an object.
23-02-2023 16:14:17:DBManager:connection_data:Object reference not set to an instance of an object.
23-02-2023 16:14:17:DBManager:connection_data:Object reference not set to an instance of an object.
23-02-2023 16:14:17:DBManager:connection_data:Object reference not set to an instance of an object.
23-02-2023 16:14:17:DBManager:connection_data:Object reference not set to an instance of an object.
23-02-2023 16:14:17:DBManager:connection_data:Object reference not set to an instance of an object.
23-02-2023 16:14:17:DBManager:connection_data:Object reference not set to an instance of an object.
23-02-2023 16:14:17:DBManager:connection_data:Object reference not set to an instance of an object.
23-02-2023 16:14:17:DBManager:connection_data:Object reference not set to an instance of an object.
23-02-2023 16:14:24:DBManager:connection_data:Object reference not set to an instance of an object.
23-02-2023 16:14:24:DBManager:connection_data:Object reference not set to an instance of an object.
23-02-2023 16:14:24:DBManager:connection_data:Object reference not set to an instance of an object.
23-02-2023 16:14:24:DBManager:connection_data:Object reference not set to an instance of an object.
23-02-2023 16:14:24:DBManager:connection_data:Object reference not set to an instance of an object.
23-02-2023 16:14:24:DBManager:connection_data:Object reference not set to an instance of an object.
23-02-2023 16:14:27:DBManager:connection_data:Object reference not set to an instance of an object.
23-02-2023 16:14:27:DBManager:connection_data:Object reference not set to an instance of an object.
23-02-2023 16:14:27:DBManager:connection_data:Object reference not set to an instance of an object.
23-02-2023 16:14:27:DBManager:connection_data:Object reference not set to an instance of an object.
23-02-2023 16:14:27:DBManager:connection_data:Object reference not set to an instance of an object.
23-02-2023 16:14:27:DBManager:connection_data:Object reference not set to an instance of an object.
23-02-2023 16:14:27:DBManager:connection_data:Object reference not set to an instance of an object.
23-02-2023 16:14:27:DBManager:connection_data:Object reference not set to an instance of an object.
23-02-2023 16:14:27:DBManager:connection_data:Object reference not set to an instance of an object.
23-02-2023 16:14:27:DBManager:connection_data:Object reference not set to an instance of an object.
23-02-2023 16:14:27:DBManager:connection_data:Object reference not set to an instance of an object.
23-02-2023 16:14:27:DBManager:connection_data:Object reference not set to an instance of an object.
23-02-2023 16:14:27:DBManager:connection_data:Object reference not set to an instance of an object.
23-02-2023 16:14:27:DBManager:connection_data:Object reference not set to an instance of an object.
23-02-2023 16:14:27:DBManager:connection_data:Object reference not set to an instance of an object.
23-02-2023 16:14:27:DBManager:connection_data:Object reference not set to an instance of an object.
23-02-2023 16:14:27:DBManager:connection_data:Object reference not set to an instance of an object.
23-02-2023 16:14:27:DBManager:connection_data:Object reference not set to an instance of an object.
23-02-2023 16:14:27:DBManager:connection_data:Object reference not set to an instance of an object.
23-02-2023 16:14:27:DBManager:connection_data:Object reference not set to an instance of an object.
23-02-2023 16:14:27:DBManager:connection_data:Object reference not set to an instance of an object.
23-02-2023 16:14:27:DBManager:connection_data:Object reference not set to an instance of an object.
23-02-2023 16:14:27:DBManager:connection_data:Object reference not set to an instance of an object.
23-02-2023 16:14:27:DBManager:connection_data:Object reference not set to an instance of an object.
23-02-2023 16:14:27:DBManager:connection_data:Object reference not set to an instance of an object.
23-02-2023 16:14:27:DBManager:connection_data:Object reference not set to an instance of an object.
23-02-2023 16:14:27:DBManager:connection_data:Object reference not set to an instance of an object.
23-02-2023 16:14:27:DBManager:connection_data:Object reference not set to an instance of an object.
23-02-2023 16:14:27:DBManager:connection_data:Object reference not set to an instance of an object.
23-02-2023 16:14:27:DBManager:connection_data:Object reference not set to an instance of an object.
23-02-2023 16:14:27:DBManager:connection_data:Object reference not set to an instance of an object.
23-02-2023 16:14:27:DBManager:connection_data:Object reference not set to an instance of an object.
23-02-2023 16:14:27:DBManager:connection_data:Object reference not set to an instance of an object.
23-02-2023 16:14:27:DBManager:connection_data:Object reference not set to an instance of an object.
23-02-2023 16:14:27:DBManager:connection_data:Object reference not set to an instance of an object.
23-02-2023 16:14:27:DBManager:connection_data:Object reference not set to an instance of an object.
23-02-2023 16:14:27:DBManager:connection_data:Object reference not set to an instance of an object.
23-02-2023 16:14:27:DBManager:connection_data:Object reference not set to an instance of an object.
23-02-2023 16:14:27:DBManager:connection_data:Object reference not set to an instance of an object.
23-02-2023 16:14:27:DBManager:connection_data:Object reference not set to an instance of an object.
23-02-2023 16:14:27:DBManager:connection_data:Object reference not set to an instance of an object.
23-02-2023 16:14:27:DBManager:connection_data:Object reference not set to an instance of an object.
23-02-2023 16:14:27:DBManager:connection_data:Object reference not set to an instance of an object.
23-02-2023 16:14:27:DBManager:connection_data:Object reference not set to an instance of an object.
23-02-2023 16:14:27:DBManager:connection_data:Object reference not set to an instance of an object.
23-02-2023 16:14:27:DBManager:connection_data:Object reference not set to an instance of an object.
23-02-2023 16:14:27:DBManager:connection_data:Object reference not set to an instance of an object.
23-02-2023 16:14:27:DBManager:connection_data:Object reference not set to an instance of an object.
23-02-2023 16:14:27:DBManager:connection_data:Object reference not set to an instance of an object.
23-02-2023 16:14:27:DBManager:connection_data:Object reference not set to an instance of an object.
23-02-2023 16:14:27:DBManager:connection_data:Object reference not set to an instance of an object.
23-02-2023 16:14:27:DBManager:connection_data:Object reference not set to an instance of an object.
23-02-2023 16:14:27:DBManager:connection_data:Object reference not set to an instance of an object.
23-02-2023 16:14:27:DBManager:connection_data:Object reference not set to an instance of an object.
23-02-2023 16:14:27:DBManager:connection_data:Object reference not set to an instance of an object.
23-02-2023 16:14:27:DBManager:connection_data:Object reference not set to an instance of an object.
23-02-2023 16:14:27:DBManager:connection_data:Object reference not set to an instance of an object.
23-02-2023 16:14:27:DBManager:connection_data:Object reference not set to an instance of an object.
23-02-2023 16:14:27:DBManager:connection_data:Object reference not set to an instance of an object.
23-02-2023 16:14:27:DBManager:connection_data:Object reference not set to an instance of an object.
23-02-2023 16:14:27:DBManager:connection_data:Object reference not set to an instance of an object.
23-02-2023 16:14:27:DBManager:connection_data:Object reference not set to an instance of an object.
23-02-2023 16:14:27:DBManager:connection_data:Object reference not set to an instance of an object.
23-02-2023 16:14:27:DBManager:connection_data:Object reference not set to an instance of an object.
23-02-2023 16:14:27:DBManager:connection_data:Object reference not set to an instance of an object.
23-02-2023 16:14:27:DBManager:connection_data:Object reference not set to an instance of an object.
23-02-2023 16:14:27:DBManager:connection_data:Object reference not set to an instance of an object.
23-02-2023 16:14:27:DBManager:connection_data:Object reference not set to an instance of an object.
23-02-2023 16:14:27:DBManager:connection_data:Object reference not set to an instance of an object.
23-02-2023 16:14:27:DBManager:connection_data:Object reference not set to an instance of an object.
23-02-2023 16:14:27:DBManager:connection_data:Object reference not set to an instance of an object.
23-02-2023 16:14:27:DBManager:connection_data:Object reference not set to an instance of an object.
23-02-2023 16:14:27:DBManager:connection_data:Object reference not set to an instance of an object.
23-02-2023 16:14:27:DBManager:connection_data:Object reference not set to an instance of an object.
23-02-2023 16:14:27:DBManager:connection_data:Object reference not set to an instance of an object.
23-02-2023 16:14:27:DBManager:connection_data:Object reference not set to an instance of an object.
23-02-2023 16:14:27:DBManager:connection_data:Object reference not set to an instance of an object.
23-02-2023 16:14:27:DBManager:connection_data:Object reference not set to an instance of an object.
23-02-2023 16:14:27:DBManager:connection_data:Object reference not set to an instance of an object.
23-02-2023 16:14:27:DBManager:connection_data:Object reference not set to an instance of an object.
23-02-2023 16:14:27:DBManager:connection_data:Object reference not set to an instance of an object.
23-02-2023 16:14:27:DBManager:connection_data:Object reference not set to an instance of an object.
23-02-2023 16:14:27:DBManager:connection_data:Object reference not set to an instance of an object.
23-02-2023 16:14:27:DBManager:connection_data:Object reference not set to an instance of an object.
23-02-2023 16:14:27:DBManager:connection_data:Object reference not set to an instance of an object.
23-02-2023 16:14:27:DBManager:connection_data:Object reference not set to an instance of an object.
23-02-2023 16:14:31:DBManager:connection_data:Object reference not set to an instance of an object.
23-02-2023 16:14:31:DBManager:connection_data:Object reference not set to an instance of an object.
23-02-2023 16:14:31:DBManager:connection_data:Object reference not set to an instance of an object.
23-02-2023 16:14:31:DBManager:connection_data:Object reference not set to an instance of an object.
23-02-2023 16:14:31:DBManager:connection_data:Object reference not set to an instance of an object.
23-02-2023 16:14:31:DBManager:connection_data:Object reference not set to an instance of an object.
23-02-2023 16:14:31:DBManager:connection_data:Object reference not set to an instance of an object.
23-02-2023 16:14:31:DBManager:connection_data:Object reference not set to an instance of an object.
23-02-2023 16:14:31:DBManager:connection_data:Object reference not set to an instance of an object.
23-02-2023 16:14:31:DBManager:connection_data:Object reference not set to an instance of an object.
23-02-2023 16:14:31:DBManager:connection_data:Object reference not set to an instance of an object.
23-02-2023 16:14:31:DBManager:connection_data:Object reference not set to an instance of an object.
23-02-2023 16:14:31:DBManager:connection_data:Object reference not set to an instance of an object.
23-02-2023 16:14:31:DBManager:connection_data:Object reference not set to an instance of an object.
23-02-2023 16:14:31:DBManager:connection_data:Object reference not set to an instance of an object.
23-02-2023 16:14:31:DBManager:connection_data:Object reference not set to an instance of an object.
23-02-2023 16:14:31:DBManager:connection_data:Object reference not set to an instance of an object.
23-02-2023 16:14:31:DBManager:connection_data:Object reference not set to an instance of an object.
23-02-2023 16:14:31:DBManager:connection_data:Object reference not set to an instance of an object.
23-02-2023 16:14:31:DBManager:connection_data:Object reference not set to an instance of an object.
23-02-2023 16:14:31:DBManager:connection_data:Object reference not set to an instance of an object.
23-02-2023 16:14:31:DBManager:connection_data:Object reference not set to an instance of an object.
23-02-2023 16:14:31:DBManager:connection_data:Object reference not set to an instance of an object.
23-02-2023 16:14:31:DBManager:connection_data:Object reference not set to an instance of an object.
23-02-2023 16:14:31:DBManager:connection_data:Object reference not set to an instance of an object.
23-02-2023 16:14:31:DBManager:connection_data:Object reference not set to an instance of an object.
23-02-2023 16:14:31:DBManager:connection_data:Object reference not set to an instance of an object.
23-02-2023 16:14:31:DBManager:connection_data:Object reference not set to an instance of an object.
23-02-2023 16:14:31:DBManager:connection_data:Object reference not set to an instance of an object.
23-02-2023 16:14:31:DBManager:connection_data:Object reference not set to an instance of an object.
23-02-2023 16:14:31:DBManager:connection_data:Object reference not set to an instance of an object.
23-02-2023 16:14:31:DBManager:connection_data:Object reference not set to an instance of an object.
23-02-2023 16:14:31:DBManager:connection_data:Object reference not set to an instance of an object.
23-02-2023 16:14:31:DBManager:connection_data:Object reference not set to an instance of an object.
23-02-2023 16:14:31:DBManager:connection_data:Object reference not set to an instance of an object.
23-02-2023 16:14:31:DBManager:connection_data:Object reference not set to an instance of an object.
23-02-2023 16:14:31:DBManager:connection_data:Object reference not set to an instance of an object.
23-02-2023 16:14:31:DBManager:connection_data:Object reference not set to an instance of an object.
23-02-2023 16:14:31:DBManager:connection_data:Object reference not set to an instance of an object.
23-02-2023 16:14:31:DBManager:connection_data:Object reference not set to an instance of an object.
23-02-2023 16:14:31:DBManager:connection_data:Object reference not set to an instance of an object.
23-02-2023 16:14:31:DBManager:connection_data:Object reference not set to an instance of an object.
23-02-2023 16:14:31:DBManager:connection_data:Object reference not set to an instance of an object.
23-02-2023 16:14:31:DBManager:connection_data:Object reference not set to an instance of an object.
23-02-2023 16:14:31:DBManager:connection_data:Object reference not set to an instance of an object.
23-02-2023 16:14:31:DBManager:connection_data:Object reference not set to an instance of an object.
23-02-2023 16:14:31:DBManager:connection_data:Object reference not set to an instance of an object.
23-02-2023 16:14:31:DBManager:connection_data:Object reference not set to an instance of an object.
23-02-2023 16:14:31:DBManager:connection_data:Object reference not set to an instance of an object.
23-02-2023 16:14:31:DBManager:connection_data:Object reference not set to an instance of an object.
23-02-2023 16:14:31:DBManager:connection_data:Object reference not set to an instance of an object.
23-02-2023 16:14:31:DBManager:connection_data:Object reference not set to an instance of an object.
23-02-2023 16:14:31:DBManager:connection_data:Object reference not set to an instance of an object.
23-02-2023 16:14:31:DBManager:connection_data:Object reference not set to an instance of an object.
23-02-2023 16:14:31:DBManager:connection_data:Object reference not set to an instance of an object.
23-02-2023 16:14:31:DBManager:connection_data:Object reference not set to an instance of an object.
23-02-2023 16:14:31:DBManager:connection_data:Object reference not set to an instance of an object.
23-02-2023 16:14:31:DBManager:connection_data:Object reference not set to an instance of an object.
23-02-2023 16:14:31:DBManager:connection_data:Object reference not set to an instance of an object.
23-02-2023 16:14:31:DBManager:connection_data:Object reference not set to an instance of an object.
23-02-2023 16:14:31:DBManager:connection_data:Object reference not set to an instance of an object.
23-02-2023 16:14:31:DBManager:connection_data:Object reference not set to an instance of an object.
23-02-2023 16:14:31:DBManager:connection_data:Object reference not set to an instance of an object.
23-02-2023 16:14:31:DBManager:connection_data:Object reference not set to an instance of an object.
23-02-2023 16:14:31:DBManager:connection_data:Object reference not set to an instance of an object.
23-02-2023 16:14:31:DBManager:connection_data:Object reference not set to an instance of an object.
23-02-2023 16:14:31:DBManager:connection_data:Object reference not set to an instance of an object.
23-02-2023 16:14:31:DBManager:connection_data:Object reference not set to an instance of an object.
23-02-2023 16:14:31:DBManager:connection_data:Object reference not set to an instance of an object.
23-02-2023 16:14:31:DBManager:connection_data:Object reference not set to an instance of an object.
23-02-2023 16:14:31:DBManager:connection_data:Object reference not set to an instance of an object.
23-02-2023 16:14:31:DBManager:connection_data:Object reference not set to an instance of an object.
23-02-2023 16:14:31:DBManager:connection_data:Object reference not set to an instance of an object.
23-02-2023 16:14:31:DBManager:connection_data:Object reference not set to an instance of an object.
23-02-2023 16:14:31:DBManager:connection_data:Object reference not set to an instance of an object.
23-02-2023 16:14:31:DBManager:connection_data:Object reference not set to an instance of an object.
23-02-2023 16:14:31:DBManager:connection_data:Object reference not set to an instance of an object.
23-02-2023 16:14:31:DBManager:connection_data:Object reference not set to an instance of an object.
23-02-2023 16:14:31:DBManager:connection_data:Object reference not set to an instance of an object.
23-02-2023 16:14:31:DBManager:connection_data:Object reference not set to an instance of an object.
23-02-2023 16:15:03:DBManager:connection_data:Object reference not set to an instance of an object.
23-02-2023 16:15:03:DBManager:connection_data:Object reference not set to an instance of an object.
23-02-2023 16:15:03:DBManager:connection_data:Object reference not set to an instance of an object.
23-02-2023 16:15:03:DBManager:connection_data:Object reference not set to an instance of an object.
23-02-2023 16:15:03:DBManager:connection_data:Object reference not set to an instance of an object.
23-02-2023 16:15:03:DBManager:connection_data:Object reference not set to an instance of an object.
23-02-2023 16:15:03:DBManager:connection_data:Object reference not set to an instance of an object.
23-02-2023 16:15:03:DBManager:connection_data:Object reference not set to an instance of an object.
23-02-2023 16:15:03:DBManager:connection_data:Object reference not set to an instance of an object.
23-02-2023 16:15:03:DBManager:connection_data:Object reference not set to an instance of an object.
23-02-2023 16:15:03:DBManager:connection_data:Object reference not set to an instance of an object.
23-02-2023 16:15:03:DBManager:connection_data:Object reference not set to an instance of an object.
23-02-2023 16:15:03:DBManager:connection_data:Object reference not set to an instance of an object.
23-02-2023 16:15:03:DBManager:connection_data:Object reference not set to an instance of an object.
23-02-2023 16:15:03:DBManager:connection_data:Object reference not set to an instance of an object.
23-02-2023 16:15:03:DBManager:connection_data:Object reference not set to an instance of an object.
23-02-2023 16:15:03:DBManager:connection_data:Object reference not set to an instance of an object.
23-02-2023 16:15:03:DBManager:connection_data:Object reference not set to an instance of an object.
23-02-2023 16:15:03:DBManager:connection_data:Object reference not set to an instance of an object.
23-02-2023 16:15:03:DBManager:connection_data:Object reference not set to an instance of an object.
23-02-2023 16:15:03:DBManager:connection_data:Object reference not set to an instance of an object.
23-02-2023 16:15:03:DBManager:connection_data:Object reference not set to an instance of an object.
23-02-2023 16:15:03:DBManager:connection_data:Object reference not set to an instance of an object.
23-02-2023 16:15:03:DBManager:connection_data:Object reference not set to an instance of an object.
23-02-2023 16:15:03:DBManager:connection_data:Object reference not set to an instance of an object.
23-02-2023 16:15:03:DBManager:connection_data:Object reference not set to an instance of an object.
23-02-2023 16:15:03:DBManager:connection_data:Object reference not set to an instance of an object.
23-02-2023 16:15:03:DBManager:connection_data:Object reference not set to an instance of an object.
23-02-2023 16:15:03:DBManager:connection_data:Object reference not set to an instance of an object.
23-02-2023 16:15:03:DBManager:connection_data:Object reference not set to an instance of an object.
23-02-2023 16:15:03:DBManager:connection_data:Object reference not set to an instance of an object.
23-02-2023 16:15:03:DBManager:connection_data:Object reference not set to an instance of an object.
23-02-2023 16:15:03:DBManager:connection_data:Object reference not set to an instance of an object.
23-02-2023 16:15:03:DBManager:connection_data:Object reference not set to an instance of an object.
23-02-2023 16:15:03:DBManager:connection_data:Object reference not set to an instance of an object.
23-02-2023 16:15:03:DBManager:connection_data:Object reference not set to an instance of an object.
23-02-2023 16:15:03:DBManager:connection_data:Object reference not set to an instance of an object.
23-02-2023 16:15:03:DBManager:connection_data:Object reference not set to an instance of an object.
23-02-2023 16:15:03:DBManager:connection_data:Object reference not set to an instance of an object.
23-02-2023 16:15:03:DBManager:connection_data:Object reference not set to an instance of an object.
23-02-2023 16:15:03:DBManager:connection_data:Object reference not set to an instance of an object.
23-02-2023 16:15:03:DBManager:connection_data:Object reference not set to an instance of an object.
23-02-2023 16:15:03:DBManager:connection_data:Object reference not set to an instance of an object.
23-02-2023 16:15:03:DBManager:connection_data:Object reference not set to an instance of an object.
23-02-2023 16:15:03:DBManager:connection_data:Object reference not set to an instance of an object.
23-02-2023 16:15:03:DBManager:connection_data:Object reference not set to an instance of an object.
23-02-2023 16:15:03:DBManager:connection_data:Object reference not set to an instance of an object.
23-02-2023 16:15:03:DBManager:connection_data:Object reference not set to an instance of an object.
23-02-2023 16:15:03:DBManager:connection_data:Object reference not set to an instance of an object.
23-02-2023 16:15:03:DBManager:connection_data:Object reference not set to an instance of an object.
23-02-2023 16:15:03:DBManager:connection_data:Object reference not set to an instance of an object.
23-02-2023 16:15:03:DBManager:connection_data:Object reference not set to an instance of an object.
23-02-2023 16:15:03:DBManager:connection_data:Object reference not set to an instance of an object.
23-02-2023 16:15:03:DBManager:connection_data:Object reference not set to an instance of an object.
23-02-2023 16:15:03:DBManager:connection_data:Object reference not set to an instance of an object.
23-02-2023 16:15:03:DBManager:connection_data:Object reference not set to an instance of an object.
23-02-2023 16:15:03:DBManager:connection_data:Object reference not set to an instance of an object.
23-02-2023 16:15:03:DBManager:connection_data:Object reference not set to an instance of an object.
23-02-2023 16:15:03:DBManager:connection_data:Object reference not set to an instance of an object.
23-02-2023 16:15:03:DBManager:connection_data:Object reference not set to an instance of an object.
23-02-2023 16:15:03:DBManager:connection_data:Object reference not set to an instance of an object.
23-02-2023 16:15:03:DBManager:connection_data:Object reference not set to an instance of an object.
23-02-2023 16:15:03:DBManager:connection_data:Object reference not set to an instance of an object.
23-02-2023 16:15:03:DBManager:connection_data:Object reference not set to an instance of an object.
23-02-2023 16:15:03:DBManager:connection_data:Object reference not set to an instance of an object.
23-02-2023 16:15:03:DBManager:connection_data:Object reference not set to an instance of an object.
23-02-2023 16:15:03:DBManager:connection_data:Object reference not set to an instance of an object.
23-02-2023 16:15:03:DBManager:connection_data:Object reference not set to an instance of an object.
23-02-2023 16:15:03:DBManager:connection_data:Object reference not set to an instance of an object.
23-02-2023 16:15:03:DBManager:connection_data:Object reference not set to an instance of an object.
23-02-2023 16:15:03:DBManager:connection_data:Object reference not set to an instance of an object.
23-02-2023 16:15:03:DBManager:connection_data:Object reference not set to an instance of an object.
23-02-2023 16:15:03:DBManager:connection_data:Object reference not set to an instance of an object.
23-02-2023 16:15:03:DBManager:connection_data:Object reference not set to an instance of an object.
23-02-2023 16:15:03:DBManager:connection_data:Object reference not set to an instance of an object.
23-02-2023 16:15:03:DBManager:connection_data:Object reference not set to an instance of an object.
23-02-2023 16:15:03:DBManager:connection_data:Object reference not set to an instance of an object.
23-02-2023 16:15:03:DBManager:connection_data:Object reference not set to an instance of an object.
23-02-2023 16:15:03:DBManager:connection_data:Object reference not set to an instance of an object.
23-02-2023 16:15:03:DBManager:connection_data:Object reference not set to an instance of an object.
23-02-2023 16:23:37:DBManager:connection_data:Object reference not set to an instance of an object.
23-02-2023 16:23:37:DBManager:connection_data:Object reference not set to an instance of an object.
23-02-2023 16:23:37:DBManager:connection_data:Object reference not set to an instance of an object.
23-02-2023 16:23:37:DBManager:connection_data:Object reference not set to an instance of an object.
23-02-2023 16:23:37:DBManager:connection_data:Object reference not set to an instance of an object.
23-02-2023 16:23:37:DBManager:connection_data:Object reference not set to an instance of an object.
23-02-2023 16:23:37:DBManager:connection_data:Object reference not set to an instance of an object.
23-02-2023 16:23:37:DBManager:connection_data:Object reference not set to an instance of an object.
23-02-2023 16:23:37:DBManager:connection_data:Object reference not set to an instance of an object.
23-02-2023 16:23:37:DBManager:connection_data:Object reference not set to an instance of an object.
23-02-2023 16:23:37:DBManager:connection_data:Object reference not set to an instance of an object.
23-02-2023 16:23:37:DBManager:connection_data:Object reference not set to an instance of an object.
23-02-2023 16:23:37:DBManager:connection_data:Object reference not set to an instance of an object.
23-02-2023 16:23:37:DBManager:connection_data:Object reference not set to an instance of an object.
23-02-2023 16:23:37:DBManager:connection_data:Object reference not set to an instance of an object.
23-02-2023 16:23:37:DBManager:connection_data:Object reference not set to an instance of an object.
23-02-2023 16:23:37:DBManager:connection_data:Object reference not set to an instance of an object.
23-02-2023 16:23:37:DBManager:connection_data:Object reference not set to an instance of an object.
23-02-2023 16:23:37:DBManager:connection_data:Object reference not set to an instance of an object.
23-02-2023 16:23:37:DBManager:connection_data:Object reference not set to an instance of an object.
23-02-2023 16:23:37:DBManager:connection_data:Object reference not set to an instance of an object.
23-02-2023 16:23:37:DBManager:connection_data:Object reference not set to an instance of an object.
23-02-2023 16:23:37:DBManager:connection_data:Object reference not set to an instance of an object.
23-02-2023 16:23:37:DBManager:connection_data:Object reference not set to an instance of an object.
23-02-2023 16:23:37:DBManager:connection_data:Object reference not set to an instance of an object.
23-02-2023 16:23:37:DBManager:connection_data:Object reference not set to an instance of an object.
23-02-2023 16:23:37:DBManager:connection_data:Object reference not set to an instance of an object.
23-02-2023 16:23:37:DBManager:connection_data:Object reference not set to an instance of an object.
23-02-2023 16:23:37:DBManager:connection_data:Object reference not set to an instance of an object.
23-02-2023 16:23:37:DBManager:connection_data:Object reference not set to an instance of an object.
23-02-2023 16:23:37:DBManager:connection_data:Object reference not set to an instance of an object.
23-02-2023 16:23:37:DBManager:connection_data:Object reference not set to an instance of an object.
23-02-2023 16:23:37:DBManager:connection_data:Object reference not set to an instance of an object.
23-02-2023 16:23:37:DBManager:connection_data:Object reference not set to an instance of an object.
23-02-2023 16:23:37:DBManager:connection_data:Object reference not set to an instance of an object.
23-02-2023 16:23:37:DBManager:connection_data:Object reference not set to an instance of an object.
23-02-2023 16:23:37:DBManager:connection_data:Object reference not set to an instance of an object.
23-02-2023 16:23:37:DBManager:connection_data:Object reference not set to an instance of an object.
23-02-2023 16:23:37:DBManager:connection_data:Object reference not set to an instance of an object.
23-02-2023 16:23:37:DBManager:connection_data:Object reference not set to an instance of an object.
23-02-2023 16:23:37:DBManager:connection_data:Object reference not set to an instance of an object.
23-02-2023 16:23:37:DBManager:connection_data:Object reference not set to an instance of an object.
23-02-2023 16:23:37:DBManager:connection_data:Object reference not set to an instance of an object.
23-02-2023 16:23:37:DBManager:connection_data:Object reference not set to an instance of an object.
23-02-2023 16:23:37:DBManager:connection_data:Object reference not set to an instance of an object.
23-02-2023 16:23:37:DBManager:connection_data:Object reference not set to an instance of an object.
23-02-2023 16:23:37:DBManager:connection_data:Object reference not set to an instance of an object.
23-02-2023 16:23:37:DBManager:connection_data:Object reference not set to an instance of an object.
23-02-2023 16:23:37:DBManager:connection_data:Object reference not set to an instance of an object.
23-02-2023 16:23:37:DBManager:connection_data:Object reference not set to an instance of an object.
23-02-2023 16:23:37:DBManager:connection_data:Object reference not set to an instance of an object.
23-02-2023 16:23:37:DBManager:connection_data:Object reference not set to an instance of an object.
23-02-2023 16:23:37:DBManager:connection_data:Object reference not set to an instance of an object.
23-02-2023 16:23:37:DBManager:connection_data:Object reference not set to an instance of an object.
23-02-2023 16:23:37:DBManager:connection_data:Object reference not set to an instance of an object.
23-02-2023 16:23:37:DBManager:connection_data:Object reference not set to an instance of an object.
23-02-2023 16:23:37:DBManager:connection_data:Object reference not set to an instance of an object.
23-02-2023 16:23:37:DBManager:connection_data:Object reference not set to an instance of an object.
23-02-2023 16:23:37:DBManager:connection_data:Object reference not set to an instance of an object.
23-02-2023 16:23:37:DBManager:connection_data:Object reference not set to an instance of an object.
23-02-2023 16:23:37:DBManager:connection_data:Object reference not set to an instance of an object.
23-02-2023 16:23:37:DBManager:connection_data:Object reference not set to an instance of an object.
23-02-2023 16:23:37:DBManager:connection_data:Object reference not set to an instance of an object.
23-02-2023 16:23:37:DBManager:connection_data:Object reference not set to an instance of an object.
23-02-2023 16:23:37:DBManager:connection_data:Object reference not set to an instance of an object.
23-02-2023 16:23:37:DBManager:connection_data:Object reference not set to an instance of an object.
23-02-2023 16:23:37:DBManager:connection_data:Object reference not set to an instance of an object.
23-02-2023 16:23:37:DBManager:connection_data:Object reference not set to an instance of an object.
23-02-2023 16:23:37:DBManager:connection_data:Object reference not set to an instance of an object.
23-02-2023 16:23:37:DBManager:connection_data:Object reference not set to an instance of an object.
23-02-2023 16:23:37:DBManager:connection_data:Object reference not set to an instance of an object.
23-02-2023 16:23:37:DBManager:connection_data:Object reference not set to an instance of an object.
23-02-2023 16:23:37:DBManager:connection_data:Object reference not set to an instance of an object.
23-02-2023 16:23:37:DBManager:connection_data:Object reference not set to an instance of an object.
23-02-2023 16:23:37:DBManager:connection_data:Object reference not set to an instance of an object.
23-02-2023 16:23:37:DBManager:connection_data:Object reference not set to an instance of an object.
23-02-2023 16:23:37:DBManager:connection_data:Object reference not set to an instance of an object.
23-02-2023 16:23:37:DBManager:connection_data:Object reference not set to an instance of an object.
23-02-2023 16:23:37:DBManager:connection_data:Object reference not set to an instance of an object.
23-02-2023 16:23:37:DBManager:connection_data:Object reference not set to an instance of an object.
23/02/2023 4:23:37 PM:MasterPage:Page_Init:Thread was being aborted.
