2/18/2025 11:47:55 AM:DBManager:connection_data:Object reference not set to an instance of an object.
2/18/2025 11:47:55 AM:DBManager:connection_data:Object reference not set to an instance of an object.
2/18/2025 11:47:55 AM:DBManager:connection_data:Object reference not set to an instance of an object.
18/02/2025 11:47:55 AM:SignIn:btnLogIn_Click:test
2/18/2025 11:49:33 AM:DBManager:connection_data:Object reference not set to an instance of an object.
2/18/2025 11:49:33 AM:DBManager:connection_data:Object reference not set to an instance of an object.
2/18/2025 11:49:33 AM:DBManager:connection_data:Object reference not set to an instance of an object.
18/02/2025 11:49:33 AM:SignIn:btnLogIn_Click:test
18/02/2025 11:49:37 AM:SignIn:btnLogIn_Click4:
18/02/2025 11:49:38 AM:SignIn:btnLogIn_Click5:
18/02/2025 11:49:38 AM:SignIn:btnLogIn_Click7:
18/02/2025 11:49:39 AM:SignIn:btnLogIn_Click8:
18/02/2025 11:49:40 AM:ClsDataccess:Getdatatable:The ConnectionString property has not been initialized.
2/18/2025 11:49:40 AM:DBManager:connection_data:Object reference not set to an instance of an object.
2/18/2025 11:49:40 AM:DBManager:connection_data:Object reference not set to an instance of an object.
2/18/2025 11:49:40 AM:DBManager:connection_data:Object reference not set to an instance of an object.
2/18/2025 11:49:40 AM:DBManager:connection_data:Object reference not set to an instance of an object.
2/18/2025 11:49:40 AM:DBManager:connection_data:Object reference not set to an instance of an object.
2/18/2025 11:49:40 AM:DBManager:connection_data:Object reference not set to an instance of an object.
2/18/2025 11:49:40 AM:DBManager:connection_data:Object reference not set to an instance of an object.
2/18/2025 11:49:40 AM:DBManager:connection_data:Object reference not set to an instance of an object.
2/18/2025 11:49:40 AM:DBManager:connection_data:Object reference not set to an instance of an object.
2/18/2025 11:49:40 AM:DBManager:connection_data:Object reference not set to an instance of an object.
2/18/2025 11:49:40 AM:DBManager:connection_data:Object reference not set to an instance of an object.
2/18/2025 11:49:40 AM:DBManager:connection_data:Object reference not set to an instance of an object.
2/18/2025 11:49:40 AM:DBManager:connection_data:Object reference not set to an instance of an object.
2/18/2025 11:49:40 AM:DBManager:connection_data:Object reference not set to an instance of an object.
2/18/2025 11:49:40 AM:DBManager:connection_data:Object reference not set to an instance of an object.
2/18/2025 11:49:40 AM:DBManager:connection_data:Object reference not set to an instance of an object.
2/18/2025 11:49:40 AM:DBManager:connection_data:Object reference not set to an instance of an object.
2/18/2025 11:49:40 AM:DBManager:connection_data:Object reference not set to an instance of an object.
2/18/2025 11:49:40 AM:DBManager:connection_data:Object reference not set to an instance of an object.
2/18/2025 11:49:40 AM:DBManager:connection_data:Object reference not set to an instance of an object.
2/18/2025 11:49:40 AM:DBManager:connection_data:Object reference not set to an instance of an object.
2/18/2025 11:49:40 AM:DBManager:connection_data:Object reference not set to an instance of an object.
2/18/2025 11:49:40 AM:DBManager:connection_data:Object reference not set to an instance of an object.
2/18/2025 11:49:40 AM:DBManager:connection_data:Object reference not set to an instance of an object.
2/18/2025 11:49:40 AM:DBManager:connection_data:Object reference not set to an instance of an object.
2/18/2025 11:49:40 AM:DBManager:connection_data:Object reference not set to an instance of an object.
2/18/2025 11:49:40 AM:DBManager:connection_data:Object reference not set to an instance of an object.
2/18/2025 11:49:40 AM:DBManager:connection_data:Object reference not set to an instance of an object.
2/18/2025 11:49:40 AM:DBManager:connection_data:Object reference not set to an instance of an object.
2/18/2025 11:49:40 AM:DBManager:connection_data:Object reference not set to an instance of an object.
2/18/2025 11:49:40 AM:DBManager:connection_data:Object reference not set to an instance of an object.
2/18/2025 11:49:40 AM:DBManager:connection_data:Object reference not set to an instance of an object.
2/18/2025 11:49:40 AM:DBManager:connection_data:Object reference not set to an instance of an object.
2/18/2025 11:49:40 AM:DBManager:connection_data:Object reference not set to an instance of an object.
2/18/2025 11:49:40 AM:DBManager:connection_data:Object reference not set to an instance of an object.
2/18/2025 11:49:40 AM:DBManager:connection_data:Object reference not set to an instance of an object.
2/18/2025 11:49:41 AM:DBManager:connection_data:Object reference not set to an instance of an object.
2/18/2025 11:49:41 AM:DBManager:connection_data:Object reference not set to an instance of an object.
2/18/2025 11:49:41 AM:DBManager:connection_data:Object reference not set to an instance of an object.
2/18/2025 11:49:41 AM:DBManager:connection_data:Object reference not set to an instance of an object.
2/18/2025 11:49:41 AM:DBManager:connection_data:Object reference not set to an instance of an object.
2/18/2025 11:49:41 AM:DBManager:connection_data:Object reference not set to an instance of an object.
2/18/2025 11:49:41 AM:DBManager:connection_data:Object reference not set to an instance of an object.
2/18/2025 11:49:41 AM:DBManager:connection_data:Object reference not set to an instance of an object.
2/18/2025 11:49:41 AM:DBManager:connection_data:Object reference not set to an instance of an object.
2/18/2025 11:49:41 AM:DBManager:connection_data:Object reference not set to an instance of an object.
2/18/2025 11:49:41 AM:DBManager:connection_data:Object reference not set to an instance of an object.
2/18/2025 11:49:41 AM:DBManager:connection_data:Object reference not set to an instance of an object.
2/18/2025 11:49:41 AM:DBManager:connection_data:Object reference not set to an instance of an object.
2/18/2025 11:49:41 AM:DBManager:connection_data:Object reference not set to an instance of an object.
2/18/2025 11:49:41 AM:DBManager:connection_data:Object reference not set to an instance of an object.
2/18/2025 11:49:41 AM:DBManager:connection_data:Object reference not set to an instance of an object.
2/18/2025 11:49:41 AM:DBManager:connection_data:Object reference not set to an instance of an object.
2/18/2025 11:49:41 AM:DBManager:connection_data:Object reference not set to an instance of an object.
2/18/2025 11:49:41 AM:DBManager:connection_data:Object reference not set to an instance of an object.
2/18/2025 11:49:41 AM:DBManager:connection_data:Object reference not set to an instance of an object.
2/18/2025 11:49:41 AM:DBManager:connection_data:Object reference not set to an instance of an object.
2/18/2025 11:49:41 AM:DBManager:connection_data:Object reference not set to an instance of an object.
2/18/2025 11:49:41 AM:DBManager:connection_data:Object reference not set to an instance of an object.
2/18/2025 11:49:41 AM:DBManager:connection_data:Object reference not set to an instance of an object.
2/18/2025 11:49:41 AM:DBManager:connection_data:Object reference not set to an instance of an object.
2/18/2025 11:49:41 AM:DBManager:connection_data:Object reference not set to an instance of an object.
2/18/2025 11:49:41 AM:DBManager:connection_data:Object reference not set to an instance of an object.
2/18/2025 11:49:41 AM:DBManager:connection_data:Object reference not set to an instance of an object.
2/18/2025 11:49:41 AM:DBManager:connection_data:Object reference not set to an instance of an object.
2/18/2025 11:49:41 AM:DBManager:connection_data:Object reference not set to an instance of an object.
2/18/2025 11:49:41 AM:DBManager:connection_data:Object reference not set to an instance of an object.
2/18/2025 11:49:41 AM:DBManager:connection_data:Object reference not set to an instance of an object.
2/18/2025 11:49:41 AM:DBManager:connection_data:Object reference not set to an instance of an object.
2/18/2025 11:49:41 AM:DBManager:connection_data:Object reference not set to an instance of an object.
2/18/2025 11:49:41 AM:DBManager:connection_data:Object reference not set to an instance of an object.
2/18/2025 11:49:41 AM:DBManager:connection_data:Object reference not set to an instance of an object.
2/18/2025 11:49:41 AM:DBManager:connection_data:Object reference not set to an instance of an object.
2/18/2025 11:49:41 AM:DBManager:connection_data:Object reference not set to an instance of an object.
2/18/2025 11:49:41 AM:DBManager:connection_data:Object reference not set to an instance of an object.
2/18/2025 11:49:41 AM:DBManager:connection_data:Object reference not set to an instance of an object.
2/18/2025 11:49:41 AM:DBManager:connection_data:Object reference not set to an instance of an object.
2/18/2025 11:49:44 AM:DBManager:connection_data:Object reference not set to an instance of an object.
2/18/2025 11:49:44 AM:DBManager:connection_data:Object reference not set to an instance of an object.
2/18/2025 11:49:44 AM:DBManager:connection_data:Object reference not set to an instance of an object.
2/18/2025 11:49:44 AM:DBManager:connection_data:Object reference not set to an instance of an object.
2/18/2025 11:49:44 AM:DBManager:connection_data:Object reference not set to an instance of an object.
2/18/2025 11:49:44 AM:DBManager:connection_data:Object reference not set to an instance of an object.
2/18/2025 11:49:44 AM:DBManager:connection_data:Object reference not set to an instance of an object.
2/18/2025 11:49:44 AM:DBManager:connection_data:Object reference not set to an instance of an object.
2/18/2025 11:49:44 AM:DBManager:connection_data:Object reference not set to an instance of an object.
2/18/2025 11:49:44 AM:DBManager:connection_data:Object reference not set to an instance of an object.
2/18/2025 11:49:44 AM:DBManager:connection_data:Object reference not set to an instance of an object.
2/18/2025 11:49:44 AM:DBManager:connection_data:Object reference not set to an instance of an object.
2/18/2025 11:49:44 AM:DBManager:connection_data:Object reference not set to an instance of an object.
2/18/2025 11:49:44 AM:DBManager:connection_data:Object reference not set to an instance of an object.
2/18/2025 11:49:44 AM:DBManager:connection_data:Object reference not set to an instance of an object.
2/18/2025 11:49:44 AM:DBManager:connection_data:Object reference not set to an instance of an object.
2/18/2025 11:49:44 AM:DBManager:connection_data:Object reference not set to an instance of an object.
2/18/2025 11:49:44 AM:DBManager:connection_data:Object reference not set to an instance of an object.
2/18/2025 11:49:44 AM:DBManager:connection_data:Object reference not set to an instance of an object.
2/18/2025 11:49:44 AM:DBManager:connection_data:Object reference not set to an instance of an object.
2/18/2025 11:49:44 AM:DBManager:connection_data:Object reference not set to an instance of an object.
2/18/2025 11:49:44 AM:DBManager:connection_data:Object reference not set to an instance of an object.
2/18/2025 11:49:44 AM:DBManager:connection_data:Object reference not set to an instance of an object.
2/18/2025 11:49:44 AM:DBManager:connection_data:Object reference not set to an instance of an object.
2/18/2025 11:49:44 AM:DBManager:connection_data:Object reference not set to an instance of an object.
2/18/2025 11:49:44 AM:DBManager:connection_data:Object reference not set to an instance of an object.
2/18/2025 11:49:44 AM:DBManager:connection_data:Object reference not set to an instance of an object.
2/18/2025 11:49:44 AM:DBManager:connection_data:Object reference not set to an instance of an object.
2/18/2025 11:49:44 AM:DBManager:connection_data:Object reference not set to an instance of an object.
2/18/2025 11:49:44 AM:DBManager:connection_data:Object reference not set to an instance of an object.
2/18/2025 11:49:44 AM:DBManager:connection_data:Object reference not set to an instance of an object.
2/18/2025 11:49:44 AM:DBManager:connection_data:Object reference not set to an instance of an object.
2/18/2025 11:49:44 AM:DBManager:connection_data:Object reference not set to an instance of an object.
2/18/2025 11:49:44 AM:DBManager:connection_data:Object reference not set to an instance of an object.
2/18/2025 11:49:44 AM:DBManager:connection_data:Object reference not set to an instance of an object.
2/18/2025 11:49:44 AM:DBManager:connection_data:Object reference not set to an instance of an object.
2/18/2025 11:49:44 AM:DBManager:connection_data:Object reference not set to an instance of an object.
2/18/2025 11:49:44 AM:DBManager:connection_data:Object reference not set to an instance of an object.
2/18/2025 11:49:45 AM:DBManager:connection_data:Object reference not set to an instance of an object.
2/18/2025 11:49:45 AM:DBManager:connection_data:Object reference not set to an instance of an object.
2/18/2025 11:49:45 AM:DBManager:connection_data:Object reference not set to an instance of an object.
2/18/2025 11:49:45 AM:DBManager:connection_data:Object reference not set to an instance of an object.
2/18/2025 11:49:45 AM:DBManager:connection_data:Object reference not set to an instance of an object.
2/18/2025 11:49:45 AM:DBManager:connection_data:Object reference not set to an instance of an object.
2/18/2025 11:49:45 AM:DBManager:connection_data:Object reference not set to an instance of an object.
2/18/2025 11:49:45 AM:DBManager:connection_data:Object reference not set to an instance of an object.
2/18/2025 11:49:45 AM:DBManager:connection_data:Object reference not set to an instance of an object.
2/18/2025 11:49:45 AM:DBManager:connection_data:Object reference not set to an instance of an object.
2/18/2025 11:49:45 AM:DBManager:connection_data:Object reference not set to an instance of an object.
2/18/2025 11:49:45 AM:DBManager:connection_data:Object reference not set to an instance of an object.
2/18/2025 11:49:45 AM:DBManager:connection_data:Object reference not set to an instance of an object.
2/18/2025 11:49:45 AM:DBManager:connection_data:Object reference not set to an instance of an object.
2/18/2025 11:49:45 AM:DBManager:connection_data:Object reference not set to an instance of an object.
2/18/2025 11:49:45 AM:DBManager:connection_data:Object reference not set to an instance of an object.
2/18/2025 11:49:45 AM:DBManager:connection_data:Object reference not set to an instance of an object.
2/18/2025 11:49:45 AM:DBManager:connection_data:Object reference not set to an instance of an object.
2/18/2025 11:49:45 AM:DBManager:connection_data:Object reference not set to an instance of an object.
2/18/2025 11:49:45 AM:DBManager:connection_data:Object reference not set to an instance of an object.
2/18/2025 11:49:45 AM:DBManager:connection_data:Object reference not set to an instance of an object.
2/18/2025 11:49:45 AM:DBManager:connection_data:Object reference not set to an instance of an object.
2/18/2025 11:49:45 AM:DBManager:connection_data:Object reference not set to an instance of an object.
2/18/2025 11:49:45 AM:DBManager:connection_data:Object reference not set to an instance of an object.
2/18/2025 11:49:45 AM:DBManager:connection_data:Object reference not set to an instance of an object.
2/18/2025 11:49:45 AM:DBManager:connection_data:Object reference not set to an instance of an object.
2/18/2025 11:49:45 AM:DBManager:connection_data:Object reference not set to an instance of an object.
2/18/2025 11:49:45 AM:DBManager:connection_data:Object reference not set to an instance of an object.
2/18/2025 11:49:45 AM:DBManager:connection_data:Object reference not set to an instance of an object.
2/18/2025 11:49:45 AM:DBManager:connection_data:Object reference not set to an instance of an object.
2/18/2025 11:49:45 AM:DBManager:connection_data:Object reference not set to an instance of an object.
2/18/2025 11:49:45 AM:DBManager:connection_data:Object reference not set to an instance of an object.
2/18/2025 11:49:45 AM:DBManager:connection_data:Object reference not set to an instance of an object.
2/18/2025 11:49:45 AM:DBManager:connection_data:Object reference not set to an instance of an object.
2/18/2025 11:49:45 AM:DBManager:connection_data:Object reference not set to an instance of an object.
2/18/2025 11:49:45 AM:DBManager:connection_data:Object reference not set to an instance of an object.
2/18/2025 11:49:45 AM:DBManager:connection_data:Object reference not set to an instance of an object.
2/18/2025 11:49:45 AM:DBManager:connection_data:Object reference not set to an instance of an object.
2/18/2025 11:49:45 AM:DBManager:connection_data:Object reference not set to an instance of an object.
2/18/2025 11:49:50 AM:DBManager:connection_data:Object reference not set to an instance of an object.
2/18/2025 11:49:50 AM:DBManager:connection_data:Object reference not set to an instance of an object.
2/18/2025 11:49:50 AM:DBManager:connection_data:Object reference not set to an instance of an object.
2/18/2025 11:49:50 AM:DBManager:connection_data:Object reference not set to an instance of an object.
2/18/2025 11:49:50 AM:DBManager:connection_data:Object reference not set to an instance of an object.
2/18/2025 11:49:51 AM:DBManager:connection_data:Object reference not set to an instance of an object.
18/02/2025 11:49:52 AM:Location_List:rdLocaton_ItemDataBoundObject reference not set to an instance of an object.
18/02/2025 11:49:52 AM:Location_List:rdLocaton_ItemDataBoundObject reference not set to an instance of an object.
2/18/2025 11:49:54 AM:DBManager:connection_data:Object reference not set to an instance of an object.
2/18/2025 11:49:54 AM:DBManager:connection_data:Object reference not set to an instance of an object.
2/18/2025 11:49:54 AM:DBManager:connection_data:Object reference not set to an instance of an object.
2/18/2025 11:49:54 AM:DBManager:connection_data:Object reference not set to an instance of an object.
2/18/2025 11:49:54 AM:DBManager:connection_data:Object reference not set to an instance of an object.
2/18/2025 11:49:54 AM:DBManager:connection_data:Object reference not set to an instance of an object.
2/18/2025 11:49:54 AM:DBManager:connection_data:Object reference not set to an instance of an object.
2/18/2025 11:49:54 AM:DBManager:connection_data:Object reference not set to an instance of an object.
2/18/2025 11:49:54 AM:DBManager:connection_data:Object reference not set to an instance of an object.
2/18/2025 11:49:54 AM:DBManager:connection_data:Object reference not set to an instance of an object.
2/18/2025 11:49:54 AM:DBManager:connection_data:Object reference not set to an instance of an object.
2/18/2025 11:49:54 AM:DBManager:connection_data:Object reference not set to an instance of an object.
2/18/2025 11:49:54 AM:DBManager:connection_data:Object reference not set to an instance of an object.
2/18/2025 11:49:54 AM:DBManager:connection_data:Object reference not set to an instance of an object.
2/18/2025 11:49:54 AM:DBManager:connection_data:Object reference not set to an instance of an object.
2/18/2025 11:49:54 AM:DBManager:connection_data:Object reference not set to an instance of an object.
2/18/2025 11:49:54 AM:DBManager:connection_data:Object reference not set to an instance of an object.
2/18/2025 11:49:54 AM:DBManager:connection_data:Object reference not set to an instance of an object.
2/18/2025 11:49:54 AM:DBManager:connection_data:Object reference not set to an instance of an object.
2/18/2025 11:49:54 AM:DBManager:connection_data:Object reference not set to an instance of an object.
2/18/2025 11:49:54 AM:DBManager:connection_data:Object reference not set to an instance of an object.
2/18/2025 11:49:54 AM:DBManager:connection_data:Object reference not set to an instance of an object.
2/18/2025 11:49:54 AM:DBManager:connection_data:Object reference not set to an instance of an object.
2/18/2025 11:49:54 AM:DBManager:connection_data:Object reference not set to an instance of an object.
2/18/2025 11:49:54 AM:DBManager:connection_data:Object reference not set to an instance of an object.
2/18/2025 11:49:54 AM:DBManager:connection_data:Object reference not set to an instance of an object.
2/18/2025 11:49:54 AM:DBManager:connection_data:Object reference not set to an instance of an object.
2/18/2025 11:49:54 AM:DBManager:connection_data:Object reference not set to an instance of an object.
2/18/2025 11:49:54 AM:DBManager:connection_data:Object reference not set to an instance of an object.
2/18/2025 11:49:54 AM:DBManager:connection_data:Object reference not set to an instance of an object.
2/18/2025 11:49:54 AM:DBManager:connection_data:Object reference not set to an instance of an object.
2/18/2025 11:49:54 AM:DBManager:connection_data:Object reference not set to an instance of an object.
2/18/2025 11:49:54 AM:DBManager:connection_data:Object reference not set to an instance of an object.
2/18/2025 11:49:54 AM:DBManager:connection_data:Object reference not set to an instance of an object.
2/18/2025 11:49:54 AM:DBManager:connection_data:Object reference not set to an instance of an object.
2/18/2025 11:49:54 AM:DBManager:connection_data:Object reference not set to an instance of an object.
2/18/2025 11:49:54 AM:DBManager:connection_data:Object reference not set to an instance of an object.
2/18/2025 11:49:54 AM:DBManager:connection_data:Object reference not set to an instance of an object.
2/18/2025 11:49:54 AM:DBManager:connection_data:Object reference not set to an instance of an object.
2/18/2025 11:49:54 AM:DBManager:connection_data:Object reference not set to an instance of an object.
2/18/2025 11:49:54 AM:DBManager:connection_data:Object reference not set to an instance of an object.
2/18/2025 11:49:54 AM:DBManager:connection_data:Object reference not set to an instance of an object.
2/18/2025 11:49:54 AM:DBManager:connection_data:Object reference not set to an instance of an object.
2/18/2025 11:49:54 AM:DBManager:connection_data:Object reference not set to an instance of an object.
2/18/2025 11:49:54 AM:DBManager:connection_data:Object reference not set to an instance of an object.
2/18/2025 11:49:54 AM:DBManager:connection_data:Object reference not set to an instance of an object.
2/18/2025 11:49:54 AM:DBManager:connection_data:Object reference not set to an instance of an object.
2/18/2025 11:49:54 AM:DBManager:connection_data:Object reference not set to an instance of an object.
2/18/2025 11:49:55 AM:DBManager:connection_data:Object reference not set to an instance of an object.
2/18/2025 11:49:55 AM:DBManager:connection_data:Object reference not set to an instance of an object.
2/18/2025 11:49:55 AM:DBManager:connection_data:Object reference not set to an instance of an object.
2/18/2025 11:49:55 AM:DBManager:connection_data:Object reference not set to an instance of an object.
2/18/2025 11:49:55 AM:DBManager:connection_data:Object reference not set to an instance of an object.
2/18/2025 11:49:55 AM:DBManager:connection_data:Object reference not set to an instance of an object.
2/18/2025 11:49:55 AM:DBManager:connection_data:Object reference not set to an instance of an object.
2/18/2025 11:49:55 AM:DBManager:connection_data:Object reference not set to an instance of an object.
2/18/2025 11:49:55 AM:DBManager:connection_data:Object reference not set to an instance of an object.
2/18/2025 11:49:55 AM:DBManager:connection_data:Object reference not set to an instance of an object.
2/18/2025 11:49:55 AM:DBManager:connection_data:Object reference not set to an instance of an object.
2/18/2025 11:49:55 AM:DBManager:connection_data:Object reference not set to an instance of an object.
2/18/2025 11:49:55 AM:DBManager:connection_data:Object reference not set to an instance of an object.
2/18/2025 11:49:55 AM:DBManager:connection_data:Object reference not set to an instance of an object.
2/18/2025 11:49:55 AM:DBManager:connection_data:Object reference not set to an instance of an object.
2/18/2025 11:49:55 AM:DBManager:connection_data:Object reference not set to an instance of an object.
2/18/2025 11:49:55 AM:DBManager:connection_data:Object reference not set to an instance of an object.
2/18/2025 11:49:55 AM:DBManager:connection_data:Object reference not set to an instance of an object.
2/18/2025 11:49:55 AM:DBManager:connection_data:Object reference not set to an instance of an object.
2/18/2025 11:49:55 AM:DBManager:connection_data:Object reference not set to an instance of an object.
2/18/2025 11:49:55 AM:DBManager:connection_data:Object reference not set to an instance of an object.
2/18/2025 11:49:55 AM:DBManager:connection_data:Object reference not set to an instance of an object.
2/18/2025 11:49:55 AM:DBManager:connection_data:Object reference not set to an instance of an object.
2/18/2025 11:49:55 AM:DBManager:connection_data:Object reference not set to an instance of an object.
2/18/2025 11:49:55 AM:DBManager:connection_data:Object reference not set to an instance of an object.
2/18/2025 11:49:55 AM:DBManager:connection_data:Object reference not set to an instance of an object.
2/18/2025 11:49:55 AM:DBManager:connection_data:Object reference not set to an instance of an object.
2/18/2025 11:49:55 AM:DBManager:connection_data:Object reference not set to an instance of an object.
2/18/2025 11:49:55 AM:DBManager:connection_data:Object reference not set to an instance of an object.
2/18/2025 11:49:55 AM:DBManager:connection_data:Object reference not set to an instance of an object.
2/18/2025 11:49:55 AM:DBManager:connection_data:Object reference not set to an instance of an object.
2/18/2025 11:49:55 AM:DBManager:connection_data:Object reference not set to an instance of an object.
2/18/2025 11:49:55 AM:DBManager:connection_data:Object reference not set to an instance of an object.
2/18/2025 11:49:55 AM:DBManager:connection_data:Object reference not set to an instance of an object.
2/18/2025 11:49:55 AM:DBManager:connection_data:Object reference not set to an instance of an object.
2/18/2025 11:49:55 AM:DBManager:connection_data:Object reference not set to an instance of an object.
2/18/2025 11:49:55 AM:DBManager:connection_data:Object reference not set to an instance of an object.
2/18/2025 11:49:55 AM:DBManager:connection_data:Object reference not set to an instance of an object.
2/18/2025 11:49:55 AM:DBManager:connection_data:Object reference not set to an instance of an object.
2/18/2025 11:49:55 AM:DBManager:connection_data:Object reference not set to an instance of an object.
2/18/2025 11:49:55 AM:DBManager:connection_data:Object reference not set to an instance of an object.
2/18/2025 12:04:12 PM:DBManager:connection_data:Object reference not set to an instance of an object.
2/18/2025 12:04:12 PM:DBManager:connection_data:Object reference not set to an instance of an object.
2/18/2025 12:04:12 PM:DBManager:connection_data:Object reference not set to an instance of an object.
2/18/2025 12:04:12 PM:DBManager:connection_data:Object reference not set to an instance of an object.
2/18/2025 12:04:12 PM:DBManager:connection_data:Object reference not set to an instance of an object.
2/18/2025 12:04:12 PM:DBManager:connection_data:Object reference not set to an instance of an object.
2/18/2025 12:04:12 PM:DBManager:connection_data:Object reference not set to an instance of an object.
2/18/2025 12:04:12 PM:DBManager:connection_data:Object reference not set to an instance of an object.
2/18/2025 12:04:12 PM:DBManager:connection_data:Object reference not set to an instance of an object.
2/18/2025 12:04:12 PM:DBManager:connection_data:Object reference not set to an instance of an object.
2/18/2025 12:04:12 PM:DBManager:connection_data:Object reference not set to an instance of an object.
2/18/2025 12:04:12 PM:DBManager:connection_data:Object reference not set to an instance of an object.
2/18/2025 12:04:12 PM:DBManager:connection_data:Object reference not set to an instance of an object.
2/18/2025 12:04:12 PM:DBManager:connection_data:Object reference not set to an instance of an object.
2/18/2025 12:04:12 PM:DBManager:connection_data:Object reference not set to an instance of an object.
2/18/2025 12:04:12 PM:DBManager:connection_data:Object reference not set to an instance of an object.
2/18/2025 12:04:12 PM:DBManager:connection_data:Object reference not set to an instance of an object.
2/18/2025 12:04:12 PM:DBManager:connection_data:Object reference not set to an instance of an object.
2/18/2025 12:04:12 PM:DBManager:connection_data:Object reference not set to an instance of an object.
2/18/2025 12:04:12 PM:DBManager:connection_data:Object reference not set to an instance of an object.
2/18/2025 12:04:12 PM:DBManager:connection_data:Object reference not set to an instance of an object.
2/18/2025 12:04:12 PM:DBManager:connection_data:Object reference not set to an instance of an object.
2/18/2025 12:04:12 PM:DBManager:connection_data:Object reference not set to an instance of an object.
2/18/2025 12:04:12 PM:DBManager:connection_data:Object reference not set to an instance of an object.
2/18/2025 12:04:12 PM:DBManager:connection_data:Object reference not set to an instance of an object.
2/18/2025 12:04:12 PM:DBManager:connection_data:Object reference not set to an instance of an object.
2/18/2025 12:04:12 PM:DBManager:connection_data:Object reference not set to an instance of an object.
2/18/2025 12:04:12 PM:DBManager:connection_data:Object reference not set to an instance of an object.
2/18/2025 12:04:12 PM:DBManager:connection_data:Object reference not set to an instance of an object.
2/18/2025 12:04:12 PM:DBManager:connection_data:Object reference not set to an instance of an object.
2/18/2025 12:04:12 PM:DBManager:connection_data:Object reference not set to an instance of an object.
2/18/2025 12:04:12 PM:DBManager:connection_data:Object reference not set to an instance of an object.
2/18/2025 12:04:12 PM:DBManager:connection_data:Object reference not set to an instance of an object.
2/18/2025 12:04:12 PM:DBManager:connection_data:Object reference not set to an instance of an object.
2/18/2025 12:04:12 PM:DBManager:connection_data:Object reference not set to an instance of an object.
2/18/2025 12:04:12 PM:DBManager:connection_data:Object reference not set to an instance of an object.
2/18/2025 12:04:12 PM:DBManager:connection_data:Object reference not set to an instance of an object.
2/18/2025 12:04:12 PM:DBManager:connection_data:Object reference not set to an instance of an object.
2/18/2025 12:04:12 PM:DBManager:connection_data:Object reference not set to an instance of an object.
2/18/2025 12:04:12 PM:DBManager:connection_data:Object reference not set to an instance of an object.
2/18/2025 12:04:12 PM:DBManager:connection_data:Object reference not set to an instance of an object.
2/18/2025 12:04:12 PM:DBManager:connection_data:Object reference not set to an instance of an object.
2/18/2025 12:04:12 PM:DBManager:connection_data:Object reference not set to an instance of an object.
2/18/2025 12:04:12 PM:DBManager:connection_data:Object reference not set to an instance of an object.
2/18/2025 12:04:12 PM:DBManager:connection_data:Object reference not set to an instance of an object.
2/18/2025 12:04:12 PM:DBManager:connection_data:Object reference not set to an instance of an object.
2/18/2025 12:04:12 PM:DBManager:connection_data:Object reference not set to an instance of an object.
2/18/2025 12:04:12 PM:DBManager:connection_data:Object reference not set to an instance of an object.
2/18/2025 12:04:12 PM:DBManager:connection_data:Object reference not set to an instance of an object.
2/18/2025 12:04:12 PM:DBManager:connection_data:Object reference not set to an instance of an object.
2/18/2025 12:04:12 PM:DBManager:connection_data:Object reference not set to an instance of an object.
2/18/2025 12:04:12 PM:DBManager:connection_data:Object reference not set to an instance of an object.
2/18/2025 12:04:12 PM:DBManager:connection_data:Object reference not set to an instance of an object.
2/18/2025 12:04:12 PM:DBManager:connection_data:Object reference not set to an instance of an object.
2/18/2025 12:04:12 PM:DBManager:connection_data:Object reference not set to an instance of an object.
2/18/2025 12:04:12 PM:DBManager:connection_data:Object reference not set to an instance of an object.
2/18/2025 12:04:12 PM:DBManager:connection_data:Object reference not set to an instance of an object.
2/18/2025 12:04:12 PM:DBManager:connection_data:Object reference not set to an instance of an object.
2/18/2025 12:04:12 PM:DBManager:connection_data:Object reference not set to an instance of an object.
2/18/2025 12:04:12 PM:DBManager:connection_data:Object reference not set to an instance of an object.
2/18/2025 12:04:12 PM:DBManager:connection_data:Object reference not set to an instance of an object.
2/18/2025 12:04:12 PM:DBManager:connection_data:Object reference not set to an instance of an object.
2/18/2025 12:04:12 PM:DBManager:connection_data:Object reference not set to an instance of an object.
2/18/2025 12:04:12 PM:DBManager:connection_data:Object reference not set to an instance of an object.
2/18/2025 12:04:12 PM:DBManager:connection_data:Object reference not set to an instance of an object.
2/18/2025 12:04:12 PM:DBManager:connection_data:Object reference not set to an instance of an object.
2/18/2025 12:04:12 PM:DBManager:connection_data:Object reference not set to an instance of an object.
2/18/2025 12:04:12 PM:DBManager:connection_data:Object reference not set to an instance of an object.
2/18/2025 12:04:13 PM:DBManager:connection_data:Object reference not set to an instance of an object.
2/18/2025 12:04:13 PM:DBManager:connection_data:Object reference not set to an instance of an object.
2/18/2025 12:04:13 PM:DBManager:connection_data:Object reference not set to an instance of an object.
2/18/2025 12:04:13 PM:DBManager:connection_data:Object reference not set to an instance of an object.
2/18/2025 12:04:13 PM:DBManager:connection_data:Object reference not set to an instance of an object.
2/18/2025 12:04:13 PM:DBManager:connection_data:Object reference not set to an instance of an object.
2/18/2025 12:04:13 PM:DBManager:connection_data:Object reference not set to an instance of an object.
2/18/2025 12:04:13 PM:DBManager:connection_data:Object reference not set to an instance of an object.
2/18/2025 12:04:13 PM:DBManager:connection_data:Object reference not set to an instance of an object.
2/18/2025 12:04:13 PM:DBManager:connection_data:Object reference not set to an instance of an object.
2/18/2025 12:04:13 PM:DBManager:connection_data:Object reference not set to an instance of an object.
2/18/2025 12:04:13 PM:DBManager:connection_data:Object reference not set to an instance of an object.
2/18/2025 12:04:13 PM:DBManager:connection_data:Object reference not set to an instance of an object.
2/18/2025 12:04:13 PM:DBManager:connection_data:Object reference not set to an instance of an object.
2/18/2025 12:04:13 PM:DBManager:connection_data:Object reference not set to an instance of an object.
2/18/2025 12:04:13 PM:DBManager:connection_data:Object reference not set to an instance of an object.
2/18/2025 12:04:13 PM:DBManager:connection_data:Object reference not set to an instance of an object.
2/18/2025 12:04:13 PM:DBManager:connection_data:Object reference not set to an instance of an object.
2/18/2025 12:04:13 PM:DBManager:connection_data:Object reference not set to an instance of an object.
2/18/2025 12:04:13 PM:DBManager:connection_data:Object reference not set to an instance of an object.
2/18/2025 12:04:14 PM:DBManager:connection_data:Object reference not set to an instance of an object.
18/02/2025 12:04:15 PM:Location_List:rdLocaton_ItemDataBoundObject reference not set to an instance of an object.
18/02/2025 12:04:15 PM:Location_List:rdLocaton_ItemDataBoundObject reference not set to an instance of an object.
2/18/2025 12:04:17 PM:DBManager:connection_data:Object reference not set to an instance of an object.
2/18/2025 12:04:17 PM:DBManager:connection_data:Object reference not set to an instance of an object.
2/18/2025 12:04:17 PM:DBManager:connection_data:Object reference not set to an instance of an object.
2/18/2025 12:04:17 PM:DBManager:connection_data:Object reference not set to an instance of an object.
2/18/2025 12:04:17 PM:DBManager:connection_data:Object reference not set to an instance of an object.
2/18/2025 12:04:17 PM:DBManager:connection_data:Object reference not set to an instance of an object.
2/18/2025 12:04:17 PM:DBManager:connection_data:Object reference not set to an instance of an object.
2/18/2025 12:04:17 PM:DBManager:connection_data:Object reference not set to an instance of an object.
2/18/2025 12:04:17 PM:DBManager:connection_data:Object reference not set to an instance of an object.
2/18/2025 12:04:17 PM:DBManager:connection_data:Object reference not set to an instance of an object.
2/18/2025 12:04:17 PM:DBManager:connection_data:Object reference not set to an instance of an object.
2/18/2025 12:04:17 PM:DBManager:connection_data:Object reference not set to an instance of an object.
2/18/2025 12:04:17 PM:DBManager:connection_data:Object reference not set to an instance of an object.
2/18/2025 12:04:17 PM:DBManager:connection_data:Object reference not set to an instance of an object.
2/18/2025 12:04:17 PM:DBManager:connection_data:Object reference not set to an instance of an object.
2/18/2025 12:04:17 PM:DBManager:connection_data:Object reference not set to an instance of an object.
2/18/2025 12:04:17 PM:DBManager:connection_data:Object reference not set to an instance of an object.
2/18/2025 12:04:17 PM:DBManager:connection_data:Object reference not set to an instance of an object.
2/18/2025 12:04:17 PM:DBManager:connection_data:Object reference not set to an instance of an object.
2/18/2025 12:04:17 PM:DBManager:connection_data:Object reference not set to an instance of an object.
2/18/2025 12:04:17 PM:DBManager:connection_data:Object reference not set to an instance of an object.
2/18/2025 12:04:17 PM:DBManager:connection_data:Object reference not set to an instance of an object.
2/18/2025 12:04:17 PM:DBManager:connection_data:Object reference not set to an instance of an object.
2/18/2025 12:04:17 PM:DBManager:connection_data:Object reference not set to an instance of an object.
2/18/2025 12:04:17 PM:DBManager:connection_data:Object reference not set to an instance of an object.
2/18/2025 12:04:17 PM:DBManager:connection_data:Object reference not set to an instance of an object.
2/18/2025 12:04:17 PM:DBManager:connection_data:Object reference not set to an instance of an object.
2/18/2025 12:04:17 PM:DBManager:connection_data:Object reference not set to an instance of an object.
2/18/2025 12:04:17 PM:DBManager:connection_data:Object reference not set to an instance of an object.
2/18/2025 12:04:17 PM:DBManager:connection_data:Object reference not set to an instance of an object.
2/18/2025 12:04:17 PM:DBManager:connection_data:Object reference not set to an instance of an object.
2/18/2025 12:04:17 PM:DBManager:connection_data:Object reference not set to an instance of an object.
2/18/2025 12:04:17 PM:DBManager:connection_data:Object reference not set to an instance of an object.
2/18/2025 12:04:17 PM:DBManager:connection_data:Object reference not set to an instance of an object.
2/18/2025 12:04:17 PM:DBManager:connection_data:Object reference not set to an instance of an object.
2/18/2025 12:04:17 PM:DBManager:connection_data:Object reference not set to an instance of an object.
2/18/2025 12:04:17 PM:DBManager:connection_data:Object reference not set to an instance of an object.
2/18/2025 12:04:17 PM:DBManager:connection_data:Object reference not set to an instance of an object.
2/18/2025 12:04:18 PM:DBManager:connection_data:Object reference not set to an instance of an object.
2/18/2025 12:04:18 PM:DBManager:connection_data:Object reference not set to an instance of an object.
2/18/2025 12:04:18 PM:DBManager:connection_data:Object reference not set to an instance of an object.
2/18/2025 12:04:18 PM:DBManager:connection_data:Object reference not set to an instance of an object.
2/18/2025 12:04:18 PM:DBManager:connection_data:Object reference not set to an instance of an object.
2/18/2025 12:04:18 PM:DBManager:connection_data:Object reference not set to an instance of an object.
2/18/2025 12:04:18 PM:DBManager:connection_data:Object reference not set to an instance of an object.
2/18/2025 12:04:18 PM:DBManager:connection_data:Object reference not set to an instance of an object.
2/18/2025 12:04:18 PM:DBManager:connection_data:Object reference not set to an instance of an object.
2/18/2025 12:04:18 PM:DBManager:connection_data:Object reference not set to an instance of an object.
2/18/2025 12:04:18 PM:DBManager:connection_data:Object reference not set to an instance of an object.
2/18/2025 12:04:18 PM:DBManager:connection_data:Object reference not set to an instance of an object.
2/18/2025 12:04:18 PM:DBManager:connection_data:Object reference not set to an instance of an object.
2/18/2025 12:04:18 PM:DBManager:connection_data:Object reference not set to an instance of an object.
2/18/2025 12:04:18 PM:DBManager:connection_data:Object reference not set to an instance of an object.
2/18/2025 12:04:18 PM:DBManager:connection_data:Object reference not set to an instance of an object.
2/18/2025 12:04:18 PM:DBManager:connection_data:Object reference not set to an instance of an object.
2/18/2025 12:04:18 PM:DBManager:connection_data:Object reference not set to an instance of an object.
2/18/2025 12:04:18 PM:DBManager:connection_data:Object reference not set to an instance of an object.
2/18/2025 12:04:18 PM:DBManager:connection_data:Object reference not set to an instance of an object.
2/18/2025 12:04:18 PM:DBManager:connection_data:Object reference not set to an instance of an object.
2/18/2025 12:04:18 PM:DBManager:connection_data:Object reference not set to an instance of an object.
2/18/2025 12:04:18 PM:DBManager:connection_data:Object reference not set to an instance of an object.
2/18/2025 12:04:18 PM:DBManager:connection_data:Object reference not set to an instance of an object.
2/18/2025 12:04:18 PM:DBManager:connection_data:Object reference not set to an instance of an object.
2/18/2025 12:04:18 PM:DBManager:connection_data:Object reference not set to an instance of an object.
2/18/2025 12:04:18 PM:DBManager:connection_data:Object reference not set to an instance of an object.
2/18/2025 12:04:18 PM:DBManager:connection_data:Object reference not set to an instance of an object.
2/18/2025 12:04:18 PM:DBManager:connection_data:Object reference not set to an instance of an object.
2/18/2025 12:04:18 PM:DBManager:connection_data:Object reference not set to an instance of an object.
2/18/2025 12:04:18 PM:DBManager:connection_data:Object reference not set to an instance of an object.
2/18/2025 12:04:18 PM:DBManager:connection_data:Object reference not set to an instance of an object.
2/18/2025 12:04:18 PM:DBManager:connection_data:Object reference not set to an instance of an object.
2/18/2025 12:04:18 PM:DBManager:connection_data:Object reference not set to an instance of an object.
2/18/2025 12:04:18 PM:DBManager:connection_data:Object reference not set to an instance of an object.
2/18/2025 12:04:18 PM:DBManager:connection_data:Object reference not set to an instance of an object.
2/18/2025 12:04:18 PM:DBManager:connection_data:Object reference not set to an instance of an object.
2/18/2025 12:04:18 PM:DBManager:connection_data:Object reference not set to an instance of an object.
2/18/2025 12:04:18 PM:DBManager:connection_data:Object reference not set to an instance of an object.
2/18/2025 12:04:18 PM:DBManager:connection_data:Object reference not set to an instance of an object.
2/18/2025 12:04:18 PM:DBManager:connection_data:Object reference not set to an instance of an object.
2/18/2025 12:04:18 PM:DBManager:connection_data:Object reference not set to an instance of an object.
2/18/2025 12:04:18 PM:DBManager:connection_data:Object reference not set to an instance of an object.
2/18/2025 12:04:18 PM:DBManager:connection_data:Object reference not set to an instance of an object.
2/18/2025 12:04:18 PM:DBManager:connection_data:Object reference not set to an instance of an object.
2/18/2025 12:04:18 PM:DBManager:connection_data:Object reference not set to an instance of an object.
2/18/2025 12:04:18 PM:DBManager:connection_data:Object reference not set to an instance of an object.
2/18/2025 12:04:18 PM:DBManager:connection_data:Object reference not set to an instance of an object.
2/18/2025 12:04:18 PM:DBManager:connection_data:Object reference not set to an instance of an object.
2/18/2025 12:04:18 PM:DBManager:connection_data:Object reference not set to an instance of an object.
2/18/2025 12:04:18 PM:DBManager:connection_data:Object reference not set to an instance of an object.
2/18/2025 12:04:26 PM:DBManager:connection_data:Object reference not set to an instance of an object.
2/18/2025 12:04:26 PM:DBManager:connection_data:Object reference not set to an instance of an object.
2/18/2025 12:04:26 PM:DBManager:connection_data:Object reference not set to an instance of an object.
2/18/2025 12:04:26 PM:DBManager:connection_data:Object reference not set to an instance of an object.
2/18/2025 12:04:26 PM:DBManager:connection_data:Object reference not set to an instance of an object.
2/18/2025 12:04:26 PM:DBManager:connection_data:Object reference not set to an instance of an object.
2/18/2025 12:04:26 PM:DBManager:connection_data:Object reference not set to an instance of an object.
2/18/2025 12:04:26 PM:DBManager:connection_data:Object reference not set to an instance of an object.
2/18/2025 12:04:26 PM:DBManager:connection_data:Object reference not set to an instance of an object.
2/18/2025 12:04:26 PM:DBManager:connection_data:Object reference not set to an instance of an object.
2/18/2025 12:04:26 PM:DBManager:connection_data:Object reference not set to an instance of an object.
2/18/2025 12:04:26 PM:DBManager:connection_data:Object reference not set to an instance of an object.
2/18/2025 12:04:26 PM:DBManager:connection_data:Object reference not set to an instance of an object.
2/18/2025 12:04:26 PM:DBManager:connection_data:Object reference not set to an instance of an object.
2/18/2025 12:04:26 PM:DBManager:connection_data:Object reference not set to an instance of an object.
2/18/2025 12:04:26 PM:DBManager:connection_data:Object reference not set to an instance of an object.
2/18/2025 12:04:26 PM:DBManager:connection_data:Object reference not set to an instance of an object.
2/18/2025 12:04:26 PM:DBManager:connection_data:Object reference not set to an instance of an object.
2/18/2025 12:04:26 PM:DBManager:connection_data:Object reference not set to an instance of an object.
2/18/2025 12:04:26 PM:DBManager:connection_data:Object reference not set to an instance of an object.
2/18/2025 12:04:26 PM:DBManager:connection_data:Object reference not set to an instance of an object.
2/18/2025 12:04:26 PM:DBManager:connection_data:Object reference not set to an instance of an object.
2/18/2025 12:04:26 PM:DBManager:connection_data:Object reference not set to an instance of an object.
2/18/2025 12:04:26 PM:DBManager:connection_data:Object reference not set to an instance of an object.
2/18/2025 12:04:26 PM:DBManager:connection_data:Object reference not set to an instance of an object.
2/18/2025 12:04:26 PM:DBManager:connection_data:Object reference not set to an instance of an object.
2/18/2025 12:04:26 PM:DBManager:connection_data:Object reference not set to an instance of an object.
2/18/2025 12:04:26 PM:DBManager:connection_data:Object reference not set to an instance of an object.
2/18/2025 12:04:26 PM:DBManager:connection_data:Object reference not set to an instance of an object.
2/18/2025 12:04:26 PM:DBManager:connection_data:Object reference not set to an instance of an object.
2/18/2025 12:04:26 PM:DBManager:connection_data:Object reference not set to an instance of an object.
2/18/2025 12:04:26 PM:DBManager:connection_data:Object reference not set to an instance of an object.
2/18/2025 12:04:26 PM:DBManager:connection_data:Object reference not set to an instance of an object.
2/18/2025 12:04:26 PM:DBManager:connection_data:Object reference not set to an instance of an object.
2/18/2025 12:04:27 PM:DBManager:connection_data:Object reference not set to an instance of an object.
2/18/2025 12:04:27 PM:DBManager:connection_data:Object reference not set to an instance of an object.
2/18/2025 12:04:27 PM:DBManager:connection_data:Object reference not set to an instance of an object.
2/18/2025 12:04:27 PM:DBManager:connection_data:Object reference not set to an instance of an object.
2/18/2025 12:04:27 PM:DBManager:connection_data:Object reference not set to an instance of an object.
2/18/2025 12:04:27 PM:DBManager:connection_data:Object reference not set to an instance of an object.
2/18/2025 12:04:27 PM:DBManager:connection_data:Object reference not set to an instance of an object.
2/18/2025 12:04:27 PM:DBManager:connection_data:Object reference not set to an instance of an object.
2/18/2025 12:04:27 PM:DBManager:connection_data:Object reference not set to an instance of an object.
2/18/2025 12:04:27 PM:DBManager:connection_data:Object reference not set to an instance of an object.
2/18/2025 12:04:27 PM:DBManager:connection_data:Object reference not set to an instance of an object.
2/18/2025 12:04:27 PM:DBManager:connection_data:Object reference not set to an instance of an object.
2/18/2025 12:04:27 PM:DBManager:connection_data:Object reference not set to an instance of an object.
2/18/2025 12:04:27 PM:DBManager:connection_data:Object reference not set to an instance of an object.
2/18/2025 12:04:27 PM:DBManager:connection_data:Object reference not set to an instance of an object.
2/18/2025 12:04:27 PM:DBManager:connection_data:Object reference not set to an instance of an object.
2/18/2025 12:04:27 PM:DBManager:connection_data:Object reference not set to an instance of an object.
2/18/2025 12:04:27 PM:DBManager:connection_data:Object reference not set to an instance of an object.
2/18/2025 12:04:27 PM:DBManager:connection_data:Object reference not set to an instance of an object.
2/18/2025 12:04:27 PM:DBManager:connection_data:Object reference not set to an instance of an object.
2/18/2025 12:04:27 PM:DBManager:connection_data:Object reference not set to an instance of an object.
2/18/2025 12:04:27 PM:DBManager:connection_data:Object reference not set to an instance of an object.
2/18/2025 12:04:27 PM:DBManager:connection_data:Object reference not set to an instance of an object.
2/18/2025 12:04:27 PM:DBManager:connection_data:Object reference not set to an instance of an object.
2/18/2025 12:04:27 PM:DBManager:connection_data:Object reference not set to an instance of an object.
2/18/2025 12:04:27 PM:DBManager:connection_data:Object reference not set to an instance of an object.
2/18/2025 12:04:27 PM:DBManager:connection_data:Object reference not set to an instance of an object.
2/18/2025 12:04:27 PM:DBManager:connection_data:Object reference not set to an instance of an object.
2/18/2025 12:04:27 PM:DBManager:connection_data:Object reference not set to an instance of an object.
2/18/2025 12:04:27 PM:DBManager:connection_data:Object reference not set to an instance of an object.
2/18/2025 12:04:27 PM:DBManager:connection_data:Object reference not set to an instance of an object.
2/18/2025 12:04:27 PM:DBManager:connection_data:Object reference not set to an instance of an object.
2/18/2025 12:04:27 PM:DBManager:connection_data:Object reference not set to an instance of an object.
2/18/2025 12:04:27 PM:DBManager:connection_data:Object reference not set to an instance of an object.
2/18/2025 12:04:27 PM:DBManager:connection_data:Object reference not set to an instance of an object.
2/18/2025 12:04:27 PM:DBManager:connection_data:Object reference not set to an instance of an object.
2/18/2025 12:04:27 PM:DBManager:connection_data:Object reference not set to an instance of an object.
2/18/2025 12:04:27 PM:DBManager:connection_data:Object reference not set to an instance of an object.
2/18/2025 12:04:27 PM:DBManager:connection_data:Object reference not set to an instance of an object.
2/18/2025 12:04:27 PM:DBManager:connection_data:Object reference not set to an instance of an object.
2/18/2025 12:04:27 PM:DBManager:connection_data:Object reference not set to an instance of an object.
2/18/2025 12:04:27 PM:DBManager:connection_data:Object reference not set to an instance of an object.
2/18/2025 12:04:27 PM:DBManager:connection_data:Object reference not set to an instance of an object.
2/18/2025 12:04:27 PM:DBManager:connection_data:Object reference not set to an instance of an object.
2/18/2025 12:04:27 PM:DBManager:connection_data:Object reference not set to an instance of an object.
2/18/2025 12:04:27 PM:DBManager:connection_data:Object reference not set to an instance of an object.
2/18/2025 12:04:27 PM:DBManager:connection_data:Object reference not set to an instance of an object.
2/18/2025 12:04:27 PM:DBManager:connection_data:Object reference not set to an instance of an object.
2/18/2025 12:04:27 PM:DBManager:connection_data:Object reference not set to an instance of an object.
2/18/2025 12:04:28 PM:DBManager:connection_data:Object reference not set to an instance of an object.
2/18/2025 12:04:28 PM:DBManager:connection_data:Object reference not set to an instance of an object.
2/18/2025 12:04:28 PM:DBManager:connection_data:Object reference not set to an instance of an object.
2/18/2025 12:04:28 PM:DBManager:connection_data:Object reference not set to an instance of an object.
2/18/2025 12:04:28 PM:DBManager:connection_data:Object reference not set to an instance of an object.
2/18/2025 12:04:28 PM:DBManager:connection_data:Object reference not set to an instance of an object.
18/02/2025 12:04:29 PM:Location_List:rdLocaton_ItemDataBoundObject reference not set to an instance of an object.
18/02/2025 12:04:29 PM:Location_List:rdLocaton_ItemDataBoundObject reference not set to an instance of an object.
2/18/2025 12:07:42 PM:DBManager:connection_data:Object reference not set to an instance of an object.
2/18/2025 12:07:42 PM:DBManager:connection_data:Object reference not set to an instance of an object.
2/18/2025 12:07:42 PM:DBManager:connection_data:Object reference not set to an instance of an object.
2/18/2025 12:07:42 PM:DBManager:connection_data:Object reference not set to an instance of an object.
2/18/2025 12:07:42 PM:DBManager:connection_data:Object reference not set to an instance of an object.
2/18/2025 12:07:42 PM:DBManager:connection_data:Object reference not set to an instance of an object.
2/18/2025 12:07:42 PM:DBManager:connection_data:Object reference not set to an instance of an object.
2/18/2025 12:07:42 PM:DBManager:connection_data:Object reference not set to an instance of an object.
2/18/2025 12:07:42 PM:DBManager:connection_data:Object reference not set to an instance of an object.
2/18/2025 12:07:42 PM:DBManager:connection_data:Object reference not set to an instance of an object.
2/18/2025 12:07:42 PM:DBManager:connection_data:Object reference not set to an instance of an object.
2/18/2025 12:07:42 PM:DBManager:connection_data:Object reference not set to an instance of an object.
2/18/2025 12:07:42 PM:DBManager:connection_data:Object reference not set to an instance of an object.
2/18/2025 12:07:42 PM:DBManager:connection_data:Object reference not set to an instance of an object.
2/18/2025 12:07:42 PM:DBManager:connection_data:Object reference not set to an instance of an object.
2/18/2025 12:07:42 PM:DBManager:connection_data:Object reference not set to an instance of an object.
2/18/2025 12:07:42 PM:DBManager:connection_data:Object reference not set to an instance of an object.
2/18/2025 12:07:42 PM:DBManager:connection_data:Object reference not set to an instance of an object.
2/18/2025 12:07:42 PM:DBManager:connection_data:Object reference not set to an instance of an object.
2/18/2025 12:07:42 PM:DBManager:connection_data:Object reference not set to an instance of an object.
2/18/2025 12:07:42 PM:DBManager:connection_data:Object reference not set to an instance of an object.
2/18/2025 12:07:42 PM:DBManager:connection_data:Object reference not set to an instance of an object.
2/18/2025 12:07:42 PM:DBManager:connection_data:Object reference not set to an instance of an object.
2/18/2025 12:07:42 PM:DBManager:connection_data:Object reference not set to an instance of an object.
2/18/2025 12:07:42 PM:DBManager:connection_data:Object reference not set to an instance of an object.
2/18/2025 12:07:42 PM:DBManager:connection_data:Object reference not set to an instance of an object.
2/18/2025 12:07:42 PM:DBManager:connection_data:Object reference not set to an instance of an object.
2/18/2025 12:07:42 PM:DBManager:connection_data:Object reference not set to an instance of an object.
2/18/2025 12:07:42 PM:DBManager:connection_data:Object reference not set to an instance of an object.
2/18/2025 12:07:42 PM:DBManager:connection_data:Object reference not set to an instance of an object.
2/18/2025 12:07:42 PM:DBManager:connection_data:Object reference not set to an instance of an object.
2/18/2025 12:07:42 PM:DBManager:connection_data:Object reference not set to an instance of an object.
2/18/2025 12:07:42 PM:DBManager:connection_data:Object reference not set to an instance of an object.
2/18/2025 12:07:42 PM:DBManager:connection_data:Object reference not set to an instance of an object.
2/18/2025 12:07:42 PM:DBManager:connection_data:Object reference not set to an instance of an object.
2/18/2025 12:07:42 PM:DBManager:connection_data:Object reference not set to an instance of an object.
2/18/2025 12:07:42 PM:DBManager:connection_data:Object reference not set to an instance of an object.
2/18/2025 12:07:42 PM:DBManager:connection_data:Object reference not set to an instance of an object.
2/18/2025 12:07:42 PM:DBManager:connection_data:Object reference not set to an instance of an object.
2/18/2025 12:07:42 PM:DBManager:connection_data:Object reference not set to an instance of an object.
2/18/2025 12:07:42 PM:DBManager:connection_data:Object reference not set to an instance of an object.
2/18/2025 12:07:42 PM:DBManager:connection_data:Object reference not set to an instance of an object.
2/18/2025 12:07:42 PM:DBManager:connection_data:Object reference not set to an instance of an object.
2/18/2025 12:07:42 PM:DBManager:connection_data:Object reference not set to an instance of an object.
2/18/2025 12:07:42 PM:DBManager:connection_data:Object reference not set to an instance of an object.
2/18/2025 12:07:42 PM:DBManager:connection_data:Object reference not set to an instance of an object.
2/18/2025 12:07:42 PM:DBManager:connection_data:Object reference not set to an instance of an object.
2/18/2025 12:07:42 PM:DBManager:connection_data:Object reference not set to an instance of an object.
2/18/2025 12:07:42 PM:DBManager:connection_data:Object reference not set to an instance of an object.
2/18/2025 12:07:42 PM:DBManager:connection_data:Object reference not set to an instance of an object.
2/18/2025 12:07:42 PM:DBManager:connection_data:Object reference not set to an instance of an object.
2/18/2025 12:07:42 PM:DBManager:connection_data:Object reference not set to an instance of an object.
2/18/2025 12:07:42 PM:DBManager:connection_data:Object reference not set to an instance of an object.
2/18/2025 12:07:42 PM:DBManager:connection_data:Object reference not set to an instance of an object.
2/18/2025 12:07:42 PM:DBManager:connection_data:Object reference not set to an instance of an object.
2/18/2025 12:07:42 PM:DBManager:connection_data:Object reference not set to an instance of an object.
2/18/2025 12:07:42 PM:DBManager:connection_data:Object reference not set to an instance of an object.
2/18/2025 12:07:42 PM:DBManager:connection_data:Object reference not set to an instance of an object.
2/18/2025 12:07:42 PM:DBManager:connection_data:Object reference not set to an instance of an object.
2/18/2025 12:07:42 PM:DBManager:connection_data:Object reference not set to an instance of an object.
2/18/2025 12:07:42 PM:DBManager:connection_data:Object reference not set to an instance of an object.
2/18/2025 12:07:42 PM:DBManager:connection_data:Object reference not set to an instance of an object.
2/18/2025 12:07:42 PM:DBManager:connection_data:Object reference not set to an instance of an object.
2/18/2025 12:07:42 PM:DBManager:connection_data:Object reference not set to an instance of an object.
2/18/2025 12:07:42 PM:DBManager:connection_data:Object reference not set to an instance of an object.
2/18/2025 12:07:42 PM:DBManager:connection_data:Object reference not set to an instance of an object.
2/18/2025 12:07:42 PM:DBManager:connection_data:Object reference not set to an instance of an object.
2/18/2025 12:07:42 PM:DBManager:connection_data:Object reference not set to an instance of an object.
2/18/2025 12:07:42 PM:DBManager:connection_data:Object reference not set to an instance of an object.
2/18/2025 12:07:42 PM:DBManager:connection_data:Object reference not set to an instance of an object.
2/18/2025 12:07:42 PM:DBManager:connection_data:Object reference not set to an instance of an object.
2/18/2025 12:07:42 PM:DBManager:connection_data:Object reference not set to an instance of an object.
2/18/2025 12:07:42 PM:DBManager:connection_data:Object reference not set to an instance of an object.
2/18/2025 12:07:42 PM:DBManager:connection_data:Object reference not set to an instance of an object.
2/18/2025 12:07:43 PM:DBManager:connection_data:Object reference not set to an instance of an object.
2/18/2025 12:07:43 PM:DBManager:connection_data:Object reference not set to an instance of an object.
2/18/2025 12:07:43 PM:DBManager:connection_data:Object reference not set to an instance of an object.
2/18/2025 12:07:43 PM:DBManager:connection_data:Object reference not set to an instance of an object.
2/18/2025 12:07:43 PM:DBManager:connection_data:Object reference not set to an instance of an object.
2/18/2025 12:07:43 PM:DBManager:connection_data:Object reference not set to an instance of an object.
2/18/2025 12:07:43 PM:DBManager:connection_data:Object reference not set to an instance of an object.
2/18/2025 12:07:43 PM:DBManager:connection_data:Object reference not set to an instance of an object.
2/18/2025 12:07:43 PM:DBManager:connection_data:Object reference not set to an instance of an object.
2/18/2025 12:07:43 PM:DBManager:connection_data:Object reference not set to an instance of an object.
2/18/2025 12:07:43 PM:DBManager:connection_data:Object reference not set to an instance of an object.
2/18/2025 12:07:43 PM:DBManager:connection_data:Object reference not set to an instance of an object.
2/18/2025 12:07:43 PM:DBManager:connection_data:Object reference not set to an instance of an object.
2/18/2025 12:07:43 PM:DBManager:connection_data:Object reference not set to an instance of an object.
2/18/2025 12:07:43 PM:DBManager:connection_data:Object reference not set to an instance of an object.
2/18/2025 12:19:00 PM:DBManager:connection_data:Object reference not set to an instance of an object.
2/18/2025 12:19:00 PM:DBManager:connection_data:Object reference not set to an instance of an object.
2/18/2025 12:19:00 PM:DBManager:connection_data:Object reference not set to an instance of an object.
2/18/2025 12:19:00 PM:DBManager:connection_data:Object reference not set to an instance of an object.
2/18/2025 12:19:00 PM:DBManager:connection_data:Object reference not set to an instance of an object.
2/18/2025 12:19:00 PM:DBManager:connection_data:Object reference not set to an instance of an object.
2/18/2025 12:19:00 PM:DBManager:connection_data:Object reference not set to an instance of an object.
2/18/2025 12:19:00 PM:DBManager:connection_data:Object reference not set to an instance of an object.
2/18/2025 12:19:00 PM:DBManager:connection_data:Object reference not set to an instance of an object.
2/18/2025 12:19:00 PM:DBManager:connection_data:Object reference not set to an instance of an object.
2/18/2025 12:19:00 PM:DBManager:connection_data:Object reference not set to an instance of an object.
2/18/2025 12:19:00 PM:DBManager:connection_data:Object reference not set to an instance of an object.
2/18/2025 12:19:00 PM:DBManager:connection_data:Object reference not set to an instance of an object.
2/18/2025 12:19:00 PM:DBManager:connection_data:Object reference not set to an instance of an object.
2/18/2025 12:19:00 PM:DBManager:connection_data:Object reference not set to an instance of an object.
2/18/2025 12:19:00 PM:DBManager:connection_data:Object reference not set to an instance of an object.
2/18/2025 12:19:00 PM:DBManager:connection_data:Object reference not set to an instance of an object.
2/18/2025 12:19:00 PM:DBManager:connection_data:Object reference not set to an instance of an object.
2/18/2025 12:19:00 PM:DBManager:connection_data:Object reference not set to an instance of an object.
2/18/2025 12:19:00 PM:DBManager:connection_data:Object reference not set to an instance of an object.
2/18/2025 12:19:00 PM:DBManager:connection_data:Object reference not set to an instance of an object.
2/18/2025 12:19:00 PM:DBManager:connection_data:Object reference not set to an instance of an object.
2/18/2025 12:19:00 PM:DBManager:connection_data:Object reference not set to an instance of an object.
2/18/2025 12:19:00 PM:DBManager:connection_data:Object reference not set to an instance of an object.
2/18/2025 12:19:00 PM:DBManager:connection_data:Object reference not set to an instance of an object.
2/18/2025 12:19:00 PM:DBManager:connection_data:Object reference not set to an instance of an object.
2/18/2025 12:19:00 PM:DBManager:connection_data:Object reference not set to an instance of an object.
2/18/2025 12:19:00 PM:DBManager:connection_data:Object reference not set to an instance of an object.
2/18/2025 12:19:00 PM:DBManager:connection_data:Object reference not set to an instance of an object.
2/18/2025 12:19:00 PM:DBManager:connection_data:Object reference not set to an instance of an object.
2/18/2025 12:19:00 PM:DBManager:connection_data:Object reference not set to an instance of an object.
2/18/2025 12:19:00 PM:DBManager:connection_data:Object reference not set to an instance of an object.
2/18/2025 12:19:00 PM:DBManager:connection_data:Object reference not set to an instance of an object.
2/18/2025 12:19:00 PM:DBManager:connection_data:Object reference not set to an instance of an object.
2/18/2025 12:19:00 PM:DBManager:connection_data:Object reference not set to an instance of an object.
2/18/2025 12:19:00 PM:DBManager:connection_data:Object reference not set to an instance of an object.
2/18/2025 12:19:00 PM:DBManager:connection_data:Object reference not set to an instance of an object.
2/18/2025 12:19:00 PM:DBManager:connection_data:Object reference not set to an instance of an object.
2/18/2025 12:19:00 PM:DBManager:connection_data:Object reference not set to an instance of an object.
2/18/2025 12:19:00 PM:DBManager:connection_data:Object reference not set to an instance of an object.
2/18/2025 12:19:00 PM:DBManager:connection_data:Object reference not set to an instance of an object.
2/18/2025 12:19:00 PM:DBManager:connection_data:Object reference not set to an instance of an object.
2/18/2025 12:19:00 PM:DBManager:connection_data:Object reference not set to an instance of an object.
2/18/2025 12:19:01 PM:DBManager:connection_data:Object reference not set to an instance of an object.
2/18/2025 12:19:01 PM:DBManager:connection_data:Object reference not set to an instance of an object.
2/18/2025 12:19:01 PM:DBManager:connection_data:Object reference not set to an instance of an object.
2/18/2025 12:19:01 PM:DBManager:connection_data:Object reference not set to an instance of an object.
2/18/2025 12:19:01 PM:DBManager:connection_data:Object reference not set to an instance of an object.
2/18/2025 12:19:01 PM:DBManager:connection_data:Object reference not set to an instance of an object.
2/18/2025 12:19:01 PM:DBManager:connection_data:Object reference not set to an instance of an object.
2/18/2025 12:19:01 PM:DBManager:connection_data:Object reference not set to an instance of an object.
2/18/2025 12:19:01 PM:DBManager:connection_data:Object reference not set to an instance of an object.
2/18/2025 12:19:01 PM:DBManager:connection_data:Object reference not set to an instance of an object.
2/18/2025 12:19:01 PM:DBManager:connection_data:Object reference not set to an instance of an object.
2/18/2025 12:19:01 PM:DBManager:connection_data:Object reference not set to an instance of an object.
2/18/2025 12:19:01 PM:DBManager:connection_data:Object reference not set to an instance of an object.
2/18/2025 12:19:01 PM:DBManager:connection_data:Object reference not set to an instance of an object.
2/18/2025 12:19:01 PM:DBManager:connection_data:Object reference not set to an instance of an object.
2/18/2025 12:19:01 PM:DBManager:connection_data:Object reference not set to an instance of an object.
2/18/2025 12:19:01 PM:DBManager:connection_data:Object reference not set to an instance of an object.
2/18/2025 12:19:01 PM:DBManager:connection_data:Object reference not set to an instance of an object.
2/18/2025 12:19:01 PM:DBManager:connection_data:Object reference not set to an instance of an object.
2/18/2025 12:19:01 PM:DBManager:connection_data:Object reference not set to an instance of an object.
2/18/2025 12:19:01 PM:DBManager:connection_data:Object reference not set to an instance of an object.
2/18/2025 12:19:01 PM:DBManager:connection_data:Object reference not set to an instance of an object.
2/18/2025 12:19:01 PM:DBManager:connection_data:Object reference not set to an instance of an object.
2/18/2025 12:19:01 PM:DBManager:connection_data:Object reference not set to an instance of an object.
2/18/2025 12:19:01 PM:DBManager:connection_data:Object reference not set to an instance of an object.
2/18/2025 12:19:01 PM:DBManager:connection_data:Object reference not set to an instance of an object.
2/18/2025 12:19:01 PM:DBManager:connection_data:Object reference not set to an instance of an object.
2/18/2025 12:19:01 PM:DBManager:connection_data:Object reference not set to an instance of an object.
2/18/2025 12:19:01 PM:DBManager:connection_data:Object reference not set to an instance of an object.
2/18/2025 12:19:01 PM:DBManager:connection_data:Object reference not set to an instance of an object.
2/18/2025 12:19:01 PM:DBManager:connection_data:Object reference not set to an instance of an object.
2/18/2025 12:19:01 PM:DBManager:connection_data:Object reference not set to an instance of an object.
2/18/2025 12:19:01 PM:DBManager:connection_data:Object reference not set to an instance of an object.
2/18/2025 12:19:01 PM:DBManager:connection_data:Object reference not set to an instance of an object.
2/18/2025 12:19:01 PM:DBManager:connection_data:Object reference not set to an instance of an object.
2/18/2025 12:19:01 PM:DBManager:connection_data:Object reference not set to an instance of an object.
2/18/2025 12:19:01 PM:DBManager:connection_data:Object reference not set to an instance of an object.
2/18/2025 12:19:01 PM:DBManager:connection_data:Object reference not set to an instance of an object.
